[2024-04-04T00:05:59.856+0000] {processor.py:161} INFO - Started process (PID=99528) to work on /home/datatalks_jan/anaconda3/lib/python3.11/site-packages/airflow/example_dags/plugins/event_listener.py
[2024-04-04T00:05:59.858+0000] {processor.py:830} INFO - Processing file /home/datatalks_jan/anaconda3/lib/python3.11/site-packages/airflow/example_dags/plugins/event_listener.py for tasks to queue
[2024-04-04T00:05:59.859+0000] {logging_mixin.py:188} INFO - [2024-04-04T00:05:59.859+0000] {dagbag.py:540} INFO - Filling up the DagBag from /home/datatalks_jan/anaconda3/lib/python3.11/site-packages/airflow/example_dags/plugins/event_listener.py
[2024-04-04T00:05:59.863+0000] {processor.py:842} WARNING - No viable dags retrieved from /home/datatalks_jan/anaconda3/lib/python3.11/site-packages/airflow/example_dags/plugins/event_listener.py
[2024-04-04T00:05:59.882+0000] {processor.py:183} INFO - Processing /home/datatalks_jan/anaconda3/lib/python3.11/site-packages/airflow/example_dags/plugins/event_listener.py took 0.032 seconds
[2024-04-04T00:07:01.703+0000] {processor.py:161} INFO - Started process (PID=99775) to work on /home/datatalks_jan/anaconda3/lib/python3.11/site-packages/airflow/example_dags/plugins/event_listener.py
[2024-04-04T00:07:01.706+0000] {processor.py:830} INFO - Processing file /home/datatalks_jan/anaconda3/lib/python3.11/site-packages/airflow/example_dags/plugins/event_listener.py for tasks to queue
[2024-04-04T00:07:01.708+0000] {logging_mixin.py:188} INFO - [2024-04-04T00:07:01.707+0000] {dagbag.py:540} INFO - Filling up the DagBag from /home/datatalks_jan/anaconda3/lib/python3.11/site-packages/airflow/example_dags/plugins/event_listener.py
[2024-04-04T00:07:01.712+0000] {processor.py:842} WARNING - No viable dags retrieved from /home/datatalks_jan/anaconda3/lib/python3.11/site-packages/airflow/example_dags/plugins/event_listener.py
[2024-04-04T00:07:01.733+0000] {processor.py:183} INFO - Processing /home/datatalks_jan/anaconda3/lib/python3.11/site-packages/airflow/example_dags/plugins/event_listener.py took 0.042 seconds
[2024-04-04T00:08:09.680+0000] {processor.py:161} INFO - Started process (PID=100237) to work on /home/datatalks_jan/anaconda3/lib/python3.11/site-packages/airflow/example_dags/plugins/event_listener.py
[2024-04-04T00:08:09.683+0000] {processor.py:830} INFO - Processing file /home/datatalks_jan/anaconda3/lib/python3.11/site-packages/airflow/example_dags/plugins/event_listener.py for tasks to queue
[2024-04-04T00:08:09.684+0000] {logging_mixin.py:188} INFO - [2024-04-04T00:08:09.684+0000] {dagbag.py:540} INFO - Filling up the DagBag from /home/datatalks_jan/anaconda3/lib/python3.11/site-packages/airflow/example_dags/plugins/event_listener.py
[2024-04-04T00:08:09.689+0000] {processor.py:842} WARNING - No viable dags retrieved from /home/datatalks_jan/anaconda3/lib/python3.11/site-packages/airflow/example_dags/plugins/event_listener.py
[2024-04-04T00:08:09.707+0000] {processor.py:183} INFO - Processing /home/datatalks_jan/anaconda3/lib/python3.11/site-packages/airflow/example_dags/plugins/event_listener.py took 0.033 seconds
[2024-04-04T00:09:16.460+0000] {processor.py:161} INFO - Started process (PID=100546) to work on /home/datatalks_jan/anaconda3/lib/python3.11/site-packages/airflow/example_dags/plugins/event_listener.py
[2024-04-04T00:09:16.463+0000] {processor.py:830} INFO - Processing file /home/datatalks_jan/anaconda3/lib/python3.11/site-packages/airflow/example_dags/plugins/event_listener.py for tasks to queue
[2024-04-04T00:09:16.464+0000] {logging_mixin.py:188} INFO - [2024-04-04T00:09:16.463+0000] {dagbag.py:540} INFO - Filling up the DagBag from /home/datatalks_jan/anaconda3/lib/python3.11/site-packages/airflow/example_dags/plugins/event_listener.py
[2024-04-04T00:09:16.469+0000] {processor.py:842} WARNING - No viable dags retrieved from /home/datatalks_jan/anaconda3/lib/python3.11/site-packages/airflow/example_dags/plugins/event_listener.py
[2024-04-04T00:09:16.491+0000] {processor.py:183} INFO - Processing /home/datatalks_jan/anaconda3/lib/python3.11/site-packages/airflow/example_dags/plugins/event_listener.py took 0.037 seconds
[2024-04-04T00:10:09.912+0000] {processor.py:161} INFO - Started process (PID=100934) to work on /home/datatalks_jan/anaconda3/lib/python3.11/site-packages/airflow/example_dags/plugins/event_listener.py
[2024-04-04T00:10:09.915+0000] {processor.py:830} INFO - Processing file /home/datatalks_jan/anaconda3/lib/python3.11/site-packages/airflow/example_dags/plugins/event_listener.py for tasks to queue
[2024-04-04T00:10:09.916+0000] {logging_mixin.py:188} INFO - [2024-04-04T00:10:09.915+0000] {dagbag.py:540} INFO - Filling up the DagBag from /home/datatalks_jan/anaconda3/lib/python3.11/site-packages/airflow/example_dags/plugins/event_listener.py
[2024-04-04T00:10:09.920+0000] {processor.py:842} WARNING - No viable dags retrieved from /home/datatalks_jan/anaconda3/lib/python3.11/site-packages/airflow/example_dags/plugins/event_listener.py
[2024-04-04T00:10:09.938+0000] {processor.py:183} INFO - Processing /home/datatalks_jan/anaconda3/lib/python3.11/site-packages/airflow/example_dags/plugins/event_listener.py took 0.031 seconds
[2024-04-04T00:11:06.976+0000] {processor.py:161} INFO - Started process (PID=101461) to work on /home/datatalks_jan/anaconda3/lib/python3.11/site-packages/airflow/example_dags/plugins/event_listener.py
[2024-04-04T00:11:06.978+0000] {processor.py:830} INFO - Processing file /home/datatalks_jan/anaconda3/lib/python3.11/site-packages/airflow/example_dags/plugins/event_listener.py for tasks to queue
[2024-04-04T00:11:06.980+0000] {logging_mixin.py:188} INFO - [2024-04-04T00:11:06.979+0000] {dagbag.py:540} INFO - Filling up the DagBag from /home/datatalks_jan/anaconda3/lib/python3.11/site-packages/airflow/example_dags/plugins/event_listener.py
[2024-04-04T00:11:06.984+0000] {processor.py:842} WARNING - No viable dags retrieved from /home/datatalks_jan/anaconda3/lib/python3.11/site-packages/airflow/example_dags/plugins/event_listener.py
[2024-04-04T00:11:07.003+0000] {processor.py:183} INFO - Processing /home/datatalks_jan/anaconda3/lib/python3.11/site-packages/airflow/example_dags/plugins/event_listener.py took 0.033 seconds
[2024-04-04T00:11:55.371+0000] {processor.py:161} INFO - Started process (PID=101791) to work on /home/datatalks_jan/anaconda3/lib/python3.11/site-packages/airflow/example_dags/plugins/event_listener.py
[2024-04-04T00:11:55.374+0000] {processor.py:830} INFO - Processing file /home/datatalks_jan/anaconda3/lib/python3.11/site-packages/airflow/example_dags/plugins/event_listener.py for tasks to queue
[2024-04-04T00:11:55.376+0000] {logging_mixin.py:188} INFO - [2024-04-04T00:11:55.375+0000] {dagbag.py:540} INFO - Filling up the DagBag from /home/datatalks_jan/anaconda3/lib/python3.11/site-packages/airflow/example_dags/plugins/event_listener.py
[2024-04-04T00:11:55.381+0000] {processor.py:842} WARNING - No viable dags retrieved from /home/datatalks_jan/anaconda3/lib/python3.11/site-packages/airflow/example_dags/plugins/event_listener.py
[2024-04-04T00:11:55.406+0000] {processor.py:183} INFO - Processing /home/datatalks_jan/anaconda3/lib/python3.11/site-packages/airflow/example_dags/plugins/event_listener.py took 0.043 seconds
[2024-04-04T00:12:42.249+0000] {processor.py:161} INFO - Started process (PID=102079) to work on /home/datatalks_jan/anaconda3/lib/python3.11/site-packages/airflow/example_dags/plugins/event_listener.py
[2024-04-04T00:12:42.251+0000] {processor.py:830} INFO - Processing file /home/datatalks_jan/anaconda3/lib/python3.11/site-packages/airflow/example_dags/plugins/event_listener.py for tasks to queue
[2024-04-04T00:12:42.253+0000] {logging_mixin.py:188} INFO - [2024-04-04T00:12:42.252+0000] {dagbag.py:540} INFO - Filling up the DagBag from /home/datatalks_jan/anaconda3/lib/python3.11/site-packages/airflow/example_dags/plugins/event_listener.py
[2024-04-04T00:12:42.256+0000] {processor.py:842} WARNING - No viable dags retrieved from /home/datatalks_jan/anaconda3/lib/python3.11/site-packages/airflow/example_dags/plugins/event_listener.py
[2024-04-04T00:12:42.273+0000] {processor.py:183} INFO - Processing /home/datatalks_jan/anaconda3/lib/python3.11/site-packages/airflow/example_dags/plugins/event_listener.py took 0.029 seconds
