[2024-04-04T00:05:59.609+0000] {processor.py:161} INFO - Started process (PID=99527) to work on /home/datatalks_jan/anaconda3/lib/python3.11/site-packages/airflow/example_dags/plugins/listener_plugin.py
[2024-04-04T00:05:59.611+0000] {processor.py:830} INFO - Processing file /home/datatalks_jan/anaconda3/lib/python3.11/site-packages/airflow/example_dags/plugins/listener_plugin.py for tasks to queue
[2024-04-04T00:05:59.613+0000] {logging_mixin.py:188} INFO - [2024-04-04T00:05:59.612+0000] {dagbag.py:540} INFO - Filling up the DagBag from /home/datatalks_jan/anaconda3/lib/python3.11/site-packages/airflow/example_dags/plugins/listener_plugin.py
[2024-04-04T00:05:59.617+0000] {processor.py:842} WARNING - No viable dags retrieved from /home/datatalks_jan/anaconda3/lib/python3.11/site-packages/airflow/example_dags/plugins/listener_plugin.py
[2024-04-04T00:05:59.635+0000] {processor.py:183} INFO - Processing /home/datatalks_jan/anaconda3/lib/python3.11/site-packages/airflow/example_dags/plugins/listener_plugin.py took 0.032 seconds
[2024-04-04T00:07:00.947+0000] {processor.py:161} INFO - Started process (PID=99772) to work on /home/datatalks_jan/anaconda3/lib/python3.11/site-packages/airflow/example_dags/plugins/listener_plugin.py
[2024-04-04T00:07:00.950+0000] {processor.py:830} INFO - Processing file /home/datatalks_jan/anaconda3/lib/python3.11/site-packages/airflow/example_dags/plugins/listener_plugin.py for tasks to queue
[2024-04-04T00:07:00.951+0000] {logging_mixin.py:188} INFO - [2024-04-04T00:07:00.950+0000] {dagbag.py:540} INFO - Filling up the DagBag from /home/datatalks_jan/anaconda3/lib/python3.11/site-packages/airflow/example_dags/plugins/listener_plugin.py
[2024-04-04T00:07:00.955+0000] {processor.py:842} WARNING - No viable dags retrieved from /home/datatalks_jan/anaconda3/lib/python3.11/site-packages/airflow/example_dags/plugins/listener_plugin.py
[2024-04-04T00:07:00.973+0000] {processor.py:183} INFO - Processing /home/datatalks_jan/anaconda3/lib/python3.11/site-packages/airflow/example_dags/plugins/listener_plugin.py took 0.032 seconds
[2024-04-04T00:08:08.851+0000] {processor.py:161} INFO - Started process (PID=100236) to work on /home/datatalks_jan/anaconda3/lib/python3.11/site-packages/airflow/example_dags/plugins/listener_plugin.py
[2024-04-04T00:08:08.854+0000] {processor.py:830} INFO - Processing file /home/datatalks_jan/anaconda3/lib/python3.11/site-packages/airflow/example_dags/plugins/listener_plugin.py for tasks to queue
[2024-04-04T00:08:08.855+0000] {logging_mixin.py:188} INFO - [2024-04-04T00:08:08.854+0000] {dagbag.py:540} INFO - Filling up the DagBag from /home/datatalks_jan/anaconda3/lib/python3.11/site-packages/airflow/example_dags/plugins/listener_plugin.py
[2024-04-04T00:08:08.860+0000] {processor.py:842} WARNING - No viable dags retrieved from /home/datatalks_jan/anaconda3/lib/python3.11/site-packages/airflow/example_dags/plugins/listener_plugin.py
[2024-04-04T00:08:08.879+0000] {processor.py:183} INFO - Processing /home/datatalks_jan/anaconda3/lib/python3.11/site-packages/airflow/example_dags/plugins/listener_plugin.py took 0.034 seconds
[2024-04-04T00:09:16.052+0000] {processor.py:161} INFO - Started process (PID=100545) to work on /home/datatalks_jan/anaconda3/lib/python3.11/site-packages/airflow/example_dags/plugins/listener_plugin.py
[2024-04-04T00:09:16.055+0000] {processor.py:830} INFO - Processing file /home/datatalks_jan/anaconda3/lib/python3.11/site-packages/airflow/example_dags/plugins/listener_plugin.py for tasks to queue
[2024-04-04T00:09:16.057+0000] {logging_mixin.py:188} INFO - [2024-04-04T00:09:16.056+0000] {dagbag.py:540} INFO - Filling up the DagBag from /home/datatalks_jan/anaconda3/lib/python3.11/site-packages/airflow/example_dags/plugins/listener_plugin.py
[2024-04-04T00:09:16.061+0000] {processor.py:842} WARNING - No viable dags retrieved from /home/datatalks_jan/anaconda3/lib/python3.11/site-packages/airflow/example_dags/plugins/listener_plugin.py
[2024-04-04T00:09:16.081+0000] {processor.py:183} INFO - Processing /home/datatalks_jan/anaconda3/lib/python3.11/site-packages/airflow/example_dags/plugins/listener_plugin.py took 0.035 seconds
[2024-04-04T00:10:08.753+0000] {processor.py:161} INFO - Started process (PID=100933) to work on /home/datatalks_jan/anaconda3/lib/python3.11/site-packages/airflow/example_dags/plugins/listener_plugin.py
[2024-04-04T00:10:08.756+0000] {processor.py:830} INFO - Processing file /home/datatalks_jan/anaconda3/lib/python3.11/site-packages/airflow/example_dags/plugins/listener_plugin.py for tasks to queue
[2024-04-04T00:10:08.757+0000] {logging_mixin.py:188} INFO - [2024-04-04T00:10:08.757+0000] {dagbag.py:540} INFO - Filling up the DagBag from /home/datatalks_jan/anaconda3/lib/python3.11/site-packages/airflow/example_dags/plugins/listener_plugin.py
[2024-04-04T00:10:08.762+0000] {processor.py:842} WARNING - No viable dags retrieved from /home/datatalks_jan/anaconda3/lib/python3.11/site-packages/airflow/example_dags/plugins/listener_plugin.py
[2024-04-04T00:10:08.784+0000] {processor.py:183} INFO - Processing /home/datatalks_jan/anaconda3/lib/python3.11/site-packages/airflow/example_dags/plugins/listener_plugin.py took 0.037 seconds
[2024-04-04T00:11:05.814+0000] {processor.py:161} INFO - Started process (PID=101445) to work on /home/datatalks_jan/anaconda3/lib/python3.11/site-packages/airflow/example_dags/plugins/listener_plugin.py
[2024-04-04T00:11:05.817+0000] {processor.py:830} INFO - Processing file /home/datatalks_jan/anaconda3/lib/python3.11/site-packages/airflow/example_dags/plugins/listener_plugin.py for tasks to queue
[2024-04-04T00:11:05.818+0000] {logging_mixin.py:188} INFO - [2024-04-04T00:11:05.817+0000] {dagbag.py:540} INFO - Filling up the DagBag from /home/datatalks_jan/anaconda3/lib/python3.11/site-packages/airflow/example_dags/plugins/listener_plugin.py
[2024-04-04T00:11:05.823+0000] {processor.py:842} WARNING - No viable dags retrieved from /home/datatalks_jan/anaconda3/lib/python3.11/site-packages/airflow/example_dags/plugins/listener_plugin.py
[2024-04-04T00:11:05.846+0000] {processor.py:183} INFO - Processing /home/datatalks_jan/anaconda3/lib/python3.11/site-packages/airflow/example_dags/plugins/listener_plugin.py took 0.038 seconds
[2024-04-04T00:11:54.198+0000] {processor.py:161} INFO - Started process (PID=101789) to work on /home/datatalks_jan/anaconda3/lib/python3.11/site-packages/airflow/example_dags/plugins/listener_plugin.py
[2024-04-04T00:11:54.200+0000] {processor.py:830} INFO - Processing file /home/datatalks_jan/anaconda3/lib/python3.11/site-packages/airflow/example_dags/plugins/listener_plugin.py for tasks to queue
[2024-04-04T00:11:54.202+0000] {logging_mixin.py:188} INFO - [2024-04-04T00:11:54.201+0000] {dagbag.py:540} INFO - Filling up the DagBag from /home/datatalks_jan/anaconda3/lib/python3.11/site-packages/airflow/example_dags/plugins/listener_plugin.py
[2024-04-04T00:11:54.207+0000] {processor.py:842} WARNING - No viable dags retrieved from /home/datatalks_jan/anaconda3/lib/python3.11/site-packages/airflow/example_dags/plugins/listener_plugin.py
[2024-04-04T00:11:54.235+0000] {processor.py:183} INFO - Processing /home/datatalks_jan/anaconda3/lib/python3.11/site-packages/airflow/example_dags/plugins/listener_plugin.py took 0.043 seconds
[2024-04-04T00:12:41.299+0000] {processor.py:161} INFO - Started process (PID=102078) to work on /home/datatalks_jan/anaconda3/lib/python3.11/site-packages/airflow/example_dags/plugins/listener_plugin.py
[2024-04-04T00:12:41.302+0000] {processor.py:830} INFO - Processing file /home/datatalks_jan/anaconda3/lib/python3.11/site-packages/airflow/example_dags/plugins/listener_plugin.py for tasks to queue
[2024-04-04T00:12:41.303+0000] {logging_mixin.py:188} INFO - [2024-04-04T00:12:41.302+0000] {dagbag.py:540} INFO - Filling up the DagBag from /home/datatalks_jan/anaconda3/lib/python3.11/site-packages/airflow/example_dags/plugins/listener_plugin.py
[2024-04-04T00:12:41.307+0000] {processor.py:842} WARNING - No viable dags retrieved from /home/datatalks_jan/anaconda3/lib/python3.11/site-packages/airflow/example_dags/plugins/listener_plugin.py
[2024-04-04T00:12:41.324+0000] {processor.py:183} INFO - Processing /home/datatalks_jan/anaconda3/lib/python3.11/site-packages/airflow/example_dags/plugins/listener_plugin.py took 0.029 seconds
