[2024-04-04T00:05:57.222+0000] {processor.py:161} INFO - Started process (PID=99523) to work on /home/datatalks_jan/anaconda3/lib/python3.11/site-packages/airflow/example_dags/plugins/workday.py
[2024-04-04T00:05:57.223+0000] {processor.py:830} INFO - Processing file /home/datatalks_jan/anaconda3/lib/python3.11/site-packages/airflow/example_dags/plugins/workday.py for tasks to queue
[2024-04-04T00:05:57.225+0000] {logging_mixin.py:188} INFO - [2024-04-04T00:05:57.224+0000] {dagbag.py:540} INFO - Filling up the DagBag from /home/datatalks_jan/anaconda3/lib/python3.11/site-packages/airflow/example_dags/plugins/workday.py
[2024-04-04T00:05:57.846+0000] {logging_mixin.py:188} INFO - [2024-04-04T00:05:57.846+0000] {utils.py:160} INFO - NumExpr defaulting to 2 threads.
[2024-04-04T00:05:58.710+0000] {processor.py:842} WARNING - No viable dags retrieved from /home/datatalks_jan/anaconda3/lib/python3.11/site-packages/airflow/example_dags/plugins/workday.py
[2024-04-04T00:05:58.719+0000] {processor.py:183} INFO - Processing /home/datatalks_jan/anaconda3/lib/python3.11/site-packages/airflow/example_dags/plugins/workday.py took 1.502 seconds
[2024-04-04T00:06:58.989+0000] {processor.py:161} INFO - Started process (PID=99744) to work on /home/datatalks_jan/anaconda3/lib/python3.11/site-packages/airflow/example_dags/plugins/workday.py
[2024-04-04T00:06:58.992+0000] {processor.py:830} INFO - Processing file /home/datatalks_jan/anaconda3/lib/python3.11/site-packages/airflow/example_dags/plugins/workday.py for tasks to queue
[2024-04-04T00:06:58.993+0000] {logging_mixin.py:188} INFO - [2024-04-04T00:06:58.992+0000] {dagbag.py:540} INFO - Filling up the DagBag from /home/datatalks_jan/anaconda3/lib/python3.11/site-packages/airflow/example_dags/plugins/workday.py
[2024-04-04T00:06:59.134+0000] {logging_mixin.py:188} INFO - [2024-04-04T00:06:59.134+0000] {utils.py:160} INFO - NumExpr defaulting to 2 threads.
[2024-04-04T00:06:59.798+0000] {processor.py:842} WARNING - No viable dags retrieved from /home/datatalks_jan/anaconda3/lib/python3.11/site-packages/airflow/example_dags/plugins/workday.py
[2024-04-04T00:06:59.811+0000] {processor.py:183} INFO - Processing /home/datatalks_jan/anaconda3/lib/python3.11/site-packages/airflow/example_dags/plugins/workday.py took 0.828 seconds
[2024-04-04T00:08:07.096+0000] {processor.py:161} INFO - Started process (PID=100232) to work on /home/datatalks_jan/anaconda3/lib/python3.11/site-packages/airflow/example_dags/plugins/workday.py
[2024-04-04T00:08:07.099+0000] {processor.py:830} INFO - Processing file /home/datatalks_jan/anaconda3/lib/python3.11/site-packages/airflow/example_dags/plugins/workday.py for tasks to queue
[2024-04-04T00:08:07.101+0000] {logging_mixin.py:188} INFO - [2024-04-04T00:08:07.100+0000] {dagbag.py:540} INFO - Filling up the DagBag from /home/datatalks_jan/anaconda3/lib/python3.11/site-packages/airflow/example_dags/plugins/workday.py
[2024-04-04T00:08:07.513+0000] {logging_mixin.py:188} INFO - [2024-04-04T00:08:07.512+0000] {utils.py:160} INFO - NumExpr defaulting to 2 threads.
[2024-04-04T00:08:07.740+0000] {processor.py:842} WARNING - No viable dags retrieved from /home/datatalks_jan/anaconda3/lib/python3.11/site-packages/airflow/example_dags/plugins/workday.py
[2024-04-04T00:08:07.748+0000] {processor.py:183} INFO - Processing /home/datatalks_jan/anaconda3/lib/python3.11/site-packages/airflow/example_dags/plugins/workday.py took 0.658 seconds
[2024-04-04T00:09:15.505+0000] {processor.py:161} INFO - Started process (PID=100541) to work on /home/datatalks_jan/anaconda3/lib/python3.11/site-packages/airflow/example_dags/plugins/workday.py
[2024-04-04T00:09:15.508+0000] {processor.py:830} INFO - Processing file /home/datatalks_jan/anaconda3/lib/python3.11/site-packages/airflow/example_dags/plugins/workday.py for tasks to queue
[2024-04-04T00:09:15.510+0000] {logging_mixin.py:188} INFO - [2024-04-04T00:09:15.509+0000] {dagbag.py:540} INFO - Filling up the DagBag from /home/datatalks_jan/anaconda3/lib/python3.11/site-packages/airflow/example_dags/plugins/workday.py
[2024-04-04T00:09:15.664+0000] {logging_mixin.py:188} INFO - [2024-04-04T00:09:15.663+0000] {utils.py:160} INFO - NumExpr defaulting to 2 threads.
[2024-04-04T00:09:15.902+0000] {processor.py:842} WARNING - No viable dags retrieved from /home/datatalks_jan/anaconda3/lib/python3.11/site-packages/airflow/example_dags/plugins/workday.py
[2024-04-04T00:09:15.915+0000] {processor.py:183} INFO - Processing /home/datatalks_jan/anaconda3/lib/python3.11/site-packages/airflow/example_dags/plugins/workday.py took 0.415 seconds
[2024-04-04T00:10:07.958+0000] {processor.py:161} INFO - Started process (PID=100929) to work on /home/datatalks_jan/anaconda3/lib/python3.11/site-packages/airflow/example_dags/plugins/workday.py
[2024-04-04T00:10:07.961+0000] {processor.py:830} INFO - Processing file /home/datatalks_jan/anaconda3/lib/python3.11/site-packages/airflow/example_dags/plugins/workday.py for tasks to queue
[2024-04-04T00:10:07.962+0000] {logging_mixin.py:188} INFO - [2024-04-04T00:10:07.962+0000] {dagbag.py:540} INFO - Filling up the DagBag from /home/datatalks_jan/anaconda3/lib/python3.11/site-packages/airflow/example_dags/plugins/workday.py
[2024-04-04T00:10:08.095+0000] {logging_mixin.py:188} INFO - [2024-04-04T00:10:08.095+0000] {utils.py:160} INFO - NumExpr defaulting to 2 threads.
[2024-04-04T00:10:08.322+0000] {processor.py:842} WARNING - No viable dags retrieved from /home/datatalks_jan/anaconda3/lib/python3.11/site-packages/airflow/example_dags/plugins/workday.py
[2024-04-04T00:10:08.338+0000] {processor.py:183} INFO - Processing /home/datatalks_jan/anaconda3/lib/python3.11/site-packages/airflow/example_dags/plugins/workday.py took 0.384 seconds
[2024-04-04T00:11:04.356+0000] {processor.py:161} INFO - Started process (PID=101426) to work on /home/datatalks_jan/anaconda3/lib/python3.11/site-packages/airflow/example_dags/plugins/workday.py
[2024-04-04T00:11:04.359+0000] {processor.py:830} INFO - Processing file /home/datatalks_jan/anaconda3/lib/python3.11/site-packages/airflow/example_dags/plugins/workday.py for tasks to queue
[2024-04-04T00:11:04.360+0000] {logging_mixin.py:188} INFO - [2024-04-04T00:11:04.359+0000] {dagbag.py:540} INFO - Filling up the DagBag from /home/datatalks_jan/anaconda3/lib/python3.11/site-packages/airflow/example_dags/plugins/workday.py
[2024-04-04T00:11:04.483+0000] {logging_mixin.py:188} INFO - [2024-04-04T00:11:04.483+0000] {utils.py:160} INFO - NumExpr defaulting to 2 threads.
[2024-04-04T00:11:04.709+0000] {processor.py:842} WARNING - No viable dags retrieved from /home/datatalks_jan/anaconda3/lib/python3.11/site-packages/airflow/example_dags/plugins/workday.py
[2024-04-04T00:11:04.722+0000] {processor.py:183} INFO - Processing /home/datatalks_jan/anaconda3/lib/python3.11/site-packages/airflow/example_dags/plugins/workday.py took 0.370 seconds
[2024-04-04T00:11:52.637+0000] {processor.py:161} INFO - Started process (PID=101773) to work on /home/datatalks_jan/anaconda3/lib/python3.11/site-packages/airflow/example_dags/plugins/workday.py
[2024-04-04T00:11:52.640+0000] {processor.py:830} INFO - Processing file /home/datatalks_jan/anaconda3/lib/python3.11/site-packages/airflow/example_dags/plugins/workday.py for tasks to queue
[2024-04-04T00:11:52.641+0000] {logging_mixin.py:188} INFO - [2024-04-04T00:11:52.641+0000] {dagbag.py:540} INFO - Filling up the DagBag from /home/datatalks_jan/anaconda3/lib/python3.11/site-packages/airflow/example_dags/plugins/workday.py
[2024-04-04T00:11:52.783+0000] {logging_mixin.py:188} INFO - [2024-04-04T00:11:52.783+0000] {utils.py:160} INFO - NumExpr defaulting to 2 threads.
[2024-04-04T00:11:53.034+0000] {processor.py:842} WARNING - No viable dags retrieved from /home/datatalks_jan/anaconda3/lib/python3.11/site-packages/airflow/example_dags/plugins/workday.py
[2024-04-04T00:11:53.048+0000] {processor.py:183} INFO - Processing /home/datatalks_jan/anaconda3/lib/python3.11/site-packages/airflow/example_dags/plugins/workday.py took 0.416 seconds
[2024-04-04T00:12:39.737+0000] {processor.py:161} INFO - Started process (PID=102074) to work on /home/datatalks_jan/anaconda3/lib/python3.11/site-packages/airflow/example_dags/plugins/workday.py
[2024-04-04T00:12:39.739+0000] {processor.py:830} INFO - Processing file /home/datatalks_jan/anaconda3/lib/python3.11/site-packages/airflow/example_dags/plugins/workday.py for tasks to queue
[2024-04-04T00:12:39.741+0000] {logging_mixin.py:188} INFO - [2024-04-04T00:12:39.740+0000] {dagbag.py:540} INFO - Filling up the DagBag from /home/datatalks_jan/anaconda3/lib/python3.11/site-packages/airflow/example_dags/plugins/workday.py
[2024-04-04T00:12:39.872+0000] {logging_mixin.py:188} INFO - [2024-04-04T00:12:39.872+0000] {utils.py:160} INFO - NumExpr defaulting to 2 threads.
[2024-04-04T00:12:40.123+0000] {processor.py:842} WARNING - No viable dags retrieved from /home/datatalks_jan/anaconda3/lib/python3.11/site-packages/airflow/example_dags/plugins/workday.py
[2024-04-04T00:12:40.137+0000] {processor.py:183} INFO - Processing /home/datatalks_jan/anaconda3/lib/python3.11/site-packages/airflow/example_dags/plugins/workday.py took 0.404 seconds
[2024-04-04T00:13:27.667+0000] {processor.py:161} INFO - Started process (PID=102434) to work on /home/datatalks_jan/anaconda3/lib/python3.11/site-packages/airflow/example_dags/plugins/workday.py
[2024-04-04T00:13:27.670+0000] {processor.py:830} INFO - Processing file /home/datatalks_jan/anaconda3/lib/python3.11/site-packages/airflow/example_dags/plugins/workday.py for tasks to queue
[2024-04-04T00:13:27.671+0000] {logging_mixin.py:188} INFO - [2024-04-04T00:13:27.670+0000] {dagbag.py:540} INFO - Filling up the DagBag from /home/datatalks_jan/anaconda3/lib/python3.11/site-packages/airflow/example_dags/plugins/workday.py
[2024-04-04T00:13:27.794+0000] {logging_mixin.py:188} INFO - [2024-04-04T00:13:27.794+0000] {utils.py:160} INFO - NumExpr defaulting to 2 threads.
[2024-04-04T00:13:28.025+0000] {processor.py:842} WARNING - No viable dags retrieved from /home/datatalks_jan/anaconda3/lib/python3.11/site-packages/airflow/example_dags/plugins/workday.py
[2024-04-04T00:13:28.037+0000] {processor.py:183} INFO - Processing /home/datatalks_jan/anaconda3/lib/python3.11/site-packages/airflow/example_dags/plugins/workday.py took 0.374 seconds
[2024-04-04T00:14:23.547+0000] {processor.py:161} INFO - Started process (PID=102925) to work on /home/datatalks_jan/anaconda3/lib/python3.11/site-packages/airflow/example_dags/plugins/workday.py
[2024-04-04T00:14:23.552+0000] {processor.py:830} INFO - Processing file /home/datatalks_jan/anaconda3/lib/python3.11/site-packages/airflow/example_dags/plugins/workday.py for tasks to queue
[2024-04-04T00:14:23.554+0000] {logging_mixin.py:188} INFO - [2024-04-04T00:14:23.553+0000] {dagbag.py:540} INFO - Filling up the DagBag from /home/datatalks_jan/anaconda3/lib/python3.11/site-packages/airflow/example_dags/plugins/workday.py
[2024-04-04T00:14:23.792+0000] {logging_mixin.py:188} INFO - [2024-04-04T00:14:23.792+0000] {utils.py:160} INFO - NumExpr defaulting to 2 threads.
[2024-04-04T00:14:24.160+0000] {processor.py:842} WARNING - No viable dags retrieved from /home/datatalks_jan/anaconda3/lib/python3.11/site-packages/airflow/example_dags/plugins/workday.py
[2024-04-04T00:14:24.179+0000] {processor.py:183} INFO - Processing /home/datatalks_jan/anaconda3/lib/python3.11/site-packages/airflow/example_dags/plugins/workday.py took 0.637 seconds
[2024-04-04T00:15:10.836+0000] {processor.py:161} INFO - Started process (PID=103256) to work on /home/datatalks_jan/anaconda3/lib/python3.11/site-packages/airflow/example_dags/plugins/workday.py
[2024-04-04T00:15:10.839+0000] {processor.py:830} INFO - Processing file /home/datatalks_jan/anaconda3/lib/python3.11/site-packages/airflow/example_dags/plugins/workday.py for tasks to queue
[2024-04-04T00:15:10.840+0000] {logging_mixin.py:188} INFO - [2024-04-04T00:15:10.839+0000] {dagbag.py:540} INFO - Filling up the DagBag from /home/datatalks_jan/anaconda3/lib/python3.11/site-packages/airflow/example_dags/plugins/workday.py
[2024-04-04T00:15:10.966+0000] {logging_mixin.py:188} INFO - [2024-04-04T00:15:10.965+0000] {utils.py:160} INFO - NumExpr defaulting to 2 threads.
[2024-04-04T00:15:11.191+0000] {processor.py:842} WARNING - No viable dags retrieved from /home/datatalks_jan/anaconda3/lib/python3.11/site-packages/airflow/example_dags/plugins/workday.py
[2024-04-04T00:15:11.205+0000] {processor.py:183} INFO - Processing /home/datatalks_jan/anaconda3/lib/python3.11/site-packages/airflow/example_dags/plugins/workday.py took 0.374 seconds
[2024-04-04T00:16:06.214+0000] {processor.py:161} INFO - Started process (PID=103682) to work on /home/datatalks_jan/anaconda3/lib/python3.11/site-packages/airflow/example_dags/plugins/workday.py
[2024-04-04T00:16:06.217+0000] {processor.py:830} INFO - Processing file /home/datatalks_jan/anaconda3/lib/python3.11/site-packages/airflow/example_dags/plugins/workday.py for tasks to queue
[2024-04-04T00:16:06.219+0000] {logging_mixin.py:188} INFO - [2024-04-04T00:16:06.218+0000] {dagbag.py:540} INFO - Filling up the DagBag from /home/datatalks_jan/anaconda3/lib/python3.11/site-packages/airflow/example_dags/plugins/workday.py
[2024-04-04T00:16:06.418+0000] {logging_mixin.py:188} INFO - [2024-04-04T00:16:06.418+0000] {utils.py:160} INFO - NumExpr defaulting to 2 threads.
[2024-04-04T00:16:06.689+0000] {processor.py:842} WARNING - No viable dags retrieved from /home/datatalks_jan/anaconda3/lib/python3.11/site-packages/airflow/example_dags/plugins/workday.py
[2024-04-04T00:16:06.705+0000] {processor.py:183} INFO - Processing /home/datatalks_jan/anaconda3/lib/python3.11/site-packages/airflow/example_dags/plugins/workday.py took 0.498 seconds
[2024-04-04T00:16:51.416+0000] {processor.py:161} INFO - Started process (PID=103907) to work on /home/datatalks_jan/anaconda3/lib/python3.11/site-packages/airflow/example_dags/plugins/workday.py
[2024-04-04T00:16:51.418+0000] {processor.py:830} INFO - Processing file /home/datatalks_jan/anaconda3/lib/python3.11/site-packages/airflow/example_dags/plugins/workday.py for tasks to queue
[2024-04-04T00:16:51.420+0000] {logging_mixin.py:188} INFO - [2024-04-04T00:16:51.419+0000] {dagbag.py:540} INFO - Filling up the DagBag from /home/datatalks_jan/anaconda3/lib/python3.11/site-packages/airflow/example_dags/plugins/workday.py
[2024-04-04T00:16:51.574+0000] {logging_mixin.py:188} INFO - [2024-04-04T00:16:51.574+0000] {utils.py:160} INFO - NumExpr defaulting to 2 threads.
[2024-04-04T00:16:51.827+0000] {processor.py:842} WARNING - No viable dags retrieved from /home/datatalks_jan/anaconda3/lib/python3.11/site-packages/airflow/example_dags/plugins/workday.py
[2024-04-04T00:16:51.839+0000] {processor.py:183} INFO - Processing /home/datatalks_jan/anaconda3/lib/python3.11/site-packages/airflow/example_dags/plugins/workday.py took 0.429 seconds
[2024-04-04T00:17:37.109+0000] {processor.py:161} INFO - Started process (PID=104077) to work on /home/datatalks_jan/anaconda3/lib/python3.11/site-packages/airflow/example_dags/plugins/workday.py
[2024-04-04T00:17:37.112+0000] {processor.py:830} INFO - Processing file /home/datatalks_jan/anaconda3/lib/python3.11/site-packages/airflow/example_dags/plugins/workday.py for tasks to queue
[2024-04-04T00:17:37.113+0000] {logging_mixin.py:188} INFO - [2024-04-04T00:17:37.113+0000] {dagbag.py:540} INFO - Filling up the DagBag from /home/datatalks_jan/anaconda3/lib/python3.11/site-packages/airflow/example_dags/plugins/workday.py
[2024-04-04T00:17:37.257+0000] {logging_mixin.py:188} INFO - [2024-04-04T00:17:37.257+0000] {utils.py:160} INFO - NumExpr defaulting to 2 threads.
[2024-04-04T00:17:37.507+0000] {processor.py:842} WARNING - No viable dags retrieved from /home/datatalks_jan/anaconda3/lib/python3.11/site-packages/airflow/example_dags/plugins/workday.py
[2024-04-04T00:17:37.522+0000] {processor.py:183} INFO - Processing /home/datatalks_jan/anaconda3/lib/python3.11/site-packages/airflow/example_dags/plugins/workday.py took 0.419 seconds
[2024-04-04T00:18:24.966+0000] {processor.py:161} INFO - Started process (PID=104332) to work on /home/datatalks_jan/anaconda3/lib/python3.11/site-packages/airflow/example_dags/plugins/workday.py
[2024-04-04T00:18:24.968+0000] {processor.py:830} INFO - Processing file /home/datatalks_jan/anaconda3/lib/python3.11/site-packages/airflow/example_dags/plugins/workday.py for tasks to queue
[2024-04-04T00:18:24.970+0000] {logging_mixin.py:188} INFO - [2024-04-04T00:18:24.970+0000] {dagbag.py:540} INFO - Filling up the DagBag from /home/datatalks_jan/anaconda3/lib/python3.11/site-packages/airflow/example_dags/plugins/workday.py
[2024-04-04T00:18:25.115+0000] {logging_mixin.py:188} INFO - [2024-04-04T00:18:25.114+0000] {utils.py:160} INFO - NumExpr defaulting to 2 threads.
[2024-04-04T00:18:25.361+0000] {processor.py:842} WARNING - No viable dags retrieved from /home/datatalks_jan/anaconda3/lib/python3.11/site-packages/airflow/example_dags/plugins/workday.py
[2024-04-04T00:18:25.376+0000] {processor.py:183} INFO - Processing /home/datatalks_jan/anaconda3/lib/python3.11/site-packages/airflow/example_dags/plugins/workday.py took 0.416 seconds
[2024-04-04T00:19:23.644+0000] {processor.py:161} INFO - Started process (PID=104476) to work on /home/datatalks_jan/anaconda3/lib/python3.11/site-packages/airflow/example_dags/plugins/workday.py
[2024-04-04T00:19:23.647+0000] {processor.py:830} INFO - Processing file /home/datatalks_jan/anaconda3/lib/python3.11/site-packages/airflow/example_dags/plugins/workday.py for tasks to queue
[2024-04-04T00:19:23.649+0000] {logging_mixin.py:188} INFO - [2024-04-04T00:19:23.648+0000] {dagbag.py:540} INFO - Filling up the DagBag from /home/datatalks_jan/anaconda3/lib/python3.11/site-packages/airflow/example_dags/plugins/workday.py
[2024-04-04T00:19:23.814+0000] {logging_mixin.py:188} INFO - [2024-04-04T00:19:23.814+0000] {utils.py:160} INFO - NumExpr defaulting to 2 threads.
[2024-04-04T00:19:24.080+0000] {processor.py:842} WARNING - No viable dags retrieved from /home/datatalks_jan/anaconda3/lib/python3.11/site-packages/airflow/example_dags/plugins/workday.py
[2024-04-04T00:19:24.094+0000] {processor.py:183} INFO - Processing /home/datatalks_jan/anaconda3/lib/python3.11/site-packages/airflow/example_dags/plugins/workday.py took 0.457 seconds
[2024-04-04T00:20:07.610+0000] {processor.py:161} INFO - Started process (PID=104522) to work on /home/datatalks_jan/anaconda3/lib/python3.11/site-packages/airflow/example_dags/plugins/workday.py
[2024-04-04T00:20:07.612+0000] {processor.py:830} INFO - Processing file /home/datatalks_jan/anaconda3/lib/python3.11/site-packages/airflow/example_dags/plugins/workday.py for tasks to queue
[2024-04-04T00:20:07.614+0000] {logging_mixin.py:188} INFO - [2024-04-04T00:20:07.613+0000] {dagbag.py:540} INFO - Filling up the DagBag from /home/datatalks_jan/anaconda3/lib/python3.11/site-packages/airflow/example_dags/plugins/workday.py
[2024-04-04T00:20:07.760+0000] {logging_mixin.py:188} INFO - [2024-04-04T00:20:07.760+0000] {utils.py:160} INFO - NumExpr defaulting to 2 threads.
[2024-04-04T00:20:08.026+0000] {processor.py:842} WARNING - No viable dags retrieved from /home/datatalks_jan/anaconda3/lib/python3.11/site-packages/airflow/example_dags/plugins/workday.py
[2024-04-04T00:20:08.041+0000] {processor.py:183} INFO - Processing /home/datatalks_jan/anaconda3/lib/python3.11/site-packages/airflow/example_dags/plugins/workday.py took 0.438 seconds
[2024-04-04T00:20:50.968+0000] {processor.py:161} INFO - Started process (PID=104679) to work on /home/datatalks_jan/anaconda3/lib/python3.11/site-packages/airflow/example_dags/plugins/workday.py
[2024-04-04T00:20:50.971+0000] {processor.py:830} INFO - Processing file /home/datatalks_jan/anaconda3/lib/python3.11/site-packages/airflow/example_dags/plugins/workday.py for tasks to queue
[2024-04-04T00:20:50.973+0000] {logging_mixin.py:188} INFO - [2024-04-04T00:20:50.972+0000] {dagbag.py:540} INFO - Filling up the DagBag from /home/datatalks_jan/anaconda3/lib/python3.11/site-packages/airflow/example_dags/plugins/workday.py
[2024-04-04T00:20:51.113+0000] {logging_mixin.py:188} INFO - [2024-04-04T00:20:51.113+0000] {utils.py:160} INFO - NumExpr defaulting to 2 threads.
[2024-04-04T00:20:51.355+0000] {processor.py:842} WARNING - No viable dags retrieved from /home/datatalks_jan/anaconda3/lib/python3.11/site-packages/airflow/example_dags/plugins/workday.py
[2024-04-04T00:20:51.370+0000] {processor.py:183} INFO - Processing /home/datatalks_jan/anaconda3/lib/python3.11/site-packages/airflow/example_dags/plugins/workday.py took 0.408 seconds
[2024-04-04T00:21:36.897+0000] {processor.py:161} INFO - Started process (PID=104727) to work on /home/datatalks_jan/anaconda3/lib/python3.11/site-packages/airflow/example_dags/plugins/workday.py
[2024-04-04T00:21:36.899+0000] {processor.py:830} INFO - Processing file /home/datatalks_jan/anaconda3/lib/python3.11/site-packages/airflow/example_dags/plugins/workday.py for tasks to queue
[2024-04-04T00:21:36.901+0000] {logging_mixin.py:188} INFO - [2024-04-04T00:21:36.900+0000] {dagbag.py:540} INFO - Filling up the DagBag from /home/datatalks_jan/anaconda3/lib/python3.11/site-packages/airflow/example_dags/plugins/workday.py
[2024-04-04T00:21:37.072+0000] {logging_mixin.py:188} INFO - [2024-04-04T00:21:37.072+0000] {utils.py:160} INFO - NumExpr defaulting to 2 threads.
[2024-04-04T00:21:37.326+0000] {processor.py:842} WARNING - No viable dags retrieved from /home/datatalks_jan/anaconda3/lib/python3.11/site-packages/airflow/example_dags/plugins/workday.py
[2024-04-04T00:21:37.342+0000] {processor.py:183} INFO - Processing /home/datatalks_jan/anaconda3/lib/python3.11/site-packages/airflow/example_dags/plugins/workday.py took 0.451 seconds
[2024-04-04T00:22:22.928+0000] {processor.py:161} INFO - Started process (PID=104773) to work on /home/datatalks_jan/anaconda3/lib/python3.11/site-packages/airflow/example_dags/plugins/workday.py
[2024-04-04T00:22:22.930+0000] {processor.py:830} INFO - Processing file /home/datatalks_jan/anaconda3/lib/python3.11/site-packages/airflow/example_dags/plugins/workday.py for tasks to queue
[2024-04-04T00:22:22.932+0000] {logging_mixin.py:188} INFO - [2024-04-04T00:22:22.931+0000] {dagbag.py:540} INFO - Filling up the DagBag from /home/datatalks_jan/anaconda3/lib/python3.11/site-packages/airflow/example_dags/plugins/workday.py
[2024-04-04T00:22:23.081+0000] {logging_mixin.py:188} INFO - [2024-04-04T00:22:23.081+0000] {utils.py:160} INFO - NumExpr defaulting to 2 threads.
[2024-04-04T00:22:23.327+0000] {processor.py:842} WARNING - No viable dags retrieved from /home/datatalks_jan/anaconda3/lib/python3.11/site-packages/airflow/example_dags/plugins/workday.py
[2024-04-04T00:22:23.342+0000] {processor.py:183} INFO - Processing /home/datatalks_jan/anaconda3/lib/python3.11/site-packages/airflow/example_dags/plugins/workday.py took 0.419 seconds
[2024-04-04T00:23:10.075+0000] {processor.py:161} INFO - Started process (PID=104819) to work on /home/datatalks_jan/anaconda3/lib/python3.11/site-packages/airflow/example_dags/plugins/workday.py
[2024-04-04T00:23:10.077+0000] {processor.py:830} INFO - Processing file /home/datatalks_jan/anaconda3/lib/python3.11/site-packages/airflow/example_dags/plugins/workday.py for tasks to queue
[2024-04-04T00:23:10.079+0000] {logging_mixin.py:188} INFO - [2024-04-04T00:23:10.078+0000] {dagbag.py:540} INFO - Filling up the DagBag from /home/datatalks_jan/anaconda3/lib/python3.11/site-packages/airflow/example_dags/plugins/workday.py
[2024-04-04T00:23:10.223+0000] {logging_mixin.py:188} INFO - [2024-04-04T00:23:10.222+0000] {utils.py:160} INFO - NumExpr defaulting to 2 threads.
[2024-04-04T00:23:10.493+0000] {processor.py:842} WARNING - No viable dags retrieved from /home/datatalks_jan/anaconda3/lib/python3.11/site-packages/airflow/example_dags/plugins/workday.py
[2024-04-04T00:23:10.507+0000] {processor.py:183} INFO - Processing /home/datatalks_jan/anaconda3/lib/python3.11/site-packages/airflow/example_dags/plugins/workday.py took 0.439 seconds
[2024-04-04T00:23:58.600+0000] {processor.py:161} INFO - Started process (PID=104934) to work on /home/datatalks_jan/anaconda3/lib/python3.11/site-packages/airflow/example_dags/plugins/workday.py
[2024-04-04T00:23:58.602+0000] {processor.py:830} INFO - Processing file /home/datatalks_jan/anaconda3/lib/python3.11/site-packages/airflow/example_dags/plugins/workday.py for tasks to queue
[2024-04-04T00:23:58.604+0000] {logging_mixin.py:188} INFO - [2024-04-04T00:23:58.603+0000] {dagbag.py:540} INFO - Filling up the DagBag from /home/datatalks_jan/anaconda3/lib/python3.11/site-packages/airflow/example_dags/plugins/workday.py
[2024-04-04T00:23:58.736+0000] {logging_mixin.py:188} INFO - [2024-04-04T00:23:58.736+0000] {utils.py:160} INFO - NumExpr defaulting to 2 threads.
[2024-04-04T00:23:58.993+0000] {processor.py:842} WARNING - No viable dags retrieved from /home/datatalks_jan/anaconda3/lib/python3.11/site-packages/airflow/example_dags/plugins/workday.py
[2024-04-04T00:23:59.007+0000] {processor.py:183} INFO - Processing /home/datatalks_jan/anaconda3/lib/python3.11/site-packages/airflow/example_dags/plugins/workday.py took 0.412 seconds
[2024-04-04T00:24:48.942+0000] {processor.py:161} INFO - Started process (PID=104986) to work on /home/datatalks_jan/anaconda3/lib/python3.11/site-packages/airflow/example_dags/plugins/workday.py
[2024-04-04T00:24:48.945+0000] {processor.py:830} INFO - Processing file /home/datatalks_jan/anaconda3/lib/python3.11/site-packages/airflow/example_dags/plugins/workday.py for tasks to queue
[2024-04-04T00:24:48.947+0000] {logging_mixin.py:188} INFO - [2024-04-04T00:24:48.946+0000] {dagbag.py:540} INFO - Filling up the DagBag from /home/datatalks_jan/anaconda3/lib/python3.11/site-packages/airflow/example_dags/plugins/workday.py
[2024-04-04T00:24:49.093+0000] {logging_mixin.py:188} INFO - [2024-04-04T00:24:49.093+0000] {utils.py:160} INFO - NumExpr defaulting to 2 threads.
[2024-04-04T00:24:49.355+0000] {processor.py:842} WARNING - No viable dags retrieved from /home/datatalks_jan/anaconda3/lib/python3.11/site-packages/airflow/example_dags/plugins/workday.py
[2024-04-04T00:24:49.373+0000] {processor.py:183} INFO - Processing /home/datatalks_jan/anaconda3/lib/python3.11/site-packages/airflow/example_dags/plugins/workday.py took 0.437 seconds
[2024-04-04T00:25:37.347+0000] {processor.py:161} INFO - Started process (PID=105047) to work on /home/datatalks_jan/anaconda3/lib/python3.11/site-packages/airflow/example_dags/plugins/workday.py
[2024-04-04T00:25:37.349+0000] {processor.py:830} INFO - Processing file /home/datatalks_jan/anaconda3/lib/python3.11/site-packages/airflow/example_dags/plugins/workday.py for tasks to queue
[2024-04-04T00:25:37.350+0000] {logging_mixin.py:188} INFO - [2024-04-04T00:25:37.350+0000] {dagbag.py:540} INFO - Filling up the DagBag from /home/datatalks_jan/anaconda3/lib/python3.11/site-packages/airflow/example_dags/plugins/workday.py
[2024-04-04T00:25:37.486+0000] {logging_mixin.py:188} INFO - [2024-04-04T00:25:37.486+0000] {utils.py:160} INFO - NumExpr defaulting to 2 threads.
[2024-04-04T00:25:37.720+0000] {processor.py:842} WARNING - No viable dags retrieved from /home/datatalks_jan/anaconda3/lib/python3.11/site-packages/airflow/example_dags/plugins/workday.py
[2024-04-04T00:25:37.737+0000] {processor.py:183} INFO - Processing /home/datatalks_jan/anaconda3/lib/python3.11/site-packages/airflow/example_dags/plugins/workday.py took 0.396 seconds
[2024-04-04T00:26:22.724+0000] {processor.py:161} INFO - Started process (PID=105133) to work on /home/datatalks_jan/anaconda3/lib/python3.11/site-packages/airflow/example_dags/plugins/workday.py
[2024-04-04T00:26:22.727+0000] {processor.py:830} INFO - Processing file /home/datatalks_jan/anaconda3/lib/python3.11/site-packages/airflow/example_dags/plugins/workday.py for tasks to queue
[2024-04-04T00:26:22.728+0000] {logging_mixin.py:188} INFO - [2024-04-04T00:26:22.727+0000] {dagbag.py:540} INFO - Filling up the DagBag from /home/datatalks_jan/anaconda3/lib/python3.11/site-packages/airflow/example_dags/plugins/workday.py
[2024-04-04T00:26:22.871+0000] {logging_mixin.py:188} INFO - [2024-04-04T00:26:22.871+0000] {utils.py:160} INFO - NumExpr defaulting to 2 threads.
[2024-04-04T00:26:23.103+0000] {processor.py:842} WARNING - No viable dags retrieved from /home/datatalks_jan/anaconda3/lib/python3.11/site-packages/airflow/example_dags/plugins/workday.py
[2024-04-04T00:26:23.117+0000] {processor.py:183} INFO - Processing /home/datatalks_jan/anaconda3/lib/python3.11/site-packages/airflow/example_dags/plugins/workday.py took 0.399 seconds
[2024-04-04T00:27:07.616+0000] {processor.py:161} INFO - Started process (PID=105185) to work on /home/datatalks_jan/anaconda3/lib/python3.11/site-packages/airflow/example_dags/plugins/workday.py
[2024-04-04T00:27:07.618+0000] {processor.py:830} INFO - Processing file /home/datatalks_jan/anaconda3/lib/python3.11/site-packages/airflow/example_dags/plugins/workday.py for tasks to queue
[2024-04-04T00:27:07.620+0000] {logging_mixin.py:188} INFO - [2024-04-04T00:27:07.619+0000] {dagbag.py:540} INFO - Filling up the DagBag from /home/datatalks_jan/anaconda3/lib/python3.11/site-packages/airflow/example_dags/plugins/workday.py
[2024-04-04T00:27:07.750+0000] {logging_mixin.py:188} INFO - [2024-04-04T00:27:07.750+0000] {utils.py:160} INFO - NumExpr defaulting to 2 threads.
[2024-04-04T00:27:07.972+0000] {processor.py:842} WARNING - No viable dags retrieved from /home/datatalks_jan/anaconda3/lib/python3.11/site-packages/airflow/example_dags/plugins/workday.py
[2024-04-04T00:27:07.987+0000] {processor.py:183} INFO - Processing /home/datatalks_jan/anaconda3/lib/python3.11/site-packages/airflow/example_dags/plugins/workday.py took 0.377 seconds
[2024-04-04T00:27:53.570+0000] {processor.py:161} INFO - Started process (PID=105232) to work on /home/datatalks_jan/anaconda3/lib/python3.11/site-packages/airflow/example_dags/plugins/workday.py
[2024-04-04T00:27:53.572+0000] {processor.py:830} INFO - Processing file /home/datatalks_jan/anaconda3/lib/python3.11/site-packages/airflow/example_dags/plugins/workday.py for tasks to queue
[2024-04-04T00:27:53.574+0000] {logging_mixin.py:188} INFO - [2024-04-04T00:27:53.573+0000] {dagbag.py:540} INFO - Filling up the DagBag from /home/datatalks_jan/anaconda3/lib/python3.11/site-packages/airflow/example_dags/plugins/workday.py
[2024-04-04T00:27:53.724+0000] {logging_mixin.py:188} INFO - [2024-04-04T00:27:53.723+0000] {utils.py:160} INFO - NumExpr defaulting to 2 threads.
[2024-04-04T00:27:53.973+0000] {processor.py:842} WARNING - No viable dags retrieved from /home/datatalks_jan/anaconda3/lib/python3.11/site-packages/airflow/example_dags/plugins/workday.py
[2024-04-04T00:27:53.989+0000] {processor.py:183} INFO - Processing /home/datatalks_jan/anaconda3/lib/python3.11/site-packages/airflow/example_dags/plugins/workday.py took 0.426 seconds
[2024-04-04T00:28:45.863+0000] {processor.py:161} INFO - Started process (PID=105433) to work on /home/datatalks_jan/anaconda3/lib/python3.11/site-packages/airflow/example_dags/plugins/workday.py
[2024-04-04T00:28:45.866+0000] {processor.py:830} INFO - Processing file /home/datatalks_jan/anaconda3/lib/python3.11/site-packages/airflow/example_dags/plugins/workday.py for tasks to queue
[2024-04-04T00:28:45.867+0000] {logging_mixin.py:188} INFO - [2024-04-04T00:28:45.866+0000] {dagbag.py:540} INFO - Filling up the DagBag from /home/datatalks_jan/anaconda3/lib/python3.11/site-packages/airflow/example_dags/plugins/workday.py
[2024-04-04T00:28:46.000+0000] {logging_mixin.py:188} INFO - [2024-04-04T00:28:46.000+0000] {utils.py:160} INFO - NumExpr defaulting to 2 threads.
[2024-04-04T00:28:46.231+0000] {processor.py:842} WARNING - No viable dags retrieved from /home/datatalks_jan/anaconda3/lib/python3.11/site-packages/airflow/example_dags/plugins/workday.py
[2024-04-04T00:28:46.248+0000] {processor.py:183} INFO - Processing /home/datatalks_jan/anaconda3/lib/python3.11/site-packages/airflow/example_dags/plugins/workday.py took 0.390 seconds
[2024-04-04T00:29:36.509+0000] {processor.py:161} INFO - Started process (PID=105723) to work on /home/datatalks_jan/anaconda3/lib/python3.11/site-packages/airflow/example_dags/plugins/workday.py
[2024-04-04T00:29:36.512+0000] {processor.py:830} INFO - Processing file /home/datatalks_jan/anaconda3/lib/python3.11/site-packages/airflow/example_dags/plugins/workday.py for tasks to queue
[2024-04-04T00:29:36.514+0000] {logging_mixin.py:188} INFO - [2024-04-04T00:29:36.513+0000] {dagbag.py:540} INFO - Filling up the DagBag from /home/datatalks_jan/anaconda3/lib/python3.11/site-packages/airflow/example_dags/plugins/workday.py
[2024-04-04T00:29:36.660+0000] {logging_mixin.py:188} INFO - [2024-04-04T00:29:36.659+0000] {utils.py:160} INFO - NumExpr defaulting to 2 threads.
[2024-04-04T00:29:36.909+0000] {processor.py:842} WARNING - No viable dags retrieved from /home/datatalks_jan/anaconda3/lib/python3.11/site-packages/airflow/example_dags/plugins/workday.py
[2024-04-04T00:29:36.925+0000] {processor.py:183} INFO - Processing /home/datatalks_jan/anaconda3/lib/python3.11/site-packages/airflow/example_dags/plugins/workday.py took 0.421 seconds
[2024-04-04T00:30:18.677+0000] {processor.py:161} INFO - Started process (PID=105828) to work on /home/datatalks_jan/anaconda3/lib/python3.11/site-packages/airflow/example_dags/plugins/workday.py
[2024-04-04T00:30:18.680+0000] {processor.py:830} INFO - Processing file /home/datatalks_jan/anaconda3/lib/python3.11/site-packages/airflow/example_dags/plugins/workday.py for tasks to queue
[2024-04-04T00:30:18.681+0000] {logging_mixin.py:188} INFO - [2024-04-04T00:30:18.680+0000] {dagbag.py:540} INFO - Filling up the DagBag from /home/datatalks_jan/anaconda3/lib/python3.11/site-packages/airflow/example_dags/plugins/workday.py
[2024-04-04T00:30:18.809+0000] {logging_mixin.py:188} INFO - [2024-04-04T00:30:18.809+0000] {utils.py:160} INFO - NumExpr defaulting to 2 threads.
[2024-04-04T00:30:19.061+0000] {processor.py:842} WARNING - No viable dags retrieved from /home/datatalks_jan/anaconda3/lib/python3.11/site-packages/airflow/example_dags/plugins/workday.py
[2024-04-04T00:30:19.076+0000] {processor.py:183} INFO - Processing /home/datatalks_jan/anaconda3/lib/python3.11/site-packages/airflow/example_dags/plugins/workday.py took 0.404 seconds
[2024-04-04T00:31:00.114+0000] {processor.py:161} INFO - Started process (PID=105926) to work on /home/datatalks_jan/anaconda3/lib/python3.11/site-packages/airflow/example_dags/plugins/workday.py
[2024-04-04T00:31:00.116+0000] {processor.py:830} INFO - Processing file /home/datatalks_jan/anaconda3/lib/python3.11/site-packages/airflow/example_dags/plugins/workday.py for tasks to queue
[2024-04-04T00:31:00.118+0000] {logging_mixin.py:188} INFO - [2024-04-04T00:31:00.117+0000] {dagbag.py:540} INFO - Filling up the DagBag from /home/datatalks_jan/anaconda3/lib/python3.11/site-packages/airflow/example_dags/plugins/workday.py
[2024-04-04T00:31:00.257+0000] {logging_mixin.py:188} INFO - [2024-04-04T00:31:00.256+0000] {utils.py:160} INFO - NumExpr defaulting to 2 threads.
[2024-04-04T00:31:00.504+0000] {processor.py:842} WARNING - No viable dags retrieved from /home/datatalks_jan/anaconda3/lib/python3.11/site-packages/airflow/example_dags/plugins/workday.py
[2024-04-04T00:31:00.518+0000] {processor.py:183} INFO - Processing /home/datatalks_jan/anaconda3/lib/python3.11/site-packages/airflow/example_dags/plugins/workday.py took 0.410 seconds
