[2024-02-21T13:15:04.270+0000] {processor.py:161} INFO - Started process (PID=80) to work on /home/airflow/.local/lib/python3.8/site-packages/airflow/example_dags/example_params_trigger_ui.py
[2024-02-21T13:15:04.272+0000] {processor.py:830} INFO - Processing file /home/airflow/.local/lib/python3.8/site-packages/airflow/example_dags/example_params_trigger_ui.py for tasks to queue
[2024-02-21T13:15:04.275+0000] {logging_mixin.py:188} INFO - [2024-02-21T13:15:04.275+0000] {dagbag.py:538} INFO - Filling up the DagBag from /home/airflow/.local/lib/python3.8/site-packages/airflow/example_dags/example_params_trigger_ui.py
[2024-02-21T13:15:04.309+0000] {processor.py:840} INFO - DAG(s) 'example_params_trigger_ui' retrieved from /home/airflow/.local/lib/python3.8/site-packages/airflow/example_dags/example_params_trigger_ui.py
[2024-02-21T13:15:04.680+0000] {logging_mixin.py:188} INFO - [2024-02-21T13:15:04.678+0000] {override.py:1769} INFO - Created Permission View: can read on DAG:example_params_trigger_ui
[2024-02-21T13:15:04.707+0000] {logging_mixin.py:188} INFO - [2024-02-21T13:15:04.707+0000] {override.py:1769} INFO - Created Permission View: can edit on DAG:example_params_trigger_ui
[2024-02-21T13:15:04.722+0000] {logging_mixin.py:188} INFO - [2024-02-21T13:15:04.721+0000] {override.py:1769} INFO - Created Permission View: can delete on DAG:example_params_trigger_ui
[2024-02-21T13:15:04.723+0000] {logging_mixin.py:188} INFO - [2024-02-21T13:15:04.723+0000] {dag.py:3036} INFO - Sync 1 DAGs
[2024-02-21T13:15:04.749+0000] {logging_mixin.py:188} INFO - [2024-02-21T13:15:04.748+0000] {dag.py:3058} INFO - Creating ORM DAG for example_params_trigger_ui
[2024-02-21T13:15:04.750+0000] {logging_mixin.py:188} INFO - [2024-02-21T13:15:04.750+0000] {dag.py:3823} INFO - Setting next_dagrun for example_params_trigger_ui to None, run_after=None
[2024-02-21T13:15:04.788+0000] {processor.py:183} INFO - Processing /home/airflow/.local/lib/python3.8/site-packages/airflow/example_dags/example_params_trigger_ui.py took 0.526 seconds
[2024-02-21T13:15:35.710+0000] {processor.py:161} INFO - Started process (PID=136) to work on /home/airflow/.local/lib/python3.8/site-packages/airflow/example_dags/example_params_trigger_ui.py
[2024-02-21T13:15:35.712+0000] {processor.py:830} INFO - Processing file /home/airflow/.local/lib/python3.8/site-packages/airflow/example_dags/example_params_trigger_ui.py for tasks to queue
[2024-02-21T13:15:35.717+0000] {logging_mixin.py:188} INFO - [2024-02-21T13:15:35.716+0000] {dagbag.py:538} INFO - Filling up the DagBag from /home/airflow/.local/lib/python3.8/site-packages/airflow/example_dags/example_params_trigger_ui.py
[2024-02-21T13:15:35.743+0000] {processor.py:840} INFO - DAG(s) 'example_params_trigger_ui' retrieved from /home/airflow/.local/lib/python3.8/site-packages/airflow/example_dags/example_params_trigger_ui.py
[2024-02-21T13:15:35.825+0000] {logging_mixin.py:188} INFO - [2024-02-21T13:15:35.825+0000] {dag.py:3036} INFO - Sync 1 DAGs
[2024-02-21T13:15:35.844+0000] {logging_mixin.py:188} INFO - [2024-02-21T13:15:35.844+0000] {dag.py:3823} INFO - Setting next_dagrun for example_params_trigger_ui to None, run_after=None
[2024-02-21T13:15:35.873+0000] {processor.py:183} INFO - Processing /home/airflow/.local/lib/python3.8/site-packages/airflow/example_dags/example_params_trigger_ui.py took 0.171 seconds
[2024-02-21T13:16:06.320+0000] {processor.py:161} INFO - Started process (PID=190) to work on /home/airflow/.local/lib/python3.8/site-packages/airflow/example_dags/example_params_trigger_ui.py
[2024-02-21T13:16:06.323+0000] {processor.py:830} INFO - Processing file /home/airflow/.local/lib/python3.8/site-packages/airflow/example_dags/example_params_trigger_ui.py for tasks to queue
[2024-02-21T13:16:06.326+0000] {logging_mixin.py:188} INFO - [2024-02-21T13:16:06.325+0000] {dagbag.py:538} INFO - Filling up the DagBag from /home/airflow/.local/lib/python3.8/site-packages/airflow/example_dags/example_params_trigger_ui.py
[2024-02-21T13:16:06.350+0000] {processor.py:840} INFO - DAG(s) 'example_params_trigger_ui' retrieved from /home/airflow/.local/lib/python3.8/site-packages/airflow/example_dags/example_params_trigger_ui.py
[2024-02-21T13:16:06.432+0000] {logging_mixin.py:188} INFO - [2024-02-21T13:16:06.431+0000] {dag.py:3036} INFO - Sync 1 DAGs
[2024-02-21T13:16:06.450+0000] {logging_mixin.py:188} INFO - [2024-02-21T13:16:06.450+0000] {dag.py:3823} INFO - Setting next_dagrun for example_params_trigger_ui to None, run_after=None
[2024-02-21T13:16:06.478+0000] {processor.py:183} INFO - Processing /home/airflow/.local/lib/python3.8/site-packages/airflow/example_dags/example_params_trigger_ui.py took 0.163 seconds
[2024-02-21T13:16:37.277+0000] {processor.py:161} INFO - Started process (PID=246) to work on /home/airflow/.local/lib/python3.8/site-packages/airflow/example_dags/example_params_trigger_ui.py
[2024-02-21T13:16:37.280+0000] {processor.py:830} INFO - Processing file /home/airflow/.local/lib/python3.8/site-packages/airflow/example_dags/example_params_trigger_ui.py for tasks to queue
[2024-02-21T13:16:37.284+0000] {logging_mixin.py:188} INFO - [2024-02-21T13:16:37.283+0000] {dagbag.py:538} INFO - Filling up the DagBag from /home/airflow/.local/lib/python3.8/site-packages/airflow/example_dags/example_params_trigger_ui.py
[2024-02-21T13:16:37.316+0000] {processor.py:840} INFO - DAG(s) 'example_params_trigger_ui' retrieved from /home/airflow/.local/lib/python3.8/site-packages/airflow/example_dags/example_params_trigger_ui.py
[2024-02-21T13:16:37.445+0000] {logging_mixin.py:188} INFO - [2024-02-21T13:16:37.445+0000] {dag.py:3036} INFO - Sync 1 DAGs
[2024-02-21T13:16:37.471+0000] {logging_mixin.py:188} INFO - [2024-02-21T13:16:37.470+0000] {dag.py:3823} INFO - Setting next_dagrun for example_params_trigger_ui to None, run_after=None
[2024-02-21T13:16:37.498+0000] {processor.py:183} INFO - Processing /home/airflow/.local/lib/python3.8/site-packages/airflow/example_dags/example_params_trigger_ui.py took 0.229 seconds
[2024-02-21T13:17:07.622+0000] {processor.py:161} INFO - Started process (PID=300) to work on /home/airflow/.local/lib/python3.8/site-packages/airflow/example_dags/example_params_trigger_ui.py
[2024-02-21T13:17:07.624+0000] {processor.py:830} INFO - Processing file /home/airflow/.local/lib/python3.8/site-packages/airflow/example_dags/example_params_trigger_ui.py for tasks to queue
[2024-02-21T13:17:07.628+0000] {logging_mixin.py:188} INFO - [2024-02-21T13:17:07.627+0000] {dagbag.py:538} INFO - Filling up the DagBag from /home/airflow/.local/lib/python3.8/site-packages/airflow/example_dags/example_params_trigger_ui.py
[2024-02-21T13:17:07.655+0000] {processor.py:840} INFO - DAG(s) 'example_params_trigger_ui' retrieved from /home/airflow/.local/lib/python3.8/site-packages/airflow/example_dags/example_params_trigger_ui.py
[2024-02-21T13:17:07.739+0000] {logging_mixin.py:188} INFO - [2024-02-21T13:17:07.738+0000] {dag.py:3036} INFO - Sync 1 DAGs
[2024-02-21T13:17:07.758+0000] {logging_mixin.py:188} INFO - [2024-02-21T13:17:07.757+0000] {dag.py:3823} INFO - Setting next_dagrun for example_params_trigger_ui to None, run_after=None
[2024-02-21T13:17:07.785+0000] {processor.py:183} INFO - Processing /home/airflow/.local/lib/python3.8/site-packages/airflow/example_dags/example_params_trigger_ui.py took 0.168 seconds
[2024-02-21T13:17:37.896+0000] {processor.py:161} INFO - Started process (PID=356) to work on /home/airflow/.local/lib/python3.8/site-packages/airflow/example_dags/example_params_trigger_ui.py
[2024-02-21T13:17:37.898+0000] {processor.py:830} INFO - Processing file /home/airflow/.local/lib/python3.8/site-packages/airflow/example_dags/example_params_trigger_ui.py for tasks to queue
[2024-02-21T13:17:37.901+0000] {logging_mixin.py:188} INFO - [2024-02-21T13:17:37.901+0000] {dagbag.py:538} INFO - Filling up the DagBag from /home/airflow/.local/lib/python3.8/site-packages/airflow/example_dags/example_params_trigger_ui.py
[2024-02-21T13:17:37.927+0000] {processor.py:840} INFO - DAG(s) 'example_params_trigger_ui' retrieved from /home/airflow/.local/lib/python3.8/site-packages/airflow/example_dags/example_params_trigger_ui.py
[2024-02-21T13:17:38.018+0000] {logging_mixin.py:188} INFO - [2024-02-21T13:17:38.017+0000] {dag.py:3036} INFO - Sync 1 DAGs
[2024-02-21T13:17:38.036+0000] {logging_mixin.py:188} INFO - [2024-02-21T13:17:38.035+0000] {dag.py:3823} INFO - Setting next_dagrun for example_params_trigger_ui to None, run_after=None
[2024-02-21T13:17:38.062+0000] {processor.py:183} INFO - Processing /home/airflow/.local/lib/python3.8/site-packages/airflow/example_dags/example_params_trigger_ui.py took 0.171 seconds
[2024-02-21T13:18:08.276+0000] {processor.py:161} INFO - Started process (PID=411) to work on /home/airflow/.local/lib/python3.8/site-packages/airflow/example_dags/example_params_trigger_ui.py
[2024-02-21T13:18:08.277+0000] {processor.py:830} INFO - Processing file /home/airflow/.local/lib/python3.8/site-packages/airflow/example_dags/example_params_trigger_ui.py for tasks to queue
[2024-02-21T13:18:08.280+0000] {logging_mixin.py:188} INFO - [2024-02-21T13:18:08.280+0000] {dagbag.py:538} INFO - Filling up the DagBag from /home/airflow/.local/lib/python3.8/site-packages/airflow/example_dags/example_params_trigger_ui.py
[2024-02-21T13:18:08.303+0000] {processor.py:840} INFO - DAG(s) 'example_params_trigger_ui' retrieved from /home/airflow/.local/lib/python3.8/site-packages/airflow/example_dags/example_params_trigger_ui.py
[2024-02-21T13:18:08.393+0000] {logging_mixin.py:188} INFO - [2024-02-21T13:18:08.393+0000] {dag.py:3036} INFO - Sync 1 DAGs
[2024-02-21T13:18:08.412+0000] {logging_mixin.py:188} INFO - [2024-02-21T13:18:08.411+0000] {dag.py:3823} INFO - Setting next_dagrun for example_params_trigger_ui to None, run_after=None
[2024-02-21T13:18:08.439+0000] {processor.py:183} INFO - Processing /home/airflow/.local/lib/python3.8/site-packages/airflow/example_dags/example_params_trigger_ui.py took 0.170 seconds
[2024-02-21T13:18:38.503+0000] {processor.py:161} INFO - Started process (PID=466) to work on /home/airflow/.local/lib/python3.8/site-packages/airflow/example_dags/example_params_trigger_ui.py
[2024-02-21T13:18:38.505+0000] {processor.py:830} INFO - Processing file /home/airflow/.local/lib/python3.8/site-packages/airflow/example_dags/example_params_trigger_ui.py for tasks to queue
[2024-02-21T13:18:38.508+0000] {logging_mixin.py:188} INFO - [2024-02-21T13:18:38.508+0000] {dagbag.py:538} INFO - Filling up the DagBag from /home/airflow/.local/lib/python3.8/site-packages/airflow/example_dags/example_params_trigger_ui.py
[2024-02-21T13:18:38.532+0000] {processor.py:840} INFO - DAG(s) 'example_params_trigger_ui' retrieved from /home/airflow/.local/lib/python3.8/site-packages/airflow/example_dags/example_params_trigger_ui.py
[2024-02-21T13:18:38.622+0000] {logging_mixin.py:188} INFO - [2024-02-21T13:18:38.621+0000] {dag.py:3036} INFO - Sync 1 DAGs
[2024-02-21T13:18:38.640+0000] {logging_mixin.py:188} INFO - [2024-02-21T13:18:38.639+0000] {dag.py:3823} INFO - Setting next_dagrun for example_params_trigger_ui to None, run_after=None
[2024-02-21T13:18:38.668+0000] {processor.py:183} INFO - Processing /home/airflow/.local/lib/python3.8/site-packages/airflow/example_dags/example_params_trigger_ui.py took 0.171 seconds
[2024-02-21T13:19:08.959+0000] {processor.py:161} INFO - Started process (PID=521) to work on /home/airflow/.local/lib/python3.8/site-packages/airflow/example_dags/example_params_trigger_ui.py
[2024-02-21T13:19:08.962+0000] {processor.py:830} INFO - Processing file /home/airflow/.local/lib/python3.8/site-packages/airflow/example_dags/example_params_trigger_ui.py for tasks to queue
[2024-02-21T13:19:08.965+0000] {logging_mixin.py:188} INFO - [2024-02-21T13:19:08.965+0000] {dagbag.py:538} INFO - Filling up the DagBag from /home/airflow/.local/lib/python3.8/site-packages/airflow/example_dags/example_params_trigger_ui.py
[2024-02-21T13:19:08.990+0000] {processor.py:840} INFO - DAG(s) 'example_params_trigger_ui' retrieved from /home/airflow/.local/lib/python3.8/site-packages/airflow/example_dags/example_params_trigger_ui.py
[2024-02-21T13:19:09.075+0000] {logging_mixin.py:188} INFO - [2024-02-21T13:19:09.075+0000] {dag.py:3036} INFO - Sync 1 DAGs
[2024-02-21T13:19:09.094+0000] {logging_mixin.py:188} INFO - [2024-02-21T13:19:09.093+0000] {dag.py:3823} INFO - Setting next_dagrun for example_params_trigger_ui to None, run_after=None
[2024-02-21T13:19:09.123+0000] {processor.py:183} INFO - Processing /home/airflow/.local/lib/python3.8/site-packages/airflow/example_dags/example_params_trigger_ui.py took 0.171 seconds
[2024-02-21T13:19:39.327+0000] {processor.py:161} INFO - Started process (PID=576) to work on /home/airflow/.local/lib/python3.8/site-packages/airflow/example_dags/example_params_trigger_ui.py
[2024-02-21T13:19:39.329+0000] {processor.py:830} INFO - Processing file /home/airflow/.local/lib/python3.8/site-packages/airflow/example_dags/example_params_trigger_ui.py for tasks to queue
[2024-02-21T13:19:39.332+0000] {logging_mixin.py:188} INFO - [2024-02-21T13:19:39.332+0000] {dagbag.py:538} INFO - Filling up the DagBag from /home/airflow/.local/lib/python3.8/site-packages/airflow/example_dags/example_params_trigger_ui.py
[2024-02-21T13:19:39.358+0000] {processor.py:840} INFO - DAG(s) 'example_params_trigger_ui' retrieved from /home/airflow/.local/lib/python3.8/site-packages/airflow/example_dags/example_params_trigger_ui.py
[2024-02-21T13:19:39.444+0000] {logging_mixin.py:188} INFO - [2024-02-21T13:19:39.444+0000] {dag.py:3036} INFO - Sync 1 DAGs
[2024-02-21T13:19:39.463+0000] {logging_mixin.py:188} INFO - [2024-02-21T13:19:39.463+0000] {dag.py:3823} INFO - Setting next_dagrun for example_params_trigger_ui to None, run_after=None
[2024-02-21T13:19:39.489+0000] {processor.py:183} INFO - Processing /home/airflow/.local/lib/python3.8/site-packages/airflow/example_dags/example_params_trigger_ui.py took 0.168 seconds
[2024-02-21T13:20:10.090+0000] {processor.py:161} INFO - Started process (PID=631) to work on /home/airflow/.local/lib/python3.8/site-packages/airflow/example_dags/example_params_trigger_ui.py
[2024-02-21T13:20:10.092+0000] {processor.py:830} INFO - Processing file /home/airflow/.local/lib/python3.8/site-packages/airflow/example_dags/example_params_trigger_ui.py for tasks to queue
[2024-02-21T13:20:10.095+0000] {logging_mixin.py:188} INFO - [2024-02-21T13:20:10.094+0000] {dagbag.py:538} INFO - Filling up the DagBag from /home/airflow/.local/lib/python3.8/site-packages/airflow/example_dags/example_params_trigger_ui.py
[2024-02-21T13:20:10.118+0000] {processor.py:840} INFO - DAG(s) 'example_params_trigger_ui' retrieved from /home/airflow/.local/lib/python3.8/site-packages/airflow/example_dags/example_params_trigger_ui.py
[2024-02-21T13:20:10.203+0000] {logging_mixin.py:188} INFO - [2024-02-21T13:20:10.202+0000] {dag.py:3036} INFO - Sync 1 DAGs
[2024-02-21T13:20:10.221+0000] {logging_mixin.py:188} INFO - [2024-02-21T13:20:10.221+0000] {dag.py:3823} INFO - Setting next_dagrun for example_params_trigger_ui to None, run_after=None
[2024-02-21T13:20:10.246+0000] {processor.py:183} INFO - Processing /home/airflow/.local/lib/python3.8/site-packages/airflow/example_dags/example_params_trigger_ui.py took 0.162 seconds
[2024-02-21T13:20:40.987+0000] {processor.py:161} INFO - Started process (PID=685) to work on /home/airflow/.local/lib/python3.8/site-packages/airflow/example_dags/example_params_trigger_ui.py
[2024-02-21T13:20:40.989+0000] {processor.py:830} INFO - Processing file /home/airflow/.local/lib/python3.8/site-packages/airflow/example_dags/example_params_trigger_ui.py for tasks to queue
[2024-02-21T13:20:40.992+0000] {logging_mixin.py:188} INFO - [2024-02-21T13:20:40.991+0000] {dagbag.py:538} INFO - Filling up the DagBag from /home/airflow/.local/lib/python3.8/site-packages/airflow/example_dags/example_params_trigger_ui.py
[2024-02-21T13:20:41.016+0000] {processor.py:840} INFO - DAG(s) 'example_params_trigger_ui' retrieved from /home/airflow/.local/lib/python3.8/site-packages/airflow/example_dags/example_params_trigger_ui.py
[2024-02-21T13:20:41.107+0000] {logging_mixin.py:188} INFO - [2024-02-21T13:20:41.107+0000] {dag.py:3036} INFO - Sync 1 DAGs
[2024-02-21T13:20:41.126+0000] {logging_mixin.py:188} INFO - [2024-02-21T13:20:41.126+0000] {dag.py:3823} INFO - Setting next_dagrun for example_params_trigger_ui to None, run_after=None
[2024-02-21T13:20:41.155+0000] {processor.py:183} INFO - Processing /home/airflow/.local/lib/python3.8/site-packages/airflow/example_dags/example_params_trigger_ui.py took 0.174 seconds
[2024-02-21T13:21:11.819+0000] {processor.py:161} INFO - Started process (PID=741) to work on /home/airflow/.local/lib/python3.8/site-packages/airflow/example_dags/example_params_trigger_ui.py
[2024-02-21T13:21:11.822+0000] {processor.py:830} INFO - Processing file /home/airflow/.local/lib/python3.8/site-packages/airflow/example_dags/example_params_trigger_ui.py for tasks to queue
[2024-02-21T13:21:11.826+0000] {logging_mixin.py:188} INFO - [2024-02-21T13:21:11.825+0000] {dagbag.py:538} INFO - Filling up the DagBag from /home/airflow/.local/lib/python3.8/site-packages/airflow/example_dags/example_params_trigger_ui.py
[2024-02-21T13:21:11.856+0000] {processor.py:840} INFO - DAG(s) 'example_params_trigger_ui' retrieved from /home/airflow/.local/lib/python3.8/site-packages/airflow/example_dags/example_params_trigger_ui.py
[2024-02-21T13:21:11.979+0000] {logging_mixin.py:188} INFO - [2024-02-21T13:21:11.979+0000] {dag.py:3036} INFO - Sync 1 DAGs
[2024-02-21T13:21:11.999+0000] {logging_mixin.py:188} INFO - [2024-02-21T13:21:11.998+0000] {dag.py:3823} INFO - Setting next_dagrun for example_params_trigger_ui to None, run_after=None
[2024-02-21T13:21:12.027+0000] {processor.py:183} INFO - Processing /home/airflow/.local/lib/python3.8/site-packages/airflow/example_dags/example_params_trigger_ui.py took 0.217 seconds
[2024-02-21T13:21:42.623+0000] {processor.py:161} INFO - Started process (PID=795) to work on /home/airflow/.local/lib/python3.8/site-packages/airflow/example_dags/example_params_trigger_ui.py
[2024-02-21T13:21:42.624+0000] {processor.py:830} INFO - Processing file /home/airflow/.local/lib/python3.8/site-packages/airflow/example_dags/example_params_trigger_ui.py for tasks to queue
[2024-02-21T13:21:42.627+0000] {logging_mixin.py:188} INFO - [2024-02-21T13:21:42.627+0000] {dagbag.py:538} INFO - Filling up the DagBag from /home/airflow/.local/lib/python3.8/site-packages/airflow/example_dags/example_params_trigger_ui.py
[2024-02-21T13:21:42.650+0000] {processor.py:840} INFO - DAG(s) 'example_params_trigger_ui' retrieved from /home/airflow/.local/lib/python3.8/site-packages/airflow/example_dags/example_params_trigger_ui.py
[2024-02-21T13:21:42.732+0000] {logging_mixin.py:188} INFO - [2024-02-21T13:21:42.731+0000] {dag.py:3036} INFO - Sync 1 DAGs
[2024-02-21T13:21:42.749+0000] {logging_mixin.py:188} INFO - [2024-02-21T13:21:42.749+0000] {dag.py:3823} INFO - Setting next_dagrun for example_params_trigger_ui to None, run_after=None
[2024-02-21T13:21:42.776+0000] {processor.py:183} INFO - Processing /home/airflow/.local/lib/python3.8/site-packages/airflow/example_dags/example_params_trigger_ui.py took 0.159 seconds
[2024-02-21T13:22:13.666+0000] {processor.py:161} INFO - Started process (PID=850) to work on /home/airflow/.local/lib/python3.8/site-packages/airflow/example_dags/example_params_trigger_ui.py
[2024-02-21T13:22:13.669+0000] {processor.py:830} INFO - Processing file /home/airflow/.local/lib/python3.8/site-packages/airflow/example_dags/example_params_trigger_ui.py for tasks to queue
[2024-02-21T13:22:13.672+0000] {logging_mixin.py:188} INFO - [2024-02-21T13:22:13.671+0000] {dagbag.py:538} INFO - Filling up the DagBag from /home/airflow/.local/lib/python3.8/site-packages/airflow/example_dags/example_params_trigger_ui.py
[2024-02-21T13:22:13.695+0000] {processor.py:840} INFO - DAG(s) 'example_params_trigger_ui' retrieved from /home/airflow/.local/lib/python3.8/site-packages/airflow/example_dags/example_params_trigger_ui.py
[2024-02-21T13:22:13.779+0000] {logging_mixin.py:188} INFO - [2024-02-21T13:22:13.778+0000] {dag.py:3036} INFO - Sync 1 DAGs
[2024-02-21T13:22:13.798+0000] {logging_mixin.py:188} INFO - [2024-02-21T13:22:13.797+0000] {dag.py:3823} INFO - Setting next_dagrun for example_params_trigger_ui to None, run_after=None
[2024-02-21T13:22:13.824+0000] {processor.py:183} INFO - Processing /home/airflow/.local/lib/python3.8/site-packages/airflow/example_dags/example_params_trigger_ui.py took 0.164 seconds
[2024-02-21T13:22:44.184+0000] {processor.py:161} INFO - Started process (PID=905) to work on /home/airflow/.local/lib/python3.8/site-packages/airflow/example_dags/example_params_trigger_ui.py
[2024-02-21T13:22:44.186+0000] {processor.py:830} INFO - Processing file /home/airflow/.local/lib/python3.8/site-packages/airflow/example_dags/example_params_trigger_ui.py for tasks to queue
[2024-02-21T13:22:44.189+0000] {logging_mixin.py:188} INFO - [2024-02-21T13:22:44.188+0000] {dagbag.py:538} INFO - Filling up the DagBag from /home/airflow/.local/lib/python3.8/site-packages/airflow/example_dags/example_params_trigger_ui.py
[2024-02-21T13:22:44.212+0000] {processor.py:840} INFO - DAG(s) 'example_params_trigger_ui' retrieved from /home/airflow/.local/lib/python3.8/site-packages/airflow/example_dags/example_params_trigger_ui.py
[2024-02-21T13:22:44.297+0000] {logging_mixin.py:188} INFO - [2024-02-21T13:22:44.296+0000] {dag.py:3036} INFO - Sync 1 DAGs
[2024-02-21T13:22:44.315+0000] {logging_mixin.py:188} INFO - [2024-02-21T13:22:44.314+0000] {dag.py:3823} INFO - Setting next_dagrun for example_params_trigger_ui to None, run_after=None
[2024-02-21T13:22:44.347+0000] {processor.py:183} INFO - Processing /home/airflow/.local/lib/python3.8/site-packages/airflow/example_dags/example_params_trigger_ui.py took 0.169 seconds
[2024-02-21T13:23:14.457+0000] {processor.py:161} INFO - Started process (PID=960) to work on /home/airflow/.local/lib/python3.8/site-packages/airflow/example_dags/example_params_trigger_ui.py
[2024-02-21T13:23:14.459+0000] {processor.py:830} INFO - Processing file /home/airflow/.local/lib/python3.8/site-packages/airflow/example_dags/example_params_trigger_ui.py for tasks to queue
[2024-02-21T13:23:14.462+0000] {logging_mixin.py:188} INFO - [2024-02-21T13:23:14.461+0000] {dagbag.py:538} INFO - Filling up the DagBag from /home/airflow/.local/lib/python3.8/site-packages/airflow/example_dags/example_params_trigger_ui.py
[2024-02-21T13:23:14.487+0000] {processor.py:840} INFO - DAG(s) 'example_params_trigger_ui' retrieved from /home/airflow/.local/lib/python3.8/site-packages/airflow/example_dags/example_params_trigger_ui.py
[2024-02-21T13:23:14.585+0000] {logging_mixin.py:188} INFO - [2024-02-21T13:23:14.584+0000] {dag.py:3036} INFO - Sync 1 DAGs
[2024-02-21T13:23:14.604+0000] {logging_mixin.py:188} INFO - [2024-02-21T13:23:14.604+0000] {dag.py:3823} INFO - Setting next_dagrun for example_params_trigger_ui to None, run_after=None
[2024-02-21T13:23:14.630+0000] {processor.py:183} INFO - Processing /home/airflow/.local/lib/python3.8/site-packages/airflow/example_dags/example_params_trigger_ui.py took 0.179 seconds
[2024-02-21T13:23:44.663+0000] {processor.py:161} INFO - Started process (PID=1015) to work on /home/airflow/.local/lib/python3.8/site-packages/airflow/example_dags/example_params_trigger_ui.py
[2024-02-21T13:23:44.666+0000] {processor.py:830} INFO - Processing file /home/airflow/.local/lib/python3.8/site-packages/airflow/example_dags/example_params_trigger_ui.py for tasks to queue
[2024-02-21T13:23:44.670+0000] {logging_mixin.py:188} INFO - [2024-02-21T13:23:44.669+0000] {dagbag.py:538} INFO - Filling up the DagBag from /home/airflow/.local/lib/python3.8/site-packages/airflow/example_dags/example_params_trigger_ui.py
[2024-02-21T13:23:44.699+0000] {processor.py:840} INFO - DAG(s) 'example_params_trigger_ui' retrieved from /home/airflow/.local/lib/python3.8/site-packages/airflow/example_dags/example_params_trigger_ui.py
[2024-02-21T13:23:44.787+0000] {logging_mixin.py:188} INFO - [2024-02-21T13:23:44.787+0000] {dag.py:3036} INFO - Sync 1 DAGs
[2024-02-21T13:23:44.806+0000] {logging_mixin.py:188} INFO - [2024-02-21T13:23:44.805+0000] {dag.py:3823} INFO - Setting next_dagrun for example_params_trigger_ui to None, run_after=None
[2024-02-21T13:23:44.832+0000] {processor.py:183} INFO - Processing /home/airflow/.local/lib/python3.8/site-packages/airflow/example_dags/example_params_trigger_ui.py took 0.176 seconds
[2024-02-21T13:24:15.432+0000] {processor.py:161} INFO - Started process (PID=1070) to work on /home/airflow/.local/lib/python3.8/site-packages/airflow/example_dags/example_params_trigger_ui.py
[2024-02-21T13:24:15.434+0000] {processor.py:830} INFO - Processing file /home/airflow/.local/lib/python3.8/site-packages/airflow/example_dags/example_params_trigger_ui.py for tasks to queue
[2024-02-21T13:24:15.437+0000] {logging_mixin.py:188} INFO - [2024-02-21T13:24:15.437+0000] {dagbag.py:538} INFO - Filling up the DagBag from /home/airflow/.local/lib/python3.8/site-packages/airflow/example_dags/example_params_trigger_ui.py
[2024-02-21T13:24:15.463+0000] {processor.py:840} INFO - DAG(s) 'example_params_trigger_ui' retrieved from /home/airflow/.local/lib/python3.8/site-packages/airflow/example_dags/example_params_trigger_ui.py
[2024-02-21T13:24:15.551+0000] {logging_mixin.py:188} INFO - [2024-02-21T13:24:15.550+0000] {dag.py:3036} INFO - Sync 1 DAGs
[2024-02-21T13:24:15.570+0000] {logging_mixin.py:188} INFO - [2024-02-21T13:24:15.569+0000] {dag.py:3823} INFO - Setting next_dagrun for example_params_trigger_ui to None, run_after=None
[2024-02-21T13:24:15.599+0000] {processor.py:183} INFO - Processing /home/airflow/.local/lib/python3.8/site-packages/airflow/example_dags/example_params_trigger_ui.py took 0.174 seconds
[2024-02-21T13:24:46.018+0000] {processor.py:161} INFO - Started process (PID=1125) to work on /home/airflow/.local/lib/python3.8/site-packages/airflow/example_dags/example_params_trigger_ui.py
[2024-02-21T13:24:46.020+0000] {processor.py:830} INFO - Processing file /home/airflow/.local/lib/python3.8/site-packages/airflow/example_dags/example_params_trigger_ui.py for tasks to queue
[2024-02-21T13:24:46.023+0000] {logging_mixin.py:188} INFO - [2024-02-21T13:24:46.023+0000] {dagbag.py:538} INFO - Filling up the DagBag from /home/airflow/.local/lib/python3.8/site-packages/airflow/example_dags/example_params_trigger_ui.py
[2024-02-21T13:24:46.046+0000] {processor.py:840} INFO - DAG(s) 'example_params_trigger_ui' retrieved from /home/airflow/.local/lib/python3.8/site-packages/airflow/example_dags/example_params_trigger_ui.py
[2024-02-21T13:24:46.139+0000] {logging_mixin.py:188} INFO - [2024-02-21T13:24:46.139+0000] {dag.py:3036} INFO - Sync 1 DAGs
[2024-02-21T13:24:46.157+0000] {logging_mixin.py:188} INFO - [2024-02-21T13:24:46.157+0000] {dag.py:3823} INFO - Setting next_dagrun for example_params_trigger_ui to None, run_after=None
[2024-02-21T13:24:46.185+0000] {processor.py:183} INFO - Processing /home/airflow/.local/lib/python3.8/site-packages/airflow/example_dags/example_params_trigger_ui.py took 0.173 seconds
[2024-02-21T13:25:16.440+0000] {processor.py:161} INFO - Started process (PID=1181) to work on /home/airflow/.local/lib/python3.8/site-packages/airflow/example_dags/example_params_trigger_ui.py
[2024-02-21T13:25:16.442+0000] {processor.py:830} INFO - Processing file /home/airflow/.local/lib/python3.8/site-packages/airflow/example_dags/example_params_trigger_ui.py for tasks to queue
[2024-02-21T13:25:16.445+0000] {logging_mixin.py:188} INFO - [2024-02-21T13:25:16.445+0000] {dagbag.py:538} INFO - Filling up the DagBag from /home/airflow/.local/lib/python3.8/site-packages/airflow/example_dags/example_params_trigger_ui.py
[2024-02-21T13:25:16.470+0000] {processor.py:840} INFO - DAG(s) 'example_params_trigger_ui' retrieved from /home/airflow/.local/lib/python3.8/site-packages/airflow/example_dags/example_params_trigger_ui.py
[2024-02-21T13:25:16.564+0000] {logging_mixin.py:188} INFO - [2024-02-21T13:25:16.563+0000] {dag.py:3036} INFO - Sync 1 DAGs
[2024-02-21T13:25:16.583+0000] {logging_mixin.py:188} INFO - [2024-02-21T13:25:16.583+0000] {dag.py:3823} INFO - Setting next_dagrun for example_params_trigger_ui to None, run_after=None
[2024-02-21T13:25:16.614+0000] {processor.py:183} INFO - Processing /home/airflow/.local/lib/python3.8/site-packages/airflow/example_dags/example_params_trigger_ui.py took 0.180 seconds
[2024-02-21T13:25:46.744+0000] {processor.py:161} INFO - Started process (PID=1236) to work on /home/airflow/.local/lib/python3.8/site-packages/airflow/example_dags/example_params_trigger_ui.py
[2024-02-21T13:25:46.746+0000] {processor.py:830} INFO - Processing file /home/airflow/.local/lib/python3.8/site-packages/airflow/example_dags/example_params_trigger_ui.py for tasks to queue
[2024-02-21T13:25:46.750+0000] {logging_mixin.py:188} INFO - [2024-02-21T13:25:46.749+0000] {dagbag.py:538} INFO - Filling up the DagBag from /home/airflow/.local/lib/python3.8/site-packages/airflow/example_dags/example_params_trigger_ui.py
[2024-02-21T13:25:46.802+0000] {processor.py:840} INFO - DAG(s) 'example_params_trigger_ui' retrieved from /home/airflow/.local/lib/python3.8/site-packages/airflow/example_dags/example_params_trigger_ui.py
[2024-02-21T13:25:46.900+0000] {logging_mixin.py:188} INFO - [2024-02-21T13:25:46.899+0000] {dag.py:3036} INFO - Sync 1 DAGs
[2024-02-21T13:25:46.918+0000] {logging_mixin.py:188} INFO - [2024-02-21T13:25:46.918+0000] {dag.py:3823} INFO - Setting next_dagrun for example_params_trigger_ui to None, run_after=None
[2024-02-21T13:25:46.946+0000] {processor.py:183} INFO - Processing /home/airflow/.local/lib/python3.8/site-packages/airflow/example_dags/example_params_trigger_ui.py took 0.209 seconds
[2024-02-21T13:26:17.032+0000] {processor.py:161} INFO - Started process (PID=1291) to work on /home/airflow/.local/lib/python3.8/site-packages/airflow/example_dags/example_params_trigger_ui.py
[2024-02-21T13:26:17.035+0000] {processor.py:830} INFO - Processing file /home/airflow/.local/lib/python3.8/site-packages/airflow/example_dags/example_params_trigger_ui.py for tasks to queue
[2024-02-21T13:26:17.039+0000] {logging_mixin.py:188} INFO - [2024-02-21T13:26:17.039+0000] {dagbag.py:538} INFO - Filling up the DagBag from /home/airflow/.local/lib/python3.8/site-packages/airflow/example_dags/example_params_trigger_ui.py
[2024-02-21T13:26:17.065+0000] {processor.py:840} INFO - DAG(s) 'example_params_trigger_ui' retrieved from /home/airflow/.local/lib/python3.8/site-packages/airflow/example_dags/example_params_trigger_ui.py
[2024-02-21T13:26:17.203+0000] {logging_mixin.py:188} INFO - [2024-02-21T13:26:17.203+0000] {dag.py:3036} INFO - Sync 1 DAGs
[2024-02-21T13:26:17.223+0000] {logging_mixin.py:188} INFO - [2024-02-21T13:26:17.223+0000] {dag.py:3823} INFO - Setting next_dagrun for example_params_trigger_ui to None, run_after=None
[2024-02-21T13:26:17.253+0000] {processor.py:183} INFO - Processing /home/airflow/.local/lib/python3.8/site-packages/airflow/example_dags/example_params_trigger_ui.py took 0.226 seconds
[2024-02-21T13:26:47.409+0000] {processor.py:161} INFO - Started process (PID=1347) to work on /home/airflow/.local/lib/python3.8/site-packages/airflow/example_dags/example_params_trigger_ui.py
[2024-02-21T13:26:47.411+0000] {processor.py:830} INFO - Processing file /home/airflow/.local/lib/python3.8/site-packages/airflow/example_dags/example_params_trigger_ui.py for tasks to queue
[2024-02-21T13:26:47.414+0000] {logging_mixin.py:188} INFO - [2024-02-21T13:26:47.413+0000] {dagbag.py:538} INFO - Filling up the DagBag from /home/airflow/.local/lib/python3.8/site-packages/airflow/example_dags/example_params_trigger_ui.py
[2024-02-21T13:26:47.437+0000] {processor.py:840} INFO - DAG(s) 'example_params_trigger_ui' retrieved from /home/airflow/.local/lib/python3.8/site-packages/airflow/example_dags/example_params_trigger_ui.py
[2024-02-21T13:26:47.524+0000] {logging_mixin.py:188} INFO - [2024-02-21T13:26:47.524+0000] {dag.py:3036} INFO - Sync 1 DAGs
[2024-02-21T13:26:47.542+0000] {logging_mixin.py:188} INFO - [2024-02-21T13:26:47.542+0000] {dag.py:3823} INFO - Setting next_dagrun for example_params_trigger_ui to None, run_after=None
[2024-02-21T13:26:47.569+0000] {processor.py:183} INFO - Processing /home/airflow/.local/lib/python3.8/site-packages/airflow/example_dags/example_params_trigger_ui.py took 0.166 seconds
[2024-02-21T13:27:18.448+0000] {processor.py:161} INFO - Started process (PID=1402) to work on /home/airflow/.local/lib/python3.8/site-packages/airflow/example_dags/example_params_trigger_ui.py
[2024-02-21T13:27:18.450+0000] {processor.py:830} INFO - Processing file /home/airflow/.local/lib/python3.8/site-packages/airflow/example_dags/example_params_trigger_ui.py for tasks to queue
[2024-02-21T13:27:18.454+0000] {logging_mixin.py:188} INFO - [2024-02-21T13:27:18.453+0000] {dagbag.py:538} INFO - Filling up the DagBag from /home/airflow/.local/lib/python3.8/site-packages/airflow/example_dags/example_params_trigger_ui.py
[2024-02-21T13:27:18.479+0000] {processor.py:840} INFO - DAG(s) 'example_params_trigger_ui' retrieved from /home/airflow/.local/lib/python3.8/site-packages/airflow/example_dags/example_params_trigger_ui.py
[2024-02-21T13:27:18.589+0000] {logging_mixin.py:188} INFO - [2024-02-21T13:27:18.588+0000] {dag.py:3036} INFO - Sync 1 DAGs
[2024-02-21T13:27:18.607+0000] {logging_mixin.py:188} INFO - [2024-02-21T13:27:18.606+0000] {dag.py:3823} INFO - Setting next_dagrun for example_params_trigger_ui to None, run_after=None
[2024-02-21T13:27:18.635+0000] {processor.py:183} INFO - Processing /home/airflow/.local/lib/python3.8/site-packages/airflow/example_dags/example_params_trigger_ui.py took 0.193 seconds
[2024-02-21T13:27:48.718+0000] {processor.py:161} INFO - Started process (PID=1458) to work on /home/airflow/.local/lib/python3.8/site-packages/airflow/example_dags/example_params_trigger_ui.py
[2024-02-21T13:27:48.720+0000] {processor.py:830} INFO - Processing file /home/airflow/.local/lib/python3.8/site-packages/airflow/example_dags/example_params_trigger_ui.py for tasks to queue
[2024-02-21T13:27:48.723+0000] {logging_mixin.py:188} INFO - [2024-02-21T13:27:48.722+0000] {dagbag.py:538} INFO - Filling up the DagBag from /home/airflow/.local/lib/python3.8/site-packages/airflow/example_dags/example_params_trigger_ui.py
[2024-02-21T13:27:48.752+0000] {processor.py:840} INFO - DAG(s) 'example_params_trigger_ui' retrieved from /home/airflow/.local/lib/python3.8/site-packages/airflow/example_dags/example_params_trigger_ui.py
[2024-02-21T13:27:48.844+0000] {logging_mixin.py:188} INFO - [2024-02-21T13:27:48.844+0000] {dag.py:3036} INFO - Sync 1 DAGs
[2024-02-21T13:27:48.863+0000] {logging_mixin.py:188} INFO - [2024-02-21T13:27:48.862+0000] {dag.py:3823} INFO - Setting next_dagrun for example_params_trigger_ui to None, run_after=None
[2024-02-21T13:27:48.895+0000] {processor.py:183} INFO - Processing /home/airflow/.local/lib/python3.8/site-packages/airflow/example_dags/example_params_trigger_ui.py took 0.182 seconds
[2024-02-21T13:28:19.256+0000] {processor.py:161} INFO - Started process (PID=1514) to work on /home/airflow/.local/lib/python3.8/site-packages/airflow/example_dags/example_params_trigger_ui.py
[2024-02-21T13:28:19.259+0000] {processor.py:830} INFO - Processing file /home/airflow/.local/lib/python3.8/site-packages/airflow/example_dags/example_params_trigger_ui.py for tasks to queue
[2024-02-21T13:28:19.263+0000] {logging_mixin.py:188} INFO - [2024-02-21T13:28:19.262+0000] {dagbag.py:538} INFO - Filling up the DagBag from /home/airflow/.local/lib/python3.8/site-packages/airflow/example_dags/example_params_trigger_ui.py
[2024-02-21T13:28:19.285+0000] {processor.py:840} INFO - DAG(s) 'example_params_trigger_ui' retrieved from /home/airflow/.local/lib/python3.8/site-packages/airflow/example_dags/example_params_trigger_ui.py
[2024-02-21T13:28:19.368+0000] {logging_mixin.py:188} INFO - [2024-02-21T13:28:19.367+0000] {dag.py:3036} INFO - Sync 1 DAGs
[2024-02-21T13:28:19.386+0000] {logging_mixin.py:188} INFO - [2024-02-21T13:28:19.385+0000] {dag.py:3823} INFO - Setting next_dagrun for example_params_trigger_ui to None, run_after=None
[2024-02-21T13:28:19.412+0000] {processor.py:183} INFO - Processing /home/airflow/.local/lib/python3.8/site-packages/airflow/example_dags/example_params_trigger_ui.py took 0.161 seconds
[2024-02-21T13:28:49.559+0000] {processor.py:161} INFO - Started process (PID=1569) to work on /home/airflow/.local/lib/python3.8/site-packages/airflow/example_dags/example_params_trigger_ui.py
[2024-02-21T13:28:49.560+0000] {processor.py:830} INFO - Processing file /home/airflow/.local/lib/python3.8/site-packages/airflow/example_dags/example_params_trigger_ui.py for tasks to queue
[2024-02-21T13:28:49.563+0000] {logging_mixin.py:188} INFO - [2024-02-21T13:28:49.563+0000] {dagbag.py:538} INFO - Filling up the DagBag from /home/airflow/.local/lib/python3.8/site-packages/airflow/example_dags/example_params_trigger_ui.py
[2024-02-21T13:28:49.586+0000] {processor.py:840} INFO - DAG(s) 'example_params_trigger_ui' retrieved from /home/airflow/.local/lib/python3.8/site-packages/airflow/example_dags/example_params_trigger_ui.py
[2024-02-21T13:28:49.669+0000] {logging_mixin.py:188} INFO - [2024-02-21T13:28:49.669+0000] {dag.py:3036} INFO - Sync 1 DAGs
[2024-02-21T13:28:49.687+0000] {logging_mixin.py:188} INFO - [2024-02-21T13:28:49.687+0000] {dag.py:3823} INFO - Setting next_dagrun for example_params_trigger_ui to None, run_after=None
[2024-02-21T13:28:49.714+0000] {processor.py:183} INFO - Processing /home/airflow/.local/lib/python3.8/site-packages/airflow/example_dags/example_params_trigger_ui.py took 0.161 seconds
[2024-02-21T13:29:20.301+0000] {processor.py:161} INFO - Started process (PID=1630) to work on /home/airflow/.local/lib/python3.8/site-packages/airflow/example_dags/example_params_trigger_ui.py
[2024-02-21T13:29:20.303+0000] {processor.py:830} INFO - Processing file /home/airflow/.local/lib/python3.8/site-packages/airflow/example_dags/example_params_trigger_ui.py for tasks to queue
[2024-02-21T13:29:20.308+0000] {logging_mixin.py:188} INFO - [2024-02-21T13:29:20.307+0000] {dagbag.py:538} INFO - Filling up the DagBag from /home/airflow/.local/lib/python3.8/site-packages/airflow/example_dags/example_params_trigger_ui.py
[2024-02-21T13:29:20.344+0000] {processor.py:840} INFO - DAG(s) 'example_params_trigger_ui' retrieved from /home/airflow/.local/lib/python3.8/site-packages/airflow/example_dags/example_params_trigger_ui.py
[2024-02-21T13:29:20.442+0000] {logging_mixin.py:188} INFO - [2024-02-21T13:29:20.442+0000] {dag.py:3036} INFO - Sync 1 DAGs
[2024-02-21T13:29:20.462+0000] {logging_mixin.py:188} INFO - [2024-02-21T13:29:20.462+0000] {dag.py:3823} INFO - Setting next_dagrun for example_params_trigger_ui to None, run_after=None
[2024-02-21T13:29:20.487+0000] {processor.py:183} INFO - Processing /home/airflow/.local/lib/python3.8/site-packages/airflow/example_dags/example_params_trigger_ui.py took 0.192 seconds
[2024-02-21T13:29:50.821+0000] {processor.py:161} INFO - Started process (PID=1685) to work on /home/airflow/.local/lib/python3.8/site-packages/airflow/example_dags/example_params_trigger_ui.py
[2024-02-21T13:29:50.822+0000] {processor.py:830} INFO - Processing file /home/airflow/.local/lib/python3.8/site-packages/airflow/example_dags/example_params_trigger_ui.py for tasks to queue
[2024-02-21T13:29:50.825+0000] {logging_mixin.py:188} INFO - [2024-02-21T13:29:50.825+0000] {dagbag.py:538} INFO - Filling up the DagBag from /home/airflow/.local/lib/python3.8/site-packages/airflow/example_dags/example_params_trigger_ui.py
[2024-02-21T13:29:50.848+0000] {processor.py:840} INFO - DAG(s) 'example_params_trigger_ui' retrieved from /home/airflow/.local/lib/python3.8/site-packages/airflow/example_dags/example_params_trigger_ui.py
[2024-02-21T13:29:50.931+0000] {logging_mixin.py:188} INFO - [2024-02-21T13:29:50.930+0000] {dag.py:3036} INFO - Sync 1 DAGs
[2024-02-21T13:29:50.950+0000] {logging_mixin.py:188} INFO - [2024-02-21T13:29:50.950+0000] {dag.py:3823} INFO - Setting next_dagrun for example_params_trigger_ui to None, run_after=None
[2024-02-21T13:29:50.979+0000] {processor.py:183} INFO - Processing /home/airflow/.local/lib/python3.8/site-packages/airflow/example_dags/example_params_trigger_ui.py took 0.164 seconds
[2024-02-21T13:30:21.965+0000] {processor.py:161} INFO - Started process (PID=1741) to work on /home/airflow/.local/lib/python3.8/site-packages/airflow/example_dags/example_params_trigger_ui.py
[2024-02-21T13:30:21.968+0000] {processor.py:830} INFO - Processing file /home/airflow/.local/lib/python3.8/site-packages/airflow/example_dags/example_params_trigger_ui.py for tasks to queue
[2024-02-21T13:30:21.971+0000] {logging_mixin.py:188} INFO - [2024-02-21T13:30:21.971+0000] {dagbag.py:538} INFO - Filling up the DagBag from /home/airflow/.local/lib/python3.8/site-packages/airflow/example_dags/example_params_trigger_ui.py
[2024-02-21T13:30:21.996+0000] {processor.py:840} INFO - DAG(s) 'example_params_trigger_ui' retrieved from /home/airflow/.local/lib/python3.8/site-packages/airflow/example_dags/example_params_trigger_ui.py
[2024-02-21T13:30:22.087+0000] {logging_mixin.py:188} INFO - [2024-02-21T13:30:22.087+0000] {dag.py:3036} INFO - Sync 1 DAGs
[2024-02-21T13:30:22.110+0000] {logging_mixin.py:188} INFO - [2024-02-21T13:30:22.110+0000] {dag.py:3823} INFO - Setting next_dagrun for example_params_trigger_ui to None, run_after=None
[2024-02-21T13:30:22.146+0000] {processor.py:183} INFO - Processing /home/airflow/.local/lib/python3.8/site-packages/airflow/example_dags/example_params_trigger_ui.py took 0.187 seconds
[2024-02-21T13:30:52.223+0000] {processor.py:161} INFO - Started process (PID=1795) to work on /home/airflow/.local/lib/python3.8/site-packages/airflow/example_dags/example_params_trigger_ui.py
[2024-02-21T13:30:52.226+0000] {processor.py:830} INFO - Processing file /home/airflow/.local/lib/python3.8/site-packages/airflow/example_dags/example_params_trigger_ui.py for tasks to queue
[2024-02-21T13:30:52.230+0000] {logging_mixin.py:188} INFO - [2024-02-21T13:30:52.229+0000] {dagbag.py:538} INFO - Filling up the DagBag from /home/airflow/.local/lib/python3.8/site-packages/airflow/example_dags/example_params_trigger_ui.py
[2024-02-21T13:30:52.262+0000] {processor.py:840} INFO - DAG(s) 'example_params_trigger_ui' retrieved from /home/airflow/.local/lib/python3.8/site-packages/airflow/example_dags/example_params_trigger_ui.py
[2024-02-21T13:30:52.359+0000] {logging_mixin.py:188} INFO - [2024-02-21T13:30:52.359+0000] {dag.py:3036} INFO - Sync 1 DAGs
[2024-02-21T13:30:52.382+0000] {logging_mixin.py:188} INFO - [2024-02-21T13:30:52.381+0000] {dag.py:3823} INFO - Setting next_dagrun for example_params_trigger_ui to None, run_after=None
[2024-02-21T13:30:52.415+0000] {processor.py:183} INFO - Processing /home/airflow/.local/lib/python3.8/site-packages/airflow/example_dags/example_params_trigger_ui.py took 0.199 seconds
[2024-02-21T13:31:22.502+0000] {processor.py:161} INFO - Started process (PID=1850) to work on /home/airflow/.local/lib/python3.8/site-packages/airflow/example_dags/example_params_trigger_ui.py
[2024-02-21T13:31:22.505+0000] {processor.py:830} INFO - Processing file /home/airflow/.local/lib/python3.8/site-packages/airflow/example_dags/example_params_trigger_ui.py for tasks to queue
[2024-02-21T13:31:22.509+0000] {logging_mixin.py:188} INFO - [2024-02-21T13:31:22.509+0000] {dagbag.py:538} INFO - Filling up the DagBag from /home/airflow/.local/lib/python3.8/site-packages/airflow/example_dags/example_params_trigger_ui.py
[2024-02-21T13:31:22.534+0000] {processor.py:840} INFO - DAG(s) 'example_params_trigger_ui' retrieved from /home/airflow/.local/lib/python3.8/site-packages/airflow/example_dags/example_params_trigger_ui.py
[2024-02-21T13:31:22.639+0000] {logging_mixin.py:188} INFO - [2024-02-21T13:31:22.639+0000] {dag.py:3036} INFO - Sync 1 DAGs
[2024-02-21T13:31:22.661+0000] {logging_mixin.py:188} INFO - [2024-02-21T13:31:22.661+0000] {dag.py:3823} INFO - Setting next_dagrun for example_params_trigger_ui to None, run_after=None
[2024-02-21T13:31:22.696+0000] {processor.py:183} INFO - Processing /home/airflow/.local/lib/python3.8/site-packages/airflow/example_dags/example_params_trigger_ui.py took 0.203 seconds
[2024-02-21T13:31:52.946+0000] {processor.py:161} INFO - Started process (PID=1906) to work on /home/airflow/.local/lib/python3.8/site-packages/airflow/example_dags/example_params_trigger_ui.py
[2024-02-21T13:31:52.947+0000] {processor.py:830} INFO - Processing file /home/airflow/.local/lib/python3.8/site-packages/airflow/example_dags/example_params_trigger_ui.py for tasks to queue
[2024-02-21T13:31:52.950+0000] {logging_mixin.py:188} INFO - [2024-02-21T13:31:52.950+0000] {dagbag.py:538} INFO - Filling up the DagBag from /home/airflow/.local/lib/python3.8/site-packages/airflow/example_dags/example_params_trigger_ui.py
[2024-02-21T13:31:52.973+0000] {processor.py:840} INFO - DAG(s) 'example_params_trigger_ui' retrieved from /home/airflow/.local/lib/python3.8/site-packages/airflow/example_dags/example_params_trigger_ui.py
[2024-02-21T13:31:53.086+0000] {logging_mixin.py:188} INFO - [2024-02-21T13:31:53.085+0000] {dag.py:3036} INFO - Sync 1 DAGs
[2024-02-21T13:31:53.106+0000] {logging_mixin.py:188} INFO - [2024-02-21T13:31:53.105+0000] {dag.py:3823} INFO - Setting next_dagrun for example_params_trigger_ui to None, run_after=None
[2024-02-21T13:31:53.141+0000] {processor.py:183} INFO - Processing /home/airflow/.local/lib/python3.8/site-packages/airflow/example_dags/example_params_trigger_ui.py took 0.201 seconds
[2024-02-21T13:32:23.535+0000] {processor.py:161} INFO - Started process (PID=1959) to work on /home/airflow/.local/lib/python3.8/site-packages/airflow/example_dags/example_params_trigger_ui.py
[2024-02-21T13:32:23.537+0000] {processor.py:830} INFO - Processing file /home/airflow/.local/lib/python3.8/site-packages/airflow/example_dags/example_params_trigger_ui.py for tasks to queue
[2024-02-21T13:32:23.541+0000] {logging_mixin.py:188} INFO - [2024-02-21T13:32:23.540+0000] {dagbag.py:538} INFO - Filling up the DagBag from /home/airflow/.local/lib/python3.8/site-packages/airflow/example_dags/example_params_trigger_ui.py
[2024-02-21T13:32:23.564+0000] {processor.py:840} INFO - DAG(s) 'example_params_trigger_ui' retrieved from /home/airflow/.local/lib/python3.8/site-packages/airflow/example_dags/example_params_trigger_ui.py
[2024-02-21T13:32:23.652+0000] {logging_mixin.py:188} INFO - [2024-02-21T13:32:23.651+0000] {dag.py:3036} INFO - Sync 1 DAGs
[2024-02-21T13:32:23.670+0000] {logging_mixin.py:188} INFO - [2024-02-21T13:32:23.670+0000] {dag.py:3823} INFO - Setting next_dagrun for example_params_trigger_ui to None, run_after=None
[2024-02-21T13:32:23.698+0000] {processor.py:183} INFO - Processing /home/airflow/.local/lib/python3.8/site-packages/airflow/example_dags/example_params_trigger_ui.py took 0.169 seconds
[2024-02-21T13:32:54.420+0000] {processor.py:161} INFO - Started process (PID=2013) to work on /home/airflow/.local/lib/python3.8/site-packages/airflow/example_dags/example_params_trigger_ui.py
[2024-02-21T13:32:54.423+0000] {processor.py:830} INFO - Processing file /home/airflow/.local/lib/python3.8/site-packages/airflow/example_dags/example_params_trigger_ui.py for tasks to queue
[2024-02-21T13:32:54.426+0000] {logging_mixin.py:188} INFO - [2024-02-21T13:32:54.426+0000] {dagbag.py:538} INFO - Filling up the DagBag from /home/airflow/.local/lib/python3.8/site-packages/airflow/example_dags/example_params_trigger_ui.py
[2024-02-21T13:32:54.451+0000] {processor.py:840} INFO - DAG(s) 'example_params_trigger_ui' retrieved from /home/airflow/.local/lib/python3.8/site-packages/airflow/example_dags/example_params_trigger_ui.py
[2024-02-21T13:32:54.553+0000] {logging_mixin.py:188} INFO - [2024-02-21T13:32:54.553+0000] {dag.py:3036} INFO - Sync 1 DAGs
[2024-02-21T13:32:54.572+0000] {logging_mixin.py:188} INFO - [2024-02-21T13:32:54.572+0000] {dag.py:3823} INFO - Setting next_dagrun for example_params_trigger_ui to None, run_after=None
[2024-02-21T13:32:54.600+0000] {processor.py:183} INFO - Processing /home/airflow/.local/lib/python3.8/site-packages/airflow/example_dags/example_params_trigger_ui.py took 0.185 seconds
[2024-02-21T13:33:24.641+0000] {processor.py:161} INFO - Started process (PID=2070) to work on /home/airflow/.local/lib/python3.8/site-packages/airflow/example_dags/example_params_trigger_ui.py
[2024-02-21T13:33:24.643+0000] {processor.py:830} INFO - Processing file /home/airflow/.local/lib/python3.8/site-packages/airflow/example_dags/example_params_trigger_ui.py for tasks to queue
[2024-02-21T13:33:24.646+0000] {logging_mixin.py:188} INFO - [2024-02-21T13:33:24.646+0000] {dagbag.py:538} INFO - Filling up the DagBag from /home/airflow/.local/lib/python3.8/site-packages/airflow/example_dags/example_params_trigger_ui.py
[2024-02-21T13:33:24.670+0000] {processor.py:840} INFO - DAG(s) 'example_params_trigger_ui' retrieved from /home/airflow/.local/lib/python3.8/site-packages/airflow/example_dags/example_params_trigger_ui.py
[2024-02-21T13:33:24.779+0000] {logging_mixin.py:188} INFO - [2024-02-21T13:33:24.779+0000] {dag.py:3036} INFO - Sync 1 DAGs
[2024-02-21T13:33:24.802+0000] {logging_mixin.py:188} INFO - [2024-02-21T13:33:24.802+0000] {dag.py:3823} INFO - Setting next_dagrun for example_params_trigger_ui to None, run_after=None
[2024-02-21T13:33:24.836+0000] {processor.py:183} INFO - Processing /home/airflow/.local/lib/python3.8/site-packages/airflow/example_dags/example_params_trigger_ui.py took 0.202 seconds
[2024-02-21T13:33:55.528+0000] {processor.py:161} INFO - Started process (PID=2123) to work on /home/airflow/.local/lib/python3.8/site-packages/airflow/example_dags/example_params_trigger_ui.py
[2024-02-21T13:33:55.530+0000] {processor.py:830} INFO - Processing file /home/airflow/.local/lib/python3.8/site-packages/airflow/example_dags/example_params_trigger_ui.py for tasks to queue
[2024-02-21T13:33:55.533+0000] {logging_mixin.py:188} INFO - [2024-02-21T13:33:55.533+0000] {dagbag.py:538} INFO - Filling up the DagBag from /home/airflow/.local/lib/python3.8/site-packages/airflow/example_dags/example_params_trigger_ui.py
[2024-02-21T13:33:55.556+0000] {processor.py:840} INFO - DAG(s) 'example_params_trigger_ui' retrieved from /home/airflow/.local/lib/python3.8/site-packages/airflow/example_dags/example_params_trigger_ui.py
[2024-02-21T13:33:55.651+0000] {logging_mixin.py:188} INFO - [2024-02-21T13:33:55.650+0000] {dag.py:3036} INFO - Sync 1 DAGs
[2024-02-21T13:33:55.669+0000] {logging_mixin.py:188} INFO - [2024-02-21T13:33:55.669+0000] {dag.py:3823} INFO - Setting next_dagrun for example_params_trigger_ui to None, run_after=None
[2024-02-21T13:33:55.698+0000] {processor.py:183} INFO - Processing /home/airflow/.local/lib/python3.8/site-packages/airflow/example_dags/example_params_trigger_ui.py took 0.177 seconds
[2024-02-21T13:34:26.070+0000] {processor.py:161} INFO - Started process (PID=2177) to work on /home/airflow/.local/lib/python3.8/site-packages/airflow/example_dags/example_params_trigger_ui.py
[2024-02-21T13:34:26.072+0000] {processor.py:830} INFO - Processing file /home/airflow/.local/lib/python3.8/site-packages/airflow/example_dags/example_params_trigger_ui.py for tasks to queue
[2024-02-21T13:34:26.075+0000] {logging_mixin.py:188} INFO - [2024-02-21T13:34:26.075+0000] {dagbag.py:538} INFO - Filling up the DagBag from /home/airflow/.local/lib/python3.8/site-packages/airflow/example_dags/example_params_trigger_ui.py
[2024-02-21T13:34:26.098+0000] {processor.py:840} INFO - DAG(s) 'example_params_trigger_ui' retrieved from /home/airflow/.local/lib/python3.8/site-packages/airflow/example_dags/example_params_trigger_ui.py
[2024-02-21T13:34:26.183+0000] {logging_mixin.py:188} INFO - [2024-02-21T13:34:26.182+0000] {dag.py:3036} INFO - Sync 1 DAGs
[2024-02-21T13:34:26.202+0000] {logging_mixin.py:188} INFO - [2024-02-21T13:34:26.202+0000] {dag.py:3823} INFO - Setting next_dagrun for example_params_trigger_ui to None, run_after=None
[2024-02-21T13:34:26.233+0000] {processor.py:183} INFO - Processing /home/airflow/.local/lib/python3.8/site-packages/airflow/example_dags/example_params_trigger_ui.py took 0.169 seconds
[2024-02-21T13:34:57.061+0000] {processor.py:161} INFO - Started process (PID=2232) to work on /home/airflow/.local/lib/python3.8/site-packages/airflow/example_dags/example_params_trigger_ui.py
[2024-02-21T13:34:57.062+0000] {processor.py:830} INFO - Processing file /home/airflow/.local/lib/python3.8/site-packages/airflow/example_dags/example_params_trigger_ui.py for tasks to queue
[2024-02-21T13:34:57.065+0000] {logging_mixin.py:188} INFO - [2024-02-21T13:34:57.065+0000] {dagbag.py:538} INFO - Filling up the DagBag from /home/airflow/.local/lib/python3.8/site-packages/airflow/example_dags/example_params_trigger_ui.py
[2024-02-21T13:34:57.088+0000] {processor.py:840} INFO - DAG(s) 'example_params_trigger_ui' retrieved from /home/airflow/.local/lib/python3.8/site-packages/airflow/example_dags/example_params_trigger_ui.py
[2024-02-21T13:34:57.176+0000] {logging_mixin.py:188} INFO - [2024-02-21T13:34:57.176+0000] {dag.py:3036} INFO - Sync 1 DAGs
[2024-02-21T13:34:57.196+0000] {logging_mixin.py:188} INFO - [2024-02-21T13:34:57.195+0000] {dag.py:3823} INFO - Setting next_dagrun for example_params_trigger_ui to None, run_after=None
[2024-02-21T13:34:57.442+0000] {processor.py:183} INFO - Processing /home/airflow/.local/lib/python3.8/site-packages/airflow/example_dags/example_params_trigger_ui.py took 0.387 seconds
[2024-02-21T13:35:27.782+0000] {processor.py:161} INFO - Started process (PID=2287) to work on /home/airflow/.local/lib/python3.8/site-packages/airflow/example_dags/example_params_trigger_ui.py
[2024-02-21T13:35:27.785+0000] {processor.py:830} INFO - Processing file /home/airflow/.local/lib/python3.8/site-packages/airflow/example_dags/example_params_trigger_ui.py for tasks to queue
[2024-02-21T13:35:27.788+0000] {logging_mixin.py:188} INFO - [2024-02-21T13:35:27.787+0000] {dagbag.py:538} INFO - Filling up the DagBag from /home/airflow/.local/lib/python3.8/site-packages/airflow/example_dags/example_params_trigger_ui.py
[2024-02-21T13:35:27.819+0000] {processor.py:840} INFO - DAG(s) 'example_params_trigger_ui' retrieved from /home/airflow/.local/lib/python3.8/site-packages/airflow/example_dags/example_params_trigger_ui.py
[2024-02-21T13:35:27.916+0000] {logging_mixin.py:188} INFO - [2024-02-21T13:35:27.916+0000] {dag.py:3036} INFO - Sync 1 DAGs
[2024-02-21T13:35:27.945+0000] {logging_mixin.py:188} INFO - [2024-02-21T13:35:27.945+0000] {dag.py:3823} INFO - Setting next_dagrun for example_params_trigger_ui to None, run_after=None
[2024-02-21T13:35:27.992+0000] {processor.py:183} INFO - Processing /home/airflow/.local/lib/python3.8/site-packages/airflow/example_dags/example_params_trigger_ui.py took 0.217 seconds
[2024-02-21T13:35:58.124+0000] {processor.py:161} INFO - Started process (PID=2343) to work on /home/airflow/.local/lib/python3.8/site-packages/airflow/example_dags/example_params_trigger_ui.py
[2024-02-21T13:35:58.126+0000] {processor.py:830} INFO - Processing file /home/airflow/.local/lib/python3.8/site-packages/airflow/example_dags/example_params_trigger_ui.py for tasks to queue
[2024-02-21T13:35:58.130+0000] {logging_mixin.py:188} INFO - [2024-02-21T13:35:58.129+0000] {dagbag.py:538} INFO - Filling up the DagBag from /home/airflow/.local/lib/python3.8/site-packages/airflow/example_dags/example_params_trigger_ui.py
[2024-02-21T13:35:58.154+0000] {processor.py:840} INFO - DAG(s) 'example_params_trigger_ui' retrieved from /home/airflow/.local/lib/python3.8/site-packages/airflow/example_dags/example_params_trigger_ui.py
[2024-02-21T13:35:58.269+0000] {logging_mixin.py:188} INFO - [2024-02-21T13:35:58.269+0000] {dag.py:3036} INFO - Sync 1 DAGs
[2024-02-21T13:35:58.289+0000] {logging_mixin.py:188} INFO - [2024-02-21T13:35:58.288+0000] {dag.py:3823} INFO - Setting next_dagrun for example_params_trigger_ui to None, run_after=None
[2024-02-21T13:35:58.318+0000] {processor.py:183} INFO - Processing /home/airflow/.local/lib/python3.8/site-packages/airflow/example_dags/example_params_trigger_ui.py took 0.200 seconds
[2024-02-21T13:36:28.762+0000] {processor.py:161} INFO - Started process (PID=2397) to work on /home/airflow/.local/lib/python3.8/site-packages/airflow/example_dags/example_params_trigger_ui.py
[2024-02-21T13:36:28.765+0000] {processor.py:830} INFO - Processing file /home/airflow/.local/lib/python3.8/site-packages/airflow/example_dags/example_params_trigger_ui.py for tasks to queue
[2024-02-21T13:36:28.768+0000] {logging_mixin.py:188} INFO - [2024-02-21T13:36:28.768+0000] {dagbag.py:538} INFO - Filling up the DagBag from /home/airflow/.local/lib/python3.8/site-packages/airflow/example_dags/example_params_trigger_ui.py
[2024-02-21T13:36:28.793+0000] {processor.py:840} INFO - DAG(s) 'example_params_trigger_ui' retrieved from /home/airflow/.local/lib/python3.8/site-packages/airflow/example_dags/example_params_trigger_ui.py
[2024-02-21T13:36:28.889+0000] {logging_mixin.py:188} INFO - [2024-02-21T13:36:28.889+0000] {dag.py:3036} INFO - Sync 1 DAGs
[2024-02-21T13:36:28.911+0000] {logging_mixin.py:188} INFO - [2024-02-21T13:36:28.910+0000] {dag.py:3823} INFO - Setting next_dagrun for example_params_trigger_ui to None, run_after=None
[2024-02-21T13:36:28.948+0000] {processor.py:183} INFO - Processing /home/airflow/.local/lib/python3.8/site-packages/airflow/example_dags/example_params_trigger_ui.py took 0.193 seconds
[2024-02-21T13:36:59.401+0000] {processor.py:161} INFO - Started process (PID=2453) to work on /home/airflow/.local/lib/python3.8/site-packages/airflow/example_dags/example_params_trigger_ui.py
[2024-02-21T13:36:59.403+0000] {processor.py:830} INFO - Processing file /home/airflow/.local/lib/python3.8/site-packages/airflow/example_dags/example_params_trigger_ui.py for tasks to queue
[2024-02-21T13:36:59.406+0000] {logging_mixin.py:188} INFO - [2024-02-21T13:36:59.406+0000] {dagbag.py:538} INFO - Filling up the DagBag from /home/airflow/.local/lib/python3.8/site-packages/airflow/example_dags/example_params_trigger_ui.py
[2024-02-21T13:36:59.430+0000] {processor.py:840} INFO - DAG(s) 'example_params_trigger_ui' retrieved from /home/airflow/.local/lib/python3.8/site-packages/airflow/example_dags/example_params_trigger_ui.py
[2024-02-21T13:36:59.556+0000] {logging_mixin.py:188} INFO - [2024-02-21T13:36:59.555+0000] {dag.py:3036} INFO - Sync 1 DAGs
[2024-02-21T13:36:59.582+0000] {logging_mixin.py:188} INFO - [2024-02-21T13:36:59.581+0000] {dag.py:3823} INFO - Setting next_dagrun for example_params_trigger_ui to None, run_after=None
[2024-02-21T13:36:59.619+0000] {processor.py:183} INFO - Processing /home/airflow/.local/lib/python3.8/site-packages/airflow/example_dags/example_params_trigger_ui.py took 0.224 seconds
[2024-02-21T13:37:30.193+0000] {processor.py:161} INFO - Started process (PID=2508) to work on /home/airflow/.local/lib/python3.8/site-packages/airflow/example_dags/example_params_trigger_ui.py
[2024-02-21T13:37:30.196+0000] {processor.py:830} INFO - Processing file /home/airflow/.local/lib/python3.8/site-packages/airflow/example_dags/example_params_trigger_ui.py for tasks to queue
[2024-02-21T13:37:30.200+0000] {logging_mixin.py:188} INFO - [2024-02-21T13:37:30.199+0000] {dagbag.py:538} INFO - Filling up the DagBag from /home/airflow/.local/lib/python3.8/site-packages/airflow/example_dags/example_params_trigger_ui.py
[2024-02-21T13:37:30.231+0000] {processor.py:840} INFO - DAG(s) 'example_params_trigger_ui' retrieved from /home/airflow/.local/lib/python3.8/site-packages/airflow/example_dags/example_params_trigger_ui.py
[2024-02-21T13:37:30.329+0000] {logging_mixin.py:188} INFO - [2024-02-21T13:37:30.329+0000] {dag.py:3036} INFO - Sync 1 DAGs
[2024-02-21T13:37:30.350+0000] {logging_mixin.py:188} INFO - [2024-02-21T13:37:30.349+0000] {dag.py:3823} INFO - Setting next_dagrun for example_params_trigger_ui to None, run_after=None
[2024-02-21T13:37:30.378+0000] {processor.py:183} INFO - Processing /home/airflow/.local/lib/python3.8/site-packages/airflow/example_dags/example_params_trigger_ui.py took 0.191 seconds
[2024-02-21T13:38:00.831+0000] {processor.py:161} INFO - Started process (PID=2562) to work on /home/airflow/.local/lib/python3.8/site-packages/airflow/example_dags/example_params_trigger_ui.py
[2024-02-21T13:38:00.834+0000] {processor.py:830} INFO - Processing file /home/airflow/.local/lib/python3.8/site-packages/airflow/example_dags/example_params_trigger_ui.py for tasks to queue
[2024-02-21T13:38:00.837+0000] {logging_mixin.py:188} INFO - [2024-02-21T13:38:00.836+0000] {dagbag.py:538} INFO - Filling up the DagBag from /home/airflow/.local/lib/python3.8/site-packages/airflow/example_dags/example_params_trigger_ui.py
[2024-02-21T13:38:00.868+0000] {processor.py:840} INFO - DAG(s) 'example_params_trigger_ui' retrieved from /home/airflow/.local/lib/python3.8/site-packages/airflow/example_dags/example_params_trigger_ui.py
[2024-02-21T13:38:01.163+0000] {logging_mixin.py:188} INFO - [2024-02-21T13:38:01.162+0000] {dag.py:3036} INFO - Sync 1 DAGs
[2024-02-21T13:38:01.179+0000] {logging_mixin.py:188} INFO - [2024-02-21T13:38:01.178+0000] {dag.py:3823} INFO - Setting next_dagrun for example_params_trigger_ui to None, run_after=None
[2024-02-21T13:38:01.210+0000] {processor.py:183} INFO - Processing /home/airflow/.local/lib/python3.8/site-packages/airflow/example_dags/example_params_trigger_ui.py took 0.387 seconds
[2024-02-21T13:38:31.588+0000] {processor.py:161} INFO - Started process (PID=2618) to work on /home/airflow/.local/lib/python3.8/site-packages/airflow/example_dags/example_params_trigger_ui.py
[2024-02-21T13:38:31.591+0000] {processor.py:830} INFO - Processing file /home/airflow/.local/lib/python3.8/site-packages/airflow/example_dags/example_params_trigger_ui.py for tasks to queue
[2024-02-21T13:38:31.594+0000] {logging_mixin.py:188} INFO - [2024-02-21T13:38:31.593+0000] {dagbag.py:538} INFO - Filling up the DagBag from /home/airflow/.local/lib/python3.8/site-packages/airflow/example_dags/example_params_trigger_ui.py
[2024-02-21T13:38:31.617+0000] {processor.py:840} INFO - DAG(s) 'example_params_trigger_ui' retrieved from /home/airflow/.local/lib/python3.8/site-packages/airflow/example_dags/example_params_trigger_ui.py
[2024-02-21T13:38:31.706+0000] {logging_mixin.py:188} INFO - [2024-02-21T13:38:31.705+0000] {dag.py:3036} INFO - Sync 1 DAGs
[2024-02-21T13:38:31.939+0000] {logging_mixin.py:188} INFO - [2024-02-21T13:38:31.939+0000] {dag.py:3823} INFO - Setting next_dagrun for example_params_trigger_ui to None, run_after=None
[2024-02-21T13:38:31.978+0000] {processor.py:183} INFO - Processing /home/airflow/.local/lib/python3.8/site-packages/airflow/example_dags/example_params_trigger_ui.py took 0.396 seconds
