[2024-02-21T13:14:58.322+0000] {processor.py:161} INFO - Started process (PID=53) to work on /home/airflow/.local/lib/python3.8/site-packages/airflow/example_dags/example_task_group.py
[2024-02-21T13:14:58.324+0000] {processor.py:830} INFO - Processing file /home/airflow/.local/lib/python3.8/site-packages/airflow/example_dags/example_task_group.py for tasks to queue
[2024-02-21T13:14:58.328+0000] {logging_mixin.py:188} INFO - [2024-02-21T13:14:58.328+0000] {dagbag.py:538} INFO - Filling up the DagBag from /home/airflow/.local/lib/python3.8/site-packages/airflow/example_dags/example_task_group.py
[2024-02-21T13:14:58.353+0000] {processor.py:840} INFO - DAG(s) 'example_task_group' retrieved from /home/airflow/.local/lib/python3.8/site-packages/airflow/example_dags/example_task_group.py
[2024-02-21T13:14:58.638+0000] {logging_mixin.py:188} INFO - [2024-02-21T13:14:58.636+0000] {override.py:1769} INFO - Created Permission View: can read on DAG:example_task_group
[2024-02-21T13:14:58.673+0000] {logging_mixin.py:188} INFO - [2024-02-21T13:14:58.673+0000] {override.py:1769} INFO - Created Permission View: can edit on DAG:example_task_group
[2024-02-21T13:14:58.696+0000] {logging_mixin.py:188} INFO - [2024-02-21T13:14:58.695+0000] {override.py:1769} INFO - Created Permission View: can delete on DAG:example_task_group
[2024-02-21T13:14:58.697+0000] {logging_mixin.py:188} INFO - [2024-02-21T13:14:58.697+0000] {dag.py:3036} INFO - Sync 1 DAGs
[2024-02-21T13:14:58.746+0000] {logging_mixin.py:188} INFO - [2024-02-21T13:14:58.745+0000] {dag.py:3058} INFO - Creating ORM DAG for example_task_group
[2024-02-21T13:14:58.778+0000] {logging_mixin.py:188} INFO - [2024-02-21T13:14:58.778+0000] {dag.py:3823} INFO - Setting next_dagrun for example_task_group to 2024-02-20 00:00:00+00:00, run_after=2024-02-21 00:00:00+00:00
[2024-02-21T13:14:58.831+0000] {processor.py:183} INFO - Processing /home/airflow/.local/lib/python3.8/site-packages/airflow/example_dags/example_task_group.py took 0.518 seconds
[2024-02-21T13:15:28.907+0000] {processor.py:161} INFO - Started process (PID=107) to work on /home/airflow/.local/lib/python3.8/site-packages/airflow/example_dags/example_task_group.py
[2024-02-21T13:15:28.908+0000] {processor.py:830} INFO - Processing file /home/airflow/.local/lib/python3.8/site-packages/airflow/example_dags/example_task_group.py for tasks to queue
[2024-02-21T13:15:28.912+0000] {logging_mixin.py:188} INFO - [2024-02-21T13:15:28.912+0000] {dagbag.py:538} INFO - Filling up the DagBag from /home/airflow/.local/lib/python3.8/site-packages/airflow/example_dags/example_task_group.py
[2024-02-21T13:15:28.929+0000] {processor.py:840} INFO - DAG(s) 'example_task_group' retrieved from /home/airflow/.local/lib/python3.8/site-packages/airflow/example_dags/example_task_group.py
[2024-02-21T13:15:28.988+0000] {logging_mixin.py:188} INFO - [2024-02-21T13:15:28.987+0000] {dag.py:3036} INFO - Sync 1 DAGs
[2024-02-21T13:15:29.032+0000] {logging_mixin.py:188} INFO - [2024-02-21T13:15:29.032+0000] {dag.py:3823} INFO - Setting next_dagrun for example_task_group to 2024-02-20 00:00:00+00:00, run_after=2024-02-21 00:00:00+00:00
[2024-02-21T13:15:29.063+0000] {processor.py:183} INFO - Processing /home/airflow/.local/lib/python3.8/site-packages/airflow/example_dags/example_task_group.py took 0.163 seconds
[2024-02-21T13:15:59.168+0000] {processor.py:161} INFO - Started process (PID=161) to work on /home/airflow/.local/lib/python3.8/site-packages/airflow/example_dags/example_task_group.py
[2024-02-21T13:15:59.170+0000] {processor.py:830} INFO - Processing file /home/airflow/.local/lib/python3.8/site-packages/airflow/example_dags/example_task_group.py for tasks to queue
[2024-02-21T13:15:59.173+0000] {logging_mixin.py:188} INFO - [2024-02-21T13:15:59.172+0000] {dagbag.py:538} INFO - Filling up the DagBag from /home/airflow/.local/lib/python3.8/site-packages/airflow/example_dags/example_task_group.py
[2024-02-21T13:15:59.185+0000] {processor.py:840} INFO - DAG(s) 'example_task_group' retrieved from /home/airflow/.local/lib/python3.8/site-packages/airflow/example_dags/example_task_group.py
[2024-02-21T13:15:59.221+0000] {logging_mixin.py:188} INFO - [2024-02-21T13:15:59.220+0000] {dag.py:3036} INFO - Sync 1 DAGs
[2024-02-21T13:15:59.254+0000] {logging_mixin.py:188} INFO - [2024-02-21T13:15:59.253+0000] {dag.py:3823} INFO - Setting next_dagrun for example_task_group to 2024-02-20 00:00:00+00:00, run_after=2024-02-21 00:00:00+00:00
[2024-02-21T13:15:59.280+0000] {processor.py:183} INFO - Processing /home/airflow/.local/lib/python3.8/site-packages/airflow/example_dags/example_task_group.py took 0.117 seconds
[2024-02-21T13:16:29.668+0000] {processor.py:161} INFO - Started process (PID=217) to work on /home/airflow/.local/lib/python3.8/site-packages/airflow/example_dags/example_task_group.py
[2024-02-21T13:16:29.670+0000] {processor.py:830} INFO - Processing file /home/airflow/.local/lib/python3.8/site-packages/airflow/example_dags/example_task_group.py for tasks to queue
[2024-02-21T13:16:29.673+0000] {logging_mixin.py:188} INFO - [2024-02-21T13:16:29.673+0000] {dagbag.py:538} INFO - Filling up the DagBag from /home/airflow/.local/lib/python3.8/site-packages/airflow/example_dags/example_task_group.py
[2024-02-21T13:16:29.686+0000] {processor.py:840} INFO - DAG(s) 'example_task_group' retrieved from /home/airflow/.local/lib/python3.8/site-packages/airflow/example_dags/example_task_group.py
[2024-02-21T13:16:29.723+0000] {logging_mixin.py:188} INFO - [2024-02-21T13:16:29.722+0000] {dag.py:3036} INFO - Sync 1 DAGs
[2024-02-21T13:16:29.763+0000] {logging_mixin.py:188} INFO - [2024-02-21T13:16:29.762+0000] {dag.py:3823} INFO - Setting next_dagrun for example_task_group to 2024-02-20 00:00:00+00:00, run_after=2024-02-21 00:00:00+00:00
[2024-02-21T13:16:29.791+0000] {processor.py:183} INFO - Processing /home/airflow/.local/lib/python3.8/site-packages/airflow/example_dags/example_task_group.py took 0.130 seconds
[2024-02-21T13:16:59.990+0000] {processor.py:161} INFO - Started process (PID=271) to work on /home/airflow/.local/lib/python3.8/site-packages/airflow/example_dags/example_task_group.py
[2024-02-21T13:16:59.995+0000] {processor.py:830} INFO - Processing file /home/airflow/.local/lib/python3.8/site-packages/airflow/example_dags/example_task_group.py for tasks to queue
[2024-02-21T13:17:00.000+0000] {logging_mixin.py:188} INFO - [2024-02-21T13:16:59.998+0000] {dagbag.py:538} INFO - Filling up the DagBag from /home/airflow/.local/lib/python3.8/site-packages/airflow/example_dags/example_task_group.py
[2024-02-21T13:17:00.017+0000] {processor.py:840} INFO - DAG(s) 'example_task_group' retrieved from /home/airflow/.local/lib/python3.8/site-packages/airflow/example_dags/example_task_group.py
[2024-02-21T13:17:00.071+0000] {logging_mixin.py:188} INFO - [2024-02-21T13:17:00.071+0000] {dag.py:3036} INFO - Sync 1 DAGs
[2024-02-21T13:17:00.132+0000] {logging_mixin.py:188} INFO - [2024-02-21T13:17:00.132+0000] {dag.py:3823} INFO - Setting next_dagrun for example_task_group to 2024-02-20 00:00:00+00:00, run_after=2024-02-21 00:00:00+00:00
[2024-02-21T13:17:00.174+0000] {processor.py:183} INFO - Processing /home/airflow/.local/lib/python3.8/site-packages/airflow/example_dags/example_task_group.py took 0.193 seconds
[2024-02-21T13:17:30.240+0000] {processor.py:161} INFO - Started process (PID=327) to work on /home/airflow/.local/lib/python3.8/site-packages/airflow/example_dags/example_task_group.py
[2024-02-21T13:17:30.242+0000] {processor.py:830} INFO - Processing file /home/airflow/.local/lib/python3.8/site-packages/airflow/example_dags/example_task_group.py for tasks to queue
[2024-02-21T13:17:30.247+0000] {logging_mixin.py:188} INFO - [2024-02-21T13:17:30.246+0000] {dagbag.py:538} INFO - Filling up the DagBag from /home/airflow/.local/lib/python3.8/site-packages/airflow/example_dags/example_task_group.py
[2024-02-21T13:17:30.264+0000] {processor.py:840} INFO - DAG(s) 'example_task_group' retrieved from /home/airflow/.local/lib/python3.8/site-packages/airflow/example_dags/example_task_group.py
[2024-02-21T13:17:30.299+0000] {logging_mixin.py:188} INFO - [2024-02-21T13:17:30.299+0000] {dag.py:3036} INFO - Sync 1 DAGs
[2024-02-21T13:17:30.334+0000] {logging_mixin.py:188} INFO - [2024-02-21T13:17:30.333+0000] {dag.py:3823} INFO - Setting next_dagrun for example_task_group to 2024-02-20 00:00:00+00:00, run_after=2024-02-21 00:00:00+00:00
[2024-02-21T13:17:30.363+0000] {processor.py:183} INFO - Processing /home/airflow/.local/lib/python3.8/site-packages/airflow/example_dags/example_task_group.py took 0.129 seconds
[2024-02-21T13:18:00.771+0000] {processor.py:161} INFO - Started process (PID=382) to work on /home/airflow/.local/lib/python3.8/site-packages/airflow/example_dags/example_task_group.py
[2024-02-21T13:18:00.774+0000] {processor.py:830} INFO - Processing file /home/airflow/.local/lib/python3.8/site-packages/airflow/example_dags/example_task_group.py for tasks to queue
[2024-02-21T13:18:00.778+0000] {logging_mixin.py:188} INFO - [2024-02-21T13:18:00.777+0000] {dagbag.py:538} INFO - Filling up the DagBag from /home/airflow/.local/lib/python3.8/site-packages/airflow/example_dags/example_task_group.py
[2024-02-21T13:18:00.794+0000] {processor.py:840} INFO - DAG(s) 'example_task_group' retrieved from /home/airflow/.local/lib/python3.8/site-packages/airflow/example_dags/example_task_group.py
[2024-02-21T13:18:00.832+0000] {logging_mixin.py:188} INFO - [2024-02-21T13:18:00.832+0000] {dag.py:3036} INFO - Sync 1 DAGs
[2024-02-21T13:18:00.865+0000] {logging_mixin.py:188} INFO - [2024-02-21T13:18:00.865+0000] {dag.py:3823} INFO - Setting next_dagrun for example_task_group to 2024-02-20 00:00:00+00:00, run_after=2024-02-21 00:00:00+00:00
[2024-02-21T13:18:00.892+0000] {processor.py:183} INFO - Processing /home/airflow/.local/lib/python3.8/site-packages/airflow/example_dags/example_task_group.py took 0.127 seconds
[2024-02-21T13:18:31.111+0000] {processor.py:161} INFO - Started process (PID=437) to work on /home/airflow/.local/lib/python3.8/site-packages/airflow/example_dags/example_task_group.py
[2024-02-21T13:18:31.114+0000] {processor.py:830} INFO - Processing file /home/airflow/.local/lib/python3.8/site-packages/airflow/example_dags/example_task_group.py for tasks to queue
[2024-02-21T13:18:31.118+0000] {logging_mixin.py:188} INFO - [2024-02-21T13:18:31.118+0000] {dagbag.py:538} INFO - Filling up the DagBag from /home/airflow/.local/lib/python3.8/site-packages/airflow/example_dags/example_task_group.py
[2024-02-21T13:18:31.130+0000] {processor.py:840} INFO - DAG(s) 'example_task_group' retrieved from /home/airflow/.local/lib/python3.8/site-packages/airflow/example_dags/example_task_group.py
[2024-02-21T13:18:31.169+0000] {logging_mixin.py:188} INFO - [2024-02-21T13:18:31.169+0000] {dag.py:3036} INFO - Sync 1 DAGs
[2024-02-21T13:18:31.203+0000] {logging_mixin.py:188} INFO - [2024-02-21T13:18:31.202+0000] {dag.py:3823} INFO - Setting next_dagrun for example_task_group to 2024-02-20 00:00:00+00:00, run_after=2024-02-21 00:00:00+00:00
[2024-02-21T13:18:31.231+0000] {processor.py:183} INFO - Processing /home/airflow/.local/lib/python3.8/site-packages/airflow/example_dags/example_task_group.py took 0.126 seconds
[2024-02-21T13:19:01.543+0000] {processor.py:161} INFO - Started process (PID=492) to work on /home/airflow/.local/lib/python3.8/site-packages/airflow/example_dags/example_task_group.py
[2024-02-21T13:19:01.546+0000] {processor.py:830} INFO - Processing file /home/airflow/.local/lib/python3.8/site-packages/airflow/example_dags/example_task_group.py for tasks to queue
[2024-02-21T13:19:01.549+0000] {logging_mixin.py:188} INFO - [2024-02-21T13:19:01.549+0000] {dagbag.py:538} INFO - Filling up the DagBag from /home/airflow/.local/lib/python3.8/site-packages/airflow/example_dags/example_task_group.py
[2024-02-21T13:19:01.562+0000] {processor.py:840} INFO - DAG(s) 'example_task_group' retrieved from /home/airflow/.local/lib/python3.8/site-packages/airflow/example_dags/example_task_group.py
[2024-02-21T13:19:01.599+0000] {logging_mixin.py:188} INFO - [2024-02-21T13:19:01.598+0000] {dag.py:3036} INFO - Sync 1 DAGs
[2024-02-21T13:19:01.635+0000] {logging_mixin.py:188} INFO - [2024-02-21T13:19:01.635+0000] {dag.py:3823} INFO - Setting next_dagrun for example_task_group to 2024-02-20 00:00:00+00:00, run_after=2024-02-21 00:00:00+00:00
[2024-02-21T13:19:01.664+0000] {processor.py:183} INFO - Processing /home/airflow/.local/lib/python3.8/site-packages/airflow/example_dags/example_task_group.py took 0.127 seconds
[2024-02-21T13:19:31.833+0000] {processor.py:161} INFO - Started process (PID=547) to work on /home/airflow/.local/lib/python3.8/site-packages/airflow/example_dags/example_task_group.py
[2024-02-21T13:19:31.834+0000] {processor.py:830} INFO - Processing file /home/airflow/.local/lib/python3.8/site-packages/airflow/example_dags/example_task_group.py for tasks to queue
[2024-02-21T13:19:31.837+0000] {logging_mixin.py:188} INFO - [2024-02-21T13:19:31.837+0000] {dagbag.py:538} INFO - Filling up the DagBag from /home/airflow/.local/lib/python3.8/site-packages/airflow/example_dags/example_task_group.py
[2024-02-21T13:19:31.849+0000] {processor.py:840} INFO - DAG(s) 'example_task_group' retrieved from /home/airflow/.local/lib/python3.8/site-packages/airflow/example_dags/example_task_group.py
[2024-02-21T13:19:31.891+0000] {logging_mixin.py:188} INFO - [2024-02-21T13:19:31.890+0000] {dag.py:3036} INFO - Sync 1 DAGs
[2024-02-21T13:19:31.923+0000] {logging_mixin.py:188} INFO - [2024-02-21T13:19:31.922+0000] {dag.py:3823} INFO - Setting next_dagrun for example_task_group to 2024-02-20 00:00:00+00:00, run_after=2024-02-21 00:00:00+00:00
[2024-02-21T13:19:31.949+0000] {processor.py:183} INFO - Processing /home/airflow/.local/lib/python3.8/site-packages/airflow/example_dags/example_task_group.py took 0.122 seconds
[2024-02-21T13:20:02.468+0000] {processor.py:161} INFO - Started process (PID=602) to work on /home/airflow/.local/lib/python3.8/site-packages/airflow/example_dags/example_task_group.py
[2024-02-21T13:20:02.472+0000] {processor.py:830} INFO - Processing file /home/airflow/.local/lib/python3.8/site-packages/airflow/example_dags/example_task_group.py for tasks to queue
[2024-02-21T13:20:02.477+0000] {logging_mixin.py:188} INFO - [2024-02-21T13:20:02.476+0000] {dagbag.py:538} INFO - Filling up the DagBag from /home/airflow/.local/lib/python3.8/site-packages/airflow/example_dags/example_task_group.py
[2024-02-21T13:20:02.494+0000] {processor.py:840} INFO - DAG(s) 'example_task_group' retrieved from /home/airflow/.local/lib/python3.8/site-packages/airflow/example_dags/example_task_group.py
[2024-02-21T13:20:02.540+0000] {logging_mixin.py:188} INFO - [2024-02-21T13:20:02.539+0000] {dag.py:3036} INFO - Sync 1 DAGs
[2024-02-21T13:20:02.585+0000] {logging_mixin.py:188} INFO - [2024-02-21T13:20:02.584+0000] {dag.py:3823} INFO - Setting next_dagrun for example_task_group to 2024-02-20 00:00:00+00:00, run_after=2024-02-21 00:00:00+00:00
[2024-02-21T13:20:02.643+0000] {processor.py:183} INFO - Processing /home/airflow/.local/lib/python3.8/site-packages/airflow/example_dags/example_task_group.py took 0.183 seconds
[2024-02-21T13:20:33.145+0000] {processor.py:161} INFO - Started process (PID=656) to work on /home/airflow/.local/lib/python3.8/site-packages/airflow/example_dags/example_task_group.py
[2024-02-21T13:20:33.146+0000] {processor.py:830} INFO - Processing file /home/airflow/.local/lib/python3.8/site-packages/airflow/example_dags/example_task_group.py for tasks to queue
[2024-02-21T13:20:33.150+0000] {logging_mixin.py:188} INFO - [2024-02-21T13:20:33.150+0000] {dagbag.py:538} INFO - Filling up the DagBag from /home/airflow/.local/lib/python3.8/site-packages/airflow/example_dags/example_task_group.py
[2024-02-21T13:20:33.167+0000] {processor.py:840} INFO - DAG(s) 'example_task_group' retrieved from /home/airflow/.local/lib/python3.8/site-packages/airflow/example_dags/example_task_group.py
[2024-02-21T13:20:33.203+0000] {logging_mixin.py:188} INFO - [2024-02-21T13:20:33.203+0000] {dag.py:3036} INFO - Sync 1 DAGs
[2024-02-21T13:20:33.238+0000] {logging_mixin.py:188} INFO - [2024-02-21T13:20:33.237+0000] {dag.py:3823} INFO - Setting next_dagrun for example_task_group to 2024-02-20 00:00:00+00:00, run_after=2024-02-21 00:00:00+00:00
[2024-02-21T13:20:33.263+0000] {processor.py:183} INFO - Processing /home/airflow/.local/lib/python3.8/site-packages/airflow/example_dags/example_task_group.py took 0.124 seconds
[2024-02-21T13:21:03.838+0000] {processor.py:161} INFO - Started process (PID=712) to work on /home/airflow/.local/lib/python3.8/site-packages/airflow/example_dags/example_task_group.py
[2024-02-21T13:21:03.840+0000] {processor.py:830} INFO - Processing file /home/airflow/.local/lib/python3.8/site-packages/airflow/example_dags/example_task_group.py for tasks to queue
[2024-02-21T13:21:03.844+0000] {logging_mixin.py:188} INFO - [2024-02-21T13:21:03.843+0000] {dagbag.py:538} INFO - Filling up the DagBag from /home/airflow/.local/lib/python3.8/site-packages/airflow/example_dags/example_task_group.py
[2024-02-21T13:21:03.859+0000] {processor.py:840} INFO - DAG(s) 'example_task_group' retrieved from /home/airflow/.local/lib/python3.8/site-packages/airflow/example_dags/example_task_group.py
[2024-02-21T13:21:03.902+0000] {logging_mixin.py:188} INFO - [2024-02-21T13:21:03.901+0000] {dag.py:3036} INFO - Sync 1 DAGs
[2024-02-21T13:21:03.944+0000] {logging_mixin.py:188} INFO - [2024-02-21T13:21:03.943+0000] {dag.py:3823} INFO - Setting next_dagrun for example_task_group to 2024-02-20 00:00:00+00:00, run_after=2024-02-21 00:00:00+00:00
[2024-02-21T13:21:03.979+0000] {processor.py:183} INFO - Processing /home/airflow/.local/lib/python3.8/site-packages/airflow/example_dags/example_task_group.py took 0.147 seconds
[2024-02-21T13:21:34.381+0000] {processor.py:161} INFO - Started process (PID=766) to work on /home/airflow/.local/lib/python3.8/site-packages/airflow/example_dags/example_task_group.py
[2024-02-21T13:21:34.382+0000] {processor.py:830} INFO - Processing file /home/airflow/.local/lib/python3.8/site-packages/airflow/example_dags/example_task_group.py for tasks to queue
[2024-02-21T13:21:34.385+0000] {logging_mixin.py:188} INFO - [2024-02-21T13:21:34.385+0000] {dagbag.py:538} INFO - Filling up the DagBag from /home/airflow/.local/lib/python3.8/site-packages/airflow/example_dags/example_task_group.py
[2024-02-21T13:21:34.398+0000] {processor.py:840} INFO - DAG(s) 'example_task_group' retrieved from /home/airflow/.local/lib/python3.8/site-packages/airflow/example_dags/example_task_group.py
[2024-02-21T13:21:34.432+0000] {logging_mixin.py:188} INFO - [2024-02-21T13:21:34.432+0000] {dag.py:3036} INFO - Sync 1 DAGs
[2024-02-21T13:21:34.465+0000] {logging_mixin.py:188} INFO - [2024-02-21T13:21:34.465+0000] {dag.py:3823} INFO - Setting next_dagrun for example_task_group to 2024-02-20 00:00:00+00:00, run_after=2024-02-21 00:00:00+00:00
[2024-02-21T13:21:34.491+0000] {processor.py:183} INFO - Processing /home/airflow/.local/lib/python3.8/site-packages/airflow/example_dags/example_task_group.py took 0.117 seconds
[2024-02-21T13:22:05.327+0000] {processor.py:161} INFO - Started process (PID=821) to work on /home/airflow/.local/lib/python3.8/site-packages/airflow/example_dags/example_task_group.py
[2024-02-21T13:22:05.329+0000] {processor.py:830} INFO - Processing file /home/airflow/.local/lib/python3.8/site-packages/airflow/example_dags/example_task_group.py for tasks to queue
[2024-02-21T13:22:05.332+0000] {logging_mixin.py:188} INFO - [2024-02-21T13:22:05.332+0000] {dagbag.py:538} INFO - Filling up the DagBag from /home/airflow/.local/lib/python3.8/site-packages/airflow/example_dags/example_task_group.py
[2024-02-21T13:22:05.344+0000] {processor.py:840} INFO - DAG(s) 'example_task_group' retrieved from /home/airflow/.local/lib/python3.8/site-packages/airflow/example_dags/example_task_group.py
[2024-02-21T13:22:05.388+0000] {logging_mixin.py:188} INFO - [2024-02-21T13:22:05.388+0000] {dag.py:3036} INFO - Sync 1 DAGs
[2024-02-21T13:22:05.429+0000] {logging_mixin.py:188} INFO - [2024-02-21T13:22:05.428+0000] {dag.py:3823} INFO - Setting next_dagrun for example_task_group to 2024-02-20 00:00:00+00:00, run_after=2024-02-21 00:00:00+00:00
[2024-02-21T13:22:05.455+0000] {processor.py:183} INFO - Processing /home/airflow/.local/lib/python3.8/site-packages/airflow/example_dags/example_task_group.py took 0.134 seconds
[2024-02-21T13:22:35.919+0000] {processor.py:161} INFO - Started process (PID=876) to work on /home/airflow/.local/lib/python3.8/site-packages/airflow/example_dags/example_task_group.py
[2024-02-21T13:22:35.921+0000] {processor.py:830} INFO - Processing file /home/airflow/.local/lib/python3.8/site-packages/airflow/example_dags/example_task_group.py for tasks to queue
[2024-02-21T13:22:35.924+0000] {logging_mixin.py:188} INFO - [2024-02-21T13:22:35.923+0000] {dagbag.py:538} INFO - Filling up the DagBag from /home/airflow/.local/lib/python3.8/site-packages/airflow/example_dags/example_task_group.py
[2024-02-21T13:22:35.939+0000] {processor.py:840} INFO - DAG(s) 'example_task_group' retrieved from /home/airflow/.local/lib/python3.8/site-packages/airflow/example_dags/example_task_group.py
[2024-02-21T13:22:35.974+0000] {logging_mixin.py:188} INFO - [2024-02-21T13:22:35.974+0000] {dag.py:3036} INFO - Sync 1 DAGs
[2024-02-21T13:22:36.012+0000] {logging_mixin.py:188} INFO - [2024-02-21T13:22:36.012+0000] {dag.py:3823} INFO - Setting next_dagrun for example_task_group to 2024-02-20 00:00:00+00:00, run_after=2024-02-21 00:00:00+00:00
[2024-02-21T13:22:36.046+0000] {processor.py:183} INFO - Processing /home/airflow/.local/lib/python3.8/site-packages/airflow/example_dags/example_task_group.py took 0.133 seconds
[2024-02-21T13:23:06.854+0000] {processor.py:161} INFO - Started process (PID=931) to work on /home/airflow/.local/lib/python3.8/site-packages/airflow/example_dags/example_task_group.py
[2024-02-21T13:23:06.857+0000] {processor.py:830} INFO - Processing file /home/airflow/.local/lib/python3.8/site-packages/airflow/example_dags/example_task_group.py for tasks to queue
[2024-02-21T13:23:06.860+0000] {logging_mixin.py:188} INFO - [2024-02-21T13:23:06.860+0000] {dagbag.py:538} INFO - Filling up the DagBag from /home/airflow/.local/lib/python3.8/site-packages/airflow/example_dags/example_task_group.py
[2024-02-21T13:23:06.873+0000] {processor.py:840} INFO - DAG(s) 'example_task_group' retrieved from /home/airflow/.local/lib/python3.8/site-packages/airflow/example_dags/example_task_group.py
[2024-02-21T13:23:06.907+0000] {logging_mixin.py:188} INFO - [2024-02-21T13:23:06.907+0000] {dag.py:3036} INFO - Sync 1 DAGs
[2024-02-21T13:23:06.943+0000] {logging_mixin.py:188} INFO - [2024-02-21T13:23:06.943+0000] {dag.py:3823} INFO - Setting next_dagrun for example_task_group to 2024-02-20 00:00:00+00:00, run_after=2024-02-21 00:00:00+00:00
[2024-02-21T13:23:06.972+0000] {processor.py:183} INFO - Processing /home/airflow/.local/lib/python3.8/site-packages/airflow/example_dags/example_task_group.py took 0.123 seconds
[2024-02-21T13:23:37.089+0000] {processor.py:161} INFO - Started process (PID=986) to work on /home/airflow/.local/lib/python3.8/site-packages/airflow/example_dags/example_task_group.py
[2024-02-21T13:23:37.092+0000] {processor.py:830} INFO - Processing file /home/airflow/.local/lib/python3.8/site-packages/airflow/example_dags/example_task_group.py for tasks to queue
[2024-02-21T13:23:37.095+0000] {logging_mixin.py:188} INFO - [2024-02-21T13:23:37.094+0000] {dagbag.py:538} INFO - Filling up the DagBag from /home/airflow/.local/lib/python3.8/site-packages/airflow/example_dags/example_task_group.py
[2024-02-21T13:23:37.107+0000] {processor.py:840} INFO - DAG(s) 'example_task_group' retrieved from /home/airflow/.local/lib/python3.8/site-packages/airflow/example_dags/example_task_group.py
[2024-02-21T13:23:37.143+0000] {logging_mixin.py:188} INFO - [2024-02-21T13:23:37.143+0000] {dag.py:3036} INFO - Sync 1 DAGs
[2024-02-21T13:23:37.178+0000] {logging_mixin.py:188} INFO - [2024-02-21T13:23:37.177+0000] {dag.py:3823} INFO - Setting next_dagrun for example_task_group to 2024-02-20 00:00:00+00:00, run_after=2024-02-21 00:00:00+00:00
[2024-02-21T13:23:37.205+0000] {processor.py:183} INFO - Processing /home/airflow/.local/lib/python3.8/site-packages/airflow/example_dags/example_task_group.py took 0.122 seconds
[2024-02-21T13:24:08.011+0000] {processor.py:161} INFO - Started process (PID=1041) to work on /home/airflow/.local/lib/python3.8/site-packages/airflow/example_dags/example_task_group.py
[2024-02-21T13:24:08.014+0000] {processor.py:830} INFO - Processing file /home/airflow/.local/lib/python3.8/site-packages/airflow/example_dags/example_task_group.py for tasks to queue
[2024-02-21T13:24:08.018+0000] {logging_mixin.py:188} INFO - [2024-02-21T13:24:08.017+0000] {dagbag.py:538} INFO - Filling up the DagBag from /home/airflow/.local/lib/python3.8/site-packages/airflow/example_dags/example_task_group.py
[2024-02-21T13:24:08.034+0000] {processor.py:840} INFO - DAG(s) 'example_task_group' retrieved from /home/airflow/.local/lib/python3.8/site-packages/airflow/example_dags/example_task_group.py
[2024-02-21T13:24:08.075+0000] {logging_mixin.py:188} INFO - [2024-02-21T13:24:08.074+0000] {dag.py:3036} INFO - Sync 1 DAGs
[2024-02-21T13:24:08.123+0000] {logging_mixin.py:188} INFO - [2024-02-21T13:24:08.122+0000] {dag.py:3823} INFO - Setting next_dagrun for example_task_group to 2024-02-20 00:00:00+00:00, run_after=2024-02-21 00:00:00+00:00
[2024-02-21T13:24:08.157+0000] {processor.py:183} INFO - Processing /home/airflow/.local/lib/python3.8/site-packages/airflow/example_dags/example_task_group.py took 0.152 seconds
[2024-02-21T13:24:38.567+0000] {processor.py:161} INFO - Started process (PID=1096) to work on /home/airflow/.local/lib/python3.8/site-packages/airflow/example_dags/example_task_group.py
[2024-02-21T13:24:38.569+0000] {processor.py:830} INFO - Processing file /home/airflow/.local/lib/python3.8/site-packages/airflow/example_dags/example_task_group.py for tasks to queue
[2024-02-21T13:24:38.573+0000] {logging_mixin.py:188} INFO - [2024-02-21T13:24:38.572+0000] {dagbag.py:538} INFO - Filling up the DagBag from /home/airflow/.local/lib/python3.8/site-packages/airflow/example_dags/example_task_group.py
[2024-02-21T13:24:38.589+0000] {processor.py:840} INFO - DAG(s) 'example_task_group' retrieved from /home/airflow/.local/lib/python3.8/site-packages/airflow/example_dags/example_task_group.py
[2024-02-21T13:24:38.636+0000] {logging_mixin.py:188} INFO - [2024-02-21T13:24:38.635+0000] {dag.py:3036} INFO - Sync 1 DAGs
[2024-02-21T13:24:38.683+0000] {logging_mixin.py:188} INFO - [2024-02-21T13:24:38.682+0000] {dag.py:3823} INFO - Setting next_dagrun for example_task_group to 2024-02-20 00:00:00+00:00, run_after=2024-02-21 00:00:00+00:00
[2024-02-21T13:24:38.714+0000] {processor.py:183} INFO - Processing /home/airflow/.local/lib/python3.8/site-packages/airflow/example_dags/example_task_group.py took 0.155 seconds
[2024-02-21T13:25:09.571+0000] {processor.py:161} INFO - Started process (PID=1152) to work on /home/airflow/.local/lib/python3.8/site-packages/airflow/example_dags/example_task_group.py
[2024-02-21T13:25:09.573+0000] {processor.py:830} INFO - Processing file /home/airflow/.local/lib/python3.8/site-packages/airflow/example_dags/example_task_group.py for tasks to queue
[2024-02-21T13:25:09.577+0000] {logging_mixin.py:188} INFO - [2024-02-21T13:25:09.576+0000] {dagbag.py:538} INFO - Filling up the DagBag from /home/airflow/.local/lib/python3.8/site-packages/airflow/example_dags/example_task_group.py
[2024-02-21T13:25:09.593+0000] {processor.py:840} INFO - DAG(s) 'example_task_group' retrieved from /home/airflow/.local/lib/python3.8/site-packages/airflow/example_dags/example_task_group.py
[2024-02-21T13:25:09.641+0000] {logging_mixin.py:188} INFO - [2024-02-21T13:25:09.641+0000] {dag.py:3036} INFO - Sync 1 DAGs
[2024-02-21T13:25:09.692+0000] {logging_mixin.py:188} INFO - [2024-02-21T13:25:09.691+0000] {dag.py:3823} INFO - Setting next_dagrun for example_task_group to 2024-02-20 00:00:00+00:00, run_after=2024-02-21 00:00:00+00:00
[2024-02-21T13:25:09.726+0000] {processor.py:183} INFO - Processing /home/airflow/.local/lib/python3.8/site-packages/airflow/example_dags/example_task_group.py took 0.162 seconds
[2024-02-21T13:25:40.767+0000] {processor.py:161} INFO - Started process (PID=1207) to work on /home/airflow/.local/lib/python3.8/site-packages/airflow/example_dags/example_task_group.py
[2024-02-21T13:25:40.769+0000] {processor.py:830} INFO - Processing file /home/airflow/.local/lib/python3.8/site-packages/airflow/example_dags/example_task_group.py for tasks to queue
[2024-02-21T13:25:40.772+0000] {logging_mixin.py:188} INFO - [2024-02-21T13:25:40.771+0000] {dagbag.py:538} INFO - Filling up the DagBag from /home/airflow/.local/lib/python3.8/site-packages/airflow/example_dags/example_task_group.py
[2024-02-21T13:25:40.787+0000] {processor.py:840} INFO - DAG(s) 'example_task_group' retrieved from /home/airflow/.local/lib/python3.8/site-packages/airflow/example_dags/example_task_group.py
[2024-02-21T13:25:40.837+0000] {logging_mixin.py:188} INFO - [2024-02-21T13:25:40.837+0000] {dag.py:3036} INFO - Sync 1 DAGs
[2024-02-21T13:25:40.890+0000] {logging_mixin.py:188} INFO - [2024-02-21T13:25:40.890+0000] {dag.py:3823} INFO - Setting next_dagrun for example_task_group to 2024-02-20 00:00:00+00:00, run_after=2024-02-21 00:00:00+00:00
[2024-02-21T13:25:40.927+0000] {processor.py:183} INFO - Processing /home/airflow/.local/lib/python3.8/site-packages/airflow/example_dags/example_task_group.py took 0.167 seconds
[2024-02-21T13:26:11.114+0000] {processor.py:161} INFO - Started process (PID=1262) to work on /home/airflow/.local/lib/python3.8/site-packages/airflow/example_dags/example_task_group.py
[2024-02-21T13:26:11.117+0000] {processor.py:830} INFO - Processing file /home/airflow/.local/lib/python3.8/site-packages/airflow/example_dags/example_task_group.py for tasks to queue
[2024-02-21T13:26:11.121+0000] {logging_mixin.py:188} INFO - [2024-02-21T13:26:11.120+0000] {dagbag.py:538} INFO - Filling up the DagBag from /home/airflow/.local/lib/python3.8/site-packages/airflow/example_dags/example_task_group.py
[2024-02-21T13:26:11.139+0000] {processor.py:840} INFO - DAG(s) 'example_task_group' retrieved from /home/airflow/.local/lib/python3.8/site-packages/airflow/example_dags/example_task_group.py
[2024-02-21T13:26:11.177+0000] {logging_mixin.py:188} INFO - [2024-02-21T13:26:11.177+0000] {dag.py:3036} INFO - Sync 1 DAGs
[2024-02-21T13:26:11.212+0000] {logging_mixin.py:188} INFO - [2024-02-21T13:26:11.211+0000] {dag.py:3823} INFO - Setting next_dagrun for example_task_group to 2024-02-20 00:00:00+00:00, run_after=2024-02-21 00:00:00+00:00
[2024-02-21T13:26:11.238+0000] {processor.py:183} INFO - Processing /home/airflow/.local/lib/python3.8/site-packages/airflow/example_dags/example_task_group.py took 0.132 seconds
[2024-02-21T13:26:41.320+0000] {processor.py:161} INFO - Started process (PID=1317) to work on /home/airflow/.local/lib/python3.8/site-packages/airflow/example_dags/example_task_group.py
[2024-02-21T13:26:41.322+0000] {processor.py:830} INFO - Processing file /home/airflow/.local/lib/python3.8/site-packages/airflow/example_dags/example_task_group.py for tasks to queue
[2024-02-21T13:26:41.325+0000] {logging_mixin.py:188} INFO - [2024-02-21T13:26:41.324+0000] {dagbag.py:538} INFO - Filling up the DagBag from /home/airflow/.local/lib/python3.8/site-packages/airflow/example_dags/example_task_group.py
[2024-02-21T13:26:41.337+0000] {processor.py:840} INFO - DAG(s) 'example_task_group' retrieved from /home/airflow/.local/lib/python3.8/site-packages/airflow/example_dags/example_task_group.py
[2024-02-21T13:26:41.373+0000] {logging_mixin.py:188} INFO - [2024-02-21T13:26:41.373+0000] {dag.py:3036} INFO - Sync 1 DAGs
[2024-02-21T13:26:41.406+0000] {logging_mixin.py:188} INFO - [2024-02-21T13:26:41.406+0000] {dag.py:3823} INFO - Setting next_dagrun for example_task_group to 2024-02-20 00:00:00+00:00, run_after=2024-02-21 00:00:00+00:00
[2024-02-21T13:26:41.432+0000] {processor.py:183} INFO - Processing /home/airflow/.local/lib/python3.8/site-packages/airflow/example_dags/example_task_group.py took 0.118 seconds
[2024-02-21T13:27:11.634+0000] {processor.py:161} INFO - Started process (PID=1372) to work on /home/airflow/.local/lib/python3.8/site-packages/airflow/example_dags/example_task_group.py
[2024-02-21T13:27:11.636+0000] {processor.py:830} INFO - Processing file /home/airflow/.local/lib/python3.8/site-packages/airflow/example_dags/example_task_group.py for tasks to queue
[2024-02-21T13:27:11.639+0000] {logging_mixin.py:188} INFO - [2024-02-21T13:27:11.639+0000] {dagbag.py:538} INFO - Filling up the DagBag from /home/airflow/.local/lib/python3.8/site-packages/airflow/example_dags/example_task_group.py
[2024-02-21T13:27:11.652+0000] {processor.py:840} INFO - DAG(s) 'example_task_group' retrieved from /home/airflow/.local/lib/python3.8/site-packages/airflow/example_dags/example_task_group.py
[2024-02-21T13:27:11.688+0000] {logging_mixin.py:188} INFO - [2024-02-21T13:27:11.687+0000] {dag.py:3036} INFO - Sync 1 DAGs
[2024-02-21T13:27:11.723+0000] {logging_mixin.py:188} INFO - [2024-02-21T13:27:11.722+0000] {dag.py:3823} INFO - Setting next_dagrun for example_task_group to 2024-02-20 00:00:00+00:00, run_after=2024-02-21 00:00:00+00:00
[2024-02-21T13:27:11.749+0000] {processor.py:183} INFO - Processing /home/airflow/.local/lib/python3.8/site-packages/airflow/example_dags/example_task_group.py took 0.121 seconds
[2024-02-21T13:27:42.041+0000] {processor.py:161} INFO - Started process (PID=1428) to work on /home/airflow/.local/lib/python3.8/site-packages/airflow/example_dags/example_task_group.py
[2024-02-21T13:27:42.042+0000] {processor.py:830} INFO - Processing file /home/airflow/.local/lib/python3.8/site-packages/airflow/example_dags/example_task_group.py for tasks to queue
[2024-02-21T13:27:42.045+0000] {logging_mixin.py:188} INFO - [2024-02-21T13:27:42.044+0000] {dagbag.py:538} INFO - Filling up the DagBag from /home/airflow/.local/lib/python3.8/site-packages/airflow/example_dags/example_task_group.py
[2024-02-21T13:27:42.057+0000] {processor.py:840} INFO - DAG(s) 'example_task_group' retrieved from /home/airflow/.local/lib/python3.8/site-packages/airflow/example_dags/example_task_group.py
[2024-02-21T13:27:42.095+0000] {logging_mixin.py:188} INFO - [2024-02-21T13:27:42.095+0000] {dag.py:3036} INFO - Sync 1 DAGs
[2024-02-21T13:27:42.132+0000] {logging_mixin.py:188} INFO - [2024-02-21T13:27:42.132+0000] {dag.py:3823} INFO - Setting next_dagrun for example_task_group to 2024-02-20 00:00:00+00:00, run_after=2024-02-21 00:00:00+00:00
[2024-02-21T13:27:42.162+0000] {processor.py:183} INFO - Processing /home/airflow/.local/lib/python3.8/site-packages/airflow/example_dags/example_task_group.py took 0.129 seconds
[2024-02-21T13:28:12.403+0000] {processor.py:161} INFO - Started process (PID=1484) to work on /home/airflow/.local/lib/python3.8/site-packages/airflow/example_dags/example_task_group.py
[2024-02-21T13:28:12.406+0000] {processor.py:830} INFO - Processing file /home/airflow/.local/lib/python3.8/site-packages/airflow/example_dags/example_task_group.py for tasks to queue
[2024-02-21T13:28:12.410+0000] {logging_mixin.py:188} INFO - [2024-02-21T13:28:12.409+0000] {dagbag.py:538} INFO - Filling up the DagBag from /home/airflow/.local/lib/python3.8/site-packages/airflow/example_dags/example_task_group.py
[2024-02-21T13:28:12.424+0000] {processor.py:840} INFO - DAG(s) 'example_task_group' retrieved from /home/airflow/.local/lib/python3.8/site-packages/airflow/example_dags/example_task_group.py
[2024-02-21T13:28:12.466+0000] {logging_mixin.py:188} INFO - [2024-02-21T13:28:12.466+0000] {dag.py:3036} INFO - Sync 1 DAGs
[2024-02-21T13:28:12.514+0000] {logging_mixin.py:188} INFO - [2024-02-21T13:28:12.514+0000] {dag.py:3823} INFO - Setting next_dagrun for example_task_group to 2024-02-20 00:00:00+00:00, run_after=2024-02-21 00:00:00+00:00
[2024-02-21T13:28:12.549+0000] {processor.py:183} INFO - Processing /home/airflow/.local/lib/python3.8/site-packages/airflow/example_dags/example_task_group.py took 0.154 seconds
[2024-02-21T13:28:42.987+0000] {processor.py:161} INFO - Started process (PID=1539) to work on /home/airflow/.local/lib/python3.8/site-packages/airflow/example_dags/example_task_group.py
[2024-02-21T13:28:42.988+0000] {processor.py:830} INFO - Processing file /home/airflow/.local/lib/python3.8/site-packages/airflow/example_dags/example_task_group.py for tasks to queue
[2024-02-21T13:28:42.991+0000] {logging_mixin.py:188} INFO - [2024-02-21T13:28:42.991+0000] {dagbag.py:538} INFO - Filling up the DagBag from /home/airflow/.local/lib/python3.8/site-packages/airflow/example_dags/example_task_group.py
[2024-02-21T13:28:43.003+0000] {processor.py:840} INFO - DAG(s) 'example_task_group' retrieved from /home/airflow/.local/lib/python3.8/site-packages/airflow/example_dags/example_task_group.py
[2024-02-21T13:28:43.036+0000] {logging_mixin.py:188} INFO - [2024-02-21T13:28:43.035+0000] {dag.py:3036} INFO - Sync 1 DAGs
[2024-02-21T13:28:43.067+0000] {logging_mixin.py:188} INFO - [2024-02-21T13:28:43.067+0000] {dag.py:3823} INFO - Setting next_dagrun for example_task_group to 2024-02-20 00:00:00+00:00, run_after=2024-02-21 00:00:00+00:00
[2024-02-21T13:28:43.093+0000] {processor.py:183} INFO - Processing /home/airflow/.local/lib/python3.8/site-packages/airflow/example_dags/example_task_group.py took 0.114 seconds
[2024-02-21T13:29:13.658+0000] {processor.py:161} INFO - Started process (PID=1594) to work on /home/airflow/.local/lib/python3.8/site-packages/airflow/example_dags/example_task_group.py
[2024-02-21T13:29:13.660+0000] {processor.py:830} INFO - Processing file /home/airflow/.local/lib/python3.8/site-packages/airflow/example_dags/example_task_group.py for tasks to queue
[2024-02-21T13:29:13.663+0000] {logging_mixin.py:188} INFO - [2024-02-21T13:29:13.662+0000] {dagbag.py:538} INFO - Filling up the DagBag from /home/airflow/.local/lib/python3.8/site-packages/airflow/example_dags/example_task_group.py
[2024-02-21T13:29:13.675+0000] {processor.py:840} INFO - DAG(s) 'example_task_group' retrieved from /home/airflow/.local/lib/python3.8/site-packages/airflow/example_dags/example_task_group.py
[2024-02-21T13:29:13.710+0000] {logging_mixin.py:188} INFO - [2024-02-21T13:29:13.710+0000] {dag.py:3036} INFO - Sync 1 DAGs
[2024-02-21T13:29:13.746+0000] {logging_mixin.py:188} INFO - [2024-02-21T13:29:13.746+0000] {dag.py:3823} INFO - Setting next_dagrun for example_task_group to 2024-02-20 00:00:00+00:00, run_after=2024-02-21 00:00:00+00:00
[2024-02-21T13:29:13.776+0000] {processor.py:183} INFO - Processing /home/airflow/.local/lib/python3.8/site-packages/airflow/example_dags/example_task_group.py took 0.127 seconds
[2024-02-21T13:29:44.301+0000] {processor.py:161} INFO - Started process (PID=1649) to work on /home/airflow/.local/lib/python3.8/site-packages/airflow/example_dags/example_task_group.py
[2024-02-21T13:29:44.302+0000] {processor.py:830} INFO - Processing file /home/airflow/.local/lib/python3.8/site-packages/airflow/example_dags/example_task_group.py for tasks to queue
[2024-02-21T13:29:44.306+0000] {logging_mixin.py:188} INFO - [2024-02-21T13:29:44.305+0000] {dagbag.py:538} INFO - Filling up the DagBag from /home/airflow/.local/lib/python3.8/site-packages/airflow/example_dags/example_task_group.py
[2024-02-21T13:29:44.323+0000] {processor.py:840} INFO - DAG(s) 'example_task_group' retrieved from /home/airflow/.local/lib/python3.8/site-packages/airflow/example_dags/example_task_group.py
[2024-02-21T13:29:44.358+0000] {logging_mixin.py:188} INFO - [2024-02-21T13:29:44.358+0000] {dag.py:3036} INFO - Sync 1 DAGs
[2024-02-21T13:29:44.392+0000] {logging_mixin.py:188} INFO - [2024-02-21T13:29:44.392+0000] {dag.py:3823} INFO - Setting next_dagrun for example_task_group to 2024-02-20 00:00:00+00:00, run_after=2024-02-21 00:00:00+00:00
[2024-02-21T13:29:44.420+0000] {processor.py:183} INFO - Processing /home/airflow/.local/lib/python3.8/site-packages/airflow/example_dags/example_task_group.py took 0.127 seconds
[2024-02-21T13:30:14.840+0000] {processor.py:161} INFO - Started process (PID=1704) to work on /home/airflow/.local/lib/python3.8/site-packages/airflow/example_dags/example_task_group.py
[2024-02-21T13:30:14.843+0000] {processor.py:830} INFO - Processing file /home/airflow/.local/lib/python3.8/site-packages/airflow/example_dags/example_task_group.py for tasks to queue
[2024-02-21T13:30:14.846+0000] {logging_mixin.py:188} INFO - [2024-02-21T13:30:14.845+0000] {dagbag.py:538} INFO - Filling up the DagBag from /home/airflow/.local/lib/python3.8/site-packages/airflow/example_dags/example_task_group.py
[2024-02-21T13:30:14.858+0000] {processor.py:840} INFO - DAG(s) 'example_task_group' retrieved from /home/airflow/.local/lib/python3.8/site-packages/airflow/example_dags/example_task_group.py
[2024-02-21T13:30:14.892+0000] {logging_mixin.py:188} INFO - [2024-02-21T13:30:14.891+0000] {dag.py:3036} INFO - Sync 1 DAGs
[2024-02-21T13:30:14.925+0000] {logging_mixin.py:188} INFO - [2024-02-21T13:30:14.925+0000] {dag.py:3823} INFO - Setting next_dagrun for example_task_group to 2024-02-20 00:00:00+00:00, run_after=2024-02-21 00:00:00+00:00
[2024-02-21T13:30:14.952+0000] {processor.py:183} INFO - Processing /home/airflow/.local/lib/python3.8/site-packages/airflow/example_dags/example_task_group.py took 0.119 seconds
[2024-02-21T13:30:45.001+0000] {processor.py:161} INFO - Started process (PID=1758) to work on /home/airflow/.local/lib/python3.8/site-packages/airflow/example_dags/example_task_group.py
[2024-02-21T13:30:45.003+0000] {processor.py:830} INFO - Processing file /home/airflow/.local/lib/python3.8/site-packages/airflow/example_dags/example_task_group.py for tasks to queue
[2024-02-21T13:30:45.006+0000] {logging_mixin.py:188} INFO - [2024-02-21T13:30:45.006+0000] {dagbag.py:538} INFO - Filling up the DagBag from /home/airflow/.local/lib/python3.8/site-packages/airflow/example_dags/example_task_group.py
[2024-02-21T13:30:45.019+0000] {processor.py:840} INFO - DAG(s) 'example_task_group' retrieved from /home/airflow/.local/lib/python3.8/site-packages/airflow/example_dags/example_task_group.py
[2024-02-21T13:30:45.054+0000] {logging_mixin.py:188} INFO - [2024-02-21T13:30:45.054+0000] {dag.py:3036} INFO - Sync 1 DAGs
[2024-02-21T13:30:45.088+0000] {logging_mixin.py:188} INFO - [2024-02-21T13:30:45.088+0000] {dag.py:3823} INFO - Setting next_dagrun for example_task_group to 2024-02-20 00:00:00+00:00, run_after=2024-02-21 00:00:00+00:00
[2024-02-21T13:30:45.118+0000] {processor.py:183} INFO - Processing /home/airflow/.local/lib/python3.8/site-packages/airflow/example_dags/example_task_group.py took 0.126 seconds
[2024-02-21T13:31:15.339+0000] {processor.py:161} INFO - Started process (PID=1812) to work on /home/airflow/.local/lib/python3.8/site-packages/airflow/example_dags/example_task_group.py
[2024-02-21T13:31:15.342+0000] {processor.py:830} INFO - Processing file /home/airflow/.local/lib/python3.8/site-packages/airflow/example_dags/example_task_group.py for tasks to queue
[2024-02-21T13:31:15.346+0000] {logging_mixin.py:188} INFO - [2024-02-21T13:31:15.345+0000] {dagbag.py:538} INFO - Filling up the DagBag from /home/airflow/.local/lib/python3.8/site-packages/airflow/example_dags/example_task_group.py
[2024-02-21T13:31:15.359+0000] {processor.py:840} INFO - DAG(s) 'example_task_group' retrieved from /home/airflow/.local/lib/python3.8/site-packages/airflow/example_dags/example_task_group.py
[2024-02-21T13:31:15.395+0000] {logging_mixin.py:188} INFO - [2024-02-21T13:31:15.395+0000] {dag.py:3036} INFO - Sync 1 DAGs
[2024-02-21T13:31:15.432+0000] {logging_mixin.py:188} INFO - [2024-02-21T13:31:15.432+0000] {dag.py:3823} INFO - Setting next_dagrun for example_task_group to 2024-02-20 00:00:00+00:00, run_after=2024-02-21 00:00:00+00:00
[2024-02-21T13:31:15.471+0000] {processor.py:183} INFO - Processing /home/airflow/.local/lib/python3.8/site-packages/airflow/example_dags/example_task_group.py took 0.137 seconds
[2024-02-21T13:31:45.586+0000] {processor.py:161} INFO - Started process (PID=1867) to work on /home/airflow/.local/lib/python3.8/site-packages/airflow/example_dags/example_task_group.py
[2024-02-21T13:31:45.587+0000] {processor.py:830} INFO - Processing file /home/airflow/.local/lib/python3.8/site-packages/airflow/example_dags/example_task_group.py for tasks to queue
[2024-02-21T13:31:45.590+0000] {logging_mixin.py:188} INFO - [2024-02-21T13:31:45.590+0000] {dagbag.py:538} INFO - Filling up the DagBag from /home/airflow/.local/lib/python3.8/site-packages/airflow/example_dags/example_task_group.py
[2024-02-21T13:31:45.603+0000] {processor.py:840} INFO - DAG(s) 'example_task_group' retrieved from /home/airflow/.local/lib/python3.8/site-packages/airflow/example_dags/example_task_group.py
[2024-02-21T13:31:45.640+0000] {logging_mixin.py:188} INFO - [2024-02-21T13:31:45.639+0000] {dag.py:3036} INFO - Sync 1 DAGs
[2024-02-21T13:31:45.677+0000] {logging_mixin.py:188} INFO - [2024-02-21T13:31:45.677+0000] {dag.py:3823} INFO - Setting next_dagrun for example_task_group to 2024-02-20 00:00:00+00:00, run_after=2024-02-21 00:00:00+00:00
[2024-02-21T13:31:45.716+0000] {processor.py:183} INFO - Processing /home/airflow/.local/lib/python3.8/site-packages/airflow/example_dags/example_task_group.py took 0.136 seconds
[2024-02-21T13:32:15.916+0000] {processor.py:161} INFO - Started process (PID=1923) to work on /home/airflow/.local/lib/python3.8/site-packages/airflow/example_dags/example_task_group.py
[2024-02-21T13:32:15.919+0000] {processor.py:830} INFO - Processing file /home/airflow/.local/lib/python3.8/site-packages/airflow/example_dags/example_task_group.py for tasks to queue
[2024-02-21T13:32:15.922+0000] {logging_mixin.py:188} INFO - [2024-02-21T13:32:15.922+0000] {dagbag.py:538} INFO - Filling up the DagBag from /home/airflow/.local/lib/python3.8/site-packages/airflow/example_dags/example_task_group.py
[2024-02-21T13:32:15.935+0000] {processor.py:840} INFO - DAG(s) 'example_task_group' retrieved from /home/airflow/.local/lib/python3.8/site-packages/airflow/example_dags/example_task_group.py
[2024-02-21T13:32:15.977+0000] {logging_mixin.py:188} INFO - [2024-02-21T13:32:15.977+0000] {dag.py:3036} INFO - Sync 1 DAGs
[2024-02-21T13:32:16.014+0000] {logging_mixin.py:188} INFO - [2024-02-21T13:32:16.014+0000] {dag.py:3823} INFO - Setting next_dagrun for example_task_group to 2024-02-20 00:00:00+00:00, run_after=2024-02-21 00:00:00+00:00
[2024-02-21T13:32:16.045+0000] {processor.py:183} INFO - Processing /home/airflow/.local/lib/python3.8/site-packages/airflow/example_dags/example_task_group.py took 0.135 seconds
[2024-02-21T13:32:46.087+0000] {processor.py:161} INFO - Started process (PID=1977) to work on /home/airflow/.local/lib/python3.8/site-packages/airflow/example_dags/example_task_group.py
[2024-02-21T13:32:46.089+0000] {processor.py:830} INFO - Processing file /home/airflow/.local/lib/python3.8/site-packages/airflow/example_dags/example_task_group.py for tasks to queue
[2024-02-21T13:32:46.093+0000] {logging_mixin.py:188} INFO - [2024-02-21T13:32:46.092+0000] {dagbag.py:538} INFO - Filling up the DagBag from /home/airflow/.local/lib/python3.8/site-packages/airflow/example_dags/example_task_group.py
[2024-02-21T13:32:46.105+0000] {processor.py:840} INFO - DAG(s) 'example_task_group' retrieved from /home/airflow/.local/lib/python3.8/site-packages/airflow/example_dags/example_task_group.py
[2024-02-21T13:32:46.147+0000] {logging_mixin.py:188} INFO - [2024-02-21T13:32:46.146+0000] {dag.py:3036} INFO - Sync 1 DAGs
[2024-02-21T13:32:46.205+0000] {logging_mixin.py:188} INFO - [2024-02-21T13:32:46.205+0000] {dag.py:3823} INFO - Setting next_dagrun for example_task_group to 2024-02-20 00:00:00+00:00, run_after=2024-02-21 00:00:00+00:00
[2024-02-21T13:32:46.234+0000] {processor.py:183} INFO - Processing /home/airflow/.local/lib/python3.8/site-packages/airflow/example_dags/example_task_group.py took 0.153 seconds
[2024-02-21T13:33:16.837+0000] {processor.py:161} INFO - Started process (PID=2032) to work on /home/airflow/.local/lib/python3.8/site-packages/airflow/example_dags/example_task_group.py
[2024-02-21T13:33:16.840+0000] {processor.py:830} INFO - Processing file /home/airflow/.local/lib/python3.8/site-packages/airflow/example_dags/example_task_group.py for tasks to queue
[2024-02-21T13:33:16.843+0000] {logging_mixin.py:188} INFO - [2024-02-21T13:33:16.842+0000] {dagbag.py:538} INFO - Filling up the DagBag from /home/airflow/.local/lib/python3.8/site-packages/airflow/example_dags/example_task_group.py
[2024-02-21T13:33:16.856+0000] {processor.py:840} INFO - DAG(s) 'example_task_group' retrieved from /home/airflow/.local/lib/python3.8/site-packages/airflow/example_dags/example_task_group.py
[2024-02-21T13:33:16.892+0000] {logging_mixin.py:188} INFO - [2024-02-21T13:33:16.891+0000] {dag.py:3036} INFO - Sync 1 DAGs
[2024-02-21T13:33:16.926+0000] {logging_mixin.py:188} INFO - [2024-02-21T13:33:16.926+0000] {dag.py:3823} INFO - Setting next_dagrun for example_task_group to 2024-02-20 00:00:00+00:00, run_after=2024-02-21 00:00:00+00:00
[2024-02-21T13:33:16.983+0000] {processor.py:183} INFO - Processing /home/airflow/.local/lib/python3.8/site-packages/airflow/example_dags/example_task_group.py took 0.153 seconds
[2024-02-21T13:33:47.200+0000] {processor.py:161} INFO - Started process (PID=2087) to work on /home/airflow/.local/lib/python3.8/site-packages/airflow/example_dags/example_task_group.py
[2024-02-21T13:33:47.202+0000] {processor.py:830} INFO - Processing file /home/airflow/.local/lib/python3.8/site-packages/airflow/example_dags/example_task_group.py for tasks to queue
[2024-02-21T13:33:47.205+0000] {logging_mixin.py:188} INFO - [2024-02-21T13:33:47.204+0000] {dagbag.py:538} INFO - Filling up the DagBag from /home/airflow/.local/lib/python3.8/site-packages/airflow/example_dags/example_task_group.py
[2024-02-21T13:33:47.216+0000] {processor.py:840} INFO - DAG(s) 'example_task_group' retrieved from /home/airflow/.local/lib/python3.8/site-packages/airflow/example_dags/example_task_group.py
[2024-02-21T13:33:47.259+0000] {logging_mixin.py:188} INFO - [2024-02-21T13:33:47.258+0000] {dag.py:3036} INFO - Sync 1 DAGs
[2024-02-21T13:33:47.292+0000] {logging_mixin.py:188} INFO - [2024-02-21T13:33:47.292+0000] {dag.py:3823} INFO - Setting next_dagrun for example_task_group to 2024-02-20 00:00:00+00:00, run_after=2024-02-21 00:00:00+00:00
[2024-02-21T13:33:47.322+0000] {processor.py:183} INFO - Processing /home/airflow/.local/lib/python3.8/site-packages/airflow/example_dags/example_task_group.py took 0.129 seconds
[2024-02-21T13:34:17.417+0000] {processor.py:161} INFO - Started process (PID=2141) to work on /home/airflow/.local/lib/python3.8/site-packages/airflow/example_dags/example_task_group.py
[2024-02-21T13:34:17.420+0000] {processor.py:830} INFO - Processing file /home/airflow/.local/lib/python3.8/site-packages/airflow/example_dags/example_task_group.py for tasks to queue
[2024-02-21T13:34:17.424+0000] {logging_mixin.py:188} INFO - [2024-02-21T13:34:17.423+0000] {dagbag.py:538} INFO - Filling up the DagBag from /home/airflow/.local/lib/python3.8/site-packages/airflow/example_dags/example_task_group.py
[2024-02-21T13:34:17.439+0000] {processor.py:840} INFO - DAG(s) 'example_task_group' retrieved from /home/airflow/.local/lib/python3.8/site-packages/airflow/example_dags/example_task_group.py
[2024-02-21T13:34:17.473+0000] {logging_mixin.py:188} INFO - [2024-02-21T13:34:17.473+0000] {dag.py:3036} INFO - Sync 1 DAGs
[2024-02-21T13:34:17.508+0000] {logging_mixin.py:188} INFO - [2024-02-21T13:34:17.508+0000] {dag.py:3823} INFO - Setting next_dagrun for example_task_group to 2024-02-20 00:00:00+00:00, run_after=2024-02-21 00:00:00+00:00
[2024-02-21T13:34:17.534+0000] {processor.py:183} INFO - Processing /home/airflow/.local/lib/python3.8/site-packages/airflow/example_dags/example_task_group.py took 0.123 seconds
[2024-02-21T13:34:47.580+0000] {processor.py:161} INFO - Started process (PID=2196) to work on /home/airflow/.local/lib/python3.8/site-packages/airflow/example_dags/example_task_group.py
[2024-02-21T13:34:47.582+0000] {processor.py:830} INFO - Processing file /home/airflow/.local/lib/python3.8/site-packages/airflow/example_dags/example_task_group.py for tasks to queue
[2024-02-21T13:34:47.586+0000] {logging_mixin.py:188} INFO - [2024-02-21T13:34:47.585+0000] {dagbag.py:538} INFO - Filling up the DagBag from /home/airflow/.local/lib/python3.8/site-packages/airflow/example_dags/example_task_group.py
[2024-02-21T13:34:47.602+0000] {processor.py:840} INFO - DAG(s) 'example_task_group' retrieved from /home/airflow/.local/lib/python3.8/site-packages/airflow/example_dags/example_task_group.py
[2024-02-21T13:34:47.640+0000] {logging_mixin.py:188} INFO - [2024-02-21T13:34:47.640+0000] {dag.py:3036} INFO - Sync 1 DAGs
[2024-02-21T13:34:47.673+0000] {logging_mixin.py:188} INFO - [2024-02-21T13:34:47.673+0000] {dag.py:3823} INFO - Setting next_dagrun for example_task_group to 2024-02-20 00:00:00+00:00, run_after=2024-02-21 00:00:00+00:00
[2024-02-21T13:34:47.702+0000] {processor.py:183} INFO - Processing /home/airflow/.local/lib/python3.8/site-packages/airflow/example_dags/example_task_group.py took 0.129 seconds
[2024-02-21T13:35:18.029+0000] {processor.py:161} INFO - Started process (PID=2251) to work on /home/airflow/.local/lib/python3.8/site-packages/airflow/example_dags/example_task_group.py
[2024-02-21T13:35:18.032+0000] {processor.py:830} INFO - Processing file /home/airflow/.local/lib/python3.8/site-packages/airflow/example_dags/example_task_group.py for tasks to queue
[2024-02-21T13:35:18.036+0000] {logging_mixin.py:188} INFO - [2024-02-21T13:35:18.035+0000] {dagbag.py:538} INFO - Filling up the DagBag from /home/airflow/.local/lib/python3.8/site-packages/airflow/example_dags/example_task_group.py
[2024-02-21T13:35:18.049+0000] {processor.py:840} INFO - DAG(s) 'example_task_group' retrieved from /home/airflow/.local/lib/python3.8/site-packages/airflow/example_dags/example_task_group.py
[2024-02-21T13:35:18.093+0000] {logging_mixin.py:188} INFO - [2024-02-21T13:35:18.092+0000] {dag.py:3036} INFO - Sync 1 DAGs
[2024-02-21T13:35:18.141+0000] {logging_mixin.py:188} INFO - [2024-02-21T13:35:18.140+0000] {dag.py:3823} INFO - Setting next_dagrun for example_task_group to 2024-02-20 00:00:00+00:00, run_after=2024-02-21 00:00:00+00:00
[2024-02-21T13:35:18.174+0000] {processor.py:183} INFO - Processing /home/airflow/.local/lib/python3.8/site-packages/airflow/example_dags/example_task_group.py took 0.154 seconds
[2024-02-21T13:35:48.563+0000] {processor.py:161} INFO - Started process (PID=2306) to work on /home/airflow/.local/lib/python3.8/site-packages/airflow/example_dags/example_task_group.py
[2024-02-21T13:35:48.565+0000] {processor.py:830} INFO - Processing file /home/airflow/.local/lib/python3.8/site-packages/airflow/example_dags/example_task_group.py for tasks to queue
[2024-02-21T13:35:48.568+0000] {logging_mixin.py:188} INFO - [2024-02-21T13:35:48.568+0000] {dagbag.py:538} INFO - Filling up the DagBag from /home/airflow/.local/lib/python3.8/site-packages/airflow/example_dags/example_task_group.py
[2024-02-21T13:35:48.581+0000] {processor.py:840} INFO - DAG(s) 'example_task_group' retrieved from /home/airflow/.local/lib/python3.8/site-packages/airflow/example_dags/example_task_group.py
[2024-02-21T13:35:48.618+0000] {logging_mixin.py:188} INFO - [2024-02-21T13:35:48.617+0000] {dag.py:3036} INFO - Sync 1 DAGs
[2024-02-21T13:35:48.655+0000] {logging_mixin.py:188} INFO - [2024-02-21T13:35:48.654+0000] {dag.py:3823} INFO - Setting next_dagrun for example_task_group to 2024-02-20 00:00:00+00:00, run_after=2024-02-21 00:00:00+00:00
[2024-02-21T13:35:48.683+0000] {processor.py:183} INFO - Processing /home/airflow/.local/lib/python3.8/site-packages/airflow/example_dags/example_task_group.py took 0.127 seconds
[2024-02-21T13:36:18.846+0000] {processor.py:161} INFO - Started process (PID=2361) to work on /home/airflow/.local/lib/python3.8/site-packages/airflow/example_dags/example_task_group.py
[2024-02-21T13:36:18.847+0000] {processor.py:830} INFO - Processing file /home/airflow/.local/lib/python3.8/site-packages/airflow/example_dags/example_task_group.py for tasks to queue
[2024-02-21T13:36:18.850+0000] {logging_mixin.py:188} INFO - [2024-02-21T13:36:18.850+0000] {dagbag.py:538} INFO - Filling up the DagBag from /home/airflow/.local/lib/python3.8/site-packages/airflow/example_dags/example_task_group.py
[2024-02-21T13:36:18.862+0000] {processor.py:840} INFO - DAG(s) 'example_task_group' retrieved from /home/airflow/.local/lib/python3.8/site-packages/airflow/example_dags/example_task_group.py
[2024-02-21T13:36:18.900+0000] {logging_mixin.py:188} INFO - [2024-02-21T13:36:18.900+0000] {dag.py:3036} INFO - Sync 1 DAGs
[2024-02-21T13:36:19.142+0000] {logging_mixin.py:188} INFO - [2024-02-21T13:36:19.142+0000] {dag.py:3823} INFO - Setting next_dagrun for example_task_group to 2024-02-20 00:00:00+00:00, run_after=2024-02-21 00:00:00+00:00
[2024-02-21T13:36:19.172+0000] {processor.py:183} INFO - Processing /home/airflow/.local/lib/python3.8/site-packages/airflow/example_dags/example_task_group.py took 0.332 seconds
[2024-02-21T13:36:49.438+0000] {processor.py:161} INFO - Started process (PID=2416) to work on /home/airflow/.local/lib/python3.8/site-packages/airflow/example_dags/example_task_group.py
[2024-02-21T13:36:49.441+0000] {processor.py:830} INFO - Processing file /home/airflow/.local/lib/python3.8/site-packages/airflow/example_dags/example_task_group.py for tasks to queue
[2024-02-21T13:36:49.444+0000] {logging_mixin.py:188} INFO - [2024-02-21T13:36:49.444+0000] {dagbag.py:538} INFO - Filling up the DagBag from /home/airflow/.local/lib/python3.8/site-packages/airflow/example_dags/example_task_group.py
[2024-02-21T13:36:49.456+0000] {processor.py:840} INFO - DAG(s) 'example_task_group' retrieved from /home/airflow/.local/lib/python3.8/site-packages/airflow/example_dags/example_task_group.py
[2024-02-21T13:36:49.490+0000] {logging_mixin.py:188} INFO - [2024-02-21T13:36:49.490+0000] {dag.py:3036} INFO - Sync 1 DAGs
[2024-02-21T13:36:49.523+0000] {logging_mixin.py:188} INFO - [2024-02-21T13:36:49.523+0000] {dag.py:3823} INFO - Setting next_dagrun for example_task_group to 2024-02-20 00:00:00+00:00, run_after=2024-02-21 00:00:00+00:00
[2024-02-21T13:36:49.761+0000] {processor.py:183} INFO - Processing /home/airflow/.local/lib/python3.8/site-packages/airflow/example_dags/example_task_group.py took 0.330 seconds
[2024-02-21T13:37:20.682+0000] {processor.py:161} INFO - Started process (PID=2472) to work on /home/airflow/.local/lib/python3.8/site-packages/airflow/example_dags/example_task_group.py
[2024-02-21T13:37:20.684+0000] {processor.py:830} INFO - Processing file /home/airflow/.local/lib/python3.8/site-packages/airflow/example_dags/example_task_group.py for tasks to queue
[2024-02-21T13:37:20.687+0000] {logging_mixin.py:188} INFO - [2024-02-21T13:37:20.686+0000] {dagbag.py:538} INFO - Filling up the DagBag from /home/airflow/.local/lib/python3.8/site-packages/airflow/example_dags/example_task_group.py
[2024-02-21T13:37:20.699+0000] {processor.py:840} INFO - DAG(s) 'example_task_group' retrieved from /home/airflow/.local/lib/python3.8/site-packages/airflow/example_dags/example_task_group.py
[2024-02-21T13:37:20.734+0000] {logging_mixin.py:188} INFO - [2024-02-21T13:37:20.733+0000] {dag.py:3036} INFO - Sync 1 DAGs
[2024-02-21T13:37:20.768+0000] {logging_mixin.py:188} INFO - [2024-02-21T13:37:20.768+0000] {dag.py:3823} INFO - Setting next_dagrun for example_task_group to 2024-02-20 00:00:00+00:00, run_after=2024-02-21 00:00:00+00:00
[2024-02-21T13:37:21.010+0000] {processor.py:183} INFO - Processing /home/airflow/.local/lib/python3.8/site-packages/airflow/example_dags/example_task_group.py took 0.334 seconds
[2024-02-21T13:37:51.213+0000] {processor.py:161} INFO - Started process (PID=2527) to work on /home/airflow/.local/lib/python3.8/site-packages/airflow/example_dags/example_task_group.py
[2024-02-21T13:37:51.216+0000] {processor.py:830} INFO - Processing file /home/airflow/.local/lib/python3.8/site-packages/airflow/example_dags/example_task_group.py for tasks to queue
[2024-02-21T13:37:51.219+0000] {logging_mixin.py:188} INFO - [2024-02-21T13:37:51.219+0000] {dagbag.py:538} INFO - Filling up the DagBag from /home/airflow/.local/lib/python3.8/site-packages/airflow/example_dags/example_task_group.py
[2024-02-21T13:37:51.231+0000] {processor.py:840} INFO - DAG(s) 'example_task_group' retrieved from /home/airflow/.local/lib/python3.8/site-packages/airflow/example_dags/example_task_group.py
[2024-02-21T13:37:51.266+0000] {logging_mixin.py:188} INFO - [2024-02-21T13:37:51.266+0000] {dag.py:3036} INFO - Sync 1 DAGs
[2024-02-21T13:37:51.299+0000] {logging_mixin.py:188} INFO - [2024-02-21T13:37:51.299+0000] {dag.py:3823} INFO - Setting next_dagrun for example_task_group to 2024-02-20 00:00:00+00:00, run_after=2024-02-21 00:00:00+00:00
[2024-02-21T13:37:51.326+0000] {processor.py:183} INFO - Processing /home/airflow/.local/lib/python3.8/site-packages/airflow/example_dags/example_task_group.py took 0.118 seconds
[2024-02-21T13:38:21.836+0000] {processor.py:161} INFO - Started process (PID=2588) to work on /home/airflow/.local/lib/python3.8/site-packages/airflow/example_dags/example_task_group.py
[2024-02-21T13:38:21.843+0000] {processor.py:830} INFO - Processing file /home/airflow/.local/lib/python3.8/site-packages/airflow/example_dags/example_task_group.py for tasks to queue
[2024-02-21T13:38:21.848+0000] {logging_mixin.py:188} INFO - [2024-02-21T13:38:21.847+0000] {dagbag.py:538} INFO - Filling up the DagBag from /home/airflow/.local/lib/python3.8/site-packages/airflow/example_dags/example_task_group.py
[2024-02-21T13:38:21.862+0000] {processor.py:840} INFO - DAG(s) 'example_task_group' retrieved from /home/airflow/.local/lib/python3.8/site-packages/airflow/example_dags/example_task_group.py
[2024-02-21T13:38:21.908+0000] {logging_mixin.py:188} INFO - [2024-02-21T13:38:21.908+0000] {dag.py:3036} INFO - Sync 1 DAGs
[2024-02-21T13:38:21.953+0000] {logging_mixin.py:188} INFO - [2024-02-21T13:38:21.953+0000] {dag.py:3823} INFO - Setting next_dagrun for example_task_group to 2024-02-20 00:00:00+00:00, run_after=2024-02-21 00:00:00+00:00
[2024-02-21T13:38:21.988+0000] {processor.py:183} INFO - Processing /home/airflow/.local/lib/python3.8/site-packages/airflow/example_dags/example_task_group.py took 0.160 seconds
[2024-02-21T13:38:52.483+0000] {processor.py:161} INFO - Started process (PID=2644) to work on /home/airflow/.local/lib/python3.8/site-packages/airflow/example_dags/example_task_group.py
[2024-02-21T13:38:52.486+0000] {processor.py:830} INFO - Processing file /home/airflow/.local/lib/python3.8/site-packages/airflow/example_dags/example_task_group.py for tasks to queue
[2024-02-21T13:38:52.490+0000] {logging_mixin.py:188} INFO - [2024-02-21T13:38:52.490+0000] {dagbag.py:538} INFO - Filling up the DagBag from /home/airflow/.local/lib/python3.8/site-packages/airflow/example_dags/example_task_group.py
[2024-02-21T13:38:52.796+0000] {processor.py:840} INFO - DAG(s) 'example_task_group' retrieved from /home/airflow/.local/lib/python3.8/site-packages/airflow/example_dags/example_task_group.py
[2024-02-21T13:38:52.836+0000] {logging_mixin.py:188} INFO - [2024-02-21T13:38:52.836+0000] {dag.py:3036} INFO - Sync 1 DAGs
[2024-02-21T13:38:52.880+0000] {logging_mixin.py:188} INFO - [2024-02-21T13:38:52.879+0000] {dag.py:3823} INFO - Setting next_dagrun for example_task_group to 2024-02-20 00:00:00+00:00, run_after=2024-02-21 00:00:00+00:00
[2024-02-21T13:38:52.916+0000] {processor.py:183} INFO - Processing /home/airflow/.local/lib/python3.8/site-packages/airflow/example_dags/example_task_group.py took 0.441 seconds
