[2024-02-21T13:14:59.093+0000] {processor.py:161} INFO - Started process (PID=56) to work on /home/airflow/.local/lib/python3.8/site-packages/airflow/example_dags/example_branch_labels.py
[2024-02-21T13:14:59.095+0000] {processor.py:830} INFO - Processing file /home/airflow/.local/lib/python3.8/site-packages/airflow/example_dags/example_branch_labels.py for tasks to queue
[2024-02-21T13:14:59.099+0000] {logging_mixin.py:188} INFO - [2024-02-21T13:14:59.098+0000] {dagbag.py:538} INFO - Filling up the DagBag from /home/airflow/.local/lib/python3.8/site-packages/airflow/example_dags/example_branch_labels.py
[2024-02-21T13:14:59.122+0000] {processor.py:840} INFO - DAG(s) 'example_branch_labels' retrieved from /home/airflow/.local/lib/python3.8/site-packages/airflow/example_dags/example_branch_labels.py
[2024-02-21T13:14:59.435+0000] {logging_mixin.py:188} INFO - [2024-02-21T13:14:59.434+0000] {override.py:1769} INFO - Created Permission View: can read on DAG:example_branch_labels
[2024-02-21T13:14:59.486+0000] {logging_mixin.py:188} INFO - [2024-02-21T13:14:59.486+0000] {override.py:1769} INFO - Created Permission View: can edit on DAG:example_branch_labels
[2024-02-21T13:14:59.513+0000] {logging_mixin.py:188} INFO - [2024-02-21T13:14:59.512+0000] {override.py:1769} INFO - Created Permission View: can delete on DAG:example_branch_labels
[2024-02-21T13:14:59.513+0000] {logging_mixin.py:188} INFO - [2024-02-21T13:14:59.513+0000] {dag.py:3036} INFO - Sync 1 DAGs
[2024-02-21T13:14:59.559+0000] {logging_mixin.py:188} INFO - [2024-02-21T13:14:59.559+0000] {dag.py:3058} INFO - Creating ORM DAG for example_branch_labels
[2024-02-21T13:14:59.604+0000] {logging_mixin.py:188} INFO - [2024-02-21T13:14:59.604+0000] {dag.py:3823} INFO - Setting next_dagrun for example_branch_labels to 2024-02-20 00:00:00+00:00, run_after=2024-02-21 00:00:00+00:00
[2024-02-21T13:14:59.672+0000] {processor.py:183} INFO - Processing /home/airflow/.local/lib/python3.8/site-packages/airflow/example_dags/example_branch_labels.py took 0.586 seconds
[2024-02-21T13:15:30.124+0000] {processor.py:161} INFO - Started process (PID=110) to work on /home/airflow/.local/lib/python3.8/site-packages/airflow/example_dags/example_branch_labels.py
[2024-02-21T13:15:30.126+0000] {processor.py:830} INFO - Processing file /home/airflow/.local/lib/python3.8/site-packages/airflow/example_dags/example_branch_labels.py for tasks to queue
[2024-02-21T13:15:30.130+0000] {logging_mixin.py:188} INFO - [2024-02-21T13:15:30.129+0000] {dagbag.py:538} INFO - Filling up the DagBag from /home/airflow/.local/lib/python3.8/site-packages/airflow/example_dags/example_branch_labels.py
[2024-02-21T13:15:30.149+0000] {processor.py:840} INFO - DAG(s) 'example_branch_labels' retrieved from /home/airflow/.local/lib/python3.8/site-packages/airflow/example_dags/example_branch_labels.py
[2024-02-21T13:15:30.202+0000] {logging_mixin.py:188} INFO - [2024-02-21T13:15:30.201+0000] {dag.py:3036} INFO - Sync 1 DAGs
[2024-02-21T13:15:30.251+0000] {logging_mixin.py:188} INFO - [2024-02-21T13:15:30.250+0000] {dag.py:3823} INFO - Setting next_dagrun for example_branch_labels to 2024-02-20 00:00:00+00:00, run_after=2024-02-21 00:00:00+00:00
[2024-02-21T13:15:30.289+0000] {processor.py:183} INFO - Processing /home/airflow/.local/lib/python3.8/site-packages/airflow/example_dags/example_branch_labels.py took 0.172 seconds
[2024-02-21T13:16:00.344+0000] {processor.py:161} INFO - Started process (PID=164) to work on /home/airflow/.local/lib/python3.8/site-packages/airflow/example_dags/example_branch_labels.py
[2024-02-21T13:16:00.347+0000] {processor.py:830} INFO - Processing file /home/airflow/.local/lib/python3.8/site-packages/airflow/example_dags/example_branch_labels.py for tasks to queue
[2024-02-21T13:16:00.351+0000] {logging_mixin.py:188} INFO - [2024-02-21T13:16:00.351+0000] {dagbag.py:538} INFO - Filling up the DagBag from /home/airflow/.local/lib/python3.8/site-packages/airflow/example_dags/example_branch_labels.py
[2024-02-21T13:16:00.373+0000] {processor.py:840} INFO - DAG(s) 'example_branch_labels' retrieved from /home/airflow/.local/lib/python3.8/site-packages/airflow/example_dags/example_branch_labels.py
[2024-02-21T13:16:00.418+0000] {logging_mixin.py:188} INFO - [2024-02-21T13:16:00.418+0000] {dag.py:3036} INFO - Sync 1 DAGs
[2024-02-21T13:16:00.460+0000] {logging_mixin.py:188} INFO - [2024-02-21T13:16:00.460+0000] {dag.py:3823} INFO - Setting next_dagrun for example_branch_labels to 2024-02-20 00:00:00+00:00, run_after=2024-02-21 00:00:00+00:00
[2024-02-21T13:16:00.489+0000] {processor.py:183} INFO - Processing /home/airflow/.local/lib/python3.8/site-packages/airflow/example_dags/example_branch_labels.py took 0.153 seconds
[2024-02-21T13:16:30.841+0000] {processor.py:161} INFO - Started process (PID=220) to work on /home/airflow/.local/lib/python3.8/site-packages/airflow/example_dags/example_branch_labels.py
[2024-02-21T13:16:30.843+0000] {processor.py:830} INFO - Processing file /home/airflow/.local/lib/python3.8/site-packages/airflow/example_dags/example_branch_labels.py for tasks to queue
[2024-02-21T13:16:30.846+0000] {logging_mixin.py:188} INFO - [2024-02-21T13:16:30.846+0000] {dagbag.py:538} INFO - Filling up the DagBag from /home/airflow/.local/lib/python3.8/site-packages/airflow/example_dags/example_branch_labels.py
[2024-02-21T13:16:30.860+0000] {processor.py:840} INFO - DAG(s) 'example_branch_labels' retrieved from /home/airflow/.local/lib/python3.8/site-packages/airflow/example_dags/example_branch_labels.py
[2024-02-21T13:16:30.898+0000] {logging_mixin.py:188} INFO - [2024-02-21T13:16:30.897+0000] {dag.py:3036} INFO - Sync 1 DAGs
[2024-02-21T13:16:30.931+0000] {logging_mixin.py:188} INFO - [2024-02-21T13:16:30.931+0000] {dag.py:3823} INFO - Setting next_dagrun for example_branch_labels to 2024-02-20 00:00:00+00:00, run_after=2024-02-21 00:00:00+00:00
[2024-02-21T13:16:30.957+0000] {processor.py:183} INFO - Processing /home/airflow/.local/lib/python3.8/site-packages/airflow/example_dags/example_branch_labels.py took 0.122 seconds
[2024-02-21T13:17:01.234+0000] {processor.py:161} INFO - Started process (PID=274) to work on /home/airflow/.local/lib/python3.8/site-packages/airflow/example_dags/example_branch_labels.py
[2024-02-21T13:17:01.236+0000] {processor.py:830} INFO - Processing file /home/airflow/.local/lib/python3.8/site-packages/airflow/example_dags/example_branch_labels.py for tasks to queue
[2024-02-21T13:17:01.239+0000] {logging_mixin.py:188} INFO - [2024-02-21T13:17:01.239+0000] {dagbag.py:538} INFO - Filling up the DagBag from /home/airflow/.local/lib/python3.8/site-packages/airflow/example_dags/example_branch_labels.py
[2024-02-21T13:17:01.256+0000] {processor.py:840} INFO - DAG(s) 'example_branch_labels' retrieved from /home/airflow/.local/lib/python3.8/site-packages/airflow/example_dags/example_branch_labels.py
[2024-02-21T13:17:01.296+0000] {logging_mixin.py:188} INFO - [2024-02-21T13:17:01.296+0000] {dag.py:3036} INFO - Sync 1 DAGs
[2024-02-21T13:17:01.333+0000] {logging_mixin.py:188} INFO - [2024-02-21T13:17:01.332+0000] {dag.py:3823} INFO - Setting next_dagrun for example_branch_labels to 2024-02-20 00:00:00+00:00, run_after=2024-02-21 00:00:00+00:00
[2024-02-21T13:17:01.366+0000] {processor.py:183} INFO - Processing /home/airflow/.local/lib/python3.8/site-packages/airflow/example_dags/example_branch_labels.py took 0.138 seconds
[2024-02-21T13:17:31.473+0000] {processor.py:161} INFO - Started process (PID=330) to work on /home/airflow/.local/lib/python3.8/site-packages/airflow/example_dags/example_branch_labels.py
[2024-02-21T13:17:31.476+0000] {processor.py:830} INFO - Processing file /home/airflow/.local/lib/python3.8/site-packages/airflow/example_dags/example_branch_labels.py for tasks to queue
[2024-02-21T13:17:31.480+0000] {logging_mixin.py:188} INFO - [2024-02-21T13:17:31.479+0000] {dagbag.py:538} INFO - Filling up the DagBag from /home/airflow/.local/lib/python3.8/site-packages/airflow/example_dags/example_branch_labels.py
[2024-02-21T13:17:31.497+0000] {processor.py:840} INFO - DAG(s) 'example_branch_labels' retrieved from /home/airflow/.local/lib/python3.8/site-packages/airflow/example_dags/example_branch_labels.py
[2024-02-21T13:17:31.533+0000] {logging_mixin.py:188} INFO - [2024-02-21T13:17:31.533+0000] {dag.py:3036} INFO - Sync 1 DAGs
[2024-02-21T13:17:31.570+0000] {logging_mixin.py:188} INFO - [2024-02-21T13:17:31.570+0000] {dag.py:3823} INFO - Setting next_dagrun for example_branch_labels to 2024-02-20 00:00:00+00:00, run_after=2024-02-21 00:00:00+00:00
[2024-02-21T13:17:31.601+0000] {processor.py:183} INFO - Processing /home/airflow/.local/lib/python3.8/site-packages/airflow/example_dags/example_branch_labels.py took 0.136 seconds
[2024-02-21T13:18:01.945+0000] {processor.py:161} INFO - Started process (PID=385) to work on /home/airflow/.local/lib/python3.8/site-packages/airflow/example_dags/example_branch_labels.py
[2024-02-21T13:18:01.947+0000] {processor.py:830} INFO - Processing file /home/airflow/.local/lib/python3.8/site-packages/airflow/example_dags/example_branch_labels.py for tasks to queue
[2024-02-21T13:18:01.951+0000] {logging_mixin.py:188} INFO - [2024-02-21T13:18:01.950+0000] {dagbag.py:538} INFO - Filling up the DagBag from /home/airflow/.local/lib/python3.8/site-packages/airflow/example_dags/example_branch_labels.py
[2024-02-21T13:18:01.969+0000] {processor.py:840} INFO - DAG(s) 'example_branch_labels' retrieved from /home/airflow/.local/lib/python3.8/site-packages/airflow/example_dags/example_branch_labels.py
[2024-02-21T13:18:02.011+0000] {logging_mixin.py:188} INFO - [2024-02-21T13:18:02.010+0000] {dag.py:3036} INFO - Sync 1 DAGs
[2024-02-21T13:18:02.054+0000] {logging_mixin.py:188} INFO - [2024-02-21T13:18:02.053+0000] {dag.py:3823} INFO - Setting next_dagrun for example_branch_labels to 2024-02-20 00:00:00+00:00, run_after=2024-02-21 00:00:00+00:00
[2024-02-21T13:18:02.087+0000] {processor.py:183} INFO - Processing /home/airflow/.local/lib/python3.8/site-packages/airflow/example_dags/example_branch_labels.py took 0.148 seconds
[2024-02-21T13:18:32.281+0000] {processor.py:161} INFO - Started process (PID=440) to work on /home/airflow/.local/lib/python3.8/site-packages/airflow/example_dags/example_branch_labels.py
[2024-02-21T13:18:32.283+0000] {processor.py:830} INFO - Processing file /home/airflow/.local/lib/python3.8/site-packages/airflow/example_dags/example_branch_labels.py for tasks to queue
[2024-02-21T13:18:32.286+0000] {logging_mixin.py:188} INFO - [2024-02-21T13:18:32.286+0000] {dagbag.py:538} INFO - Filling up the DagBag from /home/airflow/.local/lib/python3.8/site-packages/airflow/example_dags/example_branch_labels.py
[2024-02-21T13:18:32.301+0000] {processor.py:840} INFO - DAG(s) 'example_branch_labels' retrieved from /home/airflow/.local/lib/python3.8/site-packages/airflow/example_dags/example_branch_labels.py
[2024-02-21T13:18:32.342+0000] {logging_mixin.py:188} INFO - [2024-02-21T13:18:32.341+0000] {dag.py:3036} INFO - Sync 1 DAGs
[2024-02-21T13:18:32.388+0000] {logging_mixin.py:188} INFO - [2024-02-21T13:18:32.388+0000] {dag.py:3823} INFO - Setting next_dagrun for example_branch_labels to 2024-02-20 00:00:00+00:00, run_after=2024-02-21 00:00:00+00:00
[2024-02-21T13:18:32.417+0000] {processor.py:183} INFO - Processing /home/airflow/.local/lib/python3.8/site-packages/airflow/example_dags/example_branch_labels.py took 0.144 seconds
[2024-02-21T13:19:02.710+0000] {processor.py:161} INFO - Started process (PID=495) to work on /home/airflow/.local/lib/python3.8/site-packages/airflow/example_dags/example_branch_labels.py
[2024-02-21T13:19:02.712+0000] {processor.py:830} INFO - Processing file /home/airflow/.local/lib/python3.8/site-packages/airflow/example_dags/example_branch_labels.py for tasks to queue
[2024-02-21T13:19:02.715+0000] {logging_mixin.py:188} INFO - [2024-02-21T13:19:02.715+0000] {dagbag.py:538} INFO - Filling up the DagBag from /home/airflow/.local/lib/python3.8/site-packages/airflow/example_dags/example_branch_labels.py
[2024-02-21T13:19:02.730+0000] {processor.py:840} INFO - DAG(s) 'example_branch_labels' retrieved from /home/airflow/.local/lib/python3.8/site-packages/airflow/example_dags/example_branch_labels.py
[2024-02-21T13:19:02.764+0000] {logging_mixin.py:188} INFO - [2024-02-21T13:19:02.763+0000] {dag.py:3036} INFO - Sync 1 DAGs
[2024-02-21T13:19:02.802+0000] {logging_mixin.py:188} INFO - [2024-02-21T13:19:02.801+0000] {dag.py:3823} INFO - Setting next_dagrun for example_branch_labels to 2024-02-20 00:00:00+00:00, run_after=2024-02-21 00:00:00+00:00
[2024-02-21T13:19:02.834+0000] {processor.py:183} INFO - Processing /home/airflow/.local/lib/python3.8/site-packages/airflow/example_dags/example_branch_labels.py took 0.131 seconds
[2024-02-21T13:19:33.009+0000] {processor.py:161} INFO - Started process (PID=550) to work on /home/airflow/.local/lib/python3.8/site-packages/airflow/example_dags/example_branch_labels.py
[2024-02-21T13:19:33.011+0000] {processor.py:830} INFO - Processing file /home/airflow/.local/lib/python3.8/site-packages/airflow/example_dags/example_branch_labels.py for tasks to queue
[2024-02-21T13:19:33.014+0000] {logging_mixin.py:188} INFO - [2024-02-21T13:19:33.014+0000] {dagbag.py:538} INFO - Filling up the DagBag from /home/airflow/.local/lib/python3.8/site-packages/airflow/example_dags/example_branch_labels.py
[2024-02-21T13:19:33.030+0000] {processor.py:840} INFO - DAG(s) 'example_branch_labels' retrieved from /home/airflow/.local/lib/python3.8/site-packages/airflow/example_dags/example_branch_labels.py
[2024-02-21T13:19:33.073+0000] {logging_mixin.py:188} INFO - [2024-02-21T13:19:33.073+0000] {dag.py:3036} INFO - Sync 1 DAGs
[2024-02-21T13:19:33.115+0000] {logging_mixin.py:188} INFO - [2024-02-21T13:19:33.115+0000] {dag.py:3823} INFO - Setting next_dagrun for example_branch_labels to 2024-02-20 00:00:00+00:00, run_after=2024-02-21 00:00:00+00:00
[2024-02-21T13:19:33.144+0000] {processor.py:183} INFO - Processing /home/airflow/.local/lib/python3.8/site-packages/airflow/example_dags/example_branch_labels.py took 0.141 seconds
[2024-02-21T13:20:03.769+0000] {processor.py:161} INFO - Started process (PID=605) to work on /home/airflow/.local/lib/python3.8/site-packages/airflow/example_dags/example_branch_labels.py
[2024-02-21T13:20:03.772+0000] {processor.py:830} INFO - Processing file /home/airflow/.local/lib/python3.8/site-packages/airflow/example_dags/example_branch_labels.py for tasks to queue
[2024-02-21T13:20:03.776+0000] {logging_mixin.py:188} INFO - [2024-02-21T13:20:03.775+0000] {dagbag.py:538} INFO - Filling up the DagBag from /home/airflow/.local/lib/python3.8/site-packages/airflow/example_dags/example_branch_labels.py
[2024-02-21T13:20:03.803+0000] {processor.py:840} INFO - DAG(s) 'example_branch_labels' retrieved from /home/airflow/.local/lib/python3.8/site-packages/airflow/example_dags/example_branch_labels.py
[2024-02-21T13:20:03.858+0000] {logging_mixin.py:188} INFO - [2024-02-21T13:20:03.858+0000] {dag.py:3036} INFO - Sync 1 DAGs
[2024-02-21T13:20:03.910+0000] {logging_mixin.py:188} INFO - [2024-02-21T13:20:03.909+0000] {dag.py:3823} INFO - Setting next_dagrun for example_branch_labels to 2024-02-20 00:00:00+00:00, run_after=2024-02-21 00:00:00+00:00
[2024-02-21T13:20:03.943+0000] {processor.py:183} INFO - Processing /home/airflow/.local/lib/python3.8/site-packages/airflow/example_dags/example_branch_labels.py took 0.182 seconds
[2024-02-21T13:20:34.358+0000] {processor.py:161} INFO - Started process (PID=659) to work on /home/airflow/.local/lib/python3.8/site-packages/airflow/example_dags/example_branch_labels.py
[2024-02-21T13:20:34.360+0000] {processor.py:830} INFO - Processing file /home/airflow/.local/lib/python3.8/site-packages/airflow/example_dags/example_branch_labels.py for tasks to queue
[2024-02-21T13:20:34.364+0000] {logging_mixin.py:188} INFO - [2024-02-21T13:20:34.363+0000] {dagbag.py:538} INFO - Filling up the DagBag from /home/airflow/.local/lib/python3.8/site-packages/airflow/example_dags/example_branch_labels.py
[2024-02-21T13:20:34.385+0000] {processor.py:840} INFO - DAG(s) 'example_branch_labels' retrieved from /home/airflow/.local/lib/python3.8/site-packages/airflow/example_dags/example_branch_labels.py
[2024-02-21T13:20:34.438+0000] {logging_mixin.py:188} INFO - [2024-02-21T13:20:34.438+0000] {dag.py:3036} INFO - Sync 1 DAGs
[2024-02-21T13:20:34.491+0000] {logging_mixin.py:188} INFO - [2024-02-21T13:20:34.490+0000] {dag.py:3823} INFO - Setting next_dagrun for example_branch_labels to 2024-02-20 00:00:00+00:00, run_after=2024-02-21 00:00:00+00:00
[2024-02-21T13:20:34.525+0000] {processor.py:183} INFO - Processing /home/airflow/.local/lib/python3.8/site-packages/airflow/example_dags/example_branch_labels.py took 0.175 seconds
[2024-02-21T13:21:05.031+0000] {processor.py:161} INFO - Started process (PID=715) to work on /home/airflow/.local/lib/python3.8/site-packages/airflow/example_dags/example_branch_labels.py
[2024-02-21T13:21:05.034+0000] {processor.py:830} INFO - Processing file /home/airflow/.local/lib/python3.8/site-packages/airflow/example_dags/example_branch_labels.py for tasks to queue
[2024-02-21T13:21:05.037+0000] {logging_mixin.py:188} INFO - [2024-02-21T13:21:05.036+0000] {dagbag.py:538} INFO - Filling up the DagBag from /home/airflow/.local/lib/python3.8/site-packages/airflow/example_dags/example_branch_labels.py
[2024-02-21T13:21:05.051+0000] {processor.py:840} INFO - DAG(s) 'example_branch_labels' retrieved from /home/airflow/.local/lib/python3.8/site-packages/airflow/example_dags/example_branch_labels.py
[2024-02-21T13:21:05.095+0000] {logging_mixin.py:188} INFO - [2024-02-21T13:21:05.095+0000] {dag.py:3036} INFO - Sync 1 DAGs
[2024-02-21T13:21:05.137+0000] {logging_mixin.py:188} INFO - [2024-02-21T13:21:05.136+0000] {dag.py:3823} INFO - Setting next_dagrun for example_branch_labels to 2024-02-20 00:00:00+00:00, run_after=2024-02-21 00:00:00+00:00
[2024-02-21T13:21:05.164+0000] {processor.py:183} INFO - Processing /home/airflow/.local/lib/python3.8/site-packages/airflow/example_dags/example_branch_labels.py took 0.140 seconds
[2024-02-21T13:21:35.549+0000] {processor.py:161} INFO - Started process (PID=769) to work on /home/airflow/.local/lib/python3.8/site-packages/airflow/example_dags/example_branch_labels.py
[2024-02-21T13:21:35.550+0000] {processor.py:830} INFO - Processing file /home/airflow/.local/lib/python3.8/site-packages/airflow/example_dags/example_branch_labels.py for tasks to queue
[2024-02-21T13:21:35.553+0000] {logging_mixin.py:188} INFO - [2024-02-21T13:21:35.553+0000] {dagbag.py:538} INFO - Filling up the DagBag from /home/airflow/.local/lib/python3.8/site-packages/airflow/example_dags/example_branch_labels.py
[2024-02-21T13:21:35.567+0000] {processor.py:840} INFO - DAG(s) 'example_branch_labels' retrieved from /home/airflow/.local/lib/python3.8/site-packages/airflow/example_dags/example_branch_labels.py
[2024-02-21T13:21:35.601+0000] {logging_mixin.py:188} INFO - [2024-02-21T13:21:35.600+0000] {dag.py:3036} INFO - Sync 1 DAGs
[2024-02-21T13:21:35.642+0000] {logging_mixin.py:188} INFO - [2024-02-21T13:21:35.641+0000] {dag.py:3823} INFO - Setting next_dagrun for example_branch_labels to 2024-02-20 00:00:00+00:00, run_after=2024-02-21 00:00:00+00:00
[2024-02-21T13:21:35.677+0000] {processor.py:183} INFO - Processing /home/airflow/.local/lib/python3.8/site-packages/airflow/example_dags/example_branch_labels.py took 0.134 seconds
[2024-02-21T13:22:06.512+0000] {processor.py:161} INFO - Started process (PID=824) to work on /home/airflow/.local/lib/python3.8/site-packages/airflow/example_dags/example_branch_labels.py
[2024-02-21T13:22:06.514+0000] {processor.py:830} INFO - Processing file /home/airflow/.local/lib/python3.8/site-packages/airflow/example_dags/example_branch_labels.py for tasks to queue
[2024-02-21T13:22:06.517+0000] {logging_mixin.py:188} INFO - [2024-02-21T13:22:06.516+0000] {dagbag.py:538} INFO - Filling up the DagBag from /home/airflow/.local/lib/python3.8/site-packages/airflow/example_dags/example_branch_labels.py
[2024-02-21T13:22:06.536+0000] {processor.py:840} INFO - DAG(s) 'example_branch_labels' retrieved from /home/airflow/.local/lib/python3.8/site-packages/airflow/example_dags/example_branch_labels.py
[2024-02-21T13:22:06.582+0000] {logging_mixin.py:188} INFO - [2024-02-21T13:22:06.582+0000] {dag.py:3036} INFO - Sync 1 DAGs
[2024-02-21T13:22:06.627+0000] {logging_mixin.py:188} INFO - [2024-02-21T13:22:06.627+0000] {dag.py:3823} INFO - Setting next_dagrun for example_branch_labels to 2024-02-20 00:00:00+00:00, run_after=2024-02-21 00:00:00+00:00
[2024-02-21T13:22:06.654+0000] {processor.py:183} INFO - Processing /home/airflow/.local/lib/python3.8/site-packages/airflow/example_dags/example_branch_labels.py took 0.149 seconds
[2024-02-21T13:22:37.097+0000] {processor.py:161} INFO - Started process (PID=879) to work on /home/airflow/.local/lib/python3.8/site-packages/airflow/example_dags/example_branch_labels.py
[2024-02-21T13:22:37.098+0000] {processor.py:830} INFO - Processing file /home/airflow/.local/lib/python3.8/site-packages/airflow/example_dags/example_branch_labels.py for tasks to queue
[2024-02-21T13:22:37.101+0000] {logging_mixin.py:188} INFO - [2024-02-21T13:22:37.101+0000] {dagbag.py:538} INFO - Filling up the DagBag from /home/airflow/.local/lib/python3.8/site-packages/airflow/example_dags/example_branch_labels.py
[2024-02-21T13:22:37.116+0000] {processor.py:840} INFO - DAG(s) 'example_branch_labels' retrieved from /home/airflow/.local/lib/python3.8/site-packages/airflow/example_dags/example_branch_labels.py
[2024-02-21T13:22:37.153+0000] {logging_mixin.py:188} INFO - [2024-02-21T13:22:37.153+0000] {dag.py:3036} INFO - Sync 1 DAGs
[2024-02-21T13:22:37.193+0000] {logging_mixin.py:188} INFO - [2024-02-21T13:22:37.192+0000] {dag.py:3823} INFO - Setting next_dagrun for example_branch_labels to 2024-02-20 00:00:00+00:00, run_after=2024-02-21 00:00:00+00:00
[2024-02-21T13:22:37.224+0000] {processor.py:183} INFO - Processing /home/airflow/.local/lib/python3.8/site-packages/airflow/example_dags/example_branch_labels.py took 0.133 seconds
[2024-02-21T13:23:08.034+0000] {processor.py:161} INFO - Started process (PID=934) to work on /home/airflow/.local/lib/python3.8/site-packages/airflow/example_dags/example_branch_labels.py
[2024-02-21T13:23:08.037+0000] {processor.py:830} INFO - Processing file /home/airflow/.local/lib/python3.8/site-packages/airflow/example_dags/example_branch_labels.py for tasks to queue
[2024-02-21T13:23:08.041+0000] {logging_mixin.py:188} INFO - [2024-02-21T13:23:08.041+0000] {dagbag.py:538} INFO - Filling up the DagBag from /home/airflow/.local/lib/python3.8/site-packages/airflow/example_dags/example_branch_labels.py
[2024-02-21T13:23:08.057+0000] {processor.py:840} INFO - DAG(s) 'example_branch_labels' retrieved from /home/airflow/.local/lib/python3.8/site-packages/airflow/example_dags/example_branch_labels.py
[2024-02-21T13:23:08.097+0000] {logging_mixin.py:188} INFO - [2024-02-21T13:23:08.097+0000] {dag.py:3036} INFO - Sync 1 DAGs
[2024-02-21T13:23:08.142+0000] {logging_mixin.py:188} INFO - [2024-02-21T13:23:08.142+0000] {dag.py:3823} INFO - Setting next_dagrun for example_branch_labels to 2024-02-20 00:00:00+00:00, run_after=2024-02-21 00:00:00+00:00
[2024-02-21T13:23:08.171+0000] {processor.py:183} INFO - Processing /home/airflow/.local/lib/python3.8/site-packages/airflow/example_dags/example_branch_labels.py took 0.144 seconds
[2024-02-21T13:23:38.397+0000] {processor.py:161} INFO - Started process (PID=989) to work on /home/airflow/.local/lib/python3.8/site-packages/airflow/example_dags/example_branch_labels.py
[2024-02-21T13:23:38.400+0000] {processor.py:830} INFO - Processing file /home/airflow/.local/lib/python3.8/site-packages/airflow/example_dags/example_branch_labels.py for tasks to queue
[2024-02-21T13:23:38.403+0000] {logging_mixin.py:188} INFO - [2024-02-21T13:23:38.402+0000] {dagbag.py:538} INFO - Filling up the DagBag from /home/airflow/.local/lib/python3.8/site-packages/airflow/example_dags/example_branch_labels.py
[2024-02-21T13:23:38.417+0000] {processor.py:840} INFO - DAG(s) 'example_branch_labels' retrieved from /home/airflow/.local/lib/python3.8/site-packages/airflow/example_dags/example_branch_labels.py
[2024-02-21T13:23:38.451+0000] {logging_mixin.py:188} INFO - [2024-02-21T13:23:38.450+0000] {dag.py:3036} INFO - Sync 1 DAGs
[2024-02-21T13:23:38.491+0000] {logging_mixin.py:188} INFO - [2024-02-21T13:23:38.491+0000] {dag.py:3823} INFO - Setting next_dagrun for example_branch_labels to 2024-02-20 00:00:00+00:00, run_after=2024-02-21 00:00:00+00:00
[2024-02-21T13:23:38.520+0000] {processor.py:183} INFO - Processing /home/airflow/.local/lib/python3.8/site-packages/airflow/example_dags/example_branch_labels.py took 0.129 seconds
[2024-02-21T13:24:09.206+0000] {processor.py:161} INFO - Started process (PID=1044) to work on /home/airflow/.local/lib/python3.8/site-packages/airflow/example_dags/example_branch_labels.py
[2024-02-21T13:24:09.209+0000] {processor.py:830} INFO - Processing file /home/airflow/.local/lib/python3.8/site-packages/airflow/example_dags/example_branch_labels.py for tasks to queue
[2024-02-21T13:24:09.212+0000] {logging_mixin.py:188} INFO - [2024-02-21T13:24:09.211+0000] {dagbag.py:538} INFO - Filling up the DagBag from /home/airflow/.local/lib/python3.8/site-packages/airflow/example_dags/example_branch_labels.py
[2024-02-21T13:24:09.225+0000] {processor.py:840} INFO - DAG(s) 'example_branch_labels' retrieved from /home/airflow/.local/lib/python3.8/site-packages/airflow/example_dags/example_branch_labels.py
[2024-02-21T13:24:09.262+0000] {logging_mixin.py:188} INFO - [2024-02-21T13:24:09.261+0000] {dag.py:3036} INFO - Sync 1 DAGs
[2024-02-21T13:24:09.303+0000] {logging_mixin.py:188} INFO - [2024-02-21T13:24:09.303+0000] {dag.py:3823} INFO - Setting next_dagrun for example_branch_labels to 2024-02-20 00:00:00+00:00, run_after=2024-02-21 00:00:00+00:00
[2024-02-21T13:24:09.330+0000] {processor.py:183} INFO - Processing /home/airflow/.local/lib/python3.8/site-packages/airflow/example_dags/example_branch_labels.py took 0.129 seconds
[2024-02-21T13:24:39.840+0000] {processor.py:161} INFO - Started process (PID=1099) to work on /home/airflow/.local/lib/python3.8/site-packages/airflow/example_dags/example_branch_labels.py
[2024-02-21T13:24:39.842+0000] {processor.py:830} INFO - Processing file /home/airflow/.local/lib/python3.8/site-packages/airflow/example_dags/example_branch_labels.py for tasks to queue
[2024-02-21T13:24:39.845+0000] {logging_mixin.py:188} INFO - [2024-02-21T13:24:39.845+0000] {dagbag.py:538} INFO - Filling up the DagBag from /home/airflow/.local/lib/python3.8/site-packages/airflow/example_dags/example_branch_labels.py
[2024-02-21T13:24:39.860+0000] {processor.py:840} INFO - DAG(s) 'example_branch_labels' retrieved from /home/airflow/.local/lib/python3.8/site-packages/airflow/example_dags/example_branch_labels.py
[2024-02-21T13:24:39.896+0000] {logging_mixin.py:188} INFO - [2024-02-21T13:24:39.896+0000] {dag.py:3036} INFO - Sync 1 DAGs
[2024-02-21T13:24:39.931+0000] {logging_mixin.py:188} INFO - [2024-02-21T13:24:39.931+0000] {dag.py:3823} INFO - Setting next_dagrun for example_branch_labels to 2024-02-20 00:00:00+00:00, run_after=2024-02-21 00:00:00+00:00
[2024-02-21T13:24:39.957+0000] {processor.py:183} INFO - Processing /home/airflow/.local/lib/python3.8/site-packages/airflow/example_dags/example_branch_labels.py took 0.123 seconds
[2024-02-21T13:25:10.862+0000] {processor.py:161} INFO - Started process (PID=1155) to work on /home/airflow/.local/lib/python3.8/site-packages/airflow/example_dags/example_branch_labels.py
[2024-02-21T13:25:10.864+0000] {processor.py:830} INFO - Processing file /home/airflow/.local/lib/python3.8/site-packages/airflow/example_dags/example_branch_labels.py for tasks to queue
[2024-02-21T13:25:10.868+0000] {logging_mixin.py:188} INFO - [2024-02-21T13:25:10.868+0000] {dagbag.py:538} INFO - Filling up the DagBag from /home/airflow/.local/lib/python3.8/site-packages/airflow/example_dags/example_branch_labels.py
[2024-02-21T13:25:10.887+0000] {processor.py:840} INFO - DAG(s) 'example_branch_labels' retrieved from /home/airflow/.local/lib/python3.8/site-packages/airflow/example_dags/example_branch_labels.py
[2024-02-21T13:25:10.935+0000] {logging_mixin.py:188} INFO - [2024-02-21T13:25:10.935+0000] {dag.py:3036} INFO - Sync 1 DAGs
[2024-02-21T13:25:11.000+0000] {logging_mixin.py:188} INFO - [2024-02-21T13:25:11.000+0000] {dag.py:3823} INFO - Setting next_dagrun for example_branch_labels to 2024-02-20 00:00:00+00:00, run_after=2024-02-21 00:00:00+00:00
[2024-02-21T13:25:11.040+0000] {processor.py:183} INFO - Processing /home/airflow/.local/lib/python3.8/site-packages/airflow/example_dags/example_branch_labels.py took 0.185 seconds
[2024-02-21T13:25:41.133+0000] {processor.py:161} INFO - Started process (PID=1210) to work on /home/airflow/.local/lib/python3.8/site-packages/airflow/example_dags/example_branch_labels.py
[2024-02-21T13:25:41.134+0000] {processor.py:830} INFO - Processing file /home/airflow/.local/lib/python3.8/site-packages/airflow/example_dags/example_branch_labels.py for tasks to queue
[2024-02-21T13:25:41.137+0000] {logging_mixin.py:188} INFO - [2024-02-21T13:25:41.137+0000] {dagbag.py:538} INFO - Filling up the DagBag from /home/airflow/.local/lib/python3.8/site-packages/airflow/example_dags/example_branch_labels.py
[2024-02-21T13:25:41.151+0000] {processor.py:840} INFO - DAG(s) 'example_branch_labels' retrieved from /home/airflow/.local/lib/python3.8/site-packages/airflow/example_dags/example_branch_labels.py
[2024-02-21T13:25:41.193+0000] {logging_mixin.py:188} INFO - [2024-02-21T13:25:41.192+0000] {dag.py:3036} INFO - Sync 1 DAGs
[2024-02-21T13:25:41.233+0000] {logging_mixin.py:188} INFO - [2024-02-21T13:25:41.233+0000] {dag.py:3823} INFO - Setting next_dagrun for example_branch_labels to 2024-02-20 00:00:00+00:00, run_after=2024-02-21 00:00:00+00:00
[2024-02-21T13:25:41.268+0000] {processor.py:183} INFO - Processing /home/airflow/.local/lib/python3.8/site-packages/airflow/example_dags/example_branch_labels.py took 0.141 seconds
[2024-02-21T13:26:11.541+0000] {processor.py:161} INFO - Started process (PID=1265) to work on /home/airflow/.local/lib/python3.8/site-packages/airflow/example_dags/example_branch_labels.py
[2024-02-21T13:26:11.543+0000] {processor.py:830} INFO - Processing file /home/airflow/.local/lib/python3.8/site-packages/airflow/example_dags/example_branch_labels.py for tasks to queue
[2024-02-21T13:26:11.546+0000] {logging_mixin.py:188} INFO - [2024-02-21T13:26:11.546+0000] {dagbag.py:538} INFO - Filling up the DagBag from /home/airflow/.local/lib/python3.8/site-packages/airflow/example_dags/example_branch_labels.py
[2024-02-21T13:26:11.560+0000] {processor.py:840} INFO - DAG(s) 'example_branch_labels' retrieved from /home/airflow/.local/lib/python3.8/site-packages/airflow/example_dags/example_branch_labels.py
[2024-02-21T13:26:11.595+0000] {logging_mixin.py:188} INFO - [2024-02-21T13:26:11.595+0000] {dag.py:3036} INFO - Sync 1 DAGs
[2024-02-21T13:26:11.632+0000] {logging_mixin.py:188} INFO - [2024-02-21T13:26:11.631+0000] {dag.py:3823} INFO - Setting next_dagrun for example_branch_labels to 2024-02-20 00:00:00+00:00, run_after=2024-02-21 00:00:00+00:00
[2024-02-21T13:26:11.657+0000] {processor.py:183} INFO - Processing /home/airflow/.local/lib/python3.8/site-packages/airflow/example_dags/example_branch_labels.py took 0.123 seconds
[2024-02-21T13:26:41.728+0000] {processor.py:161} INFO - Started process (PID=1320) to work on /home/airflow/.local/lib/python3.8/site-packages/airflow/example_dags/example_branch_labels.py
[2024-02-21T13:26:41.730+0000] {processor.py:830} INFO - Processing file /home/airflow/.local/lib/python3.8/site-packages/airflow/example_dags/example_branch_labels.py for tasks to queue
[2024-02-21T13:26:41.733+0000] {logging_mixin.py:188} INFO - [2024-02-21T13:26:41.733+0000] {dagbag.py:538} INFO - Filling up the DagBag from /home/airflow/.local/lib/python3.8/site-packages/airflow/example_dags/example_branch_labels.py
[2024-02-21T13:26:41.747+0000] {processor.py:840} INFO - DAG(s) 'example_branch_labels' retrieved from /home/airflow/.local/lib/python3.8/site-packages/airflow/example_dags/example_branch_labels.py
[2024-02-21T13:26:41.781+0000] {logging_mixin.py:188} INFO - [2024-02-21T13:26:41.781+0000] {dag.py:3036} INFO - Sync 1 DAGs
[2024-02-21T13:26:41.817+0000] {logging_mixin.py:188} INFO - [2024-02-21T13:26:41.817+0000] {dag.py:3823} INFO - Setting next_dagrun for example_branch_labels to 2024-02-20 00:00:00+00:00, run_after=2024-02-21 00:00:00+00:00
[2024-02-21T13:26:41.845+0000] {processor.py:183} INFO - Processing /home/airflow/.local/lib/python3.8/site-packages/airflow/example_dags/example_branch_labels.py took 0.123 seconds
[2024-02-21T13:27:11.911+0000] {processor.py:161} INFO - Started process (PID=1375) to work on /home/airflow/.local/lib/python3.8/site-packages/airflow/example_dags/example_branch_labels.py
[2024-02-21T13:27:11.913+0000] {processor.py:830} INFO - Processing file /home/airflow/.local/lib/python3.8/site-packages/airflow/example_dags/example_branch_labels.py for tasks to queue
[2024-02-21T13:27:11.916+0000] {logging_mixin.py:188} INFO - [2024-02-21T13:27:11.916+0000] {dagbag.py:538} INFO - Filling up the DagBag from /home/airflow/.local/lib/python3.8/site-packages/airflow/example_dags/example_branch_labels.py
[2024-02-21T13:27:11.931+0000] {processor.py:840} INFO - DAG(s) 'example_branch_labels' retrieved from /home/airflow/.local/lib/python3.8/site-packages/airflow/example_dags/example_branch_labels.py
[2024-02-21T13:27:11.967+0000] {logging_mixin.py:188} INFO - [2024-02-21T13:27:11.966+0000] {dag.py:3036} INFO - Sync 1 DAGs
[2024-02-21T13:27:12.003+0000] {logging_mixin.py:188} INFO - [2024-02-21T13:27:12.003+0000] {dag.py:3823} INFO - Setting next_dagrun for example_branch_labels to 2024-02-20 00:00:00+00:00, run_after=2024-02-21 00:00:00+00:00
[2024-02-21T13:27:12.029+0000] {processor.py:183} INFO - Processing /home/airflow/.local/lib/python3.8/site-packages/airflow/example_dags/example_branch_labels.py took 0.124 seconds
[2024-02-21T13:27:42.331+0000] {processor.py:161} INFO - Started process (PID=1431) to work on /home/airflow/.local/lib/python3.8/site-packages/airflow/example_dags/example_branch_labels.py
[2024-02-21T13:27:42.333+0000] {processor.py:830} INFO - Processing file /home/airflow/.local/lib/python3.8/site-packages/airflow/example_dags/example_branch_labels.py for tasks to queue
[2024-02-21T13:27:42.336+0000] {logging_mixin.py:188} INFO - [2024-02-21T13:27:42.335+0000] {dagbag.py:538} INFO - Filling up the DagBag from /home/airflow/.local/lib/python3.8/site-packages/airflow/example_dags/example_branch_labels.py
[2024-02-21T13:27:42.350+0000] {processor.py:840} INFO - DAG(s) 'example_branch_labels' retrieved from /home/airflow/.local/lib/python3.8/site-packages/airflow/example_dags/example_branch_labels.py
[2024-02-21T13:27:42.395+0000] {logging_mixin.py:188} INFO - [2024-02-21T13:27:42.395+0000] {dag.py:3036} INFO - Sync 1 DAGs
[2024-02-21T13:27:42.432+0000] {logging_mixin.py:188} INFO - [2024-02-21T13:27:42.431+0000] {dag.py:3823} INFO - Setting next_dagrun for example_branch_labels to 2024-02-20 00:00:00+00:00, run_after=2024-02-21 00:00:00+00:00
[2024-02-21T13:27:42.459+0000] {processor.py:183} INFO - Processing /home/airflow/.local/lib/python3.8/site-packages/airflow/example_dags/example_branch_labels.py took 0.134 seconds
[2024-02-21T13:28:12.719+0000] {processor.py:161} INFO - Started process (PID=1487) to work on /home/airflow/.local/lib/python3.8/site-packages/airflow/example_dags/example_branch_labels.py
[2024-02-21T13:28:12.721+0000] {processor.py:830} INFO - Processing file /home/airflow/.local/lib/python3.8/site-packages/airflow/example_dags/example_branch_labels.py for tasks to queue
[2024-02-21T13:28:12.723+0000] {logging_mixin.py:188} INFO - [2024-02-21T13:28:12.723+0000] {dagbag.py:538} INFO - Filling up the DagBag from /home/airflow/.local/lib/python3.8/site-packages/airflow/example_dags/example_branch_labels.py
[2024-02-21T13:28:12.738+0000] {processor.py:840} INFO - DAG(s) 'example_branch_labels' retrieved from /home/airflow/.local/lib/python3.8/site-packages/airflow/example_dags/example_branch_labels.py
[2024-02-21T13:28:12.775+0000] {logging_mixin.py:188} INFO - [2024-02-21T13:28:12.775+0000] {dag.py:3036} INFO - Sync 1 DAGs
[2024-02-21T13:28:12.813+0000] {logging_mixin.py:188} INFO - [2024-02-21T13:28:12.813+0000] {dag.py:3823} INFO - Setting next_dagrun for example_branch_labels to 2024-02-20 00:00:00+00:00, run_after=2024-02-21 00:00:00+00:00
[2024-02-21T13:28:12.840+0000] {processor.py:183} INFO - Processing /home/airflow/.local/lib/python3.8/site-packages/airflow/example_dags/example_branch_labels.py took 0.126 seconds
[2024-02-21T13:28:43.267+0000] {processor.py:161} INFO - Started process (PID=1542) to work on /home/airflow/.local/lib/python3.8/site-packages/airflow/example_dags/example_branch_labels.py
[2024-02-21T13:28:43.269+0000] {processor.py:830} INFO - Processing file /home/airflow/.local/lib/python3.8/site-packages/airflow/example_dags/example_branch_labels.py for tasks to queue
[2024-02-21T13:28:43.272+0000] {logging_mixin.py:188} INFO - [2024-02-21T13:28:43.271+0000] {dagbag.py:538} INFO - Filling up the DagBag from /home/airflow/.local/lib/python3.8/site-packages/airflow/example_dags/example_branch_labels.py
[2024-02-21T13:28:43.287+0000] {processor.py:840} INFO - DAG(s) 'example_branch_labels' retrieved from /home/airflow/.local/lib/python3.8/site-packages/airflow/example_dags/example_branch_labels.py
[2024-02-21T13:28:43.323+0000] {logging_mixin.py:188} INFO - [2024-02-21T13:28:43.323+0000] {dag.py:3036} INFO - Sync 1 DAGs
[2024-02-21T13:28:43.360+0000] {logging_mixin.py:188} INFO - [2024-02-21T13:28:43.360+0000] {dag.py:3823} INFO - Setting next_dagrun for example_branch_labels to 2024-02-20 00:00:00+00:00, run_after=2024-02-21 00:00:00+00:00
[2024-02-21T13:28:43.391+0000] {processor.py:183} INFO - Processing /home/airflow/.local/lib/python3.8/site-packages/airflow/example_dags/example_branch_labels.py took 0.132 seconds
[2024-02-21T13:29:13.944+0000] {processor.py:161} INFO - Started process (PID=1597) to work on /home/airflow/.local/lib/python3.8/site-packages/airflow/example_dags/example_branch_labels.py
[2024-02-21T13:29:13.946+0000] {processor.py:830} INFO - Processing file /home/airflow/.local/lib/python3.8/site-packages/airflow/example_dags/example_branch_labels.py for tasks to queue
[2024-02-21T13:29:13.949+0000] {logging_mixin.py:188} INFO - [2024-02-21T13:29:13.949+0000] {dagbag.py:538} INFO - Filling up the DagBag from /home/airflow/.local/lib/python3.8/site-packages/airflow/example_dags/example_branch_labels.py
[2024-02-21T13:29:13.963+0000] {processor.py:840} INFO - DAG(s) 'example_branch_labels' retrieved from /home/airflow/.local/lib/python3.8/site-packages/airflow/example_dags/example_branch_labels.py
[2024-02-21T13:29:13.997+0000] {logging_mixin.py:188} INFO - [2024-02-21T13:29:13.997+0000] {dag.py:3036} INFO - Sync 1 DAGs
[2024-02-21T13:29:14.039+0000] {logging_mixin.py:188} INFO - [2024-02-21T13:29:14.039+0000] {dag.py:3823} INFO - Setting next_dagrun for example_branch_labels to 2024-02-20 00:00:00+00:00, run_after=2024-02-21 00:00:00+00:00
[2024-02-21T13:29:14.068+0000] {processor.py:183} INFO - Processing /home/airflow/.local/lib/python3.8/site-packages/airflow/example_dags/example_branch_labels.py took 0.130 seconds
[2024-02-21T13:29:44.617+0000] {processor.py:161} INFO - Started process (PID=1652) to work on /home/airflow/.local/lib/python3.8/site-packages/airflow/example_dags/example_branch_labels.py
[2024-02-21T13:29:44.619+0000] {processor.py:830} INFO - Processing file /home/airflow/.local/lib/python3.8/site-packages/airflow/example_dags/example_branch_labels.py for tasks to queue
[2024-02-21T13:29:44.623+0000] {logging_mixin.py:188} INFO - [2024-02-21T13:29:44.622+0000] {dagbag.py:538} INFO - Filling up the DagBag from /home/airflow/.local/lib/python3.8/site-packages/airflow/example_dags/example_branch_labels.py
[2024-02-21T13:29:44.642+0000] {processor.py:840} INFO - DAG(s) 'example_branch_labels' retrieved from /home/airflow/.local/lib/python3.8/site-packages/airflow/example_dags/example_branch_labels.py
[2024-02-21T13:29:44.687+0000] {logging_mixin.py:188} INFO - [2024-02-21T13:29:44.687+0000] {dag.py:3036} INFO - Sync 1 DAGs
[2024-02-21T13:29:44.737+0000] {logging_mixin.py:188} INFO - [2024-02-21T13:29:44.736+0000] {dag.py:3823} INFO - Setting next_dagrun for example_branch_labels to 2024-02-20 00:00:00+00:00, run_after=2024-02-21 00:00:00+00:00
[2024-02-21T13:29:44.772+0000] {processor.py:183} INFO - Processing /home/airflow/.local/lib/python3.8/site-packages/airflow/example_dags/example_branch_labels.py took 0.163 seconds
[2024-02-21T13:30:15.122+0000] {processor.py:161} INFO - Started process (PID=1707) to work on /home/airflow/.local/lib/python3.8/site-packages/airflow/example_dags/example_branch_labels.py
[2024-02-21T13:30:15.125+0000] {processor.py:830} INFO - Processing file /home/airflow/.local/lib/python3.8/site-packages/airflow/example_dags/example_branch_labels.py for tasks to queue
[2024-02-21T13:30:15.128+0000] {logging_mixin.py:188} INFO - [2024-02-21T13:30:15.128+0000] {dagbag.py:538} INFO - Filling up the DagBag from /home/airflow/.local/lib/python3.8/site-packages/airflow/example_dags/example_branch_labels.py
[2024-02-21T13:30:15.142+0000] {processor.py:840} INFO - DAG(s) 'example_branch_labels' retrieved from /home/airflow/.local/lib/python3.8/site-packages/airflow/example_dags/example_branch_labels.py
[2024-02-21T13:30:15.178+0000] {logging_mixin.py:188} INFO - [2024-02-21T13:30:15.178+0000] {dag.py:3036} INFO - Sync 1 DAGs
[2024-02-21T13:30:15.215+0000] {logging_mixin.py:188} INFO - [2024-02-21T13:30:15.215+0000] {dag.py:3823} INFO - Setting next_dagrun for example_branch_labels to 2024-02-20 00:00:00+00:00, run_after=2024-02-21 00:00:00+00:00
[2024-02-21T13:30:15.242+0000] {processor.py:183} INFO - Processing /home/airflow/.local/lib/python3.8/site-packages/airflow/example_dags/example_branch_labels.py took 0.125 seconds
[2024-02-21T13:30:45.406+0000] {processor.py:161} INFO - Started process (PID=1762) to work on /home/airflow/.local/lib/python3.8/site-packages/airflow/example_dags/example_branch_labels.py
[2024-02-21T13:30:45.408+0000] {processor.py:830} INFO - Processing file /home/airflow/.local/lib/python3.8/site-packages/airflow/example_dags/example_branch_labels.py for tasks to queue
[2024-02-21T13:30:45.412+0000] {logging_mixin.py:188} INFO - [2024-02-21T13:30:45.412+0000] {dagbag.py:538} INFO - Filling up the DagBag from /home/airflow/.local/lib/python3.8/site-packages/airflow/example_dags/example_branch_labels.py
[2024-02-21T13:30:45.435+0000] {processor.py:840} INFO - DAG(s) 'example_branch_labels' retrieved from /home/airflow/.local/lib/python3.8/site-packages/airflow/example_dags/example_branch_labels.py
[2024-02-21T13:30:45.490+0000] {logging_mixin.py:188} INFO - [2024-02-21T13:30:45.489+0000] {dag.py:3036} INFO - Sync 1 DAGs
[2024-02-21T13:30:45.536+0000] {logging_mixin.py:188} INFO - [2024-02-21T13:30:45.535+0000] {dag.py:3823} INFO - Setting next_dagrun for example_branch_labels to 2024-02-20 00:00:00+00:00, run_after=2024-02-21 00:00:00+00:00
[2024-02-21T13:30:45.568+0000] {processor.py:183} INFO - Processing /home/airflow/.local/lib/python3.8/site-packages/airflow/example_dags/example_branch_labels.py took 0.170 seconds
[2024-02-21T13:31:15.654+0000] {processor.py:161} INFO - Started process (PID=1816) to work on /home/airflow/.local/lib/python3.8/site-packages/airflow/example_dags/example_branch_labels.py
[2024-02-21T13:31:15.656+0000] {processor.py:830} INFO - Processing file /home/airflow/.local/lib/python3.8/site-packages/airflow/example_dags/example_branch_labels.py for tasks to queue
[2024-02-21T13:31:15.660+0000] {logging_mixin.py:188} INFO - [2024-02-21T13:31:15.659+0000] {dagbag.py:538} INFO - Filling up the DagBag from /home/airflow/.local/lib/python3.8/site-packages/airflow/example_dags/example_branch_labels.py
[2024-02-21T13:31:15.674+0000] {processor.py:840} INFO - DAG(s) 'example_branch_labels' retrieved from /home/airflow/.local/lib/python3.8/site-packages/airflow/example_dags/example_branch_labels.py
[2024-02-21T13:31:15.713+0000] {logging_mixin.py:188} INFO - [2024-02-21T13:31:15.713+0000] {dag.py:3036} INFO - Sync 1 DAGs
[2024-02-21T13:31:15.757+0000] {logging_mixin.py:188} INFO - [2024-02-21T13:31:15.756+0000] {dag.py:3823} INFO - Setting next_dagrun for example_branch_labels to 2024-02-20 00:00:00+00:00, run_after=2024-02-21 00:00:00+00:00
[2024-02-21T13:31:15.783+0000] {processor.py:183} INFO - Processing /home/airflow/.local/lib/python3.8/site-packages/airflow/example_dags/example_branch_labels.py took 0.136 seconds
[2024-02-21T13:31:46.087+0000] {processor.py:161} INFO - Started process (PID=1871) to work on /home/airflow/.local/lib/python3.8/site-packages/airflow/example_dags/example_branch_labels.py
[2024-02-21T13:31:46.088+0000] {processor.py:830} INFO - Processing file /home/airflow/.local/lib/python3.8/site-packages/airflow/example_dags/example_branch_labels.py for tasks to queue
[2024-02-21T13:31:46.092+0000] {logging_mixin.py:188} INFO - [2024-02-21T13:31:46.091+0000] {dagbag.py:538} INFO - Filling up the DagBag from /home/airflow/.local/lib/python3.8/site-packages/airflow/example_dags/example_branch_labels.py
[2024-02-21T13:31:46.105+0000] {processor.py:840} INFO - DAG(s) 'example_branch_labels' retrieved from /home/airflow/.local/lib/python3.8/site-packages/airflow/example_dags/example_branch_labels.py
[2024-02-21T13:31:46.146+0000] {logging_mixin.py:188} INFO - [2024-02-21T13:31:46.146+0000] {dag.py:3036} INFO - Sync 1 DAGs
[2024-02-21T13:31:46.188+0000] {logging_mixin.py:188} INFO - [2024-02-21T13:31:46.187+0000] {dag.py:3823} INFO - Setting next_dagrun for example_branch_labels to 2024-02-20 00:00:00+00:00, run_after=2024-02-21 00:00:00+00:00
[2024-02-21T13:31:46.220+0000] {processor.py:183} INFO - Processing /home/airflow/.local/lib/python3.8/site-packages/airflow/example_dags/example_branch_labels.py took 0.142 seconds
[2024-02-21T13:32:16.294+0000] {processor.py:161} INFO - Started process (PID=1927) to work on /home/airflow/.local/lib/python3.8/site-packages/airflow/example_dags/example_branch_labels.py
[2024-02-21T13:32:16.297+0000] {processor.py:830} INFO - Processing file /home/airflow/.local/lib/python3.8/site-packages/airflow/example_dags/example_branch_labels.py for tasks to queue
[2024-02-21T13:32:16.300+0000] {logging_mixin.py:188} INFO - [2024-02-21T13:32:16.299+0000] {dagbag.py:538} INFO - Filling up the DagBag from /home/airflow/.local/lib/python3.8/site-packages/airflow/example_dags/example_branch_labels.py
[2024-02-21T13:32:16.315+0000] {processor.py:840} INFO - DAG(s) 'example_branch_labels' retrieved from /home/airflow/.local/lib/python3.8/site-packages/airflow/example_dags/example_branch_labels.py
[2024-02-21T13:32:16.354+0000] {logging_mixin.py:188} INFO - [2024-02-21T13:32:16.354+0000] {dag.py:3036} INFO - Sync 1 DAGs
[2024-02-21T13:32:16.399+0000] {logging_mixin.py:188} INFO - [2024-02-21T13:32:16.398+0000] {dag.py:3823} INFO - Setting next_dagrun for example_branch_labels to 2024-02-20 00:00:00+00:00, run_after=2024-02-21 00:00:00+00:00
[2024-02-21T13:32:16.429+0000] {processor.py:183} INFO - Processing /home/airflow/.local/lib/python3.8/site-packages/airflow/example_dags/example_branch_labels.py took 0.141 seconds
[2024-02-21T13:32:46.760+0000] {processor.py:161} INFO - Started process (PID=1982) to work on /home/airflow/.local/lib/python3.8/site-packages/airflow/example_dags/example_branch_labels.py
[2024-02-21T13:32:46.763+0000] {processor.py:830} INFO - Processing file /home/airflow/.local/lib/python3.8/site-packages/airflow/example_dags/example_branch_labels.py for tasks to queue
[2024-02-21T13:32:46.767+0000] {logging_mixin.py:188} INFO - [2024-02-21T13:32:46.767+0000] {dagbag.py:538} INFO - Filling up the DagBag from /home/airflow/.local/lib/python3.8/site-packages/airflow/example_dags/example_branch_labels.py
[2024-02-21T13:32:46.781+0000] {processor.py:840} INFO - DAG(s) 'example_branch_labels' retrieved from /home/airflow/.local/lib/python3.8/site-packages/airflow/example_dags/example_branch_labels.py
[2024-02-21T13:32:46.821+0000] {logging_mixin.py:188} INFO - [2024-02-21T13:32:46.821+0000] {dag.py:3036} INFO - Sync 1 DAGs
[2024-02-21T13:32:46.860+0000] {logging_mixin.py:188} INFO - [2024-02-21T13:32:46.860+0000] {dag.py:3823} INFO - Setting next_dagrun for example_branch_labels to 2024-02-20 00:00:00+00:00, run_after=2024-02-21 00:00:00+00:00
[2024-02-21T13:32:46.886+0000] {processor.py:183} INFO - Processing /home/airflow/.local/lib/python3.8/site-packages/airflow/example_dags/example_branch_labels.py took 0.132 seconds
[2024-02-21T13:33:17.232+0000] {processor.py:161} INFO - Started process (PID=2036) to work on /home/airflow/.local/lib/python3.8/site-packages/airflow/example_dags/example_branch_labels.py
[2024-02-21T13:33:17.234+0000] {processor.py:830} INFO - Processing file /home/airflow/.local/lib/python3.8/site-packages/airflow/example_dags/example_branch_labels.py for tasks to queue
[2024-02-21T13:33:17.238+0000] {logging_mixin.py:188} INFO - [2024-02-21T13:33:17.238+0000] {dagbag.py:538} INFO - Filling up the DagBag from /home/airflow/.local/lib/python3.8/site-packages/airflow/example_dags/example_branch_labels.py
[2024-02-21T13:33:17.285+0000] {processor.py:840} INFO - DAG(s) 'example_branch_labels' retrieved from /home/airflow/.local/lib/python3.8/site-packages/airflow/example_dags/example_branch_labels.py
[2024-02-21T13:33:17.333+0000] {logging_mixin.py:188} INFO - [2024-02-21T13:33:17.332+0000] {dag.py:3036} INFO - Sync 1 DAGs
[2024-02-21T13:33:17.385+0000] {logging_mixin.py:188} INFO - [2024-02-21T13:33:17.384+0000] {dag.py:3823} INFO - Setting next_dagrun for example_branch_labels to 2024-02-20 00:00:00+00:00, run_after=2024-02-21 00:00:00+00:00
[2024-02-21T13:33:17.417+0000] {processor.py:183} INFO - Processing /home/airflow/.local/lib/python3.8/site-packages/airflow/example_dags/example_branch_labels.py took 0.192 seconds
[2024-02-21T13:33:47.645+0000] {processor.py:161} INFO - Started process (PID=2090) to work on /home/airflow/.local/lib/python3.8/site-packages/airflow/example_dags/example_branch_labels.py
[2024-02-21T13:33:47.648+0000] {processor.py:830} INFO - Processing file /home/airflow/.local/lib/python3.8/site-packages/airflow/example_dags/example_branch_labels.py for tasks to queue
[2024-02-21T13:33:47.652+0000] {logging_mixin.py:188} INFO - [2024-02-21T13:33:47.652+0000] {dagbag.py:538} INFO - Filling up the DagBag from /home/airflow/.local/lib/python3.8/site-packages/airflow/example_dags/example_branch_labels.py
[2024-02-21T13:33:47.668+0000] {processor.py:840} INFO - DAG(s) 'example_branch_labels' retrieved from /home/airflow/.local/lib/python3.8/site-packages/airflow/example_dags/example_branch_labels.py
[2024-02-21T13:33:47.700+0000] {logging_mixin.py:188} INFO - [2024-02-21T13:33:47.699+0000] {dag.py:3036} INFO - Sync 1 DAGs
[2024-02-21T13:33:47.737+0000] {logging_mixin.py:188} INFO - [2024-02-21T13:33:47.737+0000] {dag.py:3823} INFO - Setting next_dagrun for example_branch_labels to 2024-02-20 00:00:00+00:00, run_after=2024-02-21 00:00:00+00:00
[2024-02-21T13:33:47.766+0000] {processor.py:183} INFO - Processing /home/airflow/.local/lib/python3.8/site-packages/airflow/example_dags/example_branch_labels.py took 0.128 seconds
[2024-02-21T13:34:17.892+0000] {processor.py:161} INFO - Started process (PID=2145) to work on /home/airflow/.local/lib/python3.8/site-packages/airflow/example_dags/example_branch_labels.py
[2024-02-21T13:34:17.894+0000] {processor.py:830} INFO - Processing file /home/airflow/.local/lib/python3.8/site-packages/airflow/example_dags/example_branch_labels.py for tasks to queue
[2024-02-21T13:34:17.898+0000] {logging_mixin.py:188} INFO - [2024-02-21T13:34:17.898+0000] {dagbag.py:538} INFO - Filling up the DagBag from /home/airflow/.local/lib/python3.8/site-packages/airflow/example_dags/example_branch_labels.py
[2024-02-21T13:34:17.917+0000] {processor.py:840} INFO - DAG(s) 'example_branch_labels' retrieved from /home/airflow/.local/lib/python3.8/site-packages/airflow/example_dags/example_branch_labels.py
[2024-02-21T13:34:17.961+0000] {logging_mixin.py:188} INFO - [2024-02-21T13:34:17.960+0000] {dag.py:3036} INFO - Sync 1 DAGs
[2024-02-21T13:34:18.013+0000] {logging_mixin.py:188} INFO - [2024-02-21T13:34:18.013+0000] {dag.py:3823} INFO - Setting next_dagrun for example_branch_labels to 2024-02-20 00:00:00+00:00, run_after=2024-02-21 00:00:00+00:00
[2024-02-21T13:34:18.048+0000] {processor.py:183} INFO - Processing /home/airflow/.local/lib/python3.8/site-packages/airflow/example_dags/example_branch_labels.py took 0.164 seconds
[2024-02-21T13:34:48.886+0000] {processor.py:161} INFO - Started process (PID=2200) to work on /home/airflow/.local/lib/python3.8/site-packages/airflow/example_dags/example_branch_labels.py
[2024-02-21T13:34:48.887+0000] {processor.py:830} INFO - Processing file /home/airflow/.local/lib/python3.8/site-packages/airflow/example_dags/example_branch_labels.py for tasks to queue
[2024-02-21T13:34:48.890+0000] {logging_mixin.py:188} INFO - [2024-02-21T13:34:48.890+0000] {dagbag.py:538} INFO - Filling up the DagBag from /home/airflow/.local/lib/python3.8/site-packages/airflow/example_dags/example_branch_labels.py
[2024-02-21T13:34:48.904+0000] {processor.py:840} INFO - DAG(s) 'example_branch_labels' retrieved from /home/airflow/.local/lib/python3.8/site-packages/airflow/example_dags/example_branch_labels.py
[2024-02-21T13:34:48.937+0000] {logging_mixin.py:188} INFO - [2024-02-21T13:34:48.937+0000] {dag.py:3036} INFO - Sync 1 DAGs
[2024-02-21T13:34:48.973+0000] {logging_mixin.py:188} INFO - [2024-02-21T13:34:48.972+0000] {dag.py:3823} INFO - Setting next_dagrun for example_branch_labels to 2024-02-20 00:00:00+00:00, run_after=2024-02-21 00:00:00+00:00
[2024-02-21T13:34:48.998+0000] {processor.py:183} INFO - Processing /home/airflow/.local/lib/python3.8/site-packages/airflow/example_dags/example_branch_labels.py took 0.118 seconds
[2024-02-21T13:35:19.389+0000] {processor.py:161} INFO - Started process (PID=2255) to work on /home/airflow/.local/lib/python3.8/site-packages/airflow/example_dags/example_branch_labels.py
[2024-02-21T13:35:19.392+0000] {processor.py:830} INFO - Processing file /home/airflow/.local/lib/python3.8/site-packages/airflow/example_dags/example_branch_labels.py for tasks to queue
[2024-02-21T13:35:19.396+0000] {logging_mixin.py:188} INFO - [2024-02-21T13:35:19.396+0000] {dagbag.py:538} INFO - Filling up the DagBag from /home/airflow/.local/lib/python3.8/site-packages/airflow/example_dags/example_branch_labels.py
[2024-02-21T13:35:19.415+0000] {processor.py:840} INFO - DAG(s) 'example_branch_labels' retrieved from /home/airflow/.local/lib/python3.8/site-packages/airflow/example_dags/example_branch_labels.py
[2024-02-21T13:35:19.452+0000] {logging_mixin.py:188} INFO - [2024-02-21T13:35:19.452+0000] {dag.py:3036} INFO - Sync 1 DAGs
[2024-02-21T13:35:19.492+0000] {logging_mixin.py:188} INFO - [2024-02-21T13:35:19.491+0000] {dag.py:3823} INFO - Setting next_dagrun for example_branch_labels to 2024-02-20 00:00:00+00:00, run_after=2024-02-21 00:00:00+00:00
[2024-02-21T13:35:19.520+0000] {processor.py:183} INFO - Processing /home/airflow/.local/lib/python3.8/site-packages/airflow/example_dags/example_branch_labels.py took 0.139 seconds
[2024-02-21T13:35:49.898+0000] {processor.py:161} INFO - Started process (PID=2310) to work on /home/airflow/.local/lib/python3.8/site-packages/airflow/example_dags/example_branch_labels.py
[2024-02-21T13:35:49.900+0000] {processor.py:830} INFO - Processing file /home/airflow/.local/lib/python3.8/site-packages/airflow/example_dags/example_branch_labels.py for tasks to queue
[2024-02-21T13:35:49.904+0000] {logging_mixin.py:188} INFO - [2024-02-21T13:35:49.903+0000] {dagbag.py:538} INFO - Filling up the DagBag from /home/airflow/.local/lib/python3.8/site-packages/airflow/example_dags/example_branch_labels.py
[2024-02-21T13:35:49.923+0000] {processor.py:840} INFO - DAG(s) 'example_branch_labels' retrieved from /home/airflow/.local/lib/python3.8/site-packages/airflow/example_dags/example_branch_labels.py
[2024-02-21T13:35:49.975+0000] {logging_mixin.py:188} INFO - [2024-02-21T13:35:49.975+0000] {dag.py:3036} INFO - Sync 1 DAGs
[2024-02-21T13:35:50.031+0000] {logging_mixin.py:188} INFO - [2024-02-21T13:35:50.031+0000] {dag.py:3823} INFO - Setting next_dagrun for example_branch_labels to 2024-02-20 00:00:00+00:00, run_after=2024-02-21 00:00:00+00:00
[2024-02-21T13:35:50.068+0000] {processor.py:183} INFO - Processing /home/airflow/.local/lib/python3.8/site-packages/airflow/example_dags/example_branch_labels.py took 0.179 seconds
[2024-02-21T13:36:20.606+0000] {processor.py:161} INFO - Started process (PID=2365) to work on /home/airflow/.local/lib/python3.8/site-packages/airflow/example_dags/example_branch_labels.py
[2024-02-21T13:36:20.607+0000] {processor.py:830} INFO - Processing file /home/airflow/.local/lib/python3.8/site-packages/airflow/example_dags/example_branch_labels.py for tasks to queue
[2024-02-21T13:36:20.610+0000] {logging_mixin.py:188} INFO - [2024-02-21T13:36:20.610+0000] {dagbag.py:538} INFO - Filling up the DagBag from /home/airflow/.local/lib/python3.8/site-packages/airflow/example_dags/example_branch_labels.py
[2024-02-21T13:36:20.626+0000] {processor.py:840} INFO - DAG(s) 'example_branch_labels' retrieved from /home/airflow/.local/lib/python3.8/site-packages/airflow/example_dags/example_branch_labels.py
[2024-02-21T13:36:20.664+0000] {logging_mixin.py:188} INFO - [2024-02-21T13:36:20.663+0000] {dag.py:3036} INFO - Sync 1 DAGs
[2024-02-21T13:36:20.940+0000] {logging_mixin.py:188} INFO - [2024-02-21T13:36:20.939+0000] {dag.py:3823} INFO - Setting next_dagrun for example_branch_labels to 2024-02-20 00:00:00+00:00, run_after=2024-02-21 00:00:00+00:00
[2024-02-21T13:36:20.968+0000] {processor.py:183} INFO - Processing /home/airflow/.local/lib/python3.8/site-packages/airflow/example_dags/example_branch_labels.py took 0.368 seconds
[2024-02-21T13:36:51.289+0000] {processor.py:161} INFO - Started process (PID=2421) to work on /home/airflow/.local/lib/python3.8/site-packages/airflow/example_dags/example_branch_labels.py
[2024-02-21T13:36:51.291+0000] {processor.py:830} INFO - Processing file /home/airflow/.local/lib/python3.8/site-packages/airflow/example_dags/example_branch_labels.py for tasks to queue
[2024-02-21T13:36:51.294+0000] {logging_mixin.py:188} INFO - [2024-02-21T13:36:51.294+0000] {dagbag.py:538} INFO - Filling up the DagBag from /home/airflow/.local/lib/python3.8/site-packages/airflow/example_dags/example_branch_labels.py
[2024-02-21T13:36:51.308+0000] {processor.py:840} INFO - DAG(s) 'example_branch_labels' retrieved from /home/airflow/.local/lib/python3.8/site-packages/airflow/example_dags/example_branch_labels.py
[2024-02-21T13:36:51.348+0000] {logging_mixin.py:188} INFO - [2024-02-21T13:36:51.347+0000] {dag.py:3036} INFO - Sync 1 DAGs
[2024-02-21T13:36:51.388+0000] {logging_mixin.py:188} INFO - [2024-02-21T13:36:51.388+0000] {dag.py:3823} INFO - Setting next_dagrun for example_branch_labels to 2024-02-20 00:00:00+00:00, run_after=2024-02-21 00:00:00+00:00
[2024-02-21T13:36:51.650+0000] {processor.py:183} INFO - Processing /home/airflow/.local/lib/python3.8/site-packages/airflow/example_dags/example_branch_labels.py took 0.368 seconds
[2024-02-21T13:37:22.073+0000] {processor.py:161} INFO - Started process (PID=2482) to work on /home/airflow/.local/lib/python3.8/site-packages/airflow/example_dags/example_branch_labels.py
[2024-02-21T13:37:22.076+0000] {processor.py:830} INFO - Processing file /home/airflow/.local/lib/python3.8/site-packages/airflow/example_dags/example_branch_labels.py for tasks to queue
[2024-02-21T13:37:22.080+0000] {logging_mixin.py:188} INFO - [2024-02-21T13:37:22.079+0000] {dagbag.py:538} INFO - Filling up the DagBag from /home/airflow/.local/lib/python3.8/site-packages/airflow/example_dags/example_branch_labels.py
[2024-02-21T13:37:22.101+0000] {processor.py:840} INFO - DAG(s) 'example_branch_labels' retrieved from /home/airflow/.local/lib/python3.8/site-packages/airflow/example_dags/example_branch_labels.py
[2024-02-21T13:37:22.145+0000] {logging_mixin.py:188} INFO - [2024-02-21T13:37:22.145+0000] {dag.py:3036} INFO - Sync 1 DAGs
[2024-02-21T13:37:22.189+0000] {logging_mixin.py:188} INFO - [2024-02-21T13:37:22.188+0000] {dag.py:3823} INFO - Setting next_dagrun for example_branch_labels to 2024-02-20 00:00:00+00:00, run_after=2024-02-21 00:00:00+00:00
[2024-02-21T13:37:22.216+0000] {processor.py:183} INFO - Processing /home/airflow/.local/lib/python3.8/site-packages/airflow/example_dags/example_branch_labels.py took 0.151 seconds
[2024-02-21T13:37:52.362+0000] {processor.py:161} INFO - Started process (PID=2536) to work on /home/airflow/.local/lib/python3.8/site-packages/airflow/example_dags/example_branch_labels.py
[2024-02-21T13:37:52.364+0000] {processor.py:830} INFO - Processing file /home/airflow/.local/lib/python3.8/site-packages/airflow/example_dags/example_branch_labels.py for tasks to queue
[2024-02-21T13:37:52.367+0000] {logging_mixin.py:188} INFO - [2024-02-21T13:37:52.367+0000] {dagbag.py:538} INFO - Filling up the DagBag from /home/airflow/.local/lib/python3.8/site-packages/airflow/example_dags/example_branch_labels.py
[2024-02-21T13:37:52.381+0000] {processor.py:840} INFO - DAG(s) 'example_branch_labels' retrieved from /home/airflow/.local/lib/python3.8/site-packages/airflow/example_dags/example_branch_labels.py
[2024-02-21T13:37:52.415+0000] {logging_mixin.py:188} INFO - [2024-02-21T13:37:52.414+0000] {dag.py:3036} INFO - Sync 1 DAGs
[2024-02-21T13:37:52.449+0000] {logging_mixin.py:188} INFO - [2024-02-21T13:37:52.449+0000] {dag.py:3823} INFO - Setting next_dagrun for example_branch_labels to 2024-02-20 00:00:00+00:00, run_after=2024-02-21 00:00:00+00:00
[2024-02-21T13:37:52.476+0000] {processor.py:183} INFO - Processing /home/airflow/.local/lib/python3.8/site-packages/airflow/example_dags/example_branch_labels.py took 0.119 seconds
[2024-02-21T13:38:23.027+0000] {processor.py:161} INFO - Started process (PID=2591) to work on /home/airflow/.local/lib/python3.8/site-packages/airflow/example_dags/example_branch_labels.py
[2024-02-21T13:38:23.029+0000] {processor.py:830} INFO - Processing file /home/airflow/.local/lib/python3.8/site-packages/airflow/example_dags/example_branch_labels.py for tasks to queue
[2024-02-21T13:38:23.032+0000] {logging_mixin.py:188} INFO - [2024-02-21T13:38:23.031+0000] {dagbag.py:538} INFO - Filling up the DagBag from /home/airflow/.local/lib/python3.8/site-packages/airflow/example_dags/example_branch_labels.py
[2024-02-21T13:38:23.045+0000] {processor.py:840} INFO - DAG(s) 'example_branch_labels' retrieved from /home/airflow/.local/lib/python3.8/site-packages/airflow/example_dags/example_branch_labels.py
[2024-02-21T13:38:23.078+0000] {logging_mixin.py:188} INFO - [2024-02-21T13:38:23.078+0000] {dag.py:3036} INFO - Sync 1 DAGs
[2024-02-21T13:38:23.112+0000] {logging_mixin.py:188} INFO - [2024-02-21T13:38:23.112+0000] {dag.py:3823} INFO - Setting next_dagrun for example_branch_labels to 2024-02-20 00:00:00+00:00, run_after=2024-02-21 00:00:00+00:00
[2024-02-21T13:38:23.141+0000] {processor.py:183} INFO - Processing /home/airflow/.local/lib/python3.8/site-packages/airflow/example_dags/example_branch_labels.py took 0.119 seconds
[2024-02-21T13:38:53.290+0000] {processor.py:161} INFO - Started process (PID=2647) to work on /home/airflow/.local/lib/python3.8/site-packages/airflow/example_dags/example_branch_labels.py
[2024-02-21T13:38:53.293+0000] {processor.py:830} INFO - Processing file /home/airflow/.local/lib/python3.8/site-packages/airflow/example_dags/example_branch_labels.py for tasks to queue
[2024-02-21T13:38:53.297+0000] {logging_mixin.py:188} INFO - [2024-02-21T13:38:53.296+0000] {dagbag.py:538} INFO - Filling up the DagBag from /home/airflow/.local/lib/python3.8/site-packages/airflow/example_dags/example_branch_labels.py
[2024-02-21T13:38:53.310+0000] {processor.py:840} INFO - DAG(s) 'example_branch_labels' retrieved from /home/airflow/.local/lib/python3.8/site-packages/airflow/example_dags/example_branch_labels.py
[2024-02-21T13:38:53.554+0000] {logging_mixin.py:188} INFO - [2024-02-21T13:38:53.553+0000] {dag.py:3036} INFO - Sync 1 DAGs
[2024-02-21T13:38:53.589+0000] {logging_mixin.py:188} INFO - [2024-02-21T13:38:53.588+0000] {dag.py:3823} INFO - Setting next_dagrun for example_branch_labels to 2024-02-20 00:00:00+00:00, run_after=2024-02-21 00:00:00+00:00
[2024-02-21T13:38:53.613+0000] {processor.py:183} INFO - Processing /home/airflow/.local/lib/python3.8/site-packages/airflow/example_dags/example_branch_labels.py took 0.328 seconds
