[2024-02-21T13:14:51.725+0000] {processor.py:161} INFO - Started process (PID=39) to work on /home/airflow/.local/lib/python3.8/site-packages/airflow/example_dags/example_bash_operator.py
[2024-02-21T13:14:51.727+0000] {processor.py:830} INFO - Processing file /home/airflow/.local/lib/python3.8/site-packages/airflow/example_dags/example_bash_operator.py for tasks to queue
[2024-02-21T13:14:51.751+0000] {logging_mixin.py:188} INFO - [2024-02-21T13:14:51.750+0000] {dagbag.py:538} INFO - Filling up the DagBag from /home/airflow/.local/lib/python3.8/site-packages/airflow/example_dags/example_bash_operator.py
[2024-02-21T13:14:51.782+0000] {processor.py:840} INFO - DAG(s) 'example_bash_operator' retrieved from /home/airflow/.local/lib/python3.8/site-packages/airflow/example_dags/example_bash_operator.py
[2024-02-21T13:14:52.095+0000] {logging_mixin.py:188} INFO - [2024-02-21T13:14:52.094+0000] {override.py:1769} INFO - Created Permission View: can read on DAG:example_bash_operator
[2024-02-21T13:14:52.120+0000] {logging_mixin.py:188} INFO - [2024-02-21T13:14:52.119+0000] {override.py:1769} INFO - Created Permission View: can edit on DAG:example_bash_operator
[2024-02-21T13:14:52.134+0000] {logging_mixin.py:188} INFO - [2024-02-21T13:14:52.133+0000] {override.py:1769} INFO - Created Permission View: can delete on DAG:example_bash_operator
[2024-02-21T13:14:52.135+0000] {logging_mixin.py:188} INFO - [2024-02-21T13:14:52.134+0000] {dag.py:3036} INFO - Sync 1 DAGs
[2024-02-21T13:14:52.170+0000] {logging_mixin.py:188} INFO - [2024-02-21T13:14:52.169+0000] {dag.py:3058} INFO - Creating ORM DAG for example_bash_operator
[2024-02-21T13:14:52.206+0000] {logging_mixin.py:188} INFO - [2024-02-21T13:14:52.206+0000] {dag.py:3823} INFO - Setting next_dagrun for example_bash_operator to 2024-02-20 00:00:00+00:00, run_after=2024-02-21 00:00:00+00:00
[2024-02-21T13:14:52.251+0000] {processor.py:183} INFO - Processing /home/airflow/.local/lib/python3.8/site-packages/airflow/example_dags/example_bash_operator.py took 0.545 seconds
[2024-02-21T13:15:23.193+0000] {processor.py:161} INFO - Started process (PID=93) to work on /home/airflow/.local/lib/python3.8/site-packages/airflow/example_dags/example_bash_operator.py
[2024-02-21T13:15:23.195+0000] {processor.py:830} INFO - Processing file /home/airflow/.local/lib/python3.8/site-packages/airflow/example_dags/example_bash_operator.py for tasks to queue
[2024-02-21T13:15:23.198+0000] {logging_mixin.py:188} INFO - [2024-02-21T13:15:23.197+0000] {dagbag.py:538} INFO - Filling up the DagBag from /home/airflow/.local/lib/python3.8/site-packages/airflow/example_dags/example_bash_operator.py
[2024-02-21T13:15:23.217+0000] {processor.py:840} INFO - DAG(s) 'example_bash_operator' retrieved from /home/airflow/.local/lib/python3.8/site-packages/airflow/example_dags/example_bash_operator.py
[2024-02-21T13:15:23.266+0000] {logging_mixin.py:188} INFO - [2024-02-21T13:15:23.266+0000] {dag.py:3036} INFO - Sync 1 DAGs
[2024-02-21T13:15:23.302+0000] {logging_mixin.py:188} INFO - [2024-02-21T13:15:23.302+0000] {dag.py:3823} INFO - Setting next_dagrun for example_bash_operator to 2024-02-20 00:00:00+00:00, run_after=2024-02-21 00:00:00+00:00
[2024-02-21T13:15:23.330+0000] {processor.py:183} INFO - Processing /home/airflow/.local/lib/python3.8/site-packages/airflow/example_dags/example_bash_operator.py took 0.143 seconds
[2024-02-21T13:15:53.766+0000] {processor.py:161} INFO - Started process (PID=147) to work on /home/airflow/.local/lib/python3.8/site-packages/airflow/example_dags/example_bash_operator.py
[2024-02-21T13:15:53.773+0000] {processor.py:830} INFO - Processing file /home/airflow/.local/lib/python3.8/site-packages/airflow/example_dags/example_bash_operator.py for tasks to queue
[2024-02-21T13:15:53.776+0000] {logging_mixin.py:188} INFO - [2024-02-21T13:15:53.776+0000] {dagbag.py:538} INFO - Filling up the DagBag from /home/airflow/.local/lib/python3.8/site-packages/airflow/example_dags/example_bash_operator.py
[2024-02-21T13:15:53.797+0000] {processor.py:840} INFO - DAG(s) 'example_bash_operator' retrieved from /home/airflow/.local/lib/python3.8/site-packages/airflow/example_dags/example_bash_operator.py
[2024-02-21T13:15:53.846+0000] {logging_mixin.py:188} INFO - [2024-02-21T13:15:53.845+0000] {dag.py:3036} INFO - Sync 1 DAGs
[2024-02-21T13:15:53.883+0000] {logging_mixin.py:188} INFO - [2024-02-21T13:15:53.883+0000] {dag.py:3823} INFO - Setting next_dagrun for example_bash_operator to 2024-02-20 00:00:00+00:00, run_after=2024-02-21 00:00:00+00:00
[2024-02-21T13:15:53.914+0000] {processor.py:183} INFO - Processing /home/airflow/.local/lib/python3.8/site-packages/airflow/example_dags/example_bash_operator.py took 0.154 seconds
[2024-02-21T13:16:24.457+0000] {processor.py:161} INFO - Started process (PID=203) to work on /home/airflow/.local/lib/python3.8/site-packages/airflow/example_dags/example_bash_operator.py
[2024-02-21T13:16:24.459+0000] {processor.py:830} INFO - Processing file /home/airflow/.local/lib/python3.8/site-packages/airflow/example_dags/example_bash_operator.py for tasks to queue
[2024-02-21T13:16:24.462+0000] {logging_mixin.py:188} INFO - [2024-02-21T13:16:24.462+0000] {dagbag.py:538} INFO - Filling up the DagBag from /home/airflow/.local/lib/python3.8/site-packages/airflow/example_dags/example_bash_operator.py
[2024-02-21T13:16:24.484+0000] {processor.py:840} INFO - DAG(s) 'example_bash_operator' retrieved from /home/airflow/.local/lib/python3.8/site-packages/airflow/example_dags/example_bash_operator.py
[2024-02-21T13:16:24.538+0000] {logging_mixin.py:188} INFO - [2024-02-21T13:16:24.538+0000] {dag.py:3036} INFO - Sync 1 DAGs
[2024-02-21T13:16:24.574+0000] {logging_mixin.py:188} INFO - [2024-02-21T13:16:24.574+0000] {dag.py:3823} INFO - Setting next_dagrun for example_bash_operator to 2024-02-20 00:00:00+00:00, run_after=2024-02-21 00:00:00+00:00
[2024-02-21T13:16:24.602+0000] {processor.py:183} INFO - Processing /home/airflow/.local/lib/python3.8/site-packages/airflow/example_dags/example_bash_operator.py took 0.151 seconds
[2024-02-21T13:16:54.766+0000] {processor.py:161} INFO - Started process (PID=257) to work on /home/airflow/.local/lib/python3.8/site-packages/airflow/example_dags/example_bash_operator.py
[2024-02-21T13:16:54.769+0000] {processor.py:830} INFO - Processing file /home/airflow/.local/lib/python3.8/site-packages/airflow/example_dags/example_bash_operator.py for tasks to queue
[2024-02-21T13:16:54.772+0000] {logging_mixin.py:188} INFO - [2024-02-21T13:16:54.771+0000] {dagbag.py:538} INFO - Filling up the DagBag from /home/airflow/.local/lib/python3.8/site-packages/airflow/example_dags/example_bash_operator.py
[2024-02-21T13:16:54.792+0000] {processor.py:840} INFO - DAG(s) 'example_bash_operator' retrieved from /home/airflow/.local/lib/python3.8/site-packages/airflow/example_dags/example_bash_operator.py
[2024-02-21T13:16:54.858+0000] {logging_mixin.py:188} INFO - [2024-02-21T13:16:54.858+0000] {dag.py:3036} INFO - Sync 1 DAGs
[2024-02-21T13:16:54.908+0000] {logging_mixin.py:188} INFO - [2024-02-21T13:16:54.908+0000] {dag.py:3823} INFO - Setting next_dagrun for example_bash_operator to 2024-02-20 00:00:00+00:00, run_after=2024-02-21 00:00:00+00:00
[2024-02-21T13:16:54.937+0000] {processor.py:183} INFO - Processing /home/airflow/.local/lib/python3.8/site-packages/airflow/example_dags/example_bash_operator.py took 0.176 seconds
[2024-02-21T13:17:25.052+0000] {processor.py:161} INFO - Started process (PID=313) to work on /home/airflow/.local/lib/python3.8/site-packages/airflow/example_dags/example_bash_operator.py
[2024-02-21T13:17:25.054+0000] {processor.py:830} INFO - Processing file /home/airflow/.local/lib/python3.8/site-packages/airflow/example_dags/example_bash_operator.py for tasks to queue
[2024-02-21T13:17:25.057+0000] {logging_mixin.py:188} INFO - [2024-02-21T13:17:25.057+0000] {dagbag.py:538} INFO - Filling up the DagBag from /home/airflow/.local/lib/python3.8/site-packages/airflow/example_dags/example_bash_operator.py
[2024-02-21T13:17:25.079+0000] {processor.py:840} INFO - DAG(s) 'example_bash_operator' retrieved from /home/airflow/.local/lib/python3.8/site-packages/airflow/example_dags/example_bash_operator.py
[2024-02-21T13:17:25.143+0000] {logging_mixin.py:188} INFO - [2024-02-21T13:17:25.143+0000] {dag.py:3036} INFO - Sync 1 DAGs
[2024-02-21T13:17:25.193+0000] {logging_mixin.py:188} INFO - [2024-02-21T13:17:25.193+0000] {dag.py:3823} INFO - Setting next_dagrun for example_bash_operator to 2024-02-20 00:00:00+00:00, run_after=2024-02-21 00:00:00+00:00
[2024-02-21T13:17:25.226+0000] {processor.py:183} INFO - Processing /home/airflow/.local/lib/python3.8/site-packages/airflow/example_dags/example_bash_operator.py took 0.179 seconds
[2024-02-21T13:17:55.334+0000] {processor.py:161} INFO - Started process (PID=368) to work on /home/airflow/.local/lib/python3.8/site-packages/airflow/example_dags/example_bash_operator.py
[2024-02-21T13:17:55.337+0000] {processor.py:830} INFO - Processing file /home/airflow/.local/lib/python3.8/site-packages/airflow/example_dags/example_bash_operator.py for tasks to queue
[2024-02-21T13:17:55.341+0000] {logging_mixin.py:188} INFO - [2024-02-21T13:17:55.341+0000] {dagbag.py:538} INFO - Filling up the DagBag from /home/airflow/.local/lib/python3.8/site-packages/airflow/example_dags/example_bash_operator.py
[2024-02-21T13:17:55.370+0000] {processor.py:840} INFO - DAG(s) 'example_bash_operator' retrieved from /home/airflow/.local/lib/python3.8/site-packages/airflow/example_dags/example_bash_operator.py
[2024-02-21T13:17:55.420+0000] {logging_mixin.py:188} INFO - [2024-02-21T13:17:55.419+0000] {dag.py:3036} INFO - Sync 1 DAGs
[2024-02-21T13:17:55.456+0000] {logging_mixin.py:188} INFO - [2024-02-21T13:17:55.455+0000] {dag.py:3823} INFO - Setting next_dagrun for example_bash_operator to 2024-02-20 00:00:00+00:00, run_after=2024-02-21 00:00:00+00:00
[2024-02-21T13:17:55.489+0000] {processor.py:183} INFO - Processing /home/airflow/.local/lib/python3.8/site-packages/airflow/example_dags/example_bash_operator.py took 0.160 seconds
[2024-02-21T13:18:25.711+0000] {processor.py:161} INFO - Started process (PID=423) to work on /home/airflow/.local/lib/python3.8/site-packages/airflow/example_dags/example_bash_operator.py
[2024-02-21T13:18:25.713+0000] {processor.py:830} INFO - Processing file /home/airflow/.local/lib/python3.8/site-packages/airflow/example_dags/example_bash_operator.py for tasks to queue
[2024-02-21T13:18:25.718+0000] {logging_mixin.py:188} INFO - [2024-02-21T13:18:25.717+0000] {dagbag.py:538} INFO - Filling up the DagBag from /home/airflow/.local/lib/python3.8/site-packages/airflow/example_dags/example_bash_operator.py
[2024-02-21T13:18:25.738+0000] {processor.py:840} INFO - DAG(s) 'example_bash_operator' retrieved from /home/airflow/.local/lib/python3.8/site-packages/airflow/example_dags/example_bash_operator.py
[2024-02-21T13:18:25.784+0000] {logging_mixin.py:188} INFO - [2024-02-21T13:18:25.783+0000] {dag.py:3036} INFO - Sync 1 DAGs
[2024-02-21T13:18:25.820+0000] {logging_mixin.py:188} INFO - [2024-02-21T13:18:25.820+0000] {dag.py:3823} INFO - Setting next_dagrun for example_bash_operator to 2024-02-20 00:00:00+00:00, run_after=2024-02-21 00:00:00+00:00
[2024-02-21T13:18:25.845+0000] {processor.py:183} INFO - Processing /home/airflow/.local/lib/python3.8/site-packages/airflow/example_dags/example_bash_operator.py took 0.142 seconds
[2024-02-21T13:18:55.961+0000] {processor.py:161} INFO - Started process (PID=478) to work on /home/airflow/.local/lib/python3.8/site-packages/airflow/example_dags/example_bash_operator.py
[2024-02-21T13:18:55.964+0000] {processor.py:830} INFO - Processing file /home/airflow/.local/lib/python3.8/site-packages/airflow/example_dags/example_bash_operator.py for tasks to queue
[2024-02-21T13:18:55.967+0000] {logging_mixin.py:188} INFO - [2024-02-21T13:18:55.966+0000] {dagbag.py:538} INFO - Filling up the DagBag from /home/airflow/.local/lib/python3.8/site-packages/airflow/example_dags/example_bash_operator.py
[2024-02-21T13:18:55.987+0000] {processor.py:840} INFO - DAG(s) 'example_bash_operator' retrieved from /home/airflow/.local/lib/python3.8/site-packages/airflow/example_dags/example_bash_operator.py
[2024-02-21T13:18:56.065+0000] {logging_mixin.py:188} INFO - [2024-02-21T13:18:56.065+0000] {dag.py:3036} INFO - Sync 1 DAGs
[2024-02-21T13:18:56.118+0000] {logging_mixin.py:188} INFO - [2024-02-21T13:18:56.118+0000] {dag.py:3823} INFO - Setting next_dagrun for example_bash_operator to 2024-02-20 00:00:00+00:00, run_after=2024-02-21 00:00:00+00:00
[2024-02-21T13:18:56.158+0000] {processor.py:183} INFO - Processing /home/airflow/.local/lib/python3.8/site-packages/airflow/example_dags/example_bash_operator.py took 0.202 seconds
[2024-02-21T13:19:26.435+0000] {processor.py:161} INFO - Started process (PID=533) to work on /home/airflow/.local/lib/python3.8/site-packages/airflow/example_dags/example_bash_operator.py
[2024-02-21T13:19:26.436+0000] {processor.py:830} INFO - Processing file /home/airflow/.local/lib/python3.8/site-packages/airflow/example_dags/example_bash_operator.py for tasks to queue
[2024-02-21T13:19:26.440+0000] {logging_mixin.py:188} INFO - [2024-02-21T13:19:26.439+0000] {dagbag.py:538} INFO - Filling up the DagBag from /home/airflow/.local/lib/python3.8/site-packages/airflow/example_dags/example_bash_operator.py
[2024-02-21T13:19:26.466+0000] {processor.py:840} INFO - DAG(s) 'example_bash_operator' retrieved from /home/airflow/.local/lib/python3.8/site-packages/airflow/example_dags/example_bash_operator.py
[2024-02-21T13:19:26.534+0000] {logging_mixin.py:188} INFO - [2024-02-21T13:19:26.534+0000] {dag.py:3036} INFO - Sync 1 DAGs
[2024-02-21T13:19:26.584+0000] {logging_mixin.py:188} INFO - [2024-02-21T13:19:26.584+0000] {dag.py:3823} INFO - Setting next_dagrun for example_bash_operator to 2024-02-20 00:00:00+00:00, run_after=2024-02-21 00:00:00+00:00
[2024-02-21T13:19:26.619+0000] {processor.py:183} INFO - Processing /home/airflow/.local/lib/python3.8/site-packages/airflow/example_dags/example_bash_operator.py took 0.192 seconds
[2024-02-21T13:19:56.792+0000] {processor.py:161} INFO - Started process (PID=588) to work on /home/airflow/.local/lib/python3.8/site-packages/airflow/example_dags/example_bash_operator.py
[2024-02-21T13:19:56.794+0000] {processor.py:830} INFO - Processing file /home/airflow/.local/lib/python3.8/site-packages/airflow/example_dags/example_bash_operator.py for tasks to queue
[2024-02-21T13:19:56.798+0000] {logging_mixin.py:188} INFO - [2024-02-21T13:19:56.797+0000] {dagbag.py:538} INFO - Filling up the DagBag from /home/airflow/.local/lib/python3.8/site-packages/airflow/example_dags/example_bash_operator.py
[2024-02-21T13:19:56.818+0000] {processor.py:840} INFO - DAG(s) 'example_bash_operator' retrieved from /home/airflow/.local/lib/python3.8/site-packages/airflow/example_dags/example_bash_operator.py
[2024-02-21T13:19:56.866+0000] {logging_mixin.py:188} INFO - [2024-02-21T13:19:56.866+0000] {dag.py:3036} INFO - Sync 1 DAGs
[2024-02-21T13:19:56.901+0000] {logging_mixin.py:188} INFO - [2024-02-21T13:19:56.901+0000] {dag.py:3823} INFO - Setting next_dagrun for example_bash_operator to 2024-02-20 00:00:00+00:00, run_after=2024-02-21 00:00:00+00:00
[2024-02-21T13:19:56.925+0000] {processor.py:183} INFO - Processing /home/airflow/.local/lib/python3.8/site-packages/airflow/example_dags/example_bash_operator.py took 0.139 seconds
[2024-02-21T13:20:27.086+0000] {processor.py:161} INFO - Started process (PID=642) to work on /home/airflow/.local/lib/python3.8/site-packages/airflow/example_dags/example_bash_operator.py
[2024-02-21T13:20:27.087+0000] {processor.py:830} INFO - Processing file /home/airflow/.local/lib/python3.8/site-packages/airflow/example_dags/example_bash_operator.py for tasks to queue
[2024-02-21T13:20:27.090+0000] {logging_mixin.py:188} INFO - [2024-02-21T13:20:27.090+0000] {dagbag.py:538} INFO - Filling up the DagBag from /home/airflow/.local/lib/python3.8/site-packages/airflow/example_dags/example_bash_operator.py
[2024-02-21T13:20:27.111+0000] {processor.py:840} INFO - DAG(s) 'example_bash_operator' retrieved from /home/airflow/.local/lib/python3.8/site-packages/airflow/example_dags/example_bash_operator.py
[2024-02-21T13:20:27.162+0000] {logging_mixin.py:188} INFO - [2024-02-21T13:20:27.162+0000] {dag.py:3036} INFO - Sync 1 DAGs
[2024-02-21T13:20:27.197+0000] {logging_mixin.py:188} INFO - [2024-02-21T13:20:27.197+0000] {dag.py:3823} INFO - Setting next_dagrun for example_bash_operator to 2024-02-20 00:00:00+00:00, run_after=2024-02-21 00:00:00+00:00
[2024-02-21T13:20:27.222+0000] {processor.py:183} INFO - Processing /home/airflow/.local/lib/python3.8/site-packages/airflow/example_dags/example_bash_operator.py took 0.142 seconds
[2024-02-21T13:20:57.420+0000] {processor.py:161} INFO - Started process (PID=698) to work on /home/airflow/.local/lib/python3.8/site-packages/airflow/example_dags/example_bash_operator.py
[2024-02-21T13:20:57.422+0000] {processor.py:830} INFO - Processing file /home/airflow/.local/lib/python3.8/site-packages/airflow/example_dags/example_bash_operator.py for tasks to queue
[2024-02-21T13:20:57.425+0000] {logging_mixin.py:188} INFO - [2024-02-21T13:20:57.425+0000] {dagbag.py:538} INFO - Filling up the DagBag from /home/airflow/.local/lib/python3.8/site-packages/airflow/example_dags/example_bash_operator.py
[2024-02-21T13:20:57.447+0000] {processor.py:840} INFO - DAG(s) 'example_bash_operator' retrieved from /home/airflow/.local/lib/python3.8/site-packages/airflow/example_dags/example_bash_operator.py
[2024-02-21T13:20:57.497+0000] {logging_mixin.py:188} INFO - [2024-02-21T13:20:57.496+0000] {dag.py:3036} INFO - Sync 1 DAGs
[2024-02-21T13:20:57.536+0000] {logging_mixin.py:188} INFO - [2024-02-21T13:20:57.535+0000] {dag.py:3823} INFO - Setting next_dagrun for example_bash_operator to 2024-02-20 00:00:00+00:00, run_after=2024-02-21 00:00:00+00:00
[2024-02-21T13:20:57.563+0000] {processor.py:183} INFO - Processing /home/airflow/.local/lib/python3.8/site-packages/airflow/example_dags/example_bash_operator.py took 0.149 seconds
[2024-02-21T13:21:27.889+0000] {processor.py:161} INFO - Started process (PID=752) to work on /home/airflow/.local/lib/python3.8/site-packages/airflow/example_dags/example_bash_operator.py
[2024-02-21T13:21:27.890+0000] {processor.py:830} INFO - Processing file /home/airflow/.local/lib/python3.8/site-packages/airflow/example_dags/example_bash_operator.py for tasks to queue
[2024-02-21T13:21:27.893+0000] {logging_mixin.py:188} INFO - [2024-02-21T13:21:27.893+0000] {dagbag.py:538} INFO - Filling up the DagBag from /home/airflow/.local/lib/python3.8/site-packages/airflow/example_dags/example_bash_operator.py
[2024-02-21T13:21:27.912+0000] {processor.py:840} INFO - DAG(s) 'example_bash_operator' retrieved from /home/airflow/.local/lib/python3.8/site-packages/airflow/example_dags/example_bash_operator.py
[2024-02-21T13:21:27.959+0000] {logging_mixin.py:188} INFO - [2024-02-21T13:21:27.959+0000] {dag.py:3036} INFO - Sync 1 DAGs
[2024-02-21T13:21:27.997+0000] {logging_mixin.py:188} INFO - [2024-02-21T13:21:27.997+0000] {dag.py:3823} INFO - Setting next_dagrun for example_bash_operator to 2024-02-20 00:00:00+00:00, run_after=2024-02-21 00:00:00+00:00
[2024-02-21T13:21:28.031+0000] {processor.py:183} INFO - Processing /home/airflow/.local/lib/python3.8/site-packages/airflow/example_dags/example_bash_operator.py took 0.148 seconds
[2024-02-21T13:21:58.193+0000] {processor.py:161} INFO - Started process (PID=807) to work on /home/airflow/.local/lib/python3.8/site-packages/airflow/example_dags/example_bash_operator.py
[2024-02-21T13:21:58.195+0000] {processor.py:830} INFO - Processing file /home/airflow/.local/lib/python3.8/site-packages/airflow/example_dags/example_bash_operator.py for tasks to queue
[2024-02-21T13:21:58.198+0000] {logging_mixin.py:188} INFO - [2024-02-21T13:21:58.198+0000] {dagbag.py:538} INFO - Filling up the DagBag from /home/airflow/.local/lib/python3.8/site-packages/airflow/example_dags/example_bash_operator.py
[2024-02-21T13:21:58.218+0000] {processor.py:840} INFO - DAG(s) 'example_bash_operator' retrieved from /home/airflow/.local/lib/python3.8/site-packages/airflow/example_dags/example_bash_operator.py
[2024-02-21T13:21:58.266+0000] {logging_mixin.py:188} INFO - [2024-02-21T13:21:58.266+0000] {dag.py:3036} INFO - Sync 1 DAGs
[2024-02-21T13:21:58.302+0000] {logging_mixin.py:188} INFO - [2024-02-21T13:21:58.302+0000] {dag.py:3823} INFO - Setting next_dagrun for example_bash_operator to 2024-02-20 00:00:00+00:00, run_after=2024-02-21 00:00:00+00:00
[2024-02-21T13:21:58.331+0000] {processor.py:183} INFO - Processing /home/airflow/.local/lib/python3.8/site-packages/airflow/example_dags/example_bash_operator.py took 0.145 seconds
[2024-02-21T13:22:28.710+0000] {processor.py:161} INFO - Started process (PID=862) to work on /home/airflow/.local/lib/python3.8/site-packages/airflow/example_dags/example_bash_operator.py
[2024-02-21T13:22:28.712+0000] {processor.py:830} INFO - Processing file /home/airflow/.local/lib/python3.8/site-packages/airflow/example_dags/example_bash_operator.py for tasks to queue
[2024-02-21T13:22:28.715+0000] {logging_mixin.py:188} INFO - [2024-02-21T13:22:28.714+0000] {dagbag.py:538} INFO - Filling up the DagBag from /home/airflow/.local/lib/python3.8/site-packages/airflow/example_dags/example_bash_operator.py
[2024-02-21T13:22:28.737+0000] {processor.py:840} INFO - DAG(s) 'example_bash_operator' retrieved from /home/airflow/.local/lib/python3.8/site-packages/airflow/example_dags/example_bash_operator.py
[2024-02-21T13:22:28.795+0000] {logging_mixin.py:188} INFO - [2024-02-21T13:22:28.795+0000] {dag.py:3036} INFO - Sync 1 DAGs
[2024-02-21T13:22:28.837+0000] {logging_mixin.py:188} INFO - [2024-02-21T13:22:28.836+0000] {dag.py:3823} INFO - Setting next_dagrun for example_bash_operator to 2024-02-20 00:00:00+00:00, run_after=2024-02-21 00:00:00+00:00
[2024-02-21T13:22:28.866+0000] {processor.py:183} INFO - Processing /home/airflow/.local/lib/python3.8/site-packages/airflow/example_dags/example_bash_operator.py took 0.161 seconds
[2024-02-21T13:22:59.512+0000] {processor.py:161} INFO - Started process (PID=917) to work on /home/airflow/.local/lib/python3.8/site-packages/airflow/example_dags/example_bash_operator.py
[2024-02-21T13:22:59.515+0000] {processor.py:830} INFO - Processing file /home/airflow/.local/lib/python3.8/site-packages/airflow/example_dags/example_bash_operator.py for tasks to queue
[2024-02-21T13:22:59.519+0000] {logging_mixin.py:188} INFO - [2024-02-21T13:22:59.518+0000] {dagbag.py:538} INFO - Filling up the DagBag from /home/airflow/.local/lib/python3.8/site-packages/airflow/example_dags/example_bash_operator.py
[2024-02-21T13:22:59.548+0000] {processor.py:840} INFO - DAG(s) 'example_bash_operator' retrieved from /home/airflow/.local/lib/python3.8/site-packages/airflow/example_dags/example_bash_operator.py
[2024-02-21T13:22:59.598+0000] {logging_mixin.py:188} INFO - [2024-02-21T13:22:59.598+0000] {dag.py:3036} INFO - Sync 1 DAGs
[2024-02-21T13:22:59.635+0000] {logging_mixin.py:188} INFO - [2024-02-21T13:22:59.635+0000] {dag.py:3823} INFO - Setting next_dagrun for example_bash_operator to 2024-02-20 00:00:00+00:00, run_after=2024-02-21 00:00:00+00:00
[2024-02-21T13:22:59.666+0000] {processor.py:183} INFO - Processing /home/airflow/.local/lib/python3.8/site-packages/airflow/example_dags/example_bash_operator.py took 0.161 seconds
[2024-02-21T13:23:29.979+0000] {processor.py:161} INFO - Started process (PID=972) to work on /home/airflow/.local/lib/python3.8/site-packages/airflow/example_dags/example_bash_operator.py
[2024-02-21T13:23:29.983+0000] {processor.py:830} INFO - Processing file /home/airflow/.local/lib/python3.8/site-packages/airflow/example_dags/example_bash_operator.py for tasks to queue
[2024-02-21T13:23:29.988+0000] {logging_mixin.py:188} INFO - [2024-02-21T13:23:29.987+0000] {dagbag.py:538} INFO - Filling up the DagBag from /home/airflow/.local/lib/python3.8/site-packages/airflow/example_dags/example_bash_operator.py
[2024-02-21T13:23:30.019+0000] {processor.py:840} INFO - DAG(s) 'example_bash_operator' retrieved from /home/airflow/.local/lib/python3.8/site-packages/airflow/example_dags/example_bash_operator.py
[2024-02-21T13:23:30.086+0000] {logging_mixin.py:188} INFO - [2024-02-21T13:23:30.086+0000] {dag.py:3036} INFO - Sync 1 DAGs
[2024-02-21T13:23:30.134+0000] {logging_mixin.py:188} INFO - [2024-02-21T13:23:30.134+0000] {dag.py:3823} INFO - Setting next_dagrun for example_bash_operator to 2024-02-20 00:00:00+00:00, run_after=2024-02-21 00:00:00+00:00
[2024-02-21T13:23:30.176+0000] {processor.py:183} INFO - Processing /home/airflow/.local/lib/python3.8/site-packages/airflow/example_dags/example_bash_operator.py took 0.202 seconds
[2024-02-21T13:24:00.705+0000] {processor.py:161} INFO - Started process (PID=1027) to work on /home/airflow/.local/lib/python3.8/site-packages/airflow/example_dags/example_bash_operator.py
[2024-02-21T13:24:00.707+0000] {processor.py:830} INFO - Processing file /home/airflow/.local/lib/python3.8/site-packages/airflow/example_dags/example_bash_operator.py for tasks to queue
[2024-02-21T13:24:00.711+0000] {logging_mixin.py:188} INFO - [2024-02-21T13:24:00.710+0000] {dagbag.py:538} INFO - Filling up the DagBag from /home/airflow/.local/lib/python3.8/site-packages/airflow/example_dags/example_bash_operator.py
[2024-02-21T13:24:00.739+0000] {processor.py:840} INFO - DAG(s) 'example_bash_operator' retrieved from /home/airflow/.local/lib/python3.8/site-packages/airflow/example_dags/example_bash_operator.py
[2024-02-21T13:24:00.822+0000] {logging_mixin.py:188} INFO - [2024-02-21T13:24:00.821+0000] {dag.py:3036} INFO - Sync 1 DAGs
[2024-02-21T13:24:00.884+0000] {logging_mixin.py:188} INFO - [2024-02-21T13:24:00.883+0000] {dag.py:3823} INFO - Setting next_dagrun for example_bash_operator to 2024-02-20 00:00:00+00:00, run_after=2024-02-21 00:00:00+00:00
[2024-02-21T13:24:00.918+0000] {processor.py:183} INFO - Processing /home/airflow/.local/lib/python3.8/site-packages/airflow/example_dags/example_bash_operator.py took 0.220 seconds
[2024-02-21T13:24:31.022+0000] {processor.py:161} INFO - Started process (PID=1082) to work on /home/airflow/.local/lib/python3.8/site-packages/airflow/example_dags/example_bash_operator.py
[2024-02-21T13:24:31.024+0000] {processor.py:830} INFO - Processing file /home/airflow/.local/lib/python3.8/site-packages/airflow/example_dags/example_bash_operator.py for tasks to queue
[2024-02-21T13:24:31.027+0000] {logging_mixin.py:188} INFO - [2024-02-21T13:24:31.027+0000] {dagbag.py:538} INFO - Filling up the DagBag from /home/airflow/.local/lib/python3.8/site-packages/airflow/example_dags/example_bash_operator.py
[2024-02-21T13:24:31.047+0000] {processor.py:840} INFO - DAG(s) 'example_bash_operator' retrieved from /home/airflow/.local/lib/python3.8/site-packages/airflow/example_dags/example_bash_operator.py
[2024-02-21T13:24:31.096+0000] {logging_mixin.py:188} INFO - [2024-02-21T13:24:31.095+0000] {dag.py:3036} INFO - Sync 1 DAGs
[2024-02-21T13:24:31.134+0000] {logging_mixin.py:188} INFO - [2024-02-21T13:24:31.134+0000] {dag.py:3823} INFO - Setting next_dagrun for example_bash_operator to 2024-02-20 00:00:00+00:00, run_after=2024-02-21 00:00:00+00:00
[2024-02-21T13:24:31.169+0000] {processor.py:183} INFO - Processing /home/airflow/.local/lib/python3.8/site-packages/airflow/example_dags/example_bash_operator.py took 0.154 seconds
[2024-02-21T13:25:01.303+0000] {processor.py:161} INFO - Started process (PID=1138) to work on /home/airflow/.local/lib/python3.8/site-packages/airflow/example_dags/example_bash_operator.py
[2024-02-21T13:25:01.305+0000] {processor.py:830} INFO - Processing file /home/airflow/.local/lib/python3.8/site-packages/airflow/example_dags/example_bash_operator.py for tasks to queue
[2024-02-21T13:25:01.309+0000] {logging_mixin.py:188} INFO - [2024-02-21T13:25:01.308+0000] {dagbag.py:538} INFO - Filling up the DagBag from /home/airflow/.local/lib/python3.8/site-packages/airflow/example_dags/example_bash_operator.py
[2024-02-21T13:25:01.329+0000] {processor.py:840} INFO - DAG(s) 'example_bash_operator' retrieved from /home/airflow/.local/lib/python3.8/site-packages/airflow/example_dags/example_bash_operator.py
[2024-02-21T13:25:01.381+0000] {logging_mixin.py:188} INFO - [2024-02-21T13:25:01.381+0000] {dag.py:3036} INFO - Sync 1 DAGs
[2024-02-21T13:25:01.421+0000] {logging_mixin.py:188} INFO - [2024-02-21T13:25:01.421+0000] {dag.py:3823} INFO - Setting next_dagrun for example_bash_operator to 2024-02-20 00:00:00+00:00, run_after=2024-02-21 00:00:00+00:00
[2024-02-21T13:25:01.455+0000] {processor.py:183} INFO - Processing /home/airflow/.local/lib/python3.8/site-packages/airflow/example_dags/example_bash_operator.py took 0.159 seconds
[2024-02-21T13:25:31.645+0000] {processor.py:161} INFO - Started process (PID=1194) to work on /home/airflow/.local/lib/python3.8/site-packages/airflow/example_dags/example_bash_operator.py
[2024-02-21T13:25:31.647+0000] {processor.py:830} INFO - Processing file /home/airflow/.local/lib/python3.8/site-packages/airflow/example_dags/example_bash_operator.py for tasks to queue
[2024-02-21T13:25:31.651+0000] {logging_mixin.py:188} INFO - [2024-02-21T13:25:31.650+0000] {dagbag.py:538} INFO - Filling up the DagBag from /home/airflow/.local/lib/python3.8/site-packages/airflow/example_dags/example_bash_operator.py
[2024-02-21T13:25:31.671+0000] {processor.py:840} INFO - DAG(s) 'example_bash_operator' retrieved from /home/airflow/.local/lib/python3.8/site-packages/airflow/example_dags/example_bash_operator.py
[2024-02-21T13:25:31.718+0000] {logging_mixin.py:188} INFO - [2024-02-21T13:25:31.718+0000] {dag.py:3036} INFO - Sync 1 DAGs
[2024-02-21T13:25:31.754+0000] {logging_mixin.py:188} INFO - [2024-02-21T13:25:31.754+0000] {dag.py:3823} INFO - Setting next_dagrun for example_bash_operator to 2024-02-20 00:00:00+00:00, run_after=2024-02-21 00:00:00+00:00
[2024-02-21T13:25:31.780+0000] {processor.py:183} INFO - Processing /home/airflow/.local/lib/python3.8/site-packages/airflow/example_dags/example_bash_operator.py took 0.141 seconds
[2024-02-21T13:26:01.927+0000] {processor.py:161} INFO - Started process (PID=1249) to work on /home/airflow/.local/lib/python3.8/site-packages/airflow/example_dags/example_bash_operator.py
[2024-02-21T13:26:01.928+0000] {processor.py:830} INFO - Processing file /home/airflow/.local/lib/python3.8/site-packages/airflow/example_dags/example_bash_operator.py for tasks to queue
[2024-02-21T13:26:01.931+0000] {logging_mixin.py:188} INFO - [2024-02-21T13:26:01.931+0000] {dagbag.py:538} INFO - Filling up the DagBag from /home/airflow/.local/lib/python3.8/site-packages/airflow/example_dags/example_bash_operator.py
[2024-02-21T13:26:01.952+0000] {processor.py:840} INFO - DAG(s) 'example_bash_operator' retrieved from /home/airflow/.local/lib/python3.8/site-packages/airflow/example_dags/example_bash_operator.py
[2024-02-21T13:26:02.003+0000] {logging_mixin.py:188} INFO - [2024-02-21T13:26:02.002+0000] {dag.py:3036} INFO - Sync 1 DAGs
[2024-02-21T13:26:02.053+0000] {logging_mixin.py:188} INFO - [2024-02-21T13:26:02.053+0000] {dag.py:3823} INFO - Setting next_dagrun for example_bash_operator to 2024-02-20 00:00:00+00:00, run_after=2024-02-21 00:00:00+00:00
[2024-02-21T13:26:02.086+0000] {processor.py:183} INFO - Processing /home/airflow/.local/lib/python3.8/site-packages/airflow/example_dags/example_bash_operator.py took 0.164 seconds
[2024-02-21T13:26:32.127+0000] {processor.py:161} INFO - Started process (PID=1305) to work on /home/airflow/.local/lib/python3.8/site-packages/airflow/example_dags/example_bash_operator.py
[2024-02-21T13:26:32.129+0000] {processor.py:830} INFO - Processing file /home/airflow/.local/lib/python3.8/site-packages/airflow/example_dags/example_bash_operator.py for tasks to queue
[2024-02-21T13:26:32.133+0000] {logging_mixin.py:188} INFO - [2024-02-21T13:26:32.133+0000] {dagbag.py:538} INFO - Filling up the DagBag from /home/airflow/.local/lib/python3.8/site-packages/airflow/example_dags/example_bash_operator.py
[2024-02-21T13:26:32.156+0000] {processor.py:840} INFO - DAG(s) 'example_bash_operator' retrieved from /home/airflow/.local/lib/python3.8/site-packages/airflow/example_dags/example_bash_operator.py
[2024-02-21T13:26:32.209+0000] {logging_mixin.py:188} INFO - [2024-02-21T13:26:32.208+0000] {dag.py:3036} INFO - Sync 1 DAGs
[2024-02-21T13:26:32.244+0000] {logging_mixin.py:188} INFO - [2024-02-21T13:26:32.243+0000] {dag.py:3823} INFO - Setting next_dagrun for example_bash_operator to 2024-02-20 00:00:00+00:00, run_after=2024-02-21 00:00:00+00:00
[2024-02-21T13:26:32.270+0000] {processor.py:183} INFO - Processing /home/airflow/.local/lib/python3.8/site-packages/airflow/example_dags/example_bash_operator.py took 0.152 seconds
[2024-02-21T13:27:02.502+0000] {processor.py:161} INFO - Started process (PID=1359) to work on /home/airflow/.local/lib/python3.8/site-packages/airflow/example_dags/example_bash_operator.py
[2024-02-21T13:27:02.504+0000] {processor.py:830} INFO - Processing file /home/airflow/.local/lib/python3.8/site-packages/airflow/example_dags/example_bash_operator.py for tasks to queue
[2024-02-21T13:27:02.508+0000] {logging_mixin.py:188} INFO - [2024-02-21T13:27:02.507+0000] {dagbag.py:538} INFO - Filling up the DagBag from /home/airflow/.local/lib/python3.8/site-packages/airflow/example_dags/example_bash_operator.py
[2024-02-21T13:27:02.529+0000] {processor.py:840} INFO - DAG(s) 'example_bash_operator' retrieved from /home/airflow/.local/lib/python3.8/site-packages/airflow/example_dags/example_bash_operator.py
[2024-02-21T13:27:02.578+0000] {logging_mixin.py:188} INFO - [2024-02-21T13:27:02.577+0000] {dag.py:3036} INFO - Sync 1 DAGs
[2024-02-21T13:27:02.615+0000] {logging_mixin.py:188} INFO - [2024-02-21T13:27:02.615+0000] {dag.py:3823} INFO - Setting next_dagrun for example_bash_operator to 2024-02-20 00:00:00+00:00, run_after=2024-02-21 00:00:00+00:00
[2024-02-21T13:27:02.649+0000] {processor.py:183} INFO - Processing /home/airflow/.local/lib/python3.8/site-packages/airflow/example_dags/example_bash_operator.py took 0.152 seconds
[2024-02-21T13:27:32.848+0000] {processor.py:161} INFO - Started process (PID=1414) to work on /home/airflow/.local/lib/python3.8/site-packages/airflow/example_dags/example_bash_operator.py
[2024-02-21T13:27:32.851+0000] {processor.py:830} INFO - Processing file /home/airflow/.local/lib/python3.8/site-packages/airflow/example_dags/example_bash_operator.py for tasks to queue
[2024-02-21T13:27:32.854+0000] {logging_mixin.py:188} INFO - [2024-02-21T13:27:32.853+0000] {dagbag.py:538} INFO - Filling up the DagBag from /home/airflow/.local/lib/python3.8/site-packages/airflow/example_dags/example_bash_operator.py
[2024-02-21T13:27:32.875+0000] {processor.py:840} INFO - DAG(s) 'example_bash_operator' retrieved from /home/airflow/.local/lib/python3.8/site-packages/airflow/example_dags/example_bash_operator.py
[2024-02-21T13:27:32.921+0000] {logging_mixin.py:188} INFO - [2024-02-21T13:27:32.921+0000] {dag.py:3036} INFO - Sync 1 DAGs
[2024-02-21T13:27:32.960+0000] {logging_mixin.py:188} INFO - [2024-02-21T13:27:32.959+0000] {dag.py:3823} INFO - Setting next_dagrun for example_bash_operator to 2024-02-20 00:00:00+00:00, run_after=2024-02-21 00:00:00+00:00
[2024-02-21T13:27:32.988+0000] {processor.py:183} INFO - Processing /home/airflow/.local/lib/python3.8/site-packages/airflow/example_dags/example_bash_operator.py took 0.146 seconds
[2024-02-21T13:28:03.095+0000] {processor.py:161} INFO - Started process (PID=1469) to work on /home/airflow/.local/lib/python3.8/site-packages/airflow/example_dags/example_bash_operator.py
[2024-02-21T13:28:03.096+0000] {processor.py:830} INFO - Processing file /home/airflow/.local/lib/python3.8/site-packages/airflow/example_dags/example_bash_operator.py for tasks to queue
[2024-02-21T13:28:03.099+0000] {logging_mixin.py:188} INFO - [2024-02-21T13:28:03.099+0000] {dagbag.py:538} INFO - Filling up the DagBag from /home/airflow/.local/lib/python3.8/site-packages/airflow/example_dags/example_bash_operator.py
[2024-02-21T13:28:03.119+0000] {processor.py:840} INFO - DAG(s) 'example_bash_operator' retrieved from /home/airflow/.local/lib/python3.8/site-packages/airflow/example_dags/example_bash_operator.py
[2024-02-21T13:28:03.183+0000] {logging_mixin.py:188} INFO - [2024-02-21T13:28:03.182+0000] {dag.py:3036} INFO - Sync 1 DAGs
[2024-02-21T13:28:03.233+0000] {logging_mixin.py:188} INFO - [2024-02-21T13:28:03.233+0000] {dag.py:3823} INFO - Setting next_dagrun for example_bash_operator to 2024-02-20 00:00:00+00:00, run_after=2024-02-21 00:00:00+00:00
[2024-02-21T13:28:03.269+0000] {processor.py:183} INFO - Processing /home/airflow/.local/lib/python3.8/site-packages/airflow/example_dags/example_bash_operator.py took 0.179 seconds
[2024-02-21T13:28:33.583+0000] {processor.py:161} INFO - Started process (PID=1524) to work on /home/airflow/.local/lib/python3.8/site-packages/airflow/example_dags/example_bash_operator.py
[2024-02-21T13:28:33.586+0000] {processor.py:830} INFO - Processing file /home/airflow/.local/lib/python3.8/site-packages/airflow/example_dags/example_bash_operator.py for tasks to queue
[2024-02-21T13:28:33.589+0000] {logging_mixin.py:188} INFO - [2024-02-21T13:28:33.588+0000] {dagbag.py:538} INFO - Filling up the DagBag from /home/airflow/.local/lib/python3.8/site-packages/airflow/example_dags/example_bash_operator.py
[2024-02-21T13:28:33.608+0000] {processor.py:840} INFO - DAG(s) 'example_bash_operator' retrieved from /home/airflow/.local/lib/python3.8/site-packages/airflow/example_dags/example_bash_operator.py
[2024-02-21T13:28:33.654+0000] {logging_mixin.py:188} INFO - [2024-02-21T13:28:33.654+0000] {dag.py:3036} INFO - Sync 1 DAGs
[2024-02-21T13:28:33.688+0000] {logging_mixin.py:188} INFO - [2024-02-21T13:28:33.688+0000] {dag.py:3823} INFO - Setting next_dagrun for example_bash_operator to 2024-02-20 00:00:00+00:00, run_after=2024-02-21 00:00:00+00:00
[2024-02-21T13:28:33.713+0000] {processor.py:183} INFO - Processing /home/airflow/.local/lib/python3.8/site-packages/airflow/example_dags/example_bash_operator.py took 0.138 seconds
[2024-02-21T13:29:03.925+0000] {processor.py:161} INFO - Started process (PID=1579) to work on /home/airflow/.local/lib/python3.8/site-packages/airflow/example_dags/example_bash_operator.py
[2024-02-21T13:29:03.926+0000] {processor.py:830} INFO - Processing file /home/airflow/.local/lib/python3.8/site-packages/airflow/example_dags/example_bash_operator.py for tasks to queue
[2024-02-21T13:29:03.929+0000] {logging_mixin.py:188} INFO - [2024-02-21T13:29:03.929+0000] {dagbag.py:538} INFO - Filling up the DagBag from /home/airflow/.local/lib/python3.8/site-packages/airflow/example_dags/example_bash_operator.py
[2024-02-21T13:29:03.953+0000] {processor.py:840} INFO - DAG(s) 'example_bash_operator' retrieved from /home/airflow/.local/lib/python3.8/site-packages/airflow/example_dags/example_bash_operator.py
[2024-02-21T13:29:04.013+0000] {logging_mixin.py:188} INFO - [2024-02-21T13:29:04.013+0000] {dag.py:3036} INFO - Sync 1 DAGs
[2024-02-21T13:29:04.047+0000] {logging_mixin.py:188} INFO - [2024-02-21T13:29:04.047+0000] {dag.py:3823} INFO - Setting next_dagrun for example_bash_operator to 2024-02-20 00:00:00+00:00, run_after=2024-02-21 00:00:00+00:00
[2024-02-21T13:29:04.073+0000] {processor.py:183} INFO - Processing /home/airflow/.local/lib/python3.8/site-packages/airflow/example_dags/example_bash_operator.py took 0.155 seconds
[2024-02-21T13:29:34.661+0000] {processor.py:161} INFO - Started process (PID=1634) to work on /home/airflow/.local/lib/python3.8/site-packages/airflow/example_dags/example_bash_operator.py
[2024-02-21T13:29:34.664+0000] {processor.py:830} INFO - Processing file /home/airflow/.local/lib/python3.8/site-packages/airflow/example_dags/example_bash_operator.py for tasks to queue
[2024-02-21T13:29:34.670+0000] {logging_mixin.py:188} INFO - [2024-02-21T13:29:34.669+0000] {dagbag.py:538} INFO - Filling up the DagBag from /home/airflow/.local/lib/python3.8/site-packages/airflow/example_dags/example_bash_operator.py
[2024-02-21T13:29:34.696+0000] {processor.py:840} INFO - DAG(s) 'example_bash_operator' retrieved from /home/airflow/.local/lib/python3.8/site-packages/airflow/example_dags/example_bash_operator.py
[2024-02-21T13:29:34.741+0000] {logging_mixin.py:188} INFO - [2024-02-21T13:29:34.741+0000] {dag.py:3036} INFO - Sync 1 DAGs
[2024-02-21T13:29:34.777+0000] {logging_mixin.py:188} INFO - [2024-02-21T13:29:34.776+0000] {dag.py:3823} INFO - Setting next_dagrun for example_bash_operator to 2024-02-20 00:00:00+00:00, run_after=2024-02-21 00:00:00+00:00
[2024-02-21T13:29:34.806+0000] {processor.py:183} INFO - Processing /home/airflow/.local/lib/python3.8/site-packages/airflow/example_dags/example_bash_operator.py took 0.151 seconds
[2024-02-21T13:30:05.191+0000] {processor.py:161} INFO - Started process (PID=1689) to work on /home/airflow/.local/lib/python3.8/site-packages/airflow/example_dags/example_bash_operator.py
[2024-02-21T13:30:05.192+0000] {processor.py:830} INFO - Processing file /home/airflow/.local/lib/python3.8/site-packages/airflow/example_dags/example_bash_operator.py for tasks to queue
[2024-02-21T13:30:05.197+0000] {logging_mixin.py:188} INFO - [2024-02-21T13:30:05.196+0000] {dagbag.py:538} INFO - Filling up the DagBag from /home/airflow/.local/lib/python3.8/site-packages/airflow/example_dags/example_bash_operator.py
[2024-02-21T13:30:05.220+0000] {processor.py:840} INFO - DAG(s) 'example_bash_operator' retrieved from /home/airflow/.local/lib/python3.8/site-packages/airflow/example_dags/example_bash_operator.py
[2024-02-21T13:30:05.264+0000] {logging_mixin.py:188} INFO - [2024-02-21T13:30:05.264+0000] {dag.py:3036} INFO - Sync 1 DAGs
[2024-02-21T13:30:05.299+0000] {logging_mixin.py:188} INFO - [2024-02-21T13:30:05.299+0000] {dag.py:3823} INFO - Setting next_dagrun for example_bash_operator to 2024-02-20 00:00:00+00:00, run_after=2024-02-21 00:00:00+00:00
[2024-02-21T13:30:05.327+0000] {processor.py:183} INFO - Processing /home/airflow/.local/lib/python3.8/site-packages/airflow/example_dags/example_bash_operator.py took 0.146 seconds
[2024-02-21T13:30:35.406+0000] {processor.py:161} INFO - Started process (PID=1744) to work on /home/airflow/.local/lib/python3.8/site-packages/airflow/example_dags/example_bash_operator.py
[2024-02-21T13:30:35.409+0000] {processor.py:830} INFO - Processing file /home/airflow/.local/lib/python3.8/site-packages/airflow/example_dags/example_bash_operator.py for tasks to queue
[2024-02-21T13:30:35.413+0000] {logging_mixin.py:188} INFO - [2024-02-21T13:30:35.412+0000] {dagbag.py:538} INFO - Filling up the DagBag from /home/airflow/.local/lib/python3.8/site-packages/airflow/example_dags/example_bash_operator.py
[2024-02-21T13:30:35.438+0000] {processor.py:840} INFO - DAG(s) 'example_bash_operator' retrieved from /home/airflow/.local/lib/python3.8/site-packages/airflow/example_dags/example_bash_operator.py
[2024-02-21T13:30:35.486+0000] {logging_mixin.py:188} INFO - [2024-02-21T13:30:35.485+0000] {dag.py:3036} INFO - Sync 1 DAGs
[2024-02-21T13:30:35.531+0000] {logging_mixin.py:188} INFO - [2024-02-21T13:30:35.531+0000] {dag.py:3823} INFO - Setting next_dagrun for example_bash_operator to 2024-02-20 00:00:00+00:00, run_after=2024-02-21 00:00:00+00:00
[2024-02-21T13:30:35.563+0000] {processor.py:183} INFO - Processing /home/airflow/.local/lib/python3.8/site-packages/airflow/example_dags/example_bash_operator.py took 0.164 seconds
[2024-02-21T13:31:05.688+0000] {processor.py:161} INFO - Started process (PID=1798) to work on /home/airflow/.local/lib/python3.8/site-packages/airflow/example_dags/example_bash_operator.py
[2024-02-21T13:31:05.691+0000] {processor.py:830} INFO - Processing file /home/airflow/.local/lib/python3.8/site-packages/airflow/example_dags/example_bash_operator.py for tasks to queue
[2024-02-21T13:31:05.694+0000] {logging_mixin.py:188} INFO - [2024-02-21T13:31:05.693+0000] {dagbag.py:538} INFO - Filling up the DagBag from /home/airflow/.local/lib/python3.8/site-packages/airflow/example_dags/example_bash_operator.py
[2024-02-21T13:31:05.714+0000] {processor.py:840} INFO - DAG(s) 'example_bash_operator' retrieved from /home/airflow/.local/lib/python3.8/site-packages/airflow/example_dags/example_bash_operator.py
[2024-02-21T13:31:05.770+0000] {logging_mixin.py:188} INFO - [2024-02-21T13:31:05.770+0000] {dag.py:3036} INFO - Sync 1 DAGs
[2024-02-21T13:31:05.806+0000] {logging_mixin.py:188} INFO - [2024-02-21T13:31:05.806+0000] {dag.py:3823} INFO - Setting next_dagrun for example_bash_operator to 2024-02-20 00:00:00+00:00, run_after=2024-02-21 00:00:00+00:00
[2024-02-21T13:31:05.836+0000] {processor.py:183} INFO - Processing /home/airflow/.local/lib/python3.8/site-packages/airflow/example_dags/example_bash_operator.py took 0.157 seconds
[2024-02-21T13:31:35.971+0000] {processor.py:161} INFO - Started process (PID=1853) to work on /home/airflow/.local/lib/python3.8/site-packages/airflow/example_dags/example_bash_operator.py
[2024-02-21T13:31:35.973+0000] {processor.py:830} INFO - Processing file /home/airflow/.local/lib/python3.8/site-packages/airflow/example_dags/example_bash_operator.py for tasks to queue
[2024-02-21T13:31:35.977+0000] {logging_mixin.py:188} INFO - [2024-02-21T13:31:35.976+0000] {dagbag.py:538} INFO - Filling up the DagBag from /home/airflow/.local/lib/python3.8/site-packages/airflow/example_dags/example_bash_operator.py
[2024-02-21T13:31:36.001+0000] {processor.py:840} INFO - DAG(s) 'example_bash_operator' retrieved from /home/airflow/.local/lib/python3.8/site-packages/airflow/example_dags/example_bash_operator.py
[2024-02-21T13:31:36.050+0000] {logging_mixin.py:188} INFO - [2024-02-21T13:31:36.049+0000] {dag.py:3036} INFO - Sync 1 DAGs
[2024-02-21T13:31:36.090+0000] {logging_mixin.py:188} INFO - [2024-02-21T13:31:36.090+0000] {dag.py:3823} INFO - Setting next_dagrun for example_bash_operator to 2024-02-20 00:00:00+00:00, run_after=2024-02-21 00:00:00+00:00
[2024-02-21T13:31:36.118+0000] {processor.py:183} INFO - Processing /home/airflow/.local/lib/python3.8/site-packages/airflow/example_dags/example_bash_operator.py took 0.154 seconds
[2024-02-21T13:32:06.225+0000] {processor.py:161} INFO - Started process (PID=1909) to work on /home/airflow/.local/lib/python3.8/site-packages/airflow/example_dags/example_bash_operator.py
[2024-02-21T13:32:06.228+0000] {processor.py:830} INFO - Processing file /home/airflow/.local/lib/python3.8/site-packages/airflow/example_dags/example_bash_operator.py for tasks to queue
[2024-02-21T13:32:06.232+0000] {logging_mixin.py:188} INFO - [2024-02-21T13:32:06.231+0000] {dagbag.py:538} INFO - Filling up the DagBag from /home/airflow/.local/lib/python3.8/site-packages/airflow/example_dags/example_bash_operator.py
[2024-02-21T13:32:06.263+0000] {processor.py:840} INFO - DAG(s) 'example_bash_operator' retrieved from /home/airflow/.local/lib/python3.8/site-packages/airflow/example_dags/example_bash_operator.py
[2024-02-21T13:32:06.314+0000] {logging_mixin.py:188} INFO - [2024-02-21T13:32:06.314+0000] {dag.py:3036} INFO - Sync 1 DAGs
[2024-02-21T13:32:06.351+0000] {logging_mixin.py:188} INFO - [2024-02-21T13:32:06.351+0000] {dag.py:3823} INFO - Setting next_dagrun for example_bash_operator to 2024-02-20 00:00:00+00:00, run_after=2024-02-21 00:00:00+00:00
[2024-02-21T13:32:06.381+0000] {processor.py:183} INFO - Processing /home/airflow/.local/lib/python3.8/site-packages/airflow/example_dags/example_bash_operator.py took 0.162 seconds
[2024-02-21T13:32:37.056+0000] {processor.py:161} INFO - Started process (PID=1964) to work on /home/airflow/.local/lib/python3.8/site-packages/airflow/example_dags/example_bash_operator.py
[2024-02-21T13:32:37.058+0000] {processor.py:830} INFO - Processing file /home/airflow/.local/lib/python3.8/site-packages/airflow/example_dags/example_bash_operator.py for tasks to queue
[2024-02-21T13:32:37.061+0000] {logging_mixin.py:188} INFO - [2024-02-21T13:32:37.061+0000] {dagbag.py:538} INFO - Filling up the DagBag from /home/airflow/.local/lib/python3.8/site-packages/airflow/example_dags/example_bash_operator.py
[2024-02-21T13:32:37.081+0000] {processor.py:840} INFO - DAG(s) 'example_bash_operator' retrieved from /home/airflow/.local/lib/python3.8/site-packages/airflow/example_dags/example_bash_operator.py
[2024-02-21T13:32:37.148+0000] {logging_mixin.py:188} INFO - [2024-02-21T13:32:37.147+0000] {dag.py:3036} INFO - Sync 1 DAGs
[2024-02-21T13:32:37.191+0000] {logging_mixin.py:188} INFO - [2024-02-21T13:32:37.190+0000] {dag.py:3823} INFO - Setting next_dagrun for example_bash_operator to 2024-02-20 00:00:00+00:00, run_after=2024-02-21 00:00:00+00:00
[2024-02-21T13:32:37.218+0000] {processor.py:183} INFO - Processing /home/airflow/.local/lib/python3.8/site-packages/airflow/example_dags/example_bash_operator.py took 0.169 seconds
[2024-02-21T13:33:07.843+0000] {processor.py:161} INFO - Started process (PID=2019) to work on /home/airflow/.local/lib/python3.8/site-packages/airflow/example_dags/example_bash_operator.py
[2024-02-21T13:33:07.845+0000] {processor.py:830} INFO - Processing file /home/airflow/.local/lib/python3.8/site-packages/airflow/example_dags/example_bash_operator.py for tasks to queue
[2024-02-21T13:33:07.849+0000] {logging_mixin.py:188} INFO - [2024-02-21T13:33:07.849+0000] {dagbag.py:538} INFO - Filling up the DagBag from /home/airflow/.local/lib/python3.8/site-packages/airflow/example_dags/example_bash_operator.py
[2024-02-21T13:33:07.882+0000] {processor.py:840} INFO - DAG(s) 'example_bash_operator' retrieved from /home/airflow/.local/lib/python3.8/site-packages/airflow/example_dags/example_bash_operator.py
[2024-02-21T13:33:07.934+0000] {logging_mixin.py:188} INFO - [2024-02-21T13:33:07.933+0000] {dag.py:3036} INFO - Sync 1 DAGs
[2024-02-21T13:33:07.988+0000] {logging_mixin.py:188} INFO - [2024-02-21T13:33:07.988+0000] {dag.py:3823} INFO - Setting next_dagrun for example_bash_operator to 2024-02-20 00:00:00+00:00, run_after=2024-02-21 00:00:00+00:00
[2024-02-21T13:33:08.028+0000] {processor.py:183} INFO - Processing /home/airflow/.local/lib/python3.8/site-packages/airflow/example_dags/example_bash_operator.py took 0.192 seconds
[2024-02-21T13:33:38.182+0000] {processor.py:161} INFO - Started process (PID=2074) to work on /home/airflow/.local/lib/python3.8/site-packages/airflow/example_dags/example_bash_operator.py
[2024-02-21T13:33:38.184+0000] {processor.py:830} INFO - Processing file /home/airflow/.local/lib/python3.8/site-packages/airflow/example_dags/example_bash_operator.py for tasks to queue
[2024-02-21T13:33:38.189+0000] {logging_mixin.py:188} INFO - [2024-02-21T13:33:38.188+0000] {dagbag.py:538} INFO - Filling up the DagBag from /home/airflow/.local/lib/python3.8/site-packages/airflow/example_dags/example_bash_operator.py
[2024-02-21T13:33:38.210+0000] {processor.py:840} INFO - DAG(s) 'example_bash_operator' retrieved from /home/airflow/.local/lib/python3.8/site-packages/airflow/example_dags/example_bash_operator.py
[2024-02-21T13:33:38.267+0000] {logging_mixin.py:188} INFO - [2024-02-21T13:33:38.266+0000] {dag.py:3036} INFO - Sync 1 DAGs
[2024-02-21T13:33:38.306+0000] {logging_mixin.py:188} INFO - [2024-02-21T13:33:38.306+0000] {dag.py:3823} INFO - Setting next_dagrun for example_bash_operator to 2024-02-20 00:00:00+00:00, run_after=2024-02-21 00:00:00+00:00
[2024-02-21T13:33:38.335+0000] {processor.py:183} INFO - Processing /home/airflow/.local/lib/python3.8/site-packages/airflow/example_dags/example_bash_operator.py took 0.159 seconds
[2024-02-21T13:34:09.185+0000] {processor.py:161} INFO - Started process (PID=2129) to work on /home/airflow/.local/lib/python3.8/site-packages/airflow/example_dags/example_bash_operator.py
[2024-02-21T13:34:09.187+0000] {processor.py:830} INFO - Processing file /home/airflow/.local/lib/python3.8/site-packages/airflow/example_dags/example_bash_operator.py for tasks to queue
[2024-02-21T13:34:09.190+0000] {logging_mixin.py:188} INFO - [2024-02-21T13:34:09.190+0000] {dagbag.py:538} INFO - Filling up the DagBag from /home/airflow/.local/lib/python3.8/site-packages/airflow/example_dags/example_bash_operator.py
[2024-02-21T13:34:09.212+0000] {processor.py:840} INFO - DAG(s) 'example_bash_operator' retrieved from /home/airflow/.local/lib/python3.8/site-packages/airflow/example_dags/example_bash_operator.py
[2024-02-21T13:34:09.282+0000] {logging_mixin.py:188} INFO - [2024-02-21T13:34:09.282+0000] {dag.py:3036} INFO - Sync 1 DAGs
[2024-02-21T13:34:09.339+0000] {logging_mixin.py:188} INFO - [2024-02-21T13:34:09.338+0000] {dag.py:3823} INFO - Setting next_dagrun for example_bash_operator to 2024-02-20 00:00:00+00:00, run_after=2024-02-21 00:00:00+00:00
[2024-02-21T13:34:09.382+0000] {processor.py:183} INFO - Processing /home/airflow/.local/lib/python3.8/site-packages/airflow/example_dags/example_bash_operator.py took 0.203 seconds
[2024-02-21T13:34:39.677+0000] {processor.py:161} INFO - Started process (PID=2184) to work on /home/airflow/.local/lib/python3.8/site-packages/airflow/example_dags/example_bash_operator.py
[2024-02-21T13:34:39.679+0000] {processor.py:830} INFO - Processing file /home/airflow/.local/lib/python3.8/site-packages/airflow/example_dags/example_bash_operator.py for tasks to queue
[2024-02-21T13:34:39.683+0000] {logging_mixin.py:188} INFO - [2024-02-21T13:34:39.683+0000] {dagbag.py:538} INFO - Filling up the DagBag from /home/airflow/.local/lib/python3.8/site-packages/airflow/example_dags/example_bash_operator.py
[2024-02-21T13:34:39.708+0000] {processor.py:840} INFO - DAG(s) 'example_bash_operator' retrieved from /home/airflow/.local/lib/python3.8/site-packages/airflow/example_dags/example_bash_operator.py
[2024-02-21T13:34:39.756+0000] {logging_mixin.py:188} INFO - [2024-02-21T13:34:39.755+0000] {dag.py:3036} INFO - Sync 1 DAGs
[2024-02-21T13:34:39.793+0000] {logging_mixin.py:188} INFO - [2024-02-21T13:34:39.793+0000] {dag.py:3823} INFO - Setting next_dagrun for example_bash_operator to 2024-02-20 00:00:00+00:00, run_after=2024-02-21 00:00:00+00:00
[2024-02-21T13:34:39.822+0000] {processor.py:183} INFO - Processing /home/airflow/.local/lib/python3.8/site-packages/airflow/example_dags/example_bash_operator.py took 0.152 seconds
[2024-02-21T13:35:09.884+0000] {processor.py:161} INFO - Started process (PID=2239) to work on /home/airflow/.local/lib/python3.8/site-packages/airflow/example_dags/example_bash_operator.py
[2024-02-21T13:35:09.887+0000] {processor.py:830} INFO - Processing file /home/airflow/.local/lib/python3.8/site-packages/airflow/example_dags/example_bash_operator.py for tasks to queue
[2024-02-21T13:35:09.891+0000] {logging_mixin.py:188} INFO - [2024-02-21T13:35:09.890+0000] {dagbag.py:538} INFO - Filling up the DagBag from /home/airflow/.local/lib/python3.8/site-packages/airflow/example_dags/example_bash_operator.py
[2024-02-21T13:35:09.915+0000] {processor.py:840} INFO - DAG(s) 'example_bash_operator' retrieved from /home/airflow/.local/lib/python3.8/site-packages/airflow/example_dags/example_bash_operator.py
[2024-02-21T13:35:09.963+0000] {logging_mixin.py:188} INFO - [2024-02-21T13:35:09.962+0000] {dag.py:3036} INFO - Sync 1 DAGs
[2024-02-21T13:35:09.999+0000] {logging_mixin.py:188} INFO - [2024-02-21T13:35:09.998+0000] {dag.py:3823} INFO - Setting next_dagrun for example_bash_operator to 2024-02-20 00:00:00+00:00, run_after=2024-02-21 00:00:00+00:00
[2024-02-21T13:35:10.025+0000] {processor.py:183} INFO - Processing /home/airflow/.local/lib/python3.8/site-packages/airflow/example_dags/example_bash_operator.py took 0.147 seconds
[2024-02-21T13:35:40.302+0000] {processor.py:161} INFO - Started process (PID=2294) to work on /home/airflow/.local/lib/python3.8/site-packages/airflow/example_dags/example_bash_operator.py
[2024-02-21T13:35:40.304+0000] {processor.py:830} INFO - Processing file /home/airflow/.local/lib/python3.8/site-packages/airflow/example_dags/example_bash_operator.py for tasks to queue
[2024-02-21T13:35:40.308+0000] {logging_mixin.py:188} INFO - [2024-02-21T13:35:40.307+0000] {dagbag.py:538} INFO - Filling up the DagBag from /home/airflow/.local/lib/python3.8/site-packages/airflow/example_dags/example_bash_operator.py
[2024-02-21T13:35:40.328+0000] {processor.py:840} INFO - DAG(s) 'example_bash_operator' retrieved from /home/airflow/.local/lib/python3.8/site-packages/airflow/example_dags/example_bash_operator.py
[2024-02-21T13:35:40.402+0000] {logging_mixin.py:188} INFO - [2024-02-21T13:35:40.402+0000] {dag.py:3036} INFO - Sync 1 DAGs
[2024-02-21T13:35:40.446+0000] {logging_mixin.py:188} INFO - [2024-02-21T13:35:40.445+0000] {dag.py:3823} INFO - Setting next_dagrun for example_bash_operator to 2024-02-20 00:00:00+00:00, run_after=2024-02-21 00:00:00+00:00
[2024-02-21T13:35:40.708+0000] {processor.py:183} INFO - Processing /home/airflow/.local/lib/python3.8/site-packages/airflow/example_dags/example_bash_operator.py took 0.412 seconds
[2024-02-21T13:36:11.473+0000] {processor.py:161} INFO - Started process (PID=2349) to work on /home/airflow/.local/lib/python3.8/site-packages/airflow/example_dags/example_bash_operator.py
[2024-02-21T13:36:11.475+0000] {processor.py:830} INFO - Processing file /home/airflow/.local/lib/python3.8/site-packages/airflow/example_dags/example_bash_operator.py for tasks to queue
[2024-02-21T13:36:11.478+0000] {logging_mixin.py:188} INFO - [2024-02-21T13:36:11.477+0000] {dagbag.py:538} INFO - Filling up the DagBag from /home/airflow/.local/lib/python3.8/site-packages/airflow/example_dags/example_bash_operator.py
[2024-02-21T13:36:11.498+0000] {processor.py:840} INFO - DAG(s) 'example_bash_operator' retrieved from /home/airflow/.local/lib/python3.8/site-packages/airflow/example_dags/example_bash_operator.py
[2024-02-21T13:36:11.550+0000] {logging_mixin.py:188} INFO - [2024-02-21T13:36:11.549+0000] {dag.py:3036} INFO - Sync 1 DAGs
[2024-02-21T13:36:11.591+0000] {logging_mixin.py:188} INFO - [2024-02-21T13:36:11.590+0000] {dag.py:3823} INFO - Setting next_dagrun for example_bash_operator to 2024-02-20 00:00:00+00:00, run_after=2024-02-21 00:00:00+00:00
[2024-02-21T13:36:11.861+0000] {processor.py:183} INFO - Processing /home/airflow/.local/lib/python3.8/site-packages/airflow/example_dags/example_bash_operator.py took 0.394 seconds
[2024-02-21T13:36:41.999+0000] {processor.py:161} INFO - Started process (PID=2404) to work on /home/airflow/.local/lib/python3.8/site-packages/airflow/example_dags/example_bash_operator.py
[2024-02-21T13:36:42.001+0000] {processor.py:830} INFO - Processing file /home/airflow/.local/lib/python3.8/site-packages/airflow/example_dags/example_bash_operator.py for tasks to queue
[2024-02-21T13:36:42.005+0000] {logging_mixin.py:188} INFO - [2024-02-21T13:36:42.004+0000] {dagbag.py:538} INFO - Filling up the DagBag from /home/airflow/.local/lib/python3.8/site-packages/airflow/example_dags/example_bash_operator.py
[2024-02-21T13:36:42.028+0000] {processor.py:840} INFO - DAG(s) 'example_bash_operator' retrieved from /home/airflow/.local/lib/python3.8/site-packages/airflow/example_dags/example_bash_operator.py
[2024-02-21T13:36:42.097+0000] {logging_mixin.py:188} INFO - [2024-02-21T13:36:42.089+0000] {dag.py:3036} INFO - Sync 1 DAGs
[2024-02-21T13:36:42.164+0000] {logging_mixin.py:188} INFO - [2024-02-21T13:36:42.163+0000] {dag.py:3823} INFO - Setting next_dagrun for example_bash_operator to 2024-02-20 00:00:00+00:00, run_after=2024-02-21 00:00:00+00:00
[2024-02-21T13:36:42.197+0000] {processor.py:183} INFO - Processing /home/airflow/.local/lib/python3.8/site-packages/airflow/example_dags/example_bash_operator.py took 0.205 seconds
[2024-02-21T13:37:12.587+0000] {processor.py:161} INFO - Started process (PID=2460) to work on /home/airflow/.local/lib/python3.8/site-packages/airflow/example_dags/example_bash_operator.py
[2024-02-21T13:37:12.589+0000] {processor.py:830} INFO - Processing file /home/airflow/.local/lib/python3.8/site-packages/airflow/example_dags/example_bash_operator.py for tasks to queue
[2024-02-21T13:37:12.592+0000] {logging_mixin.py:188} INFO - [2024-02-21T13:37:12.592+0000] {dagbag.py:538} INFO - Filling up the DagBag from /home/airflow/.local/lib/python3.8/site-packages/airflow/example_dags/example_bash_operator.py
[2024-02-21T13:37:12.613+0000] {processor.py:840} INFO - DAG(s) 'example_bash_operator' retrieved from /home/airflow/.local/lib/python3.8/site-packages/airflow/example_dags/example_bash_operator.py
[2024-02-21T13:37:12.664+0000] {logging_mixin.py:188} INFO - [2024-02-21T13:37:12.662+0000] {dag.py:3036} INFO - Sync 1 DAGs
[2024-02-21T13:37:12.729+0000] {logging_mixin.py:188} INFO - [2024-02-21T13:37:12.728+0000] {dag.py:3823} INFO - Setting next_dagrun for example_bash_operator to 2024-02-20 00:00:00+00:00, run_after=2024-02-21 00:00:00+00:00
[2024-02-21T13:37:12.766+0000] {processor.py:183} INFO - Processing /home/airflow/.local/lib/python3.8/site-packages/airflow/example_dags/example_bash_operator.py took 0.185 seconds
[2024-02-21T13:37:43.303+0000] {processor.py:161} INFO - Started process (PID=2515) to work on /home/airflow/.local/lib/python3.8/site-packages/airflow/example_dags/example_bash_operator.py
[2024-02-21T13:37:43.305+0000] {processor.py:830} INFO - Processing file /home/airflow/.local/lib/python3.8/site-packages/airflow/example_dags/example_bash_operator.py for tasks to queue
[2024-02-21T13:37:43.310+0000] {logging_mixin.py:188} INFO - [2024-02-21T13:37:43.309+0000] {dagbag.py:538} INFO - Filling up the DagBag from /home/airflow/.local/lib/python3.8/site-packages/airflow/example_dags/example_bash_operator.py
[2024-02-21T13:37:43.337+0000] {processor.py:840} INFO - DAG(s) 'example_bash_operator' retrieved from /home/airflow/.local/lib/python3.8/site-packages/airflow/example_dags/example_bash_operator.py
[2024-02-21T13:37:43.430+0000] {logging_mixin.py:188} INFO - [2024-02-21T13:37:43.429+0000] {dag.py:3036} INFO - Sync 1 DAGs
[2024-02-21T13:37:43.470+0000] {logging_mixin.py:188} INFO - [2024-02-21T13:37:43.470+0000] {dag.py:3823} INFO - Setting next_dagrun for example_bash_operator to 2024-02-20 00:00:00+00:00, run_after=2024-02-21 00:00:00+00:00
[2024-02-21T13:37:43.501+0000] {processor.py:183} INFO - Processing /home/airflow/.local/lib/python3.8/site-packages/airflow/example_dags/example_bash_operator.py took 0.205 seconds
[2024-02-21T13:38:13.808+0000] {processor.py:161} INFO - Started process (PID=2570) to work on /home/airflow/.local/lib/python3.8/site-packages/airflow/example_dags/example_bash_operator.py
[2024-02-21T13:38:13.810+0000] {processor.py:830} INFO - Processing file /home/airflow/.local/lib/python3.8/site-packages/airflow/example_dags/example_bash_operator.py for tasks to queue
[2024-02-21T13:38:13.814+0000] {logging_mixin.py:188} INFO - [2024-02-21T13:38:13.813+0000] {dagbag.py:538} INFO - Filling up the DagBag from /home/airflow/.local/lib/python3.8/site-packages/airflow/example_dags/example_bash_operator.py
[2024-02-21T13:38:13.835+0000] {processor.py:840} INFO - DAG(s) 'example_bash_operator' retrieved from /home/airflow/.local/lib/python3.8/site-packages/airflow/example_dags/example_bash_operator.py
[2024-02-21T13:38:13.887+0000] {logging_mixin.py:188} INFO - [2024-02-21T13:38:13.887+0000] {dag.py:3036} INFO - Sync 1 DAGs
[2024-02-21T13:38:13.925+0000] {logging_mixin.py:188} INFO - [2024-02-21T13:38:13.924+0000] {dag.py:3823} INFO - Setting next_dagrun for example_bash_operator to 2024-02-20 00:00:00+00:00, run_after=2024-02-21 00:00:00+00:00
[2024-02-21T13:38:13.961+0000] {processor.py:183} INFO - Processing /home/airflow/.local/lib/python3.8/site-packages/airflow/example_dags/example_bash_operator.py took 0.161 seconds
[2024-02-21T13:38:44.164+0000] {processor.py:161} INFO - Started process (PID=2625) to work on /home/airflow/.local/lib/python3.8/site-packages/airflow/example_dags/example_bash_operator.py
[2024-02-21T13:38:44.166+0000] {processor.py:830} INFO - Processing file /home/airflow/.local/lib/python3.8/site-packages/airflow/example_dags/example_bash_operator.py for tasks to queue
[2024-02-21T13:38:44.169+0000] {logging_mixin.py:188} INFO - [2024-02-21T13:38:44.168+0000] {dagbag.py:538} INFO - Filling up the DagBag from /home/airflow/.local/lib/python3.8/site-packages/airflow/example_dags/example_bash_operator.py
[2024-02-21T13:38:44.189+0000] {processor.py:840} INFO - DAG(s) 'example_bash_operator' retrieved from /home/airflow/.local/lib/python3.8/site-packages/airflow/example_dags/example_bash_operator.py
[2024-02-21T13:38:44.237+0000] {logging_mixin.py:188} INFO - [2024-02-21T13:38:44.236+0000] {dag.py:3036} INFO - Sync 1 DAGs
[2024-02-21T13:38:44.491+0000] {logging_mixin.py:188} INFO - [2024-02-21T13:38:44.491+0000] {dag.py:3823} INFO - Setting next_dagrun for example_bash_operator to 2024-02-20 00:00:00+00:00, run_after=2024-02-21 00:00:00+00:00
[2024-02-21T13:38:44.518+0000] {processor.py:183} INFO - Processing /home/airflow/.local/lib/python3.8/site-packages/airflow/example_dags/example_bash_operator.py took 0.361 seconds
