[2024-02-21T13:15:03.853+0000] {processor.py:161} INFO - Started process (PID=78) to work on /home/airflow/.local/lib/python3.8/site-packages/airflow/example_dags/example_branch_python_dop_operator_3.py
[2024-02-21T13:15:03.855+0000] {processor.py:830} INFO - Processing file /home/airflow/.local/lib/python3.8/site-packages/airflow/example_dags/example_branch_python_dop_operator_3.py for tasks to queue
[2024-02-21T13:15:03.859+0000] {logging_mixin.py:188} INFO - [2024-02-21T13:15:03.858+0000] {dagbag.py:538} INFO - Filling up the DagBag from /home/airflow/.local/lib/python3.8/site-packages/airflow/example_dags/example_branch_python_dop_operator_3.py
[2024-02-21T13:15:03.876+0000] {processor.py:840} INFO - DAG(s) 'example_branch_dop_operator_v3' retrieved from /home/airflow/.local/lib/python3.8/site-packages/airflow/example_dags/example_branch_python_dop_operator_3.py
[2024-02-21T13:15:04.101+0000] {logging_mixin.py:188} INFO - [2024-02-21T13:15:04.100+0000] {override.py:1769} INFO - Created Permission View: can read on DAG:example_branch_dop_operator_v3
[2024-02-21T13:15:04.120+0000] {logging_mixin.py:188} INFO - [2024-02-21T13:15:04.120+0000] {override.py:1769} INFO - Created Permission View: can edit on DAG:example_branch_dop_operator_v3
[2024-02-21T13:15:04.133+0000] {logging_mixin.py:188} INFO - [2024-02-21T13:15:04.132+0000] {override.py:1769} INFO - Created Permission View: can delete on DAG:example_branch_dop_operator_v3
[2024-02-21T13:15:04.133+0000] {logging_mixin.py:188} INFO - [2024-02-21T13:15:04.133+0000] {dag.py:3036} INFO - Sync 1 DAGs
[2024-02-21T13:15:04.157+0000] {logging_mixin.py:188} INFO - [2024-02-21T13:15:04.156+0000] {dag.py:3058} INFO - Creating ORM DAG for example_branch_dop_operator_v3
[2024-02-21T13:15:04.192+0000] {logging_mixin.py:188} INFO - [2024-02-21T13:15:04.191+0000] {dag.py:3823} INFO - Setting next_dagrun for example_branch_dop_operator_v3 to 2024-02-21 13:14:00+00:00, run_after=2024-02-21 13:15:00+00:00
[2024-02-21T13:15:04.228+0000] {processor.py:183} INFO - Processing /home/airflow/.local/lib/python3.8/site-packages/airflow/example_dags/example_branch_python_dop_operator_3.py took 0.381 seconds
[2024-02-21T13:15:34.330+0000] {processor.py:161} INFO - Started process (PID=132) to work on /home/airflow/.local/lib/python3.8/site-packages/airflow/example_dags/example_branch_python_dop_operator_3.py
[2024-02-21T13:15:34.332+0000] {processor.py:830} INFO - Processing file /home/airflow/.local/lib/python3.8/site-packages/airflow/example_dags/example_branch_python_dop_operator_3.py for tasks to queue
[2024-02-21T13:15:34.335+0000] {logging_mixin.py:188} INFO - [2024-02-21T13:15:34.334+0000] {dagbag.py:538} INFO - Filling up the DagBag from /home/airflow/.local/lib/python3.8/site-packages/airflow/example_dags/example_branch_python_dop_operator_3.py
[2024-02-21T13:15:34.351+0000] {processor.py:840} INFO - DAG(s) 'example_branch_dop_operator_v3' retrieved from /home/airflow/.local/lib/python3.8/site-packages/airflow/example_dags/example_branch_python_dop_operator_3.py
[2024-02-21T13:15:34.382+0000] {logging_mixin.py:188} INFO - [2024-02-21T13:15:34.381+0000] {dag.py:3036} INFO - Sync 1 DAGs
[2024-02-21T13:15:34.424+0000] {logging_mixin.py:188} INFO - [2024-02-21T13:15:34.423+0000] {dag.py:3823} INFO - Setting next_dagrun for example_branch_dop_operator_v3 to 2024-02-21 13:14:00+00:00, run_after=2024-02-21 13:15:00+00:00
[2024-02-21T13:15:34.453+0000] {processor.py:183} INFO - Processing /home/airflow/.local/lib/python3.8/site-packages/airflow/example_dags/example_branch_python_dop_operator_3.py took 0.129 seconds
[2024-02-21T13:16:05.049+0000] {processor.py:161} INFO - Started process (PID=186) to work on /home/airflow/.local/lib/python3.8/site-packages/airflow/example_dags/example_branch_python_dop_operator_3.py
[2024-02-21T13:16:05.052+0000] {processor.py:830} INFO - Processing file /home/airflow/.local/lib/python3.8/site-packages/airflow/example_dags/example_branch_python_dop_operator_3.py for tasks to queue
[2024-02-21T13:16:05.056+0000] {logging_mixin.py:188} INFO - [2024-02-21T13:16:05.055+0000] {dagbag.py:538} INFO - Filling up the DagBag from /home/airflow/.local/lib/python3.8/site-packages/airflow/example_dags/example_branch_python_dop_operator_3.py
[2024-02-21T13:16:05.073+0000] {processor.py:840} INFO - DAG(s) 'example_branch_dop_operator_v3' retrieved from /home/airflow/.local/lib/python3.8/site-packages/airflow/example_dags/example_branch_python_dop_operator_3.py
[2024-02-21T13:16:05.115+0000] {logging_mixin.py:188} INFO - [2024-02-21T13:16:05.115+0000] {dag.py:3036} INFO - Sync 1 DAGs
[2024-02-21T13:16:05.166+0000] {logging_mixin.py:188} INFO - [2024-02-21T13:16:05.165+0000] {dag.py:3823} INFO - Setting next_dagrun for example_branch_dop_operator_v3 to 2024-02-21 13:15:00+00:00, run_after=2024-02-21 13:16:00+00:00
[2024-02-21T13:16:05.198+0000] {processor.py:183} INFO - Processing /home/airflow/.local/lib/python3.8/site-packages/airflow/example_dags/example_branch_python_dop_operator_3.py took 0.157 seconds
[2024-02-21T13:16:35.975+0000] {processor.py:161} INFO - Started process (PID=242) to work on /home/airflow/.local/lib/python3.8/site-packages/airflow/example_dags/example_branch_python_dop_operator_3.py
[2024-02-21T13:16:35.977+0000] {processor.py:830} INFO - Processing file /home/airflow/.local/lib/python3.8/site-packages/airflow/example_dags/example_branch_python_dop_operator_3.py for tasks to queue
[2024-02-21T13:16:35.981+0000] {logging_mixin.py:188} INFO - [2024-02-21T13:16:35.981+0000] {dagbag.py:538} INFO - Filling up the DagBag from /home/airflow/.local/lib/python3.8/site-packages/airflow/example_dags/example_branch_python_dop_operator_3.py
[2024-02-21T13:16:36.004+0000] {processor.py:840} INFO - DAG(s) 'example_branch_dop_operator_v3' retrieved from /home/airflow/.local/lib/python3.8/site-packages/airflow/example_dags/example_branch_python_dop_operator_3.py
[2024-02-21T13:16:36.042+0000] {logging_mixin.py:188} INFO - [2024-02-21T13:16:36.042+0000] {dag.py:3036} INFO - Sync 1 DAGs
[2024-02-21T13:16:36.108+0000] {logging_mixin.py:188} INFO - [2024-02-21T13:16:36.107+0000] {dag.py:3823} INFO - Setting next_dagrun for example_branch_dop_operator_v3 to 2024-02-21 13:15:00+00:00, run_after=2024-02-21 13:16:00+00:00
[2024-02-21T13:16:36.143+0000] {processor.py:183} INFO - Processing /home/airflow/.local/lib/python3.8/site-packages/airflow/example_dags/example_branch_python_dop_operator_3.py took 0.176 seconds
[2024-02-21T13:17:06.363+0000] {processor.py:161} INFO - Started process (PID=296) to work on /home/airflow/.local/lib/python3.8/site-packages/airflow/example_dags/example_branch_python_dop_operator_3.py
[2024-02-21T13:17:06.366+0000] {processor.py:830} INFO - Processing file /home/airflow/.local/lib/python3.8/site-packages/airflow/example_dags/example_branch_python_dop_operator_3.py for tasks to queue
[2024-02-21T13:17:06.370+0000] {logging_mixin.py:188} INFO - [2024-02-21T13:17:06.369+0000] {dagbag.py:538} INFO - Filling up the DagBag from /home/airflow/.local/lib/python3.8/site-packages/airflow/example_dags/example_branch_python_dop_operator_3.py
[2024-02-21T13:17:06.390+0000] {processor.py:840} INFO - DAG(s) 'example_branch_dop_operator_v3' retrieved from /home/airflow/.local/lib/python3.8/site-packages/airflow/example_dags/example_branch_python_dop_operator_3.py
[2024-02-21T13:17:06.421+0000] {logging_mixin.py:188} INFO - [2024-02-21T13:17:06.420+0000] {dag.py:3036} INFO - Sync 1 DAGs
[2024-02-21T13:17:06.463+0000] {logging_mixin.py:188} INFO - [2024-02-21T13:17:06.462+0000] {dag.py:3823} INFO - Setting next_dagrun for example_branch_dop_operator_v3 to 2024-02-21 13:16:00+00:00, run_after=2024-02-21 13:17:00+00:00
[2024-02-21T13:17:06.493+0000] {processor.py:183} INFO - Processing /home/airflow/.local/lib/python3.8/site-packages/airflow/example_dags/example_branch_python_dop_operator_3.py took 0.136 seconds
[2024-02-21T13:17:36.659+0000] {processor.py:161} INFO - Started process (PID=352) to work on /home/airflow/.local/lib/python3.8/site-packages/airflow/example_dags/example_branch_python_dop_operator_3.py
[2024-02-21T13:17:36.661+0000] {processor.py:830} INFO - Processing file /home/airflow/.local/lib/python3.8/site-packages/airflow/example_dags/example_branch_python_dop_operator_3.py for tasks to queue
[2024-02-21T13:17:36.666+0000] {logging_mixin.py:188} INFO - [2024-02-21T13:17:36.665+0000] {dagbag.py:538} INFO - Filling up the DagBag from /home/airflow/.local/lib/python3.8/site-packages/airflow/example_dags/example_branch_python_dop_operator_3.py
[2024-02-21T13:17:36.684+0000] {processor.py:840} INFO - DAG(s) 'example_branch_dop_operator_v3' retrieved from /home/airflow/.local/lib/python3.8/site-packages/airflow/example_dags/example_branch_python_dop_operator_3.py
[2024-02-21T13:17:36.716+0000] {logging_mixin.py:188} INFO - [2024-02-21T13:17:36.715+0000] {dag.py:3036} INFO - Sync 1 DAGs
[2024-02-21T13:17:36.759+0000] {logging_mixin.py:188} INFO - [2024-02-21T13:17:36.759+0000] {dag.py:3823} INFO - Setting next_dagrun for example_branch_dop_operator_v3 to 2024-02-21 13:16:00+00:00, run_after=2024-02-21 13:17:00+00:00
[2024-02-21T13:17:36.785+0000] {processor.py:183} INFO - Processing /home/airflow/.local/lib/python3.8/site-packages/airflow/example_dags/example_branch_python_dop_operator_3.py took 0.132 seconds
[2024-02-21T13:18:07.039+0000] {processor.py:161} INFO - Started process (PID=407) to work on /home/airflow/.local/lib/python3.8/site-packages/airflow/example_dags/example_branch_python_dop_operator_3.py
[2024-02-21T13:18:07.040+0000] {processor.py:830} INFO - Processing file /home/airflow/.local/lib/python3.8/site-packages/airflow/example_dags/example_branch_python_dop_operator_3.py for tasks to queue
[2024-02-21T13:18:07.043+0000] {logging_mixin.py:188} INFO - [2024-02-21T13:18:07.043+0000] {dagbag.py:538} INFO - Filling up the DagBag from /home/airflow/.local/lib/python3.8/site-packages/airflow/example_dags/example_branch_python_dop_operator_3.py
[2024-02-21T13:18:07.058+0000] {processor.py:840} INFO - DAG(s) 'example_branch_dop_operator_v3' retrieved from /home/airflow/.local/lib/python3.8/site-packages/airflow/example_dags/example_branch_python_dop_operator_3.py
[2024-02-21T13:18:07.096+0000] {logging_mixin.py:188} INFO - [2024-02-21T13:18:07.096+0000] {dag.py:3036} INFO - Sync 1 DAGs
[2024-02-21T13:18:07.140+0000] {logging_mixin.py:188} INFO - [2024-02-21T13:18:07.140+0000] {dag.py:3823} INFO - Setting next_dagrun for example_branch_dop_operator_v3 to 2024-02-21 13:17:00+00:00, run_after=2024-02-21 13:18:00+00:00
[2024-02-21T13:18:07.169+0000] {processor.py:183} INFO - Processing /home/airflow/.local/lib/python3.8/site-packages/airflow/example_dags/example_branch_python_dop_operator_3.py took 0.136 seconds
[2024-02-21T13:18:37.247+0000] {processor.py:161} INFO - Started process (PID=462) to work on /home/airflow/.local/lib/python3.8/site-packages/airflow/example_dags/example_branch_python_dop_operator_3.py
[2024-02-21T13:18:37.249+0000] {processor.py:830} INFO - Processing file /home/airflow/.local/lib/python3.8/site-packages/airflow/example_dags/example_branch_python_dop_operator_3.py for tasks to queue
[2024-02-21T13:18:37.253+0000] {logging_mixin.py:188} INFO - [2024-02-21T13:18:37.252+0000] {dagbag.py:538} INFO - Filling up the DagBag from /home/airflow/.local/lib/python3.8/site-packages/airflow/example_dags/example_branch_python_dop_operator_3.py
[2024-02-21T13:18:37.269+0000] {processor.py:840} INFO - DAG(s) 'example_branch_dop_operator_v3' retrieved from /home/airflow/.local/lib/python3.8/site-packages/airflow/example_dags/example_branch_python_dop_operator_3.py
[2024-02-21T13:18:37.301+0000] {logging_mixin.py:188} INFO - [2024-02-21T13:18:37.301+0000] {dag.py:3036} INFO - Sync 1 DAGs
[2024-02-21T13:18:37.348+0000] {logging_mixin.py:188} INFO - [2024-02-21T13:18:37.348+0000] {dag.py:3823} INFO - Setting next_dagrun for example_branch_dop_operator_v3 to 2024-02-21 13:17:00+00:00, run_after=2024-02-21 13:18:00+00:00
[2024-02-21T13:18:37.378+0000] {processor.py:183} INFO - Processing /home/airflow/.local/lib/python3.8/site-packages/airflow/example_dags/example_branch_python_dop_operator_3.py took 0.137 seconds
[2024-02-21T13:19:07.715+0000] {processor.py:161} INFO - Started process (PID=517) to work on /home/airflow/.local/lib/python3.8/site-packages/airflow/example_dags/example_branch_python_dop_operator_3.py
[2024-02-21T13:19:07.718+0000] {processor.py:830} INFO - Processing file /home/airflow/.local/lib/python3.8/site-packages/airflow/example_dags/example_branch_python_dop_operator_3.py for tasks to queue
[2024-02-21T13:19:07.722+0000] {logging_mixin.py:188} INFO - [2024-02-21T13:19:07.722+0000] {dagbag.py:538} INFO - Filling up the DagBag from /home/airflow/.local/lib/python3.8/site-packages/airflow/example_dags/example_branch_python_dop_operator_3.py
[2024-02-21T13:19:07.746+0000] {processor.py:840} INFO - DAG(s) 'example_branch_dop_operator_v3' retrieved from /home/airflow/.local/lib/python3.8/site-packages/airflow/example_dags/example_branch_python_dop_operator_3.py
[2024-02-21T13:19:07.785+0000] {logging_mixin.py:188} INFO - [2024-02-21T13:19:07.784+0000] {dag.py:3036} INFO - Sync 1 DAGs
[2024-02-21T13:19:07.829+0000] {logging_mixin.py:188} INFO - [2024-02-21T13:19:07.828+0000] {dag.py:3823} INFO - Setting next_dagrun for example_branch_dop_operator_v3 to 2024-02-21 13:18:00+00:00, run_after=2024-02-21 13:19:00+00:00
[2024-02-21T13:19:07.854+0000] {processor.py:183} INFO - Processing /home/airflow/.local/lib/python3.8/site-packages/airflow/example_dags/example_branch_python_dop_operator_3.py took 0.148 seconds
[2024-02-21T13:19:38.020+0000] {processor.py:161} INFO - Started process (PID=572) to work on /home/airflow/.local/lib/python3.8/site-packages/airflow/example_dags/example_branch_python_dop_operator_3.py
[2024-02-21T13:19:38.021+0000] {processor.py:830} INFO - Processing file /home/airflow/.local/lib/python3.8/site-packages/airflow/example_dags/example_branch_python_dop_operator_3.py for tasks to queue
[2024-02-21T13:19:38.024+0000] {logging_mixin.py:188} INFO - [2024-02-21T13:19:38.024+0000] {dagbag.py:538} INFO - Filling up the DagBag from /home/airflow/.local/lib/python3.8/site-packages/airflow/example_dags/example_branch_python_dop_operator_3.py
[2024-02-21T13:19:38.039+0000] {processor.py:840} INFO - DAG(s) 'example_branch_dop_operator_v3' retrieved from /home/airflow/.local/lib/python3.8/site-packages/airflow/example_dags/example_branch_python_dop_operator_3.py
[2024-02-21T13:19:38.104+0000] {logging_mixin.py:188} INFO - [2024-02-21T13:19:38.104+0000] {dag.py:3036} INFO - Sync 1 DAGs
[2024-02-21T13:19:38.186+0000] {logging_mixin.py:188} INFO - [2024-02-21T13:19:38.186+0000] {dag.py:3823} INFO - Setting next_dagrun for example_branch_dop_operator_v3 to 2024-02-21 13:18:00+00:00, run_after=2024-02-21 13:19:00+00:00
[2024-02-21T13:19:38.218+0000] {processor.py:183} INFO - Processing /home/airflow/.local/lib/python3.8/site-packages/airflow/example_dags/example_branch_python_dop_operator_3.py took 0.206 seconds
[2024-02-21T13:20:08.808+0000] {processor.py:161} INFO - Started process (PID=627) to work on /home/airflow/.local/lib/python3.8/site-packages/airflow/example_dags/example_branch_python_dop_operator_3.py
[2024-02-21T13:20:08.811+0000] {processor.py:830} INFO - Processing file /home/airflow/.local/lib/python3.8/site-packages/airflow/example_dags/example_branch_python_dop_operator_3.py for tasks to queue
[2024-02-21T13:20:08.815+0000] {logging_mixin.py:188} INFO - [2024-02-21T13:20:08.814+0000] {dagbag.py:538} INFO - Filling up the DagBag from /home/airflow/.local/lib/python3.8/site-packages/airflow/example_dags/example_branch_python_dop_operator_3.py
[2024-02-21T13:20:08.834+0000] {processor.py:840} INFO - DAG(s) 'example_branch_dop_operator_v3' retrieved from /home/airflow/.local/lib/python3.8/site-packages/airflow/example_dags/example_branch_python_dop_operator_3.py
[2024-02-21T13:20:08.878+0000] {logging_mixin.py:188} INFO - [2024-02-21T13:20:08.878+0000] {dag.py:3036} INFO - Sync 1 DAGs
[2024-02-21T13:20:08.950+0000] {logging_mixin.py:188} INFO - [2024-02-21T13:20:08.950+0000] {dag.py:3823} INFO - Setting next_dagrun for example_branch_dop_operator_v3 to 2024-02-21 13:19:00+00:00, run_after=2024-02-21 13:20:00+00:00
[2024-02-21T13:20:08.976+0000] {processor.py:183} INFO - Processing /home/airflow/.local/lib/python3.8/site-packages/airflow/example_dags/example_branch_python_dop_operator_3.py took 0.176 seconds
[2024-02-21T13:20:39.724+0000] {processor.py:161} INFO - Started process (PID=681) to work on /home/airflow/.local/lib/python3.8/site-packages/airflow/example_dags/example_branch_python_dop_operator_3.py
[2024-02-21T13:20:39.726+0000] {processor.py:830} INFO - Processing file /home/airflow/.local/lib/python3.8/site-packages/airflow/example_dags/example_branch_python_dop_operator_3.py for tasks to queue
[2024-02-21T13:20:39.729+0000] {logging_mixin.py:188} INFO - [2024-02-21T13:20:39.729+0000] {dagbag.py:538} INFO - Filling up the DagBag from /home/airflow/.local/lib/python3.8/site-packages/airflow/example_dags/example_branch_python_dop_operator_3.py
[2024-02-21T13:20:39.749+0000] {processor.py:840} INFO - DAG(s) 'example_branch_dop_operator_v3' retrieved from /home/airflow/.local/lib/python3.8/site-packages/airflow/example_dags/example_branch_python_dop_operator_3.py
[2024-02-21T13:20:39.782+0000] {logging_mixin.py:188} INFO - [2024-02-21T13:20:39.782+0000] {dag.py:3036} INFO - Sync 1 DAGs
[2024-02-21T13:20:39.827+0000] {logging_mixin.py:188} INFO - [2024-02-21T13:20:39.826+0000] {dag.py:3823} INFO - Setting next_dagrun for example_branch_dop_operator_v3 to 2024-02-21 13:19:00+00:00, run_after=2024-02-21 13:20:00+00:00
[2024-02-21T13:20:39.862+0000] {processor.py:183} INFO - Processing /home/airflow/.local/lib/python3.8/site-packages/airflow/example_dags/example_branch_python_dop_operator_3.py took 0.146 seconds
[2024-02-21T13:21:10.514+0000] {processor.py:161} INFO - Started process (PID=737) to work on /home/airflow/.local/lib/python3.8/site-packages/airflow/example_dags/example_branch_python_dop_operator_3.py
[2024-02-21T13:21:10.517+0000] {processor.py:830} INFO - Processing file /home/airflow/.local/lib/python3.8/site-packages/airflow/example_dags/example_branch_python_dop_operator_3.py for tasks to queue
[2024-02-21T13:21:10.521+0000] {logging_mixin.py:188} INFO - [2024-02-21T13:21:10.520+0000] {dagbag.py:538} INFO - Filling up the DagBag from /home/airflow/.local/lib/python3.8/site-packages/airflow/example_dags/example_branch_python_dop_operator_3.py
[2024-02-21T13:21:10.540+0000] {processor.py:840} INFO - DAG(s) 'example_branch_dop_operator_v3' retrieved from /home/airflow/.local/lib/python3.8/site-packages/airflow/example_dags/example_branch_python_dop_operator_3.py
[2024-02-21T13:21:10.584+0000] {logging_mixin.py:188} INFO - [2024-02-21T13:21:10.583+0000] {dag.py:3036} INFO - Sync 1 DAGs
[2024-02-21T13:21:10.646+0000] {logging_mixin.py:188} INFO - [2024-02-21T13:21:10.645+0000] {dag.py:3823} INFO - Setting next_dagrun for example_branch_dop_operator_v3 to 2024-02-21 13:20:00+00:00, run_after=2024-02-21 13:21:00+00:00
[2024-02-21T13:21:10.692+0000] {processor.py:183} INFO - Processing /home/airflow/.local/lib/python3.8/site-packages/airflow/example_dags/example_branch_python_dop_operator_3.py took 0.185 seconds
[2024-02-21T13:21:41.334+0000] {processor.py:161} INFO - Started process (PID=791) to work on /home/airflow/.local/lib/python3.8/site-packages/airflow/example_dags/example_branch_python_dop_operator_3.py
[2024-02-21T13:21:41.336+0000] {processor.py:830} INFO - Processing file /home/airflow/.local/lib/python3.8/site-packages/airflow/example_dags/example_branch_python_dop_operator_3.py for tasks to queue
[2024-02-21T13:21:41.339+0000] {logging_mixin.py:188} INFO - [2024-02-21T13:21:41.338+0000] {dagbag.py:538} INFO - Filling up the DagBag from /home/airflow/.local/lib/python3.8/site-packages/airflow/example_dags/example_branch_python_dop_operator_3.py
[2024-02-21T13:21:41.355+0000] {processor.py:840} INFO - DAG(s) 'example_branch_dop_operator_v3' retrieved from /home/airflow/.local/lib/python3.8/site-packages/airflow/example_dags/example_branch_python_dop_operator_3.py
[2024-02-21T13:21:41.388+0000] {logging_mixin.py:188} INFO - [2024-02-21T13:21:41.388+0000] {dag.py:3036} INFO - Sync 1 DAGs
[2024-02-21T13:21:41.434+0000] {logging_mixin.py:188} INFO - [2024-02-21T13:21:41.434+0000] {dag.py:3823} INFO - Setting next_dagrun for example_branch_dop_operator_v3 to 2024-02-21 13:20:00+00:00, run_after=2024-02-21 13:21:00+00:00
[2024-02-21T13:21:41.465+0000] {processor.py:183} INFO - Processing /home/airflow/.local/lib/python3.8/site-packages/airflow/example_dags/example_branch_python_dop_operator_3.py took 0.137 seconds
[2024-02-21T13:22:12.359+0000] {processor.py:161} INFO - Started process (PID=846) to work on /home/airflow/.local/lib/python3.8/site-packages/airflow/example_dags/example_branch_python_dop_operator_3.py
[2024-02-21T13:22:12.362+0000] {processor.py:830} INFO - Processing file /home/airflow/.local/lib/python3.8/site-packages/airflow/example_dags/example_branch_python_dop_operator_3.py for tasks to queue
[2024-02-21T13:22:12.365+0000] {logging_mixin.py:188} INFO - [2024-02-21T13:22:12.365+0000] {dagbag.py:538} INFO - Filling up the DagBag from /home/airflow/.local/lib/python3.8/site-packages/airflow/example_dags/example_branch_python_dop_operator_3.py
[2024-02-21T13:22:12.383+0000] {processor.py:840} INFO - DAG(s) 'example_branch_dop_operator_v3' retrieved from /home/airflow/.local/lib/python3.8/site-packages/airflow/example_dags/example_branch_python_dop_operator_3.py
[2024-02-21T13:22:12.416+0000] {logging_mixin.py:188} INFO - [2024-02-21T13:22:12.416+0000] {dag.py:3036} INFO - Sync 1 DAGs
[2024-02-21T13:22:12.459+0000] {logging_mixin.py:188} INFO - [2024-02-21T13:22:12.458+0000] {dag.py:3823} INFO - Setting next_dagrun for example_branch_dop_operator_v3 to 2024-02-21 13:21:00+00:00, run_after=2024-02-21 13:22:00+00:00
[2024-02-21T13:22:12.491+0000] {processor.py:183} INFO - Processing /home/airflow/.local/lib/python3.8/site-packages/airflow/example_dags/example_branch_python_dop_operator_3.py took 0.138 seconds
[2024-02-21T13:22:42.883+0000] {processor.py:161} INFO - Started process (PID=901) to work on /home/airflow/.local/lib/python3.8/site-packages/airflow/example_dags/example_branch_python_dop_operator_3.py
[2024-02-21T13:22:42.885+0000] {processor.py:830} INFO - Processing file /home/airflow/.local/lib/python3.8/site-packages/airflow/example_dags/example_branch_python_dop_operator_3.py for tasks to queue
[2024-02-21T13:22:42.888+0000] {logging_mixin.py:188} INFO - [2024-02-21T13:22:42.888+0000] {dagbag.py:538} INFO - Filling up the DagBag from /home/airflow/.local/lib/python3.8/site-packages/airflow/example_dags/example_branch_python_dop_operator_3.py
[2024-02-21T13:22:42.904+0000] {processor.py:840} INFO - DAG(s) 'example_branch_dop_operator_v3' retrieved from /home/airflow/.local/lib/python3.8/site-packages/airflow/example_dags/example_branch_python_dop_operator_3.py
[2024-02-21T13:22:42.937+0000] {logging_mixin.py:188} INFO - [2024-02-21T13:22:42.937+0000] {dag.py:3036} INFO - Sync 1 DAGs
[2024-02-21T13:22:42.989+0000] {logging_mixin.py:188} INFO - [2024-02-21T13:22:42.988+0000] {dag.py:3823} INFO - Setting next_dagrun for example_branch_dop_operator_v3 to 2024-02-21 13:21:00+00:00, run_after=2024-02-21 13:22:00+00:00
[2024-02-21T13:22:43.026+0000] {processor.py:183} INFO - Processing /home/airflow/.local/lib/python3.8/site-packages/airflow/example_dags/example_branch_python_dop_operator_3.py took 0.150 seconds
[2024-02-21T13:23:13.093+0000] {processor.py:161} INFO - Started process (PID=956) to work on /home/airflow/.local/lib/python3.8/site-packages/airflow/example_dags/example_branch_python_dop_operator_3.py
[2024-02-21T13:23:13.095+0000] {processor.py:830} INFO - Processing file /home/airflow/.local/lib/python3.8/site-packages/airflow/example_dags/example_branch_python_dop_operator_3.py for tasks to queue
[2024-02-21T13:23:13.099+0000] {logging_mixin.py:188} INFO - [2024-02-21T13:23:13.098+0000] {dagbag.py:538} INFO - Filling up the DagBag from /home/airflow/.local/lib/python3.8/site-packages/airflow/example_dags/example_branch_python_dop_operator_3.py
[2024-02-21T13:23:13.118+0000] {processor.py:840} INFO - DAG(s) 'example_branch_dop_operator_v3' retrieved from /home/airflow/.local/lib/python3.8/site-packages/airflow/example_dags/example_branch_python_dop_operator_3.py
[2024-02-21T13:23:13.158+0000] {logging_mixin.py:188} INFO - [2024-02-21T13:23:13.158+0000] {dag.py:3036} INFO - Sync 1 DAGs
[2024-02-21T13:23:13.233+0000] {logging_mixin.py:188} INFO - [2024-02-21T13:23:13.233+0000] {dag.py:3823} INFO - Setting next_dagrun for example_branch_dop_operator_v3 to 2024-02-21 13:22:00+00:00, run_after=2024-02-21 13:23:00+00:00
[2024-02-21T13:23:13.270+0000] {processor.py:183} INFO - Processing /home/airflow/.local/lib/python3.8/site-packages/airflow/example_dags/example_branch_python_dop_operator_3.py took 0.186 seconds
[2024-02-21T13:23:43.362+0000] {processor.py:161} INFO - Started process (PID=1011) to work on /home/airflow/.local/lib/python3.8/site-packages/airflow/example_dags/example_branch_python_dop_operator_3.py
[2024-02-21T13:23:43.365+0000] {processor.py:830} INFO - Processing file /home/airflow/.local/lib/python3.8/site-packages/airflow/example_dags/example_branch_python_dop_operator_3.py for tasks to queue
[2024-02-21T13:23:43.368+0000] {logging_mixin.py:188} INFO - [2024-02-21T13:23:43.368+0000] {dagbag.py:538} INFO - Filling up the DagBag from /home/airflow/.local/lib/python3.8/site-packages/airflow/example_dags/example_branch_python_dop_operator_3.py
[2024-02-21T13:23:43.384+0000] {processor.py:840} INFO - DAG(s) 'example_branch_dop_operator_v3' retrieved from /home/airflow/.local/lib/python3.8/site-packages/airflow/example_dags/example_branch_python_dop_operator_3.py
[2024-02-21T13:23:43.438+0000] {logging_mixin.py:188} INFO - [2024-02-21T13:23:43.437+0000] {dag.py:3036} INFO - Sync 1 DAGs
[2024-02-21T13:23:43.495+0000] {logging_mixin.py:188} INFO - [2024-02-21T13:23:43.495+0000] {dag.py:3823} INFO - Setting next_dagrun for example_branch_dop_operator_v3 to 2024-02-21 13:22:00+00:00, run_after=2024-02-21 13:23:00+00:00
[2024-02-21T13:23:43.527+0000] {processor.py:183} INFO - Processing /home/airflow/.local/lib/python3.8/site-packages/airflow/example_dags/example_branch_python_dop_operator_3.py took 0.171 seconds
[2024-02-21T13:24:14.074+0000] {processor.py:161} INFO - Started process (PID=1066) to work on /home/airflow/.local/lib/python3.8/site-packages/airflow/example_dags/example_branch_python_dop_operator_3.py
[2024-02-21T13:24:14.077+0000] {processor.py:830} INFO - Processing file /home/airflow/.local/lib/python3.8/site-packages/airflow/example_dags/example_branch_python_dop_operator_3.py for tasks to queue
[2024-02-21T13:24:14.081+0000] {logging_mixin.py:188} INFO - [2024-02-21T13:24:14.080+0000] {dagbag.py:538} INFO - Filling up the DagBag from /home/airflow/.local/lib/python3.8/site-packages/airflow/example_dags/example_branch_python_dop_operator_3.py
[2024-02-21T13:24:14.100+0000] {processor.py:840} INFO - DAG(s) 'example_branch_dop_operator_v3' retrieved from /home/airflow/.local/lib/python3.8/site-packages/airflow/example_dags/example_branch_python_dop_operator_3.py
[2024-02-21T13:24:14.136+0000] {logging_mixin.py:188} INFO - [2024-02-21T13:24:14.135+0000] {dag.py:3036} INFO - Sync 1 DAGs
[2024-02-21T13:24:14.217+0000] {logging_mixin.py:188} INFO - [2024-02-21T13:24:14.216+0000] {dag.py:3823} INFO - Setting next_dagrun for example_branch_dop_operator_v3 to 2024-02-21 13:23:00+00:00, run_after=2024-02-21 13:24:00+00:00
[2024-02-21T13:24:14.258+0000] {processor.py:183} INFO - Processing /home/airflow/.local/lib/python3.8/site-packages/airflow/example_dags/example_branch_python_dop_operator_3.py took 0.189 seconds
[2024-02-21T13:24:44.724+0000] {processor.py:161} INFO - Started process (PID=1121) to work on /home/airflow/.local/lib/python3.8/site-packages/airflow/example_dags/example_branch_python_dop_operator_3.py
[2024-02-21T13:24:44.726+0000] {processor.py:830} INFO - Processing file /home/airflow/.local/lib/python3.8/site-packages/airflow/example_dags/example_branch_python_dop_operator_3.py for tasks to queue
[2024-02-21T13:24:44.730+0000] {logging_mixin.py:188} INFO - [2024-02-21T13:24:44.730+0000] {dagbag.py:538} INFO - Filling up the DagBag from /home/airflow/.local/lib/python3.8/site-packages/airflow/example_dags/example_branch_python_dop_operator_3.py
[2024-02-21T13:24:44.750+0000] {processor.py:840} INFO - DAG(s) 'example_branch_dop_operator_v3' retrieved from /home/airflow/.local/lib/python3.8/site-packages/airflow/example_dags/example_branch_python_dop_operator_3.py
[2024-02-21T13:24:44.784+0000] {logging_mixin.py:188} INFO - [2024-02-21T13:24:44.784+0000] {dag.py:3036} INFO - Sync 1 DAGs
[2024-02-21T13:24:44.831+0000] {logging_mixin.py:188} INFO - [2024-02-21T13:24:44.830+0000] {dag.py:3823} INFO - Setting next_dagrun for example_branch_dop_operator_v3 to 2024-02-21 13:23:00+00:00, run_after=2024-02-21 13:24:00+00:00
[2024-02-21T13:24:44.863+0000] {processor.py:183} INFO - Processing /home/airflow/.local/lib/python3.8/site-packages/airflow/example_dags/example_branch_python_dop_operator_3.py took 0.145 seconds
[2024-02-21T13:25:15.124+0000] {processor.py:161} INFO - Started process (PID=1177) to work on /home/airflow/.local/lib/python3.8/site-packages/airflow/example_dags/example_branch_python_dop_operator_3.py
[2024-02-21T13:25:15.126+0000] {processor.py:830} INFO - Processing file /home/airflow/.local/lib/python3.8/site-packages/airflow/example_dags/example_branch_python_dop_operator_3.py for tasks to queue
[2024-02-21T13:25:15.130+0000] {logging_mixin.py:188} INFO - [2024-02-21T13:25:15.130+0000] {dagbag.py:538} INFO - Filling up the DagBag from /home/airflow/.local/lib/python3.8/site-packages/airflow/example_dags/example_branch_python_dop_operator_3.py
[2024-02-21T13:25:15.151+0000] {processor.py:840} INFO - DAG(s) 'example_branch_dop_operator_v3' retrieved from /home/airflow/.local/lib/python3.8/site-packages/airflow/example_dags/example_branch_python_dop_operator_3.py
[2024-02-21T13:25:15.184+0000] {logging_mixin.py:188} INFO - [2024-02-21T13:25:15.183+0000] {dag.py:3036} INFO - Sync 1 DAGs
[2024-02-21T13:25:15.235+0000] {logging_mixin.py:188} INFO - [2024-02-21T13:25:15.235+0000] {dag.py:3823} INFO - Setting next_dagrun for example_branch_dop_operator_v3 to 2024-02-21 13:24:00+00:00, run_after=2024-02-21 13:25:00+00:00
[2024-02-21T13:25:15.271+0000] {processor.py:183} INFO - Processing /home/airflow/.local/lib/python3.8/site-packages/airflow/example_dags/example_branch_python_dop_operator_3.py took 0.155 seconds
[2024-02-21T13:25:45.449+0000] {processor.py:161} INFO - Started process (PID=1232) to work on /home/airflow/.local/lib/python3.8/site-packages/airflow/example_dags/example_branch_python_dop_operator_3.py
[2024-02-21T13:25:45.451+0000] {processor.py:830} INFO - Processing file /home/airflow/.local/lib/python3.8/site-packages/airflow/example_dags/example_branch_python_dop_operator_3.py for tasks to queue
[2024-02-21T13:25:45.454+0000] {logging_mixin.py:188} INFO - [2024-02-21T13:25:45.453+0000] {dagbag.py:538} INFO - Filling up the DagBag from /home/airflow/.local/lib/python3.8/site-packages/airflow/example_dags/example_branch_python_dop_operator_3.py
[2024-02-21T13:25:45.469+0000] {processor.py:840} INFO - DAG(s) 'example_branch_dop_operator_v3' retrieved from /home/airflow/.local/lib/python3.8/site-packages/airflow/example_dags/example_branch_python_dop_operator_3.py
[2024-02-21T13:25:45.510+0000] {logging_mixin.py:188} INFO - [2024-02-21T13:25:45.510+0000] {dag.py:3036} INFO - Sync 1 DAGs
[2024-02-21T13:25:45.555+0000] {logging_mixin.py:188} INFO - [2024-02-21T13:25:45.555+0000] {dag.py:3823} INFO - Setting next_dagrun for example_branch_dop_operator_v3 to 2024-02-21 13:24:00+00:00, run_after=2024-02-21 13:25:00+00:00
[2024-02-21T13:25:45.586+0000] {processor.py:183} INFO - Processing /home/airflow/.local/lib/python3.8/site-packages/airflow/example_dags/example_branch_python_dop_operator_3.py took 0.143 seconds
[2024-02-21T13:26:15.718+0000] {processor.py:161} INFO - Started process (PID=1287) to work on /home/airflow/.local/lib/python3.8/site-packages/airflow/example_dags/example_branch_python_dop_operator_3.py
[2024-02-21T13:26:15.721+0000] {processor.py:830} INFO - Processing file /home/airflow/.local/lib/python3.8/site-packages/airflow/example_dags/example_branch_python_dop_operator_3.py for tasks to queue
[2024-02-21T13:26:15.725+0000] {logging_mixin.py:188} INFO - [2024-02-21T13:26:15.724+0000] {dagbag.py:538} INFO - Filling up the DagBag from /home/airflow/.local/lib/python3.8/site-packages/airflow/example_dags/example_branch_python_dop_operator_3.py
[2024-02-21T13:26:15.745+0000] {processor.py:840} INFO - DAG(s) 'example_branch_dop_operator_v3' retrieved from /home/airflow/.local/lib/python3.8/site-packages/airflow/example_dags/example_branch_python_dop_operator_3.py
[2024-02-21T13:26:15.788+0000] {logging_mixin.py:188} INFO - [2024-02-21T13:26:15.788+0000] {dag.py:3036} INFO - Sync 1 DAGs
[2024-02-21T13:26:15.854+0000] {logging_mixin.py:188} INFO - [2024-02-21T13:26:15.854+0000] {dag.py:3823} INFO - Setting next_dagrun for example_branch_dop_operator_v3 to 2024-02-21 13:25:00+00:00, run_after=2024-02-21 13:26:00+00:00
[2024-02-21T13:26:15.895+0000] {processor.py:183} INFO - Processing /home/airflow/.local/lib/python3.8/site-packages/airflow/example_dags/example_branch_python_dop_operator_3.py took 0.184 seconds
[2024-02-21T13:26:46.228+0000] {processor.py:161} INFO - Started process (PID=1343) to work on /home/airflow/.local/lib/python3.8/site-packages/airflow/example_dags/example_branch_python_dop_operator_3.py
[2024-02-21T13:26:46.230+0000] {processor.py:830} INFO - Processing file /home/airflow/.local/lib/python3.8/site-packages/airflow/example_dags/example_branch_python_dop_operator_3.py for tasks to queue
[2024-02-21T13:26:46.233+0000] {logging_mixin.py:188} INFO - [2024-02-21T13:26:46.233+0000] {dagbag.py:538} INFO - Filling up the DagBag from /home/airflow/.local/lib/python3.8/site-packages/airflow/example_dags/example_branch_python_dop_operator_3.py
[2024-02-21T13:26:46.248+0000] {processor.py:840} INFO - DAG(s) 'example_branch_dop_operator_v3' retrieved from /home/airflow/.local/lib/python3.8/site-packages/airflow/example_dags/example_branch_python_dop_operator_3.py
[2024-02-21T13:26:46.281+0000] {logging_mixin.py:188} INFO - [2024-02-21T13:26:46.280+0000] {dag.py:3036} INFO - Sync 1 DAGs
[2024-02-21T13:26:46.331+0000] {logging_mixin.py:188} INFO - [2024-02-21T13:26:46.331+0000] {dag.py:3823} INFO - Setting next_dagrun for example_branch_dop_operator_v3 to 2024-02-21 13:25:00+00:00, run_after=2024-02-21 13:26:00+00:00
[2024-02-21T13:26:46.360+0000] {processor.py:183} INFO - Processing /home/airflow/.local/lib/python3.8/site-packages/airflow/example_dags/example_branch_python_dop_operator_3.py took 0.138 seconds
[2024-02-21T13:27:17.122+0000] {processor.py:161} INFO - Started process (PID=1398) to work on /home/airflow/.local/lib/python3.8/site-packages/airflow/example_dags/example_branch_python_dop_operator_3.py
[2024-02-21T13:27:17.125+0000] {processor.py:830} INFO - Processing file /home/airflow/.local/lib/python3.8/site-packages/airflow/example_dags/example_branch_python_dop_operator_3.py for tasks to queue
[2024-02-21T13:27:17.128+0000] {logging_mixin.py:188} INFO - [2024-02-21T13:27:17.127+0000] {dagbag.py:538} INFO - Filling up the DagBag from /home/airflow/.local/lib/python3.8/site-packages/airflow/example_dags/example_branch_python_dop_operator_3.py
[2024-02-21T13:27:17.148+0000] {processor.py:840} INFO - DAG(s) 'example_branch_dop_operator_v3' retrieved from /home/airflow/.local/lib/python3.8/site-packages/airflow/example_dags/example_branch_python_dop_operator_3.py
[2024-02-21T13:27:17.182+0000] {logging_mixin.py:188} INFO - [2024-02-21T13:27:17.182+0000] {dag.py:3036} INFO - Sync 1 DAGs
[2024-02-21T13:27:17.226+0000] {logging_mixin.py:188} INFO - [2024-02-21T13:27:17.226+0000] {dag.py:3823} INFO - Setting next_dagrun for example_branch_dop_operator_v3 to 2024-02-21 13:26:00+00:00, run_after=2024-02-21 13:27:00+00:00
[2024-02-21T13:27:17.256+0000] {processor.py:183} INFO - Processing /home/airflow/.local/lib/python3.8/site-packages/airflow/example_dags/example_branch_python_dop_operator_3.py took 0.141 seconds
[2024-02-21T13:27:47.464+0000] {processor.py:161} INFO - Started process (PID=1454) to work on /home/airflow/.local/lib/python3.8/site-packages/airflow/example_dags/example_branch_python_dop_operator_3.py
[2024-02-21T13:27:47.465+0000] {processor.py:830} INFO - Processing file /home/airflow/.local/lib/python3.8/site-packages/airflow/example_dags/example_branch_python_dop_operator_3.py for tasks to queue
[2024-02-21T13:27:47.468+0000] {logging_mixin.py:188} INFO - [2024-02-21T13:27:47.468+0000] {dagbag.py:538} INFO - Filling up the DagBag from /home/airflow/.local/lib/python3.8/site-packages/airflow/example_dags/example_branch_python_dop_operator_3.py
[2024-02-21T13:27:47.487+0000] {processor.py:840} INFO - DAG(s) 'example_branch_dop_operator_v3' retrieved from /home/airflow/.local/lib/python3.8/site-packages/airflow/example_dags/example_branch_python_dop_operator_3.py
[2024-02-21T13:27:47.527+0000] {logging_mixin.py:188} INFO - [2024-02-21T13:27:47.527+0000] {dag.py:3036} INFO - Sync 1 DAGs
[2024-02-21T13:27:47.586+0000] {logging_mixin.py:188} INFO - [2024-02-21T13:27:47.585+0000] {dag.py:3823} INFO - Setting next_dagrun for example_branch_dop_operator_v3 to 2024-02-21 13:26:00+00:00, run_after=2024-02-21 13:27:00+00:00
[2024-02-21T13:27:47.615+0000] {processor.py:183} INFO - Processing /home/airflow/.local/lib/python3.8/site-packages/airflow/example_dags/example_branch_python_dop_operator_3.py took 0.157 seconds
[2024-02-21T13:28:18.033+0000] {processor.py:161} INFO - Started process (PID=1510) to work on /home/airflow/.local/lib/python3.8/site-packages/airflow/example_dags/example_branch_python_dop_operator_3.py
[2024-02-21T13:28:18.034+0000] {processor.py:830} INFO - Processing file /home/airflow/.local/lib/python3.8/site-packages/airflow/example_dags/example_branch_python_dop_operator_3.py for tasks to queue
[2024-02-21T13:28:18.037+0000] {logging_mixin.py:188} INFO - [2024-02-21T13:28:18.037+0000] {dagbag.py:538} INFO - Filling up the DagBag from /home/airflow/.local/lib/python3.8/site-packages/airflow/example_dags/example_branch_python_dop_operator_3.py
[2024-02-21T13:28:18.052+0000] {processor.py:840} INFO - DAG(s) 'example_branch_dop_operator_v3' retrieved from /home/airflow/.local/lib/python3.8/site-packages/airflow/example_dags/example_branch_python_dop_operator_3.py
[2024-02-21T13:28:18.084+0000] {logging_mixin.py:188} INFO - [2024-02-21T13:28:18.084+0000] {dag.py:3036} INFO - Sync 1 DAGs
[2024-02-21T13:28:18.124+0000] {logging_mixin.py:188} INFO - [2024-02-21T13:28:18.124+0000] {dag.py:3823} INFO - Setting next_dagrun for example_branch_dop_operator_v3 to 2024-02-21 13:27:00+00:00, run_after=2024-02-21 13:28:00+00:00
[2024-02-21T13:28:18.153+0000] {processor.py:183} INFO - Processing /home/airflow/.local/lib/python3.8/site-packages/airflow/example_dags/example_branch_python_dop_operator_3.py took 0.129 seconds
[2024-02-21T13:28:48.260+0000] {processor.py:161} INFO - Started process (PID=1565) to work on /home/airflow/.local/lib/python3.8/site-packages/airflow/example_dags/example_branch_python_dop_operator_3.py
[2024-02-21T13:28:48.263+0000] {processor.py:830} INFO - Processing file /home/airflow/.local/lib/python3.8/site-packages/airflow/example_dags/example_branch_python_dop_operator_3.py for tasks to queue
[2024-02-21T13:28:48.266+0000] {logging_mixin.py:188} INFO - [2024-02-21T13:28:48.266+0000] {dagbag.py:538} INFO - Filling up the DagBag from /home/airflow/.local/lib/python3.8/site-packages/airflow/example_dags/example_branch_python_dop_operator_3.py
[2024-02-21T13:28:48.285+0000] {processor.py:840} INFO - DAG(s) 'example_branch_dop_operator_v3' retrieved from /home/airflow/.local/lib/python3.8/site-packages/airflow/example_dags/example_branch_python_dop_operator_3.py
[2024-02-21T13:28:48.322+0000] {logging_mixin.py:188} INFO - [2024-02-21T13:28:48.322+0000] {dag.py:3036} INFO - Sync 1 DAGs
[2024-02-21T13:28:48.374+0000] {logging_mixin.py:188} INFO - [2024-02-21T13:28:48.374+0000] {dag.py:3823} INFO - Setting next_dagrun for example_branch_dop_operator_v3 to 2024-02-21 13:27:00+00:00, run_after=2024-02-21 13:28:00+00:00
[2024-02-21T13:28:48.402+0000] {processor.py:183} INFO - Processing /home/airflow/.local/lib/python3.8/site-packages/airflow/example_dags/example_branch_python_dop_operator_3.py took 0.148 seconds
[2024-02-21T13:29:19.049+0000] {processor.py:161} INFO - Started process (PID=1620) to work on /home/airflow/.local/lib/python3.8/site-packages/airflow/example_dags/example_branch_python_dop_operator_3.py
[2024-02-21T13:29:19.051+0000] {processor.py:830} INFO - Processing file /home/airflow/.local/lib/python3.8/site-packages/airflow/example_dags/example_branch_python_dop_operator_3.py for tasks to queue
[2024-02-21T13:29:19.054+0000] {logging_mixin.py:188} INFO - [2024-02-21T13:29:19.053+0000] {dagbag.py:538} INFO - Filling up the DagBag from /home/airflow/.local/lib/python3.8/site-packages/airflow/example_dags/example_branch_python_dop_operator_3.py
[2024-02-21T13:29:19.069+0000] {processor.py:840} INFO - DAG(s) 'example_branch_dop_operator_v3' retrieved from /home/airflow/.local/lib/python3.8/site-packages/airflow/example_dags/example_branch_python_dop_operator_3.py
[2024-02-21T13:29:19.102+0000] {logging_mixin.py:188} INFO - [2024-02-21T13:29:19.102+0000] {dag.py:3036} INFO - Sync 1 DAGs
[2024-02-21T13:29:19.157+0000] {logging_mixin.py:188} INFO - [2024-02-21T13:29:19.157+0000] {dag.py:3823} INFO - Setting next_dagrun for example_branch_dop_operator_v3 to 2024-02-21 13:28:00+00:00, run_after=2024-02-21 13:29:00+00:00
[2024-02-21T13:29:19.194+0000] {processor.py:183} INFO - Processing /home/airflow/.local/lib/python3.8/site-packages/airflow/example_dags/example_branch_python_dop_operator_3.py took 0.152 seconds
[2024-02-21T13:29:49.582+0000] {processor.py:161} INFO - Started process (PID=1675) to work on /home/airflow/.local/lib/python3.8/site-packages/airflow/example_dags/example_branch_python_dop_operator_3.py
[2024-02-21T13:29:49.584+0000] {processor.py:830} INFO - Processing file /home/airflow/.local/lib/python3.8/site-packages/airflow/example_dags/example_branch_python_dop_operator_3.py for tasks to queue
[2024-02-21T13:29:49.587+0000] {logging_mixin.py:188} INFO - [2024-02-21T13:29:49.586+0000] {dagbag.py:538} INFO - Filling up the DagBag from /home/airflow/.local/lib/python3.8/site-packages/airflow/example_dags/example_branch_python_dop_operator_3.py
[2024-02-21T13:29:49.605+0000] {processor.py:840} INFO - DAG(s) 'example_branch_dop_operator_v3' retrieved from /home/airflow/.local/lib/python3.8/site-packages/airflow/example_dags/example_branch_python_dop_operator_3.py
[2024-02-21T13:29:49.636+0000] {logging_mixin.py:188} INFO - [2024-02-21T13:29:49.636+0000] {dag.py:3036} INFO - Sync 1 DAGs
[2024-02-21T13:29:49.678+0000] {logging_mixin.py:188} INFO - [2024-02-21T13:29:49.677+0000] {dag.py:3823} INFO - Setting next_dagrun for example_branch_dop_operator_v3 to 2024-02-21 13:28:00+00:00, run_after=2024-02-21 13:29:00+00:00
[2024-02-21T13:29:49.707+0000] {processor.py:183} INFO - Processing /home/airflow/.local/lib/python3.8/site-packages/airflow/example_dags/example_branch_python_dop_operator_3.py took 0.130 seconds
[2024-02-21T13:30:20.651+0000] {processor.py:161} INFO - Started process (PID=1736) to work on /home/airflow/.local/lib/python3.8/site-packages/airflow/example_dags/example_branch_python_dop_operator_3.py
[2024-02-21T13:30:20.653+0000] {processor.py:830} INFO - Processing file /home/airflow/.local/lib/python3.8/site-packages/airflow/example_dags/example_branch_python_dop_operator_3.py for tasks to queue
[2024-02-21T13:30:20.657+0000] {logging_mixin.py:188} INFO - [2024-02-21T13:30:20.657+0000] {dagbag.py:538} INFO - Filling up the DagBag from /home/airflow/.local/lib/python3.8/site-packages/airflow/example_dags/example_branch_python_dop_operator_3.py
[2024-02-21T13:30:20.677+0000] {processor.py:840} INFO - DAG(s) 'example_branch_dop_operator_v3' retrieved from /home/airflow/.local/lib/python3.8/site-packages/airflow/example_dags/example_branch_python_dop_operator_3.py
[2024-02-21T13:30:20.716+0000] {logging_mixin.py:188} INFO - [2024-02-21T13:30:20.715+0000] {dag.py:3036} INFO - Sync 1 DAGs
[2024-02-21T13:30:20.770+0000] {logging_mixin.py:188} INFO - [2024-02-21T13:30:20.770+0000] {dag.py:3823} INFO - Setting next_dagrun for example_branch_dop_operator_v3 to 2024-02-21 13:29:00+00:00, run_after=2024-02-21 13:30:00+00:00
[2024-02-21T13:30:20.805+0000] {processor.py:183} INFO - Processing /home/airflow/.local/lib/python3.8/site-packages/airflow/example_dags/example_branch_python_dop_operator_3.py took 0.162 seconds
[2024-02-21T13:30:50.885+0000] {processor.py:161} INFO - Started process (PID=1790) to work on /home/airflow/.local/lib/python3.8/site-packages/airflow/example_dags/example_branch_python_dop_operator_3.py
[2024-02-21T13:30:50.889+0000] {processor.py:830} INFO - Processing file /home/airflow/.local/lib/python3.8/site-packages/airflow/example_dags/example_branch_python_dop_operator_3.py for tasks to queue
[2024-02-21T13:30:50.893+0000] {logging_mixin.py:188} INFO - [2024-02-21T13:30:50.893+0000] {dagbag.py:538} INFO - Filling up the DagBag from /home/airflow/.local/lib/python3.8/site-packages/airflow/example_dags/example_branch_python_dop_operator_3.py
[2024-02-21T13:30:50.914+0000] {processor.py:840} INFO - DAG(s) 'example_branch_dop_operator_v3' retrieved from /home/airflow/.local/lib/python3.8/site-packages/airflow/example_dags/example_branch_python_dop_operator_3.py
[2024-02-21T13:30:50.948+0000] {logging_mixin.py:188} INFO - [2024-02-21T13:30:50.947+0000] {dag.py:3036} INFO - Sync 1 DAGs
[2024-02-21T13:30:50.994+0000] {logging_mixin.py:188} INFO - [2024-02-21T13:30:50.994+0000] {dag.py:3823} INFO - Setting next_dagrun for example_branch_dop_operator_v3 to 2024-02-21 13:29:00+00:00, run_after=2024-02-21 13:30:00+00:00
[2024-02-21T13:30:51.049+0000] {processor.py:183} INFO - Processing /home/airflow/.local/lib/python3.8/site-packages/airflow/example_dags/example_branch_python_dop_operator_3.py took 0.170 seconds
[2024-02-21T13:31:22.122+0000] {processor.py:161} INFO - Started process (PID=1845) to work on /home/airflow/.local/lib/python3.8/site-packages/airflow/example_dags/example_branch_python_dop_operator_3.py
[2024-02-21T13:31:22.125+0000] {processor.py:830} INFO - Processing file /home/airflow/.local/lib/python3.8/site-packages/airflow/example_dags/example_branch_python_dop_operator_3.py for tasks to queue
[2024-02-21T13:31:22.129+0000] {logging_mixin.py:188} INFO - [2024-02-21T13:31:22.128+0000] {dagbag.py:538} INFO - Filling up the DagBag from /home/airflow/.local/lib/python3.8/site-packages/airflow/example_dags/example_branch_python_dop_operator_3.py
[2024-02-21T13:31:22.154+0000] {processor.py:840} INFO - DAG(s) 'example_branch_dop_operator_v3' retrieved from /home/airflow/.local/lib/python3.8/site-packages/airflow/example_dags/example_branch_python_dop_operator_3.py
[2024-02-21T13:31:22.199+0000] {logging_mixin.py:188} INFO - [2024-02-21T13:31:22.198+0000] {dag.py:3036} INFO - Sync 1 DAGs
[2024-02-21T13:31:22.266+0000] {logging_mixin.py:188} INFO - [2024-02-21T13:31:22.266+0000] {dag.py:3823} INFO - Setting next_dagrun for example_branch_dop_operator_v3 to 2024-02-21 13:30:00+00:00, run_after=2024-02-21 13:31:00+00:00
[2024-02-21T13:31:22.309+0000] {processor.py:183} INFO - Processing /home/airflow/.local/lib/python3.8/site-packages/airflow/example_dags/example_branch_python_dop_operator_3.py took 0.196 seconds
[2024-02-21T13:31:52.549+0000] {processor.py:161} INFO - Started process (PID=1901) to work on /home/airflow/.local/lib/python3.8/site-packages/airflow/example_dags/example_branch_python_dop_operator_3.py
[2024-02-21T13:31:52.552+0000] {processor.py:830} INFO - Processing file /home/airflow/.local/lib/python3.8/site-packages/airflow/example_dags/example_branch_python_dop_operator_3.py for tasks to queue
[2024-02-21T13:31:52.555+0000] {logging_mixin.py:188} INFO - [2024-02-21T13:31:52.555+0000] {dagbag.py:538} INFO - Filling up the DagBag from /home/airflow/.local/lib/python3.8/site-packages/airflow/example_dags/example_branch_python_dop_operator_3.py
[2024-02-21T13:31:52.573+0000] {processor.py:840} INFO - DAG(s) 'example_branch_dop_operator_v3' retrieved from /home/airflow/.local/lib/python3.8/site-packages/airflow/example_dags/example_branch_python_dop_operator_3.py
[2024-02-21T13:31:52.606+0000] {logging_mixin.py:188} INFO - [2024-02-21T13:31:52.606+0000] {dag.py:3036} INFO - Sync 1 DAGs
[2024-02-21T13:31:52.648+0000] {logging_mixin.py:188} INFO - [2024-02-21T13:31:52.648+0000] {dag.py:3823} INFO - Setting next_dagrun for example_branch_dop_operator_v3 to 2024-02-21 13:30:00+00:00, run_after=2024-02-21 13:31:00+00:00
[2024-02-21T13:31:52.682+0000] {processor.py:183} INFO - Processing /home/airflow/.local/lib/python3.8/site-packages/airflow/example_dags/example_branch_python_dop_operator_3.py took 0.139 seconds
[2024-02-21T13:32:23.152+0000] {processor.py:161} INFO - Started process (PID=1956) to work on /home/airflow/.local/lib/python3.8/site-packages/airflow/example_dags/example_branch_python_dop_operator_3.py
[2024-02-21T13:32:23.154+0000] {processor.py:830} INFO - Processing file /home/airflow/.local/lib/python3.8/site-packages/airflow/example_dags/example_branch_python_dop_operator_3.py for tasks to queue
[2024-02-21T13:32:23.158+0000] {logging_mixin.py:188} INFO - [2024-02-21T13:32:23.157+0000] {dagbag.py:538} INFO - Filling up the DagBag from /home/airflow/.local/lib/python3.8/site-packages/airflow/example_dags/example_branch_python_dop_operator_3.py
[2024-02-21T13:32:23.176+0000] {processor.py:840} INFO - DAG(s) 'example_branch_dop_operator_v3' retrieved from /home/airflow/.local/lib/python3.8/site-packages/airflow/example_dags/example_branch_python_dop_operator_3.py
[2024-02-21T13:32:23.212+0000] {logging_mixin.py:188} INFO - [2024-02-21T13:32:23.211+0000] {dag.py:3036} INFO - Sync 1 DAGs
[2024-02-21T13:32:23.255+0000] {logging_mixin.py:188} INFO - [2024-02-21T13:32:23.254+0000] {dag.py:3823} INFO - Setting next_dagrun for example_branch_dop_operator_v3 to 2024-02-21 13:31:00+00:00, run_after=2024-02-21 13:32:00+00:00
[2024-02-21T13:32:23.284+0000] {processor.py:183} INFO - Processing /home/airflow/.local/lib/python3.8/site-packages/airflow/example_dags/example_branch_python_dop_operator_3.py took 0.139 seconds
[2024-02-21T13:32:53.641+0000] {processor.py:161} INFO - Started process (PID=2010) to work on /home/airflow/.local/lib/python3.8/site-packages/airflow/example_dags/example_branch_python_dop_operator_3.py
[2024-02-21T13:32:53.643+0000] {processor.py:830} INFO - Processing file /home/airflow/.local/lib/python3.8/site-packages/airflow/example_dags/example_branch_python_dop_operator_3.py for tasks to queue
[2024-02-21T13:32:53.646+0000] {logging_mixin.py:188} INFO - [2024-02-21T13:32:53.646+0000] {dagbag.py:538} INFO - Filling up the DagBag from /home/airflow/.local/lib/python3.8/site-packages/airflow/example_dags/example_branch_python_dop_operator_3.py
[2024-02-21T13:32:53.662+0000] {processor.py:840} INFO - DAG(s) 'example_branch_dop_operator_v3' retrieved from /home/airflow/.local/lib/python3.8/site-packages/airflow/example_dags/example_branch_python_dop_operator_3.py
[2024-02-21T13:32:53.707+0000] {logging_mixin.py:188} INFO - [2024-02-21T13:32:53.707+0000] {dag.py:3036} INFO - Sync 1 DAGs
[2024-02-21T13:32:53.758+0000] {logging_mixin.py:188} INFO - [2024-02-21T13:32:53.758+0000] {dag.py:3823} INFO - Setting next_dagrun for example_branch_dop_operator_v3 to 2024-02-21 13:31:00+00:00, run_after=2024-02-21 13:32:00+00:00
[2024-02-21T13:32:53.786+0000] {processor.py:183} INFO - Processing /home/airflow/.local/lib/python3.8/site-packages/airflow/example_dags/example_branch_python_dop_operator_3.py took 0.150 seconds
[2024-02-21T13:33:24.276+0000] {processor.py:161} INFO - Started process (PID=2065) to work on /home/airflow/.local/lib/python3.8/site-packages/airflow/example_dags/example_branch_python_dop_operator_3.py
[2024-02-21T13:33:24.278+0000] {processor.py:830} INFO - Processing file /home/airflow/.local/lib/python3.8/site-packages/airflow/example_dags/example_branch_python_dop_operator_3.py for tasks to queue
[2024-02-21T13:33:24.281+0000] {logging_mixin.py:188} INFO - [2024-02-21T13:33:24.281+0000] {dagbag.py:538} INFO - Filling up the DagBag from /home/airflow/.local/lib/python3.8/site-packages/airflow/example_dags/example_branch_python_dop_operator_3.py
[2024-02-21T13:33:24.296+0000] {processor.py:840} INFO - DAG(s) 'example_branch_dop_operator_v3' retrieved from /home/airflow/.local/lib/python3.8/site-packages/airflow/example_dags/example_branch_python_dop_operator_3.py
[2024-02-21T13:33:24.331+0000] {logging_mixin.py:188} INFO - [2024-02-21T13:33:24.331+0000] {dag.py:3036} INFO - Sync 1 DAGs
[2024-02-21T13:33:24.374+0000] {logging_mixin.py:188} INFO - [2024-02-21T13:33:24.374+0000] {dag.py:3823} INFO - Setting next_dagrun for example_branch_dop_operator_v3 to 2024-02-21 13:32:00+00:00, run_after=2024-02-21 13:33:00+00:00
[2024-02-21T13:33:24.402+0000] {processor.py:183} INFO - Processing /home/airflow/.local/lib/python3.8/site-packages/airflow/example_dags/example_branch_python_dop_operator_3.py took 0.133 seconds
[2024-02-21T13:33:55.199+0000] {processor.py:161} INFO - Started process (PID=2120) to work on /home/airflow/.local/lib/python3.8/site-packages/airflow/example_dags/example_branch_python_dop_operator_3.py
[2024-02-21T13:33:55.202+0000] {processor.py:830} INFO - Processing file /home/airflow/.local/lib/python3.8/site-packages/airflow/example_dags/example_branch_python_dop_operator_3.py for tasks to queue
[2024-02-21T13:33:55.206+0000] {logging_mixin.py:188} INFO - [2024-02-21T13:33:55.205+0000] {dagbag.py:538} INFO - Filling up the DagBag from /home/airflow/.local/lib/python3.8/site-packages/airflow/example_dags/example_branch_python_dop_operator_3.py
[2024-02-21T13:33:55.223+0000] {processor.py:840} INFO - DAG(s) 'example_branch_dop_operator_v3' retrieved from /home/airflow/.local/lib/python3.8/site-packages/airflow/example_dags/example_branch_python_dop_operator_3.py
[2024-02-21T13:33:55.260+0000] {logging_mixin.py:188} INFO - [2024-02-21T13:33:55.259+0000] {dag.py:3036} INFO - Sync 1 DAGs
[2024-02-21T13:33:55.304+0000] {logging_mixin.py:188} INFO - [2024-02-21T13:33:55.304+0000] {dag.py:3823} INFO - Setting next_dagrun for example_branch_dop_operator_v3 to 2024-02-21 13:32:00+00:00, run_after=2024-02-21 13:33:00+00:00
[2024-02-21T13:33:55.332+0000] {processor.py:183} INFO - Processing /home/airflow/.local/lib/python3.8/site-packages/airflow/example_dags/example_branch_python_dop_operator_3.py took 0.141 seconds
[2024-02-21T13:34:25.687+0000] {processor.py:161} INFO - Started process (PID=2175) to work on /home/airflow/.local/lib/python3.8/site-packages/airflow/example_dags/example_branch_python_dop_operator_3.py
[2024-02-21T13:34:25.689+0000] {processor.py:830} INFO - Processing file /home/airflow/.local/lib/python3.8/site-packages/airflow/example_dags/example_branch_python_dop_operator_3.py for tasks to queue
[2024-02-21T13:34:25.693+0000] {logging_mixin.py:188} INFO - [2024-02-21T13:34:25.692+0000] {dagbag.py:538} INFO - Filling up the DagBag from /home/airflow/.local/lib/python3.8/site-packages/airflow/example_dags/example_branch_python_dop_operator_3.py
[2024-02-21T13:34:25.708+0000] {processor.py:840} INFO - DAG(s) 'example_branch_dop_operator_v3' retrieved from /home/airflow/.local/lib/python3.8/site-packages/airflow/example_dags/example_branch_python_dop_operator_3.py
[2024-02-21T13:34:25.739+0000] {logging_mixin.py:188} INFO - [2024-02-21T13:34:25.739+0000] {dag.py:3036} INFO - Sync 1 DAGs
[2024-02-21T13:34:25.780+0000] {logging_mixin.py:188} INFO - [2024-02-21T13:34:25.780+0000] {dag.py:3823} INFO - Setting next_dagrun for example_branch_dop_operator_v3 to 2024-02-21 13:33:00+00:00, run_after=2024-02-21 13:34:00+00:00
[2024-02-21T13:34:26.031+0000] {processor.py:183} INFO - Processing /home/airflow/.local/lib/python3.8/site-packages/airflow/example_dags/example_branch_python_dop_operator_3.py took 0.349 seconds
[2024-02-21T13:34:56.902+0000] {processor.py:161} INFO - Started process (PID=2230) to work on /home/airflow/.local/lib/python3.8/site-packages/airflow/example_dags/example_branch_python_dop_operator_3.py
[2024-02-21T13:34:56.904+0000] {processor.py:830} INFO - Processing file /home/airflow/.local/lib/python3.8/site-packages/airflow/example_dags/example_branch_python_dop_operator_3.py for tasks to queue
[2024-02-21T13:34:56.907+0000] {logging_mixin.py:188} INFO - [2024-02-21T13:34:56.906+0000] {dagbag.py:538} INFO - Filling up the DagBag from /home/airflow/.local/lib/python3.8/site-packages/airflow/example_dags/example_branch_python_dop_operator_3.py
[2024-02-21T13:34:56.922+0000] {processor.py:840} INFO - DAG(s) 'example_branch_dop_operator_v3' retrieved from /home/airflow/.local/lib/python3.8/site-packages/airflow/example_dags/example_branch_python_dop_operator_3.py
[2024-02-21T13:34:56.954+0000] {logging_mixin.py:188} INFO - [2024-02-21T13:34:56.954+0000] {dag.py:3036} INFO - Sync 1 DAGs
[2024-02-21T13:34:56.997+0000] {logging_mixin.py:188} INFO - [2024-02-21T13:34:56.997+0000] {dag.py:3823} INFO - Setting next_dagrun for example_branch_dop_operator_v3 to 2024-02-21 13:33:00+00:00, run_after=2024-02-21 13:34:00+00:00
[2024-02-21T13:34:57.029+0000] {processor.py:183} INFO - Processing /home/airflow/.local/lib/python3.8/site-packages/airflow/example_dags/example_branch_python_dop_operator_3.py took 0.133 seconds
[2024-02-21T13:35:27.610+0000] {processor.py:161} INFO - Started process (PID=2285) to work on /home/airflow/.local/lib/python3.8/site-packages/airflow/example_dags/example_branch_python_dop_operator_3.py
[2024-02-21T13:35:27.613+0000] {processor.py:830} INFO - Processing file /home/airflow/.local/lib/python3.8/site-packages/airflow/example_dags/example_branch_python_dop_operator_3.py for tasks to queue
[2024-02-21T13:35:27.616+0000] {logging_mixin.py:188} INFO - [2024-02-21T13:35:27.615+0000] {dagbag.py:538} INFO - Filling up the DagBag from /home/airflow/.local/lib/python3.8/site-packages/airflow/example_dags/example_branch_python_dop_operator_3.py
[2024-02-21T13:35:27.632+0000] {processor.py:840} INFO - DAG(s) 'example_branch_dop_operator_v3' retrieved from /home/airflow/.local/lib/python3.8/site-packages/airflow/example_dags/example_branch_python_dop_operator_3.py
[2024-02-21T13:35:27.667+0000] {logging_mixin.py:188} INFO - [2024-02-21T13:35:27.667+0000] {dag.py:3036} INFO - Sync 1 DAGs
[2024-02-21T13:35:27.711+0000] {logging_mixin.py:188} INFO - [2024-02-21T13:35:27.711+0000] {dag.py:3823} INFO - Setting next_dagrun for example_branch_dop_operator_v3 to 2024-02-21 13:34:00+00:00, run_after=2024-02-21 13:35:00+00:00
[2024-02-21T13:35:27.747+0000] {processor.py:183} INFO - Processing /home/airflow/.local/lib/python3.8/site-packages/airflow/example_dags/example_branch_python_dop_operator_3.py took 0.145 seconds
[2024-02-21T13:35:57.895+0000] {processor.py:161} INFO - Started process (PID=2340) to work on /home/airflow/.local/lib/python3.8/site-packages/airflow/example_dags/example_branch_python_dop_operator_3.py
[2024-02-21T13:35:57.897+0000] {processor.py:830} INFO - Processing file /home/airflow/.local/lib/python3.8/site-packages/airflow/example_dags/example_branch_python_dop_operator_3.py for tasks to queue
[2024-02-21T13:35:57.900+0000] {logging_mixin.py:188} INFO - [2024-02-21T13:35:57.900+0000] {dagbag.py:538} INFO - Filling up the DagBag from /home/airflow/.local/lib/python3.8/site-packages/airflow/example_dags/example_branch_python_dop_operator_3.py
[2024-02-21T13:35:57.916+0000] {processor.py:840} INFO - DAG(s) 'example_branch_dop_operator_v3' retrieved from /home/airflow/.local/lib/python3.8/site-packages/airflow/example_dags/example_branch_python_dop_operator_3.py
[2024-02-21T13:35:57.951+0000] {logging_mixin.py:188} INFO - [2024-02-21T13:35:57.951+0000] {dag.py:3036} INFO - Sync 1 DAGs
[2024-02-21T13:35:57.999+0000] {logging_mixin.py:188} INFO - [2024-02-21T13:35:57.996+0000] {dag.py:3823} INFO - Setting next_dagrun for example_branch_dop_operator_v3 to 2024-02-21 13:34:00+00:00, run_after=2024-02-21 13:35:00+00:00
[2024-02-21T13:35:58.037+0000] {processor.py:183} INFO - Processing /home/airflow/.local/lib/python3.8/site-packages/airflow/example_dags/example_branch_python_dop_operator_3.py took 0.148 seconds
[2024-02-21T13:36:28.552+0000] {processor.py:161} INFO - Started process (PID=2395) to work on /home/airflow/.local/lib/python3.8/site-packages/airflow/example_dags/example_branch_python_dop_operator_3.py
[2024-02-21T13:36:28.554+0000] {processor.py:830} INFO - Processing file /home/airflow/.local/lib/python3.8/site-packages/airflow/example_dags/example_branch_python_dop_operator_3.py for tasks to queue
[2024-02-21T13:36:28.558+0000] {logging_mixin.py:188} INFO - [2024-02-21T13:36:28.557+0000] {dagbag.py:538} INFO - Filling up the DagBag from /home/airflow/.local/lib/python3.8/site-packages/airflow/example_dags/example_branch_python_dop_operator_3.py
[2024-02-21T13:36:28.579+0000] {processor.py:840} INFO - DAG(s) 'example_branch_dop_operator_v3' retrieved from /home/airflow/.local/lib/python3.8/site-packages/airflow/example_dags/example_branch_python_dop_operator_3.py
[2024-02-21T13:36:28.624+0000] {logging_mixin.py:188} INFO - [2024-02-21T13:36:28.623+0000] {dag.py:3036} INFO - Sync 1 DAGs
[2024-02-21T13:36:28.674+0000] {logging_mixin.py:188} INFO - [2024-02-21T13:36:28.673+0000] {dag.py:3823} INFO - Setting next_dagrun for example_branch_dop_operator_v3 to 2024-02-21 13:35:00+00:00, run_after=2024-02-21 13:36:00+00:00
[2024-02-21T13:36:28.724+0000] {processor.py:183} INFO - Processing /home/airflow/.local/lib/python3.8/site-packages/airflow/example_dags/example_branch_python_dop_operator_3.py took 0.181 seconds
[2024-02-21T13:36:59.205+0000] {processor.py:161} INFO - Started process (PID=2451) to work on /home/airflow/.local/lib/python3.8/site-packages/airflow/example_dags/example_branch_python_dop_operator_3.py
[2024-02-21T13:36:59.207+0000] {processor.py:830} INFO - Processing file /home/airflow/.local/lib/python3.8/site-packages/airflow/example_dags/example_branch_python_dop_operator_3.py for tasks to queue
[2024-02-21T13:36:59.211+0000] {logging_mixin.py:188} INFO - [2024-02-21T13:36:59.211+0000] {dagbag.py:538} INFO - Filling up the DagBag from /home/airflow/.local/lib/python3.8/site-packages/airflow/example_dags/example_branch_python_dop_operator_3.py
[2024-02-21T13:36:59.229+0000] {processor.py:840} INFO - DAG(s) 'example_branch_dop_operator_v3' retrieved from /home/airflow/.local/lib/python3.8/site-packages/airflow/example_dags/example_branch_python_dop_operator_3.py
[2024-02-21T13:36:59.269+0000] {logging_mixin.py:188} INFO - [2024-02-21T13:36:59.268+0000] {dag.py:3036} INFO - Sync 1 DAGs
[2024-02-21T13:36:59.334+0000] {logging_mixin.py:188} INFO - [2024-02-21T13:36:59.333+0000] {dag.py:3823} INFO - Setting next_dagrun for example_branch_dop_operator_v3 to 2024-02-21 13:35:00+00:00, run_after=2024-02-21 13:36:00+00:00
[2024-02-21T13:36:59.372+0000] {processor.py:183} INFO - Processing /home/airflow/.local/lib/python3.8/site-packages/airflow/example_dags/example_branch_python_dop_operator_3.py took 0.176 seconds
[2024-02-21T13:37:29.786+0000] {processor.py:161} INFO - Started process (PID=2506) to work on /home/airflow/.local/lib/python3.8/site-packages/airflow/example_dags/example_branch_python_dop_operator_3.py
[2024-02-21T13:37:29.789+0000] {processor.py:830} INFO - Processing file /home/airflow/.local/lib/python3.8/site-packages/airflow/example_dags/example_branch_python_dop_operator_3.py for tasks to queue
[2024-02-21T13:37:29.792+0000] {logging_mixin.py:188} INFO - [2024-02-21T13:37:29.792+0000] {dagbag.py:538} INFO - Filling up the DagBag from /home/airflow/.local/lib/python3.8/site-packages/airflow/example_dags/example_branch_python_dop_operator_3.py
[2024-02-21T13:37:29.813+0000] {processor.py:840} INFO - DAG(s) 'example_branch_dop_operator_v3' retrieved from /home/airflow/.local/lib/python3.8/site-packages/airflow/example_dags/example_branch_python_dop_operator_3.py
[2024-02-21T13:37:30.065+0000] {logging_mixin.py:188} INFO - [2024-02-21T13:37:30.065+0000] {dag.py:3036} INFO - Sync 1 DAGs
[2024-02-21T13:37:30.104+0000] {logging_mixin.py:188} INFO - [2024-02-21T13:37:30.103+0000] {dag.py:3823} INFO - Setting next_dagrun for example_branch_dop_operator_v3 to 2024-02-21 13:36:00+00:00, run_after=2024-02-21 13:37:00+00:00
[2024-02-21T13:37:30.138+0000] {processor.py:183} INFO - Processing /home/airflow/.local/lib/python3.8/site-packages/airflow/example_dags/example_branch_python_dop_operator_3.py took 0.358 seconds
[2024-02-21T13:38:00.473+0000] {processor.py:161} INFO - Started process (PID=2561) to work on /home/airflow/.local/lib/python3.8/site-packages/airflow/example_dags/example_branch_python_dop_operator_3.py
[2024-02-21T13:38:00.476+0000] {processor.py:830} INFO - Processing file /home/airflow/.local/lib/python3.8/site-packages/airflow/example_dags/example_branch_python_dop_operator_3.py for tasks to queue
[2024-02-21T13:38:00.479+0000] {logging_mixin.py:188} INFO - [2024-02-21T13:38:00.478+0000] {dagbag.py:538} INFO - Filling up the DagBag from /home/airflow/.local/lib/python3.8/site-packages/airflow/example_dags/example_branch_python_dop_operator_3.py
[2024-02-21T13:38:00.500+0000] {processor.py:840} INFO - DAG(s) 'example_branch_dop_operator_v3' retrieved from /home/airflow/.local/lib/python3.8/site-packages/airflow/example_dags/example_branch_python_dop_operator_3.py
[2024-02-21T13:38:00.535+0000] {logging_mixin.py:188} INFO - [2024-02-21T13:38:00.534+0000] {dag.py:3036} INFO - Sync 1 DAGs
[2024-02-21T13:38:00.786+0000] {logging_mixin.py:188} INFO - [2024-02-21T13:38:00.785+0000] {dag.py:3823} INFO - Setting next_dagrun for example_branch_dop_operator_v3 to 2024-02-21 13:37:00+00:00, run_after=2024-02-21 13:38:00+00:00
[2024-02-21T13:38:00.810+0000] {processor.py:183} INFO - Processing /home/airflow/.local/lib/python3.8/site-packages/airflow/example_dags/example_branch_python_dop_operator_3.py took 0.344 seconds
[2024-02-21T13:38:31.184+0000] {processor.py:161} INFO - Started process (PID=2616) to work on /home/airflow/.local/lib/python3.8/site-packages/airflow/example_dags/example_branch_python_dop_operator_3.py
[2024-02-21T13:38:31.186+0000] {processor.py:830} INFO - Processing file /home/airflow/.local/lib/python3.8/site-packages/airflow/example_dags/example_branch_python_dop_operator_3.py for tasks to queue
[2024-02-21T13:38:31.189+0000] {logging_mixin.py:188} INFO - [2024-02-21T13:38:31.188+0000] {dagbag.py:538} INFO - Filling up the DagBag from /home/airflow/.local/lib/python3.8/site-packages/airflow/example_dags/example_branch_python_dop_operator_3.py
[2024-02-21T13:38:31.204+0000] {processor.py:840} INFO - DAG(s) 'example_branch_dop_operator_v3' retrieved from /home/airflow/.local/lib/python3.8/site-packages/airflow/example_dags/example_branch_python_dop_operator_3.py
[2024-02-21T13:38:31.238+0000] {logging_mixin.py:188} INFO - [2024-02-21T13:38:31.237+0000] {dag.py:3036} INFO - Sync 1 DAGs
[2024-02-21T13:38:31.281+0000] {logging_mixin.py:188} INFO - [2024-02-21T13:38:31.281+0000] {dag.py:3823} INFO - Setting next_dagrun for example_branch_dop_operator_v3 to 2024-02-21 13:37:00+00:00, run_after=2024-02-21 13:38:00+00:00
[2024-02-21T13:38:31.538+0000] {processor.py:183} INFO - Processing /home/airflow/.local/lib/python3.8/site-packages/airflow/example_dags/example_branch_python_dop_operator_3.py took 0.360 seconds
[2024-02-21T13:39:02.006+0000] {processor.py:161} INFO - Started process (PID=2672) to work on /home/airflow/.local/lib/python3.8/site-packages/airflow/example_dags/example_branch_python_dop_operator_3.py
[2024-02-21T13:39:02.009+0000] {processor.py:830} INFO - Processing file /home/airflow/.local/lib/python3.8/site-packages/airflow/example_dags/example_branch_python_dop_operator_3.py for tasks to queue
[2024-02-21T13:39:02.014+0000] {logging_mixin.py:188} INFO - [2024-02-21T13:39:02.013+0000] {dagbag.py:538} INFO - Filling up the DagBag from /home/airflow/.local/lib/python3.8/site-packages/airflow/example_dags/example_branch_python_dop_operator_3.py
[2024-02-21T13:39:02.036+0000] {processor.py:840} INFO - DAG(s) 'example_branch_dop_operator_v3' retrieved from /home/airflow/.local/lib/python3.8/site-packages/airflow/example_dags/example_branch_python_dop_operator_3.py
[2024-02-21T13:39:02.071+0000] {logging_mixin.py:188} INFO - [2024-02-21T13:39:02.070+0000] {dag.py:3036} INFO - Sync 1 DAGs
[2024-02-21T13:39:02.129+0000] {logging_mixin.py:188} INFO - [2024-02-21T13:39:02.129+0000] {dag.py:3823} INFO - Setting next_dagrun for example_branch_dop_operator_v3 to 2024-02-21 13:38:00+00:00, run_after=2024-02-21 13:39:00+00:00
[2024-02-21T13:39:02.169+0000] {processor.py:183} INFO - Processing /home/airflow/.local/lib/python3.8/site-packages/airflow/example_dags/example_branch_python_dop_operator_3.py took 0.174 seconds
