[2024-02-21T13:14:59.511+0000] {processor.py:161} INFO - Started process (PID=57) to work on /home/airflow/.local/lib/python3.8/site-packages/airflow/example_dags/example_short_circuit_operator.py
[2024-02-21T13:14:59.513+0000] {processor.py:830} INFO - Processing file /home/airflow/.local/lib/python3.8/site-packages/airflow/example_dags/example_short_circuit_operator.py for tasks to queue
[2024-02-21T13:14:59.516+0000] {logging_mixin.py:188} INFO - [2024-02-21T13:14:59.516+0000] {dagbag.py:538} INFO - Filling up the DagBag from /home/airflow/.local/lib/python3.8/site-packages/airflow/example_dags/example_short_circuit_operator.py
[2024-02-21T13:14:59.539+0000] {processor.py:840} INFO - DAG(s) 'example_short_circuit_operator' retrieved from /home/airflow/.local/lib/python3.8/site-packages/airflow/example_dags/example_short_circuit_operator.py
[2024-02-21T13:14:59.826+0000] {logging_mixin.py:188} INFO - [2024-02-21T13:14:59.825+0000] {override.py:1769} INFO - Created Permission View: can read on DAG:example_short_circuit_operator
[2024-02-21T13:14:59.848+0000] {logging_mixin.py:188} INFO - [2024-02-21T13:14:59.847+0000] {override.py:1769} INFO - Created Permission View: can edit on DAG:example_short_circuit_operator
[2024-02-21T13:14:59.860+0000] {logging_mixin.py:188} INFO - [2024-02-21T13:14:59.860+0000] {override.py:1769} INFO - Created Permission View: can delete on DAG:example_short_circuit_operator
[2024-02-21T13:14:59.861+0000] {logging_mixin.py:188} INFO - [2024-02-21T13:14:59.861+0000] {dag.py:3036} INFO - Sync 1 DAGs
[2024-02-21T13:14:59.885+0000] {logging_mixin.py:188} INFO - [2024-02-21T13:14:59.884+0000] {dag.py:3058} INFO - Creating ORM DAG for example_short_circuit_operator
[2024-02-21T13:14:59.906+0000] {logging_mixin.py:188} INFO - [2024-02-21T13:14:59.906+0000] {dag.py:3823} INFO - Setting next_dagrun for example_short_circuit_operator to 2024-02-20 00:00:00+00:00, run_after=2024-02-21 00:00:00+00:00
[2024-02-21T13:14:59.941+0000] {processor.py:183} INFO - Processing /home/airflow/.local/lib/python3.8/site-packages/airflow/example_dags/example_short_circuit_operator.py took 0.454 seconds
[2024-02-21T13:15:30.294+0000] {processor.py:161} INFO - Started process (PID=111) to work on /home/airflow/.local/lib/python3.8/site-packages/airflow/example_dags/example_short_circuit_operator.py
[2024-02-21T13:15:30.296+0000] {processor.py:830} INFO - Processing file /home/airflow/.local/lib/python3.8/site-packages/airflow/example_dags/example_short_circuit_operator.py for tasks to queue
[2024-02-21T13:15:30.301+0000] {logging_mixin.py:188} INFO - [2024-02-21T13:15:30.300+0000] {dagbag.py:538} INFO - Filling up the DagBag from /home/airflow/.local/lib/python3.8/site-packages/airflow/example_dags/example_short_circuit_operator.py
[2024-02-21T13:15:30.319+0000] {processor.py:840} INFO - DAG(s) 'example_short_circuit_operator' retrieved from /home/airflow/.local/lib/python3.8/site-packages/airflow/example_dags/example_short_circuit_operator.py
[2024-02-21T13:15:30.372+0000] {logging_mixin.py:188} INFO - [2024-02-21T13:15:30.372+0000] {dag.py:3036} INFO - Sync 1 DAGs
[2024-02-21T13:15:30.423+0000] {logging_mixin.py:188} INFO - [2024-02-21T13:15:30.422+0000] {dag.py:3823} INFO - Setting next_dagrun for example_short_circuit_operator to 2024-02-20 00:00:00+00:00, run_after=2024-02-21 00:00:00+00:00
[2024-02-21T13:15:30.470+0000] {processor.py:183} INFO - Processing /home/airflow/.local/lib/python3.8/site-packages/airflow/example_dags/example_short_circuit_operator.py took 0.183 seconds
[2024-02-21T13:16:00.524+0000] {processor.py:161} INFO - Started process (PID=165) to work on /home/airflow/.local/lib/python3.8/site-packages/airflow/example_dags/example_short_circuit_operator.py
[2024-02-21T13:16:00.526+0000] {processor.py:830} INFO - Processing file /home/airflow/.local/lib/python3.8/site-packages/airflow/example_dags/example_short_circuit_operator.py for tasks to queue
[2024-02-21T13:16:00.529+0000] {logging_mixin.py:188} INFO - [2024-02-21T13:16:00.529+0000] {dagbag.py:538} INFO - Filling up the DagBag from /home/airflow/.local/lib/python3.8/site-packages/airflow/example_dags/example_short_circuit_operator.py
[2024-02-21T13:16:00.544+0000] {processor.py:840} INFO - DAG(s) 'example_short_circuit_operator' retrieved from /home/airflow/.local/lib/python3.8/site-packages/airflow/example_dags/example_short_circuit_operator.py
[2024-02-21T13:16:00.582+0000] {logging_mixin.py:188} INFO - [2024-02-21T13:16:00.582+0000] {dag.py:3036} INFO - Sync 1 DAGs
[2024-02-21T13:16:00.616+0000] {logging_mixin.py:188} INFO - [2024-02-21T13:16:00.615+0000] {dag.py:3823} INFO - Setting next_dagrun for example_short_circuit_operator to 2024-02-20 00:00:00+00:00, run_after=2024-02-21 00:00:00+00:00
[2024-02-21T13:16:00.641+0000] {processor.py:183} INFO - Processing /home/airflow/.local/lib/python3.8/site-packages/airflow/example_dags/example_short_circuit_operator.py took 0.126 seconds
[2024-02-21T13:16:30.953+0000] {processor.py:161} INFO - Started process (PID=221) to work on /home/airflow/.local/lib/python3.8/site-packages/airflow/example_dags/example_short_circuit_operator.py
[2024-02-21T13:16:30.955+0000] {processor.py:830} INFO - Processing file /home/airflow/.local/lib/python3.8/site-packages/airflow/example_dags/example_short_circuit_operator.py for tasks to queue
[2024-02-21T13:16:30.958+0000] {logging_mixin.py:188} INFO - [2024-02-21T13:16:30.958+0000] {dagbag.py:538} INFO - Filling up the DagBag from /home/airflow/.local/lib/python3.8/site-packages/airflow/example_dags/example_short_circuit_operator.py
[2024-02-21T13:16:30.975+0000] {processor.py:840} INFO - DAG(s) 'example_short_circuit_operator' retrieved from /home/airflow/.local/lib/python3.8/site-packages/airflow/example_dags/example_short_circuit_operator.py
[2024-02-21T13:16:31.015+0000] {logging_mixin.py:188} INFO - [2024-02-21T13:16:31.015+0000] {dag.py:3036} INFO - Sync 1 DAGs
[2024-02-21T13:16:31.063+0000] {logging_mixin.py:188} INFO - [2024-02-21T13:16:31.062+0000] {dag.py:3823} INFO - Setting next_dagrun for example_short_circuit_operator to 2024-02-20 00:00:00+00:00, run_after=2024-02-21 00:00:00+00:00
[2024-02-21T13:16:31.098+0000] {processor.py:183} INFO - Processing /home/airflow/.local/lib/python3.8/site-packages/airflow/example_dags/example_short_circuit_operator.py took 0.151 seconds
[2024-02-21T13:17:01.359+0000] {processor.py:161} INFO - Started process (PID=275) to work on /home/airflow/.local/lib/python3.8/site-packages/airflow/example_dags/example_short_circuit_operator.py
[2024-02-21T13:17:01.361+0000] {processor.py:830} INFO - Processing file /home/airflow/.local/lib/python3.8/site-packages/airflow/example_dags/example_short_circuit_operator.py for tasks to queue
[2024-02-21T13:17:01.364+0000] {logging_mixin.py:188} INFO - [2024-02-21T13:17:01.364+0000] {dagbag.py:538} INFO - Filling up the DagBag from /home/airflow/.local/lib/python3.8/site-packages/airflow/example_dags/example_short_circuit_operator.py
[2024-02-21T13:17:01.379+0000] {processor.py:840} INFO - DAG(s) 'example_short_circuit_operator' retrieved from /home/airflow/.local/lib/python3.8/site-packages/airflow/example_dags/example_short_circuit_operator.py
[2024-02-21T13:17:01.417+0000] {logging_mixin.py:188} INFO - [2024-02-21T13:17:01.417+0000] {dag.py:3036} INFO - Sync 1 DAGs
[2024-02-21T13:17:01.454+0000] {logging_mixin.py:188} INFO - [2024-02-21T13:17:01.454+0000] {dag.py:3823} INFO - Setting next_dagrun for example_short_circuit_operator to 2024-02-20 00:00:00+00:00, run_after=2024-02-21 00:00:00+00:00
[2024-02-21T13:17:01.489+0000] {processor.py:183} INFO - Processing /home/airflow/.local/lib/python3.8/site-packages/airflow/example_dags/example_short_circuit_operator.py took 0.136 seconds
[2024-02-21T13:17:31.598+0000] {processor.py:161} INFO - Started process (PID=331) to work on /home/airflow/.local/lib/python3.8/site-packages/airflow/example_dags/example_short_circuit_operator.py
[2024-02-21T13:17:31.601+0000] {processor.py:830} INFO - Processing file /home/airflow/.local/lib/python3.8/site-packages/airflow/example_dags/example_short_circuit_operator.py for tasks to queue
[2024-02-21T13:17:31.604+0000] {logging_mixin.py:188} INFO - [2024-02-21T13:17:31.604+0000] {dagbag.py:538} INFO - Filling up the DagBag from /home/airflow/.local/lib/python3.8/site-packages/airflow/example_dags/example_short_circuit_operator.py
[2024-02-21T13:17:31.617+0000] {processor.py:840} INFO - DAG(s) 'example_short_circuit_operator' retrieved from /home/airflow/.local/lib/python3.8/site-packages/airflow/example_dags/example_short_circuit_operator.py
[2024-02-21T13:17:31.654+0000] {logging_mixin.py:188} INFO - [2024-02-21T13:17:31.653+0000] {dag.py:3036} INFO - Sync 1 DAGs
[2024-02-21T13:17:31.687+0000] {logging_mixin.py:188} INFO - [2024-02-21T13:17:31.686+0000] {dag.py:3823} INFO - Setting next_dagrun for example_short_circuit_operator to 2024-02-20 00:00:00+00:00, run_after=2024-02-21 00:00:00+00:00
[2024-02-21T13:17:31.715+0000] {processor.py:183} INFO - Processing /home/airflow/.local/lib/python3.8/site-packages/airflow/example_dags/example_short_circuit_operator.py took 0.122 seconds
[2024-02-21T13:18:02.066+0000] {processor.py:161} INFO - Started process (PID=386) to work on /home/airflow/.local/lib/python3.8/site-packages/airflow/example_dags/example_short_circuit_operator.py
[2024-02-21T13:18:02.068+0000] {processor.py:830} INFO - Processing file /home/airflow/.local/lib/python3.8/site-packages/airflow/example_dags/example_short_circuit_operator.py for tasks to queue
[2024-02-21T13:18:02.071+0000] {logging_mixin.py:188} INFO - [2024-02-21T13:18:02.071+0000] {dagbag.py:538} INFO - Filling up the DagBag from /home/airflow/.local/lib/python3.8/site-packages/airflow/example_dags/example_short_circuit_operator.py
[2024-02-21T13:18:02.084+0000] {processor.py:840} INFO - DAG(s) 'example_short_circuit_operator' retrieved from /home/airflow/.local/lib/python3.8/site-packages/airflow/example_dags/example_short_circuit_operator.py
[2024-02-21T13:18:02.131+0000] {logging_mixin.py:188} INFO - [2024-02-21T13:18:02.131+0000] {dag.py:3036} INFO - Sync 1 DAGs
[2024-02-21T13:18:02.165+0000] {logging_mixin.py:188} INFO - [2024-02-21T13:18:02.165+0000] {dag.py:3823} INFO - Setting next_dagrun for example_short_circuit_operator to 2024-02-20 00:00:00+00:00, run_after=2024-02-21 00:00:00+00:00
[2024-02-21T13:18:02.196+0000] {processor.py:183} INFO - Processing /home/airflow/.local/lib/python3.8/site-packages/airflow/example_dags/example_short_circuit_operator.py took 0.136 seconds
[2024-02-21T13:18:32.398+0000] {processor.py:161} INFO - Started process (PID=441) to work on /home/airflow/.local/lib/python3.8/site-packages/airflow/example_dags/example_short_circuit_operator.py
[2024-02-21T13:18:32.400+0000] {processor.py:830} INFO - Processing file /home/airflow/.local/lib/python3.8/site-packages/airflow/example_dags/example_short_circuit_operator.py for tasks to queue
[2024-02-21T13:18:32.404+0000] {logging_mixin.py:188} INFO - [2024-02-21T13:18:32.403+0000] {dagbag.py:538} INFO - Filling up the DagBag from /home/airflow/.local/lib/python3.8/site-packages/airflow/example_dags/example_short_circuit_operator.py
[2024-02-21T13:18:32.417+0000] {processor.py:840} INFO - DAG(s) 'example_short_circuit_operator' retrieved from /home/airflow/.local/lib/python3.8/site-packages/airflow/example_dags/example_short_circuit_operator.py
[2024-02-21T13:18:32.456+0000] {logging_mixin.py:188} INFO - [2024-02-21T13:18:32.455+0000] {dag.py:3036} INFO - Sync 1 DAGs
[2024-02-21T13:18:32.496+0000] {logging_mixin.py:188} INFO - [2024-02-21T13:18:32.496+0000] {dag.py:3823} INFO - Setting next_dagrun for example_short_circuit_operator to 2024-02-20 00:00:00+00:00, run_after=2024-02-21 00:00:00+00:00
[2024-02-21T13:18:32.528+0000] {processor.py:183} INFO - Processing /home/airflow/.local/lib/python3.8/site-packages/airflow/example_dags/example_short_circuit_operator.py took 0.136 seconds
[2024-02-21T13:19:02.829+0000] {processor.py:161} INFO - Started process (PID=496) to work on /home/airflow/.local/lib/python3.8/site-packages/airflow/example_dags/example_short_circuit_operator.py
[2024-02-21T13:19:02.831+0000] {processor.py:830} INFO - Processing file /home/airflow/.local/lib/python3.8/site-packages/airflow/example_dags/example_short_circuit_operator.py for tasks to queue
[2024-02-21T13:19:02.835+0000] {logging_mixin.py:188} INFO - [2024-02-21T13:19:02.834+0000] {dagbag.py:538} INFO - Filling up the DagBag from /home/airflow/.local/lib/python3.8/site-packages/airflow/example_dags/example_short_circuit_operator.py
[2024-02-21T13:19:02.849+0000] {processor.py:840} INFO - DAG(s) 'example_short_circuit_operator' retrieved from /home/airflow/.local/lib/python3.8/site-packages/airflow/example_dags/example_short_circuit_operator.py
[2024-02-21T13:19:02.896+0000] {logging_mixin.py:188} INFO - [2024-02-21T13:19:02.896+0000] {dag.py:3036} INFO - Sync 1 DAGs
[2024-02-21T13:19:02.932+0000] {logging_mixin.py:188} INFO - [2024-02-21T13:19:02.931+0000] {dag.py:3823} INFO - Setting next_dagrun for example_short_circuit_operator to 2024-02-20 00:00:00+00:00, run_after=2024-02-21 00:00:00+00:00
[2024-02-21T13:19:02.958+0000] {processor.py:183} INFO - Processing /home/airflow/.local/lib/python3.8/site-packages/airflow/example_dags/example_short_circuit_operator.py took 0.136 seconds
[2024-02-21T13:19:33.140+0000] {processor.py:161} INFO - Started process (PID=551) to work on /home/airflow/.local/lib/python3.8/site-packages/airflow/example_dags/example_short_circuit_operator.py
[2024-02-21T13:19:33.141+0000] {processor.py:830} INFO - Processing file /home/airflow/.local/lib/python3.8/site-packages/airflow/example_dags/example_short_circuit_operator.py for tasks to queue
[2024-02-21T13:19:33.144+0000] {logging_mixin.py:188} INFO - [2024-02-21T13:19:33.144+0000] {dagbag.py:538} INFO - Filling up the DagBag from /home/airflow/.local/lib/python3.8/site-packages/airflow/example_dags/example_short_circuit_operator.py
[2024-02-21T13:19:33.157+0000] {processor.py:840} INFO - DAG(s) 'example_short_circuit_operator' retrieved from /home/airflow/.local/lib/python3.8/site-packages/airflow/example_dags/example_short_circuit_operator.py
[2024-02-21T13:19:33.195+0000] {logging_mixin.py:188} INFO - [2024-02-21T13:19:33.194+0000] {dag.py:3036} INFO - Sync 1 DAGs
[2024-02-21T13:19:33.228+0000] {logging_mixin.py:188} INFO - [2024-02-21T13:19:33.227+0000] {dag.py:3823} INFO - Setting next_dagrun for example_short_circuit_operator to 2024-02-20 00:00:00+00:00, run_after=2024-02-21 00:00:00+00:00
[2024-02-21T13:19:33.254+0000] {processor.py:183} INFO - Processing /home/airflow/.local/lib/python3.8/site-packages/airflow/example_dags/example_short_circuit_operator.py took 0.120 seconds
[2024-02-21T13:20:03.926+0000] {processor.py:161} INFO - Started process (PID=606) to work on /home/airflow/.local/lib/python3.8/site-packages/airflow/example_dags/example_short_circuit_operator.py
[2024-02-21T13:20:03.928+0000] {processor.py:830} INFO - Processing file /home/airflow/.local/lib/python3.8/site-packages/airflow/example_dags/example_short_circuit_operator.py for tasks to queue
[2024-02-21T13:20:03.932+0000] {logging_mixin.py:188} INFO - [2024-02-21T13:20:03.931+0000] {dagbag.py:538} INFO - Filling up the DagBag from /home/airflow/.local/lib/python3.8/site-packages/airflow/example_dags/example_short_circuit_operator.py
[2024-02-21T13:20:03.944+0000] {processor.py:840} INFO - DAG(s) 'example_short_circuit_operator' retrieved from /home/airflow/.local/lib/python3.8/site-packages/airflow/example_dags/example_short_circuit_operator.py
[2024-02-21T13:20:03.994+0000] {logging_mixin.py:188} INFO - [2024-02-21T13:20:03.993+0000] {dag.py:3036} INFO - Sync 1 DAGs
[2024-02-21T13:20:04.041+0000] {logging_mixin.py:188} INFO - [2024-02-21T13:20:04.041+0000] {dag.py:3823} INFO - Setting next_dagrun for example_short_circuit_operator to 2024-02-20 00:00:00+00:00, run_after=2024-02-21 00:00:00+00:00
[2024-02-21T13:20:04.078+0000] {processor.py:183} INFO - Processing /home/airflow/.local/lib/python3.8/site-packages/airflow/example_dags/example_short_circuit_operator.py took 0.157 seconds
[2024-02-21T13:20:34.517+0000] {processor.py:161} INFO - Started process (PID=660) to work on /home/airflow/.local/lib/python3.8/site-packages/airflow/example_dags/example_short_circuit_operator.py
[2024-02-21T13:20:34.518+0000] {processor.py:830} INFO - Processing file /home/airflow/.local/lib/python3.8/site-packages/airflow/example_dags/example_short_circuit_operator.py for tasks to queue
[2024-02-21T13:20:34.522+0000] {logging_mixin.py:188} INFO - [2024-02-21T13:20:34.522+0000] {dagbag.py:538} INFO - Filling up the DagBag from /home/airflow/.local/lib/python3.8/site-packages/airflow/example_dags/example_short_circuit_operator.py
[2024-02-21T13:20:34.542+0000] {processor.py:840} INFO - DAG(s) 'example_short_circuit_operator' retrieved from /home/airflow/.local/lib/python3.8/site-packages/airflow/example_dags/example_short_circuit_operator.py
[2024-02-21T13:20:34.597+0000] {logging_mixin.py:188} INFO - [2024-02-21T13:20:34.596+0000] {dag.py:3036} INFO - Sync 1 DAGs
[2024-02-21T13:20:34.649+0000] {logging_mixin.py:188} INFO - [2024-02-21T13:20:34.648+0000] {dag.py:3823} INFO - Setting next_dagrun for example_short_circuit_operator to 2024-02-20 00:00:00+00:00, run_after=2024-02-21 00:00:00+00:00
[2024-02-21T13:20:34.683+0000] {processor.py:183} INFO - Processing /home/airflow/.local/lib/python3.8/site-packages/airflow/example_dags/example_short_circuit_operator.py took 0.174 seconds
[2024-02-21T13:21:05.167+0000] {processor.py:161} INFO - Started process (PID=716) to work on /home/airflow/.local/lib/python3.8/site-packages/airflow/example_dags/example_short_circuit_operator.py
[2024-02-21T13:21:05.169+0000] {processor.py:830} INFO - Processing file /home/airflow/.local/lib/python3.8/site-packages/airflow/example_dags/example_short_circuit_operator.py for tasks to queue
[2024-02-21T13:21:05.173+0000] {logging_mixin.py:188} INFO - [2024-02-21T13:21:05.172+0000] {dagbag.py:538} INFO - Filling up the DagBag from /home/airflow/.local/lib/python3.8/site-packages/airflow/example_dags/example_short_circuit_operator.py
[2024-02-21T13:21:05.191+0000] {processor.py:840} INFO - DAG(s) 'example_short_circuit_operator' retrieved from /home/airflow/.local/lib/python3.8/site-packages/airflow/example_dags/example_short_circuit_operator.py
[2024-02-21T13:21:05.231+0000] {logging_mixin.py:188} INFO - [2024-02-21T13:21:05.230+0000] {dag.py:3036} INFO - Sync 1 DAGs
[2024-02-21T13:21:05.275+0000] {logging_mixin.py:188} INFO - [2024-02-21T13:21:05.275+0000] {dag.py:3823} INFO - Setting next_dagrun for example_short_circuit_operator to 2024-02-20 00:00:00+00:00, run_after=2024-02-21 00:00:00+00:00
[2024-02-21T13:21:05.308+0000] {processor.py:183} INFO - Processing /home/airflow/.local/lib/python3.8/site-packages/airflow/example_dags/example_short_circuit_operator.py took 0.148 seconds
[2024-02-21T13:21:35.666+0000] {processor.py:161} INFO - Started process (PID=770) to work on /home/airflow/.local/lib/python3.8/site-packages/airflow/example_dags/example_short_circuit_operator.py
[2024-02-21T13:21:35.668+0000] {processor.py:830} INFO - Processing file /home/airflow/.local/lib/python3.8/site-packages/airflow/example_dags/example_short_circuit_operator.py for tasks to queue
[2024-02-21T13:21:35.672+0000] {logging_mixin.py:188} INFO - [2024-02-21T13:21:35.671+0000] {dagbag.py:538} INFO - Filling up the DagBag from /home/airflow/.local/lib/python3.8/site-packages/airflow/example_dags/example_short_circuit_operator.py
[2024-02-21T13:21:35.687+0000] {processor.py:840} INFO - DAG(s) 'example_short_circuit_operator' retrieved from /home/airflow/.local/lib/python3.8/site-packages/airflow/example_dags/example_short_circuit_operator.py
[2024-02-21T13:21:35.724+0000] {logging_mixin.py:188} INFO - [2024-02-21T13:21:35.724+0000] {dag.py:3036} INFO - Sync 1 DAGs
[2024-02-21T13:21:35.757+0000] {logging_mixin.py:188} INFO - [2024-02-21T13:21:35.756+0000] {dag.py:3823} INFO - Setting next_dagrun for example_short_circuit_operator to 2024-02-20 00:00:00+00:00, run_after=2024-02-21 00:00:00+00:00
[2024-02-21T13:21:35.782+0000] {processor.py:183} INFO - Processing /home/airflow/.local/lib/python3.8/site-packages/airflow/example_dags/example_short_circuit_operator.py took 0.123 seconds
[2024-02-21T13:22:06.658+0000] {processor.py:161} INFO - Started process (PID=825) to work on /home/airflow/.local/lib/python3.8/site-packages/airflow/example_dags/example_short_circuit_operator.py
[2024-02-21T13:22:06.660+0000] {processor.py:830} INFO - Processing file /home/airflow/.local/lib/python3.8/site-packages/airflow/example_dags/example_short_circuit_operator.py for tasks to queue
[2024-02-21T13:22:06.665+0000] {logging_mixin.py:188} INFO - [2024-02-21T13:22:06.664+0000] {dagbag.py:538} INFO - Filling up the DagBag from /home/airflow/.local/lib/python3.8/site-packages/airflow/example_dags/example_short_circuit_operator.py
[2024-02-21T13:22:06.678+0000] {processor.py:840} INFO - DAG(s) 'example_short_circuit_operator' retrieved from /home/airflow/.local/lib/python3.8/site-packages/airflow/example_dags/example_short_circuit_operator.py
[2024-02-21T13:22:06.726+0000] {logging_mixin.py:188} INFO - [2024-02-21T13:22:06.726+0000] {dag.py:3036} INFO - Sync 1 DAGs
[2024-02-21T13:22:06.769+0000] {logging_mixin.py:188} INFO - [2024-02-21T13:22:06.769+0000] {dag.py:3823} INFO - Setting next_dagrun for example_short_circuit_operator to 2024-02-20 00:00:00+00:00, run_after=2024-02-21 00:00:00+00:00
[2024-02-21T13:22:06.807+0000] {processor.py:183} INFO - Processing /home/airflow/.local/lib/python3.8/site-packages/airflow/example_dags/example_short_circuit_operator.py took 0.156 seconds
[2024-02-21T13:22:37.220+0000] {processor.py:161} INFO - Started process (PID=880) to work on /home/airflow/.local/lib/python3.8/site-packages/airflow/example_dags/example_short_circuit_operator.py
[2024-02-21T13:22:37.221+0000] {processor.py:830} INFO - Processing file /home/airflow/.local/lib/python3.8/site-packages/airflow/example_dags/example_short_circuit_operator.py for tasks to queue
[2024-02-21T13:22:37.224+0000] {logging_mixin.py:188} INFO - [2024-02-21T13:22:37.224+0000] {dagbag.py:538} INFO - Filling up the DagBag from /home/airflow/.local/lib/python3.8/site-packages/airflow/example_dags/example_short_circuit_operator.py
[2024-02-21T13:22:37.237+0000] {processor.py:840} INFO - DAG(s) 'example_short_circuit_operator' retrieved from /home/airflow/.local/lib/python3.8/site-packages/airflow/example_dags/example_short_circuit_operator.py
[2024-02-21T13:22:37.275+0000] {logging_mixin.py:188} INFO - [2024-02-21T13:22:37.274+0000] {dag.py:3036} INFO - Sync 1 DAGs
[2024-02-21T13:22:37.316+0000] {logging_mixin.py:188} INFO - [2024-02-21T13:22:37.315+0000] {dag.py:3823} INFO - Setting next_dagrun for example_short_circuit_operator to 2024-02-20 00:00:00+00:00, run_after=2024-02-21 00:00:00+00:00
[2024-02-21T13:22:37.348+0000] {processor.py:183} INFO - Processing /home/airflow/.local/lib/python3.8/site-packages/airflow/example_dags/example_short_circuit_operator.py took 0.133 seconds
[2024-02-21T13:23:08.170+0000] {processor.py:161} INFO - Started process (PID=935) to work on /home/airflow/.local/lib/python3.8/site-packages/airflow/example_dags/example_short_circuit_operator.py
[2024-02-21T13:23:08.173+0000] {processor.py:830} INFO - Processing file /home/airflow/.local/lib/python3.8/site-packages/airflow/example_dags/example_short_circuit_operator.py for tasks to queue
[2024-02-21T13:23:08.176+0000] {logging_mixin.py:188} INFO - [2024-02-21T13:23:08.175+0000] {dagbag.py:538} INFO - Filling up the DagBag from /home/airflow/.local/lib/python3.8/site-packages/airflow/example_dags/example_short_circuit_operator.py
[2024-02-21T13:23:08.190+0000] {processor.py:840} INFO - DAG(s) 'example_short_circuit_operator' retrieved from /home/airflow/.local/lib/python3.8/site-packages/airflow/example_dags/example_short_circuit_operator.py
[2024-02-21T13:23:08.231+0000] {logging_mixin.py:188} INFO - [2024-02-21T13:23:08.231+0000] {dag.py:3036} INFO - Sync 1 DAGs
[2024-02-21T13:23:08.298+0000] {logging_mixin.py:188} INFO - [2024-02-21T13:23:08.297+0000] {dag.py:3823} INFO - Setting next_dagrun for example_short_circuit_operator to 2024-02-20 00:00:00+00:00, run_after=2024-02-21 00:00:00+00:00
[2024-02-21T13:23:08.329+0000] {processor.py:183} INFO - Processing /home/airflow/.local/lib/python3.8/site-packages/airflow/example_dags/example_short_circuit_operator.py took 0.165 seconds
[2024-02-21T13:23:38.524+0000] {processor.py:161} INFO - Started process (PID=990) to work on /home/airflow/.local/lib/python3.8/site-packages/airflow/example_dags/example_short_circuit_operator.py
[2024-02-21T13:23:38.526+0000] {processor.py:830} INFO - Processing file /home/airflow/.local/lib/python3.8/site-packages/airflow/example_dags/example_short_circuit_operator.py for tasks to queue
[2024-02-21T13:23:38.531+0000] {logging_mixin.py:188} INFO - [2024-02-21T13:23:38.530+0000] {dagbag.py:538} INFO - Filling up the DagBag from /home/airflow/.local/lib/python3.8/site-packages/airflow/example_dags/example_short_circuit_operator.py
[2024-02-21T13:23:38.546+0000] {processor.py:840} INFO - DAG(s) 'example_short_circuit_operator' retrieved from /home/airflow/.local/lib/python3.8/site-packages/airflow/example_dags/example_short_circuit_operator.py
[2024-02-21T13:23:38.584+0000] {logging_mixin.py:188} INFO - [2024-02-21T13:23:38.583+0000] {dag.py:3036} INFO - Sync 1 DAGs
[2024-02-21T13:23:38.631+0000] {logging_mixin.py:188} INFO - [2024-02-21T13:23:38.630+0000] {dag.py:3823} INFO - Setting next_dagrun for example_short_circuit_operator to 2024-02-20 00:00:00+00:00, run_after=2024-02-21 00:00:00+00:00
[2024-02-21T13:23:38.663+0000] {processor.py:183} INFO - Processing /home/airflow/.local/lib/python3.8/site-packages/airflow/example_dags/example_short_circuit_operator.py took 0.146 seconds
[2024-02-21T13:24:09.325+0000] {processor.py:161} INFO - Started process (PID=1045) to work on /home/airflow/.local/lib/python3.8/site-packages/airflow/example_dags/example_short_circuit_operator.py
[2024-02-21T13:24:09.327+0000] {processor.py:830} INFO - Processing file /home/airflow/.local/lib/python3.8/site-packages/airflow/example_dags/example_short_circuit_operator.py for tasks to queue
[2024-02-21T13:24:09.330+0000] {logging_mixin.py:188} INFO - [2024-02-21T13:24:09.330+0000] {dagbag.py:538} INFO - Filling up the DagBag from /home/airflow/.local/lib/python3.8/site-packages/airflow/example_dags/example_short_circuit_operator.py
[2024-02-21T13:24:09.346+0000] {processor.py:840} INFO - DAG(s) 'example_short_circuit_operator' retrieved from /home/airflow/.local/lib/python3.8/site-packages/airflow/example_dags/example_short_circuit_operator.py
[2024-02-21T13:24:09.385+0000] {logging_mixin.py:188} INFO - [2024-02-21T13:24:09.385+0000] {dag.py:3036} INFO - Sync 1 DAGs
[2024-02-21T13:24:09.419+0000] {logging_mixin.py:188} INFO - [2024-02-21T13:24:09.419+0000] {dag.py:3823} INFO - Setting next_dagrun for example_short_circuit_operator to 2024-02-20 00:00:00+00:00, run_after=2024-02-21 00:00:00+00:00
[2024-02-21T13:24:09.445+0000] {processor.py:183} INFO - Processing /home/airflow/.local/lib/python3.8/site-packages/airflow/example_dags/example_short_circuit_operator.py took 0.126 seconds
[2024-02-21T13:24:39.962+0000] {processor.py:161} INFO - Started process (PID=1100) to work on /home/airflow/.local/lib/python3.8/site-packages/airflow/example_dags/example_short_circuit_operator.py
[2024-02-21T13:24:39.964+0000] {processor.py:830} INFO - Processing file /home/airflow/.local/lib/python3.8/site-packages/airflow/example_dags/example_short_circuit_operator.py for tasks to queue
[2024-02-21T13:24:39.967+0000] {logging_mixin.py:188} INFO - [2024-02-21T13:24:39.967+0000] {dagbag.py:538} INFO - Filling up the DagBag from /home/airflow/.local/lib/python3.8/site-packages/airflow/example_dags/example_short_circuit_operator.py
[2024-02-21T13:24:39.982+0000] {processor.py:840} INFO - DAG(s) 'example_short_circuit_operator' retrieved from /home/airflow/.local/lib/python3.8/site-packages/airflow/example_dags/example_short_circuit_operator.py
[2024-02-21T13:24:40.025+0000] {logging_mixin.py:188} INFO - [2024-02-21T13:24:40.024+0000] {dag.py:3036} INFO - Sync 1 DAGs
[2024-02-21T13:24:40.058+0000] {logging_mixin.py:188} INFO - [2024-02-21T13:24:40.058+0000] {dag.py:3823} INFO - Setting next_dagrun for example_short_circuit_operator to 2024-02-20 00:00:00+00:00, run_after=2024-02-21 00:00:00+00:00
[2024-02-21T13:24:40.083+0000] {processor.py:183} INFO - Processing /home/airflow/.local/lib/python3.8/site-packages/airflow/example_dags/example_short_circuit_operator.py took 0.127 seconds
[2024-02-21T13:25:11.018+0000] {processor.py:161} INFO - Started process (PID=1156) to work on /home/airflow/.local/lib/python3.8/site-packages/airflow/example_dags/example_short_circuit_operator.py
[2024-02-21T13:25:11.021+0000] {processor.py:830} INFO - Processing file /home/airflow/.local/lib/python3.8/site-packages/airflow/example_dags/example_short_circuit_operator.py for tasks to queue
[2024-02-21T13:25:11.024+0000] {logging_mixin.py:188} INFO - [2024-02-21T13:25:11.024+0000] {dagbag.py:538} INFO - Filling up the DagBag from /home/airflow/.local/lib/python3.8/site-packages/airflow/example_dags/example_short_circuit_operator.py
[2024-02-21T13:25:11.043+0000] {processor.py:840} INFO - DAG(s) 'example_short_circuit_operator' retrieved from /home/airflow/.local/lib/python3.8/site-packages/airflow/example_dags/example_short_circuit_operator.py
[2024-02-21T13:25:11.097+0000] {logging_mixin.py:188} INFO - [2024-02-21T13:25:11.097+0000] {dag.py:3036} INFO - Sync 1 DAGs
[2024-02-21T13:25:11.141+0000] {logging_mixin.py:188} INFO - [2024-02-21T13:25:11.140+0000] {dag.py:3823} INFO - Setting next_dagrun for example_short_circuit_operator to 2024-02-20 00:00:00+00:00, run_after=2024-02-21 00:00:00+00:00
[2024-02-21T13:25:11.169+0000] {processor.py:183} INFO - Processing /home/airflow/.local/lib/python3.8/site-packages/airflow/example_dags/example_short_circuit_operator.py took 0.159 seconds
[2024-02-21T13:25:41.234+0000] {processor.py:161} INFO - Started process (PID=1211) to work on /home/airflow/.local/lib/python3.8/site-packages/airflow/example_dags/example_short_circuit_operator.py
[2024-02-21T13:25:41.235+0000] {processor.py:830} INFO - Processing file /home/airflow/.local/lib/python3.8/site-packages/airflow/example_dags/example_short_circuit_operator.py for tasks to queue
[2024-02-21T13:25:41.238+0000] {logging_mixin.py:188} INFO - [2024-02-21T13:25:41.237+0000] {dagbag.py:538} INFO - Filling up the DagBag from /home/airflow/.local/lib/python3.8/site-packages/airflow/example_dags/example_short_circuit_operator.py
[2024-02-21T13:25:41.251+0000] {processor.py:840} INFO - DAG(s) 'example_short_circuit_operator' retrieved from /home/airflow/.local/lib/python3.8/site-packages/airflow/example_dags/example_short_circuit_operator.py
[2024-02-21T13:25:41.292+0000] {logging_mixin.py:188} INFO - [2024-02-21T13:25:41.291+0000] {dag.py:3036} INFO - Sync 1 DAGs
[2024-02-21T13:25:41.341+0000] {logging_mixin.py:188} INFO - [2024-02-21T13:25:41.341+0000] {dag.py:3823} INFO - Setting next_dagrun for example_short_circuit_operator to 2024-02-20 00:00:00+00:00, run_after=2024-02-21 00:00:00+00:00
[2024-02-21T13:25:41.379+0000] {processor.py:183} INFO - Processing /home/airflow/.local/lib/python3.8/site-packages/airflow/example_dags/example_short_circuit_operator.py took 0.151 seconds
[2024-02-21T13:26:11.695+0000] {processor.py:161} INFO - Started process (PID=1266) to work on /home/airflow/.local/lib/python3.8/site-packages/airflow/example_dags/example_short_circuit_operator.py
[2024-02-21T13:26:11.698+0000] {processor.py:830} INFO - Processing file /home/airflow/.local/lib/python3.8/site-packages/airflow/example_dags/example_short_circuit_operator.py for tasks to queue
[2024-02-21T13:26:11.702+0000] {logging_mixin.py:188} INFO - [2024-02-21T13:26:11.702+0000] {dagbag.py:538} INFO - Filling up the DagBag from /home/airflow/.local/lib/python3.8/site-packages/airflow/example_dags/example_short_circuit_operator.py
[2024-02-21T13:26:11.716+0000] {processor.py:840} INFO - DAG(s) 'example_short_circuit_operator' retrieved from /home/airflow/.local/lib/python3.8/site-packages/airflow/example_dags/example_short_circuit_operator.py
[2024-02-21T13:26:11.757+0000] {logging_mixin.py:188} INFO - [2024-02-21T13:26:11.757+0000] {dag.py:3036} INFO - Sync 1 DAGs
[2024-02-21T13:26:11.798+0000] {logging_mixin.py:188} INFO - [2024-02-21T13:26:11.798+0000] {dag.py:3823} INFO - Setting next_dagrun for example_short_circuit_operator to 2024-02-20 00:00:00+00:00, run_after=2024-02-21 00:00:00+00:00
[2024-02-21T13:26:11.831+0000] {processor.py:183} INFO - Processing /home/airflow/.local/lib/python3.8/site-packages/airflow/example_dags/example_short_circuit_operator.py took 0.143 seconds
[2024-02-21T13:26:41.889+0000] {processor.py:161} INFO - Started process (PID=1322) to work on /home/airflow/.local/lib/python3.8/site-packages/airflow/example_dags/example_short_circuit_operator.py
[2024-02-21T13:26:41.890+0000] {processor.py:830} INFO - Processing file /home/airflow/.local/lib/python3.8/site-packages/airflow/example_dags/example_short_circuit_operator.py for tasks to queue
[2024-02-21T13:26:41.893+0000] {logging_mixin.py:188} INFO - [2024-02-21T13:26:41.893+0000] {dagbag.py:538} INFO - Filling up the DagBag from /home/airflow/.local/lib/python3.8/site-packages/airflow/example_dags/example_short_circuit_operator.py
[2024-02-21T13:26:41.907+0000] {processor.py:840} INFO - DAG(s) 'example_short_circuit_operator' retrieved from /home/airflow/.local/lib/python3.8/site-packages/airflow/example_dags/example_short_circuit_operator.py
[2024-02-21T13:26:41.947+0000] {logging_mixin.py:188} INFO - [2024-02-21T13:26:41.946+0000] {dag.py:3036} INFO - Sync 1 DAGs
[2024-02-21T13:26:41.985+0000] {logging_mixin.py:188} INFO - [2024-02-21T13:26:41.984+0000] {dag.py:3823} INFO - Setting next_dagrun for example_short_circuit_operator to 2024-02-20 00:00:00+00:00, run_after=2024-02-21 00:00:00+00:00
[2024-02-21T13:26:42.014+0000] {processor.py:183} INFO - Processing /home/airflow/.local/lib/python3.8/site-packages/airflow/example_dags/example_short_circuit_operator.py took 0.131 seconds
[2024-02-21T13:27:12.065+0000] {processor.py:161} INFO - Started process (PID=1376) to work on /home/airflow/.local/lib/python3.8/site-packages/airflow/example_dags/example_short_circuit_operator.py
[2024-02-21T13:27:12.068+0000] {processor.py:830} INFO - Processing file /home/airflow/.local/lib/python3.8/site-packages/airflow/example_dags/example_short_circuit_operator.py for tasks to queue
[2024-02-21T13:27:12.071+0000] {logging_mixin.py:188} INFO - [2024-02-21T13:27:12.071+0000] {dagbag.py:538} INFO - Filling up the DagBag from /home/airflow/.local/lib/python3.8/site-packages/airflow/example_dags/example_short_circuit_operator.py
[2024-02-21T13:27:12.084+0000] {processor.py:840} INFO - DAG(s) 'example_short_circuit_operator' retrieved from /home/airflow/.local/lib/python3.8/site-packages/airflow/example_dags/example_short_circuit_operator.py
[2024-02-21T13:27:12.124+0000] {logging_mixin.py:188} INFO - [2024-02-21T13:27:12.123+0000] {dag.py:3036} INFO - Sync 1 DAGs
[2024-02-21T13:27:12.160+0000] {logging_mixin.py:188} INFO - [2024-02-21T13:27:12.160+0000] {dag.py:3823} INFO - Setting next_dagrun for example_short_circuit_operator to 2024-02-20 00:00:00+00:00, run_after=2024-02-21 00:00:00+00:00
[2024-02-21T13:27:12.188+0000] {processor.py:183} INFO - Processing /home/airflow/.local/lib/python3.8/site-packages/airflow/example_dags/example_short_circuit_operator.py took 0.130 seconds
[2024-02-21T13:27:42.395+0000] {processor.py:161} INFO - Started process (PID=1432) to work on /home/airflow/.local/lib/python3.8/site-packages/airflow/example_dags/example_short_circuit_operator.py
[2024-02-21T13:27:42.397+0000] {processor.py:830} INFO - Processing file /home/airflow/.local/lib/python3.8/site-packages/airflow/example_dags/example_short_circuit_operator.py for tasks to queue
[2024-02-21T13:27:42.400+0000] {logging_mixin.py:188} INFO - [2024-02-21T13:27:42.399+0000] {dagbag.py:538} INFO - Filling up the DagBag from /home/airflow/.local/lib/python3.8/site-packages/airflow/example_dags/example_short_circuit_operator.py
[2024-02-21T13:27:42.413+0000] {processor.py:840} INFO - DAG(s) 'example_short_circuit_operator' retrieved from /home/airflow/.local/lib/python3.8/site-packages/airflow/example_dags/example_short_circuit_operator.py
[2024-02-21T13:27:42.451+0000] {logging_mixin.py:188} INFO - [2024-02-21T13:27:42.450+0000] {dag.py:3036} INFO - Sync 1 DAGs
[2024-02-21T13:27:42.485+0000] {logging_mixin.py:188} INFO - [2024-02-21T13:27:42.484+0000] {dag.py:3823} INFO - Setting next_dagrun for example_short_circuit_operator to 2024-02-20 00:00:00+00:00, run_after=2024-02-21 00:00:00+00:00
[2024-02-21T13:27:42.512+0000] {processor.py:183} INFO - Processing /home/airflow/.local/lib/python3.8/site-packages/airflow/example_dags/example_short_circuit_operator.py took 0.123 seconds
[2024-02-21T13:28:12.785+0000] {processor.py:161} INFO - Started process (PID=1488) to work on /home/airflow/.local/lib/python3.8/site-packages/airflow/example_dags/example_short_circuit_operator.py
[2024-02-21T13:28:12.786+0000] {processor.py:830} INFO - Processing file /home/airflow/.local/lib/python3.8/site-packages/airflow/example_dags/example_short_circuit_operator.py for tasks to queue
[2024-02-21T13:28:12.789+0000] {logging_mixin.py:188} INFO - [2024-02-21T13:28:12.789+0000] {dagbag.py:538} INFO - Filling up the DagBag from /home/airflow/.local/lib/python3.8/site-packages/airflow/example_dags/example_short_circuit_operator.py
[2024-02-21T13:28:12.802+0000] {processor.py:840} INFO - DAG(s) 'example_short_circuit_operator' retrieved from /home/airflow/.local/lib/python3.8/site-packages/airflow/example_dags/example_short_circuit_operator.py
[2024-02-21T13:28:12.841+0000] {logging_mixin.py:188} INFO - [2024-02-21T13:28:12.840+0000] {dag.py:3036} INFO - Sync 1 DAGs
[2024-02-21T13:28:12.877+0000] {logging_mixin.py:188} INFO - [2024-02-21T13:28:12.877+0000] {dag.py:3823} INFO - Setting next_dagrun for example_short_circuit_operator to 2024-02-20 00:00:00+00:00, run_after=2024-02-21 00:00:00+00:00
[2024-02-21T13:28:12.906+0000] {processor.py:183} INFO - Processing /home/airflow/.local/lib/python3.8/site-packages/airflow/example_dags/example_short_circuit_operator.py took 0.128 seconds
[2024-02-21T13:28:43.329+0000] {processor.py:161} INFO - Started process (PID=1543) to work on /home/airflow/.local/lib/python3.8/site-packages/airflow/example_dags/example_short_circuit_operator.py
[2024-02-21T13:28:43.331+0000] {processor.py:830} INFO - Processing file /home/airflow/.local/lib/python3.8/site-packages/airflow/example_dags/example_short_circuit_operator.py for tasks to queue
[2024-02-21T13:28:43.334+0000] {logging_mixin.py:188} INFO - [2024-02-21T13:28:43.334+0000] {dagbag.py:538} INFO - Filling up the DagBag from /home/airflow/.local/lib/python3.8/site-packages/airflow/example_dags/example_short_circuit_operator.py
[2024-02-21T13:28:43.348+0000] {processor.py:840} INFO - DAG(s) 'example_short_circuit_operator' retrieved from /home/airflow/.local/lib/python3.8/site-packages/airflow/example_dags/example_short_circuit_operator.py
[2024-02-21T13:28:43.391+0000] {logging_mixin.py:188} INFO - [2024-02-21T13:28:43.390+0000] {dag.py:3036} INFO - Sync 1 DAGs
[2024-02-21T13:28:43.426+0000] {logging_mixin.py:188} INFO - [2024-02-21T13:28:43.425+0000] {dag.py:3823} INFO - Setting next_dagrun for example_short_circuit_operator to 2024-02-20 00:00:00+00:00, run_after=2024-02-21 00:00:00+00:00
[2024-02-21T13:28:43.458+0000] {processor.py:183} INFO - Processing /home/airflow/.local/lib/python3.8/site-packages/airflow/example_dags/example_short_circuit_operator.py took 0.135 seconds
[2024-02-21T13:29:13.997+0000] {processor.py:161} INFO - Started process (PID=1598) to work on /home/airflow/.local/lib/python3.8/site-packages/airflow/example_dags/example_short_circuit_operator.py
[2024-02-21T13:29:13.999+0000] {processor.py:830} INFO - Processing file /home/airflow/.local/lib/python3.8/site-packages/airflow/example_dags/example_short_circuit_operator.py for tasks to queue
[2024-02-21T13:29:14.002+0000] {logging_mixin.py:188} INFO - [2024-02-21T13:29:14.002+0000] {dagbag.py:538} INFO - Filling up the DagBag from /home/airflow/.local/lib/python3.8/site-packages/airflow/example_dags/example_short_circuit_operator.py
[2024-02-21T13:29:14.023+0000] {processor.py:840} INFO - DAG(s) 'example_short_circuit_operator' retrieved from /home/airflow/.local/lib/python3.8/site-packages/airflow/example_dags/example_short_circuit_operator.py
[2024-02-21T13:29:14.069+0000] {logging_mixin.py:188} INFO - [2024-02-21T13:29:14.069+0000] {dag.py:3036} INFO - Sync 1 DAGs
[2024-02-21T13:29:14.103+0000] {logging_mixin.py:188} INFO - [2024-02-21T13:29:14.103+0000] {dag.py:3823} INFO - Setting next_dagrun for example_short_circuit_operator to 2024-02-20 00:00:00+00:00, run_after=2024-02-21 00:00:00+00:00
[2024-02-21T13:29:14.131+0000] {processor.py:183} INFO - Processing /home/airflow/.local/lib/python3.8/site-packages/airflow/example_dags/example_short_circuit_operator.py took 0.141 seconds
[2024-02-21T13:29:44.725+0000] {processor.py:161} INFO - Started process (PID=1653) to work on /home/airflow/.local/lib/python3.8/site-packages/airflow/example_dags/example_short_circuit_operator.py
[2024-02-21T13:29:44.726+0000] {processor.py:830} INFO - Processing file /home/airflow/.local/lib/python3.8/site-packages/airflow/example_dags/example_short_circuit_operator.py for tasks to queue
[2024-02-21T13:29:44.729+0000] {logging_mixin.py:188} INFO - [2024-02-21T13:29:44.729+0000] {dagbag.py:538} INFO - Filling up the DagBag from /home/airflow/.local/lib/python3.8/site-packages/airflow/example_dags/example_short_circuit_operator.py
[2024-02-21T13:29:44.742+0000] {processor.py:840} INFO - DAG(s) 'example_short_circuit_operator' retrieved from /home/airflow/.local/lib/python3.8/site-packages/airflow/example_dags/example_short_circuit_operator.py
[2024-02-21T13:29:44.783+0000] {logging_mixin.py:188} INFO - [2024-02-21T13:29:44.782+0000] {dag.py:3036} INFO - Sync 1 DAGs
[2024-02-21T13:29:44.820+0000] {logging_mixin.py:188} INFO - [2024-02-21T13:29:44.820+0000] {dag.py:3823} INFO - Setting next_dagrun for example_short_circuit_operator to 2024-02-20 00:00:00+00:00, run_after=2024-02-21 00:00:00+00:00
[2024-02-21T13:29:44.845+0000] {processor.py:183} INFO - Processing /home/airflow/.local/lib/python3.8/site-packages/airflow/example_dags/example_short_circuit_operator.py took 0.126 seconds
[2024-02-21T13:30:15.183+0000] {processor.py:161} INFO - Started process (PID=1708) to work on /home/airflow/.local/lib/python3.8/site-packages/airflow/example_dags/example_short_circuit_operator.py
[2024-02-21T13:30:15.186+0000] {processor.py:830} INFO - Processing file /home/airflow/.local/lib/python3.8/site-packages/airflow/example_dags/example_short_circuit_operator.py for tasks to queue
[2024-02-21T13:30:15.189+0000] {logging_mixin.py:188} INFO - [2024-02-21T13:30:15.189+0000] {dagbag.py:538} INFO - Filling up the DagBag from /home/airflow/.local/lib/python3.8/site-packages/airflow/example_dags/example_short_circuit_operator.py
[2024-02-21T13:30:15.204+0000] {processor.py:840} INFO - DAG(s) 'example_short_circuit_operator' retrieved from /home/airflow/.local/lib/python3.8/site-packages/airflow/example_dags/example_short_circuit_operator.py
[2024-02-21T13:30:15.244+0000] {logging_mixin.py:188} INFO - [2024-02-21T13:30:15.243+0000] {dag.py:3036} INFO - Sync 1 DAGs
[2024-02-21T13:30:15.281+0000] {logging_mixin.py:188} INFO - [2024-02-21T13:30:15.281+0000] {dag.py:3823} INFO - Setting next_dagrun for example_short_circuit_operator to 2024-02-20 00:00:00+00:00, run_after=2024-02-21 00:00:00+00:00
[2024-02-21T13:30:15.310+0000] {processor.py:183} INFO - Processing /home/airflow/.local/lib/python3.8/site-packages/airflow/example_dags/example_short_circuit_operator.py took 0.134 seconds
[2024-02-21T13:30:45.520+0000] {processor.py:161} INFO - Started process (PID=1763) to work on /home/airflow/.local/lib/python3.8/site-packages/airflow/example_dags/example_short_circuit_operator.py
[2024-02-21T13:30:45.523+0000] {processor.py:830} INFO - Processing file /home/airflow/.local/lib/python3.8/site-packages/airflow/example_dags/example_short_circuit_operator.py for tasks to queue
[2024-02-21T13:30:45.527+0000] {logging_mixin.py:188} INFO - [2024-02-21T13:30:45.526+0000] {dagbag.py:538} INFO - Filling up the DagBag from /home/airflow/.local/lib/python3.8/site-packages/airflow/example_dags/example_short_circuit_operator.py
[2024-02-21T13:30:45.544+0000] {processor.py:840} INFO - DAG(s) 'example_short_circuit_operator' retrieved from /home/airflow/.local/lib/python3.8/site-packages/airflow/example_dags/example_short_circuit_operator.py
[2024-02-21T13:30:45.592+0000] {logging_mixin.py:188} INFO - [2024-02-21T13:30:45.591+0000] {dag.py:3036} INFO - Sync 1 DAGs
[2024-02-21T13:30:45.627+0000] {logging_mixin.py:188} INFO - [2024-02-21T13:30:45.627+0000] {dag.py:3823} INFO - Setting next_dagrun for example_short_circuit_operator to 2024-02-20 00:00:00+00:00, run_after=2024-02-21 00:00:00+00:00
[2024-02-21T13:30:45.654+0000] {processor.py:183} INFO - Processing /home/airflow/.local/lib/python3.8/site-packages/airflow/example_dags/example_short_circuit_operator.py took 0.142 seconds
[2024-02-21T13:31:15.733+0000] {processor.py:161} INFO - Started process (PID=1817) to work on /home/airflow/.local/lib/python3.8/site-packages/airflow/example_dags/example_short_circuit_operator.py
[2024-02-21T13:31:15.735+0000] {processor.py:830} INFO - Processing file /home/airflow/.local/lib/python3.8/site-packages/airflow/example_dags/example_short_circuit_operator.py for tasks to queue
[2024-02-21T13:31:15.738+0000] {logging_mixin.py:188} INFO - [2024-02-21T13:31:15.738+0000] {dagbag.py:538} INFO - Filling up the DagBag from /home/airflow/.local/lib/python3.8/site-packages/airflow/example_dags/example_short_circuit_operator.py
[2024-02-21T13:31:15.752+0000] {processor.py:840} INFO - DAG(s) 'example_short_circuit_operator' retrieved from /home/airflow/.local/lib/python3.8/site-packages/airflow/example_dags/example_short_circuit_operator.py
[2024-02-21T13:31:15.791+0000] {logging_mixin.py:188} INFO - [2024-02-21T13:31:15.791+0000] {dag.py:3036} INFO - Sync 1 DAGs
[2024-02-21T13:31:15.826+0000] {logging_mixin.py:188} INFO - [2024-02-21T13:31:15.825+0000] {dag.py:3823} INFO - Setting next_dagrun for example_short_circuit_operator to 2024-02-20 00:00:00+00:00, run_after=2024-02-21 00:00:00+00:00
[2024-02-21T13:31:15.854+0000] {processor.py:183} INFO - Processing /home/airflow/.local/lib/python3.8/site-packages/airflow/example_dags/example_short_circuit_operator.py took 0.130 seconds
[2024-02-21T13:31:46.096+0000] {processor.py:161} INFO - Started process (PID=1872) to work on /home/airflow/.local/lib/python3.8/site-packages/airflow/example_dags/example_short_circuit_operator.py
[2024-02-21T13:31:46.098+0000] {processor.py:830} INFO - Processing file /home/airflow/.local/lib/python3.8/site-packages/airflow/example_dags/example_short_circuit_operator.py for tasks to queue
[2024-02-21T13:31:46.101+0000] {logging_mixin.py:188} INFO - [2024-02-21T13:31:46.100+0000] {dagbag.py:538} INFO - Filling up the DagBag from /home/airflow/.local/lib/python3.8/site-packages/airflow/example_dags/example_short_circuit_operator.py
[2024-02-21T13:31:46.117+0000] {processor.py:840} INFO - DAG(s) 'example_short_circuit_operator' retrieved from /home/airflow/.local/lib/python3.8/site-packages/airflow/example_dags/example_short_circuit_operator.py
[2024-02-21T13:31:46.163+0000] {logging_mixin.py:188} INFO - [2024-02-21T13:31:46.162+0000] {dag.py:3036} INFO - Sync 1 DAGs
[2024-02-21T13:31:46.205+0000] {logging_mixin.py:188} INFO - [2024-02-21T13:31:46.204+0000] {dag.py:3823} INFO - Setting next_dagrun for example_short_circuit_operator to 2024-02-20 00:00:00+00:00, run_after=2024-02-21 00:00:00+00:00
[2024-02-21T13:31:46.237+0000] {processor.py:183} INFO - Processing /home/airflow/.local/lib/python3.8/site-packages/airflow/example_dags/example_short_circuit_operator.py took 0.147 seconds
[2024-02-21T13:32:16.419+0000] {processor.py:161} INFO - Started process (PID=1928) to work on /home/airflow/.local/lib/python3.8/site-packages/airflow/example_dags/example_short_circuit_operator.py
[2024-02-21T13:32:16.422+0000] {processor.py:830} INFO - Processing file /home/airflow/.local/lib/python3.8/site-packages/airflow/example_dags/example_short_circuit_operator.py for tasks to queue
[2024-02-21T13:32:16.425+0000] {logging_mixin.py:188} INFO - [2024-02-21T13:32:16.425+0000] {dagbag.py:538} INFO - Filling up the DagBag from /home/airflow/.local/lib/python3.8/site-packages/airflow/example_dags/example_short_circuit_operator.py
[2024-02-21T13:32:16.440+0000] {processor.py:840} INFO - DAG(s) 'example_short_circuit_operator' retrieved from /home/airflow/.local/lib/python3.8/site-packages/airflow/example_dags/example_short_circuit_operator.py
[2024-02-21T13:32:16.478+0000] {logging_mixin.py:188} INFO - [2024-02-21T13:32:16.478+0000] {dag.py:3036} INFO - Sync 1 DAGs
[2024-02-21T13:32:16.512+0000] {logging_mixin.py:188} INFO - [2024-02-21T13:32:16.512+0000] {dag.py:3823} INFO - Setting next_dagrun for example_short_circuit_operator to 2024-02-20 00:00:00+00:00, run_after=2024-02-21 00:00:00+00:00
[2024-02-21T13:32:16.539+0000] {processor.py:183} INFO - Processing /home/airflow/.local/lib/python3.8/site-packages/airflow/example_dags/example_short_circuit_operator.py took 0.126 seconds
[2024-02-21T13:32:46.799+0000] {processor.py:161} INFO - Started process (PID=1983) to work on /home/airflow/.local/lib/python3.8/site-packages/airflow/example_dags/example_short_circuit_operator.py
[2024-02-21T13:32:46.801+0000] {processor.py:830} INFO - Processing file /home/airflow/.local/lib/python3.8/site-packages/airflow/example_dags/example_short_circuit_operator.py for tasks to queue
[2024-02-21T13:32:46.805+0000] {logging_mixin.py:188} INFO - [2024-02-21T13:32:46.805+0000] {dagbag.py:538} INFO - Filling up the DagBag from /home/airflow/.local/lib/python3.8/site-packages/airflow/example_dags/example_short_circuit_operator.py
[2024-02-21T13:32:46.823+0000] {processor.py:840} INFO - DAG(s) 'example_short_circuit_operator' retrieved from /home/airflow/.local/lib/python3.8/site-packages/airflow/example_dags/example_short_circuit_operator.py
[2024-02-21T13:32:46.863+0000] {logging_mixin.py:188} INFO - [2024-02-21T13:32:46.863+0000] {dag.py:3036} INFO - Sync 1 DAGs
[2024-02-21T13:32:46.898+0000] {logging_mixin.py:188} INFO - [2024-02-21T13:32:46.897+0000] {dag.py:3823} INFO - Setting next_dagrun for example_short_circuit_operator to 2024-02-20 00:00:00+00:00, run_after=2024-02-21 00:00:00+00:00
[2024-02-21T13:32:46.925+0000] {processor.py:183} INFO - Processing /home/airflow/.local/lib/python3.8/site-packages/airflow/example_dags/example_short_circuit_operator.py took 0.133 seconds
[2024-02-21T13:33:17.452+0000] {processor.py:161} INFO - Started process (PID=2038) to work on /home/airflow/.local/lib/python3.8/site-packages/airflow/example_dags/example_short_circuit_operator.py
[2024-02-21T13:33:17.454+0000] {processor.py:830} INFO - Processing file /home/airflow/.local/lib/python3.8/site-packages/airflow/example_dags/example_short_circuit_operator.py for tasks to queue
[2024-02-21T13:33:17.458+0000] {logging_mixin.py:188} INFO - [2024-02-21T13:33:17.457+0000] {dagbag.py:538} INFO - Filling up the DagBag from /home/airflow/.local/lib/python3.8/site-packages/airflow/example_dags/example_short_circuit_operator.py
[2024-02-21T13:33:17.471+0000] {processor.py:840} INFO - DAG(s) 'example_short_circuit_operator' retrieved from /home/airflow/.local/lib/python3.8/site-packages/airflow/example_dags/example_short_circuit_operator.py
[2024-02-21T13:33:17.510+0000] {logging_mixin.py:188} INFO - [2024-02-21T13:33:17.509+0000] {dag.py:3036} INFO - Sync 1 DAGs
[2024-02-21T13:33:17.545+0000] {logging_mixin.py:188} INFO - [2024-02-21T13:33:17.545+0000] {dag.py:3823} INFO - Setting next_dagrun for example_short_circuit_operator to 2024-02-20 00:00:00+00:00, run_after=2024-02-21 00:00:00+00:00
[2024-02-21T13:33:17.575+0000] {processor.py:183} INFO - Processing /home/airflow/.local/lib/python3.8/site-packages/airflow/example_dags/example_short_circuit_operator.py took 0.130 seconds
[2024-02-21T13:33:47.677+0000] {processor.py:161} INFO - Started process (PID=2091) to work on /home/airflow/.local/lib/python3.8/site-packages/airflow/example_dags/example_short_circuit_operator.py
[2024-02-21T13:33:47.680+0000] {processor.py:830} INFO - Processing file /home/airflow/.local/lib/python3.8/site-packages/airflow/example_dags/example_short_circuit_operator.py for tasks to queue
[2024-02-21T13:33:47.683+0000] {logging_mixin.py:188} INFO - [2024-02-21T13:33:47.683+0000] {dagbag.py:538} INFO - Filling up the DagBag from /home/airflow/.local/lib/python3.8/site-packages/airflow/example_dags/example_short_circuit_operator.py
[2024-02-21T13:33:47.697+0000] {processor.py:840} INFO - DAG(s) 'example_short_circuit_operator' retrieved from /home/airflow/.local/lib/python3.8/site-packages/airflow/example_dags/example_short_circuit_operator.py
[2024-02-21T13:33:47.736+0000] {logging_mixin.py:188} INFO - [2024-02-21T13:33:47.736+0000] {dag.py:3036} INFO - Sync 1 DAGs
[2024-02-21T13:33:47.775+0000] {logging_mixin.py:188} INFO - [2024-02-21T13:33:47.775+0000] {dag.py:3823} INFO - Setting next_dagrun for example_short_circuit_operator to 2024-02-20 00:00:00+00:00, run_after=2024-02-21 00:00:00+00:00
[2024-02-21T13:33:47.804+0000] {processor.py:183} INFO - Processing /home/airflow/.local/lib/python3.8/site-packages/airflow/example_dags/example_short_circuit_operator.py took 0.133 seconds
[2024-02-21T13:34:17.945+0000] {processor.py:161} INFO - Started process (PID=2146) to work on /home/airflow/.local/lib/python3.8/site-packages/airflow/example_dags/example_short_circuit_operator.py
[2024-02-21T13:34:17.947+0000] {processor.py:830} INFO - Processing file /home/airflow/.local/lib/python3.8/site-packages/airflow/example_dags/example_short_circuit_operator.py for tasks to queue
[2024-02-21T13:34:17.950+0000] {logging_mixin.py:188} INFO - [2024-02-21T13:34:17.950+0000] {dagbag.py:538} INFO - Filling up the DagBag from /home/airflow/.local/lib/python3.8/site-packages/airflow/example_dags/example_short_circuit_operator.py
[2024-02-21T13:34:17.963+0000] {processor.py:840} INFO - DAG(s) 'example_short_circuit_operator' retrieved from /home/airflow/.local/lib/python3.8/site-packages/airflow/example_dags/example_short_circuit_operator.py
[2024-02-21T13:34:18.001+0000] {logging_mixin.py:188} INFO - [2024-02-21T13:34:18.001+0000] {dag.py:3036} INFO - Sync 1 DAGs
[2024-02-21T13:34:18.041+0000] {logging_mixin.py:188} INFO - [2024-02-21T13:34:18.040+0000] {dag.py:3823} INFO - Setting next_dagrun for example_short_circuit_operator to 2024-02-20 00:00:00+00:00, run_after=2024-02-21 00:00:00+00:00
[2024-02-21T13:34:18.073+0000] {processor.py:183} INFO - Processing /home/airflow/.local/lib/python3.8/site-packages/airflow/example_dags/example_short_circuit_operator.py took 0.135 seconds
[2024-02-21T13:34:48.965+0000] {processor.py:161} INFO - Started process (PID=2201) to work on /home/airflow/.local/lib/python3.8/site-packages/airflow/example_dags/example_short_circuit_operator.py
[2024-02-21T13:34:48.966+0000] {processor.py:830} INFO - Processing file /home/airflow/.local/lib/python3.8/site-packages/airflow/example_dags/example_short_circuit_operator.py for tasks to queue
[2024-02-21T13:34:48.969+0000] {logging_mixin.py:188} INFO - [2024-02-21T13:34:48.969+0000] {dagbag.py:538} INFO - Filling up the DagBag from /home/airflow/.local/lib/python3.8/site-packages/airflow/example_dags/example_short_circuit_operator.py
[2024-02-21T13:34:48.982+0000] {processor.py:840} INFO - DAG(s) 'example_short_circuit_operator' retrieved from /home/airflow/.local/lib/python3.8/site-packages/airflow/example_dags/example_short_circuit_operator.py
[2024-02-21T13:34:49.024+0000] {logging_mixin.py:188} INFO - [2024-02-21T13:34:49.024+0000] {dag.py:3036} INFO - Sync 1 DAGs
[2024-02-21T13:34:49.057+0000] {logging_mixin.py:188} INFO - [2024-02-21T13:34:49.057+0000] {dag.py:3823} INFO - Setting next_dagrun for example_short_circuit_operator to 2024-02-20 00:00:00+00:00, run_after=2024-02-21 00:00:00+00:00
[2024-02-21T13:34:49.083+0000] {processor.py:183} INFO - Processing /home/airflow/.local/lib/python3.8/site-packages/airflow/example_dags/example_short_circuit_operator.py took 0.124 seconds
[2024-02-21T13:35:19.475+0000] {processor.py:161} INFO - Started process (PID=2256) to work on /home/airflow/.local/lib/python3.8/site-packages/airflow/example_dags/example_short_circuit_operator.py
[2024-02-21T13:35:19.477+0000] {processor.py:830} INFO - Processing file /home/airflow/.local/lib/python3.8/site-packages/airflow/example_dags/example_short_circuit_operator.py for tasks to queue
[2024-02-21T13:35:19.481+0000] {logging_mixin.py:188} INFO - [2024-02-21T13:35:19.480+0000] {dagbag.py:538} INFO - Filling up the DagBag from /home/airflow/.local/lib/python3.8/site-packages/airflow/example_dags/example_short_circuit_operator.py
[2024-02-21T13:35:19.494+0000] {processor.py:840} INFO - DAG(s) 'example_short_circuit_operator' retrieved from /home/airflow/.local/lib/python3.8/site-packages/airflow/example_dags/example_short_circuit_operator.py
[2024-02-21T13:35:19.533+0000] {logging_mixin.py:188} INFO - [2024-02-21T13:35:19.533+0000] {dag.py:3036} INFO - Sync 1 DAGs
[2024-02-21T13:35:19.567+0000] {logging_mixin.py:188} INFO - [2024-02-21T13:35:19.566+0000] {dag.py:3823} INFO - Setting next_dagrun for example_short_circuit_operator to 2024-02-20 00:00:00+00:00, run_after=2024-02-21 00:00:00+00:00
[2024-02-21T13:35:19.600+0000] {processor.py:183} INFO - Processing /home/airflow/.local/lib/python3.8/site-packages/airflow/example_dags/example_short_circuit_operator.py took 0.132 seconds
[2024-02-21T13:35:50.006+0000] {processor.py:161} INFO - Started process (PID=2311) to work on /home/airflow/.local/lib/python3.8/site-packages/airflow/example_dags/example_short_circuit_operator.py
[2024-02-21T13:35:50.009+0000] {processor.py:830} INFO - Processing file /home/airflow/.local/lib/python3.8/site-packages/airflow/example_dags/example_short_circuit_operator.py for tasks to queue
[2024-02-21T13:35:50.013+0000] {logging_mixin.py:188} INFO - [2024-02-21T13:35:50.012+0000] {dagbag.py:538} INFO - Filling up the DagBag from /home/airflow/.local/lib/python3.8/site-packages/airflow/example_dags/example_short_circuit_operator.py
[2024-02-21T13:35:50.031+0000] {processor.py:840} INFO - DAG(s) 'example_short_circuit_operator' retrieved from /home/airflow/.local/lib/python3.8/site-packages/airflow/example_dags/example_short_circuit_operator.py
[2024-02-21T13:35:50.090+0000] {logging_mixin.py:188} INFO - [2024-02-21T13:35:50.090+0000] {dag.py:3036} INFO - Sync 1 DAGs
[2024-02-21T13:35:50.136+0000] {logging_mixin.py:188} INFO - [2024-02-21T13:35:50.136+0000] {dag.py:3823} INFO - Setting next_dagrun for example_short_circuit_operator to 2024-02-20 00:00:00+00:00, run_after=2024-02-21 00:00:00+00:00
[2024-02-21T13:35:50.173+0000] {processor.py:183} INFO - Processing /home/airflow/.local/lib/python3.8/site-packages/airflow/example_dags/example_short_circuit_operator.py took 0.176 seconds
[2024-02-21T13:36:20.700+0000] {processor.py:161} INFO - Started process (PID=2366) to work on /home/airflow/.local/lib/python3.8/site-packages/airflow/example_dags/example_short_circuit_operator.py
[2024-02-21T13:36:20.701+0000] {processor.py:830} INFO - Processing file /home/airflow/.local/lib/python3.8/site-packages/airflow/example_dags/example_short_circuit_operator.py for tasks to queue
[2024-02-21T13:36:20.704+0000] {logging_mixin.py:188} INFO - [2024-02-21T13:36:20.703+0000] {dagbag.py:538} INFO - Filling up the DagBag from /home/airflow/.local/lib/python3.8/site-packages/airflow/example_dags/example_short_circuit_operator.py
[2024-02-21T13:36:20.717+0000] {processor.py:840} INFO - DAG(s) 'example_short_circuit_operator' retrieved from /home/airflow/.local/lib/python3.8/site-packages/airflow/example_dags/example_short_circuit_operator.py
[2024-02-21T13:36:20.776+0000] {logging_mixin.py:188} INFO - [2024-02-21T13:36:20.776+0000] {dag.py:3036} INFO - Sync 1 DAGs
[2024-02-21T13:36:20.817+0000] {logging_mixin.py:188} INFO - [2024-02-21T13:36:20.817+0000] {dag.py:3823} INFO - Setting next_dagrun for example_short_circuit_operator to 2024-02-20 00:00:00+00:00, run_after=2024-02-21 00:00:00+00:00
[2024-02-21T13:36:20.848+0000] {processor.py:183} INFO - Processing /home/airflow/.local/lib/python3.8/site-packages/airflow/example_dags/example_short_circuit_operator.py took 0.155 seconds
[2024-02-21T13:36:50.988+0000] {processor.py:161} INFO - Started process (PID=2420) to work on /home/airflow/.local/lib/python3.8/site-packages/airflow/example_dags/example_short_circuit_operator.py
[2024-02-21T13:36:50.990+0000] {processor.py:830} INFO - Processing file /home/airflow/.local/lib/python3.8/site-packages/airflow/example_dags/example_short_circuit_operator.py for tasks to queue
[2024-02-21T13:36:50.994+0000] {logging_mixin.py:188} INFO - [2024-02-21T13:36:50.994+0000] {dagbag.py:538} INFO - Filling up the DagBag from /home/airflow/.local/lib/python3.8/site-packages/airflow/example_dags/example_short_circuit_operator.py
[2024-02-21T13:36:51.009+0000] {processor.py:840} INFO - DAG(s) 'example_short_circuit_operator' retrieved from /home/airflow/.local/lib/python3.8/site-packages/airflow/example_dags/example_short_circuit_operator.py
[2024-02-21T13:36:51.060+0000] {logging_mixin.py:188} INFO - [2024-02-21T13:36:51.060+0000] {dag.py:3036} INFO - Sync 1 DAGs
[2024-02-21T13:36:51.100+0000] {logging_mixin.py:188} INFO - [2024-02-21T13:36:51.100+0000] {dag.py:3823} INFO - Setting next_dagrun for example_short_circuit_operator to 2024-02-20 00:00:00+00:00, run_after=2024-02-21 00:00:00+00:00
[2024-02-21T13:36:51.362+0000] {processor.py:183} INFO - Processing /home/airflow/.local/lib/python3.8/site-packages/airflow/example_dags/example_short_circuit_operator.py took 0.380 seconds
[2024-02-21T13:37:22.248+0000] {processor.py:161} INFO - Started process (PID=2483) to work on /home/airflow/.local/lib/python3.8/site-packages/airflow/example_dags/example_short_circuit_operator.py
[2024-02-21T13:37:22.251+0000] {processor.py:830} INFO - Processing file /home/airflow/.local/lib/python3.8/site-packages/airflow/example_dags/example_short_circuit_operator.py for tasks to queue
[2024-02-21T13:37:22.254+0000] {logging_mixin.py:188} INFO - [2024-02-21T13:37:22.254+0000] {dagbag.py:538} INFO - Filling up the DagBag from /home/airflow/.local/lib/python3.8/site-packages/airflow/example_dags/example_short_circuit_operator.py
[2024-02-21T13:37:22.269+0000] {processor.py:840} INFO - DAG(s) 'example_short_circuit_operator' retrieved from /home/airflow/.local/lib/python3.8/site-packages/airflow/example_dags/example_short_circuit_operator.py
[2024-02-21T13:37:22.310+0000] {logging_mixin.py:188} INFO - [2024-02-21T13:37:22.309+0000] {dag.py:3036} INFO - Sync 1 DAGs
[2024-02-21T13:37:22.345+0000] {logging_mixin.py:188} INFO - [2024-02-21T13:37:22.344+0000] {dag.py:3823} INFO - Setting next_dagrun for example_short_circuit_operator to 2024-02-20 00:00:00+00:00, run_after=2024-02-21 00:00:00+00:00
[2024-02-21T13:37:22.599+0000] {processor.py:183} INFO - Processing /home/airflow/.local/lib/python3.8/site-packages/airflow/example_dags/example_short_circuit_operator.py took 0.357 seconds
[2024-02-21T13:37:53.501+0000] {processor.py:161} INFO - Started process (PID=2538) to work on /home/airflow/.local/lib/python3.8/site-packages/airflow/example_dags/example_short_circuit_operator.py
[2024-02-21T13:37:53.504+0000] {processor.py:830} INFO - Processing file /home/airflow/.local/lib/python3.8/site-packages/airflow/example_dags/example_short_circuit_operator.py for tasks to queue
[2024-02-21T13:37:53.507+0000] {logging_mixin.py:188} INFO - [2024-02-21T13:37:53.507+0000] {dagbag.py:538} INFO - Filling up the DagBag from /home/airflow/.local/lib/python3.8/site-packages/airflow/example_dags/example_short_circuit_operator.py
[2024-02-21T13:37:53.523+0000] {processor.py:840} INFO - DAG(s) 'example_short_circuit_operator' retrieved from /home/airflow/.local/lib/python3.8/site-packages/airflow/example_dags/example_short_circuit_operator.py
[2024-02-21T13:37:53.565+0000] {logging_mixin.py:188} INFO - [2024-02-21T13:37:53.565+0000] {dag.py:3036} INFO - Sync 1 DAGs
[2024-02-21T13:37:53.630+0000] {logging_mixin.py:188} INFO - [2024-02-21T13:37:53.630+0000] {dag.py:3823} INFO - Setting next_dagrun for example_short_circuit_operator to 2024-02-20 00:00:00+00:00, run_after=2024-02-21 00:00:00+00:00
[2024-02-21T13:37:53.673+0000] {processor.py:183} INFO - Processing /home/airflow/.local/lib/python3.8/site-packages/airflow/example_dags/example_short_circuit_operator.py took 0.180 seconds
[2024-02-21T13:38:24.175+0000] {processor.py:161} INFO - Started process (PID=2593) to work on /home/airflow/.local/lib/python3.8/site-packages/airflow/example_dags/example_short_circuit_operator.py
[2024-02-21T13:38:24.176+0000] {processor.py:830} INFO - Processing file /home/airflow/.local/lib/python3.8/site-packages/airflow/example_dags/example_short_circuit_operator.py for tasks to queue
[2024-02-21T13:38:24.180+0000] {logging_mixin.py:188} INFO - [2024-02-21T13:38:24.180+0000] {dagbag.py:538} INFO - Filling up the DagBag from /home/airflow/.local/lib/python3.8/site-packages/airflow/example_dags/example_short_circuit_operator.py
[2024-02-21T13:38:24.193+0000] {processor.py:840} INFO - DAG(s) 'example_short_circuit_operator' retrieved from /home/airflow/.local/lib/python3.8/site-packages/airflow/example_dags/example_short_circuit_operator.py
[2024-02-21T13:38:24.230+0000] {logging_mixin.py:188} INFO - [2024-02-21T13:38:24.230+0000] {dag.py:3036} INFO - Sync 1 DAGs
[2024-02-21T13:38:24.264+0000] {logging_mixin.py:188} INFO - [2024-02-21T13:38:24.264+0000] {dag.py:3823} INFO - Setting next_dagrun for example_short_circuit_operator to 2024-02-20 00:00:00+00:00, run_after=2024-02-21 00:00:00+00:00
[2024-02-21T13:38:24.331+0000] {processor.py:183} INFO - Processing /home/airflow/.local/lib/python3.8/site-packages/airflow/example_dags/example_short_circuit_operator.py took 0.164 seconds
[2024-02-21T13:38:54.668+0000] {processor.py:161} INFO - Started process (PID=2649) to work on /home/airflow/.local/lib/python3.8/site-packages/airflow/example_dags/example_short_circuit_operator.py
[2024-02-21T13:38:54.671+0000] {processor.py:830} INFO - Processing file /home/airflow/.local/lib/python3.8/site-packages/airflow/example_dags/example_short_circuit_operator.py for tasks to queue
[2024-02-21T13:38:54.674+0000] {logging_mixin.py:188} INFO - [2024-02-21T13:38:54.674+0000] {dagbag.py:538} INFO - Filling up the DagBag from /home/airflow/.local/lib/python3.8/site-packages/airflow/example_dags/example_short_circuit_operator.py
[2024-02-21T13:38:54.902+0000] {processor.py:840} INFO - DAG(s) 'example_short_circuit_operator' retrieved from /home/airflow/.local/lib/python3.8/site-packages/airflow/example_dags/example_short_circuit_operator.py
[2024-02-21T13:38:54.936+0000] {logging_mixin.py:188} INFO - [2024-02-21T13:38:54.936+0000] {dag.py:3036} INFO - Sync 1 DAGs
[2024-02-21T13:38:54.966+0000] {logging_mixin.py:188} INFO - [2024-02-21T13:38:54.965+0000] {dag.py:3823} INFO - Setting next_dagrun for example_short_circuit_operator to 2024-02-20 00:00:00+00:00, run_after=2024-02-21 00:00:00+00:00
[2024-02-21T13:38:54.992+0000] {processor.py:183} INFO - Processing /home/airflow/.local/lib/python3.8/site-packages/airflow/example_dags/example_short_circuit_operator.py took 0.330 seconds
