[2024-02-21T13:15:02.659+0000] {processor.py:161} INFO - Started process (PID=72) to work on /home/airflow/.local/lib/python3.8/site-packages/airflow/example_dags/example_task_group_decorator.py
[2024-02-21T13:15:02.661+0000] {processor.py:830} INFO - Processing file /home/airflow/.local/lib/python3.8/site-packages/airflow/example_dags/example_task_group_decorator.py for tasks to queue
[2024-02-21T13:15:02.665+0000] {logging_mixin.py:188} INFO - [2024-02-21T13:15:02.664+0000] {dagbag.py:538} INFO - Filling up the DagBag from /home/airflow/.local/lib/python3.8/site-packages/airflow/example_dags/example_task_group_decorator.py
[2024-02-21T13:15:02.700+0000] {processor.py:840} INFO - DAG(s) 'example_task_group_decorator' retrieved from /home/airflow/.local/lib/python3.8/site-packages/airflow/example_dags/example_task_group_decorator.py
[2024-02-21T13:15:02.943+0000] {logging_mixin.py:188} INFO - [2024-02-21T13:15:02.942+0000] {override.py:1769} INFO - Created Permission View: can read on DAG:example_task_group_decorator
[2024-02-21T13:15:02.962+0000] {logging_mixin.py:188} INFO - [2024-02-21T13:15:02.962+0000] {override.py:1769} INFO - Created Permission View: can edit on DAG:example_task_group_decorator
[2024-02-21T13:15:02.976+0000] {logging_mixin.py:188} INFO - [2024-02-21T13:15:02.975+0000] {override.py:1769} INFO - Created Permission View: can delete on DAG:example_task_group_decorator
[2024-02-21T13:15:02.977+0000] {logging_mixin.py:188} INFO - [2024-02-21T13:15:02.976+0000] {dag.py:3036} INFO - Sync 1 DAGs
[2024-02-21T13:15:03.001+0000] {logging_mixin.py:188} INFO - [2024-02-21T13:15:03.000+0000] {dag.py:3058} INFO - Creating ORM DAG for example_task_group_decorator
[2024-02-21T13:15:03.024+0000] {logging_mixin.py:188} INFO - [2024-02-21T13:15:03.024+0000] {dag.py:3823} INFO - Setting next_dagrun for example_task_group_decorator to 2024-02-20 00:00:00+00:00, run_after=2024-02-21 00:00:00+00:00
[2024-02-21T13:15:03.056+0000] {processor.py:183} INFO - Processing /home/airflow/.local/lib/python3.8/site-packages/airflow/example_dags/example_task_group_decorator.py took 0.404 seconds
[2024-02-21T13:15:33.887+0000] {processor.py:161} INFO - Started process (PID=126) to work on /home/airflow/.local/lib/python3.8/site-packages/airflow/example_dags/example_task_group_decorator.py
[2024-02-21T13:15:33.889+0000] {processor.py:830} INFO - Processing file /home/airflow/.local/lib/python3.8/site-packages/airflow/example_dags/example_task_group_decorator.py for tasks to queue
[2024-02-21T13:15:33.892+0000] {logging_mixin.py:188} INFO - [2024-02-21T13:15:33.892+0000] {dagbag.py:538} INFO - Filling up the DagBag from /home/airflow/.local/lib/python3.8/site-packages/airflow/example_dags/example_task_group_decorator.py
[2024-02-21T13:15:33.916+0000] {processor.py:840} INFO - DAG(s) 'example_task_group_decorator' retrieved from /home/airflow/.local/lib/python3.8/site-packages/airflow/example_dags/example_task_group_decorator.py
[2024-02-21T13:15:33.956+0000] {logging_mixin.py:188} INFO - [2024-02-21T13:15:33.956+0000] {dag.py:3036} INFO - Sync 1 DAGs
[2024-02-21T13:15:33.994+0000] {logging_mixin.py:188} INFO - [2024-02-21T13:15:33.994+0000] {dag.py:3823} INFO - Setting next_dagrun for example_task_group_decorator to 2024-02-20 00:00:00+00:00, run_after=2024-02-21 00:00:00+00:00
[2024-02-21T13:15:34.027+0000] {processor.py:183} INFO - Processing /home/airflow/.local/lib/python3.8/site-packages/airflow/example_dags/example_task_group_decorator.py took 0.145 seconds
[2024-02-21T13:16:04.481+0000] {processor.py:161} INFO - Started process (PID=180) to work on /home/airflow/.local/lib/python3.8/site-packages/airflow/example_dags/example_task_group_decorator.py
[2024-02-21T13:16:04.484+0000] {processor.py:830} INFO - Processing file /home/airflow/.local/lib/python3.8/site-packages/airflow/example_dags/example_task_group_decorator.py for tasks to queue
[2024-02-21T13:16:04.489+0000] {logging_mixin.py:188} INFO - [2024-02-21T13:16:04.488+0000] {dagbag.py:538} INFO - Filling up the DagBag from /home/airflow/.local/lib/python3.8/site-packages/airflow/example_dags/example_task_group_decorator.py
[2024-02-21T13:16:04.514+0000] {processor.py:840} INFO - DAG(s) 'example_task_group_decorator' retrieved from /home/airflow/.local/lib/python3.8/site-packages/airflow/example_dags/example_task_group_decorator.py
[2024-02-21T13:16:04.561+0000] {logging_mixin.py:188} INFO - [2024-02-21T13:16:04.561+0000] {dag.py:3036} INFO - Sync 1 DAGs
[2024-02-21T13:16:04.613+0000] {logging_mixin.py:188} INFO - [2024-02-21T13:16:04.613+0000] {dag.py:3823} INFO - Setting next_dagrun for example_task_group_decorator to 2024-02-20 00:00:00+00:00, run_after=2024-02-21 00:00:00+00:00
[2024-02-21T13:16:04.648+0000] {processor.py:183} INFO - Processing /home/airflow/.local/lib/python3.8/site-packages/airflow/example_dags/example_task_group_decorator.py took 0.176 seconds
[2024-02-21T13:16:35.484+0000] {processor.py:161} INFO - Started process (PID=236) to work on /home/airflow/.local/lib/python3.8/site-packages/airflow/example_dags/example_task_group_decorator.py
[2024-02-21T13:16:35.487+0000] {processor.py:830} INFO - Processing file /home/airflow/.local/lib/python3.8/site-packages/airflow/example_dags/example_task_group_decorator.py for tasks to queue
[2024-02-21T13:16:35.490+0000] {logging_mixin.py:188} INFO - [2024-02-21T13:16:35.489+0000] {dagbag.py:538} INFO - Filling up the DagBag from /home/airflow/.local/lib/python3.8/site-packages/airflow/example_dags/example_task_group_decorator.py
[2024-02-21T13:16:35.512+0000] {processor.py:840} INFO - DAG(s) 'example_task_group_decorator' retrieved from /home/airflow/.local/lib/python3.8/site-packages/airflow/example_dags/example_task_group_decorator.py
[2024-02-21T13:16:35.554+0000] {logging_mixin.py:188} INFO - [2024-02-21T13:16:35.554+0000] {dag.py:3036} INFO - Sync 1 DAGs
[2024-02-21T13:16:35.588+0000] {logging_mixin.py:188} INFO - [2024-02-21T13:16:35.588+0000] {dag.py:3823} INFO - Setting next_dagrun for example_task_group_decorator to 2024-02-20 00:00:00+00:00, run_after=2024-02-21 00:00:00+00:00
[2024-02-21T13:16:35.615+0000] {processor.py:183} INFO - Processing /home/airflow/.local/lib/python3.8/site-packages/airflow/example_dags/example_task_group_decorator.py took 0.138 seconds
[2024-02-21T13:17:05.777+0000] {processor.py:161} INFO - Started process (PID=290) to work on /home/airflow/.local/lib/python3.8/site-packages/airflow/example_dags/example_task_group_decorator.py
[2024-02-21T13:17:05.779+0000] {processor.py:830} INFO - Processing file /home/airflow/.local/lib/python3.8/site-packages/airflow/example_dags/example_task_group_decorator.py for tasks to queue
[2024-02-21T13:17:05.782+0000] {logging_mixin.py:188} INFO - [2024-02-21T13:17:05.782+0000] {dagbag.py:538} INFO - Filling up the DagBag from /home/airflow/.local/lib/python3.8/site-packages/airflow/example_dags/example_task_group_decorator.py
[2024-02-21T13:17:05.807+0000] {processor.py:840} INFO - DAG(s) 'example_task_group_decorator' retrieved from /home/airflow/.local/lib/python3.8/site-packages/airflow/example_dags/example_task_group_decorator.py
[2024-02-21T13:17:05.849+0000] {logging_mixin.py:188} INFO - [2024-02-21T13:17:05.849+0000] {dag.py:3036} INFO - Sync 1 DAGs
[2024-02-21T13:17:05.885+0000] {logging_mixin.py:188} INFO - [2024-02-21T13:17:05.884+0000] {dag.py:3823} INFO - Setting next_dagrun for example_task_group_decorator to 2024-02-20 00:00:00+00:00, run_after=2024-02-21 00:00:00+00:00
[2024-02-21T13:17:05.910+0000] {processor.py:183} INFO - Processing /home/airflow/.local/lib/python3.8/site-packages/airflow/example_dags/example_task_group_decorator.py took 0.139 seconds
[2024-02-21T13:17:35.999+0000] {processor.py:161} INFO - Started process (PID=347) to work on /home/airflow/.local/lib/python3.8/site-packages/airflow/example_dags/example_task_group_decorator.py
[2024-02-21T13:17:36.001+0000] {processor.py:830} INFO - Processing file /home/airflow/.local/lib/python3.8/site-packages/airflow/example_dags/example_task_group_decorator.py for tasks to queue
[2024-02-21T13:17:36.004+0000] {logging_mixin.py:188} INFO - [2024-02-21T13:17:36.004+0000] {dagbag.py:538} INFO - Filling up the DagBag from /home/airflow/.local/lib/python3.8/site-packages/airflow/example_dags/example_task_group_decorator.py
[2024-02-21T13:17:36.029+0000] {processor.py:840} INFO - DAG(s) 'example_task_group_decorator' retrieved from /home/airflow/.local/lib/python3.8/site-packages/airflow/example_dags/example_task_group_decorator.py
[2024-02-21T13:17:36.076+0000] {logging_mixin.py:188} INFO - [2024-02-21T13:17:36.075+0000] {dag.py:3036} INFO - Sync 1 DAGs
[2024-02-21T13:17:36.116+0000] {logging_mixin.py:188} INFO - [2024-02-21T13:17:36.116+0000] {dag.py:3823} INFO - Setting next_dagrun for example_task_group_decorator to 2024-02-20 00:00:00+00:00, run_after=2024-02-21 00:00:00+00:00
[2024-02-21T13:17:36.147+0000] {processor.py:183} INFO - Processing /home/airflow/.local/lib/python3.8/site-packages/airflow/example_dags/example_task_group_decorator.py took 0.154 seconds
[2024-02-21T13:18:06.265+0000] {processor.py:161} INFO - Started process (PID=401) to work on /home/airflow/.local/lib/python3.8/site-packages/airflow/example_dags/example_task_group_decorator.py
[2024-02-21T13:18:06.266+0000] {processor.py:830} INFO - Processing file /home/airflow/.local/lib/python3.8/site-packages/airflow/example_dags/example_task_group_decorator.py for tasks to queue
[2024-02-21T13:18:06.269+0000] {logging_mixin.py:188} INFO - [2024-02-21T13:18:06.269+0000] {dagbag.py:538} INFO - Filling up the DagBag from /home/airflow/.local/lib/python3.8/site-packages/airflow/example_dags/example_task_group_decorator.py
[2024-02-21T13:18:06.304+0000] {processor.py:840} INFO - DAG(s) 'example_task_group_decorator' retrieved from /home/airflow/.local/lib/python3.8/site-packages/airflow/example_dags/example_task_group_decorator.py
[2024-02-21T13:18:06.356+0000] {logging_mixin.py:188} INFO - [2024-02-21T13:18:06.356+0000] {dag.py:3036} INFO - Sync 1 DAGs
[2024-02-21T13:18:06.394+0000] {logging_mixin.py:188} INFO - [2024-02-21T13:18:06.394+0000] {dag.py:3823} INFO - Setting next_dagrun for example_task_group_decorator to 2024-02-20 00:00:00+00:00, run_after=2024-02-21 00:00:00+00:00
[2024-02-21T13:18:06.422+0000] {processor.py:183} INFO - Processing /home/airflow/.local/lib/python3.8/site-packages/airflow/example_dags/example_task_group_decorator.py took 0.163 seconds
[2024-02-21T13:18:36.621+0000] {processor.py:161} INFO - Started process (PID=456) to work on /home/airflow/.local/lib/python3.8/site-packages/airflow/example_dags/example_task_group_decorator.py
[2024-02-21T13:18:36.624+0000] {processor.py:830} INFO - Processing file /home/airflow/.local/lib/python3.8/site-packages/airflow/example_dags/example_task_group_decorator.py for tasks to queue
[2024-02-21T13:18:36.627+0000] {logging_mixin.py:188} INFO - [2024-02-21T13:18:36.626+0000] {dagbag.py:538} INFO - Filling up the DagBag from /home/airflow/.local/lib/python3.8/site-packages/airflow/example_dags/example_task_group_decorator.py
[2024-02-21T13:18:36.651+0000] {processor.py:840} INFO - DAG(s) 'example_task_group_decorator' retrieved from /home/airflow/.local/lib/python3.8/site-packages/airflow/example_dags/example_task_group_decorator.py
[2024-02-21T13:18:36.704+0000] {logging_mixin.py:188} INFO - [2024-02-21T13:18:36.704+0000] {dag.py:3036} INFO - Sync 1 DAGs
[2024-02-21T13:18:36.740+0000] {logging_mixin.py:188} INFO - [2024-02-21T13:18:36.740+0000] {dag.py:3823} INFO - Setting next_dagrun for example_task_group_decorator to 2024-02-20 00:00:00+00:00, run_after=2024-02-21 00:00:00+00:00
[2024-02-21T13:18:36.768+0000] {processor.py:183} INFO - Processing /home/airflow/.local/lib/python3.8/site-packages/airflow/example_dags/example_task_group_decorator.py took 0.152 seconds
[2024-02-21T13:19:07.021+0000] {processor.py:161} INFO - Started process (PID=511) to work on /home/airflow/.local/lib/python3.8/site-packages/airflow/example_dags/example_task_group_decorator.py
[2024-02-21T13:19:07.024+0000] {processor.py:830} INFO - Processing file /home/airflow/.local/lib/python3.8/site-packages/airflow/example_dags/example_task_group_decorator.py for tasks to queue
[2024-02-21T13:19:07.027+0000] {logging_mixin.py:188} INFO - [2024-02-21T13:19:07.026+0000] {dagbag.py:538} INFO - Filling up the DagBag from /home/airflow/.local/lib/python3.8/site-packages/airflow/example_dags/example_task_group_decorator.py
[2024-02-21T13:19:07.050+0000] {processor.py:840} INFO - DAG(s) 'example_task_group_decorator' retrieved from /home/airflow/.local/lib/python3.8/site-packages/airflow/example_dags/example_task_group_decorator.py
[2024-02-21T13:19:07.092+0000] {logging_mixin.py:188} INFO - [2024-02-21T13:19:07.091+0000] {dag.py:3036} INFO - Sync 1 DAGs
[2024-02-21T13:19:07.128+0000] {logging_mixin.py:188} INFO - [2024-02-21T13:19:07.128+0000] {dag.py:3823} INFO - Setting next_dagrun for example_task_group_decorator to 2024-02-20 00:00:00+00:00, run_after=2024-02-21 00:00:00+00:00
[2024-02-21T13:19:07.158+0000] {processor.py:183} INFO - Processing /home/airflow/.local/lib/python3.8/site-packages/airflow/example_dags/example_task_group_decorator.py took 0.143 seconds
[2024-02-21T13:19:37.280+0000] {processor.py:161} INFO - Started process (PID=566) to work on /home/airflow/.local/lib/python3.8/site-packages/airflow/example_dags/example_task_group_decorator.py
[2024-02-21T13:19:37.281+0000] {processor.py:830} INFO - Processing file /home/airflow/.local/lib/python3.8/site-packages/airflow/example_dags/example_task_group_decorator.py for tasks to queue
[2024-02-21T13:19:37.284+0000] {logging_mixin.py:188} INFO - [2024-02-21T13:19:37.284+0000] {dagbag.py:538} INFO - Filling up the DagBag from /home/airflow/.local/lib/python3.8/site-packages/airflow/example_dags/example_task_group_decorator.py
[2024-02-21T13:19:37.318+0000] {processor.py:840} INFO - DAG(s) 'example_task_group_decorator' retrieved from /home/airflow/.local/lib/python3.8/site-packages/airflow/example_dags/example_task_group_decorator.py
[2024-02-21T13:19:37.361+0000] {logging_mixin.py:188} INFO - [2024-02-21T13:19:37.361+0000] {dag.py:3036} INFO - Sync 1 DAGs
[2024-02-21T13:19:37.395+0000] {logging_mixin.py:188} INFO - [2024-02-21T13:19:37.395+0000] {dag.py:3823} INFO - Setting next_dagrun for example_task_group_decorator to 2024-02-20 00:00:00+00:00, run_after=2024-02-21 00:00:00+00:00
[2024-02-21T13:19:37.425+0000] {processor.py:183} INFO - Processing /home/airflow/.local/lib/python3.8/site-packages/airflow/example_dags/example_task_group_decorator.py took 0.151 seconds
[2024-02-21T13:20:08.180+0000] {processor.py:161} INFO - Started process (PID=621) to work on /home/airflow/.local/lib/python3.8/site-packages/airflow/example_dags/example_task_group_decorator.py
[2024-02-21T13:20:08.183+0000] {processor.py:830} INFO - Processing file /home/airflow/.local/lib/python3.8/site-packages/airflow/example_dags/example_task_group_decorator.py for tasks to queue
[2024-02-21T13:20:08.187+0000] {logging_mixin.py:188} INFO - [2024-02-21T13:20:08.186+0000] {dagbag.py:538} INFO - Filling up the DagBag from /home/airflow/.local/lib/python3.8/site-packages/airflow/example_dags/example_task_group_decorator.py
[2024-02-21T13:20:08.211+0000] {processor.py:840} INFO - DAG(s) 'example_task_group_decorator' retrieved from /home/airflow/.local/lib/python3.8/site-packages/airflow/example_dags/example_task_group_decorator.py
[2024-02-21T13:20:08.255+0000] {logging_mixin.py:188} INFO - [2024-02-21T13:20:08.255+0000] {dag.py:3036} INFO - Sync 1 DAGs
[2024-02-21T13:20:08.292+0000] {logging_mixin.py:188} INFO - [2024-02-21T13:20:08.292+0000] {dag.py:3823} INFO - Setting next_dagrun for example_task_group_decorator to 2024-02-20 00:00:00+00:00, run_after=2024-02-21 00:00:00+00:00
[2024-02-21T13:20:08.321+0000] {processor.py:183} INFO - Processing /home/airflow/.local/lib/python3.8/site-packages/airflow/example_dags/example_task_group_decorator.py took 0.148 seconds
[2024-02-21T13:20:39.055+0000] {processor.py:161} INFO - Started process (PID=675) to work on /home/airflow/.local/lib/python3.8/site-packages/airflow/example_dags/example_task_group_decorator.py
[2024-02-21T13:20:39.057+0000] {processor.py:830} INFO - Processing file /home/airflow/.local/lib/python3.8/site-packages/airflow/example_dags/example_task_group_decorator.py for tasks to queue
[2024-02-21T13:20:39.060+0000] {logging_mixin.py:188} INFO - [2024-02-21T13:20:39.060+0000] {dagbag.py:538} INFO - Filling up the DagBag from /home/airflow/.local/lib/python3.8/site-packages/airflow/example_dags/example_task_group_decorator.py
[2024-02-21T13:20:39.085+0000] {processor.py:840} INFO - DAG(s) 'example_task_group_decorator' retrieved from /home/airflow/.local/lib/python3.8/site-packages/airflow/example_dags/example_task_group_decorator.py
[2024-02-21T13:20:39.125+0000] {logging_mixin.py:188} INFO - [2024-02-21T13:20:39.124+0000] {dag.py:3036} INFO - Sync 1 DAGs
[2024-02-21T13:20:39.175+0000] {logging_mixin.py:188} INFO - [2024-02-21T13:20:39.174+0000] {dag.py:3823} INFO - Setting next_dagrun for example_task_group_decorator to 2024-02-20 00:00:00+00:00, run_after=2024-02-21 00:00:00+00:00
[2024-02-21T13:20:39.209+0000] {processor.py:183} INFO - Processing /home/airflow/.local/lib/python3.8/site-packages/airflow/example_dags/example_task_group_decorator.py took 0.161 seconds
[2024-02-21T13:21:09.393+0000] {processor.py:161} INFO - Started process (PID=731) to work on /home/airflow/.local/lib/python3.8/site-packages/airflow/example_dags/example_task_group_decorator.py
[2024-02-21T13:21:09.396+0000] {processor.py:830} INFO - Processing file /home/airflow/.local/lib/python3.8/site-packages/airflow/example_dags/example_task_group_decorator.py for tasks to queue
[2024-02-21T13:21:09.399+0000] {logging_mixin.py:188} INFO - [2024-02-21T13:21:09.399+0000] {dagbag.py:538} INFO - Filling up the DagBag from /home/airflow/.local/lib/python3.8/site-packages/airflow/example_dags/example_task_group_decorator.py
[2024-02-21T13:21:09.437+0000] {processor.py:840} INFO - DAG(s) 'example_task_group_decorator' retrieved from /home/airflow/.local/lib/python3.8/site-packages/airflow/example_dags/example_task_group_decorator.py
[2024-02-21T13:21:09.493+0000] {logging_mixin.py:188} INFO - [2024-02-21T13:21:09.492+0000] {dag.py:3036} INFO - Sync 1 DAGs
[2024-02-21T13:21:09.550+0000] {logging_mixin.py:188} INFO - [2024-02-21T13:21:09.550+0000] {dag.py:3823} INFO - Setting next_dagrun for example_task_group_decorator to 2024-02-20 00:00:00+00:00, run_after=2024-02-21 00:00:00+00:00
[2024-02-21T13:21:09.620+0000] {processor.py:183} INFO - Processing /home/airflow/.local/lib/python3.8/site-packages/airflow/example_dags/example_task_group_decorator.py took 0.235 seconds
[2024-02-21T13:21:39.810+0000] {processor.py:161} INFO - Started process (PID=785) to work on /home/airflow/.local/lib/python3.8/site-packages/airflow/example_dags/example_task_group_decorator.py
[2024-02-21T13:21:39.811+0000] {processor.py:830} INFO - Processing file /home/airflow/.local/lib/python3.8/site-packages/airflow/example_dags/example_task_group_decorator.py for tasks to queue
[2024-02-21T13:21:39.814+0000] {logging_mixin.py:188} INFO - [2024-02-21T13:21:39.814+0000] {dagbag.py:538} INFO - Filling up the DagBag from /home/airflow/.local/lib/python3.8/site-packages/airflow/example_dags/example_task_group_decorator.py
[2024-02-21T13:21:39.847+0000] {processor.py:840} INFO - DAG(s) 'example_task_group_decorator' retrieved from /home/airflow/.local/lib/python3.8/site-packages/airflow/example_dags/example_task_group_decorator.py
[2024-02-21T13:21:39.888+0000] {logging_mixin.py:188} INFO - [2024-02-21T13:21:39.888+0000] {dag.py:3036} INFO - Sync 1 DAGs
[2024-02-21T13:21:39.921+0000] {logging_mixin.py:188} INFO - [2024-02-21T13:21:39.921+0000] {dag.py:3823} INFO - Setting next_dagrun for example_task_group_decorator to 2024-02-20 00:00:00+00:00, run_after=2024-02-21 00:00:00+00:00
[2024-02-21T13:21:39.956+0000] {processor.py:183} INFO - Processing /home/airflow/.local/lib/python3.8/site-packages/airflow/example_dags/example_task_group_decorator.py took 0.152 seconds
[2024-02-21T13:22:10.887+0000] {processor.py:161} INFO - Started process (PID=840) to work on /home/airflow/.local/lib/python3.8/site-packages/airflow/example_dags/example_task_group_decorator.py
[2024-02-21T13:22:10.889+0000] {processor.py:830} INFO - Processing file /home/airflow/.local/lib/python3.8/site-packages/airflow/example_dags/example_task_group_decorator.py for tasks to queue
[2024-02-21T13:22:10.892+0000] {logging_mixin.py:188} INFO - [2024-02-21T13:22:10.891+0000] {dagbag.py:538} INFO - Filling up the DagBag from /home/airflow/.local/lib/python3.8/site-packages/airflow/example_dags/example_task_group_decorator.py
[2024-02-21T13:22:10.915+0000] {processor.py:840} INFO - DAG(s) 'example_task_group_decorator' retrieved from /home/airflow/.local/lib/python3.8/site-packages/airflow/example_dags/example_task_group_decorator.py
[2024-02-21T13:22:10.959+0000] {logging_mixin.py:188} INFO - [2024-02-21T13:22:10.959+0000] {dag.py:3036} INFO - Sync 1 DAGs
[2024-02-21T13:22:10.995+0000] {logging_mixin.py:188} INFO - [2024-02-21T13:22:10.994+0000] {dag.py:3823} INFO - Setting next_dagrun for example_task_group_decorator to 2024-02-20 00:00:00+00:00, run_after=2024-02-21 00:00:00+00:00
[2024-02-21T13:22:11.022+0000] {processor.py:183} INFO - Processing /home/airflow/.local/lib/python3.8/site-packages/airflow/example_dags/example_task_group_decorator.py took 0.141 seconds
[2024-02-21T13:22:41.409+0000] {processor.py:161} INFO - Started process (PID=895) to work on /home/airflow/.local/lib/python3.8/site-packages/airflow/example_dags/example_task_group_decorator.py
[2024-02-21T13:22:41.410+0000] {processor.py:830} INFO - Processing file /home/airflow/.local/lib/python3.8/site-packages/airflow/example_dags/example_task_group_decorator.py for tasks to queue
[2024-02-21T13:22:41.414+0000] {logging_mixin.py:188} INFO - [2024-02-21T13:22:41.413+0000] {dagbag.py:538} INFO - Filling up the DagBag from /home/airflow/.local/lib/python3.8/site-packages/airflow/example_dags/example_task_group_decorator.py
[2024-02-21T13:22:41.437+0000] {processor.py:840} INFO - DAG(s) 'example_task_group_decorator' retrieved from /home/airflow/.local/lib/python3.8/site-packages/airflow/example_dags/example_task_group_decorator.py
[2024-02-21T13:22:41.477+0000] {logging_mixin.py:188} INFO - [2024-02-21T13:22:41.477+0000] {dag.py:3036} INFO - Sync 1 DAGs
[2024-02-21T13:22:41.516+0000] {logging_mixin.py:188} INFO - [2024-02-21T13:22:41.515+0000] {dag.py:3823} INFO - Setting next_dagrun for example_task_group_decorator to 2024-02-20 00:00:00+00:00, run_after=2024-02-21 00:00:00+00:00
[2024-02-21T13:22:41.544+0000] {processor.py:183} INFO - Processing /home/airflow/.local/lib/python3.8/site-packages/airflow/example_dags/example_task_group_decorator.py took 0.141 seconds
[2024-02-21T13:23:12.438+0000] {processor.py:161} INFO - Started process (PID=950) to work on /home/airflow/.local/lib/python3.8/site-packages/airflow/example_dags/example_task_group_decorator.py
[2024-02-21T13:23:12.440+0000] {processor.py:830} INFO - Processing file /home/airflow/.local/lib/python3.8/site-packages/airflow/example_dags/example_task_group_decorator.py for tasks to queue
[2024-02-21T13:23:12.444+0000] {logging_mixin.py:188} INFO - [2024-02-21T13:23:12.443+0000] {dagbag.py:538} INFO - Filling up the DagBag from /home/airflow/.local/lib/python3.8/site-packages/airflow/example_dags/example_task_group_decorator.py
[2024-02-21T13:23:12.476+0000] {processor.py:840} INFO - DAG(s) 'example_task_group_decorator' retrieved from /home/airflow/.local/lib/python3.8/site-packages/airflow/example_dags/example_task_group_decorator.py
[2024-02-21T13:23:12.519+0000] {logging_mixin.py:188} INFO - [2024-02-21T13:23:12.519+0000] {dag.py:3036} INFO - Sync 1 DAGs
[2024-02-21T13:23:12.559+0000] {logging_mixin.py:188} INFO - [2024-02-21T13:23:12.558+0000] {dag.py:3823} INFO - Setting next_dagrun for example_task_group_decorator to 2024-02-20 00:00:00+00:00, run_after=2024-02-21 00:00:00+00:00
[2024-02-21T13:23:12.587+0000] {processor.py:183} INFO - Processing /home/airflow/.local/lib/python3.8/site-packages/airflow/example_dags/example_task_group_decorator.py took 0.155 seconds
[2024-02-21T13:23:42.757+0000] {processor.py:161} INFO - Started process (PID=1005) to work on /home/airflow/.local/lib/python3.8/site-packages/airflow/example_dags/example_task_group_decorator.py
[2024-02-21T13:23:42.760+0000] {processor.py:830} INFO - Processing file /home/airflow/.local/lib/python3.8/site-packages/airflow/example_dags/example_task_group_decorator.py for tasks to queue
[2024-02-21T13:23:42.763+0000] {logging_mixin.py:188} INFO - [2024-02-21T13:23:42.762+0000] {dagbag.py:538} INFO - Filling up the DagBag from /home/airflow/.local/lib/python3.8/site-packages/airflow/example_dags/example_task_group_decorator.py
[2024-02-21T13:23:42.786+0000] {processor.py:840} INFO - DAG(s) 'example_task_group_decorator' retrieved from /home/airflow/.local/lib/python3.8/site-packages/airflow/example_dags/example_task_group_decorator.py
[2024-02-21T13:23:42.827+0000] {logging_mixin.py:188} INFO - [2024-02-21T13:23:42.826+0000] {dag.py:3036} INFO - Sync 1 DAGs
[2024-02-21T13:23:42.861+0000] {logging_mixin.py:188} INFO - [2024-02-21T13:23:42.861+0000] {dag.py:3823} INFO - Setting next_dagrun for example_task_group_decorator to 2024-02-20 00:00:00+00:00, run_after=2024-02-21 00:00:00+00:00
[2024-02-21T13:23:42.887+0000] {processor.py:183} INFO - Processing /home/airflow/.local/lib/python3.8/site-packages/airflow/example_dags/example_task_group_decorator.py took 0.136 seconds
[2024-02-21T13:24:13.554+0000] {processor.py:161} INFO - Started process (PID=1060) to work on /home/airflow/.local/lib/python3.8/site-packages/airflow/example_dags/example_task_group_decorator.py
[2024-02-21T13:24:13.556+0000] {processor.py:830} INFO - Processing file /home/airflow/.local/lib/python3.8/site-packages/airflow/example_dags/example_task_group_decorator.py for tasks to queue
[2024-02-21T13:24:13.559+0000] {logging_mixin.py:188} INFO - [2024-02-21T13:24:13.559+0000] {dagbag.py:538} INFO - Filling up the DagBag from /home/airflow/.local/lib/python3.8/site-packages/airflow/example_dags/example_task_group_decorator.py
[2024-02-21T13:24:13.585+0000] {processor.py:840} INFO - DAG(s) 'example_task_group_decorator' retrieved from /home/airflow/.local/lib/python3.8/site-packages/airflow/example_dags/example_task_group_decorator.py
[2024-02-21T13:24:13.640+0000] {logging_mixin.py:188} INFO - [2024-02-21T13:24:13.639+0000] {dag.py:3036} INFO - Sync 1 DAGs
[2024-02-21T13:24:13.678+0000] {logging_mixin.py:188} INFO - [2024-02-21T13:24:13.678+0000] {dag.py:3823} INFO - Setting next_dagrun for example_task_group_decorator to 2024-02-20 00:00:00+00:00, run_after=2024-02-21 00:00:00+00:00
[2024-02-21T13:24:13.713+0000] {processor.py:183} INFO - Processing /home/airflow/.local/lib/python3.8/site-packages/airflow/example_dags/example_task_group_decorator.py took 0.166 seconds
[2024-02-21T13:24:44.122+0000] {processor.py:161} INFO - Started process (PID=1115) to work on /home/airflow/.local/lib/python3.8/site-packages/airflow/example_dags/example_task_group_decorator.py
[2024-02-21T13:24:44.124+0000] {processor.py:830} INFO - Processing file /home/airflow/.local/lib/python3.8/site-packages/airflow/example_dags/example_task_group_decorator.py for tasks to queue
[2024-02-21T13:24:44.127+0000] {logging_mixin.py:188} INFO - [2024-02-21T13:24:44.127+0000] {dagbag.py:538} INFO - Filling up the DagBag from /home/airflow/.local/lib/python3.8/site-packages/airflow/example_dags/example_task_group_decorator.py
[2024-02-21T13:24:44.151+0000] {processor.py:840} INFO - DAG(s) 'example_task_group_decorator' retrieved from /home/airflow/.local/lib/python3.8/site-packages/airflow/example_dags/example_task_group_decorator.py
[2024-02-21T13:24:44.193+0000] {logging_mixin.py:188} INFO - [2024-02-21T13:24:44.193+0000] {dag.py:3036} INFO - Sync 1 DAGs
[2024-02-21T13:24:44.230+0000] {logging_mixin.py:188} INFO - [2024-02-21T13:24:44.230+0000] {dag.py:3823} INFO - Setting next_dagrun for example_task_group_decorator to 2024-02-20 00:00:00+00:00, run_after=2024-02-21 00:00:00+00:00
[2024-02-21T13:24:44.254+0000] {processor.py:183} INFO - Processing /home/airflow/.local/lib/python3.8/site-packages/airflow/example_dags/example_task_group_decorator.py took 0.139 seconds
[2024-02-21T13:25:14.539+0000] {processor.py:161} INFO - Started process (PID=1171) to work on /home/airflow/.local/lib/python3.8/site-packages/airflow/example_dags/example_task_group_decorator.py
[2024-02-21T13:25:14.541+0000] {processor.py:830} INFO - Processing file /home/airflow/.local/lib/python3.8/site-packages/airflow/example_dags/example_task_group_decorator.py for tasks to queue
[2024-02-21T13:25:14.544+0000] {logging_mixin.py:188} INFO - [2024-02-21T13:25:14.544+0000] {dagbag.py:538} INFO - Filling up the DagBag from /home/airflow/.local/lib/python3.8/site-packages/airflow/example_dags/example_task_group_decorator.py
[2024-02-21T13:25:14.568+0000] {processor.py:840} INFO - DAG(s) 'example_task_group_decorator' retrieved from /home/airflow/.local/lib/python3.8/site-packages/airflow/example_dags/example_task_group_decorator.py
[2024-02-21T13:25:14.610+0000] {logging_mixin.py:188} INFO - [2024-02-21T13:25:14.609+0000] {dag.py:3036} INFO - Sync 1 DAGs
[2024-02-21T13:25:14.648+0000] {logging_mixin.py:188} INFO - [2024-02-21T13:25:14.648+0000] {dag.py:3823} INFO - Setting next_dagrun for example_task_group_decorator to 2024-02-20 00:00:00+00:00, run_after=2024-02-21 00:00:00+00:00
[2024-02-21T13:25:14.674+0000] {processor.py:183} INFO - Processing /home/airflow/.local/lib/python3.8/site-packages/airflow/example_dags/example_task_group_decorator.py took 0.141 seconds
[2024-02-21T13:25:44.791+0000] {processor.py:161} INFO - Started process (PID=1226) to work on /home/airflow/.local/lib/python3.8/site-packages/airflow/example_dags/example_task_group_decorator.py
[2024-02-21T13:25:44.794+0000] {processor.py:830} INFO - Processing file /home/airflow/.local/lib/python3.8/site-packages/airflow/example_dags/example_task_group_decorator.py for tasks to queue
[2024-02-21T13:25:44.798+0000] {logging_mixin.py:188} INFO - [2024-02-21T13:25:44.797+0000] {dagbag.py:538} INFO - Filling up the DagBag from /home/airflow/.local/lib/python3.8/site-packages/airflow/example_dags/example_task_group_decorator.py
[2024-02-21T13:25:44.832+0000] {processor.py:840} INFO - DAG(s) 'example_task_group_decorator' retrieved from /home/airflow/.local/lib/python3.8/site-packages/airflow/example_dags/example_task_group_decorator.py
[2024-02-21T13:25:44.887+0000] {logging_mixin.py:188} INFO - [2024-02-21T13:25:44.886+0000] {dag.py:3036} INFO - Sync 1 DAGs
[2024-02-21T13:25:44.920+0000] {logging_mixin.py:188} INFO - [2024-02-21T13:25:44.919+0000] {dag.py:3823} INFO - Setting next_dagrun for example_task_group_decorator to 2024-02-20 00:00:00+00:00, run_after=2024-02-21 00:00:00+00:00
[2024-02-21T13:25:44.946+0000] {processor.py:183} INFO - Processing /home/airflow/.local/lib/python3.8/site-packages/airflow/example_dags/example_task_group_decorator.py took 0.162 seconds
[2024-02-21T13:26:15.089+0000] {processor.py:161} INFO - Started process (PID=1281) to work on /home/airflow/.local/lib/python3.8/site-packages/airflow/example_dags/example_task_group_decorator.py
[2024-02-21T13:26:15.090+0000] {processor.py:830} INFO - Processing file /home/airflow/.local/lib/python3.8/site-packages/airflow/example_dags/example_task_group_decorator.py for tasks to queue
[2024-02-21T13:26:15.094+0000] {logging_mixin.py:188} INFO - [2024-02-21T13:26:15.094+0000] {dagbag.py:538} INFO - Filling up the DagBag from /home/airflow/.local/lib/python3.8/site-packages/airflow/example_dags/example_task_group_decorator.py
[2024-02-21T13:26:15.121+0000] {processor.py:840} INFO - DAG(s) 'example_task_group_decorator' retrieved from /home/airflow/.local/lib/python3.8/site-packages/airflow/example_dags/example_task_group_decorator.py
[2024-02-21T13:26:15.180+0000] {logging_mixin.py:188} INFO - [2024-02-21T13:26:15.179+0000] {dag.py:3036} INFO - Sync 1 DAGs
[2024-02-21T13:26:15.228+0000] {logging_mixin.py:188} INFO - [2024-02-21T13:26:15.227+0000] {dag.py:3823} INFO - Setting next_dagrun for example_task_group_decorator to 2024-02-20 00:00:00+00:00, run_after=2024-02-21 00:00:00+00:00
[2024-02-21T13:26:15.264+0000] {processor.py:183} INFO - Processing /home/airflow/.local/lib/python3.8/site-packages/airflow/example_dags/example_task_group_decorator.py took 0.184 seconds
[2024-02-21T13:26:45.463+0000] {processor.py:161} INFO - Started process (PID=1337) to work on /home/airflow/.local/lib/python3.8/site-packages/airflow/example_dags/example_task_group_decorator.py
[2024-02-21T13:26:45.467+0000] {processor.py:830} INFO - Processing file /home/airflow/.local/lib/python3.8/site-packages/airflow/example_dags/example_task_group_decorator.py for tasks to queue
[2024-02-21T13:26:45.470+0000] {logging_mixin.py:188} INFO - [2024-02-21T13:26:45.470+0000] {dagbag.py:538} INFO - Filling up the DagBag from /home/airflow/.local/lib/python3.8/site-packages/airflow/example_dags/example_task_group_decorator.py
[2024-02-21T13:26:45.502+0000] {processor.py:840} INFO - DAG(s) 'example_task_group_decorator' retrieved from /home/airflow/.local/lib/python3.8/site-packages/airflow/example_dags/example_task_group_decorator.py
[2024-02-21T13:26:45.555+0000] {logging_mixin.py:188} INFO - [2024-02-21T13:26:45.555+0000] {dag.py:3036} INFO - Sync 1 DAGs
[2024-02-21T13:26:45.593+0000] {logging_mixin.py:188} INFO - [2024-02-21T13:26:45.592+0000] {dag.py:3823} INFO - Setting next_dagrun for example_task_group_decorator to 2024-02-20 00:00:00+00:00, run_after=2024-02-21 00:00:00+00:00
[2024-02-21T13:26:45.619+0000] {processor.py:183} INFO - Processing /home/airflow/.local/lib/python3.8/site-packages/airflow/example_dags/example_task_group_decorator.py took 0.163 seconds
[2024-02-21T13:27:16.490+0000] {processor.py:161} INFO - Started process (PID=1392) to work on /home/airflow/.local/lib/python3.8/site-packages/airflow/example_dags/example_task_group_decorator.py
[2024-02-21T13:27:16.492+0000] {processor.py:830} INFO - Processing file /home/airflow/.local/lib/python3.8/site-packages/airflow/example_dags/example_task_group_decorator.py for tasks to queue
[2024-02-21T13:27:16.495+0000] {logging_mixin.py:188} INFO - [2024-02-21T13:27:16.494+0000] {dagbag.py:538} INFO - Filling up the DagBag from /home/airflow/.local/lib/python3.8/site-packages/airflow/example_dags/example_task_group_decorator.py
[2024-02-21T13:27:16.523+0000] {processor.py:840} INFO - DAG(s) 'example_task_group_decorator' retrieved from /home/airflow/.local/lib/python3.8/site-packages/airflow/example_dags/example_task_group_decorator.py
[2024-02-21T13:27:16.574+0000] {logging_mixin.py:188} INFO - [2024-02-21T13:27:16.573+0000] {dag.py:3036} INFO - Sync 1 DAGs
[2024-02-21T13:27:16.611+0000] {logging_mixin.py:188} INFO - [2024-02-21T13:27:16.610+0000] {dag.py:3823} INFO - Setting next_dagrun for example_task_group_decorator to 2024-02-20 00:00:00+00:00, run_after=2024-02-21 00:00:00+00:00
[2024-02-21T13:27:16.643+0000] {processor.py:183} INFO - Processing /home/airflow/.local/lib/python3.8/site-packages/airflow/example_dags/example_task_group_decorator.py took 0.159 seconds
[2024-02-21T13:27:46.863+0000] {processor.py:161} INFO - Started process (PID=1448) to work on /home/airflow/.local/lib/python3.8/site-packages/airflow/example_dags/example_task_group_decorator.py
[2024-02-21T13:27:46.865+0000] {processor.py:830} INFO - Processing file /home/airflow/.local/lib/python3.8/site-packages/airflow/example_dags/example_task_group_decorator.py for tasks to queue
[2024-02-21T13:27:46.869+0000] {logging_mixin.py:188} INFO - [2024-02-21T13:27:46.868+0000] {dagbag.py:538} INFO - Filling up the DagBag from /home/airflow/.local/lib/python3.8/site-packages/airflow/example_dags/example_task_group_decorator.py
[2024-02-21T13:27:46.892+0000] {processor.py:840} INFO - DAG(s) 'example_task_group_decorator' retrieved from /home/airflow/.local/lib/python3.8/site-packages/airflow/example_dags/example_task_group_decorator.py
[2024-02-21T13:27:46.937+0000] {logging_mixin.py:188} INFO - [2024-02-21T13:27:46.936+0000] {dag.py:3036} INFO - Sync 1 DAGs
[2024-02-21T13:27:46.970+0000] {logging_mixin.py:188} INFO - [2024-02-21T13:27:46.970+0000] {dag.py:3823} INFO - Setting next_dagrun for example_task_group_decorator to 2024-02-20 00:00:00+00:00, run_after=2024-02-21 00:00:00+00:00
[2024-02-21T13:27:46.996+0000] {processor.py:183} INFO - Processing /home/airflow/.local/lib/python3.8/site-packages/airflow/example_dags/example_task_group_decorator.py took 0.142 seconds
[2024-02-21T13:28:17.301+0000] {processor.py:161} INFO - Started process (PID=1504) to work on /home/airflow/.local/lib/python3.8/site-packages/airflow/example_dags/example_task_group_decorator.py
[2024-02-21T13:28:17.303+0000] {processor.py:830} INFO - Processing file /home/airflow/.local/lib/python3.8/site-packages/airflow/example_dags/example_task_group_decorator.py for tasks to queue
[2024-02-21T13:28:17.307+0000] {logging_mixin.py:188} INFO - [2024-02-21T13:28:17.306+0000] {dagbag.py:538} INFO - Filling up the DagBag from /home/airflow/.local/lib/python3.8/site-packages/airflow/example_dags/example_task_group_decorator.py
[2024-02-21T13:28:17.337+0000] {processor.py:840} INFO - DAG(s) 'example_task_group_decorator' retrieved from /home/airflow/.local/lib/python3.8/site-packages/airflow/example_dags/example_task_group_decorator.py
[2024-02-21T13:28:17.381+0000] {logging_mixin.py:188} INFO - [2024-02-21T13:28:17.381+0000] {dag.py:3036} INFO - Sync 1 DAGs
[2024-02-21T13:28:17.414+0000] {logging_mixin.py:188} INFO - [2024-02-21T13:28:17.414+0000] {dag.py:3823} INFO - Setting next_dagrun for example_task_group_decorator to 2024-02-20 00:00:00+00:00, run_after=2024-02-21 00:00:00+00:00
[2024-02-21T13:28:17.442+0000] {processor.py:183} INFO - Processing /home/airflow/.local/lib/python3.8/site-packages/airflow/example_dags/example_task_group_decorator.py took 0.147 seconds
[2024-02-21T13:28:47.683+0000] {processor.py:161} INFO - Started process (PID=1559) to work on /home/airflow/.local/lib/python3.8/site-packages/airflow/example_dags/example_task_group_decorator.py
[2024-02-21T13:28:47.686+0000] {processor.py:830} INFO - Processing file /home/airflow/.local/lib/python3.8/site-packages/airflow/example_dags/example_task_group_decorator.py for tasks to queue
[2024-02-21T13:28:47.689+0000] {logging_mixin.py:188} INFO - [2024-02-21T13:28:47.688+0000] {dagbag.py:538} INFO - Filling up the DagBag from /home/airflow/.local/lib/python3.8/site-packages/airflow/example_dags/example_task_group_decorator.py
[2024-02-21T13:28:47.712+0000] {processor.py:840} INFO - DAG(s) 'example_task_group_decorator' retrieved from /home/airflow/.local/lib/python3.8/site-packages/airflow/example_dags/example_task_group_decorator.py
[2024-02-21T13:28:47.756+0000] {logging_mixin.py:188} INFO - [2024-02-21T13:28:47.756+0000] {dag.py:3036} INFO - Sync 1 DAGs
[2024-02-21T13:28:47.790+0000] {logging_mixin.py:188} INFO - [2024-02-21T13:28:47.789+0000] {dag.py:3823} INFO - Setting next_dagrun for example_task_group_decorator to 2024-02-20 00:00:00+00:00, run_after=2024-02-21 00:00:00+00:00
[2024-02-21T13:28:47.814+0000] {processor.py:183} INFO - Processing /home/airflow/.local/lib/python3.8/site-packages/airflow/example_dags/example_task_group_decorator.py took 0.137 seconds
[2024-02-21T13:29:18.444+0000] {processor.py:161} INFO - Started process (PID=1614) to work on /home/airflow/.local/lib/python3.8/site-packages/airflow/example_dags/example_task_group_decorator.py
[2024-02-21T13:29:18.447+0000] {processor.py:830} INFO - Processing file /home/airflow/.local/lib/python3.8/site-packages/airflow/example_dags/example_task_group_decorator.py for tasks to queue
[2024-02-21T13:29:18.450+0000] {logging_mixin.py:188} INFO - [2024-02-21T13:29:18.450+0000] {dagbag.py:538} INFO - Filling up the DagBag from /home/airflow/.local/lib/python3.8/site-packages/airflow/example_dags/example_task_group_decorator.py
[2024-02-21T13:29:18.474+0000] {processor.py:840} INFO - DAG(s) 'example_task_group_decorator' retrieved from /home/airflow/.local/lib/python3.8/site-packages/airflow/example_dags/example_task_group_decorator.py
[2024-02-21T13:29:18.519+0000] {logging_mixin.py:188} INFO - [2024-02-21T13:29:18.518+0000] {dag.py:3036} INFO - Sync 1 DAGs
[2024-02-21T13:29:18.552+0000] {logging_mixin.py:188} INFO - [2024-02-21T13:29:18.552+0000] {dag.py:3823} INFO - Setting next_dagrun for example_task_group_decorator to 2024-02-20 00:00:00+00:00, run_after=2024-02-21 00:00:00+00:00
[2024-02-21T13:29:18.581+0000] {processor.py:183} INFO - Processing /home/airflow/.local/lib/python3.8/site-packages/airflow/example_dags/example_task_group_decorator.py took 0.145 seconds
[2024-02-21T13:29:49.010+0000] {processor.py:161} INFO - Started process (PID=1669) to work on /home/airflow/.local/lib/python3.8/site-packages/airflow/example_dags/example_task_group_decorator.py
[2024-02-21T13:29:49.011+0000] {processor.py:830} INFO - Processing file /home/airflow/.local/lib/python3.8/site-packages/airflow/example_dags/example_task_group_decorator.py for tasks to queue
[2024-02-21T13:29:49.014+0000] {logging_mixin.py:188} INFO - [2024-02-21T13:29:49.014+0000] {dagbag.py:538} INFO - Filling up the DagBag from /home/airflow/.local/lib/python3.8/site-packages/airflow/example_dags/example_task_group_decorator.py
[2024-02-21T13:29:49.038+0000] {processor.py:840} INFO - DAG(s) 'example_task_group_decorator' retrieved from /home/airflow/.local/lib/python3.8/site-packages/airflow/example_dags/example_task_group_decorator.py
[2024-02-21T13:29:49.078+0000] {logging_mixin.py:188} INFO - [2024-02-21T13:29:49.077+0000] {dag.py:3036} INFO - Sync 1 DAGs
[2024-02-21T13:29:49.110+0000] {logging_mixin.py:188} INFO - [2024-02-21T13:29:49.110+0000] {dag.py:3823} INFO - Setting next_dagrun for example_task_group_decorator to 2024-02-20 00:00:00+00:00, run_after=2024-02-21 00:00:00+00:00
[2024-02-21T13:29:49.135+0000] {processor.py:183} INFO - Processing /home/airflow/.local/lib/python3.8/site-packages/airflow/example_dags/example_task_group_decorator.py took 0.131 seconds
[2024-02-21T13:30:19.870+0000] {processor.py:161} INFO - Started process (PID=1724) to work on /home/airflow/.local/lib/python3.8/site-packages/airflow/example_dags/example_task_group_decorator.py
[2024-02-21T13:30:19.872+0000] {processor.py:830} INFO - Processing file /home/airflow/.local/lib/python3.8/site-packages/airflow/example_dags/example_task_group_decorator.py for tasks to queue
[2024-02-21T13:30:19.876+0000] {logging_mixin.py:188} INFO - [2024-02-21T13:30:19.876+0000] {dagbag.py:538} INFO - Filling up the DagBag from /home/airflow/.local/lib/python3.8/site-packages/airflow/example_dags/example_task_group_decorator.py
[2024-02-21T13:30:19.911+0000] {processor.py:840} INFO - DAG(s) 'example_task_group_decorator' retrieved from /home/airflow/.local/lib/python3.8/site-packages/airflow/example_dags/example_task_group_decorator.py
[2024-02-21T13:30:19.966+0000] {logging_mixin.py:188} INFO - [2024-02-21T13:30:19.966+0000] {dag.py:3036} INFO - Sync 1 DAGs
[2024-02-21T13:30:20.012+0000] {logging_mixin.py:188} INFO - [2024-02-21T13:30:20.012+0000] {dag.py:3823} INFO - Setting next_dagrun for example_task_group_decorator to 2024-02-20 00:00:00+00:00, run_after=2024-02-21 00:00:00+00:00
[2024-02-21T13:30:20.047+0000] {processor.py:183} INFO - Processing /home/airflow/.local/lib/python3.8/site-packages/airflow/example_dags/example_task_group_decorator.py took 0.185 seconds
[2024-02-21T13:30:50.156+0000] {processor.py:161} INFO - Started process (PID=1779) to work on /home/airflow/.local/lib/python3.8/site-packages/airflow/example_dags/example_task_group_decorator.py
[2024-02-21T13:30:50.159+0000] {processor.py:830} INFO - Processing file /home/airflow/.local/lib/python3.8/site-packages/airflow/example_dags/example_task_group_decorator.py for tasks to queue
[2024-02-21T13:30:50.163+0000] {logging_mixin.py:188} INFO - [2024-02-21T13:30:50.162+0000] {dagbag.py:538} INFO - Filling up the DagBag from /home/airflow/.local/lib/python3.8/site-packages/airflow/example_dags/example_task_group_decorator.py
[2024-02-21T13:30:50.188+0000] {processor.py:840} INFO - DAG(s) 'example_task_group_decorator' retrieved from /home/airflow/.local/lib/python3.8/site-packages/airflow/example_dags/example_task_group_decorator.py
[2024-02-21T13:30:50.241+0000] {logging_mixin.py:188} INFO - [2024-02-21T13:30:50.241+0000] {dag.py:3036} INFO - Sync 1 DAGs
[2024-02-21T13:30:50.285+0000] {logging_mixin.py:188} INFO - [2024-02-21T13:30:50.285+0000] {dag.py:3823} INFO - Setting next_dagrun for example_task_group_decorator to 2024-02-20 00:00:00+00:00, run_after=2024-02-21 00:00:00+00:00
[2024-02-21T13:30:50.323+0000] {processor.py:183} INFO - Processing /home/airflow/.local/lib/python3.8/site-packages/airflow/example_dags/example_task_group_decorator.py took 0.173 seconds
[2024-02-21T13:31:21.323+0000] {processor.py:161} INFO - Started process (PID=1839) to work on /home/airflow/.local/lib/python3.8/site-packages/airflow/example_dags/example_task_group_decorator.py
[2024-02-21T13:31:21.325+0000] {processor.py:830} INFO - Processing file /home/airflow/.local/lib/python3.8/site-packages/airflow/example_dags/example_task_group_decorator.py for tasks to queue
[2024-02-21T13:31:21.329+0000] {logging_mixin.py:188} INFO - [2024-02-21T13:31:21.328+0000] {dagbag.py:538} INFO - Filling up the DagBag from /home/airflow/.local/lib/python3.8/site-packages/airflow/example_dags/example_task_group_decorator.py
[2024-02-21T13:31:21.355+0000] {processor.py:840} INFO - DAG(s) 'example_task_group_decorator' retrieved from /home/airflow/.local/lib/python3.8/site-packages/airflow/example_dags/example_task_group_decorator.py
[2024-02-21T13:31:21.400+0000] {logging_mixin.py:188} INFO - [2024-02-21T13:31:21.399+0000] {dag.py:3036} INFO - Sync 1 DAGs
[2024-02-21T13:31:21.433+0000] {logging_mixin.py:188} INFO - [2024-02-21T13:31:21.433+0000] {dag.py:3823} INFO - Setting next_dagrun for example_task_group_decorator to 2024-02-20 00:00:00+00:00, run_after=2024-02-21 00:00:00+00:00
[2024-02-21T13:31:21.462+0000] {processor.py:183} INFO - Processing /home/airflow/.local/lib/python3.8/site-packages/airflow/example_dags/example_task_group_decorator.py took 0.146 seconds
[2024-02-21T13:31:51.605+0000] {processor.py:161} INFO - Started process (PID=1894) to work on /home/airflow/.local/lib/python3.8/site-packages/airflow/example_dags/example_task_group_decorator.py
[2024-02-21T13:31:51.606+0000] {processor.py:830} INFO - Processing file /home/airflow/.local/lib/python3.8/site-packages/airflow/example_dags/example_task_group_decorator.py for tasks to queue
[2024-02-21T13:31:51.609+0000] {logging_mixin.py:188} INFO - [2024-02-21T13:31:51.609+0000] {dagbag.py:538} INFO - Filling up the DagBag from /home/airflow/.local/lib/python3.8/site-packages/airflow/example_dags/example_task_group_decorator.py
[2024-02-21T13:31:51.633+0000] {processor.py:840} INFO - DAG(s) 'example_task_group_decorator' retrieved from /home/airflow/.local/lib/python3.8/site-packages/airflow/example_dags/example_task_group_decorator.py
[2024-02-21T13:31:51.674+0000] {logging_mixin.py:188} INFO - [2024-02-21T13:31:51.673+0000] {dag.py:3036} INFO - Sync 1 DAGs
[2024-02-21T13:31:51.708+0000] {logging_mixin.py:188} INFO - [2024-02-21T13:31:51.707+0000] {dag.py:3823} INFO - Setting next_dagrun for example_task_group_decorator to 2024-02-20 00:00:00+00:00, run_after=2024-02-21 00:00:00+00:00
[2024-02-21T13:31:51.738+0000] {processor.py:183} INFO - Processing /home/airflow/.local/lib/python3.8/site-packages/airflow/example_dags/example_task_group_decorator.py took 0.140 seconds
[2024-02-21T13:32:22.396+0000] {processor.py:161} INFO - Started process (PID=1949) to work on /home/airflow/.local/lib/python3.8/site-packages/airflow/example_dags/example_task_group_decorator.py
[2024-02-21T13:32:22.398+0000] {processor.py:830} INFO - Processing file /home/airflow/.local/lib/python3.8/site-packages/airflow/example_dags/example_task_group_decorator.py for tasks to queue
[2024-02-21T13:32:22.401+0000] {logging_mixin.py:188} INFO - [2024-02-21T13:32:22.401+0000] {dagbag.py:538} INFO - Filling up the DagBag from /home/airflow/.local/lib/python3.8/site-packages/airflow/example_dags/example_task_group_decorator.py
[2024-02-21T13:32:22.427+0000] {processor.py:840} INFO - DAG(s) 'example_task_group_decorator' retrieved from /home/airflow/.local/lib/python3.8/site-packages/airflow/example_dags/example_task_group_decorator.py
[2024-02-21T13:32:22.471+0000] {logging_mixin.py:188} INFO - [2024-02-21T13:32:22.471+0000] {dag.py:3036} INFO - Sync 1 DAGs
[2024-02-21T13:32:22.506+0000] {logging_mixin.py:188} INFO - [2024-02-21T13:32:22.505+0000] {dag.py:3823} INFO - Setting next_dagrun for example_task_group_decorator to 2024-02-20 00:00:00+00:00, run_after=2024-02-21 00:00:00+00:00
[2024-02-21T13:32:22.533+0000] {processor.py:183} INFO - Processing /home/airflow/.local/lib/python3.8/site-packages/airflow/example_dags/example_task_group_decorator.py took 0.145 seconds
[2024-02-21T13:32:53.009+0000] {processor.py:161} INFO - Started process (PID=2004) to work on /home/airflow/.local/lib/python3.8/site-packages/airflow/example_dags/example_task_group_decorator.py
[2024-02-21T13:32:53.012+0000] {processor.py:830} INFO - Processing file /home/airflow/.local/lib/python3.8/site-packages/airflow/example_dags/example_task_group_decorator.py for tasks to queue
[2024-02-21T13:32:53.015+0000] {logging_mixin.py:188} INFO - [2024-02-21T13:32:53.014+0000] {dagbag.py:538} INFO - Filling up the DagBag from /home/airflow/.local/lib/python3.8/site-packages/airflow/example_dags/example_task_group_decorator.py
[2024-02-21T13:32:53.038+0000] {processor.py:840} INFO - DAG(s) 'example_task_group_decorator' retrieved from /home/airflow/.local/lib/python3.8/site-packages/airflow/example_dags/example_task_group_decorator.py
[2024-02-21T13:32:53.083+0000] {logging_mixin.py:188} INFO - [2024-02-21T13:32:53.083+0000] {dag.py:3036} INFO - Sync 1 DAGs
[2024-02-21T13:32:53.124+0000] {logging_mixin.py:188} INFO - [2024-02-21T13:32:53.124+0000] {dag.py:3823} INFO - Setting next_dagrun for example_task_group_decorator to 2024-02-20 00:00:00+00:00, run_after=2024-02-21 00:00:00+00:00
[2024-02-21T13:32:53.158+0000] {processor.py:183} INFO - Processing /home/airflow/.local/lib/python3.8/site-packages/airflow/example_dags/example_task_group_decorator.py took 0.157 seconds
[2024-02-21T13:33:23.696+0000] {processor.py:161} INFO - Started process (PID=2059) to work on /home/airflow/.local/lib/python3.8/site-packages/airflow/example_dags/example_task_group_decorator.py
[2024-02-21T13:33:23.698+0000] {processor.py:830} INFO - Processing file /home/airflow/.local/lib/python3.8/site-packages/airflow/example_dags/example_task_group_decorator.py for tasks to queue
[2024-02-21T13:33:23.701+0000] {logging_mixin.py:188} INFO - [2024-02-21T13:33:23.700+0000] {dagbag.py:538} INFO - Filling up the DagBag from /home/airflow/.local/lib/python3.8/site-packages/airflow/example_dags/example_task_group_decorator.py
[2024-02-21T13:33:23.724+0000] {processor.py:840} INFO - DAG(s) 'example_task_group_decorator' retrieved from /home/airflow/.local/lib/python3.8/site-packages/airflow/example_dags/example_task_group_decorator.py
[2024-02-21T13:33:23.763+0000] {logging_mixin.py:188} INFO - [2024-02-21T13:33:23.763+0000] {dag.py:3036} INFO - Sync 1 DAGs
[2024-02-21T13:33:23.797+0000] {logging_mixin.py:188} INFO - [2024-02-21T13:33:23.796+0000] {dag.py:3823} INFO - Setting next_dagrun for example_task_group_decorator to 2024-02-20 00:00:00+00:00, run_after=2024-02-21 00:00:00+00:00
[2024-02-21T13:33:23.831+0000] {processor.py:183} INFO - Processing /home/airflow/.local/lib/python3.8/site-packages/airflow/example_dags/example_task_group_decorator.py took 0.143 seconds
[2024-02-21T13:33:54.565+0000] {processor.py:161} INFO - Started process (PID=2114) to work on /home/airflow/.local/lib/python3.8/site-packages/airflow/example_dags/example_task_group_decorator.py
[2024-02-21T13:33:54.567+0000] {processor.py:830} INFO - Processing file /home/airflow/.local/lib/python3.8/site-packages/airflow/example_dags/example_task_group_decorator.py for tasks to queue
[2024-02-21T13:33:54.571+0000] {logging_mixin.py:188} INFO - [2024-02-21T13:33:54.570+0000] {dagbag.py:538} INFO - Filling up the DagBag from /home/airflow/.local/lib/python3.8/site-packages/airflow/example_dags/example_task_group_decorator.py
[2024-02-21T13:33:54.597+0000] {processor.py:840} INFO - DAG(s) 'example_task_group_decorator' retrieved from /home/airflow/.local/lib/python3.8/site-packages/airflow/example_dags/example_task_group_decorator.py
[2024-02-21T13:33:54.637+0000] {logging_mixin.py:188} INFO - [2024-02-21T13:33:54.636+0000] {dag.py:3036} INFO - Sync 1 DAGs
[2024-02-21T13:33:54.671+0000] {logging_mixin.py:188} INFO - [2024-02-21T13:33:54.670+0000] {dag.py:3823} INFO - Setting next_dagrun for example_task_group_decorator to 2024-02-20 00:00:00+00:00, run_after=2024-02-21 00:00:00+00:00
[2024-02-21T13:33:54.700+0000] {processor.py:183} INFO - Processing /home/airflow/.local/lib/python3.8/site-packages/airflow/example_dags/example_task_group_decorator.py took 0.142 seconds
[2024-02-21T13:34:24.877+0000] {processor.py:161} INFO - Started process (PID=2169) to work on /home/airflow/.local/lib/python3.8/site-packages/airflow/example_dags/example_task_group_decorator.py
[2024-02-21T13:34:24.879+0000] {processor.py:830} INFO - Processing file /home/airflow/.local/lib/python3.8/site-packages/airflow/example_dags/example_task_group_decorator.py for tasks to queue
[2024-02-21T13:34:24.882+0000] {logging_mixin.py:188} INFO - [2024-02-21T13:34:24.881+0000] {dagbag.py:538} INFO - Filling up the DagBag from /home/airflow/.local/lib/python3.8/site-packages/airflow/example_dags/example_task_group_decorator.py
[2024-02-21T13:34:24.906+0000] {processor.py:840} INFO - DAG(s) 'example_task_group_decorator' retrieved from /home/airflow/.local/lib/python3.8/site-packages/airflow/example_dags/example_task_group_decorator.py
[2024-02-21T13:34:24.959+0000] {logging_mixin.py:188} INFO - [2024-02-21T13:34:24.959+0000] {dag.py:3036} INFO - Sync 1 DAGs
[2024-02-21T13:34:25.005+0000] {logging_mixin.py:188} INFO - [2024-02-21T13:34:25.005+0000] {dag.py:3823} INFO - Setting next_dagrun for example_task_group_decorator to 2024-02-20 00:00:00+00:00, run_after=2024-02-21 00:00:00+00:00
[2024-02-21T13:34:25.041+0000] {processor.py:183} INFO - Processing /home/airflow/.local/lib/python3.8/site-packages/airflow/example_dags/example_task_group_decorator.py took 0.171 seconds
[2024-02-21T13:34:55.263+0000] {processor.py:161} INFO - Started process (PID=2223) to work on /home/airflow/.local/lib/python3.8/site-packages/airflow/example_dags/example_task_group_decorator.py
[2024-02-21T13:34:55.264+0000] {processor.py:830} INFO - Processing file /home/airflow/.local/lib/python3.8/site-packages/airflow/example_dags/example_task_group_decorator.py for tasks to queue
[2024-02-21T13:34:55.267+0000] {logging_mixin.py:188} INFO - [2024-02-21T13:34:55.267+0000] {dagbag.py:538} INFO - Filling up the DagBag from /home/airflow/.local/lib/python3.8/site-packages/airflow/example_dags/example_task_group_decorator.py
[2024-02-21T13:34:55.290+0000] {processor.py:840} INFO - DAG(s) 'example_task_group_decorator' retrieved from /home/airflow/.local/lib/python3.8/site-packages/airflow/example_dags/example_task_group_decorator.py
[2024-02-21T13:34:55.333+0000] {logging_mixin.py:188} INFO - [2024-02-21T13:34:55.333+0000] {dag.py:3036} INFO - Sync 1 DAGs
[2024-02-21T13:34:55.368+0000] {logging_mixin.py:188} INFO - [2024-02-21T13:34:55.368+0000] {dag.py:3823} INFO - Setting next_dagrun for example_task_group_decorator to 2024-02-20 00:00:00+00:00, run_after=2024-02-21 00:00:00+00:00
[2024-02-21T13:34:55.404+0000] {processor.py:183} INFO - Processing /home/airflow/.local/lib/python3.8/site-packages/airflow/example_dags/example_task_group_decorator.py took 0.147 seconds
[2024-02-21T13:35:25.996+0000] {processor.py:161} INFO - Started process (PID=2279) to work on /home/airflow/.local/lib/python3.8/site-packages/airflow/example_dags/example_task_group_decorator.py
[2024-02-21T13:35:25.998+0000] {processor.py:830} INFO - Processing file /home/airflow/.local/lib/python3.8/site-packages/airflow/example_dags/example_task_group_decorator.py for tasks to queue
[2024-02-21T13:35:26.002+0000] {logging_mixin.py:188} INFO - [2024-02-21T13:35:26.002+0000] {dagbag.py:538} INFO - Filling up the DagBag from /home/airflow/.local/lib/python3.8/site-packages/airflow/example_dags/example_task_group_decorator.py
[2024-02-21T13:35:26.030+0000] {processor.py:840} INFO - DAG(s) 'example_task_group_decorator' retrieved from /home/airflow/.local/lib/python3.8/site-packages/airflow/example_dags/example_task_group_decorator.py
[2024-02-21T13:35:26.069+0000] {logging_mixin.py:188} INFO - [2024-02-21T13:35:26.069+0000] {dag.py:3036} INFO - Sync 1 DAGs
[2024-02-21T13:35:26.102+0000] {logging_mixin.py:188} INFO - [2024-02-21T13:35:26.102+0000] {dag.py:3823} INFO - Setting next_dagrun for example_task_group_decorator to 2024-02-20 00:00:00+00:00, run_after=2024-02-21 00:00:00+00:00
[2024-02-21T13:35:26.128+0000] {processor.py:183} INFO - Processing /home/airflow/.local/lib/python3.8/site-packages/airflow/example_dags/example_task_group_decorator.py took 0.140 seconds
[2024-02-21T13:35:56.262+0000] {processor.py:161} INFO - Started process (PID=2334) to work on /home/airflow/.local/lib/python3.8/site-packages/airflow/example_dags/example_task_group_decorator.py
[2024-02-21T13:35:56.265+0000] {processor.py:830} INFO - Processing file /home/airflow/.local/lib/python3.8/site-packages/airflow/example_dags/example_task_group_decorator.py for tasks to queue
[2024-02-21T13:35:56.268+0000] {logging_mixin.py:188} INFO - [2024-02-21T13:35:56.267+0000] {dagbag.py:538} INFO - Filling up the DagBag from /home/airflow/.local/lib/python3.8/site-packages/airflow/example_dags/example_task_group_decorator.py
[2024-02-21T13:35:56.291+0000] {processor.py:840} INFO - DAG(s) 'example_task_group_decorator' retrieved from /home/airflow/.local/lib/python3.8/site-packages/airflow/example_dags/example_task_group_decorator.py
[2024-02-21T13:35:56.344+0000] {logging_mixin.py:188} INFO - [2024-02-21T13:35:56.343+0000] {dag.py:3036} INFO - Sync 1 DAGs
[2024-02-21T13:35:56.389+0000] {logging_mixin.py:188} INFO - [2024-02-21T13:35:56.389+0000] {dag.py:3823} INFO - Setting next_dagrun for example_task_group_decorator to 2024-02-20 00:00:00+00:00, run_after=2024-02-21 00:00:00+00:00
[2024-02-21T13:35:56.415+0000] {processor.py:183} INFO - Processing /home/airflow/.local/lib/python3.8/site-packages/airflow/example_dags/example_task_group_decorator.py took 0.161 seconds
[2024-02-21T13:36:26.804+0000] {processor.py:161} INFO - Started process (PID=2389) to work on /home/airflow/.local/lib/python3.8/site-packages/airflow/example_dags/example_task_group_decorator.py
[2024-02-21T13:36:26.805+0000] {processor.py:830} INFO - Processing file /home/airflow/.local/lib/python3.8/site-packages/airflow/example_dags/example_task_group_decorator.py for tasks to queue
[2024-02-21T13:36:26.809+0000] {logging_mixin.py:188} INFO - [2024-02-21T13:36:26.808+0000] {dagbag.py:538} INFO - Filling up the DagBag from /home/airflow/.local/lib/python3.8/site-packages/airflow/example_dags/example_task_group_decorator.py
[2024-02-21T13:36:26.841+0000] {processor.py:840} INFO - DAG(s) 'example_task_group_decorator' retrieved from /home/airflow/.local/lib/python3.8/site-packages/airflow/example_dags/example_task_group_decorator.py
[2024-02-21T13:36:26.897+0000] {logging_mixin.py:188} INFO - [2024-02-21T13:36:26.896+0000] {dag.py:3036} INFO - Sync 1 DAGs
[2024-02-21T13:36:26.947+0000] {logging_mixin.py:188} INFO - [2024-02-21T13:36:26.946+0000] {dag.py:3823} INFO - Setting next_dagrun for example_task_group_decorator to 2024-02-20 00:00:00+00:00, run_after=2024-02-21 00:00:00+00:00
[2024-02-21T13:36:26.985+0000] {processor.py:183} INFO - Processing /home/airflow/.local/lib/python3.8/site-packages/airflow/example_dags/example_task_group_decorator.py took 0.188 seconds
[2024-02-21T13:36:57.485+0000] {processor.py:161} INFO - Started process (PID=2445) to work on /home/airflow/.local/lib/python3.8/site-packages/airflow/example_dags/example_task_group_decorator.py
[2024-02-21T13:36:57.488+0000] {processor.py:830} INFO - Processing file /home/airflow/.local/lib/python3.8/site-packages/airflow/example_dags/example_task_group_decorator.py for tasks to queue
[2024-02-21T13:36:57.491+0000] {logging_mixin.py:188} INFO - [2024-02-21T13:36:57.491+0000] {dagbag.py:538} INFO - Filling up the DagBag from /home/airflow/.local/lib/python3.8/site-packages/airflow/example_dags/example_task_group_decorator.py
[2024-02-21T13:36:57.518+0000] {processor.py:840} INFO - DAG(s) 'example_task_group_decorator' retrieved from /home/airflow/.local/lib/python3.8/site-packages/airflow/example_dags/example_task_group_decorator.py
[2024-02-21T13:36:57.565+0000] {logging_mixin.py:188} INFO - [2024-02-21T13:36:57.564+0000] {dag.py:3036} INFO - Sync 1 DAGs
[2024-02-21T13:36:57.603+0000] {logging_mixin.py:188} INFO - [2024-02-21T13:36:57.602+0000] {dag.py:3823} INFO - Setting next_dagrun for example_task_group_decorator to 2024-02-20 00:00:00+00:00, run_after=2024-02-21 00:00:00+00:00
[2024-02-21T13:36:57.634+0000] {processor.py:183} INFO - Processing /home/airflow/.local/lib/python3.8/site-packages/airflow/example_dags/example_task_group_decorator.py took 0.155 seconds
[2024-02-21T13:37:28.295+0000] {processor.py:161} INFO - Started process (PID=2500) to work on /home/airflow/.local/lib/python3.8/site-packages/airflow/example_dags/example_task_group_decorator.py
[2024-02-21T13:37:28.298+0000] {processor.py:830} INFO - Processing file /home/airflow/.local/lib/python3.8/site-packages/airflow/example_dags/example_task_group_decorator.py for tasks to queue
[2024-02-21T13:37:28.302+0000] {logging_mixin.py:188} INFO - [2024-02-21T13:37:28.302+0000] {dagbag.py:538} INFO - Filling up the DagBag from /home/airflow/.local/lib/python3.8/site-packages/airflow/example_dags/example_task_group_decorator.py
[2024-02-21T13:37:28.327+0000] {processor.py:840} INFO - DAG(s) 'example_task_group_decorator' retrieved from /home/airflow/.local/lib/python3.8/site-packages/airflow/example_dags/example_task_group_decorator.py
[2024-02-21T13:37:28.594+0000] {logging_mixin.py:188} INFO - [2024-02-21T13:37:28.593+0000] {dag.py:3036} INFO - Sync 1 DAGs
[2024-02-21T13:37:28.628+0000] {logging_mixin.py:188} INFO - [2024-02-21T13:37:28.627+0000] {dag.py:3823} INFO - Setting next_dagrun for example_task_group_decorator to 2024-02-20 00:00:00+00:00, run_after=2024-02-21 00:00:00+00:00
[2024-02-21T13:37:28.660+0000] {processor.py:183} INFO - Processing /home/airflow/.local/lib/python3.8/site-packages/airflow/example_dags/example_task_group_decorator.py took 0.372 seconds
[2024-02-21T13:37:58.976+0000] {processor.py:161} INFO - Started process (PID=2555) to work on /home/airflow/.local/lib/python3.8/site-packages/airflow/example_dags/example_task_group_decorator.py
[2024-02-21T13:37:58.978+0000] {processor.py:830} INFO - Processing file /home/airflow/.local/lib/python3.8/site-packages/airflow/example_dags/example_task_group_decorator.py for tasks to queue
[2024-02-21T13:37:58.981+0000] {logging_mixin.py:188} INFO - [2024-02-21T13:37:58.981+0000] {dagbag.py:538} INFO - Filling up the DagBag from /home/airflow/.local/lib/python3.8/site-packages/airflow/example_dags/example_task_group_decorator.py
[2024-02-21T13:37:59.004+0000] {processor.py:840} INFO - DAG(s) 'example_task_group_decorator' retrieved from /home/airflow/.local/lib/python3.8/site-packages/airflow/example_dags/example_task_group_decorator.py
[2024-02-21T13:37:59.045+0000] {logging_mixin.py:188} INFO - [2024-02-21T13:37:59.045+0000] {dag.py:3036} INFO - Sync 1 DAGs
[2024-02-21T13:37:59.299+0000] {logging_mixin.py:188} INFO - [2024-02-21T13:37:59.298+0000] {dag.py:3823} INFO - Setting next_dagrun for example_task_group_decorator to 2024-02-20 00:00:00+00:00, run_after=2024-02-21 00:00:00+00:00
[2024-02-21T13:37:59.326+0000] {processor.py:183} INFO - Processing /home/airflow/.local/lib/python3.8/site-packages/airflow/example_dags/example_task_group_decorator.py took 0.356 seconds
[2024-02-21T13:38:29.892+0000] {processor.py:161} INFO - Started process (PID=2610) to work on /home/airflow/.local/lib/python3.8/site-packages/airflow/example_dags/example_task_group_decorator.py
[2024-02-21T13:38:29.894+0000] {processor.py:830} INFO - Processing file /home/airflow/.local/lib/python3.8/site-packages/airflow/example_dags/example_task_group_decorator.py for tasks to queue
[2024-02-21T13:38:29.897+0000] {logging_mixin.py:188} INFO - [2024-02-21T13:38:29.896+0000] {dagbag.py:538} INFO - Filling up the DagBag from /home/airflow/.local/lib/python3.8/site-packages/airflow/example_dags/example_task_group_decorator.py
[2024-02-21T13:38:29.922+0000] {processor.py:840} INFO - DAG(s) 'example_task_group_decorator' retrieved from /home/airflow/.local/lib/python3.8/site-packages/airflow/example_dags/example_task_group_decorator.py
[2024-02-21T13:38:29.977+0000] {logging_mixin.py:188} INFO - [2024-02-21T13:38:29.976+0000] {dag.py:3036} INFO - Sync 1 DAGs
[2024-02-21T13:38:30.027+0000] {logging_mixin.py:188} INFO - [2024-02-21T13:38:30.026+0000] {dag.py:3823} INFO - Setting next_dagrun for example_task_group_decorator to 2024-02-20 00:00:00+00:00, run_after=2024-02-21 00:00:00+00:00
[2024-02-21T13:38:30.286+0000] {processor.py:183} INFO - Processing /home/airflow/.local/lib/python3.8/site-packages/airflow/example_dags/example_task_group_decorator.py took 0.400 seconds
[2024-02-21T13:39:00.329+0000] {processor.py:161} INFO - Started process (PID=2665) to work on /home/airflow/.local/lib/python3.8/site-packages/airflow/example_dags/example_task_group_decorator.py
[2024-02-21T13:39:00.332+0000] {processor.py:830} INFO - Processing file /home/airflow/.local/lib/python3.8/site-packages/airflow/example_dags/example_task_group_decorator.py for tasks to queue
[2024-02-21T13:39:00.335+0000] {logging_mixin.py:188} INFO - [2024-02-21T13:39:00.335+0000] {dagbag.py:538} INFO - Filling up the DagBag from /home/airflow/.local/lib/python3.8/site-packages/airflow/example_dags/example_task_group_decorator.py
[2024-02-21T13:39:00.363+0000] {processor.py:840} INFO - DAG(s) 'example_task_group_decorator' retrieved from /home/airflow/.local/lib/python3.8/site-packages/airflow/example_dags/example_task_group_decorator.py
[2024-02-21T13:39:00.406+0000] {logging_mixin.py:188} INFO - [2024-02-21T13:39:00.405+0000] {dag.py:3036} INFO - Sync 1 DAGs
[2024-02-21T13:39:00.441+0000] {logging_mixin.py:188} INFO - [2024-02-21T13:39:00.440+0000] {dag.py:3823} INFO - Setting next_dagrun for example_task_group_decorator to 2024-02-20 00:00:00+00:00, run_after=2024-02-21 00:00:00+00:00
[2024-02-21T13:39:00.471+0000] {processor.py:183} INFO - Processing /home/airflow/.local/lib/python3.8/site-packages/airflow/example_dags/example_task_group_decorator.py took 0.148 seconds
