[2024-02-21T13:14:56.723+0000] {processor.py:161} INFO - Started process (PID=50) to work on /home/airflow/.local/lib/python3.8/site-packages/airflow/example_dags/example_sensor_decorator.py
[2024-02-21T13:14:56.725+0000] {processor.py:830} INFO - Processing file /home/airflow/.local/lib/python3.8/site-packages/airflow/example_dags/example_sensor_decorator.py for tasks to queue
[2024-02-21T13:14:56.729+0000] {logging_mixin.py:188} INFO - [2024-02-21T13:14:56.728+0000] {dagbag.py:538} INFO - Filling up the DagBag from /home/airflow/.local/lib/python3.8/site-packages/airflow/example_dags/example_sensor_decorator.py
[2024-02-21T13:14:56.752+0000] {processor.py:840} INFO - DAG(s) 'example_sensor_decorator' retrieved from /home/airflow/.local/lib/python3.8/site-packages/airflow/example_dags/example_sensor_decorator.py
[2024-02-21T13:14:57.029+0000] {logging_mixin.py:188} INFO - [2024-02-21T13:14:57.028+0000] {override.py:1769} INFO - Created Permission View: can read on DAG:example_sensor_decorator
[2024-02-21T13:14:57.057+0000] {logging_mixin.py:188} INFO - [2024-02-21T13:14:57.056+0000] {override.py:1769} INFO - Created Permission View: can edit on DAG:example_sensor_decorator
[2024-02-21T13:14:57.071+0000] {logging_mixin.py:188} INFO - [2024-02-21T13:14:57.070+0000] {override.py:1769} INFO - Created Permission View: can delete on DAG:example_sensor_decorator
[2024-02-21T13:14:57.071+0000] {logging_mixin.py:188} INFO - [2024-02-21T13:14:57.071+0000] {dag.py:3036} INFO - Sync 1 DAGs
[2024-02-21T13:14:57.110+0000] {logging_mixin.py:188} INFO - [2024-02-21T13:14:57.109+0000] {dag.py:3058} INFO - Creating ORM DAG for example_sensor_decorator
[2024-02-21T13:14:57.111+0000] {logging_mixin.py:188} INFO - [2024-02-21T13:14:57.110+0000] {dag.py:3823} INFO - Setting next_dagrun for example_sensor_decorator to None, run_after=None
[2024-02-21T13:14:57.174+0000] {processor.py:183} INFO - Processing /home/airflow/.local/lib/python3.8/site-packages/airflow/example_dags/example_sensor_decorator.py took 0.459 seconds
[2024-02-21T13:15:27.490+0000] {processor.py:161} INFO - Started process (PID=104) to work on /home/airflow/.local/lib/python3.8/site-packages/airflow/example_dags/example_sensor_decorator.py
[2024-02-21T13:15:27.492+0000] {processor.py:830} INFO - Processing file /home/airflow/.local/lib/python3.8/site-packages/airflow/example_dags/example_sensor_decorator.py for tasks to queue
[2024-02-21T13:15:27.496+0000] {logging_mixin.py:188} INFO - [2024-02-21T13:15:27.495+0000] {dagbag.py:538} INFO - Filling up the DagBag from /home/airflow/.local/lib/python3.8/site-packages/airflow/example_dags/example_sensor_decorator.py
[2024-02-21T13:15:27.510+0000] {processor.py:840} INFO - DAG(s) 'example_sensor_decorator' retrieved from /home/airflow/.local/lib/python3.8/site-packages/airflow/example_dags/example_sensor_decorator.py
[2024-02-21T13:15:27.554+0000] {logging_mixin.py:188} INFO - [2024-02-21T13:15:27.554+0000] {dag.py:3036} INFO - Sync 1 DAGs
[2024-02-21T13:15:27.580+0000] {logging_mixin.py:188} INFO - [2024-02-21T13:15:27.580+0000] {dag.py:3823} INFO - Setting next_dagrun for example_sensor_decorator to None, run_after=None
[2024-02-21T13:15:27.615+0000] {processor.py:183} INFO - Processing /home/airflow/.local/lib/python3.8/site-packages/airflow/example_dags/example_sensor_decorator.py took 0.133 seconds
[2024-02-21T13:15:57.783+0000] {processor.py:161} INFO - Started process (PID=158) to work on /home/airflow/.local/lib/python3.8/site-packages/airflow/example_dags/example_sensor_decorator.py
[2024-02-21T13:15:57.787+0000] {processor.py:830} INFO - Processing file /home/airflow/.local/lib/python3.8/site-packages/airflow/example_dags/example_sensor_decorator.py for tasks to queue
[2024-02-21T13:15:57.790+0000] {logging_mixin.py:188} INFO - [2024-02-21T13:15:57.790+0000] {dagbag.py:538} INFO - Filling up the DagBag from /home/airflow/.local/lib/python3.8/site-packages/airflow/example_dags/example_sensor_decorator.py
[2024-02-21T13:15:57.801+0000] {processor.py:840} INFO - DAG(s) 'example_sensor_decorator' retrieved from /home/airflow/.local/lib/python3.8/site-packages/airflow/example_dags/example_sensor_decorator.py
[2024-02-21T13:15:57.832+0000] {logging_mixin.py:188} INFO - [2024-02-21T13:15:57.831+0000] {dag.py:3036} INFO - Sync 1 DAGs
[2024-02-21T13:15:57.851+0000] {logging_mixin.py:188} INFO - [2024-02-21T13:15:57.850+0000] {dag.py:3823} INFO - Setting next_dagrun for example_sensor_decorator to None, run_after=None
[2024-02-21T13:15:57.878+0000] {processor.py:183} INFO - Processing /home/airflow/.local/lib/python3.8/site-packages/airflow/example_dags/example_sensor_decorator.py took 0.100 seconds
[2024-02-21T13:16:28.400+0000] {processor.py:161} INFO - Started process (PID=214) to work on /home/airflow/.local/lib/python3.8/site-packages/airflow/example_dags/example_sensor_decorator.py
[2024-02-21T13:16:28.402+0000] {processor.py:830} INFO - Processing file /home/airflow/.local/lib/python3.8/site-packages/airflow/example_dags/example_sensor_decorator.py for tasks to queue
[2024-02-21T13:16:28.405+0000] {logging_mixin.py:188} INFO - [2024-02-21T13:16:28.405+0000] {dagbag.py:538} INFO - Filling up the DagBag from /home/airflow/.local/lib/python3.8/site-packages/airflow/example_dags/example_sensor_decorator.py
[2024-02-21T13:16:28.417+0000] {processor.py:840} INFO - DAG(s) 'example_sensor_decorator' retrieved from /home/airflow/.local/lib/python3.8/site-packages/airflow/example_dags/example_sensor_decorator.py
[2024-02-21T13:16:28.449+0000] {logging_mixin.py:188} INFO - [2024-02-21T13:16:28.449+0000] {dag.py:3036} INFO - Sync 1 DAGs
[2024-02-21T13:16:28.473+0000] {logging_mixin.py:188} INFO - [2024-02-21T13:16:28.473+0000] {dag.py:3823} INFO - Setting next_dagrun for example_sensor_decorator to None, run_after=None
[2024-02-21T13:16:28.513+0000] {processor.py:183} INFO - Processing /home/airflow/.local/lib/python3.8/site-packages/airflow/example_dags/example_sensor_decorator.py took 0.120 seconds
[2024-02-21T13:16:58.718+0000] {processor.py:161} INFO - Started process (PID=268) to work on /home/airflow/.local/lib/python3.8/site-packages/airflow/example_dags/example_sensor_decorator.py
[2024-02-21T13:16:58.720+0000] {processor.py:830} INFO - Processing file /home/airflow/.local/lib/python3.8/site-packages/airflow/example_dags/example_sensor_decorator.py for tasks to queue
[2024-02-21T13:16:58.725+0000] {logging_mixin.py:188} INFO - [2024-02-21T13:16:58.724+0000] {dagbag.py:538} INFO - Filling up the DagBag from /home/airflow/.local/lib/python3.8/site-packages/airflow/example_dags/example_sensor_decorator.py
[2024-02-21T13:16:58.738+0000] {processor.py:840} INFO - DAG(s) 'example_sensor_decorator' retrieved from /home/airflow/.local/lib/python3.8/site-packages/airflow/example_dags/example_sensor_decorator.py
[2024-02-21T13:16:58.776+0000] {logging_mixin.py:188} INFO - [2024-02-21T13:16:58.775+0000] {dag.py:3036} INFO - Sync 1 DAGs
[2024-02-21T13:16:58.795+0000] {logging_mixin.py:188} INFO - [2024-02-21T13:16:58.794+0000] {dag.py:3823} INFO - Setting next_dagrun for example_sensor_decorator to None, run_after=None
[2024-02-21T13:16:58.827+0000] {processor.py:183} INFO - Processing /home/airflow/.local/lib/python3.8/site-packages/airflow/example_dags/example_sensor_decorator.py took 0.115 seconds
[2024-02-21T13:17:28.978+0000] {processor.py:161} INFO - Started process (PID=324) to work on /home/airflow/.local/lib/python3.8/site-packages/airflow/example_dags/example_sensor_decorator.py
[2024-02-21T13:17:28.981+0000] {processor.py:830} INFO - Processing file /home/airflow/.local/lib/python3.8/site-packages/airflow/example_dags/example_sensor_decorator.py for tasks to queue
[2024-02-21T13:17:28.985+0000] {logging_mixin.py:188} INFO - [2024-02-21T13:17:28.984+0000] {dagbag.py:538} INFO - Filling up the DagBag from /home/airflow/.local/lib/python3.8/site-packages/airflow/example_dags/example_sensor_decorator.py
[2024-02-21T13:17:28.997+0000] {processor.py:840} INFO - DAG(s) 'example_sensor_decorator' retrieved from /home/airflow/.local/lib/python3.8/site-packages/airflow/example_dags/example_sensor_decorator.py
[2024-02-21T13:17:29.033+0000] {logging_mixin.py:188} INFO - [2024-02-21T13:17:29.033+0000] {dag.py:3036} INFO - Sync 1 DAGs
[2024-02-21T13:17:29.054+0000] {logging_mixin.py:188} INFO - [2024-02-21T13:17:29.053+0000] {dag.py:3823} INFO - Setting next_dagrun for example_sensor_decorator to None, run_after=None
[2024-02-21T13:17:29.081+0000] {processor.py:183} INFO - Processing /home/airflow/.local/lib/python3.8/site-packages/airflow/example_dags/example_sensor_decorator.py took 0.111 seconds
[2024-02-21T13:17:59.515+0000] {processor.py:161} INFO - Started process (PID=379) to work on /home/airflow/.local/lib/python3.8/site-packages/airflow/example_dags/example_sensor_decorator.py
[2024-02-21T13:17:59.517+0000] {processor.py:830} INFO - Processing file /home/airflow/.local/lib/python3.8/site-packages/airflow/example_dags/example_sensor_decorator.py for tasks to queue
[2024-02-21T13:17:59.521+0000] {logging_mixin.py:188} INFO - [2024-02-21T13:17:59.520+0000] {dagbag.py:538} INFO - Filling up the DagBag from /home/airflow/.local/lib/python3.8/site-packages/airflow/example_dags/example_sensor_decorator.py
[2024-02-21T13:17:59.534+0000] {processor.py:840} INFO - DAG(s) 'example_sensor_decorator' retrieved from /home/airflow/.local/lib/python3.8/site-packages/airflow/example_dags/example_sensor_decorator.py
[2024-02-21T13:17:59.566+0000] {logging_mixin.py:188} INFO - [2024-02-21T13:17:59.565+0000] {dag.py:3036} INFO - Sync 1 DAGs
[2024-02-21T13:17:59.584+0000] {logging_mixin.py:188} INFO - [2024-02-21T13:17:59.584+0000] {dag.py:3823} INFO - Setting next_dagrun for example_sensor_decorator to None, run_after=None
[2024-02-21T13:17:59.616+0000] {processor.py:183} INFO - Processing /home/airflow/.local/lib/python3.8/site-packages/airflow/example_dags/example_sensor_decorator.py took 0.107 seconds
[2024-02-21T13:18:30.707+0000] {processor.py:161} INFO - Started process (PID=434) to work on /home/airflow/.local/lib/python3.8/site-packages/airflow/example_dags/example_sensor_decorator.py
[2024-02-21T13:18:30.710+0000] {processor.py:830} INFO - Processing file /home/airflow/.local/lib/python3.8/site-packages/airflow/example_dags/example_sensor_decorator.py for tasks to queue
[2024-02-21T13:18:30.713+0000] {logging_mixin.py:188} INFO - [2024-02-21T13:18:30.712+0000] {dagbag.py:538} INFO - Filling up the DagBag from /home/airflow/.local/lib/python3.8/site-packages/airflow/example_dags/example_sensor_decorator.py
[2024-02-21T13:18:30.723+0000] {processor.py:840} INFO - DAG(s) 'example_sensor_decorator' retrieved from /home/airflow/.local/lib/python3.8/site-packages/airflow/example_dags/example_sensor_decorator.py
[2024-02-21T13:18:30.758+0000] {logging_mixin.py:188} INFO - [2024-02-21T13:18:30.757+0000] {dag.py:3036} INFO - Sync 1 DAGs
[2024-02-21T13:18:30.781+0000] {logging_mixin.py:188} INFO - [2024-02-21T13:18:30.781+0000] {dag.py:3823} INFO - Setting next_dagrun for example_sensor_decorator to None, run_after=None
[2024-02-21T13:18:30.812+0000] {processor.py:183} INFO - Processing /home/airflow/.local/lib/python3.8/site-packages/airflow/example_dags/example_sensor_decorator.py took 0.110 seconds
[2024-02-21T13:19:01.052+0000] {processor.py:161} INFO - Started process (PID=489) to work on /home/airflow/.local/lib/python3.8/site-packages/airflow/example_dags/example_sensor_decorator.py
[2024-02-21T13:19:01.054+0000] {processor.py:830} INFO - Processing file /home/airflow/.local/lib/python3.8/site-packages/airflow/example_dags/example_sensor_decorator.py for tasks to queue
[2024-02-21T13:19:01.057+0000] {logging_mixin.py:188} INFO - [2024-02-21T13:19:01.057+0000] {dagbag.py:538} INFO - Filling up the DagBag from /home/airflow/.local/lib/python3.8/site-packages/airflow/example_dags/example_sensor_decorator.py
[2024-02-21T13:19:01.068+0000] {processor.py:840} INFO - DAG(s) 'example_sensor_decorator' retrieved from /home/airflow/.local/lib/python3.8/site-packages/airflow/example_dags/example_sensor_decorator.py
[2024-02-21T13:19:01.099+0000] {logging_mixin.py:188} INFO - [2024-02-21T13:19:01.098+0000] {dag.py:3036} INFO - Sync 1 DAGs
[2024-02-21T13:19:01.119+0000] {logging_mixin.py:188} INFO - [2024-02-21T13:19:01.118+0000] {dag.py:3823} INFO - Setting next_dagrun for example_sensor_decorator to None, run_after=None
[2024-02-21T13:19:01.148+0000] {processor.py:183} INFO - Processing /home/airflow/.local/lib/python3.8/site-packages/airflow/example_dags/example_sensor_decorator.py took 0.102 seconds
[2024-02-21T13:19:31.637+0000] {processor.py:161} INFO - Started process (PID=544) to work on /home/airflow/.local/lib/python3.8/site-packages/airflow/example_dags/example_sensor_decorator.py
[2024-02-21T13:19:31.639+0000] {processor.py:830} INFO - Processing file /home/airflow/.local/lib/python3.8/site-packages/airflow/example_dags/example_sensor_decorator.py for tasks to queue
[2024-02-21T13:19:31.642+0000] {logging_mixin.py:188} INFO - [2024-02-21T13:19:31.641+0000] {dagbag.py:538} INFO - Filling up the DagBag from /home/airflow/.local/lib/python3.8/site-packages/airflow/example_dags/example_sensor_decorator.py
[2024-02-21T13:19:31.652+0000] {processor.py:840} INFO - DAG(s) 'example_sensor_decorator' retrieved from /home/airflow/.local/lib/python3.8/site-packages/airflow/example_dags/example_sensor_decorator.py
[2024-02-21T13:19:31.682+0000] {logging_mixin.py:188} INFO - [2024-02-21T13:19:31.682+0000] {dag.py:3036} INFO - Sync 1 DAGs
[2024-02-21T13:19:31.701+0000] {logging_mixin.py:188} INFO - [2024-02-21T13:19:31.700+0000] {dag.py:3823} INFO - Setting next_dagrun for example_sensor_decorator to None, run_after=None
[2024-02-21T13:19:31.728+0000] {processor.py:183} INFO - Processing /home/airflow/.local/lib/python3.8/site-packages/airflow/example_dags/example_sensor_decorator.py took 0.097 seconds
[2024-02-21T13:20:02.091+0000] {processor.py:161} INFO - Started process (PID=599) to work on /home/airflow/.local/lib/python3.8/site-packages/airflow/example_dags/example_sensor_decorator.py
[2024-02-21T13:20:02.094+0000] {processor.py:830} INFO - Processing file /home/airflow/.local/lib/python3.8/site-packages/airflow/example_dags/example_sensor_decorator.py for tasks to queue
[2024-02-21T13:20:02.097+0000] {logging_mixin.py:188} INFO - [2024-02-21T13:20:02.097+0000] {dagbag.py:538} INFO - Filling up the DagBag from /home/airflow/.local/lib/python3.8/site-packages/airflow/example_dags/example_sensor_decorator.py
[2024-02-21T13:20:02.111+0000] {processor.py:840} INFO - DAG(s) 'example_sensor_decorator' retrieved from /home/airflow/.local/lib/python3.8/site-packages/airflow/example_dags/example_sensor_decorator.py
[2024-02-21T13:20:02.155+0000] {logging_mixin.py:188} INFO - [2024-02-21T13:20:02.154+0000] {dag.py:3036} INFO - Sync 1 DAGs
[2024-02-21T13:20:02.184+0000] {logging_mixin.py:188} INFO - [2024-02-21T13:20:02.184+0000] {dag.py:3823} INFO - Setting next_dagrun for example_sensor_decorator to None, run_after=None
[2024-02-21T13:20:02.225+0000] {processor.py:183} INFO - Processing /home/airflow/.local/lib/python3.8/site-packages/airflow/example_dags/example_sensor_decorator.py took 0.142 seconds
[2024-02-21T13:20:32.970+0000] {processor.py:161} INFO - Started process (PID=653) to work on /home/airflow/.local/lib/python3.8/site-packages/airflow/example_dags/example_sensor_decorator.py
[2024-02-21T13:20:32.971+0000] {processor.py:830} INFO - Processing file /home/airflow/.local/lib/python3.8/site-packages/airflow/example_dags/example_sensor_decorator.py for tasks to queue
[2024-02-21T13:20:32.975+0000] {logging_mixin.py:188} INFO - [2024-02-21T13:20:32.975+0000] {dagbag.py:538} INFO - Filling up the DagBag from /home/airflow/.local/lib/python3.8/site-packages/airflow/example_dags/example_sensor_decorator.py
[2024-02-21T13:20:32.987+0000] {processor.py:840} INFO - DAG(s) 'example_sensor_decorator' retrieved from /home/airflow/.local/lib/python3.8/site-packages/airflow/example_dags/example_sensor_decorator.py
[2024-02-21T13:20:33.020+0000] {logging_mixin.py:188} INFO - [2024-02-21T13:20:33.020+0000] {dag.py:3036} INFO - Sync 1 DAGs
[2024-02-21T13:20:33.040+0000] {logging_mixin.py:188} INFO - [2024-02-21T13:20:33.039+0000] {dag.py:3823} INFO - Setting next_dagrun for example_sensor_decorator to None, run_after=None
[2024-02-21T13:20:33.065+0000] {processor.py:183} INFO - Processing /home/airflow/.local/lib/python3.8/site-packages/airflow/example_dags/example_sensor_decorator.py took 0.103 seconds
[2024-02-21T13:21:03.577+0000] {processor.py:161} INFO - Started process (PID=709) to work on /home/airflow/.local/lib/python3.8/site-packages/airflow/example_dags/example_sensor_decorator.py
[2024-02-21T13:21:03.579+0000] {processor.py:830} INFO - Processing file /home/airflow/.local/lib/python3.8/site-packages/airflow/example_dags/example_sensor_decorator.py for tasks to queue
[2024-02-21T13:21:03.582+0000] {logging_mixin.py:188} INFO - [2024-02-21T13:21:03.582+0000] {dagbag.py:538} INFO - Filling up the DagBag from /home/airflow/.local/lib/python3.8/site-packages/airflow/example_dags/example_sensor_decorator.py
[2024-02-21T13:21:03.593+0000] {processor.py:840} INFO - DAG(s) 'example_sensor_decorator' retrieved from /home/airflow/.local/lib/python3.8/site-packages/airflow/example_dags/example_sensor_decorator.py
[2024-02-21T13:21:03.624+0000] {logging_mixin.py:188} INFO - [2024-02-21T13:21:03.624+0000] {dag.py:3036} INFO - Sync 1 DAGs
[2024-02-21T13:21:03.643+0000] {logging_mixin.py:188} INFO - [2024-02-21T13:21:03.643+0000] {dag.py:3823} INFO - Setting next_dagrun for example_sensor_decorator to None, run_after=None
[2024-02-21T13:21:03.671+0000] {processor.py:183} INFO - Processing /home/airflow/.local/lib/python3.8/site-packages/airflow/example_dags/example_sensor_decorator.py took 0.100 seconds
[2024-02-21T13:21:34.044+0000] {processor.py:161} INFO - Started process (PID=763) to work on /home/airflow/.local/lib/python3.8/site-packages/airflow/example_dags/example_sensor_decorator.py
[2024-02-21T13:21:34.046+0000] {processor.py:830} INFO - Processing file /home/airflow/.local/lib/python3.8/site-packages/airflow/example_dags/example_sensor_decorator.py for tasks to queue
[2024-02-21T13:21:34.049+0000] {logging_mixin.py:188} INFO - [2024-02-21T13:21:34.049+0000] {dagbag.py:538} INFO - Filling up the DagBag from /home/airflow/.local/lib/python3.8/site-packages/airflow/example_dags/example_sensor_decorator.py
[2024-02-21T13:21:34.059+0000] {processor.py:840} INFO - DAG(s) 'example_sensor_decorator' retrieved from /home/airflow/.local/lib/python3.8/site-packages/airflow/example_dags/example_sensor_decorator.py
[2024-02-21T13:21:34.091+0000] {logging_mixin.py:188} INFO - [2024-02-21T13:21:34.090+0000] {dag.py:3036} INFO - Sync 1 DAGs
[2024-02-21T13:21:34.110+0000] {logging_mixin.py:188} INFO - [2024-02-21T13:21:34.109+0000] {dag.py:3823} INFO - Setting next_dagrun for example_sensor_decorator to None, run_after=None
[2024-02-21T13:21:34.135+0000] {processor.py:183} INFO - Processing /home/airflow/.local/lib/python3.8/site-packages/airflow/example_dags/example_sensor_decorator.py took 0.099 seconds
[2024-02-21T13:22:04.921+0000] {processor.py:161} INFO - Started process (PID=818) to work on /home/airflow/.local/lib/python3.8/site-packages/airflow/example_dags/example_sensor_decorator.py
[2024-02-21T13:22:04.924+0000] {processor.py:830} INFO - Processing file /home/airflow/.local/lib/python3.8/site-packages/airflow/example_dags/example_sensor_decorator.py for tasks to queue
[2024-02-21T13:22:04.927+0000] {logging_mixin.py:188} INFO - [2024-02-21T13:22:04.927+0000] {dagbag.py:538} INFO - Filling up the DagBag from /home/airflow/.local/lib/python3.8/site-packages/airflow/example_dags/example_sensor_decorator.py
[2024-02-21T13:22:04.940+0000] {processor.py:840} INFO - DAG(s) 'example_sensor_decorator' retrieved from /home/airflow/.local/lib/python3.8/site-packages/airflow/example_dags/example_sensor_decorator.py
[2024-02-21T13:22:04.979+0000] {logging_mixin.py:188} INFO - [2024-02-21T13:22:04.979+0000] {dag.py:3036} INFO - Sync 1 DAGs
[2024-02-21T13:22:04.998+0000] {logging_mixin.py:188} INFO - [2024-02-21T13:22:04.998+0000] {dag.py:3823} INFO - Setting next_dagrun for example_sensor_decorator to None, run_after=None
[2024-02-21T13:22:05.029+0000] {processor.py:183} INFO - Processing /home/airflow/.local/lib/python3.8/site-packages/airflow/example_dags/example_sensor_decorator.py took 0.115 seconds
[2024-02-21T13:22:35.506+0000] {processor.py:161} INFO - Started process (PID=873) to work on /home/airflow/.local/lib/python3.8/site-packages/airflow/example_dags/example_sensor_decorator.py
[2024-02-21T13:22:35.507+0000] {processor.py:830} INFO - Processing file /home/airflow/.local/lib/python3.8/site-packages/airflow/example_dags/example_sensor_decorator.py for tasks to queue
[2024-02-21T13:22:35.510+0000] {logging_mixin.py:188} INFO - [2024-02-21T13:22:35.510+0000] {dagbag.py:538} INFO - Filling up the DagBag from /home/airflow/.local/lib/python3.8/site-packages/airflow/example_dags/example_sensor_decorator.py
[2024-02-21T13:22:35.521+0000] {processor.py:840} INFO - DAG(s) 'example_sensor_decorator' retrieved from /home/airflow/.local/lib/python3.8/site-packages/airflow/example_dags/example_sensor_decorator.py
[2024-02-21T13:22:35.553+0000] {logging_mixin.py:188} INFO - [2024-02-21T13:22:35.552+0000] {dag.py:3036} INFO - Sync 1 DAGs
[2024-02-21T13:22:35.572+0000] {logging_mixin.py:188} INFO - [2024-02-21T13:22:35.572+0000] {dag.py:3823} INFO - Setting next_dagrun for example_sensor_decorator to None, run_after=None
[2024-02-21T13:22:35.600+0000] {processor.py:183} INFO - Processing /home/airflow/.local/lib/python3.8/site-packages/airflow/example_dags/example_sensor_decorator.py took 0.102 seconds
[2024-02-21T13:23:06.318+0000] {processor.py:161} INFO - Started process (PID=928) to work on /home/airflow/.local/lib/python3.8/site-packages/airflow/example_dags/example_sensor_decorator.py
[2024-02-21T13:23:06.321+0000] {processor.py:830} INFO - Processing file /home/airflow/.local/lib/python3.8/site-packages/airflow/example_dags/example_sensor_decorator.py for tasks to queue
[2024-02-21T13:23:06.324+0000] {logging_mixin.py:188} INFO - [2024-02-21T13:23:06.324+0000] {dagbag.py:538} INFO - Filling up the DagBag from /home/airflow/.local/lib/python3.8/site-packages/airflow/example_dags/example_sensor_decorator.py
[2024-02-21T13:23:06.336+0000] {processor.py:840} INFO - DAG(s) 'example_sensor_decorator' retrieved from /home/airflow/.local/lib/python3.8/site-packages/airflow/example_dags/example_sensor_decorator.py
[2024-02-21T13:23:06.379+0000] {logging_mixin.py:188} INFO - [2024-02-21T13:23:06.378+0000] {dag.py:3036} INFO - Sync 1 DAGs
[2024-02-21T13:23:06.404+0000] {logging_mixin.py:188} INFO - [2024-02-21T13:23:06.404+0000] {dag.py:3823} INFO - Setting next_dagrun for example_sensor_decorator to None, run_after=None
[2024-02-21T13:23:06.442+0000] {processor.py:183} INFO - Processing /home/airflow/.local/lib/python3.8/site-packages/airflow/example_dags/example_sensor_decorator.py took 0.130 seconds
[2024-02-21T13:23:36.743+0000] {processor.py:161} INFO - Started process (PID=982) to work on /home/airflow/.local/lib/python3.8/site-packages/airflow/example_dags/example_sensor_decorator.py
[2024-02-21T13:23:36.745+0000] {processor.py:830} INFO - Processing file /home/airflow/.local/lib/python3.8/site-packages/airflow/example_dags/example_sensor_decorator.py for tasks to queue
[2024-02-21T13:23:36.748+0000] {logging_mixin.py:188} INFO - [2024-02-21T13:23:36.748+0000] {dagbag.py:538} INFO - Filling up the DagBag from /home/airflow/.local/lib/python3.8/site-packages/airflow/example_dags/example_sensor_decorator.py
[2024-02-21T13:23:36.759+0000] {processor.py:840} INFO - DAG(s) 'example_sensor_decorator' retrieved from /home/airflow/.local/lib/python3.8/site-packages/airflow/example_dags/example_sensor_decorator.py
[2024-02-21T13:23:36.789+0000] {logging_mixin.py:188} INFO - [2024-02-21T13:23:36.789+0000] {dag.py:3036} INFO - Sync 1 DAGs
[2024-02-21T13:23:36.808+0000] {logging_mixin.py:188} INFO - [2024-02-21T13:23:36.808+0000] {dag.py:3823} INFO - Setting next_dagrun for example_sensor_decorator to None, run_after=None
[2024-02-21T13:23:36.837+0000] {processor.py:183} INFO - Processing /home/airflow/.local/lib/python3.8/site-packages/airflow/example_dags/example_sensor_decorator.py took 0.099 seconds
[2024-02-21T13:24:07.607+0000] {processor.py:161} INFO - Started process (PID=1038) to work on /home/airflow/.local/lib/python3.8/site-packages/airflow/example_dags/example_sensor_decorator.py
[2024-02-21T13:24:07.610+0000] {processor.py:830} INFO - Processing file /home/airflow/.local/lib/python3.8/site-packages/airflow/example_dags/example_sensor_decorator.py for tasks to queue
[2024-02-21T13:24:07.613+0000] {logging_mixin.py:188} INFO - [2024-02-21T13:24:07.612+0000] {dagbag.py:538} INFO - Filling up the DagBag from /home/airflow/.local/lib/python3.8/site-packages/airflow/example_dags/example_sensor_decorator.py
[2024-02-21T13:24:07.623+0000] {processor.py:840} INFO - DAG(s) 'example_sensor_decorator' retrieved from /home/airflow/.local/lib/python3.8/site-packages/airflow/example_dags/example_sensor_decorator.py
[2024-02-21T13:24:07.656+0000] {logging_mixin.py:188} INFO - [2024-02-21T13:24:07.655+0000] {dag.py:3036} INFO - Sync 1 DAGs
[2024-02-21T13:24:07.681+0000] {logging_mixin.py:188} INFO - [2024-02-21T13:24:07.681+0000] {dag.py:3823} INFO - Setting next_dagrun for example_sensor_decorator to None, run_after=None
[2024-02-21T13:24:07.710+0000] {processor.py:183} INFO - Processing /home/airflow/.local/lib/python3.8/site-packages/airflow/example_dags/example_sensor_decorator.py took 0.110 seconds
[2024-02-21T13:24:37.835+0000] {processor.py:161} INFO - Started process (PID=1092) to work on /home/airflow/.local/lib/python3.8/site-packages/airflow/example_dags/example_sensor_decorator.py
[2024-02-21T13:24:37.838+0000] {processor.py:830} INFO - Processing file /home/airflow/.local/lib/python3.8/site-packages/airflow/example_dags/example_sensor_decorator.py for tasks to queue
[2024-02-21T13:24:37.842+0000] {logging_mixin.py:188} INFO - [2024-02-21T13:24:37.842+0000] {dagbag.py:538} INFO - Filling up the DagBag from /home/airflow/.local/lib/python3.8/site-packages/airflow/example_dags/example_sensor_decorator.py
[2024-02-21T13:24:37.852+0000] {processor.py:840} INFO - DAG(s) 'example_sensor_decorator' retrieved from /home/airflow/.local/lib/python3.8/site-packages/airflow/example_dags/example_sensor_decorator.py
[2024-02-21T13:24:37.882+0000] {logging_mixin.py:188} INFO - [2024-02-21T13:24:37.882+0000] {dag.py:3036} INFO - Sync 1 DAGs
[2024-02-21T13:24:37.901+0000] {logging_mixin.py:188} INFO - [2024-02-21T13:24:37.901+0000] {dag.py:3823} INFO - Setting next_dagrun for example_sensor_decorator to None, run_after=None
[2024-02-21T13:24:37.927+0000] {processor.py:183} INFO - Processing /home/airflow/.local/lib/python3.8/site-packages/airflow/example_dags/example_sensor_decorator.py took 0.099 seconds
[2024-02-21T13:25:08.075+0000] {processor.py:161} INFO - Started process (PID=1148) to work on /home/airflow/.local/lib/python3.8/site-packages/airflow/example_dags/example_sensor_decorator.py
[2024-02-21T13:25:08.077+0000] {processor.py:830} INFO - Processing file /home/airflow/.local/lib/python3.8/site-packages/airflow/example_dags/example_sensor_decorator.py for tasks to queue
[2024-02-21T13:25:08.080+0000] {logging_mixin.py:188} INFO - [2024-02-21T13:25:08.079+0000] {dagbag.py:538} INFO - Filling up the DagBag from /home/airflow/.local/lib/python3.8/site-packages/airflow/example_dags/example_sensor_decorator.py
[2024-02-21T13:25:08.091+0000] {processor.py:840} INFO - DAG(s) 'example_sensor_decorator' retrieved from /home/airflow/.local/lib/python3.8/site-packages/airflow/example_dags/example_sensor_decorator.py
[2024-02-21T13:25:08.135+0000] {logging_mixin.py:188} INFO - [2024-02-21T13:25:08.135+0000] {dag.py:3036} INFO - Sync 1 DAGs
[2024-02-21T13:25:08.165+0000] {logging_mixin.py:188} INFO - [2024-02-21T13:25:08.164+0000] {dag.py:3823} INFO - Setting next_dagrun for example_sensor_decorator to None, run_after=None
[2024-02-21T13:25:08.203+0000] {processor.py:183} INFO - Processing /home/airflow/.local/lib/python3.8/site-packages/airflow/example_dags/example_sensor_decorator.py took 0.133 seconds
[2024-02-21T13:25:38.389+0000] {processor.py:161} INFO - Started process (PID=1203) to work on /home/airflow/.local/lib/python3.8/site-packages/airflow/example_dags/example_sensor_decorator.py
[2024-02-21T13:25:38.390+0000] {processor.py:830} INFO - Processing file /home/airflow/.local/lib/python3.8/site-packages/airflow/example_dags/example_sensor_decorator.py for tasks to queue
[2024-02-21T13:25:38.393+0000] {logging_mixin.py:188} INFO - [2024-02-21T13:25:38.393+0000] {dagbag.py:538} INFO - Filling up the DagBag from /home/airflow/.local/lib/python3.8/site-packages/airflow/example_dags/example_sensor_decorator.py
[2024-02-21T13:25:38.403+0000] {processor.py:840} INFO - DAG(s) 'example_sensor_decorator' retrieved from /home/airflow/.local/lib/python3.8/site-packages/airflow/example_dags/example_sensor_decorator.py
[2024-02-21T13:25:38.435+0000] {logging_mixin.py:188} INFO - [2024-02-21T13:25:38.435+0000] {dag.py:3036} INFO - Sync 1 DAGs
[2024-02-21T13:25:38.456+0000] {logging_mixin.py:188} INFO - [2024-02-21T13:25:38.456+0000] {dag.py:3823} INFO - Setting next_dagrun for example_sensor_decorator to None, run_after=None
[2024-02-21T13:25:38.487+0000] {processor.py:183} INFO - Processing /home/airflow/.local/lib/python3.8/site-packages/airflow/example_dags/example_sensor_decorator.py took 0.104 seconds
[2024-02-21T13:26:08.733+0000] {processor.py:161} INFO - Started process (PID=1258) to work on /home/airflow/.local/lib/python3.8/site-packages/airflow/example_dags/example_sensor_decorator.py
[2024-02-21T13:26:08.738+0000] {processor.py:830} INFO - Processing file /home/airflow/.local/lib/python3.8/site-packages/airflow/example_dags/example_sensor_decorator.py for tasks to queue
[2024-02-21T13:26:08.741+0000] {logging_mixin.py:188} INFO - [2024-02-21T13:26:08.741+0000] {dagbag.py:538} INFO - Filling up the DagBag from /home/airflow/.local/lib/python3.8/site-packages/airflow/example_dags/example_sensor_decorator.py
[2024-02-21T13:26:08.752+0000] {processor.py:840} INFO - DAG(s) 'example_sensor_decorator' retrieved from /home/airflow/.local/lib/python3.8/site-packages/airflow/example_dags/example_sensor_decorator.py
[2024-02-21T13:26:08.784+0000] {logging_mixin.py:188} INFO - [2024-02-21T13:26:08.784+0000] {dag.py:3036} INFO - Sync 1 DAGs
[2024-02-21T13:26:08.804+0000] {logging_mixin.py:188} INFO - [2024-02-21T13:26:08.803+0000] {dag.py:3823} INFO - Setting next_dagrun for example_sensor_decorator to None, run_after=None
[2024-02-21T13:26:08.835+0000] {processor.py:183} INFO - Processing /home/airflow/.local/lib/python3.8/site-packages/airflow/example_dags/example_sensor_decorator.py took 0.109 seconds
[2024-02-21T13:26:38.939+0000] {processor.py:161} INFO - Started process (PID=1314) to work on /home/airflow/.local/lib/python3.8/site-packages/airflow/example_dags/example_sensor_decorator.py
[2024-02-21T13:26:38.941+0000] {processor.py:830} INFO - Processing file /home/airflow/.local/lib/python3.8/site-packages/airflow/example_dags/example_sensor_decorator.py for tasks to queue
[2024-02-21T13:26:38.944+0000] {logging_mixin.py:188} INFO - [2024-02-21T13:26:38.943+0000] {dagbag.py:538} INFO - Filling up the DagBag from /home/airflow/.local/lib/python3.8/site-packages/airflow/example_dags/example_sensor_decorator.py
[2024-02-21T13:26:38.954+0000] {processor.py:840} INFO - DAG(s) 'example_sensor_decorator' retrieved from /home/airflow/.local/lib/python3.8/site-packages/airflow/example_dags/example_sensor_decorator.py
[2024-02-21T13:26:38.985+0000] {logging_mixin.py:188} INFO - [2024-02-21T13:26:38.985+0000] {dag.py:3036} INFO - Sync 1 DAGs
[2024-02-21T13:26:39.005+0000] {logging_mixin.py:188} INFO - [2024-02-21T13:26:39.005+0000] {dag.py:3823} INFO - Setting next_dagrun for example_sensor_decorator to None, run_after=None
[2024-02-21T13:26:39.037+0000] {processor.py:183} INFO - Processing /home/airflow/.local/lib/python3.8/site-packages/airflow/example_dags/example_sensor_decorator.py took 0.103 seconds
[2024-02-21T13:27:09.279+0000] {processor.py:161} INFO - Started process (PID=1369) to work on /home/airflow/.local/lib/python3.8/site-packages/airflow/example_dags/example_sensor_decorator.py
[2024-02-21T13:27:09.281+0000] {processor.py:830} INFO - Processing file /home/airflow/.local/lib/python3.8/site-packages/airflow/example_dags/example_sensor_decorator.py for tasks to queue
[2024-02-21T13:27:09.285+0000] {logging_mixin.py:188} INFO - [2024-02-21T13:27:09.284+0000] {dagbag.py:538} INFO - Filling up the DagBag from /home/airflow/.local/lib/python3.8/site-packages/airflow/example_dags/example_sensor_decorator.py
[2024-02-21T13:27:09.297+0000] {processor.py:840} INFO - DAG(s) 'example_sensor_decorator' retrieved from /home/airflow/.local/lib/python3.8/site-packages/airflow/example_dags/example_sensor_decorator.py
[2024-02-21T13:27:09.335+0000] {logging_mixin.py:188} INFO - [2024-02-21T13:27:09.335+0000] {dag.py:3036} INFO - Sync 1 DAGs
[2024-02-21T13:27:09.355+0000] {logging_mixin.py:188} INFO - [2024-02-21T13:27:09.355+0000] {dag.py:3823} INFO - Setting next_dagrun for example_sensor_decorator to None, run_after=None
[2024-02-21T13:27:09.384+0000] {processor.py:183} INFO - Processing /home/airflow/.local/lib/python3.8/site-packages/airflow/example_dags/example_sensor_decorator.py took 0.113 seconds
[2024-02-21T13:27:39.887+0000] {processor.py:161} INFO - Started process (PID=1425) to work on /home/airflow/.local/lib/python3.8/site-packages/airflow/example_dags/example_sensor_decorator.py
[2024-02-21T13:27:39.888+0000] {processor.py:830} INFO - Processing file /home/airflow/.local/lib/python3.8/site-packages/airflow/example_dags/example_sensor_decorator.py for tasks to queue
[2024-02-21T13:27:39.891+0000] {logging_mixin.py:188} INFO - [2024-02-21T13:27:39.891+0000] {dagbag.py:538} INFO - Filling up the DagBag from /home/airflow/.local/lib/python3.8/site-packages/airflow/example_dags/example_sensor_decorator.py
[2024-02-21T13:27:39.901+0000] {processor.py:840} INFO - DAG(s) 'example_sensor_decorator' retrieved from /home/airflow/.local/lib/python3.8/site-packages/airflow/example_dags/example_sensor_decorator.py
[2024-02-21T13:27:39.937+0000] {logging_mixin.py:188} INFO - [2024-02-21T13:27:39.936+0000] {dag.py:3036} INFO - Sync 1 DAGs
[2024-02-21T13:27:39.956+0000] {logging_mixin.py:188} INFO - [2024-02-21T13:27:39.955+0000] {dag.py:3823} INFO - Setting next_dagrun for example_sensor_decorator to None, run_after=None
[2024-02-21T13:27:39.983+0000] {processor.py:183} INFO - Processing /home/airflow/.local/lib/python3.8/site-packages/airflow/example_dags/example_sensor_decorator.py took 0.102 seconds
[2024-02-21T13:28:10.244+0000] {processor.py:161} INFO - Started process (PID=1481) to work on /home/airflow/.local/lib/python3.8/site-packages/airflow/example_dags/example_sensor_decorator.py
[2024-02-21T13:28:10.246+0000] {processor.py:830} INFO - Processing file /home/airflow/.local/lib/python3.8/site-packages/airflow/example_dags/example_sensor_decorator.py for tasks to queue
[2024-02-21T13:28:10.249+0000] {logging_mixin.py:188} INFO - [2024-02-21T13:28:10.249+0000] {dagbag.py:538} INFO - Filling up the DagBag from /home/airflow/.local/lib/python3.8/site-packages/airflow/example_dags/example_sensor_decorator.py
[2024-02-21T13:28:10.263+0000] {processor.py:840} INFO - DAG(s) 'example_sensor_decorator' retrieved from /home/airflow/.local/lib/python3.8/site-packages/airflow/example_dags/example_sensor_decorator.py
[2024-02-21T13:28:10.296+0000] {logging_mixin.py:188} INFO - [2024-02-21T13:28:10.296+0000] {dag.py:3036} INFO - Sync 1 DAGs
[2024-02-21T13:28:10.316+0000] {logging_mixin.py:188} INFO - [2024-02-21T13:28:10.315+0000] {dag.py:3823} INFO - Setting next_dagrun for example_sensor_decorator to None, run_after=None
[2024-02-21T13:28:10.345+0000] {processor.py:183} INFO - Processing /home/airflow/.local/lib/python3.8/site-packages/airflow/example_dags/example_sensor_decorator.py took 0.107 seconds
[2024-02-21T13:28:40.808+0000] {processor.py:161} INFO - Started process (PID=1536) to work on /home/airflow/.local/lib/python3.8/site-packages/airflow/example_dags/example_sensor_decorator.py
[2024-02-21T13:28:40.809+0000] {processor.py:830} INFO - Processing file /home/airflow/.local/lib/python3.8/site-packages/airflow/example_dags/example_sensor_decorator.py for tasks to queue
[2024-02-21T13:28:40.812+0000] {logging_mixin.py:188} INFO - [2024-02-21T13:28:40.812+0000] {dagbag.py:538} INFO - Filling up the DagBag from /home/airflow/.local/lib/python3.8/site-packages/airflow/example_dags/example_sensor_decorator.py
[2024-02-21T13:28:40.822+0000] {processor.py:840} INFO - DAG(s) 'example_sensor_decorator' retrieved from /home/airflow/.local/lib/python3.8/site-packages/airflow/example_dags/example_sensor_decorator.py
[2024-02-21T13:28:40.881+0000] {logging_mixin.py:188} INFO - [2024-02-21T13:28:40.880+0000] {dag.py:3036} INFO - Sync 1 DAGs
[2024-02-21T13:28:40.902+0000] {logging_mixin.py:188} INFO - [2024-02-21T13:28:40.902+0000] {dag.py:3823} INFO - Setting next_dagrun for example_sensor_decorator to None, run_after=None
[2024-02-21T13:28:40.930+0000] {processor.py:183} INFO - Processing /home/airflow/.local/lib/python3.8/site-packages/airflow/example_dags/example_sensor_decorator.py took 0.128 seconds
[2024-02-21T13:29:11.465+0000] {processor.py:161} INFO - Started process (PID=1591) to work on /home/airflow/.local/lib/python3.8/site-packages/airflow/example_dags/example_sensor_decorator.py
[2024-02-21T13:29:11.468+0000] {processor.py:830} INFO - Processing file /home/airflow/.local/lib/python3.8/site-packages/airflow/example_dags/example_sensor_decorator.py for tasks to queue
[2024-02-21T13:29:11.472+0000] {logging_mixin.py:188} INFO - [2024-02-21T13:29:11.471+0000] {dagbag.py:538} INFO - Filling up the DagBag from /home/airflow/.local/lib/python3.8/site-packages/airflow/example_dags/example_sensor_decorator.py
[2024-02-21T13:29:11.510+0000] {processor.py:840} INFO - DAG(s) 'example_sensor_decorator' retrieved from /home/airflow/.local/lib/python3.8/site-packages/airflow/example_dags/example_sensor_decorator.py
[2024-02-21T13:29:11.551+0000] {logging_mixin.py:188} INFO - [2024-02-21T13:29:11.550+0000] {dag.py:3036} INFO - Sync 1 DAGs
[2024-02-21T13:29:11.570+0000] {logging_mixin.py:188} INFO - [2024-02-21T13:29:11.569+0000] {dag.py:3823} INFO - Setting next_dagrun for example_sensor_decorator to None, run_after=None
[2024-02-21T13:29:11.597+0000] {processor.py:183} INFO - Processing /home/airflow/.local/lib/python3.8/site-packages/airflow/example_dags/example_sensor_decorator.py took 0.137 seconds
[2024-02-21T13:29:42.070+0000] {processor.py:161} INFO - Started process (PID=1646) to work on /home/airflow/.local/lib/python3.8/site-packages/airflow/example_dags/example_sensor_decorator.py
[2024-02-21T13:29:42.080+0000] {processor.py:830} INFO - Processing file /home/airflow/.local/lib/python3.8/site-packages/airflow/example_dags/example_sensor_decorator.py for tasks to queue
[2024-02-21T13:29:42.088+0000] {logging_mixin.py:188} INFO - [2024-02-21T13:29:42.087+0000] {dagbag.py:538} INFO - Filling up the DagBag from /home/airflow/.local/lib/python3.8/site-packages/airflow/example_dags/example_sensor_decorator.py
[2024-02-21T13:29:42.099+0000] {processor.py:840} INFO - DAG(s) 'example_sensor_decorator' retrieved from /home/airflow/.local/lib/python3.8/site-packages/airflow/example_dags/example_sensor_decorator.py
[2024-02-21T13:29:42.137+0000] {logging_mixin.py:188} INFO - [2024-02-21T13:29:42.136+0000] {dag.py:3036} INFO - Sync 1 DAGs
[2024-02-21T13:29:42.196+0000] {logging_mixin.py:188} INFO - [2024-02-21T13:29:42.196+0000] {dag.py:3823} INFO - Setting next_dagrun for example_sensor_decorator to None, run_after=None
[2024-02-21T13:29:42.236+0000] {processor.py:183} INFO - Processing /home/airflow/.local/lib/python3.8/site-packages/airflow/example_dags/example_sensor_decorator.py took 0.185 seconds
[2024-02-21T13:30:12.633+0000] {processor.py:161} INFO - Started process (PID=1701) to work on /home/airflow/.local/lib/python3.8/site-packages/airflow/example_dags/example_sensor_decorator.py
[2024-02-21T13:30:12.636+0000] {processor.py:830} INFO - Processing file /home/airflow/.local/lib/python3.8/site-packages/airflow/example_dags/example_sensor_decorator.py for tasks to queue
[2024-02-21T13:30:12.639+0000] {logging_mixin.py:188} INFO - [2024-02-21T13:30:12.638+0000] {dagbag.py:538} INFO - Filling up the DagBag from /home/airflow/.local/lib/python3.8/site-packages/airflow/example_dags/example_sensor_decorator.py
[2024-02-21T13:30:12.649+0000] {processor.py:840} INFO - DAG(s) 'example_sensor_decorator' retrieved from /home/airflow/.local/lib/python3.8/site-packages/airflow/example_dags/example_sensor_decorator.py
[2024-02-21T13:30:12.689+0000] {logging_mixin.py:188} INFO - [2024-02-21T13:30:12.689+0000] {dag.py:3036} INFO - Sync 1 DAGs
[2024-02-21T13:30:12.717+0000] {logging_mixin.py:188} INFO - [2024-02-21T13:30:12.717+0000] {dag.py:3823} INFO - Setting next_dagrun for example_sensor_decorator to None, run_after=None
[2024-02-21T13:30:12.778+0000] {processor.py:183} INFO - Processing /home/airflow/.local/lib/python3.8/site-packages/airflow/example_dags/example_sensor_decorator.py took 0.153 seconds
[2024-02-21T13:30:42.835+0000] {processor.py:161} INFO - Started process (PID=1756) to work on /home/airflow/.local/lib/python3.8/site-packages/airflow/example_dags/example_sensor_decorator.py
[2024-02-21T13:30:42.837+0000] {processor.py:830} INFO - Processing file /home/airflow/.local/lib/python3.8/site-packages/airflow/example_dags/example_sensor_decorator.py for tasks to queue
[2024-02-21T13:30:42.840+0000] {logging_mixin.py:188} INFO - [2024-02-21T13:30:42.840+0000] {dagbag.py:538} INFO - Filling up the DagBag from /home/airflow/.local/lib/python3.8/site-packages/airflow/example_dags/example_sensor_decorator.py
[2024-02-21T13:30:42.850+0000] {processor.py:840} INFO - DAG(s) 'example_sensor_decorator' retrieved from /home/airflow/.local/lib/python3.8/site-packages/airflow/example_dags/example_sensor_decorator.py
[2024-02-21T13:30:42.888+0000] {logging_mixin.py:188} INFO - [2024-02-21T13:30:42.887+0000] {dag.py:3036} INFO - Sync 1 DAGs
[2024-02-21T13:30:42.916+0000] {logging_mixin.py:188} INFO - [2024-02-21T13:30:42.916+0000] {dag.py:3823} INFO - Setting next_dagrun for example_sensor_decorator to None, run_after=None
[2024-02-21T13:30:42.950+0000] {processor.py:183} INFO - Processing /home/airflow/.local/lib/python3.8/site-packages/airflow/example_dags/example_sensor_decorator.py took 0.121 seconds
[2024-02-21T13:31:13.186+0000] {processor.py:161} INFO - Started process (PID=1810) to work on /home/airflow/.local/lib/python3.8/site-packages/airflow/example_dags/example_sensor_decorator.py
[2024-02-21T13:31:13.188+0000] {processor.py:830} INFO - Processing file /home/airflow/.local/lib/python3.8/site-packages/airflow/example_dags/example_sensor_decorator.py for tasks to queue
[2024-02-21T13:31:13.192+0000] {logging_mixin.py:188} INFO - [2024-02-21T13:31:13.191+0000] {dagbag.py:538} INFO - Filling up the DagBag from /home/airflow/.local/lib/python3.8/site-packages/airflow/example_dags/example_sensor_decorator.py
[2024-02-21T13:31:13.204+0000] {processor.py:840} INFO - DAG(s) 'example_sensor_decorator' retrieved from /home/airflow/.local/lib/python3.8/site-packages/airflow/example_dags/example_sensor_decorator.py
[2024-02-21T13:31:13.242+0000] {logging_mixin.py:188} INFO - [2024-02-21T13:31:13.242+0000] {dag.py:3036} INFO - Sync 1 DAGs
[2024-02-21T13:31:13.263+0000] {logging_mixin.py:188} INFO - [2024-02-21T13:31:13.263+0000] {dag.py:3823} INFO - Setting next_dagrun for example_sensor_decorator to None, run_after=None
[2024-02-21T13:31:13.291+0000] {processor.py:183} INFO - Processing /home/airflow/.local/lib/python3.8/site-packages/airflow/example_dags/example_sensor_decorator.py took 0.111 seconds
[2024-02-21T13:31:43.737+0000] {processor.py:161} INFO - Started process (PID=1863) to work on /home/airflow/.local/lib/python3.8/site-packages/airflow/example_dags/example_sensor_decorator.py
[2024-02-21T13:31:43.738+0000] {processor.py:830} INFO - Processing file /home/airflow/.local/lib/python3.8/site-packages/airflow/example_dags/example_sensor_decorator.py for tasks to queue
[2024-02-21T13:31:43.741+0000] {logging_mixin.py:188} INFO - [2024-02-21T13:31:43.741+0000] {dagbag.py:538} INFO - Filling up the DagBag from /home/airflow/.local/lib/python3.8/site-packages/airflow/example_dags/example_sensor_decorator.py
[2024-02-21T13:31:43.752+0000] {processor.py:840} INFO - DAG(s) 'example_sensor_decorator' retrieved from /home/airflow/.local/lib/python3.8/site-packages/airflow/example_dags/example_sensor_decorator.py
[2024-02-21T13:31:43.786+0000] {logging_mixin.py:188} INFO - [2024-02-21T13:31:43.786+0000] {dag.py:3036} INFO - Sync 1 DAGs
[2024-02-21T13:31:43.806+0000] {logging_mixin.py:188} INFO - [2024-02-21T13:31:43.805+0000] {dag.py:3823} INFO - Setting next_dagrun for example_sensor_decorator to None, run_after=None
[2024-02-21T13:31:43.835+0000] {processor.py:183} INFO - Processing /home/airflow/.local/lib/python3.8/site-packages/airflow/example_dags/example_sensor_decorator.py took 0.104 seconds
[2024-02-21T13:32:14.032+0000] {processor.py:161} INFO - Started process (PID=1919) to work on /home/airflow/.local/lib/python3.8/site-packages/airflow/example_dags/example_sensor_decorator.py
[2024-02-21T13:32:14.034+0000] {processor.py:830} INFO - Processing file /home/airflow/.local/lib/python3.8/site-packages/airflow/example_dags/example_sensor_decorator.py for tasks to queue
[2024-02-21T13:32:14.037+0000] {logging_mixin.py:188} INFO - [2024-02-21T13:32:14.037+0000] {dagbag.py:538} INFO - Filling up the DagBag from /home/airflow/.local/lib/python3.8/site-packages/airflow/example_dags/example_sensor_decorator.py
[2024-02-21T13:32:14.048+0000] {processor.py:840} INFO - DAG(s) 'example_sensor_decorator' retrieved from /home/airflow/.local/lib/python3.8/site-packages/airflow/example_dags/example_sensor_decorator.py
[2024-02-21T13:32:14.080+0000] {logging_mixin.py:188} INFO - [2024-02-21T13:32:14.080+0000] {dag.py:3036} INFO - Sync 1 DAGs
[2024-02-21T13:32:14.100+0000] {logging_mixin.py:188} INFO - [2024-02-21T13:32:14.100+0000] {dag.py:3823} INFO - Setting next_dagrun for example_sensor_decorator to None, run_after=None
[2024-02-21T13:32:14.127+0000] {processor.py:183} INFO - Processing /home/airflow/.local/lib/python3.8/site-packages/airflow/example_dags/example_sensor_decorator.py took 0.101 seconds
[2024-02-21T13:32:44.938+0000] {processor.py:161} INFO - Started process (PID=1974) to work on /home/airflow/.local/lib/python3.8/site-packages/airflow/example_dags/example_sensor_decorator.py
[2024-02-21T13:32:44.941+0000] {processor.py:830} INFO - Processing file /home/airflow/.local/lib/python3.8/site-packages/airflow/example_dags/example_sensor_decorator.py for tasks to queue
[2024-02-21T13:32:44.945+0000] {logging_mixin.py:188} INFO - [2024-02-21T13:32:44.944+0000] {dagbag.py:538} INFO - Filling up the DagBag from /home/airflow/.local/lib/python3.8/site-packages/airflow/example_dags/example_sensor_decorator.py
[2024-02-21T13:32:44.957+0000] {processor.py:840} INFO - DAG(s) 'example_sensor_decorator' retrieved from /home/airflow/.local/lib/python3.8/site-packages/airflow/example_dags/example_sensor_decorator.py
[2024-02-21T13:32:44.989+0000] {logging_mixin.py:188} INFO - [2024-02-21T13:32:44.989+0000] {dag.py:3036} INFO - Sync 1 DAGs
[2024-02-21T13:32:45.010+0000] {logging_mixin.py:188} INFO - [2024-02-21T13:32:45.010+0000] {dag.py:3823} INFO - Setting next_dagrun for example_sensor_decorator to None, run_after=None
[2024-02-21T13:32:45.042+0000] {processor.py:183} INFO - Processing /home/airflow/.local/lib/python3.8/site-packages/airflow/example_dags/example_sensor_decorator.py took 0.112 seconds
[2024-02-21T13:33:15.681+0000] {processor.py:161} INFO - Started process (PID=2029) to work on /home/airflow/.local/lib/python3.8/site-packages/airflow/example_dags/example_sensor_decorator.py
[2024-02-21T13:33:15.684+0000] {processor.py:830} INFO - Processing file /home/airflow/.local/lib/python3.8/site-packages/airflow/example_dags/example_sensor_decorator.py for tasks to queue
[2024-02-21T13:33:15.689+0000] {logging_mixin.py:188} INFO - [2024-02-21T13:33:15.688+0000] {dagbag.py:538} INFO - Filling up the DagBag from /home/airflow/.local/lib/python3.8/site-packages/airflow/example_dags/example_sensor_decorator.py
[2024-02-21T13:33:15.703+0000] {processor.py:840} INFO - DAG(s) 'example_sensor_decorator' retrieved from /home/airflow/.local/lib/python3.8/site-packages/airflow/example_dags/example_sensor_decorator.py
[2024-02-21T13:33:15.739+0000] {logging_mixin.py:188} INFO - [2024-02-21T13:33:15.739+0000] {dag.py:3036} INFO - Sync 1 DAGs
[2024-02-21T13:33:15.759+0000] {logging_mixin.py:188} INFO - [2024-02-21T13:33:15.758+0000] {dag.py:3823} INFO - Setting next_dagrun for example_sensor_decorator to None, run_after=None
[2024-02-21T13:33:15.785+0000] {processor.py:183} INFO - Processing /home/airflow/.local/lib/python3.8/site-packages/airflow/example_dags/example_sensor_decorator.py took 0.111 seconds
[2024-02-21T13:33:45.999+0000] {processor.py:161} INFO - Started process (PID=2084) to work on /home/airflow/.local/lib/python3.8/site-packages/airflow/example_dags/example_sensor_decorator.py
[2024-02-21T13:33:46.008+0000] {processor.py:830} INFO - Processing file /home/airflow/.local/lib/python3.8/site-packages/airflow/example_dags/example_sensor_decorator.py for tasks to queue
[2024-02-21T13:33:46.012+0000] {logging_mixin.py:188} INFO - [2024-02-21T13:33:46.011+0000] {dagbag.py:538} INFO - Filling up the DagBag from /home/airflow/.local/lib/python3.8/site-packages/airflow/example_dags/example_sensor_decorator.py
[2024-02-21T13:33:46.043+0000] {processor.py:840} INFO - DAG(s) 'example_sensor_decorator' retrieved from /home/airflow/.local/lib/python3.8/site-packages/airflow/example_dags/example_sensor_decorator.py
[2024-02-21T13:33:46.084+0000] {logging_mixin.py:188} INFO - [2024-02-21T13:33:46.083+0000] {dag.py:3036} INFO - Sync 1 DAGs
[2024-02-21T13:33:46.110+0000] {logging_mixin.py:188} INFO - [2024-02-21T13:33:46.109+0000] {dag.py:3823} INFO - Setting next_dagrun for example_sensor_decorator to None, run_after=None
[2024-02-21T13:33:46.144+0000] {processor.py:183} INFO - Processing /home/airflow/.local/lib/python3.8/site-packages/airflow/example_dags/example_sensor_decorator.py took 0.152 seconds
[2024-02-21T13:34:16.268+0000] {processor.py:161} INFO - Started process (PID=2139) to work on /home/airflow/.local/lib/python3.8/site-packages/airflow/example_dags/example_sensor_decorator.py
[2024-02-21T13:34:16.272+0000] {processor.py:830} INFO - Processing file /home/airflow/.local/lib/python3.8/site-packages/airflow/example_dags/example_sensor_decorator.py for tasks to queue
[2024-02-21T13:34:16.276+0000] {logging_mixin.py:188} INFO - [2024-02-21T13:34:16.275+0000] {dagbag.py:538} INFO - Filling up the DagBag from /home/airflow/.local/lib/python3.8/site-packages/airflow/example_dags/example_sensor_decorator.py
[2024-02-21T13:34:16.290+0000] {processor.py:840} INFO - DAG(s) 'example_sensor_decorator' retrieved from /home/airflow/.local/lib/python3.8/site-packages/airflow/example_dags/example_sensor_decorator.py
[2024-02-21T13:34:16.328+0000] {logging_mixin.py:188} INFO - [2024-02-21T13:34:16.328+0000] {dag.py:3036} INFO - Sync 1 DAGs
[2024-02-21T13:34:16.347+0000] {logging_mixin.py:188} INFO - [2024-02-21T13:34:16.346+0000] {dag.py:3823} INFO - Setting next_dagrun for example_sensor_decorator to None, run_after=None
[2024-02-21T13:34:16.374+0000] {processor.py:183} INFO - Processing /home/airflow/.local/lib/python3.8/site-packages/airflow/example_dags/example_sensor_decorator.py took 0.114 seconds
[2024-02-21T13:34:46.425+0000] {processor.py:161} INFO - Started process (PID=2194) to work on /home/airflow/.local/lib/python3.8/site-packages/airflow/example_dags/example_sensor_decorator.py
[2024-02-21T13:34:46.427+0000] {processor.py:830} INFO - Processing file /home/airflow/.local/lib/python3.8/site-packages/airflow/example_dags/example_sensor_decorator.py for tasks to queue
[2024-02-21T13:34:46.431+0000] {logging_mixin.py:188} INFO - [2024-02-21T13:34:46.430+0000] {dagbag.py:538} INFO - Filling up the DagBag from /home/airflow/.local/lib/python3.8/site-packages/airflow/example_dags/example_sensor_decorator.py
[2024-02-21T13:34:46.442+0000] {processor.py:840} INFO - DAG(s) 'example_sensor_decorator' retrieved from /home/airflow/.local/lib/python3.8/site-packages/airflow/example_dags/example_sensor_decorator.py
[2024-02-21T13:34:46.477+0000] {logging_mixin.py:188} INFO - [2024-02-21T13:34:46.476+0000] {dag.py:3036} INFO - Sync 1 DAGs
[2024-02-21T13:34:46.497+0000] {logging_mixin.py:188} INFO - [2024-02-21T13:34:46.497+0000] {dag.py:3823} INFO - Setting next_dagrun for example_sensor_decorator to None, run_after=None
[2024-02-21T13:34:46.528+0000] {processor.py:183} INFO - Processing /home/airflow/.local/lib/python3.8/site-packages/airflow/example_dags/example_sensor_decorator.py took 0.110 seconds
[2024-02-21T13:35:16.853+0000] {processor.py:161} INFO - Started process (PID=2249) to work on /home/airflow/.local/lib/python3.8/site-packages/airflow/example_dags/example_sensor_decorator.py
[2024-02-21T13:35:16.856+0000] {processor.py:830} INFO - Processing file /home/airflow/.local/lib/python3.8/site-packages/airflow/example_dags/example_sensor_decorator.py for tasks to queue
[2024-02-21T13:35:16.861+0000] {logging_mixin.py:188} INFO - [2024-02-21T13:35:16.860+0000] {dagbag.py:538} INFO - Filling up the DagBag from /home/airflow/.local/lib/python3.8/site-packages/airflow/example_dags/example_sensor_decorator.py
[2024-02-21T13:35:16.873+0000] {processor.py:840} INFO - DAG(s) 'example_sensor_decorator' retrieved from /home/airflow/.local/lib/python3.8/site-packages/airflow/example_dags/example_sensor_decorator.py
[2024-02-21T13:35:16.913+0000] {logging_mixin.py:188} INFO - [2024-02-21T13:35:16.912+0000] {dag.py:3036} INFO - Sync 1 DAGs
[2024-02-21T13:35:16.942+0000] {logging_mixin.py:188} INFO - [2024-02-21T13:35:16.942+0000] {dag.py:3823} INFO - Setting next_dagrun for example_sensor_decorator to None, run_after=None
[2024-02-21T13:35:16.981+0000] {processor.py:183} INFO - Processing /home/airflow/.local/lib/python3.8/site-packages/airflow/example_dags/example_sensor_decorator.py took 0.135 seconds
[2024-02-21T13:35:47.417+0000] {processor.py:161} INFO - Started process (PID=2304) to work on /home/airflow/.local/lib/python3.8/site-packages/airflow/example_dags/example_sensor_decorator.py
[2024-02-21T13:35:47.419+0000] {processor.py:830} INFO - Processing file /home/airflow/.local/lib/python3.8/site-packages/airflow/example_dags/example_sensor_decorator.py for tasks to queue
[2024-02-21T13:35:47.422+0000] {logging_mixin.py:188} INFO - [2024-02-21T13:35:47.422+0000] {dagbag.py:538} INFO - Filling up the DagBag from /home/airflow/.local/lib/python3.8/site-packages/airflow/example_dags/example_sensor_decorator.py
[2024-02-21T13:35:47.433+0000] {processor.py:840} INFO - DAG(s) 'example_sensor_decorator' retrieved from /home/airflow/.local/lib/python3.8/site-packages/airflow/example_dags/example_sensor_decorator.py
[2024-02-21T13:35:47.471+0000] {logging_mixin.py:188} INFO - [2024-02-21T13:35:47.470+0000] {dag.py:3036} INFO - Sync 1 DAGs
[2024-02-21T13:35:47.492+0000] {logging_mixin.py:188} INFO - [2024-02-21T13:35:47.492+0000] {dag.py:3823} INFO - Setting next_dagrun for example_sensor_decorator to None, run_after=None
[2024-02-21T13:35:47.522+0000] {processor.py:183} INFO - Processing /home/airflow/.local/lib/python3.8/site-packages/airflow/example_dags/example_sensor_decorator.py took 0.111 seconds
[2024-02-21T13:36:18.494+0000] {processor.py:161} INFO - Started process (PID=2359) to work on /home/airflow/.local/lib/python3.8/site-packages/airflow/example_dags/example_sensor_decorator.py
[2024-02-21T13:36:18.495+0000] {processor.py:830} INFO - Processing file /home/airflow/.local/lib/python3.8/site-packages/airflow/example_dags/example_sensor_decorator.py for tasks to queue
[2024-02-21T13:36:18.499+0000] {logging_mixin.py:188} INFO - [2024-02-21T13:36:18.498+0000] {dagbag.py:538} INFO - Filling up the DagBag from /home/airflow/.local/lib/python3.8/site-packages/airflow/example_dags/example_sensor_decorator.py
[2024-02-21T13:36:18.510+0000] {processor.py:840} INFO - DAG(s) 'example_sensor_decorator' retrieved from /home/airflow/.local/lib/python3.8/site-packages/airflow/example_dags/example_sensor_decorator.py
[2024-02-21T13:36:18.542+0000] {logging_mixin.py:188} INFO - [2024-02-21T13:36:18.542+0000] {dag.py:3036} INFO - Sync 1 DAGs
[2024-02-21T13:36:18.564+0000] {logging_mixin.py:188} INFO - [2024-02-21T13:36:18.563+0000] {dag.py:3823} INFO - Setting next_dagrun for example_sensor_decorator to None, run_after=None
[2024-02-21T13:36:18.808+0000] {processor.py:183} INFO - Processing /home/airflow/.local/lib/python3.8/site-packages/airflow/example_dags/example_sensor_decorator.py took 0.320 seconds
[2024-02-21T13:36:49.302+0000] {processor.py:161} INFO - Started process (PID=2414) to work on /home/airflow/.local/lib/python3.8/site-packages/airflow/example_dags/example_sensor_decorator.py
[2024-02-21T13:36:49.304+0000] {processor.py:830} INFO - Processing file /home/airflow/.local/lib/python3.8/site-packages/airflow/example_dags/example_sensor_decorator.py for tasks to queue
[2024-02-21T13:36:49.307+0000] {logging_mixin.py:188} INFO - [2024-02-21T13:36:49.307+0000] {dagbag.py:538} INFO - Filling up the DagBag from /home/airflow/.local/lib/python3.8/site-packages/airflow/example_dags/example_sensor_decorator.py
[2024-02-21T13:36:49.318+0000] {processor.py:840} INFO - DAG(s) 'example_sensor_decorator' retrieved from /home/airflow/.local/lib/python3.8/site-packages/airflow/example_dags/example_sensor_decorator.py
[2024-02-21T13:36:49.353+0000] {logging_mixin.py:188} INFO - [2024-02-21T13:36:49.353+0000] {dag.py:3036} INFO - Sync 1 DAGs
[2024-02-21T13:36:49.373+0000] {logging_mixin.py:188} INFO - [2024-02-21T13:36:49.373+0000] {dag.py:3823} INFO - Setting next_dagrun for example_sensor_decorator to None, run_after=None
[2024-02-21T13:36:49.403+0000] {processor.py:183} INFO - Processing /home/airflow/.local/lib/python3.8/site-packages/airflow/example_dags/example_sensor_decorator.py took 0.107 seconds
[2024-02-21T13:37:19.551+0000] {processor.py:161} INFO - Started process (PID=2470) to work on /home/airflow/.local/lib/python3.8/site-packages/airflow/example_dags/example_sensor_decorator.py
[2024-02-21T13:37:19.556+0000] {processor.py:830} INFO - Processing file /home/airflow/.local/lib/python3.8/site-packages/airflow/example_dags/example_sensor_decorator.py for tasks to queue
[2024-02-21T13:37:19.559+0000] {logging_mixin.py:188} INFO - [2024-02-21T13:37:19.559+0000] {dagbag.py:538} INFO - Filling up the DagBag from /home/airflow/.local/lib/python3.8/site-packages/airflow/example_dags/example_sensor_decorator.py
[2024-02-21T13:37:19.570+0000] {processor.py:840} INFO - DAG(s) 'example_sensor_decorator' retrieved from /home/airflow/.local/lib/python3.8/site-packages/airflow/example_dags/example_sensor_decorator.py
[2024-02-21T13:37:19.601+0000] {logging_mixin.py:188} INFO - [2024-02-21T13:37:19.600+0000] {dag.py:3036} INFO - Sync 1 DAGs
[2024-02-21T13:37:19.620+0000] {logging_mixin.py:188} INFO - [2024-02-21T13:37:19.619+0000] {dag.py:3823} INFO - Setting next_dagrun for example_sensor_decorator to None, run_after=None
[2024-02-21T13:37:19.646+0000] {processor.py:183} INFO - Processing /home/airflow/.local/lib/python3.8/site-packages/airflow/example_dags/example_sensor_decorator.py took 0.100 seconds
[2024-02-21T13:37:50.177+0000] {processor.py:161} INFO - Started process (PID=2525) to work on /home/airflow/.local/lib/python3.8/site-packages/airflow/example_dags/example_sensor_decorator.py
[2024-02-21T13:37:50.181+0000] {processor.py:830} INFO - Processing file /home/airflow/.local/lib/python3.8/site-packages/airflow/example_dags/example_sensor_decorator.py for tasks to queue
[2024-02-21T13:37:50.184+0000] {logging_mixin.py:188} INFO - [2024-02-21T13:37:50.184+0000] {dagbag.py:538} INFO - Filling up the DagBag from /home/airflow/.local/lib/python3.8/site-packages/airflow/example_dags/example_sensor_decorator.py
[2024-02-21T13:37:50.194+0000] {processor.py:840} INFO - DAG(s) 'example_sensor_decorator' retrieved from /home/airflow/.local/lib/python3.8/site-packages/airflow/example_dags/example_sensor_decorator.py
[2024-02-21T13:37:50.228+0000] {logging_mixin.py:188} INFO - [2024-02-21T13:37:50.228+0000] {dag.py:3036} INFO - Sync 1 DAGs
[2024-02-21T13:37:50.254+0000] {logging_mixin.py:188} INFO - [2024-02-21T13:37:50.253+0000] {dag.py:3823} INFO - Setting next_dagrun for example_sensor_decorator to None, run_after=None
[2024-02-21T13:37:50.288+0000] {processor.py:183} INFO - Processing /home/airflow/.local/lib/python3.8/site-packages/airflow/example_dags/example_sensor_decorator.py took 0.117 seconds
[2024-02-21T13:38:20.680+0000] {processor.py:161} INFO - Started process (PID=2580) to work on /home/airflow/.local/lib/python3.8/site-packages/airflow/example_dags/example_sensor_decorator.py
[2024-02-21T13:38:20.682+0000] {processor.py:830} INFO - Processing file /home/airflow/.local/lib/python3.8/site-packages/airflow/example_dags/example_sensor_decorator.py for tasks to queue
[2024-02-21T13:38:20.684+0000] {logging_mixin.py:188} INFO - [2024-02-21T13:38:20.684+0000] {dagbag.py:538} INFO - Filling up the DagBag from /home/airflow/.local/lib/python3.8/site-packages/airflow/example_dags/example_sensor_decorator.py
[2024-02-21T13:38:20.694+0000] {processor.py:840} INFO - DAG(s) 'example_sensor_decorator' retrieved from /home/airflow/.local/lib/python3.8/site-packages/airflow/example_dags/example_sensor_decorator.py
[2024-02-21T13:38:20.729+0000] {logging_mixin.py:188} INFO - [2024-02-21T13:38:20.729+0000] {dag.py:3036} INFO - Sync 1 DAGs
[2024-02-21T13:38:20.756+0000] {logging_mixin.py:188} INFO - [2024-02-21T13:38:20.756+0000] {dag.py:3823} INFO - Setting next_dagrun for example_sensor_decorator to None, run_after=None
[2024-02-21T13:38:20.794+0000] {processor.py:183} INFO - Processing /home/airflow/.local/lib/python3.8/site-packages/airflow/example_dags/example_sensor_decorator.py took 0.119 seconds
[2024-02-21T13:38:51.081+0000] {processor.py:161} INFO - Started process (PID=2635) to work on /home/airflow/.local/lib/python3.8/site-packages/airflow/example_dags/example_sensor_decorator.py
[2024-02-21T13:38:51.084+0000] {processor.py:830} INFO - Processing file /home/airflow/.local/lib/python3.8/site-packages/airflow/example_dags/example_sensor_decorator.py for tasks to queue
[2024-02-21T13:38:51.088+0000] {logging_mixin.py:188} INFO - [2024-02-21T13:38:51.087+0000] {dagbag.py:538} INFO - Filling up the DagBag from /home/airflow/.local/lib/python3.8/site-packages/airflow/example_dags/example_sensor_decorator.py
[2024-02-21T13:38:51.103+0000] {processor.py:840} INFO - DAG(s) 'example_sensor_decorator' retrieved from /home/airflow/.local/lib/python3.8/site-packages/airflow/example_dags/example_sensor_decorator.py
[2024-02-21T13:38:51.400+0000] {logging_mixin.py:188} INFO - [2024-02-21T13:38:51.400+0000] {dag.py:3036} INFO - Sync 1 DAGs
[2024-02-21T13:38:51.417+0000] {logging_mixin.py:188} INFO - [2024-02-21T13:38:51.416+0000] {dag.py:3823} INFO - Setting next_dagrun for example_sensor_decorator to None, run_after=None
[2024-02-21T13:38:51.452+0000] {processor.py:183} INFO - Processing /home/airflow/.local/lib/python3.8/site-packages/airflow/example_dags/example_sensor_decorator.py took 0.377 seconds
