[2024-02-21T13:15:00.974+0000] {processor.py:161} INFO - Started process (PID=64) to work on /home/airflow/.local/lib/python3.8/site-packages/airflow/example_dags/example_nested_branch_dag.py
[2024-02-21T13:15:00.976+0000] {processor.py:830} INFO - Processing file /home/airflow/.local/lib/python3.8/site-packages/airflow/example_dags/example_nested_branch_dag.py for tasks to queue
[2024-02-21T13:15:00.980+0000] {logging_mixin.py:188} INFO - [2024-02-21T13:15:00.979+0000] {dagbag.py:538} INFO - Filling up the DagBag from /home/airflow/.local/lib/python3.8/site-packages/airflow/example_dags/example_nested_branch_dag.py
[2024-02-21T13:15:01.008+0000] {processor.py:840} INFO - DAG(s) 'example_nested_branch_dag' retrieved from /home/airflow/.local/lib/python3.8/site-packages/airflow/example_dags/example_nested_branch_dag.py
[2024-02-21T13:15:01.241+0000] {logging_mixin.py:188} INFO - [2024-02-21T13:15:01.240+0000] {override.py:1769} INFO - Created Permission View: can read on DAG:example_nested_branch_dag
[2024-02-21T13:15:01.260+0000] {logging_mixin.py:188} INFO - [2024-02-21T13:15:01.259+0000] {override.py:1769} INFO - Created Permission View: can edit on DAG:example_nested_branch_dag
[2024-02-21T13:15:01.273+0000] {logging_mixin.py:188} INFO - [2024-02-21T13:15:01.272+0000] {override.py:1769} INFO - Created Permission View: can delete on DAG:example_nested_branch_dag
[2024-02-21T13:15:01.274+0000] {logging_mixin.py:188} INFO - [2024-02-21T13:15:01.274+0000] {dag.py:3036} INFO - Sync 1 DAGs
[2024-02-21T13:15:01.299+0000] {logging_mixin.py:188} INFO - [2024-02-21T13:15:01.298+0000] {dag.py:3058} INFO - Creating ORM DAG for example_nested_branch_dag
[2024-02-21T13:15:01.325+0000] {logging_mixin.py:188} INFO - [2024-02-21T13:15:01.324+0000] {dag.py:3823} INFO - Setting next_dagrun for example_nested_branch_dag to 2024-02-20 00:00:00+00:00, run_after=2024-02-21 00:00:00+00:00
[2024-02-21T13:15:01.357+0000] {processor.py:183} INFO - Processing /home/airflow/.local/lib/python3.8/site-packages/airflow/example_dags/example_nested_branch_dag.py took 0.391 seconds
[2024-02-21T13:15:32.001+0000] {processor.py:161} INFO - Started process (PID=118) to work on /home/airflow/.local/lib/python3.8/site-packages/airflow/example_dags/example_nested_branch_dag.py
[2024-02-21T13:15:32.003+0000] {processor.py:830} INFO - Processing file /home/airflow/.local/lib/python3.8/site-packages/airflow/example_dags/example_nested_branch_dag.py for tasks to queue
[2024-02-21T13:15:32.006+0000] {logging_mixin.py:188} INFO - [2024-02-21T13:15:32.006+0000] {dagbag.py:538} INFO - Filling up the DagBag from /home/airflow/.local/lib/python3.8/site-packages/airflow/example_dags/example_nested_branch_dag.py
[2024-02-21T13:15:32.024+0000] {processor.py:840} INFO - DAG(s) 'example_nested_branch_dag' retrieved from /home/airflow/.local/lib/python3.8/site-packages/airflow/example_dags/example_nested_branch_dag.py
[2024-02-21T13:15:32.062+0000] {logging_mixin.py:188} INFO - [2024-02-21T13:15:32.061+0000] {dag.py:3036} INFO - Sync 1 DAGs
[2024-02-21T13:15:32.101+0000] {logging_mixin.py:188} INFO - [2024-02-21T13:15:32.098+0000] {dag.py:3823} INFO - Setting next_dagrun for example_nested_branch_dag to 2024-02-20 00:00:00+00:00, run_after=2024-02-21 00:00:00+00:00
[2024-02-21T13:15:32.155+0000] {processor.py:183} INFO - Processing /home/airflow/.local/lib/python3.8/site-packages/airflow/example_dags/example_nested_branch_dag.py took 0.160 seconds
[2024-02-21T13:16:02.340+0000] {processor.py:161} INFO - Started process (PID=172) to work on /home/airflow/.local/lib/python3.8/site-packages/airflow/example_dags/example_nested_branch_dag.py
[2024-02-21T13:16:02.343+0000] {processor.py:830} INFO - Processing file /home/airflow/.local/lib/python3.8/site-packages/airflow/example_dags/example_nested_branch_dag.py for tasks to queue
[2024-02-21T13:16:02.347+0000] {logging_mixin.py:188} INFO - [2024-02-21T13:16:02.346+0000] {dagbag.py:538} INFO - Filling up the DagBag from /home/airflow/.local/lib/python3.8/site-packages/airflow/example_dags/example_nested_branch_dag.py
[2024-02-21T13:16:02.378+0000] {processor.py:840} INFO - DAG(s) 'example_nested_branch_dag' retrieved from /home/airflow/.local/lib/python3.8/site-packages/airflow/example_dags/example_nested_branch_dag.py
[2024-02-21T13:16:02.426+0000] {logging_mixin.py:188} INFO - [2024-02-21T13:16:02.426+0000] {dag.py:3036} INFO - Sync 1 DAGs
[2024-02-21T13:16:02.483+0000] {logging_mixin.py:188} INFO - [2024-02-21T13:16:02.483+0000] {dag.py:3823} INFO - Setting next_dagrun for example_nested_branch_dag to 2024-02-20 00:00:00+00:00, run_after=2024-02-21 00:00:00+00:00
[2024-02-21T13:16:02.522+0000] {processor.py:183} INFO - Processing /home/airflow/.local/lib/python3.8/site-packages/airflow/example_dags/example_nested_branch_dag.py took 0.190 seconds
[2024-02-21T13:16:33.486+0000] {processor.py:161} INFO - Started process (PID=228) to work on /home/airflow/.local/lib/python3.8/site-packages/airflow/example_dags/example_nested_branch_dag.py
[2024-02-21T13:16:33.504+0000] {processor.py:830} INFO - Processing file /home/airflow/.local/lib/python3.8/site-packages/airflow/example_dags/example_nested_branch_dag.py for tasks to queue
[2024-02-21T13:16:33.508+0000] {logging_mixin.py:188} INFO - [2024-02-21T13:16:33.507+0000] {dagbag.py:538} INFO - Filling up the DagBag from /home/airflow/.local/lib/python3.8/site-packages/airflow/example_dags/example_nested_branch_dag.py
[2024-02-21T13:16:33.530+0000] {processor.py:840} INFO - DAG(s) 'example_nested_branch_dag' retrieved from /home/airflow/.local/lib/python3.8/site-packages/airflow/example_dags/example_nested_branch_dag.py
[2024-02-21T13:16:33.576+0000] {logging_mixin.py:188} INFO - [2024-02-21T13:16:33.575+0000] {dag.py:3036} INFO - Sync 1 DAGs
[2024-02-21T13:16:33.622+0000] {logging_mixin.py:188} INFO - [2024-02-21T13:16:33.622+0000] {dag.py:3823} INFO - Setting next_dagrun for example_nested_branch_dag to 2024-02-20 00:00:00+00:00, run_after=2024-02-21 00:00:00+00:00
[2024-02-21T13:16:33.650+0000] {processor.py:183} INFO - Processing /home/airflow/.local/lib/python3.8/site-packages/airflow/example_dags/example_nested_branch_dag.py took 0.182 seconds
[2024-02-21T13:17:03.895+0000] {processor.py:161} INFO - Started process (PID=282) to work on /home/airflow/.local/lib/python3.8/site-packages/airflow/example_dags/example_nested_branch_dag.py
[2024-02-21T13:17:03.897+0000] {processor.py:830} INFO - Processing file /home/airflow/.local/lib/python3.8/site-packages/airflow/example_dags/example_nested_branch_dag.py for tasks to queue
[2024-02-21T13:17:03.902+0000] {logging_mixin.py:188} INFO - [2024-02-21T13:17:03.901+0000] {dagbag.py:538} INFO - Filling up the DagBag from /home/airflow/.local/lib/python3.8/site-packages/airflow/example_dags/example_nested_branch_dag.py
[2024-02-21T13:17:03.920+0000] {processor.py:840} INFO - DAG(s) 'example_nested_branch_dag' retrieved from /home/airflow/.local/lib/python3.8/site-packages/airflow/example_dags/example_nested_branch_dag.py
[2024-02-21T13:17:03.959+0000] {logging_mixin.py:188} INFO - [2024-02-21T13:17:03.958+0000] {dag.py:3036} INFO - Sync 1 DAGs
[2024-02-21T13:17:04.000+0000] {logging_mixin.py:188} INFO - [2024-02-21T13:17:04.000+0000] {dag.py:3823} INFO - Setting next_dagrun for example_nested_branch_dag to 2024-02-20 00:00:00+00:00, run_after=2024-02-21 00:00:00+00:00
[2024-02-21T13:17:04.032+0000] {processor.py:183} INFO - Processing /home/airflow/.local/lib/python3.8/site-packages/airflow/example_dags/example_nested_branch_dag.py took 0.145 seconds
[2024-02-21T13:17:34.076+0000] {processor.py:161} INFO - Started process (PID=337) to work on /home/airflow/.local/lib/python3.8/site-packages/airflow/example_dags/example_nested_branch_dag.py
[2024-02-21T13:17:34.079+0000] {processor.py:830} INFO - Processing file /home/airflow/.local/lib/python3.8/site-packages/airflow/example_dags/example_nested_branch_dag.py for tasks to queue
[2024-02-21T13:17:34.083+0000] {logging_mixin.py:188} INFO - [2024-02-21T13:17:34.082+0000] {dagbag.py:538} INFO - Filling up the DagBag from /home/airflow/.local/lib/python3.8/site-packages/airflow/example_dags/example_nested_branch_dag.py
[2024-02-21T13:17:34.104+0000] {processor.py:840} INFO - DAG(s) 'example_nested_branch_dag' retrieved from /home/airflow/.local/lib/python3.8/site-packages/airflow/example_dags/example_nested_branch_dag.py
[2024-02-21T13:17:34.138+0000] {logging_mixin.py:188} INFO - [2024-02-21T13:17:34.137+0000] {dag.py:3036} INFO - Sync 1 DAGs
[2024-02-21T13:17:34.173+0000] {logging_mixin.py:188} INFO - [2024-02-21T13:17:34.173+0000] {dag.py:3823} INFO - Setting next_dagrun for example_nested_branch_dag to 2024-02-20 00:00:00+00:00, run_after=2024-02-21 00:00:00+00:00
[2024-02-21T13:17:34.199+0000] {processor.py:183} INFO - Processing /home/airflow/.local/lib/python3.8/site-packages/airflow/example_dags/example_nested_branch_dag.py took 0.128 seconds
[2024-02-21T13:18:04.592+0000] {processor.py:161} INFO - Started process (PID=393) to work on /home/airflow/.local/lib/python3.8/site-packages/airflow/example_dags/example_nested_branch_dag.py
[2024-02-21T13:18:04.593+0000] {processor.py:830} INFO - Processing file /home/airflow/.local/lib/python3.8/site-packages/airflow/example_dags/example_nested_branch_dag.py for tasks to queue
[2024-02-21T13:18:04.597+0000] {logging_mixin.py:188} INFO - [2024-02-21T13:18:04.596+0000] {dagbag.py:538} INFO - Filling up the DagBag from /home/airflow/.local/lib/python3.8/site-packages/airflow/example_dags/example_nested_branch_dag.py
[2024-02-21T13:18:04.613+0000] {processor.py:840} INFO - DAG(s) 'example_nested_branch_dag' retrieved from /home/airflow/.local/lib/python3.8/site-packages/airflow/example_dags/example_nested_branch_dag.py
[2024-02-21T13:18:04.657+0000] {logging_mixin.py:188} INFO - [2024-02-21T13:18:04.656+0000] {dag.py:3036} INFO - Sync 1 DAGs
[2024-02-21T13:18:04.695+0000] {logging_mixin.py:188} INFO - [2024-02-21T13:18:04.695+0000] {dag.py:3823} INFO - Setting next_dagrun for example_nested_branch_dag to 2024-02-20 00:00:00+00:00, run_after=2024-02-21 00:00:00+00:00
[2024-02-21T13:18:04.730+0000] {processor.py:183} INFO - Processing /home/airflow/.local/lib/python3.8/site-packages/airflow/example_dags/example_nested_branch_dag.py took 0.144 seconds
[2024-02-21T13:18:34.908+0000] {processor.py:161} INFO - Started process (PID=448) to work on /home/airflow/.local/lib/python3.8/site-packages/airflow/example_dags/example_nested_branch_dag.py
[2024-02-21T13:18:34.910+0000] {processor.py:830} INFO - Processing file /home/airflow/.local/lib/python3.8/site-packages/airflow/example_dags/example_nested_branch_dag.py for tasks to queue
[2024-02-21T13:18:34.913+0000] {logging_mixin.py:188} INFO - [2024-02-21T13:18:34.913+0000] {dagbag.py:538} INFO - Filling up the DagBag from /home/airflow/.local/lib/python3.8/site-packages/airflow/example_dags/example_nested_branch_dag.py
[2024-02-21T13:18:34.930+0000] {processor.py:840} INFO - DAG(s) 'example_nested_branch_dag' retrieved from /home/airflow/.local/lib/python3.8/site-packages/airflow/example_dags/example_nested_branch_dag.py
[2024-02-21T13:18:34.976+0000] {logging_mixin.py:188} INFO - [2024-02-21T13:18:34.975+0000] {dag.py:3036} INFO - Sync 1 DAGs
[2024-02-21T13:18:35.026+0000] {logging_mixin.py:188} INFO - [2024-02-21T13:18:35.025+0000] {dag.py:3823} INFO - Setting next_dagrun for example_nested_branch_dag to 2024-02-20 00:00:00+00:00, run_after=2024-02-21 00:00:00+00:00
[2024-02-21T13:18:35.059+0000] {processor.py:183} INFO - Processing /home/airflow/.local/lib/python3.8/site-packages/airflow/example_dags/example_nested_branch_dag.py took 0.157 seconds
[2024-02-21T13:19:05.342+0000] {processor.py:161} INFO - Started process (PID=503) to work on /home/airflow/.local/lib/python3.8/site-packages/airflow/example_dags/example_nested_branch_dag.py
[2024-02-21T13:19:05.344+0000] {processor.py:830} INFO - Processing file /home/airflow/.local/lib/python3.8/site-packages/airflow/example_dags/example_nested_branch_dag.py for tasks to queue
[2024-02-21T13:19:05.348+0000] {logging_mixin.py:188} INFO - [2024-02-21T13:19:05.347+0000] {dagbag.py:538} INFO - Filling up the DagBag from /home/airflow/.local/lib/python3.8/site-packages/airflow/example_dags/example_nested_branch_dag.py
[2024-02-21T13:19:05.369+0000] {processor.py:840} INFO - DAG(s) 'example_nested_branch_dag' retrieved from /home/airflow/.local/lib/python3.8/site-packages/airflow/example_dags/example_nested_branch_dag.py
[2024-02-21T13:19:05.402+0000] {logging_mixin.py:188} INFO - [2024-02-21T13:19:05.402+0000] {dag.py:3036} INFO - Sync 1 DAGs
[2024-02-21T13:19:05.438+0000] {logging_mixin.py:188} INFO - [2024-02-21T13:19:05.437+0000] {dag.py:3823} INFO - Setting next_dagrun for example_nested_branch_dag to 2024-02-20 00:00:00+00:00, run_after=2024-02-21 00:00:00+00:00
[2024-02-21T13:19:05.466+0000] {processor.py:183} INFO - Processing /home/airflow/.local/lib/python3.8/site-packages/airflow/example_dags/example_nested_branch_dag.py took 0.130 seconds
[2024-02-21T13:19:35.607+0000] {processor.py:161} INFO - Started process (PID=558) to work on /home/airflow/.local/lib/python3.8/site-packages/airflow/example_dags/example_nested_branch_dag.py
[2024-02-21T13:19:35.609+0000] {processor.py:830} INFO - Processing file /home/airflow/.local/lib/python3.8/site-packages/airflow/example_dags/example_nested_branch_dag.py for tasks to queue
[2024-02-21T13:19:35.612+0000] {logging_mixin.py:188} INFO - [2024-02-21T13:19:35.611+0000] {dagbag.py:538} INFO - Filling up the DagBag from /home/airflow/.local/lib/python3.8/site-packages/airflow/example_dags/example_nested_branch_dag.py
[2024-02-21T13:19:35.629+0000] {processor.py:840} INFO - DAG(s) 'example_nested_branch_dag' retrieved from /home/airflow/.local/lib/python3.8/site-packages/airflow/example_dags/example_nested_branch_dag.py
[2024-02-21T13:19:35.666+0000] {logging_mixin.py:188} INFO - [2024-02-21T13:19:35.665+0000] {dag.py:3036} INFO - Sync 1 DAGs
[2024-02-21T13:19:35.702+0000] {logging_mixin.py:188} INFO - [2024-02-21T13:19:35.702+0000] {dag.py:3823} INFO - Setting next_dagrun for example_nested_branch_dag to 2024-02-20 00:00:00+00:00, run_after=2024-02-21 00:00:00+00:00
[2024-02-21T13:19:35.730+0000] {processor.py:183} INFO - Processing /home/airflow/.local/lib/python3.8/site-packages/airflow/example_dags/example_nested_branch_dag.py took 0.128 seconds
[2024-02-21T13:20:06.486+0000] {processor.py:161} INFO - Started process (PID=613) to work on /home/airflow/.local/lib/python3.8/site-packages/airflow/example_dags/example_nested_branch_dag.py
[2024-02-21T13:20:06.488+0000] {processor.py:830} INFO - Processing file /home/airflow/.local/lib/python3.8/site-packages/airflow/example_dags/example_nested_branch_dag.py for tasks to queue
[2024-02-21T13:20:06.493+0000] {logging_mixin.py:188} INFO - [2024-02-21T13:20:06.492+0000] {dagbag.py:538} INFO - Filling up the DagBag from /home/airflow/.local/lib/python3.8/site-packages/airflow/example_dags/example_nested_branch_dag.py
[2024-02-21T13:20:06.515+0000] {processor.py:840} INFO - DAG(s) 'example_nested_branch_dag' retrieved from /home/airflow/.local/lib/python3.8/site-packages/airflow/example_dags/example_nested_branch_dag.py
[2024-02-21T13:20:06.564+0000] {logging_mixin.py:188} INFO - [2024-02-21T13:20:06.564+0000] {dag.py:3036} INFO - Sync 1 DAGs
[2024-02-21T13:20:06.602+0000] {logging_mixin.py:188} INFO - [2024-02-21T13:20:06.602+0000] {dag.py:3823} INFO - Setting next_dagrun for example_nested_branch_dag to 2024-02-20 00:00:00+00:00, run_after=2024-02-21 00:00:00+00:00
[2024-02-21T13:20:06.635+0000] {processor.py:183} INFO - Processing /home/airflow/.local/lib/python3.8/site-packages/airflow/example_dags/example_nested_branch_dag.py took 0.155 seconds
[2024-02-21T13:20:37.175+0000] {processor.py:161} INFO - Started process (PID=667) to work on /home/airflow/.local/lib/python3.8/site-packages/airflow/example_dags/example_nested_branch_dag.py
[2024-02-21T13:20:37.177+0000] {processor.py:830} INFO - Processing file /home/airflow/.local/lib/python3.8/site-packages/airflow/example_dags/example_nested_branch_dag.py for tasks to queue
[2024-02-21T13:20:37.181+0000] {logging_mixin.py:188} INFO - [2024-02-21T13:20:37.180+0000] {dagbag.py:538} INFO - Filling up the DagBag from /home/airflow/.local/lib/python3.8/site-packages/airflow/example_dags/example_nested_branch_dag.py
[2024-02-21T13:20:37.201+0000] {processor.py:840} INFO - DAG(s) 'example_nested_branch_dag' retrieved from /home/airflow/.local/lib/python3.8/site-packages/airflow/example_dags/example_nested_branch_dag.py
[2024-02-21T13:20:37.258+0000] {logging_mixin.py:188} INFO - [2024-02-21T13:20:37.257+0000] {dag.py:3036} INFO - Sync 1 DAGs
[2024-02-21T13:20:37.311+0000] {logging_mixin.py:188} INFO - [2024-02-21T13:20:37.310+0000] {dag.py:3823} INFO - Setting next_dagrun for example_nested_branch_dag to 2024-02-20 00:00:00+00:00, run_after=2024-02-21 00:00:00+00:00
[2024-02-21T13:20:37.351+0000] {processor.py:183} INFO - Processing /home/airflow/.local/lib/python3.8/site-packages/airflow/example_dags/example_nested_branch_dag.py took 0.183 seconds
[2024-02-21T13:21:07.676+0000] {processor.py:161} INFO - Started process (PID=723) to work on /home/airflow/.local/lib/python3.8/site-packages/airflow/example_dags/example_nested_branch_dag.py
[2024-02-21T13:21:07.679+0000] {processor.py:830} INFO - Processing file /home/airflow/.local/lib/python3.8/site-packages/airflow/example_dags/example_nested_branch_dag.py for tasks to queue
[2024-02-21T13:21:07.683+0000] {logging_mixin.py:188} INFO - [2024-02-21T13:21:07.682+0000] {dagbag.py:538} INFO - Filling up the DagBag from /home/airflow/.local/lib/python3.8/site-packages/airflow/example_dags/example_nested_branch_dag.py
[2024-02-21T13:21:07.706+0000] {processor.py:840} INFO - DAG(s) 'example_nested_branch_dag' retrieved from /home/airflow/.local/lib/python3.8/site-packages/airflow/example_dags/example_nested_branch_dag.py
[2024-02-21T13:21:07.745+0000] {logging_mixin.py:188} INFO - [2024-02-21T13:21:07.745+0000] {dag.py:3036} INFO - Sync 1 DAGs
[2024-02-21T13:21:07.785+0000] {logging_mixin.py:188} INFO - [2024-02-21T13:21:07.785+0000] {dag.py:3823} INFO - Setting next_dagrun for example_nested_branch_dag to 2024-02-20 00:00:00+00:00, run_after=2024-02-21 00:00:00+00:00
[2024-02-21T13:21:07.816+0000] {processor.py:183} INFO - Processing /home/airflow/.local/lib/python3.8/site-packages/airflow/example_dags/example_nested_branch_dag.py took 0.148 seconds
[2024-02-21T13:21:38.138+0000] {processor.py:161} INFO - Started process (PID=777) to work on /home/airflow/.local/lib/python3.8/site-packages/airflow/example_dags/example_nested_branch_dag.py
[2024-02-21T13:21:38.140+0000] {processor.py:830} INFO - Processing file /home/airflow/.local/lib/python3.8/site-packages/airflow/example_dags/example_nested_branch_dag.py for tasks to queue
[2024-02-21T13:21:38.143+0000] {logging_mixin.py:188} INFO - [2024-02-21T13:21:38.143+0000] {dagbag.py:538} INFO - Filling up the DagBag from /home/airflow/.local/lib/python3.8/site-packages/airflow/example_dags/example_nested_branch_dag.py
[2024-02-21T13:21:38.164+0000] {processor.py:840} INFO - DAG(s) 'example_nested_branch_dag' retrieved from /home/airflow/.local/lib/python3.8/site-packages/airflow/example_dags/example_nested_branch_dag.py
[2024-02-21T13:21:38.198+0000] {logging_mixin.py:188} INFO - [2024-02-21T13:21:38.197+0000] {dag.py:3036} INFO - Sync 1 DAGs
[2024-02-21T13:21:38.233+0000] {logging_mixin.py:188} INFO - [2024-02-21T13:21:38.232+0000] {dag.py:3823} INFO - Setting next_dagrun for example_nested_branch_dag to 2024-02-20 00:00:00+00:00, run_after=2024-02-21 00:00:00+00:00
[2024-02-21T13:21:38.257+0000] {processor.py:183} INFO - Processing /home/airflow/.local/lib/python3.8/site-packages/airflow/example_dags/example_nested_branch_dag.py took 0.125 seconds
[2024-02-21T13:22:09.211+0000] {processor.py:161} INFO - Started process (PID=832) to work on /home/airflow/.local/lib/python3.8/site-packages/airflow/example_dags/example_nested_branch_dag.py
[2024-02-21T13:22:09.213+0000] {processor.py:830} INFO - Processing file /home/airflow/.local/lib/python3.8/site-packages/airflow/example_dags/example_nested_branch_dag.py for tasks to queue
[2024-02-21T13:22:09.217+0000] {logging_mixin.py:188} INFO - [2024-02-21T13:22:09.217+0000] {dagbag.py:538} INFO - Filling up the DagBag from /home/airflow/.local/lib/python3.8/site-packages/airflow/example_dags/example_nested_branch_dag.py
[2024-02-21T13:22:09.238+0000] {processor.py:840} INFO - DAG(s) 'example_nested_branch_dag' retrieved from /home/airflow/.local/lib/python3.8/site-packages/airflow/example_dags/example_nested_branch_dag.py
[2024-02-21T13:22:09.274+0000] {logging_mixin.py:188} INFO - [2024-02-21T13:22:09.274+0000] {dag.py:3036} INFO - Sync 1 DAGs
[2024-02-21T13:22:09.311+0000] {logging_mixin.py:188} INFO - [2024-02-21T13:22:09.311+0000] {dag.py:3823} INFO - Setting next_dagrun for example_nested_branch_dag to 2024-02-20 00:00:00+00:00, run_after=2024-02-21 00:00:00+00:00
[2024-02-21T13:22:09.342+0000] {processor.py:183} INFO - Processing /home/airflow/.local/lib/python3.8/site-packages/airflow/example_dags/example_nested_branch_dag.py took 0.138 seconds
[2024-02-21T13:22:39.756+0000] {processor.py:161} INFO - Started process (PID=887) to work on /home/airflow/.local/lib/python3.8/site-packages/airflow/example_dags/example_nested_branch_dag.py
[2024-02-21T13:22:39.758+0000] {processor.py:830} INFO - Processing file /home/airflow/.local/lib/python3.8/site-packages/airflow/example_dags/example_nested_branch_dag.py for tasks to queue
[2024-02-21T13:22:39.762+0000] {logging_mixin.py:188} INFO - [2024-02-21T13:22:39.761+0000] {dagbag.py:538} INFO - Filling up the DagBag from /home/airflow/.local/lib/python3.8/site-packages/airflow/example_dags/example_nested_branch_dag.py
[2024-02-21T13:22:39.785+0000] {processor.py:840} INFO - DAG(s) 'example_nested_branch_dag' retrieved from /home/airflow/.local/lib/python3.8/site-packages/airflow/example_dags/example_nested_branch_dag.py
[2024-02-21T13:22:39.818+0000] {logging_mixin.py:188} INFO - [2024-02-21T13:22:39.818+0000] {dag.py:3036} INFO - Sync 1 DAGs
[2024-02-21T13:22:39.853+0000] {logging_mixin.py:188} INFO - [2024-02-21T13:22:39.853+0000] {dag.py:3823} INFO - Setting next_dagrun for example_nested_branch_dag to 2024-02-20 00:00:00+00:00, run_after=2024-02-21 00:00:00+00:00
[2024-02-21T13:22:39.879+0000] {processor.py:183} INFO - Processing /home/airflow/.local/lib/python3.8/site-packages/airflow/example_dags/example_nested_branch_dag.py took 0.132 seconds
[2024-02-21T13:23:10.719+0000] {processor.py:161} INFO - Started process (PID=942) to work on /home/airflow/.local/lib/python3.8/site-packages/airflow/example_dags/example_nested_branch_dag.py
[2024-02-21T13:23:10.722+0000] {processor.py:830} INFO - Processing file /home/airflow/.local/lib/python3.8/site-packages/airflow/example_dags/example_nested_branch_dag.py for tasks to queue
[2024-02-21T13:23:10.725+0000] {logging_mixin.py:188} INFO - [2024-02-21T13:23:10.725+0000] {dagbag.py:538} INFO - Filling up the DagBag from /home/airflow/.local/lib/python3.8/site-packages/airflow/example_dags/example_nested_branch_dag.py
[2024-02-21T13:23:10.746+0000] {processor.py:840} INFO - DAG(s) 'example_nested_branch_dag' retrieved from /home/airflow/.local/lib/python3.8/site-packages/airflow/example_dags/example_nested_branch_dag.py
[2024-02-21T13:23:10.779+0000] {logging_mixin.py:188} INFO - [2024-02-21T13:23:10.779+0000] {dag.py:3036} INFO - Sync 1 DAGs
[2024-02-21T13:23:10.815+0000] {logging_mixin.py:188} INFO - [2024-02-21T13:23:10.814+0000] {dag.py:3823} INFO - Setting next_dagrun for example_nested_branch_dag to 2024-02-20 00:00:00+00:00, run_after=2024-02-21 00:00:00+00:00
[2024-02-21T13:23:10.842+0000] {processor.py:183} INFO - Processing /home/airflow/.local/lib/python3.8/site-packages/airflow/example_dags/example_nested_branch_dag.py took 0.128 seconds
[2024-02-21T13:23:41.046+0000] {processor.py:161} INFO - Started process (PID=997) to work on /home/airflow/.local/lib/python3.8/site-packages/airflow/example_dags/example_nested_branch_dag.py
[2024-02-21T13:23:41.049+0000] {processor.py:830} INFO - Processing file /home/airflow/.local/lib/python3.8/site-packages/airflow/example_dags/example_nested_branch_dag.py for tasks to queue
[2024-02-21T13:23:41.052+0000] {logging_mixin.py:188} INFO - [2024-02-21T13:23:41.052+0000] {dagbag.py:538} INFO - Filling up the DagBag from /home/airflow/.local/lib/python3.8/site-packages/airflow/example_dags/example_nested_branch_dag.py
[2024-02-21T13:23:41.073+0000] {processor.py:840} INFO - DAG(s) 'example_nested_branch_dag' retrieved from /home/airflow/.local/lib/python3.8/site-packages/airflow/example_dags/example_nested_branch_dag.py
[2024-02-21T13:23:41.107+0000] {logging_mixin.py:188} INFO - [2024-02-21T13:23:41.107+0000] {dag.py:3036} INFO - Sync 1 DAGs
[2024-02-21T13:23:41.144+0000] {logging_mixin.py:188} INFO - [2024-02-21T13:23:41.143+0000] {dag.py:3823} INFO - Setting next_dagrun for example_nested_branch_dag to 2024-02-20 00:00:00+00:00, run_after=2024-02-21 00:00:00+00:00
[2024-02-21T13:23:41.177+0000] {processor.py:183} INFO - Processing /home/airflow/.local/lib/python3.8/site-packages/airflow/example_dags/example_nested_branch_dag.py took 0.137 seconds
[2024-02-21T13:24:11.824+0000] {processor.py:161} INFO - Started process (PID=1052) to work on /home/airflow/.local/lib/python3.8/site-packages/airflow/example_dags/example_nested_branch_dag.py
[2024-02-21T13:24:11.826+0000] {processor.py:830} INFO - Processing file /home/airflow/.local/lib/python3.8/site-packages/airflow/example_dags/example_nested_branch_dag.py for tasks to queue
[2024-02-21T13:24:11.829+0000] {logging_mixin.py:188} INFO - [2024-02-21T13:24:11.829+0000] {dagbag.py:538} INFO - Filling up the DagBag from /home/airflow/.local/lib/python3.8/site-packages/airflow/example_dags/example_nested_branch_dag.py
[2024-02-21T13:24:11.850+0000] {processor.py:840} INFO - DAG(s) 'example_nested_branch_dag' retrieved from /home/airflow/.local/lib/python3.8/site-packages/airflow/example_dags/example_nested_branch_dag.py
[2024-02-21T13:24:11.899+0000] {logging_mixin.py:188} INFO - [2024-02-21T13:24:11.898+0000] {dag.py:3036} INFO - Sync 1 DAGs
[2024-02-21T13:24:11.948+0000] {logging_mixin.py:188} INFO - [2024-02-21T13:24:11.947+0000] {dag.py:3823} INFO - Setting next_dagrun for example_nested_branch_dag to 2024-02-20 00:00:00+00:00, run_after=2024-02-21 00:00:00+00:00
[2024-02-21T13:24:11.985+0000] {processor.py:183} INFO - Processing /home/airflow/.local/lib/python3.8/site-packages/airflow/example_dags/example_nested_branch_dag.py took 0.168 seconds
[2024-02-21T13:24:42.441+0000] {processor.py:161} INFO - Started process (PID=1107) to work on /home/airflow/.local/lib/python3.8/site-packages/airflow/example_dags/example_nested_branch_dag.py
[2024-02-21T13:24:42.443+0000] {processor.py:830} INFO - Processing file /home/airflow/.local/lib/python3.8/site-packages/airflow/example_dags/example_nested_branch_dag.py for tasks to queue
[2024-02-21T13:24:42.446+0000] {logging_mixin.py:188} INFO - [2024-02-21T13:24:42.445+0000] {dagbag.py:538} INFO - Filling up the DagBag from /home/airflow/.local/lib/python3.8/site-packages/airflow/example_dags/example_nested_branch_dag.py
[2024-02-21T13:24:42.466+0000] {processor.py:840} INFO - DAG(s) 'example_nested_branch_dag' retrieved from /home/airflow/.local/lib/python3.8/site-packages/airflow/example_dags/example_nested_branch_dag.py
[2024-02-21T13:24:42.510+0000] {logging_mixin.py:188} INFO - [2024-02-21T13:24:42.510+0000] {dag.py:3036} INFO - Sync 1 DAGs
[2024-02-21T13:24:42.548+0000] {logging_mixin.py:188} INFO - [2024-02-21T13:24:42.547+0000] {dag.py:3823} INFO - Setting next_dagrun for example_nested_branch_dag to 2024-02-20 00:00:00+00:00, run_after=2024-02-21 00:00:00+00:00
[2024-02-21T13:24:42.578+0000] {processor.py:183} INFO - Processing /home/airflow/.local/lib/python3.8/site-packages/airflow/example_dags/example_nested_branch_dag.py took 0.143 seconds
[2024-02-21T13:25:12.646+0000] {processor.py:161} INFO - Started process (PID=1162) to work on /home/airflow/.local/lib/python3.8/site-packages/airflow/example_dags/example_nested_branch_dag.py
[2024-02-21T13:25:12.648+0000] {processor.py:830} INFO - Processing file /home/airflow/.local/lib/python3.8/site-packages/airflow/example_dags/example_nested_branch_dag.py for tasks to queue
[2024-02-21T13:25:12.651+0000] {logging_mixin.py:188} INFO - [2024-02-21T13:25:12.651+0000] {dagbag.py:538} INFO - Filling up the DagBag from /home/airflow/.local/lib/python3.8/site-packages/airflow/example_dags/example_nested_branch_dag.py
[2024-02-21T13:25:12.668+0000] {processor.py:840} INFO - DAG(s) 'example_nested_branch_dag' retrieved from /home/airflow/.local/lib/python3.8/site-packages/airflow/example_dags/example_nested_branch_dag.py
[2024-02-21T13:25:12.704+0000] {logging_mixin.py:188} INFO - [2024-02-21T13:25:12.703+0000] {dag.py:3036} INFO - Sync 1 DAGs
[2024-02-21T13:25:12.740+0000] {logging_mixin.py:188} INFO - [2024-02-21T13:25:12.739+0000] {dag.py:3823} INFO - Setting next_dagrun for example_nested_branch_dag to 2024-02-20 00:00:00+00:00, run_after=2024-02-21 00:00:00+00:00
[2024-02-21T13:25:12.769+0000] {processor.py:183} INFO - Processing /home/airflow/.local/lib/python3.8/site-packages/airflow/example_dags/example_nested_branch_dag.py took 0.129 seconds
[2024-02-21T13:25:42.884+0000] {processor.py:161} INFO - Started process (PID=1217) to work on /home/airflow/.local/lib/python3.8/site-packages/airflow/example_dags/example_nested_branch_dag.py
[2024-02-21T13:25:42.885+0000] {processor.py:830} INFO - Processing file /home/airflow/.local/lib/python3.8/site-packages/airflow/example_dags/example_nested_branch_dag.py for tasks to queue
[2024-02-21T13:25:42.888+0000] {logging_mixin.py:188} INFO - [2024-02-21T13:25:42.888+0000] {dagbag.py:538} INFO - Filling up the DagBag from /home/airflow/.local/lib/python3.8/site-packages/airflow/example_dags/example_nested_branch_dag.py
[2024-02-21T13:25:42.905+0000] {processor.py:840} INFO - DAG(s) 'example_nested_branch_dag' retrieved from /home/airflow/.local/lib/python3.8/site-packages/airflow/example_dags/example_nested_branch_dag.py
[2024-02-21T13:25:42.946+0000] {logging_mixin.py:188} INFO - [2024-02-21T13:25:42.946+0000] {dag.py:3036} INFO - Sync 1 DAGs
[2024-02-21T13:25:42.989+0000] {logging_mixin.py:188} INFO - [2024-02-21T13:25:42.988+0000] {dag.py:3823} INFO - Setting next_dagrun for example_nested_branch_dag to 2024-02-20 00:00:00+00:00, run_after=2024-02-21 00:00:00+00:00
[2024-02-21T13:25:43.017+0000] {processor.py:183} INFO - Processing /home/airflow/.local/lib/python3.8/site-packages/airflow/example_dags/example_nested_branch_dag.py took 0.139 seconds
[2024-02-21T13:26:13.207+0000] {processor.py:161} INFO - Started process (PID=1272) to work on /home/airflow/.local/lib/python3.8/site-packages/airflow/example_dags/example_nested_branch_dag.py
[2024-02-21T13:26:13.210+0000] {processor.py:830} INFO - Processing file /home/airflow/.local/lib/python3.8/site-packages/airflow/example_dags/example_nested_branch_dag.py for tasks to queue
[2024-02-21T13:26:13.214+0000] {logging_mixin.py:188} INFO - [2024-02-21T13:26:13.214+0000] {dagbag.py:538} INFO - Filling up the DagBag from /home/airflow/.local/lib/python3.8/site-packages/airflow/example_dags/example_nested_branch_dag.py
[2024-02-21T13:26:13.240+0000] {processor.py:840} INFO - DAG(s) 'example_nested_branch_dag' retrieved from /home/airflow/.local/lib/python3.8/site-packages/airflow/example_dags/example_nested_branch_dag.py
[2024-02-21T13:26:13.278+0000] {logging_mixin.py:188} INFO - [2024-02-21T13:26:13.278+0000] {dag.py:3036} INFO - Sync 1 DAGs
[2024-02-21T13:26:13.320+0000] {logging_mixin.py:188} INFO - [2024-02-21T13:26:13.320+0000] {dag.py:3823} INFO - Setting next_dagrun for example_nested_branch_dag to 2024-02-20 00:00:00+00:00, run_after=2024-02-21 00:00:00+00:00
[2024-02-21T13:26:13.348+0000] {processor.py:183} INFO - Processing /home/airflow/.local/lib/python3.8/site-packages/airflow/example_dags/example_nested_branch_dag.py took 0.149 seconds
[2024-02-21T13:26:43.745+0000] {processor.py:161} INFO - Started process (PID=1329) to work on /home/airflow/.local/lib/python3.8/site-packages/airflow/example_dags/example_nested_branch_dag.py
[2024-02-21T13:26:43.747+0000] {processor.py:830} INFO - Processing file /home/airflow/.local/lib/python3.8/site-packages/airflow/example_dags/example_nested_branch_dag.py for tasks to queue
[2024-02-21T13:26:43.751+0000] {logging_mixin.py:188} INFO - [2024-02-21T13:26:43.750+0000] {dagbag.py:538} INFO - Filling up the DagBag from /home/airflow/.local/lib/python3.8/site-packages/airflow/example_dags/example_nested_branch_dag.py
[2024-02-21T13:26:43.776+0000] {processor.py:840} INFO - DAG(s) 'example_nested_branch_dag' retrieved from /home/airflow/.local/lib/python3.8/site-packages/airflow/example_dags/example_nested_branch_dag.py
[2024-02-21T13:26:43.815+0000] {logging_mixin.py:188} INFO - [2024-02-21T13:26:43.815+0000] {dag.py:3036} INFO - Sync 1 DAGs
[2024-02-21T13:26:43.854+0000] {logging_mixin.py:188} INFO - [2024-02-21T13:26:43.853+0000] {dag.py:3823} INFO - Setting next_dagrun for example_nested_branch_dag to 2024-02-20 00:00:00+00:00, run_after=2024-02-21 00:00:00+00:00
[2024-02-21T13:26:43.885+0000] {processor.py:183} INFO - Processing /home/airflow/.local/lib/python3.8/site-packages/airflow/example_dags/example_nested_branch_dag.py took 0.149 seconds
[2024-02-21T13:27:14.797+0000] {processor.py:161} INFO - Started process (PID=1384) to work on /home/airflow/.local/lib/python3.8/site-packages/airflow/example_dags/example_nested_branch_dag.py
[2024-02-21T13:27:14.799+0000] {processor.py:830} INFO - Processing file /home/airflow/.local/lib/python3.8/site-packages/airflow/example_dags/example_nested_branch_dag.py for tasks to queue
[2024-02-21T13:27:14.802+0000] {logging_mixin.py:188} INFO - [2024-02-21T13:27:14.802+0000] {dagbag.py:538} INFO - Filling up the DagBag from /home/airflow/.local/lib/python3.8/site-packages/airflow/example_dags/example_nested_branch_dag.py
[2024-02-21T13:27:14.819+0000] {processor.py:840} INFO - DAG(s) 'example_nested_branch_dag' retrieved from /home/airflow/.local/lib/python3.8/site-packages/airflow/example_dags/example_nested_branch_dag.py
[2024-02-21T13:27:14.855+0000] {logging_mixin.py:188} INFO - [2024-02-21T13:27:14.855+0000] {dag.py:3036} INFO - Sync 1 DAGs
[2024-02-21T13:27:14.898+0000] {logging_mixin.py:188} INFO - [2024-02-21T13:27:14.897+0000] {dag.py:3823} INFO - Setting next_dagrun for example_nested_branch_dag to 2024-02-20 00:00:00+00:00, run_after=2024-02-21 00:00:00+00:00
[2024-02-21T13:27:14.926+0000] {processor.py:183} INFO - Processing /home/airflow/.local/lib/python3.8/site-packages/airflow/example_dags/example_nested_branch_dag.py took 0.135 seconds
[2024-02-21T13:27:45.156+0000] {processor.py:161} INFO - Started process (PID=1440) to work on /home/airflow/.local/lib/python3.8/site-packages/airflow/example_dags/example_nested_branch_dag.py
[2024-02-21T13:27:45.157+0000] {processor.py:830} INFO - Processing file /home/airflow/.local/lib/python3.8/site-packages/airflow/example_dags/example_nested_branch_dag.py for tasks to queue
[2024-02-21T13:27:45.162+0000] {logging_mixin.py:188} INFO - [2024-02-21T13:27:45.161+0000] {dagbag.py:538} INFO - Filling up the DagBag from /home/airflow/.local/lib/python3.8/site-packages/airflow/example_dags/example_nested_branch_dag.py
[2024-02-21T13:27:45.180+0000] {processor.py:840} INFO - DAG(s) 'example_nested_branch_dag' retrieved from /home/airflow/.local/lib/python3.8/site-packages/airflow/example_dags/example_nested_branch_dag.py
[2024-02-21T13:27:45.215+0000] {logging_mixin.py:188} INFO - [2024-02-21T13:27:45.215+0000] {dag.py:3036} INFO - Sync 1 DAGs
[2024-02-21T13:27:45.254+0000] {logging_mixin.py:188} INFO - [2024-02-21T13:27:45.253+0000] {dag.py:3823} INFO - Setting next_dagrun for example_nested_branch_dag to 2024-02-20 00:00:00+00:00, run_after=2024-02-21 00:00:00+00:00
[2024-02-21T13:27:45.281+0000] {processor.py:183} INFO - Processing /home/airflow/.local/lib/python3.8/site-packages/airflow/example_dags/example_nested_branch_dag.py took 0.131 seconds
[2024-02-21T13:28:15.359+0000] {processor.py:161} INFO - Started process (PID=1495) to work on /home/airflow/.local/lib/python3.8/site-packages/airflow/example_dags/example_nested_branch_dag.py
[2024-02-21T13:28:15.361+0000] {processor.py:830} INFO - Processing file /home/airflow/.local/lib/python3.8/site-packages/airflow/example_dags/example_nested_branch_dag.py for tasks to queue
[2024-02-21T13:28:15.364+0000] {logging_mixin.py:188} INFO - [2024-02-21T13:28:15.364+0000] {dagbag.py:538} INFO - Filling up the DagBag from /home/airflow/.local/lib/python3.8/site-packages/airflow/example_dags/example_nested_branch_dag.py
[2024-02-21T13:28:15.381+0000] {processor.py:840} INFO - DAG(s) 'example_nested_branch_dag' retrieved from /home/airflow/.local/lib/python3.8/site-packages/airflow/example_dags/example_nested_branch_dag.py
[2024-02-21T13:28:15.417+0000] {logging_mixin.py:188} INFO - [2024-02-21T13:28:15.416+0000] {dag.py:3036} INFO - Sync 1 DAGs
[2024-02-21T13:28:15.454+0000] {logging_mixin.py:188} INFO - [2024-02-21T13:28:15.453+0000] {dag.py:3823} INFO - Setting next_dagrun for example_nested_branch_dag to 2024-02-20 00:00:00+00:00, run_after=2024-02-21 00:00:00+00:00
[2024-02-21T13:28:15.480+0000] {processor.py:183} INFO - Processing /home/airflow/.local/lib/python3.8/site-packages/airflow/example_dags/example_nested_branch_dag.py took 0.128 seconds
[2024-02-21T13:28:45.781+0000] {processor.py:161} INFO - Started process (PID=1550) to work on /home/airflow/.local/lib/python3.8/site-packages/airflow/example_dags/example_nested_branch_dag.py
[2024-02-21T13:28:45.782+0000] {processor.py:830} INFO - Processing file /home/airflow/.local/lib/python3.8/site-packages/airflow/example_dags/example_nested_branch_dag.py for tasks to queue
[2024-02-21T13:28:45.785+0000] {logging_mixin.py:188} INFO - [2024-02-21T13:28:45.785+0000] {dagbag.py:538} INFO - Filling up the DagBag from /home/airflow/.local/lib/python3.8/site-packages/airflow/example_dags/example_nested_branch_dag.py
[2024-02-21T13:28:45.801+0000] {processor.py:840} INFO - DAG(s) 'example_nested_branch_dag' retrieved from /home/airflow/.local/lib/python3.8/site-packages/airflow/example_dags/example_nested_branch_dag.py
[2024-02-21T13:28:45.836+0000] {logging_mixin.py:188} INFO - [2024-02-21T13:28:45.835+0000] {dag.py:3036} INFO - Sync 1 DAGs
[2024-02-21T13:28:45.871+0000] {logging_mixin.py:188} INFO - [2024-02-21T13:28:45.870+0000] {dag.py:3823} INFO - Setting next_dagrun for example_nested_branch_dag to 2024-02-20 00:00:00+00:00, run_after=2024-02-21 00:00:00+00:00
[2024-02-21T13:28:45.900+0000] {processor.py:183} INFO - Processing /home/airflow/.local/lib/python3.8/site-packages/airflow/example_dags/example_nested_branch_dag.py took 0.125 seconds
[2024-02-21T13:29:16.461+0000] {processor.py:161} INFO - Started process (PID=1605) to work on /home/airflow/.local/lib/python3.8/site-packages/airflow/example_dags/example_nested_branch_dag.py
[2024-02-21T13:29:16.464+0000] {processor.py:830} INFO - Processing file /home/airflow/.local/lib/python3.8/site-packages/airflow/example_dags/example_nested_branch_dag.py for tasks to queue
[2024-02-21T13:29:16.467+0000] {logging_mixin.py:188} INFO - [2024-02-21T13:29:16.466+0000] {dagbag.py:538} INFO - Filling up the DagBag from /home/airflow/.local/lib/python3.8/site-packages/airflow/example_dags/example_nested_branch_dag.py
[2024-02-21T13:29:16.483+0000] {processor.py:840} INFO - DAG(s) 'example_nested_branch_dag' retrieved from /home/airflow/.local/lib/python3.8/site-packages/airflow/example_dags/example_nested_branch_dag.py
[2024-02-21T13:29:16.519+0000] {logging_mixin.py:188} INFO - [2024-02-21T13:29:16.519+0000] {dag.py:3036} INFO - Sync 1 DAGs
[2024-02-21T13:29:16.554+0000] {logging_mixin.py:188} INFO - [2024-02-21T13:29:16.554+0000] {dag.py:3823} INFO - Setting next_dagrun for example_nested_branch_dag to 2024-02-20 00:00:00+00:00, run_after=2024-02-21 00:00:00+00:00
[2024-02-21T13:29:16.589+0000] {processor.py:183} INFO - Processing /home/airflow/.local/lib/python3.8/site-packages/airflow/example_dags/example_nested_branch_dag.py took 0.133 seconds
[2024-02-21T13:29:47.183+0000] {processor.py:161} INFO - Started process (PID=1660) to work on /home/airflow/.local/lib/python3.8/site-packages/airflow/example_dags/example_nested_branch_dag.py
[2024-02-21T13:29:47.185+0000] {processor.py:830} INFO - Processing file /home/airflow/.local/lib/python3.8/site-packages/airflow/example_dags/example_nested_branch_dag.py for tasks to queue
[2024-02-21T13:29:47.188+0000] {logging_mixin.py:188} INFO - [2024-02-21T13:29:47.187+0000] {dagbag.py:538} INFO - Filling up the DagBag from /home/airflow/.local/lib/python3.8/site-packages/airflow/example_dags/example_nested_branch_dag.py
[2024-02-21T13:29:47.205+0000] {processor.py:840} INFO - DAG(s) 'example_nested_branch_dag' retrieved from /home/airflow/.local/lib/python3.8/site-packages/airflow/example_dags/example_nested_branch_dag.py
[2024-02-21T13:29:47.242+0000] {logging_mixin.py:188} INFO - [2024-02-21T13:29:47.241+0000] {dag.py:3036} INFO - Sync 1 DAGs
[2024-02-21T13:29:47.281+0000] {logging_mixin.py:188} INFO - [2024-02-21T13:29:47.281+0000] {dag.py:3823} INFO - Setting next_dagrun for example_nested_branch_dag to 2024-02-20 00:00:00+00:00, run_after=2024-02-21 00:00:00+00:00
[2024-02-21T13:29:47.314+0000] {processor.py:183} INFO - Processing /home/airflow/.local/lib/python3.8/site-packages/airflow/example_dags/example_nested_branch_dag.py took 0.136 seconds
[2024-02-21T13:30:17.709+0000] {processor.py:161} INFO - Started process (PID=1715) to work on /home/airflow/.local/lib/python3.8/site-packages/airflow/example_dags/example_nested_branch_dag.py
[2024-02-21T13:30:17.711+0000] {processor.py:830} INFO - Processing file /home/airflow/.local/lib/python3.8/site-packages/airflow/example_dags/example_nested_branch_dag.py for tasks to queue
[2024-02-21T13:30:17.715+0000] {logging_mixin.py:188} INFO - [2024-02-21T13:30:17.714+0000] {dagbag.py:538} INFO - Filling up the DagBag from /home/airflow/.local/lib/python3.8/site-packages/airflow/example_dags/example_nested_branch_dag.py
[2024-02-21T13:30:17.736+0000] {processor.py:840} INFO - DAG(s) 'example_nested_branch_dag' retrieved from /home/airflow/.local/lib/python3.8/site-packages/airflow/example_dags/example_nested_branch_dag.py
[2024-02-21T13:30:17.782+0000] {logging_mixin.py:188} INFO - [2024-02-21T13:30:17.782+0000] {dag.py:3036} INFO - Sync 1 DAGs
[2024-02-21T13:30:17.829+0000] {logging_mixin.py:188} INFO - [2024-02-21T13:30:17.828+0000] {dag.py:3823} INFO - Setting next_dagrun for example_nested_branch_dag to 2024-02-20 00:00:00+00:00, run_after=2024-02-21 00:00:00+00:00
[2024-02-21T13:30:17.857+0000] {processor.py:183} INFO - Processing /home/airflow/.local/lib/python3.8/site-packages/airflow/example_dags/example_nested_branch_dag.py took 0.155 seconds
[2024-02-21T13:30:48.038+0000] {processor.py:161} INFO - Started process (PID=1770) to work on /home/airflow/.local/lib/python3.8/site-packages/airflow/example_dags/example_nested_branch_dag.py
[2024-02-21T13:30:48.040+0000] {processor.py:830} INFO - Processing file /home/airflow/.local/lib/python3.8/site-packages/airflow/example_dags/example_nested_branch_dag.py for tasks to queue
[2024-02-21T13:30:48.044+0000] {logging_mixin.py:188} INFO - [2024-02-21T13:30:48.044+0000] {dagbag.py:538} INFO - Filling up the DagBag from /home/airflow/.local/lib/python3.8/site-packages/airflow/example_dags/example_nested_branch_dag.py
[2024-02-21T13:30:48.067+0000] {processor.py:840} INFO - DAG(s) 'example_nested_branch_dag' retrieved from /home/airflow/.local/lib/python3.8/site-packages/airflow/example_dags/example_nested_branch_dag.py
[2024-02-21T13:30:48.115+0000] {logging_mixin.py:188} INFO - [2024-02-21T13:30:48.114+0000] {dag.py:3036} INFO - Sync 1 DAGs
[2024-02-21T13:30:48.161+0000] {logging_mixin.py:188} INFO - [2024-02-21T13:30:48.161+0000] {dag.py:3823} INFO - Setting next_dagrun for example_nested_branch_dag to 2024-02-20 00:00:00+00:00, run_after=2024-02-21 00:00:00+00:00
[2024-02-21T13:30:48.194+0000] {processor.py:183} INFO - Processing /home/airflow/.local/lib/python3.8/site-packages/airflow/example_dags/example_nested_branch_dag.py took 0.164 seconds
[2024-02-21T13:31:18.343+0000] {processor.py:161} INFO - Started process (PID=1824) to work on /home/airflow/.local/lib/python3.8/site-packages/airflow/example_dags/example_nested_branch_dag.py
[2024-02-21T13:31:18.345+0000] {processor.py:830} INFO - Processing file /home/airflow/.local/lib/python3.8/site-packages/airflow/example_dags/example_nested_branch_dag.py for tasks to queue
[2024-02-21T13:31:18.349+0000] {logging_mixin.py:188} INFO - [2024-02-21T13:31:18.348+0000] {dagbag.py:538} INFO - Filling up the DagBag from /home/airflow/.local/lib/python3.8/site-packages/airflow/example_dags/example_nested_branch_dag.py
[2024-02-21T13:31:18.366+0000] {processor.py:840} INFO - DAG(s) 'example_nested_branch_dag' retrieved from /home/airflow/.local/lib/python3.8/site-packages/airflow/example_dags/example_nested_branch_dag.py
[2024-02-21T13:31:18.400+0000] {logging_mixin.py:188} INFO - [2024-02-21T13:31:18.400+0000] {dag.py:3036} INFO - Sync 1 DAGs
[2024-02-21T13:31:18.436+0000] {logging_mixin.py:188} INFO - [2024-02-21T13:31:18.436+0000] {dag.py:3823} INFO - Setting next_dagrun for example_nested_branch_dag to 2024-02-20 00:00:00+00:00, run_after=2024-02-21 00:00:00+00:00
[2024-02-21T13:31:18.465+0000] {processor.py:183} INFO - Processing /home/airflow/.local/lib/python3.8/site-packages/airflow/example_dags/example_nested_branch_dag.py took 0.128 seconds
[2024-02-21T13:31:48.754+0000] {processor.py:161} INFO - Started process (PID=1879) to work on /home/airflow/.local/lib/python3.8/site-packages/airflow/example_dags/example_nested_branch_dag.py
[2024-02-21T13:31:48.756+0000] {processor.py:830} INFO - Processing file /home/airflow/.local/lib/python3.8/site-packages/airflow/example_dags/example_nested_branch_dag.py for tasks to queue
[2024-02-21T13:31:48.759+0000] {logging_mixin.py:188} INFO - [2024-02-21T13:31:48.759+0000] {dagbag.py:538} INFO - Filling up the DagBag from /home/airflow/.local/lib/python3.8/site-packages/airflow/example_dags/example_nested_branch_dag.py
[2024-02-21T13:31:48.779+0000] {processor.py:840} INFO - DAG(s) 'example_nested_branch_dag' retrieved from /home/airflow/.local/lib/python3.8/site-packages/airflow/example_dags/example_nested_branch_dag.py
[2024-02-21T13:31:48.824+0000] {logging_mixin.py:188} INFO - [2024-02-21T13:31:48.823+0000] {dag.py:3036} INFO - Sync 1 DAGs
[2024-02-21T13:31:48.876+0000] {logging_mixin.py:188} INFO - [2024-02-21T13:31:48.875+0000] {dag.py:3823} INFO - Setting next_dagrun for example_nested_branch_dag to 2024-02-20 00:00:00+00:00, run_after=2024-02-21 00:00:00+00:00
[2024-02-21T13:31:48.905+0000] {processor.py:183} INFO - Processing /home/airflow/.local/lib/python3.8/site-packages/airflow/example_dags/example_nested_branch_dag.py took 0.157 seconds
[2024-02-21T13:32:19.821+0000] {processor.py:161} INFO - Started process (PID=1935) to work on /home/airflow/.local/lib/python3.8/site-packages/airflow/example_dags/example_nested_branch_dag.py
[2024-02-21T13:32:19.823+0000] {processor.py:830} INFO - Processing file /home/airflow/.local/lib/python3.8/site-packages/airflow/example_dags/example_nested_branch_dag.py for tasks to queue
[2024-02-21T13:32:19.826+0000] {logging_mixin.py:188} INFO - [2024-02-21T13:32:19.825+0000] {dagbag.py:538} INFO - Filling up the DagBag from /home/airflow/.local/lib/python3.8/site-packages/airflow/example_dags/example_nested_branch_dag.py
[2024-02-21T13:32:19.843+0000] {processor.py:840} INFO - DAG(s) 'example_nested_branch_dag' retrieved from /home/airflow/.local/lib/python3.8/site-packages/airflow/example_dags/example_nested_branch_dag.py
[2024-02-21T13:32:19.879+0000] {logging_mixin.py:188} INFO - [2024-02-21T13:32:19.878+0000] {dag.py:3036} INFO - Sync 1 DAGs
[2024-02-21T13:32:19.913+0000] {logging_mixin.py:188} INFO - [2024-02-21T13:32:19.913+0000] {dag.py:3823} INFO - Setting next_dagrun for example_nested_branch_dag to 2024-02-20 00:00:00+00:00, run_after=2024-02-21 00:00:00+00:00
[2024-02-21T13:32:19.946+0000] {processor.py:183} INFO - Processing /home/airflow/.local/lib/python3.8/site-packages/airflow/example_dags/example_nested_branch_dag.py took 0.131 seconds
[2024-02-21T13:32:50.295+0000] {processor.py:161} INFO - Started process (PID=1990) to work on /home/airflow/.local/lib/python3.8/site-packages/airflow/example_dags/example_nested_branch_dag.py
[2024-02-21T13:32:50.297+0000] {processor.py:830} INFO - Processing file /home/airflow/.local/lib/python3.8/site-packages/airflow/example_dags/example_nested_branch_dag.py for tasks to queue
[2024-02-21T13:32:50.300+0000] {logging_mixin.py:188} INFO - [2024-02-21T13:32:50.300+0000] {dagbag.py:538} INFO - Filling up the DagBag from /home/airflow/.local/lib/python3.8/site-packages/airflow/example_dags/example_nested_branch_dag.py
[2024-02-21T13:32:50.320+0000] {processor.py:840} INFO - DAG(s) 'example_nested_branch_dag' retrieved from /home/airflow/.local/lib/python3.8/site-packages/airflow/example_dags/example_nested_branch_dag.py
[2024-02-21T13:32:50.360+0000] {logging_mixin.py:188} INFO - [2024-02-21T13:32:50.359+0000] {dag.py:3036} INFO - Sync 1 DAGs
[2024-02-21T13:32:50.397+0000] {logging_mixin.py:188} INFO - [2024-02-21T13:32:50.397+0000] {dag.py:3823} INFO - Setting next_dagrun for example_nested_branch_dag to 2024-02-20 00:00:00+00:00, run_after=2024-02-21 00:00:00+00:00
[2024-02-21T13:32:50.425+0000] {processor.py:183} INFO - Processing /home/airflow/.local/lib/python3.8/site-packages/airflow/example_dags/example_nested_branch_dag.py took 0.136 seconds
[2024-02-21T13:33:21.115+0000] {processor.py:161} INFO - Started process (PID=2051) to work on /home/airflow/.local/lib/python3.8/site-packages/airflow/example_dags/example_nested_branch_dag.py
[2024-02-21T13:33:21.117+0000] {processor.py:830} INFO - Processing file /home/airflow/.local/lib/python3.8/site-packages/airflow/example_dags/example_nested_branch_dag.py for tasks to queue
[2024-02-21T13:33:21.121+0000] {logging_mixin.py:188} INFO - [2024-02-21T13:33:21.120+0000] {dagbag.py:538} INFO - Filling up the DagBag from /home/airflow/.local/lib/python3.8/site-packages/airflow/example_dags/example_nested_branch_dag.py
[2024-02-21T13:33:21.142+0000] {processor.py:840} INFO - DAG(s) 'example_nested_branch_dag' retrieved from /home/airflow/.local/lib/python3.8/site-packages/airflow/example_dags/example_nested_branch_dag.py
[2024-02-21T13:33:21.191+0000] {logging_mixin.py:188} INFO - [2024-02-21T13:33:21.190+0000] {dag.py:3036} INFO - Sync 1 DAGs
[2024-02-21T13:33:21.243+0000] {logging_mixin.py:188} INFO - [2024-02-21T13:33:21.243+0000] {dag.py:3823} INFO - Setting next_dagrun for example_nested_branch_dag to 2024-02-20 00:00:00+00:00, run_after=2024-02-21 00:00:00+00:00
[2024-02-21T13:33:21.272+0000] {processor.py:183} INFO - Processing /home/airflow/.local/lib/python3.8/site-packages/airflow/example_dags/example_nested_branch_dag.py took 0.165 seconds
[2024-02-21T13:33:51.823+0000] {processor.py:161} INFO - Started process (PID=2106) to work on /home/airflow/.local/lib/python3.8/site-packages/airflow/example_dags/example_nested_branch_dag.py
[2024-02-21T13:33:51.826+0000] {processor.py:830} INFO - Processing file /home/airflow/.local/lib/python3.8/site-packages/airflow/example_dags/example_nested_branch_dag.py for tasks to queue
[2024-02-21T13:33:51.829+0000] {logging_mixin.py:188} INFO - [2024-02-21T13:33:51.828+0000] {dagbag.py:538} INFO - Filling up the DagBag from /home/airflow/.local/lib/python3.8/site-packages/airflow/example_dags/example_nested_branch_dag.py
[2024-02-21T13:33:51.845+0000] {processor.py:840} INFO - DAG(s) 'example_nested_branch_dag' retrieved from /home/airflow/.local/lib/python3.8/site-packages/airflow/example_dags/example_nested_branch_dag.py
[2024-02-21T13:33:51.890+0000] {logging_mixin.py:188} INFO - [2024-02-21T13:33:51.890+0000] {dag.py:3036} INFO - Sync 1 DAGs
[2024-02-21T13:33:51.940+0000] {logging_mixin.py:188} INFO - [2024-02-21T13:33:51.939+0000] {dag.py:3823} INFO - Setting next_dagrun for example_nested_branch_dag to 2024-02-20 00:00:00+00:00, run_after=2024-02-21 00:00:00+00:00
[2024-02-21T13:33:51.974+0000] {processor.py:183} INFO - Processing /home/airflow/.local/lib/python3.8/site-packages/airflow/example_dags/example_nested_branch_dag.py took 0.156 seconds
[2024-02-21T13:34:22.179+0000] {processor.py:161} INFO - Started process (PID=2161) to work on /home/airflow/.local/lib/python3.8/site-packages/airflow/example_dags/example_nested_branch_dag.py
[2024-02-21T13:34:22.182+0000] {processor.py:830} INFO - Processing file /home/airflow/.local/lib/python3.8/site-packages/airflow/example_dags/example_nested_branch_dag.py for tasks to queue
[2024-02-21T13:34:22.187+0000] {logging_mixin.py:188} INFO - [2024-02-21T13:34:22.186+0000] {dagbag.py:538} INFO - Filling up the DagBag from /home/airflow/.local/lib/python3.8/site-packages/airflow/example_dags/example_nested_branch_dag.py
[2024-02-21T13:34:22.212+0000] {processor.py:840} INFO - DAG(s) 'example_nested_branch_dag' retrieved from /home/airflow/.local/lib/python3.8/site-packages/airflow/example_dags/example_nested_branch_dag.py
[2024-02-21T13:34:22.261+0000] {logging_mixin.py:188} INFO - [2024-02-21T13:34:22.260+0000] {dag.py:3036} INFO - Sync 1 DAGs
[2024-02-21T13:34:22.297+0000] {logging_mixin.py:188} INFO - [2024-02-21T13:34:22.296+0000] {dag.py:3823} INFO - Setting next_dagrun for example_nested_branch_dag to 2024-02-20 00:00:00+00:00, run_after=2024-02-21 00:00:00+00:00
[2024-02-21T13:34:22.323+0000] {processor.py:183} INFO - Processing /home/airflow/.local/lib/python3.8/site-packages/airflow/example_dags/example_nested_branch_dag.py took 0.153 seconds
[2024-02-21T13:34:52.536+0000] {processor.py:161} INFO - Started process (PID=2216) to work on /home/airflow/.local/lib/python3.8/site-packages/airflow/example_dags/example_nested_branch_dag.py
[2024-02-21T13:34:52.538+0000] {processor.py:830} INFO - Processing file /home/airflow/.local/lib/python3.8/site-packages/airflow/example_dags/example_nested_branch_dag.py for tasks to queue
[2024-02-21T13:34:52.542+0000] {logging_mixin.py:188} INFO - [2024-02-21T13:34:52.541+0000] {dagbag.py:538} INFO - Filling up the DagBag from /home/airflow/.local/lib/python3.8/site-packages/airflow/example_dags/example_nested_branch_dag.py
[2024-02-21T13:34:52.566+0000] {processor.py:840} INFO - DAG(s) 'example_nested_branch_dag' retrieved from /home/airflow/.local/lib/python3.8/site-packages/airflow/example_dags/example_nested_branch_dag.py
[2024-02-21T13:34:52.613+0000] {logging_mixin.py:188} INFO - [2024-02-21T13:34:52.613+0000] {dag.py:3036} INFO - Sync 1 DAGs
[2024-02-21T13:34:52.663+0000] {logging_mixin.py:188} INFO - [2024-02-21T13:34:52.662+0000] {dag.py:3823} INFO - Setting next_dagrun for example_nested_branch_dag to 2024-02-20 00:00:00+00:00, run_after=2024-02-21 00:00:00+00:00
[2024-02-21T13:34:52.699+0000] {processor.py:183} INFO - Processing /home/airflow/.local/lib/python3.8/site-packages/airflow/example_dags/example_nested_branch_dag.py took 0.171 seconds
[2024-02-21T13:35:22.929+0000] {processor.py:161} INFO - Started process (PID=2269) to work on /home/airflow/.local/lib/python3.8/site-packages/airflow/example_dags/example_nested_branch_dag.py
[2024-02-21T13:35:22.934+0000] {processor.py:830} INFO - Processing file /home/airflow/.local/lib/python3.8/site-packages/airflow/example_dags/example_nested_branch_dag.py for tasks to queue
[2024-02-21T13:35:22.939+0000] {logging_mixin.py:188} INFO - [2024-02-21T13:35:22.938+0000] {dagbag.py:538} INFO - Filling up the DagBag from /home/airflow/.local/lib/python3.8/site-packages/airflow/example_dags/example_nested_branch_dag.py
[2024-02-21T13:35:22.959+0000] {processor.py:840} INFO - DAG(s) 'example_nested_branch_dag' retrieved from /home/airflow/.local/lib/python3.8/site-packages/airflow/example_dags/example_nested_branch_dag.py
[2024-02-21T13:35:22.997+0000] {logging_mixin.py:188} INFO - [2024-02-21T13:35:22.997+0000] {dag.py:3036} INFO - Sync 1 DAGs
[2024-02-21T13:35:23.034+0000] {logging_mixin.py:188} INFO - [2024-02-21T13:35:23.034+0000] {dag.py:3823} INFO - Setting next_dagrun for example_nested_branch_dag to 2024-02-20 00:00:00+00:00, run_after=2024-02-21 00:00:00+00:00
[2024-02-21T13:35:23.062+0000] {processor.py:183} INFO - Processing /home/airflow/.local/lib/python3.8/site-packages/airflow/example_dags/example_nested_branch_dag.py took 0.141 seconds
[2024-02-21T13:35:53.479+0000] {processor.py:161} INFO - Started process (PID=2324) to work on /home/airflow/.local/lib/python3.8/site-packages/airflow/example_dags/example_nested_branch_dag.py
[2024-02-21T13:35:53.481+0000] {processor.py:830} INFO - Processing file /home/airflow/.local/lib/python3.8/site-packages/airflow/example_dags/example_nested_branch_dag.py for tasks to queue
[2024-02-21T13:35:53.485+0000] {logging_mixin.py:188} INFO - [2024-02-21T13:35:53.485+0000] {dagbag.py:538} INFO - Filling up the DagBag from /home/airflow/.local/lib/python3.8/site-packages/airflow/example_dags/example_nested_branch_dag.py
[2024-02-21T13:35:53.508+0000] {processor.py:840} INFO - DAG(s) 'example_nested_branch_dag' retrieved from /home/airflow/.local/lib/python3.8/site-packages/airflow/example_dags/example_nested_branch_dag.py
[2024-02-21T13:35:53.561+0000] {logging_mixin.py:188} INFO - [2024-02-21T13:35:53.561+0000] {dag.py:3036} INFO - Sync 1 DAGs
[2024-02-21T13:35:53.613+0000] {logging_mixin.py:188} INFO - [2024-02-21T13:35:53.613+0000] {dag.py:3823} INFO - Setting next_dagrun for example_nested_branch_dag to 2024-02-20 00:00:00+00:00, run_after=2024-02-21 00:00:00+00:00
[2024-02-21T13:35:53.654+0000] {processor.py:183} INFO - Processing /home/airflow/.local/lib/python3.8/site-packages/airflow/example_dags/example_nested_branch_dag.py took 0.183 seconds
[2024-02-21T13:36:24.231+0000] {processor.py:161} INFO - Started process (PID=2379) to work on /home/airflow/.local/lib/python3.8/site-packages/airflow/example_dags/example_nested_branch_dag.py
[2024-02-21T13:36:24.233+0000] {processor.py:830} INFO - Processing file /home/airflow/.local/lib/python3.8/site-packages/airflow/example_dags/example_nested_branch_dag.py for tasks to queue
[2024-02-21T13:36:24.237+0000] {logging_mixin.py:188} INFO - [2024-02-21T13:36:24.237+0000] {dagbag.py:538} INFO - Filling up the DagBag from /home/airflow/.local/lib/python3.8/site-packages/airflow/example_dags/example_nested_branch_dag.py
[2024-02-21T13:36:24.262+0000] {processor.py:840} INFO - DAG(s) 'example_nested_branch_dag' retrieved from /home/airflow/.local/lib/python3.8/site-packages/airflow/example_dags/example_nested_branch_dag.py
[2024-02-21T13:36:24.315+0000] {logging_mixin.py:188} INFO - [2024-02-21T13:36:24.315+0000] {dag.py:3036} INFO - Sync 1 DAGs
[2024-02-21T13:36:24.366+0000] {logging_mixin.py:188} INFO - [2024-02-21T13:36:24.366+0000] {dag.py:3823} INFO - Setting next_dagrun for example_nested_branch_dag to 2024-02-20 00:00:00+00:00, run_after=2024-02-21 00:00:00+00:00
[2024-02-21T13:36:24.397+0000] {processor.py:183} INFO - Processing /home/airflow/.local/lib/python3.8/site-packages/airflow/example_dags/example_nested_branch_dag.py took 0.174 seconds
[2024-02-21T13:36:54.597+0000] {processor.py:161} INFO - Started process (PID=2435) to work on /home/airflow/.local/lib/python3.8/site-packages/airflow/example_dags/example_nested_branch_dag.py
[2024-02-21T13:36:54.599+0000] {processor.py:830} INFO - Processing file /home/airflow/.local/lib/python3.8/site-packages/airflow/example_dags/example_nested_branch_dag.py for tasks to queue
[2024-02-21T13:36:54.606+0000] {logging_mixin.py:188} INFO - [2024-02-21T13:36:54.605+0000] {dagbag.py:538} INFO - Filling up the DagBag from /home/airflow/.local/lib/python3.8/site-packages/airflow/example_dags/example_nested_branch_dag.py
[2024-02-21T13:36:54.627+0000] {processor.py:840} INFO - DAG(s) 'example_nested_branch_dag' retrieved from /home/airflow/.local/lib/python3.8/site-packages/airflow/example_dags/example_nested_branch_dag.py
[2024-02-21T13:36:54.665+0000] {logging_mixin.py:188} INFO - [2024-02-21T13:36:54.665+0000] {dag.py:3036} INFO - Sync 1 DAGs
[2024-02-21T13:36:54.925+0000] {logging_mixin.py:188} INFO - [2024-02-21T13:36:54.925+0000] {dag.py:3823} INFO - Setting next_dagrun for example_nested_branch_dag to 2024-02-20 00:00:00+00:00, run_after=2024-02-21 00:00:00+00:00
[2024-02-21T13:36:54.951+0000] {processor.py:183} INFO - Processing /home/airflow/.local/lib/python3.8/site-packages/airflow/example_dags/example_nested_branch_dag.py took 0.360 seconds
[2024-02-21T13:37:25.687+0000] {processor.py:161} INFO - Started process (PID=2490) to work on /home/airflow/.local/lib/python3.8/site-packages/airflow/example_dags/example_nested_branch_dag.py
[2024-02-21T13:37:25.689+0000] {processor.py:830} INFO - Processing file /home/airflow/.local/lib/python3.8/site-packages/airflow/example_dags/example_nested_branch_dag.py for tasks to queue
[2024-02-21T13:37:25.692+0000] {logging_mixin.py:188} INFO - [2024-02-21T13:37:25.692+0000] {dagbag.py:538} INFO - Filling up the DagBag from /home/airflow/.local/lib/python3.8/site-packages/airflow/example_dags/example_nested_branch_dag.py
[2024-02-21T13:37:25.709+0000] {processor.py:840} INFO - DAG(s) 'example_nested_branch_dag' retrieved from /home/airflow/.local/lib/python3.8/site-packages/airflow/example_dags/example_nested_branch_dag.py
[2024-02-21T13:37:25.751+0000] {logging_mixin.py:188} INFO - [2024-02-21T13:37:25.750+0000] {dag.py:3036} INFO - Sync 1 DAGs
[2024-02-21T13:37:25.996+0000] {logging_mixin.py:188} INFO - [2024-02-21T13:37:25.996+0000] {dag.py:3823} INFO - Setting next_dagrun for example_nested_branch_dag to 2024-02-20 00:00:00+00:00, run_after=2024-02-21 00:00:00+00:00
[2024-02-21T13:37:26.025+0000] {processor.py:183} INFO - Processing /home/airflow/.local/lib/python3.8/site-packages/airflow/example_dags/example_nested_branch_dag.py took 0.344 seconds
[2024-02-21T13:37:56.954+0000] {processor.py:161} INFO - Started process (PID=2545) to work on /home/airflow/.local/lib/python3.8/site-packages/airflow/example_dags/example_nested_branch_dag.py
[2024-02-21T13:37:56.957+0000] {processor.py:830} INFO - Processing file /home/airflow/.local/lib/python3.8/site-packages/airflow/example_dags/example_nested_branch_dag.py for tasks to queue
[2024-02-21T13:37:56.960+0000] {logging_mixin.py:188} INFO - [2024-02-21T13:37:56.959+0000] {dagbag.py:538} INFO - Filling up the DagBag from /home/airflow/.local/lib/python3.8/site-packages/airflow/example_dags/example_nested_branch_dag.py
[2024-02-21T13:37:56.976+0000] {processor.py:840} INFO - DAG(s) 'example_nested_branch_dag' retrieved from /home/airflow/.local/lib/python3.8/site-packages/airflow/example_dags/example_nested_branch_dag.py
[2024-02-21T13:37:57.013+0000] {logging_mixin.py:188} INFO - [2024-02-21T13:37:57.013+0000] {dag.py:3036} INFO - Sync 1 DAGs
[2024-02-21T13:37:57.052+0000] {logging_mixin.py:188} INFO - [2024-02-21T13:37:57.051+0000] {dag.py:3823} INFO - Setting next_dagrun for example_nested_branch_dag to 2024-02-20 00:00:00+00:00, run_after=2024-02-21 00:00:00+00:00
[2024-02-21T13:37:57.302+0000] {processor.py:183} INFO - Processing /home/airflow/.local/lib/python3.8/site-packages/airflow/example_dags/example_nested_branch_dag.py took 0.353 seconds
[2024-02-21T13:38:27.822+0000] {processor.py:161} INFO - Started process (PID=2600) to work on /home/airflow/.local/lib/python3.8/site-packages/airflow/example_dags/example_nested_branch_dag.py
[2024-02-21T13:38:27.823+0000] {processor.py:830} INFO - Processing file /home/airflow/.local/lib/python3.8/site-packages/airflow/example_dags/example_nested_branch_dag.py for tasks to queue
[2024-02-21T13:38:27.826+0000] {logging_mixin.py:188} INFO - [2024-02-21T13:38:27.826+0000] {dagbag.py:538} INFO - Filling up the DagBag from /home/airflow/.local/lib/python3.8/site-packages/airflow/example_dags/example_nested_branch_dag.py
[2024-02-21T13:38:27.843+0000] {processor.py:840} INFO - DAG(s) 'example_nested_branch_dag' retrieved from /home/airflow/.local/lib/python3.8/site-packages/airflow/example_dags/example_nested_branch_dag.py
[2024-02-21T13:38:27.878+0000] {logging_mixin.py:188} INFO - [2024-02-21T13:38:27.877+0000] {dag.py:3036} INFO - Sync 1 DAGs
[2024-02-21T13:38:27.913+0000] {logging_mixin.py:188} INFO - [2024-02-21T13:38:27.913+0000] {dag.py:3823} INFO - Setting next_dagrun for example_nested_branch_dag to 2024-02-20 00:00:00+00:00, run_after=2024-02-21 00:00:00+00:00
[2024-02-21T13:38:27.943+0000] {processor.py:183} INFO - Processing /home/airflow/.local/lib/python3.8/site-packages/airflow/example_dags/example_nested_branch_dag.py took 0.127 seconds
[2024-02-21T13:38:58.427+0000] {processor.py:161} INFO - Started process (PID=2656) to work on /home/airflow/.local/lib/python3.8/site-packages/airflow/example_dags/example_nested_branch_dag.py
[2024-02-21T13:38:58.430+0000] {processor.py:830} INFO - Processing file /home/airflow/.local/lib/python3.8/site-packages/airflow/example_dags/example_nested_branch_dag.py for tasks to queue
[2024-02-21T13:38:58.434+0000] {logging_mixin.py:188} INFO - [2024-02-21T13:38:58.434+0000] {dagbag.py:538} INFO - Filling up the DagBag from /home/airflow/.local/lib/python3.8/site-packages/airflow/example_dags/example_nested_branch_dag.py
[2024-02-21T13:38:58.459+0000] {processor.py:840} INFO - DAG(s) 'example_nested_branch_dag' retrieved from /home/airflow/.local/lib/python3.8/site-packages/airflow/example_dags/example_nested_branch_dag.py
[2024-02-21T13:38:58.509+0000] {logging_mixin.py:188} INFO - [2024-02-21T13:38:58.509+0000] {dag.py:3036} INFO - Sync 1 DAGs
[2024-02-21T13:38:58.560+0000] {logging_mixin.py:188} INFO - [2024-02-21T13:38:58.559+0000] {dag.py:3823} INFO - Setting next_dagrun for example_nested_branch_dag to 2024-02-20 00:00:00+00:00, run_after=2024-02-21 00:00:00+00:00
[2024-02-21T13:38:58.596+0000] {processor.py:183} INFO - Processing /home/airflow/.local/lib/python3.8/site-packages/airflow/example_dags/example_nested_branch_dag.py took 0.178 seconds
