[2024-02-21T13:14:53.422+0000] {processor.py:161} INFO - Started process (PID=43) to work on /home/airflow/.local/lib/python3.8/site-packages/airflow/example_dags/example_sla_dag.py
[2024-02-21T13:14:53.432+0000] {processor.py:830} INFO - Processing file /home/airflow/.local/lib/python3.8/site-packages/airflow/example_dags/example_sla_dag.py for tasks to queue
[2024-02-21T13:14:53.436+0000] {logging_mixin.py:188} INFO - [2024-02-21T13:14:53.435+0000] {dagbag.py:538} INFO - Filling up the DagBag from /home/airflow/.local/lib/python3.8/site-packages/airflow/example_dags/example_sla_dag.py
[2024-02-21T13:14:53.473+0000] {processor.py:840} INFO - DAG(s) 'example_sla_dag' retrieved from /home/airflow/.local/lib/python3.8/site-packages/airflow/example_dags/example_sla_dag.py
[2024-02-21T13:14:53.891+0000] {logging_mixin.py:188} INFO - [2024-02-21T13:14:53.890+0000] {override.py:1769} INFO - Created Permission View: can read on DAG:example_sla_dag
[2024-02-21T13:14:53.936+0000] {logging_mixin.py:188} INFO - [2024-02-21T13:14:53.935+0000] {override.py:1769} INFO - Created Permission View: can edit on DAG:example_sla_dag
[2024-02-21T13:14:53.955+0000] {logging_mixin.py:188} INFO - [2024-02-21T13:14:53.954+0000] {override.py:1769} INFO - Created Permission View: can delete on DAG:example_sla_dag
[2024-02-21T13:14:53.956+0000] {logging_mixin.py:188} INFO - [2024-02-21T13:14:53.955+0000] {dag.py:3036} INFO - Sync 1 DAGs
[2024-02-21T13:14:53.990+0000] {logging_mixin.py:188} INFO - [2024-02-21T13:14:53.989+0000] {dag.py:3058} INFO - Creating ORM DAG for example_sla_dag
[2024-02-21T13:14:54.037+0000] {logging_mixin.py:188} INFO - [2024-02-21T13:14:54.036+0000] {dag.py:3823} INFO - Setting next_dagrun for example_sla_dag to 2024-02-21 13:12:00+00:00, run_after=2024-02-21 13:14:00+00:00
[2024-02-21T13:14:54.085+0000] {processor.py:183} INFO - Processing /home/airflow/.local/lib/python3.8/site-packages/airflow/example_dags/example_sla_dag.py took 0.675 seconds
[2024-02-21T13:15:24.546+0000] {processor.py:161} INFO - Started process (PID=97) to work on /home/airflow/.local/lib/python3.8/site-packages/airflow/example_dags/example_sla_dag.py
[2024-02-21T13:15:24.550+0000] {processor.py:830} INFO - Processing file /home/airflow/.local/lib/python3.8/site-packages/airflow/example_dags/example_sla_dag.py for tasks to queue
[2024-02-21T13:15:24.554+0000] {logging_mixin.py:188} INFO - [2024-02-21T13:15:24.554+0000] {dagbag.py:538} INFO - Filling up the DagBag from /home/airflow/.local/lib/python3.8/site-packages/airflow/example_dags/example_sla_dag.py
[2024-02-21T13:15:24.575+0000] {processor.py:840} INFO - DAG(s) 'example_sla_dag' retrieved from /home/airflow/.local/lib/python3.8/site-packages/airflow/example_dags/example_sla_dag.py
[2024-02-21T13:15:24.617+0000] {logging_mixin.py:188} INFO - [2024-02-21T13:15:24.617+0000] {dag.py:3036} INFO - Sync 1 DAGs
[2024-02-21T13:15:24.690+0000] {logging_mixin.py:188} INFO - [2024-02-21T13:15:24.689+0000] {dag.py:3823} INFO - Setting next_dagrun for example_sla_dag to 2024-02-21 13:12:00+00:00, run_after=2024-02-21 13:14:00+00:00
[2024-02-21T13:15:24.721+0000] {processor.py:183} INFO - Processing /home/airflow/.local/lib/python3.8/site-packages/airflow/example_dags/example_sla_dag.py took 0.182 seconds
[2024-02-21T13:15:54.974+0000] {processor.py:161} INFO - Started process (PID=151) to work on /home/airflow/.local/lib/python3.8/site-packages/airflow/example_dags/example_sla_dag.py
[2024-02-21T13:15:54.976+0000] {processor.py:830} INFO - Processing file /home/airflow/.local/lib/python3.8/site-packages/airflow/example_dags/example_sla_dag.py for tasks to queue
[2024-02-21T13:15:54.980+0000] {logging_mixin.py:188} INFO - [2024-02-21T13:15:54.979+0000] {dagbag.py:538} INFO - Filling up the DagBag from /home/airflow/.local/lib/python3.8/site-packages/airflow/example_dags/example_sla_dag.py
[2024-02-21T13:15:55.000+0000] {processor.py:840} INFO - DAG(s) 'example_sla_dag' retrieved from /home/airflow/.local/lib/python3.8/site-packages/airflow/example_dags/example_sla_dag.py
[2024-02-21T13:15:55.030+0000] {logging_mixin.py:188} INFO - [2024-02-21T13:15:55.030+0000] {dag.py:3036} INFO - Sync 1 DAGs
[2024-02-21T13:15:55.070+0000] {logging_mixin.py:188} INFO - [2024-02-21T13:15:55.070+0000] {dag.py:3823} INFO - Setting next_dagrun for example_sla_dag to 2024-02-21 13:12:00+00:00, run_after=2024-02-21 13:14:00+00:00
[2024-02-21T13:15:55.101+0000] {processor.py:183} INFO - Processing /home/airflow/.local/lib/python3.8/site-packages/airflow/example_dags/example_sla_dag.py took 0.135 seconds
[2024-02-21T13:16:25.664+0000] {processor.py:161} INFO - Started process (PID=207) to work on /home/airflow/.local/lib/python3.8/site-packages/airflow/example_dags/example_sla_dag.py
[2024-02-21T13:16:25.667+0000] {processor.py:830} INFO - Processing file /home/airflow/.local/lib/python3.8/site-packages/airflow/example_dags/example_sla_dag.py for tasks to queue
[2024-02-21T13:16:25.671+0000] {logging_mixin.py:188} INFO - [2024-02-21T13:16:25.670+0000] {dagbag.py:538} INFO - Filling up the DagBag from /home/airflow/.local/lib/python3.8/site-packages/airflow/example_dags/example_sla_dag.py
[2024-02-21T13:16:25.687+0000] {processor.py:840} INFO - DAG(s) 'example_sla_dag' retrieved from /home/airflow/.local/lib/python3.8/site-packages/airflow/example_dags/example_sla_dag.py
[2024-02-21T13:16:25.720+0000] {logging_mixin.py:188} INFO - [2024-02-21T13:16:25.720+0000] {dag.py:3036} INFO - Sync 1 DAGs
[2024-02-21T13:16:25.758+0000] {logging_mixin.py:188} INFO - [2024-02-21T13:16:25.758+0000] {dag.py:3823} INFO - Setting next_dagrun for example_sla_dag to 2024-02-21 13:14:00+00:00, run_after=2024-02-21 13:16:00+00:00
[2024-02-21T13:16:25.785+0000] {processor.py:183} INFO - Processing /home/airflow/.local/lib/python3.8/site-packages/airflow/example_dags/example_sla_dag.py took 0.129 seconds
[2024-02-21T13:16:55.989+0000] {processor.py:161} INFO - Started process (PID=261) to work on /home/airflow/.local/lib/python3.8/site-packages/airflow/example_dags/example_sla_dag.py
[2024-02-21T13:16:55.991+0000] {processor.py:830} INFO - Processing file /home/airflow/.local/lib/python3.8/site-packages/airflow/example_dags/example_sla_dag.py for tasks to queue
[2024-02-21T13:16:55.994+0000] {logging_mixin.py:188} INFO - [2024-02-21T13:16:55.994+0000] {dagbag.py:538} INFO - Filling up the DagBag from /home/airflow/.local/lib/python3.8/site-packages/airflow/example_dags/example_sla_dag.py
[2024-02-21T13:16:56.009+0000] {processor.py:840} INFO - DAG(s) 'example_sla_dag' retrieved from /home/airflow/.local/lib/python3.8/site-packages/airflow/example_dags/example_sla_dag.py
[2024-02-21T13:16:56.040+0000] {logging_mixin.py:188} INFO - [2024-02-21T13:16:56.039+0000] {dag.py:3036} INFO - Sync 1 DAGs
[2024-02-21T13:16:56.078+0000] {logging_mixin.py:188} INFO - [2024-02-21T13:16:56.078+0000] {dag.py:3823} INFO - Setting next_dagrun for example_sla_dag to 2024-02-21 13:14:00+00:00, run_after=2024-02-21 13:16:00+00:00
[2024-02-21T13:16:56.109+0000] {processor.py:183} INFO - Processing /home/airflow/.local/lib/python3.8/site-packages/airflow/example_dags/example_sla_dag.py took 0.126 seconds
[2024-02-21T13:17:26.274+0000] {processor.py:161} INFO - Started process (PID=317) to work on /home/airflow/.local/lib/python3.8/site-packages/airflow/example_dags/example_sla_dag.py
[2024-02-21T13:17:26.278+0000] {processor.py:830} INFO - Processing file /home/airflow/.local/lib/python3.8/site-packages/airflow/example_dags/example_sla_dag.py for tasks to queue
[2024-02-21T13:17:26.282+0000] {logging_mixin.py:188} INFO - [2024-02-21T13:17:26.281+0000] {dagbag.py:538} INFO - Filling up the DagBag from /home/airflow/.local/lib/python3.8/site-packages/airflow/example_dags/example_sla_dag.py
[2024-02-21T13:17:26.300+0000] {processor.py:840} INFO - DAG(s) 'example_sla_dag' retrieved from /home/airflow/.local/lib/python3.8/site-packages/airflow/example_dags/example_sla_dag.py
[2024-02-21T13:17:26.330+0000] {logging_mixin.py:188} INFO - [2024-02-21T13:17:26.330+0000] {dag.py:3036} INFO - Sync 1 DAGs
[2024-02-21T13:17:26.368+0000] {logging_mixin.py:188} INFO - [2024-02-21T13:17:26.368+0000] {dag.py:3823} INFO - Setting next_dagrun for example_sla_dag to 2024-02-21 13:14:00+00:00, run_after=2024-02-21 13:16:00+00:00
[2024-02-21T13:17:26.392+0000] {processor.py:183} INFO - Processing /home/airflow/.local/lib/python3.8/site-packages/airflow/example_dags/example_sla_dag.py took 0.126 seconds
[2024-02-21T13:17:56.574+0000] {processor.py:161} INFO - Started process (PID=372) to work on /home/airflow/.local/lib/python3.8/site-packages/airflow/example_dags/example_sla_dag.py
[2024-02-21T13:17:56.576+0000] {processor.py:830} INFO - Processing file /home/airflow/.local/lib/python3.8/site-packages/airflow/example_dags/example_sla_dag.py for tasks to queue
[2024-02-21T13:17:56.579+0000] {logging_mixin.py:188} INFO - [2024-02-21T13:17:56.578+0000] {dagbag.py:538} INFO - Filling up the DagBag from /home/airflow/.local/lib/python3.8/site-packages/airflow/example_dags/example_sla_dag.py
[2024-02-21T13:17:56.593+0000] {processor.py:840} INFO - DAG(s) 'example_sla_dag' retrieved from /home/airflow/.local/lib/python3.8/site-packages/airflow/example_dags/example_sla_dag.py
[2024-02-21T13:17:56.629+0000] {logging_mixin.py:188} INFO - [2024-02-21T13:17:56.629+0000] {dag.py:3036} INFO - Sync 1 DAGs
[2024-02-21T13:17:56.682+0000] {logging_mixin.py:188} INFO - [2024-02-21T13:17:56.682+0000] {dag.py:3823} INFO - Setting next_dagrun for example_sla_dag to 2024-02-21 13:14:00+00:00, run_after=2024-02-21 13:16:00+00:00
[2024-02-21T13:17:56.716+0000] {processor.py:183} INFO - Processing /home/airflow/.local/lib/python3.8/site-packages/airflow/example_dags/example_sla_dag.py took 0.148 seconds
[2024-02-21T13:18:26.907+0000] {processor.py:161} INFO - Started process (PID=427) to work on /home/airflow/.local/lib/python3.8/site-packages/airflow/example_dags/example_sla_dag.py
[2024-02-21T13:18:26.909+0000] {processor.py:830} INFO - Processing file /home/airflow/.local/lib/python3.8/site-packages/airflow/example_dags/example_sla_dag.py for tasks to queue
[2024-02-21T13:18:26.912+0000] {logging_mixin.py:188} INFO - [2024-02-21T13:18:26.912+0000] {dagbag.py:538} INFO - Filling up the DagBag from /home/airflow/.local/lib/python3.8/site-packages/airflow/example_dags/example_sla_dag.py
[2024-02-21T13:18:26.931+0000] {processor.py:840} INFO - DAG(s) 'example_sla_dag' retrieved from /home/airflow/.local/lib/python3.8/site-packages/airflow/example_dags/example_sla_dag.py
[2024-02-21T13:18:26.962+0000] {logging_mixin.py:188} INFO - [2024-02-21T13:18:26.962+0000] {dag.py:3036} INFO - Sync 1 DAGs
[2024-02-21T13:18:27.007+0000] {logging_mixin.py:188} INFO - [2024-02-21T13:18:27.007+0000] {dag.py:3823} INFO - Setting next_dagrun for example_sla_dag to 2024-02-21 13:16:00+00:00, run_after=2024-02-21 13:18:00+00:00
[2024-02-21T13:18:27.036+0000] {processor.py:183} INFO - Processing /home/airflow/.local/lib/python3.8/site-packages/airflow/example_dags/example_sla_dag.py took 0.135 seconds
[2024-02-21T13:18:57.213+0000] {processor.py:161} INFO - Started process (PID=482) to work on /home/airflow/.local/lib/python3.8/site-packages/airflow/example_dags/example_sla_dag.py
[2024-02-21T13:18:57.216+0000] {processor.py:830} INFO - Processing file /home/airflow/.local/lib/python3.8/site-packages/airflow/example_dags/example_sla_dag.py for tasks to queue
[2024-02-21T13:18:57.220+0000] {logging_mixin.py:188} INFO - [2024-02-21T13:18:57.219+0000] {dagbag.py:538} INFO - Filling up the DagBag from /home/airflow/.local/lib/python3.8/site-packages/airflow/example_dags/example_sla_dag.py
[2024-02-21T13:18:57.239+0000] {processor.py:840} INFO - DAG(s) 'example_sla_dag' retrieved from /home/airflow/.local/lib/python3.8/site-packages/airflow/example_dags/example_sla_dag.py
[2024-02-21T13:18:57.281+0000] {logging_mixin.py:188} INFO - [2024-02-21T13:18:57.281+0000] {dag.py:3036} INFO - Sync 1 DAGs
[2024-02-21T13:18:57.325+0000] {logging_mixin.py:188} INFO - [2024-02-21T13:18:57.325+0000] {dag.py:3823} INFO - Setting next_dagrun for example_sla_dag to 2024-02-21 13:16:00+00:00, run_after=2024-02-21 13:18:00+00:00
[2024-02-21T13:18:57.356+0000] {processor.py:183} INFO - Processing /home/airflow/.local/lib/python3.8/site-packages/airflow/example_dags/example_sla_dag.py took 0.151 seconds
[2024-02-21T13:19:27.691+0000] {processor.py:161} INFO - Started process (PID=537) to work on /home/airflow/.local/lib/python3.8/site-packages/airflow/example_dags/example_sla_dag.py
[2024-02-21T13:19:27.693+0000] {processor.py:830} INFO - Processing file /home/airflow/.local/lib/python3.8/site-packages/airflow/example_dags/example_sla_dag.py for tasks to queue
[2024-02-21T13:19:27.697+0000] {logging_mixin.py:188} INFO - [2024-02-21T13:19:27.696+0000] {dagbag.py:538} INFO - Filling up the DagBag from /home/airflow/.local/lib/python3.8/site-packages/airflow/example_dags/example_sla_dag.py
[2024-02-21T13:19:27.724+0000] {processor.py:840} INFO - DAG(s) 'example_sla_dag' retrieved from /home/airflow/.local/lib/python3.8/site-packages/airflow/example_dags/example_sla_dag.py
[2024-02-21T13:19:27.767+0000] {logging_mixin.py:188} INFO - [2024-02-21T13:19:27.766+0000] {dag.py:3036} INFO - Sync 1 DAGs
[2024-02-21T13:19:27.887+0000] {logging_mixin.py:188} INFO - [2024-02-21T13:19:27.887+0000] {dag.py:3823} INFO - Setting next_dagrun for example_sla_dag to 2024-02-21 13:16:00+00:00, run_after=2024-02-21 13:18:00+00:00
[2024-02-21T13:19:27.924+0000] {processor.py:183} INFO - Processing /home/airflow/.local/lib/python3.8/site-packages/airflow/example_dags/example_sla_dag.py took 0.240 seconds
[2024-02-21T13:19:57.983+0000] {processor.py:161} INFO - Started process (PID=592) to work on /home/airflow/.local/lib/python3.8/site-packages/airflow/example_dags/example_sla_dag.py
[2024-02-21T13:19:57.986+0000] {processor.py:830} INFO - Processing file /home/airflow/.local/lib/python3.8/site-packages/airflow/example_dags/example_sla_dag.py for tasks to queue
[2024-02-21T13:19:57.989+0000] {logging_mixin.py:188} INFO - [2024-02-21T13:19:57.988+0000] {dagbag.py:538} INFO - Filling up the DagBag from /home/airflow/.local/lib/python3.8/site-packages/airflow/example_dags/example_sla_dag.py
[2024-02-21T13:19:58.004+0000] {processor.py:840} INFO - DAG(s) 'example_sla_dag' retrieved from /home/airflow/.local/lib/python3.8/site-packages/airflow/example_dags/example_sla_dag.py
[2024-02-21T13:19:58.034+0000] {logging_mixin.py:188} INFO - [2024-02-21T13:19:58.034+0000] {dag.py:3036} INFO - Sync 1 DAGs
[2024-02-21T13:19:58.073+0000] {logging_mixin.py:188} INFO - [2024-02-21T13:19:58.072+0000] {dag.py:3823} INFO - Setting next_dagrun for example_sla_dag to 2024-02-21 13:16:00+00:00, run_after=2024-02-21 13:18:00+00:00
[2024-02-21T13:19:58.102+0000] {processor.py:183} INFO - Processing /home/airflow/.local/lib/python3.8/site-packages/airflow/example_dags/example_sla_dag.py took 0.126 seconds
[2024-02-21T13:20:28.279+0000] {processor.py:161} INFO - Started process (PID=646) to work on /home/airflow/.local/lib/python3.8/site-packages/airflow/example_dags/example_sla_dag.py
[2024-02-21T13:20:28.280+0000] {processor.py:830} INFO - Processing file /home/airflow/.local/lib/python3.8/site-packages/airflow/example_dags/example_sla_dag.py for tasks to queue
[2024-02-21T13:20:28.283+0000] {logging_mixin.py:188} INFO - [2024-02-21T13:20:28.283+0000] {dagbag.py:538} INFO - Filling up the DagBag from /home/airflow/.local/lib/python3.8/site-packages/airflow/example_dags/example_sla_dag.py
[2024-02-21T13:20:28.297+0000] {processor.py:840} INFO - DAG(s) 'example_sla_dag' retrieved from /home/airflow/.local/lib/python3.8/site-packages/airflow/example_dags/example_sla_dag.py
[2024-02-21T13:20:28.329+0000] {logging_mixin.py:188} INFO - [2024-02-21T13:20:28.329+0000] {dag.py:3036} INFO - Sync 1 DAGs
[2024-02-21T13:20:28.368+0000] {logging_mixin.py:188} INFO - [2024-02-21T13:20:28.368+0000] {dag.py:3823} INFO - Setting next_dagrun for example_sla_dag to 2024-02-21 13:18:00+00:00, run_after=2024-02-21 13:20:00+00:00
[2024-02-21T13:20:28.397+0000] {processor.py:183} INFO - Processing /home/airflow/.local/lib/python3.8/site-packages/airflow/example_dags/example_sla_dag.py took 0.124 seconds
[2024-02-21T13:20:58.624+0000] {processor.py:161} INFO - Started process (PID=702) to work on /home/airflow/.local/lib/python3.8/site-packages/airflow/example_dags/example_sla_dag.py
[2024-02-21T13:20:58.626+0000] {processor.py:830} INFO - Processing file /home/airflow/.local/lib/python3.8/site-packages/airflow/example_dags/example_sla_dag.py for tasks to queue
[2024-02-21T13:20:58.631+0000] {logging_mixin.py:188} INFO - [2024-02-21T13:20:58.630+0000] {dagbag.py:538} INFO - Filling up the DagBag from /home/airflow/.local/lib/python3.8/site-packages/airflow/example_dags/example_sla_dag.py
[2024-02-21T13:20:58.647+0000] {processor.py:840} INFO - DAG(s) 'example_sla_dag' retrieved from /home/airflow/.local/lib/python3.8/site-packages/airflow/example_dags/example_sla_dag.py
[2024-02-21T13:20:58.678+0000] {logging_mixin.py:188} INFO - [2024-02-21T13:20:58.678+0000] {dag.py:3036} INFO - Sync 1 DAGs
[2024-02-21T13:20:58.721+0000] {logging_mixin.py:188} INFO - [2024-02-21T13:20:58.720+0000] {dag.py:3823} INFO - Setting next_dagrun for example_sla_dag to 2024-02-21 13:18:00+00:00, run_after=2024-02-21 13:20:00+00:00
[2024-02-21T13:20:58.758+0000] {processor.py:183} INFO - Processing /home/airflow/.local/lib/python3.8/site-packages/airflow/example_dags/example_sla_dag.py took 0.140 seconds
[2024-02-21T13:21:29.098+0000] {processor.py:161} INFO - Started process (PID=756) to work on /home/airflow/.local/lib/python3.8/site-packages/airflow/example_dags/example_sla_dag.py
[2024-02-21T13:21:29.099+0000] {processor.py:830} INFO - Processing file /home/airflow/.local/lib/python3.8/site-packages/airflow/example_dags/example_sla_dag.py for tasks to queue
[2024-02-21T13:21:29.102+0000] {logging_mixin.py:188} INFO - [2024-02-21T13:21:29.102+0000] {dagbag.py:538} INFO - Filling up the DagBag from /home/airflow/.local/lib/python3.8/site-packages/airflow/example_dags/example_sla_dag.py
[2024-02-21T13:21:29.120+0000] {processor.py:840} INFO - DAG(s) 'example_sla_dag' retrieved from /home/airflow/.local/lib/python3.8/site-packages/airflow/example_dags/example_sla_dag.py
[2024-02-21T13:21:29.164+0000] {logging_mixin.py:188} INFO - [2024-02-21T13:21:29.163+0000] {dag.py:3036} INFO - Sync 1 DAGs
[2024-02-21T13:21:29.212+0000] {logging_mixin.py:188} INFO - [2024-02-21T13:21:29.211+0000] {dag.py:3823} INFO - Setting next_dagrun for example_sla_dag to 2024-02-21 13:18:00+00:00, run_after=2024-02-21 13:20:00+00:00
[2024-02-21T13:21:29.241+0000] {processor.py:183} INFO - Processing /home/airflow/.local/lib/python3.8/site-packages/airflow/example_dags/example_sla_dag.py took 0.151 seconds
[2024-02-21T13:21:59.385+0000] {processor.py:161} INFO - Started process (PID=811) to work on /home/airflow/.local/lib/python3.8/site-packages/airflow/example_dags/example_sla_dag.py
[2024-02-21T13:21:59.388+0000] {processor.py:830} INFO - Processing file /home/airflow/.local/lib/python3.8/site-packages/airflow/example_dags/example_sla_dag.py for tasks to queue
[2024-02-21T13:21:59.392+0000] {logging_mixin.py:188} INFO - [2024-02-21T13:21:59.391+0000] {dagbag.py:538} INFO - Filling up the DagBag from /home/airflow/.local/lib/python3.8/site-packages/airflow/example_dags/example_sla_dag.py
[2024-02-21T13:21:59.413+0000] {processor.py:840} INFO - DAG(s) 'example_sla_dag' retrieved from /home/airflow/.local/lib/python3.8/site-packages/airflow/example_dags/example_sla_dag.py
[2024-02-21T13:21:59.448+0000] {logging_mixin.py:188} INFO - [2024-02-21T13:21:59.448+0000] {dag.py:3036} INFO - Sync 1 DAGs
[2024-02-21T13:21:59.490+0000] {logging_mixin.py:188} INFO - [2024-02-21T13:21:59.490+0000] {dag.py:3823} INFO - Setting next_dagrun for example_sla_dag to 2024-02-21 13:18:00+00:00, run_after=2024-02-21 13:20:00+00:00
[2024-02-21T13:21:59.520+0000] {processor.py:183} INFO - Processing /home/airflow/.local/lib/python3.8/site-packages/airflow/example_dags/example_sla_dag.py took 0.140 seconds
[2024-02-21T13:22:29.924+0000] {processor.py:161} INFO - Started process (PID=866) to work on /home/airflow/.local/lib/python3.8/site-packages/airflow/example_dags/example_sla_dag.py
[2024-02-21T13:22:29.926+0000] {processor.py:830} INFO - Processing file /home/airflow/.local/lib/python3.8/site-packages/airflow/example_dags/example_sla_dag.py for tasks to queue
[2024-02-21T13:22:29.928+0000] {logging_mixin.py:188} INFO - [2024-02-21T13:22:29.928+0000] {dagbag.py:538} INFO - Filling up the DagBag from /home/airflow/.local/lib/python3.8/site-packages/airflow/example_dags/example_sla_dag.py
[2024-02-21T13:22:29.943+0000] {processor.py:840} INFO - DAG(s) 'example_sla_dag' retrieved from /home/airflow/.local/lib/python3.8/site-packages/airflow/example_dags/example_sla_dag.py
[2024-02-21T13:22:29.973+0000] {logging_mixin.py:188} INFO - [2024-02-21T13:22:29.973+0000] {dag.py:3036} INFO - Sync 1 DAGs
[2024-02-21T13:22:30.014+0000] {logging_mixin.py:188} INFO - [2024-02-21T13:22:30.013+0000] {dag.py:3823} INFO - Setting next_dagrun for example_sla_dag to 2024-02-21 13:20:00+00:00, run_after=2024-02-21 13:22:00+00:00
[2024-02-21T13:22:30.042+0000] {processor.py:183} INFO - Processing /home/airflow/.local/lib/python3.8/site-packages/airflow/example_dags/example_sla_dag.py took 0.124 seconds
[2024-02-21T13:23:00.718+0000] {processor.py:161} INFO - Started process (PID=921) to work on /home/airflow/.local/lib/python3.8/site-packages/airflow/example_dags/example_sla_dag.py
[2024-02-21T13:23:00.721+0000] {processor.py:830} INFO - Processing file /home/airflow/.local/lib/python3.8/site-packages/airflow/example_dags/example_sla_dag.py for tasks to queue
[2024-02-21T13:23:00.724+0000] {logging_mixin.py:188} INFO - [2024-02-21T13:23:00.724+0000] {dagbag.py:538} INFO - Filling up the DagBag from /home/airflow/.local/lib/python3.8/site-packages/airflow/example_dags/example_sla_dag.py
[2024-02-21T13:23:00.741+0000] {processor.py:840} INFO - DAG(s) 'example_sla_dag' retrieved from /home/airflow/.local/lib/python3.8/site-packages/airflow/example_dags/example_sla_dag.py
[2024-02-21T13:23:00.775+0000] {logging_mixin.py:188} INFO - [2024-02-21T13:23:00.775+0000] {dag.py:3036} INFO - Sync 1 DAGs
[2024-02-21T13:23:00.814+0000] {logging_mixin.py:188} INFO - [2024-02-21T13:23:00.814+0000] {dag.py:3823} INFO - Setting next_dagrun for example_sla_dag to 2024-02-21 13:20:00+00:00, run_after=2024-02-21 13:22:00+00:00
[2024-02-21T13:23:00.847+0000] {processor.py:183} INFO - Processing /home/airflow/.local/lib/python3.8/site-packages/airflow/example_dags/example_sla_dag.py took 0.135 seconds
[2024-02-21T13:23:31.232+0000] {processor.py:161} INFO - Started process (PID=976) to work on /home/airflow/.local/lib/python3.8/site-packages/airflow/example_dags/example_sla_dag.py
[2024-02-21T13:23:31.234+0000] {processor.py:830} INFO - Processing file /home/airflow/.local/lib/python3.8/site-packages/airflow/example_dags/example_sla_dag.py for tasks to queue
[2024-02-21T13:23:31.237+0000] {logging_mixin.py:188} INFO - [2024-02-21T13:23:31.237+0000] {dagbag.py:538} INFO - Filling up the DagBag from /home/airflow/.local/lib/python3.8/site-packages/airflow/example_dags/example_sla_dag.py
[2024-02-21T13:23:31.262+0000] {processor.py:840} INFO - DAG(s) 'example_sla_dag' retrieved from /home/airflow/.local/lib/python3.8/site-packages/airflow/example_dags/example_sla_dag.py
[2024-02-21T13:23:31.317+0000] {logging_mixin.py:188} INFO - [2024-02-21T13:23:31.317+0000] {dag.py:3036} INFO - Sync 1 DAGs
[2024-02-21T13:23:31.372+0000] {logging_mixin.py:188} INFO - [2024-02-21T13:23:31.372+0000] {dag.py:3823} INFO - Setting next_dagrun for example_sla_dag to 2024-02-21 13:20:00+00:00, run_after=2024-02-21 13:22:00+00:00
[2024-02-21T13:23:31.401+0000] {processor.py:183} INFO - Processing /home/airflow/.local/lib/python3.8/site-packages/airflow/example_dags/example_sla_dag.py took 0.175 seconds
[2024-02-21T13:24:01.987+0000] {processor.py:161} INFO - Started process (PID=1031) to work on /home/airflow/.local/lib/python3.8/site-packages/airflow/example_dags/example_sla_dag.py
[2024-02-21T13:24:01.989+0000] {processor.py:830} INFO - Processing file /home/airflow/.local/lib/python3.8/site-packages/airflow/example_dags/example_sla_dag.py for tasks to queue
[2024-02-21T13:24:01.994+0000] {logging_mixin.py:188} INFO - [2024-02-21T13:24:01.993+0000] {dagbag.py:538} INFO - Filling up the DagBag from /home/airflow/.local/lib/python3.8/site-packages/airflow/example_dags/example_sla_dag.py
[2024-02-21T13:24:02.022+0000] {processor.py:840} INFO - DAG(s) 'example_sla_dag' retrieved from /home/airflow/.local/lib/python3.8/site-packages/airflow/example_dags/example_sla_dag.py
[2024-02-21T13:24:02.065+0000] {logging_mixin.py:188} INFO - [2024-02-21T13:24:02.065+0000] {dag.py:3036} INFO - Sync 1 DAGs
[2024-02-21T13:24:02.129+0000] {logging_mixin.py:188} INFO - [2024-02-21T13:24:02.128+0000] {dag.py:3823} INFO - Setting next_dagrun for example_sla_dag to 2024-02-21 13:22:00+00:00, run_after=2024-02-21 13:24:00+00:00
[2024-02-21T13:24:02.177+0000] {processor.py:183} INFO - Processing /home/airflow/.local/lib/python3.8/site-packages/airflow/example_dags/example_sla_dag.py took 0.197 seconds
[2024-02-21T13:24:32.224+0000] {processor.py:161} INFO - Started process (PID=1086) to work on /home/airflow/.local/lib/python3.8/site-packages/airflow/example_dags/example_sla_dag.py
[2024-02-21T13:24:32.227+0000] {processor.py:830} INFO - Processing file /home/airflow/.local/lib/python3.8/site-packages/airflow/example_dags/example_sla_dag.py for tasks to queue
[2024-02-21T13:24:32.230+0000] {logging_mixin.py:188} INFO - [2024-02-21T13:24:32.229+0000] {dagbag.py:538} INFO - Filling up the DagBag from /home/airflow/.local/lib/python3.8/site-packages/airflow/example_dags/example_sla_dag.py
[2024-02-21T13:24:32.244+0000] {processor.py:840} INFO - DAG(s) 'example_sla_dag' retrieved from /home/airflow/.local/lib/python3.8/site-packages/airflow/example_dags/example_sla_dag.py
[2024-02-21T13:24:32.282+0000] {logging_mixin.py:188} INFO - [2024-02-21T13:24:32.281+0000] {dag.py:3036} INFO - Sync 1 DAGs
[2024-02-21T13:24:32.344+0000] {logging_mixin.py:188} INFO - [2024-02-21T13:24:32.343+0000] {dag.py:3823} INFO - Setting next_dagrun for example_sla_dag to 2024-02-21 13:22:00+00:00, run_after=2024-02-21 13:24:00+00:00
[2024-02-21T13:24:32.389+0000] {processor.py:183} INFO - Processing /home/airflow/.local/lib/python3.8/site-packages/airflow/example_dags/example_sla_dag.py took 0.171 seconds
[2024-02-21T13:25:02.508+0000] {processor.py:161} INFO - Started process (PID=1142) to work on /home/airflow/.local/lib/python3.8/site-packages/airflow/example_dags/example_sla_dag.py
[2024-02-21T13:25:02.511+0000] {processor.py:830} INFO - Processing file /home/airflow/.local/lib/python3.8/site-packages/airflow/example_dags/example_sla_dag.py for tasks to queue
[2024-02-21T13:25:02.514+0000] {logging_mixin.py:188} INFO - [2024-02-21T13:25:02.513+0000] {dagbag.py:538} INFO - Filling up the DagBag from /home/airflow/.local/lib/python3.8/site-packages/airflow/example_dags/example_sla_dag.py
[2024-02-21T13:25:02.530+0000] {processor.py:840} INFO - DAG(s) 'example_sla_dag' retrieved from /home/airflow/.local/lib/python3.8/site-packages/airflow/example_dags/example_sla_dag.py
[2024-02-21T13:25:02.564+0000] {logging_mixin.py:188} INFO - [2024-02-21T13:25:02.563+0000] {dag.py:3036} INFO - Sync 1 DAGs
[2024-02-21T13:25:02.609+0000] {logging_mixin.py:188} INFO - [2024-02-21T13:25:02.608+0000] {dag.py:3823} INFO - Setting next_dagrun for example_sla_dag to 2024-02-21 13:22:00+00:00, run_after=2024-02-21 13:24:00+00:00
[2024-02-21T13:25:02.641+0000] {processor.py:183} INFO - Processing /home/airflow/.local/lib/python3.8/site-packages/airflow/example_dags/example_sla_dag.py took 0.139 seconds
[2024-02-21T13:25:32.846+0000] {processor.py:161} INFO - Started process (PID=1197) to work on /home/airflow/.local/lib/python3.8/site-packages/airflow/example_dags/example_sla_dag.py
[2024-02-21T13:25:32.849+0000] {processor.py:830} INFO - Processing file /home/airflow/.local/lib/python3.8/site-packages/airflow/example_dags/example_sla_dag.py for tasks to queue
[2024-02-21T13:25:32.852+0000] {logging_mixin.py:188} INFO - [2024-02-21T13:25:32.851+0000] {dagbag.py:538} INFO - Filling up the DagBag from /home/airflow/.local/lib/python3.8/site-packages/airflow/example_dags/example_sla_dag.py
[2024-02-21T13:25:32.867+0000] {processor.py:840} INFO - DAG(s) 'example_sla_dag' retrieved from /home/airflow/.local/lib/python3.8/site-packages/airflow/example_dags/example_sla_dag.py
[2024-02-21T13:25:32.898+0000] {logging_mixin.py:188} INFO - [2024-02-21T13:25:32.898+0000] {dag.py:3036} INFO - Sync 1 DAGs
[2024-02-21T13:25:32.936+0000] {logging_mixin.py:188} INFO - [2024-02-21T13:25:32.935+0000] {dag.py:3823} INFO - Setting next_dagrun for example_sla_dag to 2024-02-21 13:22:00+00:00, run_after=2024-02-21 13:24:00+00:00
[2024-02-21T13:25:32.962+0000] {processor.py:183} INFO - Processing /home/airflow/.local/lib/python3.8/site-packages/airflow/example_dags/example_sla_dag.py took 0.124 seconds
[2024-02-21T13:26:03.161+0000] {processor.py:161} INFO - Started process (PID=1252) to work on /home/airflow/.local/lib/python3.8/site-packages/airflow/example_dags/example_sla_dag.py
[2024-02-21T13:26:03.163+0000] {processor.py:830} INFO - Processing file /home/airflow/.local/lib/python3.8/site-packages/airflow/example_dags/example_sla_dag.py for tasks to queue
[2024-02-21T13:26:03.167+0000] {logging_mixin.py:188} INFO - [2024-02-21T13:26:03.167+0000] {dagbag.py:538} INFO - Filling up the DagBag from /home/airflow/.local/lib/python3.8/site-packages/airflow/example_dags/example_sla_dag.py
[2024-02-21T13:26:03.184+0000] {processor.py:840} INFO - DAG(s) 'example_sla_dag' retrieved from /home/airflow/.local/lib/python3.8/site-packages/airflow/example_dags/example_sla_dag.py
[2024-02-21T13:26:03.216+0000] {logging_mixin.py:188} INFO - [2024-02-21T13:26:03.215+0000] {dag.py:3036} INFO - Sync 1 DAGs
[2024-02-21T13:26:03.256+0000] {logging_mixin.py:188} INFO - [2024-02-21T13:26:03.255+0000] {dag.py:3823} INFO - Setting next_dagrun for example_sla_dag to 2024-02-21 13:24:00+00:00, run_after=2024-02-21 13:26:00+00:00
[2024-02-21T13:26:03.286+0000] {processor.py:183} INFO - Processing /home/airflow/.local/lib/python3.8/site-packages/airflow/example_dags/example_sla_dag.py took 0.137 seconds
[2024-02-21T13:26:33.331+0000] {processor.py:161} INFO - Started process (PID=1308) to work on /home/airflow/.local/lib/python3.8/site-packages/airflow/example_dags/example_sla_dag.py
[2024-02-21T13:26:33.334+0000] {processor.py:830} INFO - Processing file /home/airflow/.local/lib/python3.8/site-packages/airflow/example_dags/example_sla_dag.py for tasks to queue
[2024-02-21T13:26:33.338+0000] {logging_mixin.py:188} INFO - [2024-02-21T13:26:33.337+0000] {dagbag.py:538} INFO - Filling up the DagBag from /home/airflow/.local/lib/python3.8/site-packages/airflow/example_dags/example_sla_dag.py
[2024-02-21T13:26:33.357+0000] {processor.py:840} INFO - DAG(s) 'example_sla_dag' retrieved from /home/airflow/.local/lib/python3.8/site-packages/airflow/example_dags/example_sla_dag.py
[2024-02-21T13:26:33.398+0000] {logging_mixin.py:188} INFO - [2024-02-21T13:26:33.397+0000] {dag.py:3036} INFO - Sync 1 DAGs
[2024-02-21T13:26:33.458+0000] {logging_mixin.py:188} INFO - [2024-02-21T13:26:33.458+0000] {dag.py:3823} INFO - Setting next_dagrun for example_sla_dag to 2024-02-21 13:24:00+00:00, run_after=2024-02-21 13:26:00+00:00
[2024-02-21T13:26:33.497+0000] {processor.py:183} INFO - Processing /home/airflow/.local/lib/python3.8/site-packages/airflow/example_dags/example_sla_dag.py took 0.174 seconds
[2024-02-21T13:27:03.704+0000] {processor.py:161} INFO - Started process (PID=1363) to work on /home/airflow/.local/lib/python3.8/site-packages/airflow/example_dags/example_sla_dag.py
[2024-02-21T13:27:03.705+0000] {processor.py:830} INFO - Processing file /home/airflow/.local/lib/python3.8/site-packages/airflow/example_dags/example_sla_dag.py for tasks to queue
[2024-02-21T13:27:03.708+0000] {logging_mixin.py:188} INFO - [2024-02-21T13:27:03.708+0000] {dagbag.py:538} INFO - Filling up the DagBag from /home/airflow/.local/lib/python3.8/site-packages/airflow/example_dags/example_sla_dag.py
[2024-02-21T13:27:03.723+0000] {processor.py:840} INFO - DAG(s) 'example_sla_dag' retrieved from /home/airflow/.local/lib/python3.8/site-packages/airflow/example_dags/example_sla_dag.py
[2024-02-21T13:27:03.756+0000] {logging_mixin.py:188} INFO - [2024-02-21T13:27:03.756+0000] {dag.py:3036} INFO - Sync 1 DAGs
[2024-02-21T13:27:03.813+0000] {logging_mixin.py:188} INFO - [2024-02-21T13:27:03.812+0000] {dag.py:3823} INFO - Setting next_dagrun for example_sla_dag to 2024-02-21 13:24:00+00:00, run_after=2024-02-21 13:26:00+00:00
[2024-02-21T13:27:03.850+0000] {processor.py:183} INFO - Processing /home/airflow/.local/lib/python3.8/site-packages/airflow/example_dags/example_sla_dag.py took 0.152 seconds
[2024-02-21T13:27:34.406+0000] {processor.py:161} INFO - Started process (PID=1419) to work on /home/airflow/.local/lib/python3.8/site-packages/airflow/example_dags/example_sla_dag.py
[2024-02-21T13:27:34.408+0000] {processor.py:830} INFO - Processing file /home/airflow/.local/lib/python3.8/site-packages/airflow/example_dags/example_sla_dag.py for tasks to queue
[2024-02-21T13:27:34.411+0000] {logging_mixin.py:188} INFO - [2024-02-21T13:27:34.411+0000] {dagbag.py:538} INFO - Filling up the DagBag from /home/airflow/.local/lib/python3.8/site-packages/airflow/example_dags/example_sla_dag.py
[2024-02-21T13:27:34.425+0000] {processor.py:840} INFO - DAG(s) 'example_sla_dag' retrieved from /home/airflow/.local/lib/python3.8/site-packages/airflow/example_dags/example_sla_dag.py
[2024-02-21T13:27:34.457+0000] {logging_mixin.py:188} INFO - [2024-02-21T13:27:34.457+0000] {dag.py:3036} INFO - Sync 1 DAGs
[2024-02-21T13:27:34.500+0000] {logging_mixin.py:188} INFO - [2024-02-21T13:27:34.500+0000] {dag.py:3823} INFO - Setting next_dagrun for example_sla_dag to 2024-02-21 13:24:00+00:00, run_after=2024-02-21 13:26:00+00:00
[2024-02-21T13:27:34.528+0000] {processor.py:183} INFO - Processing /home/airflow/.local/lib/python3.8/site-packages/airflow/example_dags/example_sla_dag.py took 0.128 seconds
[2024-02-21T13:28:04.685+0000] {processor.py:161} INFO - Started process (PID=1475) to work on /home/airflow/.local/lib/python3.8/site-packages/airflow/example_dags/example_sla_dag.py
[2024-02-21T13:28:04.687+0000] {processor.py:830} INFO - Processing file /home/airflow/.local/lib/python3.8/site-packages/airflow/example_dags/example_sla_dag.py for tasks to queue
[2024-02-21T13:28:04.692+0000] {logging_mixin.py:188} INFO - [2024-02-21T13:28:04.691+0000] {dagbag.py:538} INFO - Filling up the DagBag from /home/airflow/.local/lib/python3.8/site-packages/airflow/example_dags/example_sla_dag.py
[2024-02-21T13:28:04.713+0000] {processor.py:840} INFO - DAG(s) 'example_sla_dag' retrieved from /home/airflow/.local/lib/python3.8/site-packages/airflow/example_dags/example_sla_dag.py
[2024-02-21T13:28:04.748+0000] {logging_mixin.py:188} INFO - [2024-02-21T13:28:04.747+0000] {dag.py:3036} INFO - Sync 1 DAGs
[2024-02-21T13:28:04.792+0000] {logging_mixin.py:188} INFO - [2024-02-21T13:28:04.792+0000] {dag.py:3823} INFO - Setting next_dagrun for example_sla_dag to 2024-02-21 13:26:00+00:00, run_after=2024-02-21 13:28:00+00:00
[2024-02-21T13:28:04.824+0000] {processor.py:183} INFO - Processing /home/airflow/.local/lib/python3.8/site-packages/airflow/example_dags/example_sla_dag.py took 0.148 seconds
[2024-02-21T13:28:35.152+0000] {processor.py:161} INFO - Started process (PID=1530) to work on /home/airflow/.local/lib/python3.8/site-packages/airflow/example_dags/example_sla_dag.py
[2024-02-21T13:28:35.156+0000] {processor.py:830} INFO - Processing file /home/airflow/.local/lib/python3.8/site-packages/airflow/example_dags/example_sla_dag.py for tasks to queue
[2024-02-21T13:28:35.160+0000] {logging_mixin.py:188} INFO - [2024-02-21T13:28:35.159+0000] {dagbag.py:538} INFO - Filling up the DagBag from /home/airflow/.local/lib/python3.8/site-packages/airflow/example_dags/example_sla_dag.py
[2024-02-21T13:28:35.179+0000] {processor.py:840} INFO - DAG(s) 'example_sla_dag' retrieved from /home/airflow/.local/lib/python3.8/site-packages/airflow/example_dags/example_sla_dag.py
[2024-02-21T13:28:35.219+0000] {logging_mixin.py:188} INFO - [2024-02-21T13:28:35.219+0000] {dag.py:3036} INFO - Sync 1 DAGs
[2024-02-21T13:28:35.273+0000] {logging_mixin.py:188} INFO - [2024-02-21T13:28:35.273+0000] {dag.py:3823} INFO - Setting next_dagrun for example_sla_dag to 2024-02-21 13:26:00+00:00, run_after=2024-02-21 13:28:00+00:00
[2024-02-21T13:28:35.312+0000] {processor.py:183} INFO - Processing /home/airflow/.local/lib/python3.8/site-packages/airflow/example_dags/example_sla_dag.py took 0.167 seconds
[2024-02-21T13:29:06.319+0000] {processor.py:161} INFO - Started process (PID=1583) to work on /home/airflow/.local/lib/python3.8/site-packages/airflow/example_dags/example_sla_dag.py
[2024-02-21T13:29:06.322+0000] {processor.py:830} INFO - Processing file /home/airflow/.local/lib/python3.8/site-packages/airflow/example_dags/example_sla_dag.py for tasks to queue
[2024-02-21T13:29:06.325+0000] {logging_mixin.py:188} INFO - [2024-02-21T13:29:06.324+0000] {dagbag.py:538} INFO - Filling up the DagBag from /home/airflow/.local/lib/python3.8/site-packages/airflow/example_dags/example_sla_dag.py
[2024-02-21T13:29:06.345+0000] {processor.py:840} INFO - DAG(s) 'example_sla_dag' retrieved from /home/airflow/.local/lib/python3.8/site-packages/airflow/example_dags/example_sla_dag.py
[2024-02-21T13:29:06.376+0000] {logging_mixin.py:188} INFO - [2024-02-21T13:29:06.375+0000] {dag.py:3036} INFO - Sync 1 DAGs
[2024-02-21T13:29:06.414+0000] {logging_mixin.py:188} INFO - [2024-02-21T13:29:06.414+0000] {dag.py:3823} INFO - Setting next_dagrun for example_sla_dag to 2024-02-21 13:26:00+00:00, run_after=2024-02-21 13:28:00+00:00
[2024-02-21T13:29:06.440+0000] {processor.py:183} INFO - Processing /home/airflow/.local/lib/python3.8/site-packages/airflow/example_dags/example_sla_dag.py took 0.129 seconds
[2024-02-21T13:29:36.890+0000] {processor.py:161} INFO - Started process (PID=1638) to work on /home/airflow/.local/lib/python3.8/site-packages/airflow/example_dags/example_sla_dag.py
[2024-02-21T13:29:36.891+0000] {processor.py:830} INFO - Processing file /home/airflow/.local/lib/python3.8/site-packages/airflow/example_dags/example_sla_dag.py for tasks to queue
[2024-02-21T13:29:36.894+0000] {logging_mixin.py:188} INFO - [2024-02-21T13:29:36.894+0000] {dagbag.py:538} INFO - Filling up the DagBag from /home/airflow/.local/lib/python3.8/site-packages/airflow/example_dags/example_sla_dag.py
[2024-02-21T13:29:36.908+0000] {processor.py:840} INFO - DAG(s) 'example_sla_dag' retrieved from /home/airflow/.local/lib/python3.8/site-packages/airflow/example_dags/example_sla_dag.py
[2024-02-21T13:29:36.939+0000] {logging_mixin.py:188} INFO - [2024-02-21T13:29:36.939+0000] {dag.py:3036} INFO - Sync 1 DAGs
[2024-02-21T13:29:36.977+0000] {logging_mixin.py:188} INFO - [2024-02-21T13:29:36.976+0000] {dag.py:3823} INFO - Setting next_dagrun for example_sla_dag to 2024-02-21 13:26:00+00:00, run_after=2024-02-21 13:28:00+00:00
[2024-02-21T13:29:37.005+0000] {processor.py:183} INFO - Processing /home/airflow/.local/lib/python3.8/site-packages/airflow/example_dags/example_sla_dag.py took 0.120 seconds
[2024-02-21T13:30:07.414+0000] {processor.py:161} INFO - Started process (PID=1693) to work on /home/airflow/.local/lib/python3.8/site-packages/airflow/example_dags/example_sla_dag.py
[2024-02-21T13:30:07.418+0000] {processor.py:830} INFO - Processing file /home/airflow/.local/lib/python3.8/site-packages/airflow/example_dags/example_sla_dag.py for tasks to queue
[2024-02-21T13:30:07.422+0000] {logging_mixin.py:188} INFO - [2024-02-21T13:30:07.421+0000] {dagbag.py:538} INFO - Filling up the DagBag from /home/airflow/.local/lib/python3.8/site-packages/airflow/example_dags/example_sla_dag.py
[2024-02-21T13:30:07.439+0000] {processor.py:840} INFO - DAG(s) 'example_sla_dag' retrieved from /home/airflow/.local/lib/python3.8/site-packages/airflow/example_dags/example_sla_dag.py
[2024-02-21T13:30:07.471+0000] {logging_mixin.py:188} INFO - [2024-02-21T13:30:07.470+0000] {dag.py:3036} INFO - Sync 1 DAGs
[2024-02-21T13:30:07.510+0000] {logging_mixin.py:188} INFO - [2024-02-21T13:30:07.510+0000] {dag.py:3823} INFO - Setting next_dagrun for example_sla_dag to 2024-02-21 13:28:00+00:00, run_after=2024-02-21 13:30:00+00:00
[2024-02-21T13:30:07.538+0000] {processor.py:183} INFO - Processing /home/airflow/.local/lib/python3.8/site-packages/airflow/example_dags/example_sla_dag.py took 0.131 seconds
[2024-02-21T13:30:37.625+0000] {processor.py:161} INFO - Started process (PID=1748) to work on /home/airflow/.local/lib/python3.8/site-packages/airflow/example_dags/example_sla_dag.py
[2024-02-21T13:30:37.627+0000] {processor.py:830} INFO - Processing file /home/airflow/.local/lib/python3.8/site-packages/airflow/example_dags/example_sla_dag.py for tasks to queue
[2024-02-21T13:30:37.631+0000] {logging_mixin.py:188} INFO - [2024-02-21T13:30:37.631+0000] {dagbag.py:538} INFO - Filling up the DagBag from /home/airflow/.local/lib/python3.8/site-packages/airflow/example_dags/example_sla_dag.py
[2024-02-21T13:30:37.648+0000] {processor.py:840} INFO - DAG(s) 'example_sla_dag' retrieved from /home/airflow/.local/lib/python3.8/site-packages/airflow/example_dags/example_sla_dag.py
[2024-02-21T13:30:37.681+0000] {logging_mixin.py:188} INFO - [2024-02-21T13:30:37.681+0000] {dag.py:3036} INFO - Sync 1 DAGs
[2024-02-21T13:30:37.728+0000] {logging_mixin.py:188} INFO - [2024-02-21T13:30:37.727+0000] {dag.py:3823} INFO - Setting next_dagrun for example_sla_dag to 2024-02-21 13:28:00+00:00, run_after=2024-02-21 13:30:00+00:00
[2024-02-21T13:30:37.757+0000] {processor.py:183} INFO - Processing /home/airflow/.local/lib/python3.8/site-packages/airflow/example_dags/example_sla_dag.py took 0.137 seconds
[2024-02-21T13:31:07.901+0000] {processor.py:161} INFO - Started process (PID=1802) to work on /home/airflow/.local/lib/python3.8/site-packages/airflow/example_dags/example_sla_dag.py
[2024-02-21T13:31:07.903+0000] {processor.py:830} INFO - Processing file /home/airflow/.local/lib/python3.8/site-packages/airflow/example_dags/example_sla_dag.py for tasks to queue
[2024-02-21T13:31:07.906+0000] {logging_mixin.py:188} INFO - [2024-02-21T13:31:07.906+0000] {dagbag.py:538} INFO - Filling up the DagBag from /home/airflow/.local/lib/python3.8/site-packages/airflow/example_dags/example_sla_dag.py
[2024-02-21T13:31:07.922+0000] {processor.py:840} INFO - DAG(s) 'example_sla_dag' retrieved from /home/airflow/.local/lib/python3.8/site-packages/airflow/example_dags/example_sla_dag.py
[2024-02-21T13:31:07.952+0000] {logging_mixin.py:188} INFO - [2024-02-21T13:31:07.952+0000] {dag.py:3036} INFO - Sync 1 DAGs
[2024-02-21T13:31:07.993+0000] {logging_mixin.py:188} INFO - [2024-02-21T13:31:07.993+0000] {dag.py:3823} INFO - Setting next_dagrun for example_sla_dag to 2024-02-21 13:28:00+00:00, run_after=2024-02-21 13:30:00+00:00
[2024-02-21T13:31:08.019+0000] {processor.py:183} INFO - Processing /home/airflow/.local/lib/python3.8/site-packages/airflow/example_dags/example_sla_dag.py took 0.124 seconds
[2024-02-21T13:31:38.181+0000] {processor.py:161} INFO - Started process (PID=1857) to work on /home/airflow/.local/lib/python3.8/site-packages/airflow/example_dags/example_sla_dag.py
[2024-02-21T13:31:38.183+0000] {processor.py:830} INFO - Processing file /home/airflow/.local/lib/python3.8/site-packages/airflow/example_dags/example_sla_dag.py for tasks to queue
[2024-02-21T13:31:38.186+0000] {logging_mixin.py:188} INFO - [2024-02-21T13:31:38.185+0000] {dagbag.py:538} INFO - Filling up the DagBag from /home/airflow/.local/lib/python3.8/site-packages/airflow/example_dags/example_sla_dag.py
[2024-02-21T13:31:38.200+0000] {processor.py:840} INFO - DAG(s) 'example_sla_dag' retrieved from /home/airflow/.local/lib/python3.8/site-packages/airflow/example_dags/example_sla_dag.py
[2024-02-21T13:31:38.231+0000] {logging_mixin.py:188} INFO - [2024-02-21T13:31:38.231+0000] {dag.py:3036} INFO - Sync 1 DAGs
[2024-02-21T13:31:38.269+0000] {logging_mixin.py:188} INFO - [2024-02-21T13:31:38.269+0000] {dag.py:3823} INFO - Setting next_dagrun for example_sla_dag to 2024-02-21 13:28:00+00:00, run_after=2024-02-21 13:30:00+00:00
[2024-02-21T13:31:38.297+0000] {processor.py:183} INFO - Processing /home/airflow/.local/lib/python3.8/site-packages/airflow/example_dags/example_sla_dag.py took 0.121 seconds
[2024-02-21T13:32:08.619+0000] {processor.py:161} INFO - Started process (PID=1913) to work on /home/airflow/.local/lib/python3.8/site-packages/airflow/example_dags/example_sla_dag.py
[2024-02-21T13:32:08.622+0000] {processor.py:830} INFO - Processing file /home/airflow/.local/lib/python3.8/site-packages/airflow/example_dags/example_sla_dag.py for tasks to queue
[2024-02-21T13:32:08.625+0000] {logging_mixin.py:188} INFO - [2024-02-21T13:32:08.625+0000] {dagbag.py:538} INFO - Filling up the DagBag from /home/airflow/.local/lib/python3.8/site-packages/airflow/example_dags/example_sla_dag.py
[2024-02-21T13:32:08.640+0000] {processor.py:840} INFO - DAG(s) 'example_sla_dag' retrieved from /home/airflow/.local/lib/python3.8/site-packages/airflow/example_dags/example_sla_dag.py
[2024-02-21T13:32:08.670+0000] {logging_mixin.py:188} INFO - [2024-02-21T13:32:08.670+0000] {dag.py:3036} INFO - Sync 1 DAGs
[2024-02-21T13:32:08.710+0000] {logging_mixin.py:188} INFO - [2024-02-21T13:32:08.710+0000] {dag.py:3823} INFO - Setting next_dagrun for example_sla_dag to 2024-02-21 13:30:00+00:00, run_after=2024-02-21 13:32:00+00:00
[2024-02-21T13:32:08.738+0000] {processor.py:183} INFO - Processing /home/airflow/.local/lib/python3.8/site-packages/airflow/example_dags/example_sla_dag.py took 0.126 seconds
[2024-02-21T13:32:39.455+0000] {processor.py:161} INFO - Started process (PID=1968) to work on /home/airflow/.local/lib/python3.8/site-packages/airflow/example_dags/example_sla_dag.py
[2024-02-21T13:32:39.458+0000] {processor.py:830} INFO - Processing file /home/airflow/.local/lib/python3.8/site-packages/airflow/example_dags/example_sla_dag.py for tasks to queue
[2024-02-21T13:32:39.461+0000] {logging_mixin.py:188} INFO - [2024-02-21T13:32:39.460+0000] {dagbag.py:538} INFO - Filling up the DagBag from /home/airflow/.local/lib/python3.8/site-packages/airflow/example_dags/example_sla_dag.py
[2024-02-21T13:32:39.475+0000] {processor.py:840} INFO - DAG(s) 'example_sla_dag' retrieved from /home/airflow/.local/lib/python3.8/site-packages/airflow/example_dags/example_sla_dag.py
[2024-02-21T13:32:39.509+0000] {logging_mixin.py:188} INFO - [2024-02-21T13:32:39.508+0000] {dag.py:3036} INFO - Sync 1 DAGs
[2024-02-21T13:32:39.548+0000] {logging_mixin.py:188} INFO - [2024-02-21T13:32:39.547+0000] {dag.py:3823} INFO - Setting next_dagrun for example_sla_dag to 2024-02-21 13:30:00+00:00, run_after=2024-02-21 13:32:00+00:00
[2024-02-21T13:32:39.578+0000] {processor.py:183} INFO - Processing /home/airflow/.local/lib/python3.8/site-packages/airflow/example_dags/example_sla_dag.py took 0.129 seconds
[2024-02-21T13:33:10.142+0000] {processor.py:161} INFO - Started process (PID=2023) to work on /home/airflow/.local/lib/python3.8/site-packages/airflow/example_dags/example_sla_dag.py
[2024-02-21T13:33:10.144+0000] {processor.py:830} INFO - Processing file /home/airflow/.local/lib/python3.8/site-packages/airflow/example_dags/example_sla_dag.py for tasks to queue
[2024-02-21T13:33:10.148+0000] {logging_mixin.py:188} INFO - [2024-02-21T13:33:10.147+0000] {dagbag.py:538} INFO - Filling up the DagBag from /home/airflow/.local/lib/python3.8/site-packages/airflow/example_dags/example_sla_dag.py
[2024-02-21T13:33:10.163+0000] {processor.py:840} INFO - DAG(s) 'example_sla_dag' retrieved from /home/airflow/.local/lib/python3.8/site-packages/airflow/example_dags/example_sla_dag.py
[2024-02-21T13:33:10.194+0000] {logging_mixin.py:188} INFO - [2024-02-21T13:33:10.193+0000] {dag.py:3036} INFO - Sync 1 DAGs
[2024-02-21T13:33:10.233+0000] {logging_mixin.py:188} INFO - [2024-02-21T13:33:10.233+0000] {dag.py:3823} INFO - Setting next_dagrun for example_sla_dag to 2024-02-21 13:30:00+00:00, run_after=2024-02-21 13:32:00+00:00
[2024-02-21T13:33:10.259+0000] {processor.py:183} INFO - Processing /home/airflow/.local/lib/python3.8/site-packages/airflow/example_dags/example_sla_dag.py took 0.123 seconds
[2024-02-21T13:33:40.401+0000] {processor.py:161} INFO - Started process (PID=2078) to work on /home/airflow/.local/lib/python3.8/site-packages/airflow/example_dags/example_sla_dag.py
[2024-02-21T13:33:40.403+0000] {processor.py:830} INFO - Processing file /home/airflow/.local/lib/python3.8/site-packages/airflow/example_dags/example_sla_dag.py for tasks to queue
[2024-02-21T13:33:40.407+0000] {logging_mixin.py:188} INFO - [2024-02-21T13:33:40.406+0000] {dagbag.py:538} INFO - Filling up the DagBag from /home/airflow/.local/lib/python3.8/site-packages/airflow/example_dags/example_sla_dag.py
[2024-02-21T13:33:40.422+0000] {processor.py:840} INFO - DAG(s) 'example_sla_dag' retrieved from /home/airflow/.local/lib/python3.8/site-packages/airflow/example_dags/example_sla_dag.py
[2024-02-21T13:33:40.453+0000] {logging_mixin.py:188} INFO - [2024-02-21T13:33:40.452+0000] {dag.py:3036} INFO - Sync 1 DAGs
[2024-02-21T13:33:40.492+0000] {logging_mixin.py:188} INFO - [2024-02-21T13:33:40.492+0000] {dag.py:3823} INFO - Setting next_dagrun for example_sla_dag to 2024-02-21 13:30:00+00:00, run_after=2024-02-21 13:32:00+00:00
[2024-02-21T13:33:40.520+0000] {processor.py:183} INFO - Processing /home/airflow/.local/lib/python3.8/site-packages/airflow/example_dags/example_sla_dag.py took 0.126 seconds
[2024-02-21T13:34:10.620+0000] {processor.py:161} INFO - Started process (PID=2133) to work on /home/airflow/.local/lib/python3.8/site-packages/airflow/example_dags/example_sla_dag.py
[2024-02-21T13:34:10.623+0000] {processor.py:830} INFO - Processing file /home/airflow/.local/lib/python3.8/site-packages/airflow/example_dags/example_sla_dag.py for tasks to queue
[2024-02-21T13:34:10.626+0000] {logging_mixin.py:188} INFO - [2024-02-21T13:34:10.625+0000] {dagbag.py:538} INFO - Filling up the DagBag from /home/airflow/.local/lib/python3.8/site-packages/airflow/example_dags/example_sla_dag.py
[2024-02-21T13:34:10.640+0000] {processor.py:840} INFO - DAG(s) 'example_sla_dag' retrieved from /home/airflow/.local/lib/python3.8/site-packages/airflow/example_dags/example_sla_dag.py
[2024-02-21T13:34:10.671+0000] {logging_mixin.py:188} INFO - [2024-02-21T13:34:10.670+0000] {dag.py:3036} INFO - Sync 1 DAGs
[2024-02-21T13:34:10.709+0000] {logging_mixin.py:188} INFO - [2024-02-21T13:34:10.709+0000] {dag.py:3823} INFO - Setting next_dagrun for example_sla_dag to 2024-02-21 13:32:00+00:00, run_after=2024-02-21 13:34:00+00:00
[2024-02-21T13:34:10.737+0000] {processor.py:183} INFO - Processing /home/airflow/.local/lib/python3.8/site-packages/airflow/example_dags/example_sla_dag.py took 0.124 seconds
[2024-02-21T13:34:41.044+0000] {processor.py:161} INFO - Started process (PID=2188) to work on /home/airflow/.local/lib/python3.8/site-packages/airflow/example_dags/example_sla_dag.py
[2024-02-21T13:34:41.045+0000] {processor.py:830} INFO - Processing file /home/airflow/.local/lib/python3.8/site-packages/airflow/example_dags/example_sla_dag.py for tasks to queue
[2024-02-21T13:34:41.048+0000] {logging_mixin.py:188} INFO - [2024-02-21T13:34:41.048+0000] {dagbag.py:538} INFO - Filling up the DagBag from /home/airflow/.local/lib/python3.8/site-packages/airflow/example_dags/example_sla_dag.py
[2024-02-21T13:34:41.063+0000] {processor.py:840} INFO - DAG(s) 'example_sla_dag' retrieved from /home/airflow/.local/lib/python3.8/site-packages/airflow/example_dags/example_sla_dag.py
[2024-02-21T13:34:41.093+0000] {logging_mixin.py:188} INFO - [2024-02-21T13:34:41.093+0000] {dag.py:3036} INFO - Sync 1 DAGs
[2024-02-21T13:34:41.134+0000] {logging_mixin.py:188} INFO - [2024-02-21T13:34:41.133+0000] {dag.py:3823} INFO - Setting next_dagrun for example_sla_dag to 2024-02-21 13:32:00+00:00, run_after=2024-02-21 13:34:00+00:00
[2024-02-21T13:34:41.167+0000] {processor.py:183} INFO - Processing /home/airflow/.local/lib/python3.8/site-packages/airflow/example_dags/example_sla_dag.py took 0.129 seconds
[2024-02-21T13:35:11.250+0000] {processor.py:161} INFO - Started process (PID=2243) to work on /home/airflow/.local/lib/python3.8/site-packages/airflow/example_dags/example_sla_dag.py
[2024-02-21T13:35:11.252+0000] {processor.py:830} INFO - Processing file /home/airflow/.local/lib/python3.8/site-packages/airflow/example_dags/example_sla_dag.py for tasks to queue
[2024-02-21T13:35:11.255+0000] {logging_mixin.py:188} INFO - [2024-02-21T13:35:11.255+0000] {dagbag.py:538} INFO - Filling up the DagBag from /home/airflow/.local/lib/python3.8/site-packages/airflow/example_dags/example_sla_dag.py
[2024-02-21T13:35:11.270+0000] {processor.py:840} INFO - DAG(s) 'example_sla_dag' retrieved from /home/airflow/.local/lib/python3.8/site-packages/airflow/example_dags/example_sla_dag.py
[2024-02-21T13:35:11.303+0000] {logging_mixin.py:188} INFO - [2024-02-21T13:35:11.302+0000] {dag.py:3036} INFO - Sync 1 DAGs
[2024-02-21T13:35:11.349+0000] {logging_mixin.py:188} INFO - [2024-02-21T13:35:11.348+0000] {dag.py:3823} INFO - Setting next_dagrun for example_sla_dag to 2024-02-21 13:32:00+00:00, run_after=2024-02-21 13:34:00+00:00
[2024-02-21T13:35:11.380+0000] {processor.py:183} INFO - Processing /home/airflow/.local/lib/python3.8/site-packages/airflow/example_dags/example_sla_dag.py took 0.136 seconds
[2024-02-21T13:35:41.806+0000] {processor.py:161} INFO - Started process (PID=2298) to work on /home/airflow/.local/lib/python3.8/site-packages/airflow/example_dags/example_sla_dag.py
[2024-02-21T13:35:41.808+0000] {processor.py:830} INFO - Processing file /home/airflow/.local/lib/python3.8/site-packages/airflow/example_dags/example_sla_dag.py for tasks to queue
[2024-02-21T13:35:41.811+0000] {logging_mixin.py:188} INFO - [2024-02-21T13:35:41.811+0000] {dagbag.py:538} INFO - Filling up the DagBag from /home/airflow/.local/lib/python3.8/site-packages/airflow/example_dags/example_sla_dag.py
[2024-02-21T13:35:41.825+0000] {processor.py:840} INFO - DAG(s) 'example_sla_dag' retrieved from /home/airflow/.local/lib/python3.8/site-packages/airflow/example_dags/example_sla_dag.py
[2024-02-21T13:35:41.856+0000] {logging_mixin.py:188} INFO - [2024-02-21T13:35:41.856+0000] {dag.py:3036} INFO - Sync 1 DAGs
[2024-02-21T13:35:41.897+0000] {logging_mixin.py:188} INFO - [2024-02-21T13:35:41.897+0000] {dag.py:3823} INFO - Setting next_dagrun for example_sla_dag to 2024-02-21 13:32:00+00:00, run_after=2024-02-21 13:34:00+00:00
[2024-02-21T13:35:42.135+0000] {processor.py:183} INFO - Processing /home/airflow/.local/lib/python3.8/site-packages/airflow/example_dags/example_sla_dag.py took 0.335 seconds
[2024-02-21T13:36:12.571+0000] {processor.py:161} INFO - Started process (PID=2353) to work on /home/airflow/.local/lib/python3.8/site-packages/airflow/example_dags/example_sla_dag.py
[2024-02-21T13:36:12.574+0000] {processor.py:830} INFO - Processing file /home/airflow/.local/lib/python3.8/site-packages/airflow/example_dags/example_sla_dag.py for tasks to queue
[2024-02-21T13:36:12.578+0000] {logging_mixin.py:188} INFO - [2024-02-21T13:36:12.577+0000] {dagbag.py:538} INFO - Filling up the DagBag from /home/airflow/.local/lib/python3.8/site-packages/airflow/example_dags/example_sla_dag.py
[2024-02-21T13:36:12.596+0000] {processor.py:840} INFO - DAG(s) 'example_sla_dag' retrieved from /home/airflow/.local/lib/python3.8/site-packages/airflow/example_dags/example_sla_dag.py
[2024-02-21T13:36:12.629+0000] {logging_mixin.py:188} INFO - [2024-02-21T13:36:12.629+0000] {dag.py:3036} INFO - Sync 1 DAGs
[2024-02-21T13:36:12.672+0000] {logging_mixin.py:188} INFO - [2024-02-21T13:36:12.672+0000] {dag.py:3823} INFO - Setting next_dagrun for example_sla_dag to 2024-02-21 13:34:00+00:00, run_after=2024-02-21 13:36:00+00:00
[2024-02-21T13:36:12.933+0000] {processor.py:183} INFO - Processing /home/airflow/.local/lib/python3.8/site-packages/airflow/example_dags/example_sla_dag.py took 0.371 seconds
[2024-02-21T13:36:43.672+0000] {processor.py:161} INFO - Started process (PID=2408) to work on /home/airflow/.local/lib/python3.8/site-packages/airflow/example_dags/example_sla_dag.py
[2024-02-21T13:36:43.674+0000] {processor.py:830} INFO - Processing file /home/airflow/.local/lib/python3.8/site-packages/airflow/example_dags/example_sla_dag.py for tasks to queue
[2024-02-21T13:36:43.678+0000] {logging_mixin.py:188} INFO - [2024-02-21T13:36:43.677+0000] {dagbag.py:538} INFO - Filling up the DagBag from /home/airflow/.local/lib/python3.8/site-packages/airflow/example_dags/example_sla_dag.py
[2024-02-21T13:36:43.694+0000] {processor.py:840} INFO - DAG(s) 'example_sla_dag' retrieved from /home/airflow/.local/lib/python3.8/site-packages/airflow/example_dags/example_sla_dag.py
[2024-02-21T13:36:43.728+0000] {logging_mixin.py:188} INFO - [2024-02-21T13:36:43.727+0000] {dag.py:3036} INFO - Sync 1 DAGs
[2024-02-21T13:36:43.771+0000] {logging_mixin.py:188} INFO - [2024-02-21T13:36:43.771+0000] {dag.py:3823} INFO - Setting next_dagrun for example_sla_dag to 2024-02-21 13:34:00+00:00, run_after=2024-02-21 13:36:00+00:00
[2024-02-21T13:36:43.803+0000] {processor.py:183} INFO - Processing /home/airflow/.local/lib/python3.8/site-packages/airflow/example_dags/example_sla_dag.py took 0.140 seconds
[2024-02-21T13:37:13.995+0000] {processor.py:161} INFO - Started process (PID=2464) to work on /home/airflow/.local/lib/python3.8/site-packages/airflow/example_dags/example_sla_dag.py
[2024-02-21T13:37:13.997+0000] {processor.py:830} INFO - Processing file /home/airflow/.local/lib/python3.8/site-packages/airflow/example_dags/example_sla_dag.py for tasks to queue
[2024-02-21T13:37:14.000+0000] {logging_mixin.py:188} INFO - [2024-02-21T13:37:14.000+0000] {dagbag.py:538} INFO - Filling up the DagBag from /home/airflow/.local/lib/python3.8/site-packages/airflow/example_dags/example_sla_dag.py
[2024-02-21T13:37:14.014+0000] {processor.py:840} INFO - DAG(s) 'example_sla_dag' retrieved from /home/airflow/.local/lib/python3.8/site-packages/airflow/example_dags/example_sla_dag.py
[2024-02-21T13:37:14.045+0000] {logging_mixin.py:188} INFO - [2024-02-21T13:37:14.045+0000] {dag.py:3036} INFO - Sync 1 DAGs
[2024-02-21T13:37:14.087+0000] {logging_mixin.py:188} INFO - [2024-02-21T13:37:14.086+0000] {dag.py:3823} INFO - Setting next_dagrun for example_sla_dag to 2024-02-21 13:34:00+00:00, run_after=2024-02-21 13:36:00+00:00
[2024-02-21T13:37:14.113+0000] {processor.py:183} INFO - Processing /home/airflow/.local/lib/python3.8/site-packages/airflow/example_dags/example_sla_dag.py took 0.124 seconds
[2024-02-21T13:37:44.756+0000] {processor.py:161} INFO - Started process (PID=2519) to work on /home/airflow/.local/lib/python3.8/site-packages/airflow/example_dags/example_sla_dag.py
[2024-02-21T13:37:44.758+0000] {processor.py:830} INFO - Processing file /home/airflow/.local/lib/python3.8/site-packages/airflow/example_dags/example_sla_dag.py for tasks to queue
[2024-02-21T13:37:44.762+0000] {logging_mixin.py:188} INFO - [2024-02-21T13:37:44.761+0000] {dagbag.py:538} INFO - Filling up the DagBag from /home/airflow/.local/lib/python3.8/site-packages/airflow/example_dags/example_sla_dag.py
[2024-02-21T13:37:44.777+0000] {processor.py:840} INFO - DAG(s) 'example_sla_dag' retrieved from /home/airflow/.local/lib/python3.8/site-packages/airflow/example_dags/example_sla_dag.py
[2024-02-21T13:37:44.806+0000] {logging_mixin.py:188} INFO - [2024-02-21T13:37:44.806+0000] {dag.py:3036} INFO - Sync 1 DAGs
[2024-02-21T13:37:44.845+0000] {logging_mixin.py:188} INFO - [2024-02-21T13:37:44.844+0000] {dag.py:3823} INFO - Setting next_dagrun for example_sla_dag to 2024-02-21 13:34:00+00:00, run_after=2024-02-21 13:36:00+00:00
[2024-02-21T13:37:44.873+0000] {processor.py:183} INFO - Processing /home/airflow/.local/lib/python3.8/site-packages/airflow/example_dags/example_sla_dag.py took 0.124 seconds
[2024-02-21T13:38:15.195+0000] {processor.py:161} INFO - Started process (PID=2574) to work on /home/airflow/.local/lib/python3.8/site-packages/airflow/example_dags/example_sla_dag.py
[2024-02-21T13:38:15.197+0000] {processor.py:830} INFO - Processing file /home/airflow/.local/lib/python3.8/site-packages/airflow/example_dags/example_sla_dag.py for tasks to queue
[2024-02-21T13:38:15.200+0000] {logging_mixin.py:188} INFO - [2024-02-21T13:38:15.199+0000] {dagbag.py:538} INFO - Filling up the DagBag from /home/airflow/.local/lib/python3.8/site-packages/airflow/example_dags/example_sla_dag.py
[2024-02-21T13:38:15.214+0000] {processor.py:840} INFO - DAG(s) 'example_sla_dag' retrieved from /home/airflow/.local/lib/python3.8/site-packages/airflow/example_dags/example_sla_dag.py
[2024-02-21T13:38:15.244+0000] {logging_mixin.py:188} INFO - [2024-02-21T13:38:15.244+0000] {dag.py:3036} INFO - Sync 1 DAGs
[2024-02-21T13:38:15.285+0000] {logging_mixin.py:188} INFO - [2024-02-21T13:38:15.284+0000] {dag.py:3823} INFO - Setting next_dagrun for example_sla_dag to 2024-02-21 13:36:00+00:00, run_after=2024-02-21 13:38:00+00:00
[2024-02-21T13:38:15.312+0000] {processor.py:183} INFO - Processing /home/airflow/.local/lib/python3.8/site-packages/airflow/example_dags/example_sla_dag.py took 0.125 seconds
[2024-02-21T13:38:45.935+0000] {processor.py:161} INFO - Started process (PID=2629) to work on /home/airflow/.local/lib/python3.8/site-packages/airflow/example_dags/example_sla_dag.py
[2024-02-21T13:38:45.937+0000] {processor.py:830} INFO - Processing file /home/airflow/.local/lib/python3.8/site-packages/airflow/example_dags/example_sla_dag.py for tasks to queue
[2024-02-21T13:38:45.941+0000] {logging_mixin.py:188} INFO - [2024-02-21T13:38:45.940+0000] {dagbag.py:538} INFO - Filling up the DagBag from /home/airflow/.local/lib/python3.8/site-packages/airflow/example_dags/example_sla_dag.py
[2024-02-21T13:38:45.955+0000] {processor.py:840} INFO - DAG(s) 'example_sla_dag' retrieved from /home/airflow/.local/lib/python3.8/site-packages/airflow/example_dags/example_sla_dag.py
[2024-02-21T13:38:46.190+0000] {logging_mixin.py:188} INFO - [2024-02-21T13:38:46.190+0000] {dag.py:3036} INFO - Sync 1 DAGs
[2024-02-21T13:38:46.224+0000] {logging_mixin.py:188} INFO - [2024-02-21T13:38:46.223+0000] {dag.py:3823} INFO - Setting next_dagrun for example_sla_dag to 2024-02-21 13:36:00+00:00, run_after=2024-02-21 13:38:00+00:00
[2024-02-21T13:38:46.248+0000] {processor.py:183} INFO - Processing /home/airflow/.local/lib/python3.8/site-packages/airflow/example_dags/example_sla_dag.py took 0.318 seconds
