[2024-02-21T13:15:03.548+0000] {processor.py:161} INFO - Started process (PID=77) to work on /home/airflow/.local/lib/python3.8/site-packages/airflow/example_dags/example_xcom.py
[2024-02-21T13:15:03.550+0000] {processor.py:830} INFO - Processing file /home/airflow/.local/lib/python3.8/site-packages/airflow/example_dags/example_xcom.py for tasks to queue
[2024-02-21T13:15:03.554+0000] {logging_mixin.py:188} INFO - [2024-02-21T13:15:03.553+0000] {dagbag.py:538} INFO - Filling up the DagBag from /home/airflow/.local/lib/python3.8/site-packages/airflow/example_dags/example_xcom.py
[2024-02-21T13:15:03.568+0000] {processor.py:840} INFO - DAG(s) 'example_xcom' retrieved from /home/airflow/.local/lib/python3.8/site-packages/airflow/example_dags/example_xcom.py
[2024-02-21T13:15:03.736+0000] {logging_mixin.py:188} INFO - [2024-02-21T13:15:03.735+0000] {override.py:1769} INFO - Created Permission View: can read on DAG:example_xcom
[2024-02-21T13:15:03.752+0000] {logging_mixin.py:188} INFO - [2024-02-21T13:15:03.751+0000] {override.py:1769} INFO - Created Permission View: can edit on DAG:example_xcom
[2024-02-21T13:15:03.762+0000] {logging_mixin.py:188} INFO - [2024-02-21T13:15:03.762+0000] {override.py:1769} INFO - Created Permission View: can delete on DAG:example_xcom
[2024-02-21T13:15:03.763+0000] {logging_mixin.py:188} INFO - [2024-02-21T13:15:03.763+0000] {dag.py:3036} INFO - Sync 1 DAGs
[2024-02-21T13:15:03.778+0000] {logging_mixin.py:188} INFO - [2024-02-21T13:15:03.778+0000] {dag.py:3058} INFO - Creating ORM DAG for example_xcom
[2024-02-21T13:15:03.794+0000] {logging_mixin.py:188} INFO - [2024-02-21T13:15:03.793+0000] {dag.py:3823} INFO - Setting next_dagrun for example_xcom to 2021-01-01 00:00:00+00:00, run_after=2021-01-01 00:00:00+00:00
[2024-02-21T13:15:03.817+0000] {processor.py:183} INFO - Processing /home/airflow/.local/lib/python3.8/site-packages/airflow/example_dags/example_xcom.py took 0.274 seconds
[2024-02-21T13:15:34.180+0000] {processor.py:161} INFO - Started process (PID=130) to work on /home/airflow/.local/lib/python3.8/site-packages/airflow/example_dags/example_xcom.py
[2024-02-21T13:15:34.187+0000] {processor.py:830} INFO - Processing file /home/airflow/.local/lib/python3.8/site-packages/airflow/example_dags/example_xcom.py for tasks to queue
[2024-02-21T13:15:34.190+0000] {logging_mixin.py:188} INFO - [2024-02-21T13:15:34.190+0000] {dagbag.py:538} INFO - Filling up the DagBag from /home/airflow/.local/lib/python3.8/site-packages/airflow/example_dags/example_xcom.py
[2024-02-21T13:15:34.202+0000] {processor.py:840} INFO - DAG(s) 'example_xcom' retrieved from /home/airflow/.local/lib/python3.8/site-packages/airflow/example_dags/example_xcom.py
[2024-02-21T13:15:34.234+0000] {logging_mixin.py:188} INFO - [2024-02-21T13:15:34.234+0000] {dag.py:3036} INFO - Sync 1 DAGs
[2024-02-21T13:15:34.266+0000] {logging_mixin.py:188} INFO - [2024-02-21T13:15:34.265+0000] {dag.py:3823} INFO - Setting next_dagrun for example_xcom to 2021-01-01 00:00:00+00:00, run_after=2021-01-01 00:00:00+00:00
[2024-02-21T13:15:34.291+0000] {processor.py:183} INFO - Processing /home/airflow/.local/lib/python3.8/site-packages/airflow/example_dags/example_xcom.py took 0.116 seconds
[2024-02-21T13:16:04.871+0000] {processor.py:161} INFO - Started process (PID=185) to work on /home/airflow/.local/lib/python3.8/site-packages/airflow/example_dags/example_xcom.py
[2024-02-21T13:16:04.877+0000] {processor.py:830} INFO - Processing file /home/airflow/.local/lib/python3.8/site-packages/airflow/example_dags/example_xcom.py for tasks to queue
[2024-02-21T13:16:04.883+0000] {logging_mixin.py:188} INFO - [2024-02-21T13:16:04.882+0000] {dagbag.py:538} INFO - Filling up the DagBag from /home/airflow/.local/lib/python3.8/site-packages/airflow/example_dags/example_xcom.py
[2024-02-21T13:16:04.908+0000] {processor.py:840} INFO - DAG(s) 'example_xcom' retrieved from /home/airflow/.local/lib/python3.8/site-packages/airflow/example_dags/example_xcom.py
[2024-02-21T13:16:04.969+0000] {logging_mixin.py:188} INFO - [2024-02-21T13:16:04.968+0000] {dag.py:3036} INFO - Sync 1 DAGs
[2024-02-21T13:16:05.016+0000] {logging_mixin.py:188} INFO - [2024-02-21T13:16:05.015+0000] {dag.py:3823} INFO - Setting next_dagrun for example_xcom to 2021-01-01 00:00:00+00:00, run_after=2021-01-01 00:00:00+00:00
[2024-02-21T13:16:05.047+0000] {processor.py:183} INFO - Processing /home/airflow/.local/lib/python3.8/site-packages/airflow/example_dags/example_xcom.py took 0.184 seconds
[2024-02-21T13:16:35.867+0000] {processor.py:161} INFO - Started process (PID=241) to work on /home/airflow/.local/lib/python3.8/site-packages/airflow/example_dags/example_xcom.py
[2024-02-21T13:16:35.869+0000] {processor.py:830} INFO - Processing file /home/airflow/.local/lib/python3.8/site-packages/airflow/example_dags/example_xcom.py for tasks to queue
[2024-02-21T13:16:35.872+0000] {logging_mixin.py:188} INFO - [2024-02-21T13:16:35.872+0000] {dagbag.py:538} INFO - Filling up the DagBag from /home/airflow/.local/lib/python3.8/site-packages/airflow/example_dags/example_xcom.py
[2024-02-21T13:16:35.885+0000] {processor.py:840} INFO - DAG(s) 'example_xcom' retrieved from /home/airflow/.local/lib/python3.8/site-packages/airflow/example_dags/example_xcom.py
[2024-02-21T13:16:35.919+0000] {logging_mixin.py:188} INFO - [2024-02-21T13:16:35.919+0000] {dag.py:3036} INFO - Sync 1 DAGs
[2024-02-21T13:16:35.957+0000] {logging_mixin.py:188} INFO - [2024-02-21T13:16:35.957+0000] {dag.py:3823} INFO - Setting next_dagrun for example_xcom to 2021-01-01 00:00:00+00:00, run_after=2021-01-01 00:00:00+00:00
[2024-02-21T13:16:35.997+0000] {processor.py:183} INFO - Processing /home/airflow/.local/lib/python3.8/site-packages/airflow/example_dags/example_xcom.py took 0.136 seconds
[2024-02-21T13:17:06.236+0000] {processor.py:161} INFO - Started process (PID=295) to work on /home/airflow/.local/lib/python3.8/site-packages/airflow/example_dags/example_xcom.py
[2024-02-21T13:17:06.238+0000] {processor.py:830} INFO - Processing file /home/airflow/.local/lib/python3.8/site-packages/airflow/example_dags/example_xcom.py for tasks to queue
[2024-02-21T13:17:06.242+0000] {logging_mixin.py:188} INFO - [2024-02-21T13:17:06.241+0000] {dagbag.py:538} INFO - Filling up the DagBag from /home/airflow/.local/lib/python3.8/site-packages/airflow/example_dags/example_xcom.py
[2024-02-21T13:17:06.255+0000] {processor.py:840} INFO - DAG(s) 'example_xcom' retrieved from /home/airflow/.local/lib/python3.8/site-packages/airflow/example_dags/example_xcom.py
[2024-02-21T13:17:06.289+0000] {logging_mixin.py:188} INFO - [2024-02-21T13:17:06.288+0000] {dag.py:3036} INFO - Sync 1 DAGs
[2024-02-21T13:17:06.325+0000] {logging_mixin.py:188} INFO - [2024-02-21T13:17:06.325+0000] {dag.py:3823} INFO - Setting next_dagrun for example_xcom to 2021-01-01 00:00:00+00:00, run_after=2021-01-01 00:00:00+00:00
[2024-02-21T13:17:06.358+0000] {processor.py:183} INFO - Processing /home/airflow/.local/lib/python3.8/site-packages/airflow/example_dags/example_xcom.py took 0.128 seconds
[2024-02-21T13:17:36.505+0000] {processor.py:161} INFO - Started process (PID=351) to work on /home/airflow/.local/lib/python3.8/site-packages/airflow/example_dags/example_xcom.py
[2024-02-21T13:17:36.507+0000] {processor.py:830} INFO - Processing file /home/airflow/.local/lib/python3.8/site-packages/airflow/example_dags/example_xcom.py for tasks to queue
[2024-02-21T13:17:36.510+0000] {logging_mixin.py:188} INFO - [2024-02-21T13:17:36.510+0000] {dagbag.py:538} INFO - Filling up the DagBag from /home/airflow/.local/lib/python3.8/site-packages/airflow/example_dags/example_xcom.py
[2024-02-21T13:17:36.523+0000] {processor.py:840} INFO - DAG(s) 'example_xcom' retrieved from /home/airflow/.local/lib/python3.8/site-packages/airflow/example_dags/example_xcom.py
[2024-02-21T13:17:36.558+0000] {logging_mixin.py:188} INFO - [2024-02-21T13:17:36.558+0000] {dag.py:3036} INFO - Sync 1 DAGs
[2024-02-21T13:17:36.592+0000] {logging_mixin.py:188} INFO - [2024-02-21T13:17:36.591+0000] {dag.py:3823} INFO - Setting next_dagrun for example_xcom to 2021-01-01 00:00:00+00:00, run_after=2021-01-01 00:00:00+00:00
[2024-02-21T13:17:36.619+0000] {processor.py:183} INFO - Processing /home/airflow/.local/lib/python3.8/site-packages/airflow/example_dags/example_xcom.py took 0.120 seconds
[2024-02-21T13:18:06.896+0000] {processor.py:161} INFO - Started process (PID=406) to work on /home/airflow/.local/lib/python3.8/site-packages/airflow/example_dags/example_xcom.py
[2024-02-21T13:18:06.897+0000] {processor.py:830} INFO - Processing file /home/airflow/.local/lib/python3.8/site-packages/airflow/example_dags/example_xcom.py for tasks to queue
[2024-02-21T13:18:06.900+0000] {logging_mixin.py:188} INFO - [2024-02-21T13:18:06.900+0000] {dagbag.py:538} INFO - Filling up the DagBag from /home/airflow/.local/lib/python3.8/site-packages/airflow/example_dags/example_xcom.py
[2024-02-21T13:18:06.912+0000] {processor.py:840} INFO - DAG(s) 'example_xcom' retrieved from /home/airflow/.local/lib/python3.8/site-packages/airflow/example_dags/example_xcom.py
[2024-02-21T13:18:06.945+0000] {logging_mixin.py:188} INFO - [2024-02-21T13:18:06.945+0000] {dag.py:3036} INFO - Sync 1 DAGs
[2024-02-21T13:18:06.978+0000] {logging_mixin.py:188} INFO - [2024-02-21T13:18:06.977+0000] {dag.py:3823} INFO - Setting next_dagrun for example_xcom to 2021-01-01 00:00:00+00:00, run_after=2021-01-01 00:00:00+00:00
[2024-02-21T13:18:07.008+0000] {processor.py:183} INFO - Processing /home/airflow/.local/lib/python3.8/site-packages/airflow/example_dags/example_xcom.py took 0.117 seconds
[2024-02-21T13:18:37.236+0000] {processor.py:161} INFO - Started process (PID=461) to work on /home/airflow/.local/lib/python3.8/site-packages/airflow/example_dags/example_xcom.py
[2024-02-21T13:18:37.238+0000] {processor.py:830} INFO - Processing file /home/airflow/.local/lib/python3.8/site-packages/airflow/example_dags/example_xcom.py for tasks to queue
[2024-02-21T13:18:37.241+0000] {logging_mixin.py:188} INFO - [2024-02-21T13:18:37.241+0000] {dagbag.py:538} INFO - Filling up the DagBag from /home/airflow/.local/lib/python3.8/site-packages/airflow/example_dags/example_xcom.py
[2024-02-21T13:18:37.255+0000] {processor.py:840} INFO - DAG(s) 'example_xcom' retrieved from /home/airflow/.local/lib/python3.8/site-packages/airflow/example_dags/example_xcom.py
[2024-02-21T13:18:37.290+0000] {logging_mixin.py:188} INFO - [2024-02-21T13:18:37.290+0000] {dag.py:3036} INFO - Sync 1 DAGs
[2024-02-21T13:18:37.328+0000] {logging_mixin.py:188} INFO - [2024-02-21T13:18:37.327+0000] {dag.py:3823} INFO - Setting next_dagrun for example_xcom to 2021-01-01 00:00:00+00:00, run_after=2021-01-01 00:00:00+00:00
[2024-02-21T13:18:37.358+0000] {processor.py:183} INFO - Processing /home/airflow/.local/lib/python3.8/site-packages/airflow/example_dags/example_xcom.py took 0.128 seconds
[2024-02-21T13:19:07.562+0000] {processor.py:161} INFO - Started process (PID=516) to work on /home/airflow/.local/lib/python3.8/site-packages/airflow/example_dags/example_xcom.py
[2024-02-21T13:19:07.565+0000] {processor.py:830} INFO - Processing file /home/airflow/.local/lib/python3.8/site-packages/airflow/example_dags/example_xcom.py for tasks to queue
[2024-02-21T13:19:07.568+0000] {logging_mixin.py:188} INFO - [2024-02-21T13:19:07.568+0000] {dagbag.py:538} INFO - Filling up the DagBag from /home/airflow/.local/lib/python3.8/site-packages/airflow/example_dags/example_xcom.py
[2024-02-21T13:19:07.581+0000] {processor.py:840} INFO - DAG(s) 'example_xcom' retrieved from /home/airflow/.local/lib/python3.8/site-packages/airflow/example_dags/example_xcom.py
[2024-02-21T13:19:07.619+0000] {logging_mixin.py:188} INFO - [2024-02-21T13:19:07.618+0000] {dag.py:3036} INFO - Sync 1 DAGs
[2024-02-21T13:19:07.653+0000] {logging_mixin.py:188} INFO - [2024-02-21T13:19:07.652+0000] {dag.py:3823} INFO - Setting next_dagrun for example_xcom to 2021-01-01 00:00:00+00:00, run_after=2021-01-01 00:00:00+00:00
[2024-02-21T13:19:07.682+0000] {processor.py:183} INFO - Processing /home/airflow/.local/lib/python3.8/site-packages/airflow/example_dags/example_xcom.py took 0.125 seconds
[2024-02-21T13:19:37.868+0000] {processor.py:161} INFO - Started process (PID=571) to work on /home/airflow/.local/lib/python3.8/site-packages/airflow/example_dags/example_xcom.py
[2024-02-21T13:19:37.870+0000] {processor.py:830} INFO - Processing file /home/airflow/.local/lib/python3.8/site-packages/airflow/example_dags/example_xcom.py for tasks to queue
[2024-02-21T13:19:37.873+0000] {logging_mixin.py:188} INFO - [2024-02-21T13:19:37.872+0000] {dagbag.py:538} INFO - Filling up the DagBag from /home/airflow/.local/lib/python3.8/site-packages/airflow/example_dags/example_xcom.py
[2024-02-21T13:19:37.886+0000] {processor.py:840} INFO - DAG(s) 'example_xcom' retrieved from /home/airflow/.local/lib/python3.8/site-packages/airflow/example_dags/example_xcom.py
[2024-02-21T13:19:37.920+0000] {logging_mixin.py:188} INFO - [2024-02-21T13:19:37.920+0000] {dag.py:3036} INFO - Sync 1 DAGs
[2024-02-21T13:19:37.953+0000] {logging_mixin.py:188} INFO - [2024-02-21T13:19:37.952+0000] {dag.py:3823} INFO - Setting next_dagrun for example_xcom to 2021-01-01 00:00:00+00:00, run_after=2021-01-01 00:00:00+00:00
[2024-02-21T13:19:37.981+0000] {processor.py:183} INFO - Processing /home/airflow/.local/lib/python3.8/site-packages/airflow/example_dags/example_xcom.py took 0.118 seconds
[2024-02-21T13:20:08.665+0000] {processor.py:161} INFO - Started process (PID=626) to work on /home/airflow/.local/lib/python3.8/site-packages/airflow/example_dags/example_xcom.py
[2024-02-21T13:20:08.667+0000] {processor.py:830} INFO - Processing file /home/airflow/.local/lib/python3.8/site-packages/airflow/example_dags/example_xcom.py for tasks to queue
[2024-02-21T13:20:08.670+0000] {logging_mixin.py:188} INFO - [2024-02-21T13:20:08.670+0000] {dagbag.py:538} INFO - Filling up the DagBag from /home/airflow/.local/lib/python3.8/site-packages/airflow/example_dags/example_xcom.py
[2024-02-21T13:20:08.683+0000] {processor.py:840} INFO - DAG(s) 'example_xcom' retrieved from /home/airflow/.local/lib/python3.8/site-packages/airflow/example_dags/example_xcom.py
[2024-02-21T13:20:08.715+0000] {logging_mixin.py:188} INFO - [2024-02-21T13:20:08.715+0000] {dag.py:3036} INFO - Sync 1 DAGs
[2024-02-21T13:20:08.780+0000] {logging_mixin.py:188} INFO - [2024-02-21T13:20:08.780+0000] {dag.py:3823} INFO - Setting next_dagrun for example_xcom to 2021-01-01 00:00:00+00:00, run_after=2021-01-01 00:00:00+00:00
[2024-02-21T13:20:08.814+0000] {processor.py:183} INFO - Processing /home/airflow/.local/lib/python3.8/site-packages/airflow/example_dags/example_xcom.py took 0.156 seconds
[2024-02-21T13:20:39.708+0000] {processor.py:161} INFO - Started process (PID=680) to work on /home/airflow/.local/lib/python3.8/site-packages/airflow/example_dags/example_xcom.py
[2024-02-21T13:20:39.710+0000] {processor.py:830} INFO - Processing file /home/airflow/.local/lib/python3.8/site-packages/airflow/example_dags/example_xcom.py for tasks to queue
[2024-02-21T13:20:39.715+0000] {logging_mixin.py:188} INFO - [2024-02-21T13:20:39.714+0000] {dagbag.py:538} INFO - Filling up the DagBag from /home/airflow/.local/lib/python3.8/site-packages/airflow/example_dags/example_xcom.py
[2024-02-21T13:20:39.733+0000] {processor.py:840} INFO - DAG(s) 'example_xcom' retrieved from /home/airflow/.local/lib/python3.8/site-packages/airflow/example_dags/example_xcom.py
[2024-02-21T13:20:39.770+0000] {logging_mixin.py:188} INFO - [2024-02-21T13:20:39.769+0000] {dag.py:3036} INFO - Sync 1 DAGs
[2024-02-21T13:20:39.805+0000] {logging_mixin.py:188} INFO - [2024-02-21T13:20:39.805+0000] {dag.py:3823} INFO - Setting next_dagrun for example_xcom to 2021-01-01 00:00:00+00:00, run_after=2021-01-01 00:00:00+00:00
[2024-02-21T13:20:39.834+0000] {processor.py:183} INFO - Processing /home/airflow/.local/lib/python3.8/site-packages/airflow/example_dags/example_xcom.py took 0.132 seconds
[2024-02-21T13:21:10.290+0000] {processor.py:161} INFO - Started process (PID=736) to work on /home/airflow/.local/lib/python3.8/site-packages/airflow/example_dags/example_xcom.py
[2024-02-21T13:21:10.293+0000] {processor.py:830} INFO - Processing file /home/airflow/.local/lib/python3.8/site-packages/airflow/example_dags/example_xcom.py for tasks to queue
[2024-02-21T13:21:10.297+0000] {logging_mixin.py:188} INFO - [2024-02-21T13:21:10.296+0000] {dagbag.py:538} INFO - Filling up the DagBag from /home/airflow/.local/lib/python3.8/site-packages/airflow/example_dags/example_xcom.py
[2024-02-21T13:21:10.314+0000] {processor.py:840} INFO - DAG(s) 'example_xcom' retrieved from /home/airflow/.local/lib/python3.8/site-packages/airflow/example_dags/example_xcom.py
[2024-02-21T13:21:10.362+0000] {logging_mixin.py:188} INFO - [2024-02-21T13:21:10.361+0000] {dag.py:3036} INFO - Sync 1 DAGs
[2024-02-21T13:21:10.408+0000] {logging_mixin.py:188} INFO - [2024-02-21T13:21:10.407+0000] {dag.py:3823} INFO - Setting next_dagrun for example_xcom to 2021-01-01 00:00:00+00:00, run_after=2021-01-01 00:00:00+00:00
[2024-02-21T13:21:10.473+0000] {processor.py:183} INFO - Processing /home/airflow/.local/lib/python3.8/site-packages/airflow/example_dags/example_xcom.py took 0.190 seconds
[2024-02-21T13:21:41.323+0000] {processor.py:161} INFO - Started process (PID=790) to work on /home/airflow/.local/lib/python3.8/site-packages/airflow/example_dags/example_xcom.py
[2024-02-21T13:21:41.325+0000] {processor.py:830} INFO - Processing file /home/airflow/.local/lib/python3.8/site-packages/airflow/example_dags/example_xcom.py for tasks to queue
[2024-02-21T13:21:41.328+0000] {logging_mixin.py:188} INFO - [2024-02-21T13:21:41.327+0000] {dagbag.py:538} INFO - Filling up the DagBag from /home/airflow/.local/lib/python3.8/site-packages/airflow/example_dags/example_xcom.py
[2024-02-21T13:21:41.340+0000] {processor.py:840} INFO - DAG(s) 'example_xcom' retrieved from /home/airflow/.local/lib/python3.8/site-packages/airflow/example_dags/example_xcom.py
[2024-02-21T13:21:41.373+0000] {logging_mixin.py:188} INFO - [2024-02-21T13:21:41.373+0000] {dag.py:3036} INFO - Sync 1 DAGs
[2024-02-21T13:21:41.406+0000] {logging_mixin.py:188} INFO - [2024-02-21T13:21:41.405+0000] {dag.py:3823} INFO - Setting next_dagrun for example_xcom to 2021-01-01 00:00:00+00:00, run_after=2021-01-01 00:00:00+00:00
[2024-02-21T13:21:41.435+0000] {processor.py:183} INFO - Processing /home/airflow/.local/lib/python3.8/site-packages/airflow/example_dags/example_xcom.py took 0.118 seconds
[2024-02-21T13:22:12.349+0000] {processor.py:161} INFO - Started process (PID=845) to work on /home/airflow/.local/lib/python3.8/site-packages/airflow/example_dags/example_xcom.py
[2024-02-21T13:22:12.355+0000] {processor.py:830} INFO - Processing file /home/airflow/.local/lib/python3.8/site-packages/airflow/example_dags/example_xcom.py for tasks to queue
[2024-02-21T13:22:12.359+0000] {logging_mixin.py:188} INFO - [2024-02-21T13:22:12.359+0000] {dagbag.py:538} INFO - Filling up the DagBag from /home/airflow/.local/lib/python3.8/site-packages/airflow/example_dags/example_xcom.py
[2024-02-21T13:22:12.373+0000] {processor.py:840} INFO - DAG(s) 'example_xcom' retrieved from /home/airflow/.local/lib/python3.8/site-packages/airflow/example_dags/example_xcom.py
[2024-02-21T13:22:12.410+0000] {logging_mixin.py:188} INFO - [2024-02-21T13:22:12.410+0000] {dag.py:3036} INFO - Sync 1 DAGs
[2024-02-21T13:22:12.444+0000] {logging_mixin.py:188} INFO - [2024-02-21T13:22:12.444+0000] {dag.py:3823} INFO - Setting next_dagrun for example_xcom to 2021-01-01 00:00:00+00:00, run_after=2021-01-01 00:00:00+00:00
[2024-02-21T13:22:12.476+0000] {processor.py:183} INFO - Processing /home/airflow/.local/lib/python3.8/site-packages/airflow/example_dags/example_xcom.py took 0.133 seconds
[2024-02-21T13:22:42.871+0000] {processor.py:161} INFO - Started process (PID=900) to work on /home/airflow/.local/lib/python3.8/site-packages/airflow/example_dags/example_xcom.py
[2024-02-21T13:22:42.873+0000] {processor.py:830} INFO - Processing file /home/airflow/.local/lib/python3.8/site-packages/airflow/example_dags/example_xcom.py for tasks to queue
[2024-02-21T13:22:42.876+0000] {logging_mixin.py:188} INFO - [2024-02-21T13:22:42.875+0000] {dagbag.py:538} INFO - Filling up the DagBag from /home/airflow/.local/lib/python3.8/site-packages/airflow/example_dags/example_xcom.py
[2024-02-21T13:22:42.888+0000] {processor.py:840} INFO - DAG(s) 'example_xcom' retrieved from /home/airflow/.local/lib/python3.8/site-packages/airflow/example_dags/example_xcom.py
[2024-02-21T13:22:42.922+0000] {logging_mixin.py:188} INFO - [2024-02-21T13:22:42.922+0000] {dag.py:3036} INFO - Sync 1 DAGs
[2024-02-21T13:22:42.955+0000] {logging_mixin.py:188} INFO - [2024-02-21T13:22:42.955+0000] {dag.py:3823} INFO - Setting next_dagrun for example_xcom to 2021-01-01 00:00:00+00:00, run_after=2021-01-01 00:00:00+00:00
[2024-02-21T13:22:42.986+0000] {processor.py:183} INFO - Processing /home/airflow/.local/lib/python3.8/site-packages/airflow/example_dags/example_xcom.py took 0.121 seconds
[2024-02-21T13:23:13.077+0000] {processor.py:161} INFO - Started process (PID=955) to work on /home/airflow/.local/lib/python3.8/site-packages/airflow/example_dags/example_xcom.py
[2024-02-21T13:23:13.080+0000] {processor.py:830} INFO - Processing file /home/airflow/.local/lib/python3.8/site-packages/airflow/example_dags/example_xcom.py for tasks to queue
[2024-02-21T13:23:13.084+0000] {logging_mixin.py:188} INFO - [2024-02-21T13:23:13.084+0000] {dagbag.py:538} INFO - Filling up the DagBag from /home/airflow/.local/lib/python3.8/site-packages/airflow/example_dags/example_xcom.py
[2024-02-21T13:23:13.103+0000] {processor.py:840} INFO - DAG(s) 'example_xcom' retrieved from /home/airflow/.local/lib/python3.8/site-packages/airflow/example_dags/example_xcom.py
[2024-02-21T13:23:13.145+0000] {logging_mixin.py:188} INFO - [2024-02-21T13:23:13.145+0000] {dag.py:3036} INFO - Sync 1 DAGs
[2024-02-21T13:23:13.211+0000] {logging_mixin.py:188} INFO - [2024-02-21T13:23:13.211+0000] {dag.py:3823} INFO - Setting next_dagrun for example_xcom to 2021-01-01 00:00:00+00:00, run_after=2021-01-01 00:00:00+00:00
[2024-02-21T13:23:13.246+0000] {processor.py:183} INFO - Processing /home/airflow/.local/lib/python3.8/site-packages/airflow/example_dags/example_xcom.py took 0.174 seconds
[2024-02-21T13:23:43.351+0000] {processor.py:161} INFO - Started process (PID=1010) to work on /home/airflow/.local/lib/python3.8/site-packages/airflow/example_dags/example_xcom.py
[2024-02-21T13:23:43.354+0000] {processor.py:830} INFO - Processing file /home/airflow/.local/lib/python3.8/site-packages/airflow/example_dags/example_xcom.py for tasks to queue
[2024-02-21T13:23:43.357+0000] {logging_mixin.py:188} INFO - [2024-02-21T13:23:43.357+0000] {dagbag.py:538} INFO - Filling up the DagBag from /home/airflow/.local/lib/python3.8/site-packages/airflow/example_dags/example_xcom.py
[2024-02-21T13:23:43.370+0000] {processor.py:840} INFO - DAG(s) 'example_xcom' retrieved from /home/airflow/.local/lib/python3.8/site-packages/airflow/example_dags/example_xcom.py
[2024-02-21T13:23:43.405+0000] {logging_mixin.py:188} INFO - [2024-02-21T13:23:43.405+0000] {dag.py:3036} INFO - Sync 1 DAGs
[2024-02-21T13:23:43.473+0000] {logging_mixin.py:188} INFO - [2024-02-21T13:23:43.473+0000] {dag.py:3823} INFO - Setting next_dagrun for example_xcom to 2021-01-01 00:00:00+00:00, run_after=2021-01-01 00:00:00+00:00
[2024-02-21T13:23:43.509+0000] {processor.py:183} INFO - Processing /home/airflow/.local/lib/python3.8/site-packages/airflow/example_dags/example_xcom.py took 0.164 seconds
[2024-02-21T13:24:14.052+0000] {processor.py:161} INFO - Started process (PID=1065) to work on /home/airflow/.local/lib/python3.8/site-packages/airflow/example_dags/example_xcom.py
[2024-02-21T13:24:14.054+0000] {processor.py:830} INFO - Processing file /home/airflow/.local/lib/python3.8/site-packages/airflow/example_dags/example_xcom.py for tasks to queue
[2024-02-21T13:24:14.057+0000] {logging_mixin.py:188} INFO - [2024-02-21T13:24:14.056+0000] {dagbag.py:538} INFO - Filling up the DagBag from /home/airflow/.local/lib/python3.8/site-packages/airflow/example_dags/example_xcom.py
[2024-02-21T13:24:14.073+0000] {processor.py:840} INFO - DAG(s) 'example_xcom' retrieved from /home/airflow/.local/lib/python3.8/site-packages/airflow/example_dags/example_xcom.py
[2024-02-21T13:24:14.115+0000] {logging_mixin.py:188} INFO - [2024-02-21T13:24:14.115+0000] {dag.py:3036} INFO - Sync 1 DAGs
[2024-02-21T13:24:14.157+0000] {logging_mixin.py:188} INFO - [2024-02-21T13:24:14.156+0000] {dag.py:3823} INFO - Setting next_dagrun for example_xcom to 2021-01-01 00:00:00+00:00, run_after=2021-01-01 00:00:00+00:00
[2024-02-21T13:24:14.218+0000] {processor.py:183} INFO - Processing /home/airflow/.local/lib/python3.8/site-packages/airflow/example_dags/example_xcom.py took 0.172 seconds
[2024-02-21T13:24:44.713+0000] {processor.py:161} INFO - Started process (PID=1120) to work on /home/airflow/.local/lib/python3.8/site-packages/airflow/example_dags/example_xcom.py
[2024-02-21T13:24:44.716+0000] {processor.py:830} INFO - Processing file /home/airflow/.local/lib/python3.8/site-packages/airflow/example_dags/example_xcom.py for tasks to queue
[2024-02-21T13:24:44.719+0000] {logging_mixin.py:188} INFO - [2024-02-21T13:24:44.719+0000] {dagbag.py:538} INFO - Filling up the DagBag from /home/airflow/.local/lib/python3.8/site-packages/airflow/example_dags/example_xcom.py
[2024-02-21T13:24:44.735+0000] {processor.py:840} INFO - DAG(s) 'example_xcom' retrieved from /home/airflow/.local/lib/python3.8/site-packages/airflow/example_dags/example_xcom.py
[2024-02-21T13:24:44.774+0000] {logging_mixin.py:188} INFO - [2024-02-21T13:24:44.773+0000] {dag.py:3036} INFO - Sync 1 DAGs
[2024-02-21T13:24:44.807+0000] {logging_mixin.py:188} INFO - [2024-02-21T13:24:44.807+0000] {dag.py:3823} INFO - Setting next_dagrun for example_xcom to 2021-01-01 00:00:00+00:00, run_after=2021-01-01 00:00:00+00:00
[2024-02-21T13:24:44.838+0000] {processor.py:183} INFO - Processing /home/airflow/.local/lib/python3.8/site-packages/airflow/example_dags/example_xcom.py took 0.131 seconds
[2024-02-21T13:25:15.111+0000] {processor.py:161} INFO - Started process (PID=1176) to work on /home/airflow/.local/lib/python3.8/site-packages/airflow/example_dags/example_xcom.py
[2024-02-21T13:25:15.113+0000] {processor.py:830} INFO - Processing file /home/airflow/.local/lib/python3.8/site-packages/airflow/example_dags/example_xcom.py for tasks to queue
[2024-02-21T13:25:15.117+0000] {logging_mixin.py:188} INFO - [2024-02-21T13:25:15.117+0000] {dagbag.py:538} INFO - Filling up the DagBag from /home/airflow/.local/lib/python3.8/site-packages/airflow/example_dags/example_xcom.py
[2024-02-21T13:25:15.136+0000] {processor.py:840} INFO - DAG(s) 'example_xcom' retrieved from /home/airflow/.local/lib/python3.8/site-packages/airflow/example_dags/example_xcom.py
[2024-02-21T13:25:15.173+0000] {logging_mixin.py:188} INFO - [2024-02-21T13:25:15.173+0000] {dag.py:3036} INFO - Sync 1 DAGs
[2024-02-21T13:25:15.208+0000] {logging_mixin.py:188} INFO - [2024-02-21T13:25:15.207+0000] {dag.py:3823} INFO - Setting next_dagrun for example_xcom to 2021-01-01 00:00:00+00:00, run_after=2021-01-01 00:00:00+00:00
[2024-02-21T13:25:15.243+0000] {processor.py:183} INFO - Processing /home/airflow/.local/lib/python3.8/site-packages/airflow/example_dags/example_xcom.py took 0.138 seconds
[2024-02-21T13:25:45.340+0000] {processor.py:161} INFO - Started process (PID=1231) to work on /home/airflow/.local/lib/python3.8/site-packages/airflow/example_dags/example_xcom.py
[2024-02-21T13:25:45.341+0000] {processor.py:830} INFO - Processing file /home/airflow/.local/lib/python3.8/site-packages/airflow/example_dags/example_xcom.py for tasks to queue
[2024-02-21T13:25:45.346+0000] {logging_mixin.py:188} INFO - [2024-02-21T13:25:45.345+0000] {dagbag.py:538} INFO - Filling up the DagBag from /home/airflow/.local/lib/python3.8/site-packages/airflow/example_dags/example_xcom.py
[2024-02-21T13:25:45.359+0000] {processor.py:840} INFO - DAG(s) 'example_xcom' retrieved from /home/airflow/.local/lib/python3.8/site-packages/airflow/example_dags/example_xcom.py
[2024-02-21T13:25:45.403+0000] {logging_mixin.py:188} INFO - [2024-02-21T13:25:45.403+0000] {dag.py:3036} INFO - Sync 1 DAGs
[2024-02-21T13:25:45.449+0000] {logging_mixin.py:188} INFO - [2024-02-21T13:25:45.449+0000] {dag.py:3823} INFO - Setting next_dagrun for example_xcom to 2021-01-01 00:00:00+00:00, run_after=2021-01-01 00:00:00+00:00
[2024-02-21T13:25:45.486+0000] {processor.py:183} INFO - Processing /home/airflow/.local/lib/python3.8/site-packages/airflow/example_dags/example_xcom.py took 0.155 seconds
[2024-02-21T13:26:15.687+0000] {processor.py:161} INFO - Started process (PID=1286) to work on /home/airflow/.local/lib/python3.8/site-packages/airflow/example_dags/example_xcom.py
[2024-02-21T13:26:15.690+0000] {processor.py:830} INFO - Processing file /home/airflow/.local/lib/python3.8/site-packages/airflow/example_dags/example_xcom.py for tasks to queue
[2024-02-21T13:26:15.694+0000] {logging_mixin.py:188} INFO - [2024-02-21T13:26:15.693+0000] {dagbag.py:538} INFO - Filling up the DagBag from /home/airflow/.local/lib/python3.8/site-packages/airflow/example_dags/example_xcom.py
[2024-02-21T13:26:15.711+0000] {processor.py:840} INFO - DAG(s) 'example_xcom' retrieved from /home/airflow/.local/lib/python3.8/site-packages/airflow/example_dags/example_xcom.py
[2024-02-21T13:26:15.746+0000] {logging_mixin.py:188} INFO - [2024-02-21T13:26:15.746+0000] {dag.py:3036} INFO - Sync 1 DAGs
[2024-02-21T13:26:15.781+0000] {logging_mixin.py:188} INFO - [2024-02-21T13:26:15.781+0000] {dag.py:3823} INFO - Setting next_dagrun for example_xcom to 2021-01-01 00:00:00+00:00, run_after=2021-01-01 00:00:00+00:00
[2024-02-21T13:26:15.812+0000] {processor.py:183} INFO - Processing /home/airflow/.local/lib/python3.8/site-packages/airflow/example_dags/example_xcom.py took 0.132 seconds
[2024-02-21T13:26:46.077+0000] {processor.py:161} INFO - Started process (PID=1342) to work on /home/airflow/.local/lib/python3.8/site-packages/airflow/example_dags/example_xcom.py
[2024-02-21T13:26:46.080+0000] {processor.py:830} INFO - Processing file /home/airflow/.local/lib/python3.8/site-packages/airflow/example_dags/example_xcom.py for tasks to queue
[2024-02-21T13:26:46.083+0000] {logging_mixin.py:188} INFO - [2024-02-21T13:26:46.082+0000] {dagbag.py:538} INFO - Filling up the DagBag from /home/airflow/.local/lib/python3.8/site-packages/airflow/example_dags/example_xcom.py
[2024-02-21T13:26:46.095+0000] {processor.py:840} INFO - DAG(s) 'example_xcom' retrieved from /home/airflow/.local/lib/python3.8/site-packages/airflow/example_dags/example_xcom.py
[2024-02-21T13:26:46.129+0000] {logging_mixin.py:188} INFO - [2024-02-21T13:26:46.129+0000] {dag.py:3036} INFO - Sync 1 DAGs
[2024-02-21T13:26:46.163+0000] {logging_mixin.py:188} INFO - [2024-02-21T13:26:46.163+0000] {dag.py:3823} INFO - Setting next_dagrun for example_xcom to 2021-01-01 00:00:00+00:00, run_after=2021-01-01 00:00:00+00:00
[2024-02-21T13:26:46.191+0000] {processor.py:183} INFO - Processing /home/airflow/.local/lib/python3.8/site-packages/airflow/example_dags/example_xcom.py took 0.119 seconds
[2024-02-21T13:27:17.109+0000] {processor.py:161} INFO - Started process (PID=1397) to work on /home/airflow/.local/lib/python3.8/site-packages/airflow/example_dags/example_xcom.py
[2024-02-21T13:27:17.112+0000] {processor.py:830} INFO - Processing file /home/airflow/.local/lib/python3.8/site-packages/airflow/example_dags/example_xcom.py for tasks to queue
[2024-02-21T13:27:17.115+0000] {logging_mixin.py:188} INFO - [2024-02-21T13:27:17.114+0000] {dagbag.py:538} INFO - Filling up the DagBag from /home/airflow/.local/lib/python3.8/site-packages/airflow/example_dags/example_xcom.py
[2024-02-21T13:27:17.129+0000] {processor.py:840} INFO - DAG(s) 'example_xcom' retrieved from /home/airflow/.local/lib/python3.8/site-packages/airflow/example_dags/example_xcom.py
[2024-02-21T13:27:17.169+0000] {logging_mixin.py:188} INFO - [2024-02-21T13:27:17.169+0000] {dag.py:3036} INFO - Sync 1 DAGs
[2024-02-21T13:27:17.205+0000] {logging_mixin.py:188} INFO - [2024-02-21T13:27:17.205+0000] {dag.py:3823} INFO - Setting next_dagrun for example_xcom to 2021-01-01 00:00:00+00:00, run_after=2021-01-01 00:00:00+00:00
[2024-02-21T13:27:17.233+0000] {processor.py:183} INFO - Processing /home/airflow/.local/lib/python3.8/site-packages/airflow/example_dags/example_xcom.py took 0.131 seconds
[2024-02-21T13:27:47.356+0000] {processor.py:161} INFO - Started process (PID=1453) to work on /home/airflow/.local/lib/python3.8/site-packages/airflow/example_dags/example_xcom.py
[2024-02-21T13:27:47.357+0000] {processor.py:830} INFO - Processing file /home/airflow/.local/lib/python3.8/site-packages/airflow/example_dags/example_xcom.py for tasks to queue
[2024-02-21T13:27:47.360+0000] {logging_mixin.py:188} INFO - [2024-02-21T13:27:47.360+0000] {dagbag.py:538} INFO - Filling up the DagBag from /home/airflow/.local/lib/python3.8/site-packages/airflow/example_dags/example_xcom.py
[2024-02-21T13:27:47.374+0000] {processor.py:840} INFO - DAG(s) 'example_xcom' retrieved from /home/airflow/.local/lib/python3.8/site-packages/airflow/example_dags/example_xcom.py
[2024-02-21T13:27:47.408+0000] {logging_mixin.py:188} INFO - [2024-02-21T13:27:47.408+0000] {dag.py:3036} INFO - Sync 1 DAGs
[2024-02-21T13:27:47.441+0000] {logging_mixin.py:188} INFO - [2024-02-21T13:27:47.441+0000] {dag.py:3823} INFO - Setting next_dagrun for example_xcom to 2021-01-01 00:00:00+00:00, run_after=2021-01-01 00:00:00+00:00
[2024-02-21T13:27:47.468+0000] {processor.py:183} INFO - Processing /home/airflow/.local/lib/python3.8/site-packages/airflow/example_dags/example_xcom.py took 0.120 seconds
[2024-02-21T13:28:17.879+0000] {processor.py:161} INFO - Started process (PID=1509) to work on /home/airflow/.local/lib/python3.8/site-packages/airflow/example_dags/example_xcom.py
[2024-02-21T13:28:17.882+0000] {processor.py:830} INFO - Processing file /home/airflow/.local/lib/python3.8/site-packages/airflow/example_dags/example_xcom.py for tasks to queue
[2024-02-21T13:28:17.885+0000] {logging_mixin.py:188} INFO - [2024-02-21T13:28:17.884+0000] {dagbag.py:538} INFO - Filling up the DagBag from /home/airflow/.local/lib/python3.8/site-packages/airflow/example_dags/example_xcom.py
[2024-02-21T13:28:17.897+0000] {processor.py:840} INFO - DAG(s) 'example_xcom' retrieved from /home/airflow/.local/lib/python3.8/site-packages/airflow/example_dags/example_xcom.py
[2024-02-21T13:28:17.940+0000] {logging_mixin.py:188} INFO - [2024-02-21T13:28:17.939+0000] {dag.py:3036} INFO - Sync 1 DAGs
[2024-02-21T13:28:17.971+0000] {logging_mixin.py:188} INFO - [2024-02-21T13:28:17.971+0000] {dag.py:3823} INFO - Setting next_dagrun for example_xcom to 2021-01-01 00:00:00+00:00, run_after=2021-01-01 00:00:00+00:00
[2024-02-21T13:28:17.998+0000] {processor.py:183} INFO - Processing /home/airflow/.local/lib/python3.8/site-packages/airflow/example_dags/example_xcom.py took 0.125 seconds
[2024-02-21T13:28:48.249+0000] {processor.py:161} INFO - Started process (PID=1564) to work on /home/airflow/.local/lib/python3.8/site-packages/airflow/example_dags/example_xcom.py
[2024-02-21T13:28:48.251+0000] {processor.py:830} INFO - Processing file /home/airflow/.local/lib/python3.8/site-packages/airflow/example_dags/example_xcom.py for tasks to queue
[2024-02-21T13:28:48.254+0000] {logging_mixin.py:188} INFO - [2024-02-21T13:28:48.253+0000] {dagbag.py:538} INFO - Filling up the DagBag from /home/airflow/.local/lib/python3.8/site-packages/airflow/example_dags/example_xcom.py
[2024-02-21T13:28:48.268+0000] {processor.py:840} INFO - DAG(s) 'example_xcom' retrieved from /home/airflow/.local/lib/python3.8/site-packages/airflow/example_dags/example_xcom.py
[2024-02-21T13:28:48.304+0000] {logging_mixin.py:188} INFO - [2024-02-21T13:28:48.303+0000] {dag.py:3036} INFO - Sync 1 DAGs
[2024-02-21T13:28:48.335+0000] {logging_mixin.py:188} INFO - [2024-02-21T13:28:48.335+0000] {dag.py:3823} INFO - Setting next_dagrun for example_xcom to 2021-01-01 00:00:00+00:00, run_after=2021-01-01 00:00:00+00:00
[2024-02-21T13:28:48.362+0000] {processor.py:183} INFO - Processing /home/airflow/.local/lib/python3.8/site-packages/airflow/example_dags/example_xcom.py took 0.118 seconds
[2024-02-21T13:29:18.928+0000] {processor.py:161} INFO - Started process (PID=1619) to work on /home/airflow/.local/lib/python3.8/site-packages/airflow/example_dags/example_xcom.py
[2024-02-21T13:29:18.931+0000] {processor.py:830} INFO - Processing file /home/airflow/.local/lib/python3.8/site-packages/airflow/example_dags/example_xcom.py for tasks to queue
[2024-02-21T13:29:18.935+0000] {logging_mixin.py:188} INFO - [2024-02-21T13:29:18.935+0000] {dagbag.py:538} INFO - Filling up the DagBag from /home/airflow/.local/lib/python3.8/site-packages/airflow/example_dags/example_xcom.py
[2024-02-21T13:29:18.952+0000] {processor.py:840} INFO - DAG(s) 'example_xcom' retrieved from /home/airflow/.local/lib/python3.8/site-packages/airflow/example_dags/example_xcom.py
[2024-02-21T13:29:18.989+0000] {logging_mixin.py:188} INFO - [2024-02-21T13:29:18.989+0000] {dag.py:3036} INFO - Sync 1 DAGs
[2024-02-21T13:29:19.031+0000] {logging_mixin.py:188} INFO - [2024-02-21T13:29:19.031+0000] {dag.py:3823} INFO - Setting next_dagrun for example_xcom to 2021-01-01 00:00:00+00:00, run_after=2021-01-01 00:00:00+00:00
[2024-02-21T13:29:19.059+0000] {processor.py:183} INFO - Processing /home/airflow/.local/lib/python3.8/site-packages/airflow/example_dags/example_xcom.py took 0.137 seconds
[2024-02-21T13:29:49.473+0000] {processor.py:161} INFO - Started process (PID=1674) to work on /home/airflow/.local/lib/python3.8/site-packages/airflow/example_dags/example_xcom.py
[2024-02-21T13:29:49.474+0000] {processor.py:830} INFO - Processing file /home/airflow/.local/lib/python3.8/site-packages/airflow/example_dags/example_xcom.py for tasks to queue
[2024-02-21T13:29:49.478+0000] {logging_mixin.py:188} INFO - [2024-02-21T13:29:49.477+0000] {dagbag.py:538} INFO - Filling up the DagBag from /home/airflow/.local/lib/python3.8/site-packages/airflow/example_dags/example_xcom.py
[2024-02-21T13:29:49.495+0000] {processor.py:840} INFO - DAG(s) 'example_xcom' retrieved from /home/airflow/.local/lib/python3.8/site-packages/airflow/example_dags/example_xcom.py
[2024-02-21T13:29:49.530+0000] {logging_mixin.py:188} INFO - [2024-02-21T13:29:49.529+0000] {dag.py:3036} INFO - Sync 1 DAGs
[2024-02-21T13:29:49.563+0000] {logging_mixin.py:188} INFO - [2024-02-21T13:29:49.563+0000] {dag.py:3823} INFO - Setting next_dagrun for example_xcom to 2021-01-01 00:00:00+00:00, run_after=2021-01-01 00:00:00+00:00
[2024-02-21T13:29:49.589+0000] {processor.py:183} INFO - Processing /home/airflow/.local/lib/python3.8/site-packages/airflow/example_dags/example_xcom.py took 0.122 seconds
[2024-02-21T13:30:20.470+0000] {processor.py:161} INFO - Started process (PID=1735) to work on /home/airflow/.local/lib/python3.8/site-packages/airflow/example_dags/example_xcom.py
[2024-02-21T13:30:20.472+0000] {processor.py:830} INFO - Processing file /home/airflow/.local/lib/python3.8/site-packages/airflow/example_dags/example_xcom.py for tasks to queue
[2024-02-21T13:30:20.476+0000] {logging_mixin.py:188} INFO - [2024-02-21T13:30:20.476+0000] {dagbag.py:538} INFO - Filling up the DagBag from /home/airflow/.local/lib/python3.8/site-packages/airflow/example_dags/example_xcom.py
[2024-02-21T13:30:20.504+0000] {processor.py:840} INFO - DAG(s) 'example_xcom' retrieved from /home/airflow/.local/lib/python3.8/site-packages/airflow/example_dags/example_xcom.py
[2024-02-21T13:30:20.570+0000] {logging_mixin.py:188} INFO - [2024-02-21T13:30:20.570+0000] {dag.py:3036} INFO - Sync 1 DAGs
[2024-02-21T13:30:20.628+0000] {logging_mixin.py:188} INFO - [2024-02-21T13:30:20.627+0000] {dag.py:3823} INFO - Setting next_dagrun for example_xcom to 2021-01-01 00:00:00+00:00, run_after=2021-01-01 00:00:00+00:00
[2024-02-21T13:30:20.668+0000] {processor.py:183} INFO - Processing /home/airflow/.local/lib/python3.8/site-packages/airflow/example_dags/example_xcom.py took 0.207 seconds
[2024-02-21T13:30:50.763+0000] {processor.py:161} INFO - Started process (PID=1789) to work on /home/airflow/.local/lib/python3.8/site-packages/airflow/example_dags/example_xcom.py
[2024-02-21T13:30:50.769+0000] {processor.py:830} INFO - Processing file /home/airflow/.local/lib/python3.8/site-packages/airflow/example_dags/example_xcom.py for tasks to queue
[2024-02-21T13:30:50.774+0000] {logging_mixin.py:188} INFO - [2024-02-21T13:30:50.773+0000] {dagbag.py:538} INFO - Filling up the DagBag from /home/airflow/.local/lib/python3.8/site-packages/airflow/example_dags/example_xcom.py
[2024-02-21T13:30:50.795+0000] {processor.py:840} INFO - DAG(s) 'example_xcom' retrieved from /home/airflow/.local/lib/python3.8/site-packages/airflow/example_dags/example_xcom.py
[2024-02-21T13:30:50.838+0000] {logging_mixin.py:188} INFO - [2024-02-21T13:30:50.838+0000] {dag.py:3036} INFO - Sync 1 DAGs
[2024-02-21T13:30:50.871+0000] {logging_mixin.py:188} INFO - [2024-02-21T13:30:50.871+0000] {dag.py:3823} INFO - Setting next_dagrun for example_xcom to 2021-01-01 00:00:00+00:00, run_after=2021-01-01 00:00:00+00:00
[2024-02-21T13:30:50.905+0000] {processor.py:183} INFO - Processing /home/airflow/.local/lib/python3.8/site-packages/airflow/example_dags/example_xcom.py took 0.153 seconds
[2024-02-21T13:31:22.042+0000] {processor.py:161} INFO - Started process (PID=1844) to work on /home/airflow/.local/lib/python3.8/site-packages/airflow/example_dags/example_xcom.py
[2024-02-21T13:31:22.045+0000] {processor.py:830} INFO - Processing file /home/airflow/.local/lib/python3.8/site-packages/airflow/example_dags/example_xcom.py for tasks to queue
[2024-02-21T13:31:22.049+0000] {logging_mixin.py:188} INFO - [2024-02-21T13:31:22.048+0000] {dagbag.py:538} INFO - Filling up the DagBag from /home/airflow/.local/lib/python3.8/site-packages/airflow/example_dags/example_xcom.py
[2024-02-21T13:31:22.067+0000] {processor.py:840} INFO - DAG(s) 'example_xcom' retrieved from /home/airflow/.local/lib/python3.8/site-packages/airflow/example_dags/example_xcom.py
[2024-02-21T13:31:22.114+0000] {logging_mixin.py:188} INFO - [2024-02-21T13:31:22.113+0000] {dag.py:3036} INFO - Sync 1 DAGs
[2024-02-21T13:31:22.165+0000] {logging_mixin.py:188} INFO - [2024-02-21T13:31:22.164+0000] {dag.py:3823} INFO - Setting next_dagrun for example_xcom to 2021-01-01 00:00:00+00:00, run_after=2021-01-01 00:00:00+00:00
[2024-02-21T13:31:22.200+0000] {processor.py:183} INFO - Processing /home/airflow/.local/lib/python3.8/site-packages/airflow/example_dags/example_xcom.py took 0.167 seconds
[2024-02-21T13:31:52.372+0000] {processor.py:161} INFO - Started process (PID=1900) to work on /home/airflow/.local/lib/python3.8/site-packages/airflow/example_dags/example_xcom.py
[2024-02-21T13:31:52.373+0000] {processor.py:830} INFO - Processing file /home/airflow/.local/lib/python3.8/site-packages/airflow/example_dags/example_xcom.py for tasks to queue
[2024-02-21T13:31:52.376+0000] {logging_mixin.py:188} INFO - [2024-02-21T13:31:52.375+0000] {dagbag.py:538} INFO - Filling up the DagBag from /home/airflow/.local/lib/python3.8/site-packages/airflow/example_dags/example_xcom.py
[2024-02-21T13:31:52.389+0000] {processor.py:840} INFO - DAG(s) 'example_xcom' retrieved from /home/airflow/.local/lib/python3.8/site-packages/airflow/example_dags/example_xcom.py
[2024-02-21T13:31:52.428+0000] {logging_mixin.py:188} INFO - [2024-02-21T13:31:52.427+0000] {dag.py:3036} INFO - Sync 1 DAGs
[2024-02-21T13:31:52.477+0000] {logging_mixin.py:188} INFO - [2024-02-21T13:31:52.476+0000] {dag.py:3823} INFO - Setting next_dagrun for example_xcom to 2021-01-01 00:00:00+00:00, run_after=2021-01-01 00:00:00+00:00
[2024-02-21T13:31:52.514+0000] {processor.py:183} INFO - Processing /home/airflow/.local/lib/python3.8/site-packages/airflow/example_dags/example_xcom.py took 0.149 seconds
[2024-02-21T13:32:23.000+0000] {processor.py:161} INFO - Started process (PID=1955) to work on /home/airflow/.local/lib/python3.8/site-packages/airflow/example_dags/example_xcom.py
[2024-02-21T13:32:23.003+0000] {processor.py:830} INFO - Processing file /home/airflow/.local/lib/python3.8/site-packages/airflow/example_dags/example_xcom.py for tasks to queue
[2024-02-21T13:32:23.006+0000] {logging_mixin.py:188} INFO - [2024-02-21T13:32:23.006+0000] {dagbag.py:538} INFO - Filling up the DagBag from /home/airflow/.local/lib/python3.8/site-packages/airflow/example_dags/example_xcom.py
[2024-02-21T13:32:23.020+0000] {processor.py:840} INFO - DAG(s) 'example_xcom' retrieved from /home/airflow/.local/lib/python3.8/site-packages/airflow/example_dags/example_xcom.py
[2024-02-21T13:32:23.054+0000] {logging_mixin.py:188} INFO - [2024-02-21T13:32:23.054+0000] {dag.py:3036} INFO - Sync 1 DAGs
[2024-02-21T13:32:23.087+0000] {logging_mixin.py:188} INFO - [2024-02-21T13:32:23.087+0000] {dag.py:3823} INFO - Setting next_dagrun for example_xcom to 2021-01-01 00:00:00+00:00, run_after=2021-01-01 00:00:00+00:00
[2024-02-21T13:32:23.115+0000] {processor.py:183} INFO - Processing /home/airflow/.local/lib/python3.8/site-packages/airflow/example_dags/example_xcom.py took 0.121 seconds
[2024-02-21T13:32:53.497+0000] {processor.py:161} INFO - Started process (PID=2009) to work on /home/airflow/.local/lib/python3.8/site-packages/airflow/example_dags/example_xcom.py
[2024-02-21T13:32:53.499+0000] {processor.py:830} INFO - Processing file /home/airflow/.local/lib/python3.8/site-packages/airflow/example_dags/example_xcom.py for tasks to queue
[2024-02-21T13:32:53.502+0000] {logging_mixin.py:188} INFO - [2024-02-21T13:32:53.501+0000] {dagbag.py:538} INFO - Filling up the DagBag from /home/airflow/.local/lib/python3.8/site-packages/airflow/example_dags/example_xcom.py
[2024-02-21T13:32:53.514+0000] {processor.py:840} INFO - DAG(s) 'example_xcom' retrieved from /home/airflow/.local/lib/python3.8/site-packages/airflow/example_dags/example_xcom.py
[2024-02-21T13:32:53.548+0000] {logging_mixin.py:188} INFO - [2024-02-21T13:32:53.548+0000] {dag.py:3036} INFO - Sync 1 DAGs
[2024-02-21T13:32:53.581+0000] {logging_mixin.py:188} INFO - [2024-02-21T13:32:53.580+0000] {dag.py:3823} INFO - Setting next_dagrun for example_xcom to 2021-01-01 00:00:00+00:00, run_after=2021-01-01 00:00:00+00:00
[2024-02-21T13:32:53.611+0000] {processor.py:183} INFO - Processing /home/airflow/.local/lib/python3.8/site-packages/airflow/example_dags/example_xcom.py took 0.120 seconds
[2024-02-21T13:33:24.168+0000] {processor.py:161} INFO - Started process (PID=2064) to work on /home/airflow/.local/lib/python3.8/site-packages/airflow/example_dags/example_xcom.py
[2024-02-21T13:33:24.171+0000] {processor.py:830} INFO - Processing file /home/airflow/.local/lib/python3.8/site-packages/airflow/example_dags/example_xcom.py for tasks to queue
[2024-02-21T13:33:24.175+0000] {logging_mixin.py:188} INFO - [2024-02-21T13:33:24.174+0000] {dagbag.py:538} INFO - Filling up the DagBag from /home/airflow/.local/lib/python3.8/site-packages/airflow/example_dags/example_xcom.py
[2024-02-21T13:33:24.189+0000] {processor.py:840} INFO - DAG(s) 'example_xcom' retrieved from /home/airflow/.local/lib/python3.8/site-packages/airflow/example_dags/example_xcom.py
[2024-02-21T13:33:24.222+0000] {logging_mixin.py:188} INFO - [2024-02-21T13:33:24.222+0000] {dag.py:3036} INFO - Sync 1 DAGs
[2024-02-21T13:33:24.265+0000] {logging_mixin.py:188} INFO - [2024-02-21T13:33:24.265+0000] {dag.py:3823} INFO - Setting next_dagrun for example_xcom to 2021-01-01 00:00:00+00:00, run_after=2021-01-01 00:00:00+00:00
[2024-02-21T13:33:24.293+0000] {processor.py:183} INFO - Processing /home/airflow/.local/lib/python3.8/site-packages/airflow/example_dags/example_xcom.py took 0.131 seconds
[2024-02-21T13:33:55.186+0000] {processor.py:161} INFO - Started process (PID=2119) to work on /home/airflow/.local/lib/python3.8/site-packages/airflow/example_dags/example_xcom.py
[2024-02-21T13:33:55.188+0000] {processor.py:830} INFO - Processing file /home/airflow/.local/lib/python3.8/site-packages/airflow/example_dags/example_xcom.py for tasks to queue
[2024-02-21T13:33:55.193+0000] {logging_mixin.py:188} INFO - [2024-02-21T13:33:55.192+0000] {dagbag.py:538} INFO - Filling up the DagBag from /home/airflow/.local/lib/python3.8/site-packages/airflow/example_dags/example_xcom.py
[2024-02-21T13:33:55.208+0000] {processor.py:840} INFO - DAG(s) 'example_xcom' retrieved from /home/airflow/.local/lib/python3.8/site-packages/airflow/example_dags/example_xcom.py
[2024-02-21T13:33:55.245+0000] {logging_mixin.py:188} INFO - [2024-02-21T13:33:55.244+0000] {dag.py:3036} INFO - Sync 1 DAGs
[2024-02-21T13:33:55.287+0000] {logging_mixin.py:188} INFO - [2024-02-21T13:33:55.286+0000] {dag.py:3823} INFO - Setting next_dagrun for example_xcom to 2021-01-01 00:00:00+00:00, run_after=2021-01-01 00:00:00+00:00
[2024-02-21T13:33:55.315+0000] {processor.py:183} INFO - Processing /home/airflow/.local/lib/python3.8/site-packages/airflow/example_dags/example_xcom.py took 0.135 seconds
[2024-02-21T13:34:25.516+0000] {processor.py:161} INFO - Started process (PID=2174) to work on /home/airflow/.local/lib/python3.8/site-packages/airflow/example_dags/example_xcom.py
[2024-02-21T13:34:25.518+0000] {processor.py:830} INFO - Processing file /home/airflow/.local/lib/python3.8/site-packages/airflow/example_dags/example_xcom.py for tasks to queue
[2024-02-21T13:34:25.521+0000] {logging_mixin.py:188} INFO - [2024-02-21T13:34:25.520+0000] {dagbag.py:538} INFO - Filling up the DagBag from /home/airflow/.local/lib/python3.8/site-packages/airflow/example_dags/example_xcom.py
[2024-02-21T13:34:25.533+0000] {processor.py:840} INFO - DAG(s) 'example_xcom' retrieved from /home/airflow/.local/lib/python3.8/site-packages/airflow/example_dags/example_xcom.py
[2024-02-21T13:34:25.567+0000] {logging_mixin.py:188} INFO - [2024-02-21T13:34:25.566+0000] {dag.py:3036} INFO - Sync 1 DAGs
[2024-02-21T13:34:25.598+0000] {logging_mixin.py:188} INFO - [2024-02-21T13:34:25.598+0000] {dag.py:3823} INFO - Setting next_dagrun for example_xcom to 2021-01-01 00:00:00+00:00, run_after=2021-01-01 00:00:00+00:00
[2024-02-21T13:34:25.835+0000] {processor.py:183} INFO - Processing /home/airflow/.local/lib/python3.8/site-packages/airflow/example_dags/example_xcom.py took 0.325 seconds
[2024-02-21T13:34:55.892+0000] {processor.py:161} INFO - Started process (PID=2229) to work on /home/airflow/.local/lib/python3.8/site-packages/airflow/example_dags/example_xcom.py
[2024-02-21T13:34:55.893+0000] {processor.py:830} INFO - Processing file /home/airflow/.local/lib/python3.8/site-packages/airflow/example_dags/example_xcom.py for tasks to queue
[2024-02-21T13:34:55.896+0000] {logging_mixin.py:188} INFO - [2024-02-21T13:34:55.896+0000] {dagbag.py:538} INFO - Filling up the DagBag from /home/airflow/.local/lib/python3.8/site-packages/airflow/example_dags/example_xcom.py
[2024-02-21T13:34:55.909+0000] {processor.py:840} INFO - DAG(s) 'example_xcom' retrieved from /home/airflow/.local/lib/python3.8/site-packages/airflow/example_dags/example_xcom.py
[2024-02-21T13:34:55.943+0000] {logging_mixin.py:188} INFO - [2024-02-21T13:34:55.942+0000] {dag.py:3036} INFO - Sync 1 DAGs
[2024-02-21T13:34:55.977+0000] {logging_mixin.py:188} INFO - [2024-02-21T13:34:55.977+0000] {dag.py:3823} INFO - Setting next_dagrun for example_xcom to 2021-01-01 00:00:00+00:00, run_after=2021-01-01 00:00:00+00:00
[2024-02-21T13:34:56.006+0000] {processor.py:183} INFO - Processing /home/airflow/.local/lib/python3.8/site-packages/airflow/example_dags/example_xcom.py took 0.121 seconds
[2024-02-21T13:35:26.510+0000] {processor.py:161} INFO - Started process (PID=2284) to work on /home/airflow/.local/lib/python3.8/site-packages/airflow/example_dags/example_xcom.py
[2024-02-21T13:35:26.513+0000] {processor.py:830} INFO - Processing file /home/airflow/.local/lib/python3.8/site-packages/airflow/example_dags/example_xcom.py for tasks to queue
[2024-02-21T13:35:26.516+0000] {logging_mixin.py:188} INFO - [2024-02-21T13:35:26.515+0000] {dagbag.py:538} INFO - Filling up the DagBag from /home/airflow/.local/lib/python3.8/site-packages/airflow/example_dags/example_xcom.py
[2024-02-21T13:35:26.528+0000] {processor.py:840} INFO - DAG(s) 'example_xcom' retrieved from /home/airflow/.local/lib/python3.8/site-packages/airflow/example_dags/example_xcom.py
[2024-02-21T13:35:26.569+0000] {logging_mixin.py:188} INFO - [2024-02-21T13:35:26.569+0000] {dag.py:3036} INFO - Sync 1 DAGs
[2024-02-21T13:35:26.604+0000] {logging_mixin.py:188} INFO - [2024-02-21T13:35:26.603+0000] {dag.py:3823} INFO - Setting next_dagrun for example_xcom to 2021-01-01 00:00:00+00:00, run_after=2021-01-01 00:00:00+00:00
[2024-02-21T13:35:26.631+0000] {processor.py:183} INFO - Processing /home/airflow/.local/lib/python3.8/site-packages/airflow/example_dags/example_xcom.py took 0.127 seconds
[2024-02-21T13:35:56.871+0000] {processor.py:161} INFO - Started process (PID=2339) to work on /home/airflow/.local/lib/python3.8/site-packages/airflow/example_dags/example_xcom.py
[2024-02-21T13:35:56.874+0000] {processor.py:830} INFO - Processing file /home/airflow/.local/lib/python3.8/site-packages/airflow/example_dags/example_xcom.py for tasks to queue
[2024-02-21T13:35:56.877+0000] {logging_mixin.py:188} INFO - [2024-02-21T13:35:56.876+0000] {dagbag.py:538} INFO - Filling up the DagBag from /home/airflow/.local/lib/python3.8/site-packages/airflow/example_dags/example_xcom.py
[2024-02-21T13:35:56.889+0000] {processor.py:840} INFO - DAG(s) 'example_xcom' retrieved from /home/airflow/.local/lib/python3.8/site-packages/airflow/example_dags/example_xcom.py
[2024-02-21T13:35:56.920+0000] {logging_mixin.py:188} INFO - [2024-02-21T13:35:56.919+0000] {dag.py:3036} INFO - Sync 1 DAGs
[2024-02-21T13:35:56.952+0000] {logging_mixin.py:188} INFO - [2024-02-21T13:35:56.952+0000] {dag.py:3823} INFO - Setting next_dagrun for example_xcom to 2021-01-01 00:00:00+00:00, run_after=2021-01-01 00:00:00+00:00
[2024-02-21T13:35:56.980+0000] {processor.py:183} INFO - Processing /home/airflow/.local/lib/python3.8/site-packages/airflow/example_dags/example_xcom.py took 0.117 seconds
[2024-02-21T13:36:27.531+0000] {processor.py:161} INFO - Started process (PID=2394) to work on /home/airflow/.local/lib/python3.8/site-packages/airflow/example_dags/example_xcom.py
[2024-02-21T13:36:27.533+0000] {processor.py:830} INFO - Processing file /home/airflow/.local/lib/python3.8/site-packages/airflow/example_dags/example_xcom.py for tasks to queue
[2024-02-21T13:36:27.537+0000] {logging_mixin.py:188} INFO - [2024-02-21T13:36:27.536+0000] {dagbag.py:538} INFO - Filling up the DagBag from /home/airflow/.local/lib/python3.8/site-packages/airflow/example_dags/example_xcom.py
[2024-02-21T13:36:27.550+0000] {processor.py:840} INFO - DAG(s) 'example_xcom' retrieved from /home/airflow/.local/lib/python3.8/site-packages/airflow/example_dags/example_xcom.py
[2024-02-21T13:36:27.590+0000] {logging_mixin.py:188} INFO - [2024-02-21T13:36:27.590+0000] {dag.py:3036} INFO - Sync 1 DAGs
[2024-02-21T13:36:27.625+0000] {logging_mixin.py:188} INFO - [2024-02-21T13:36:27.624+0000] {dag.py:3823} INFO - Setting next_dagrun for example_xcom to 2021-01-01 00:00:00+00:00, run_after=2021-01-01 00:00:00+00:00
[2024-02-21T13:36:27.658+0000] {processor.py:183} INFO - Processing /home/airflow/.local/lib/python3.8/site-packages/airflow/example_dags/example_xcom.py took 0.132 seconds
[2024-02-21T13:36:58.175+0000] {processor.py:161} INFO - Started process (PID=2450) to work on /home/airflow/.local/lib/python3.8/site-packages/airflow/example_dags/example_xcom.py
[2024-02-21T13:36:58.178+0000] {processor.py:830} INFO - Processing file /home/airflow/.local/lib/python3.8/site-packages/airflow/example_dags/example_xcom.py for tasks to queue
[2024-02-21T13:36:58.182+0000] {logging_mixin.py:188} INFO - [2024-02-21T13:36:58.181+0000] {dagbag.py:538} INFO - Filling up the DagBag from /home/airflow/.local/lib/python3.8/site-packages/airflow/example_dags/example_xcom.py
[2024-02-21T13:36:58.197+0000] {processor.py:840} INFO - DAG(s) 'example_xcom' retrieved from /home/airflow/.local/lib/python3.8/site-packages/airflow/example_dags/example_xcom.py
[2024-02-21T13:36:58.233+0000] {logging_mixin.py:188} INFO - [2024-02-21T13:36:58.233+0000] {dag.py:3036} INFO - Sync 1 DAGs
[2024-02-21T13:36:58.267+0000] {logging_mixin.py:188} INFO - [2024-02-21T13:36:58.266+0000] {dag.py:3823} INFO - Setting next_dagrun for example_xcom to 2021-01-01 00:00:00+00:00, run_after=2021-01-01 00:00:00+00:00
[2024-02-21T13:36:58.297+0000] {processor.py:183} INFO - Processing /home/airflow/.local/lib/python3.8/site-packages/airflow/example_dags/example_xcom.py took 0.130 seconds
[2024-02-21T13:37:29.774+0000] {processor.py:161} INFO - Started process (PID=2505) to work on /home/airflow/.local/lib/python3.8/site-packages/airflow/example_dags/example_xcom.py
[2024-02-21T13:37:29.777+0000] {processor.py:830} INFO - Processing file /home/airflow/.local/lib/python3.8/site-packages/airflow/example_dags/example_xcom.py for tasks to queue
[2024-02-21T13:37:29.781+0000] {logging_mixin.py:188} INFO - [2024-02-21T13:37:29.780+0000] {dagbag.py:538} INFO - Filling up the DagBag from /home/airflow/.local/lib/python3.8/site-packages/airflow/example_dags/example_xcom.py
[2024-02-21T13:37:29.794+0000] {processor.py:840} INFO - DAG(s) 'example_xcom' retrieved from /home/airflow/.local/lib/python3.8/site-packages/airflow/example_dags/example_xcom.py
[2024-02-21T13:37:30.051+0000] {logging_mixin.py:188} INFO - [2024-02-21T13:37:30.050+0000] {dag.py:3036} INFO - Sync 1 DAGs
[2024-02-21T13:37:30.079+0000] {logging_mixin.py:188} INFO - [2024-02-21T13:37:30.079+0000] {dag.py:3823} INFO - Setting next_dagrun for example_xcom to 2021-01-01 00:00:00+00:00, run_after=2021-01-01 00:00:00+00:00
[2024-02-21T13:37:30.105+0000] {processor.py:183} INFO - Processing /home/airflow/.local/lib/python3.8/site-packages/airflow/example_dags/example_xcom.py took 0.336 seconds
[2024-02-21T13:38:00.461+0000] {processor.py:161} INFO - Started process (PID=2560) to work on /home/airflow/.local/lib/python3.8/site-packages/airflow/example_dags/example_xcom.py
[2024-02-21T13:38:00.463+0000] {processor.py:830} INFO - Processing file /home/airflow/.local/lib/python3.8/site-packages/airflow/example_dags/example_xcom.py for tasks to queue
[2024-02-21T13:38:00.467+0000] {logging_mixin.py:188} INFO - [2024-02-21T13:38:00.466+0000] {dagbag.py:538} INFO - Filling up the DagBag from /home/airflow/.local/lib/python3.8/site-packages/airflow/example_dags/example_xcom.py
[2024-02-21T13:38:00.480+0000] {processor.py:840} INFO - DAG(s) 'example_xcom' retrieved from /home/airflow/.local/lib/python3.8/site-packages/airflow/example_dags/example_xcom.py
[2024-02-21T13:38:00.520+0000] {logging_mixin.py:188} INFO - [2024-02-21T13:38:00.520+0000] {dag.py:3036} INFO - Sync 1 DAGs
[2024-02-21T13:38:00.763+0000] {logging_mixin.py:188} INFO - [2024-02-21T13:38:00.763+0000] {dag.py:3823} INFO - Setting next_dagrun for example_xcom to 2021-01-01 00:00:00+00:00, run_after=2021-01-01 00:00:00+00:00
[2024-02-21T13:38:00.789+0000] {processor.py:183} INFO - Processing /home/airflow/.local/lib/python3.8/site-packages/airflow/example_dags/example_xcom.py took 0.335 seconds
[2024-02-21T13:38:30.830+0000] {processor.py:161} INFO - Started process (PID=2615) to work on /home/airflow/.local/lib/python3.8/site-packages/airflow/example_dags/example_xcom.py
[2024-02-21T13:38:30.831+0000] {processor.py:830} INFO - Processing file /home/airflow/.local/lib/python3.8/site-packages/airflow/example_dags/example_xcom.py for tasks to queue
[2024-02-21T13:38:30.834+0000] {logging_mixin.py:188} INFO - [2024-02-21T13:38:30.834+0000] {dagbag.py:538} INFO - Filling up the DagBag from /home/airflow/.local/lib/python3.8/site-packages/airflow/example_dags/example_xcom.py
[2024-02-21T13:38:30.847+0000] {processor.py:840} INFO - DAG(s) 'example_xcom' retrieved from /home/airflow/.local/lib/python3.8/site-packages/airflow/example_dags/example_xcom.py
[2024-02-21T13:38:30.881+0000] {logging_mixin.py:188} INFO - [2024-02-21T13:38:30.880+0000] {dag.py:3036} INFO - Sync 1 DAGs
[2024-02-21T13:38:30.913+0000] {logging_mixin.py:188} INFO - [2024-02-21T13:38:30.913+0000] {dag.py:3823} INFO - Setting next_dagrun for example_xcom to 2021-01-01 00:00:00+00:00, run_after=2021-01-01 00:00:00+00:00
[2024-02-21T13:38:31.146+0000] {processor.py:183} INFO - Processing /home/airflow/.local/lib/python3.8/site-packages/airflow/example_dags/example_xcom.py took 0.322 seconds
[2024-02-21T13:39:01.991+0000] {processor.py:161} INFO - Started process (PID=2671) to work on /home/airflow/.local/lib/python3.8/site-packages/airflow/example_dags/example_xcom.py
[2024-02-21T13:39:01.993+0000] {processor.py:830} INFO - Processing file /home/airflow/.local/lib/python3.8/site-packages/airflow/example_dags/example_xcom.py for tasks to queue
[2024-02-21T13:39:01.996+0000] {logging_mixin.py:188} INFO - [2024-02-21T13:39:01.996+0000] {dagbag.py:538} INFO - Filling up the DagBag from /home/airflow/.local/lib/python3.8/site-packages/airflow/example_dags/example_xcom.py
[2024-02-21T13:39:02.012+0000] {processor.py:840} INFO - DAG(s) 'example_xcom' retrieved from /home/airflow/.local/lib/python3.8/site-packages/airflow/example_dags/example_xcom.py
[2024-02-21T13:39:02.053+0000] {logging_mixin.py:188} INFO - [2024-02-21T13:39:02.053+0000] {dag.py:3036} INFO - Sync 1 DAGs
[2024-02-21T13:39:02.096+0000] {logging_mixin.py:188} INFO - [2024-02-21T13:39:02.095+0000] {dag.py:3823} INFO - Setting next_dagrun for example_xcom to 2021-01-01 00:00:00+00:00, run_after=2021-01-01 00:00:00+00:00
[2024-02-21T13:39:02.133+0000] {processor.py:183} INFO - Processing /home/airflow/.local/lib/python3.8/site-packages/airflow/example_dags/example_xcom.py took 0.151 seconds
