[2024-02-21T13:15:00.575+0000] {processor.py:161} INFO - Started process (PID=62) to work on /home/airflow/.local/lib/python3.8/site-packages/airflow/example_dags/example_external_task_marker_dag.py
[2024-02-21T13:15:00.576+0000] {processor.py:830} INFO - Processing file /home/airflow/.local/lib/python3.8/site-packages/airflow/example_dags/example_external_task_marker_dag.py for tasks to queue
[2024-02-21T13:15:00.580+0000] {logging_mixin.py:188} INFO - [2024-02-21T13:15:00.579+0000] {dagbag.py:538} INFO - Filling up the DagBag from /home/airflow/.local/lib/python3.8/site-packages/airflow/example_dags/example_external_task_marker_dag.py
[2024-02-21T13:15:00.599+0000] {processor.py:840} INFO - DAG(s) 'example_external_task_marker_parent', 'example_external_task_marker_child' retrieved from /home/airflow/.local/lib/python3.8/site-packages/airflow/example_dags/example_external_task_marker_dag.py
[2024-02-21T13:15:00.782+0000] {logging_mixin.py:188} INFO - [2024-02-21T13:15:00.782+0000] {override.py:1769} INFO - Created Permission View: can read on DAG:example_external_task_marker_parent
[2024-02-21T13:15:00.796+0000] {logging_mixin.py:188} INFO - [2024-02-21T13:15:00.795+0000] {override.py:1769} INFO - Created Permission View: can edit on DAG:example_external_task_marker_parent
[2024-02-21T13:15:00.808+0000] {logging_mixin.py:188} INFO - [2024-02-21T13:15:00.807+0000] {override.py:1769} INFO - Created Permission View: can delete on DAG:example_external_task_marker_parent
[2024-02-21T13:15:00.838+0000] {logging_mixin.py:188} INFO - [2024-02-21T13:15:00.837+0000] {override.py:1769} INFO - Created Permission View: can read on DAG:example_external_task_marker_child
[2024-02-21T13:15:00.851+0000] {logging_mixin.py:188} INFO - [2024-02-21T13:15:00.850+0000] {override.py:1769} INFO - Created Permission View: can edit on DAG:example_external_task_marker_child
[2024-02-21T13:15:00.864+0000] {logging_mixin.py:188} INFO - [2024-02-21T13:15:00.863+0000] {override.py:1769} INFO - Created Permission View: can delete on DAG:example_external_task_marker_child
[2024-02-21T13:15:00.865+0000] {logging_mixin.py:188} INFO - [2024-02-21T13:15:00.864+0000] {dag.py:3036} INFO - Sync 2 DAGs
[2024-02-21T13:15:00.890+0000] {logging_mixin.py:188} INFO - [2024-02-21T13:15:00.889+0000] {dag.py:3058} INFO - Creating ORM DAG for example_external_task_marker_parent
[2024-02-21T13:15:00.891+0000] {logging_mixin.py:188} INFO - [2024-02-21T13:15:00.891+0000] {dag.py:3058} INFO - Creating ORM DAG for example_external_task_marker_child
[2024-02-21T13:15:00.892+0000] {logging_mixin.py:188} INFO - [2024-02-21T13:15:00.892+0000] {dag.py:3823} INFO - Setting next_dagrun for example_external_task_marker_child to None, run_after=None
[2024-02-21T13:15:00.893+0000] {logging_mixin.py:188} INFO - [2024-02-21T13:15:00.893+0000] {dag.py:3823} INFO - Setting next_dagrun for example_external_task_marker_parent to None, run_after=None
[2024-02-21T13:15:00.930+0000] {processor.py:183} INFO - Processing /home/airflow/.local/lib/python3.8/site-packages/airflow/example_dags/example_external_task_marker_dag.py took 0.362 seconds
[2024-02-21T13:15:30.977+0000] {processor.py:161} INFO - Started process (PID=116) to work on /home/airflow/.local/lib/python3.8/site-packages/airflow/example_dags/example_external_task_marker_dag.py
[2024-02-21T13:15:30.978+0000] {processor.py:830} INFO - Processing file /home/airflow/.local/lib/python3.8/site-packages/airflow/example_dags/example_external_task_marker_dag.py for tasks to queue
[2024-02-21T13:15:30.982+0000] {logging_mixin.py:188} INFO - [2024-02-21T13:15:30.981+0000] {dagbag.py:538} INFO - Filling up the DagBag from /home/airflow/.local/lib/python3.8/site-packages/airflow/example_dags/example_external_task_marker_dag.py
[2024-02-21T13:15:30.994+0000] {processor.py:840} INFO - DAG(s) 'example_external_task_marker_parent', 'example_external_task_marker_child' retrieved from /home/airflow/.local/lib/python3.8/site-packages/airflow/example_dags/example_external_task_marker_dag.py
[2024-02-21T13:15:31.034+0000] {logging_mixin.py:188} INFO - [2024-02-21T13:15:31.034+0000] {dag.py:3036} INFO - Sync 2 DAGs
[2024-02-21T13:15:31.054+0000] {logging_mixin.py:188} INFO - [2024-02-21T13:15:31.054+0000] {dag.py:3823} INFO - Setting next_dagrun for example_external_task_marker_child to None, run_after=None
[2024-02-21T13:15:31.060+0000] {logging_mixin.py:188} INFO - [2024-02-21T13:15:31.060+0000] {dag.py:3823} INFO - Setting next_dagrun for example_external_task_marker_parent to None, run_after=None
[2024-02-21T13:15:31.085+0000] {processor.py:183} INFO - Processing /home/airflow/.local/lib/python3.8/site-packages/airflow/example_dags/example_external_task_marker_dag.py took 0.117 seconds
[2024-02-21T13:16:01.164+0000] {processor.py:161} INFO - Started process (PID=170) to work on /home/airflow/.local/lib/python3.8/site-packages/airflow/example_dags/example_external_task_marker_dag.py
[2024-02-21T13:16:01.166+0000] {processor.py:830} INFO - Processing file /home/airflow/.local/lib/python3.8/site-packages/airflow/example_dags/example_external_task_marker_dag.py for tasks to queue
[2024-02-21T13:16:01.169+0000] {logging_mixin.py:188} INFO - [2024-02-21T13:16:01.169+0000] {dagbag.py:538} INFO - Filling up the DagBag from /home/airflow/.local/lib/python3.8/site-packages/airflow/example_dags/example_external_task_marker_dag.py
[2024-02-21T13:16:01.179+0000] {processor.py:840} INFO - DAG(s) 'example_external_task_marker_parent', 'example_external_task_marker_child' retrieved from /home/airflow/.local/lib/python3.8/site-packages/airflow/example_dags/example_external_task_marker_dag.py
[2024-02-21T13:16:01.222+0000] {logging_mixin.py:188} INFO - [2024-02-21T13:16:01.222+0000] {dag.py:3036} INFO - Sync 2 DAGs
[2024-02-21T13:16:01.244+0000] {logging_mixin.py:188} INFO - [2024-02-21T13:16:01.244+0000] {dag.py:3823} INFO - Setting next_dagrun for example_external_task_marker_child to None, run_after=None
[2024-02-21T13:16:01.250+0000] {logging_mixin.py:188} INFO - [2024-02-21T13:16:01.249+0000] {dag.py:3823} INFO - Setting next_dagrun for example_external_task_marker_parent to None, run_after=None
[2024-02-21T13:16:01.275+0000] {processor.py:183} INFO - Processing /home/airflow/.local/lib/python3.8/site-packages/airflow/example_dags/example_external_task_marker_dag.py took 0.118 seconds
[2024-02-21T13:16:31.373+0000] {processor.py:161} INFO - Started process (PID=226) to work on /home/airflow/.local/lib/python3.8/site-packages/airflow/example_dags/example_external_task_marker_dag.py
[2024-02-21T13:16:31.375+0000] {processor.py:830} INFO - Processing file /home/airflow/.local/lib/python3.8/site-packages/airflow/example_dags/example_external_task_marker_dag.py for tasks to queue
[2024-02-21T13:16:31.379+0000] {logging_mixin.py:188} INFO - [2024-02-21T13:16:31.378+0000] {dagbag.py:538} INFO - Filling up the DagBag from /home/airflow/.local/lib/python3.8/site-packages/airflow/example_dags/example_external_task_marker_dag.py
[2024-02-21T13:16:31.392+0000] {processor.py:840} INFO - DAG(s) 'example_external_task_marker_child', 'example_external_task_marker_parent' retrieved from /home/airflow/.local/lib/python3.8/site-packages/airflow/example_dags/example_external_task_marker_dag.py
[2024-02-21T13:16:31.437+0000] {logging_mixin.py:188} INFO - [2024-02-21T13:16:31.437+0000] {dag.py:3036} INFO - Sync 2 DAGs
[2024-02-21T13:16:31.460+0000] {logging_mixin.py:188} INFO - [2024-02-21T13:16:31.459+0000] {dag.py:3823} INFO - Setting next_dagrun for example_external_task_marker_child to None, run_after=None
[2024-02-21T13:16:31.465+0000] {logging_mixin.py:188} INFO - [2024-02-21T13:16:31.465+0000] {dag.py:3823} INFO - Setting next_dagrun for example_external_task_marker_parent to None, run_after=None
[2024-02-21T13:16:31.493+0000] {processor.py:183} INFO - Processing /home/airflow/.local/lib/python3.8/site-packages/airflow/example_dags/example_external_task_marker_dag.py took 0.126 seconds
[2024-02-21T13:17:01.753+0000] {processor.py:161} INFO - Started process (PID=280) to work on /home/airflow/.local/lib/python3.8/site-packages/airflow/example_dags/example_external_task_marker_dag.py
[2024-02-21T13:17:01.756+0000] {processor.py:830} INFO - Processing file /home/airflow/.local/lib/python3.8/site-packages/airflow/example_dags/example_external_task_marker_dag.py for tasks to queue
[2024-02-21T13:17:01.759+0000] {logging_mixin.py:188} INFO - [2024-02-21T13:17:01.758+0000] {dagbag.py:538} INFO - Filling up the DagBag from /home/airflow/.local/lib/python3.8/site-packages/airflow/example_dags/example_external_task_marker_dag.py
[2024-02-21T13:17:01.770+0000] {processor.py:840} INFO - DAG(s) 'example_external_task_marker_parent', 'example_external_task_marker_child' retrieved from /home/airflow/.local/lib/python3.8/site-packages/airflow/example_dags/example_external_task_marker_dag.py
[2024-02-21T13:17:01.818+0000] {logging_mixin.py:188} INFO - [2024-02-21T13:17:01.818+0000] {dag.py:3036} INFO - Sync 2 DAGs
[2024-02-21T13:17:01.849+0000] {logging_mixin.py:188} INFO - [2024-02-21T13:17:01.849+0000] {dag.py:3823} INFO - Setting next_dagrun for example_external_task_marker_child to None, run_after=None
[2024-02-21T13:17:01.856+0000] {logging_mixin.py:188} INFO - [2024-02-21T13:17:01.856+0000] {dag.py:3823} INFO - Setting next_dagrun for example_external_task_marker_parent to None, run_after=None
[2024-02-21T13:17:01.885+0000] {processor.py:183} INFO - Processing /home/airflow/.local/lib/python3.8/site-packages/airflow/example_dags/example_external_task_marker_dag.py took 0.138 seconds
[2024-02-21T13:17:31.966+0000] {processor.py:161} INFO - Started process (PID=336) to work on /home/airflow/.local/lib/python3.8/site-packages/airflow/example_dags/example_external_task_marker_dag.py
[2024-02-21T13:17:31.968+0000] {processor.py:830} INFO - Processing file /home/airflow/.local/lib/python3.8/site-packages/airflow/example_dags/example_external_task_marker_dag.py for tasks to queue
[2024-02-21T13:17:31.972+0000] {logging_mixin.py:188} INFO - [2024-02-21T13:17:31.971+0000] {dagbag.py:538} INFO - Filling up the DagBag from /home/airflow/.local/lib/python3.8/site-packages/airflow/example_dags/example_external_task_marker_dag.py
[2024-02-21T13:17:31.983+0000] {processor.py:840} INFO - DAG(s) 'example_external_task_marker_parent', 'example_external_task_marker_child' retrieved from /home/airflow/.local/lib/python3.8/site-packages/airflow/example_dags/example_external_task_marker_dag.py
[2024-02-21T13:17:32.022+0000] {logging_mixin.py:188} INFO - [2024-02-21T13:17:32.022+0000] {dag.py:3036} INFO - Sync 2 DAGs
[2024-02-21T13:17:32.043+0000] {logging_mixin.py:188} INFO - [2024-02-21T13:17:32.043+0000] {dag.py:3823} INFO - Setting next_dagrun for example_external_task_marker_child to None, run_after=None
[2024-02-21T13:17:32.051+0000] {logging_mixin.py:188} INFO - [2024-02-21T13:17:32.050+0000] {dag.py:3823} INFO - Setting next_dagrun for example_external_task_marker_parent to None, run_after=None
[2024-02-21T13:17:32.074+0000] {processor.py:183} INFO - Processing /home/airflow/.local/lib/python3.8/site-packages/airflow/example_dags/example_external_task_marker_dag.py took 0.114 seconds
[2024-02-21T13:18:02.492+0000] {processor.py:161} INFO - Started process (PID=391) to work on /home/airflow/.local/lib/python3.8/site-packages/airflow/example_dags/example_external_task_marker_dag.py
[2024-02-21T13:18:02.493+0000] {processor.py:830} INFO - Processing file /home/airflow/.local/lib/python3.8/site-packages/airflow/example_dags/example_external_task_marker_dag.py for tasks to queue
[2024-02-21T13:18:02.497+0000] {logging_mixin.py:188} INFO - [2024-02-21T13:18:02.497+0000] {dagbag.py:538} INFO - Filling up the DagBag from /home/airflow/.local/lib/python3.8/site-packages/airflow/example_dags/example_external_task_marker_dag.py
[2024-02-21T13:18:02.508+0000] {processor.py:840} INFO - DAG(s) 'example_external_task_marker_parent', 'example_external_task_marker_child' retrieved from /home/airflow/.local/lib/python3.8/site-packages/airflow/example_dags/example_external_task_marker_dag.py
[2024-02-21T13:18:02.549+0000] {logging_mixin.py:188} INFO - [2024-02-21T13:18:02.548+0000] {dag.py:3036} INFO - Sync 2 DAGs
[2024-02-21T13:18:02.569+0000] {logging_mixin.py:188} INFO - [2024-02-21T13:18:02.569+0000] {dag.py:3823} INFO - Setting next_dagrun for example_external_task_marker_child to None, run_after=None
[2024-02-21T13:18:02.575+0000] {logging_mixin.py:188} INFO - [2024-02-21T13:18:02.575+0000] {dag.py:3823} INFO - Setting next_dagrun for example_external_task_marker_parent to None, run_after=None
[2024-02-21T13:18:02.603+0000] {processor.py:183} INFO - Processing /home/airflow/.local/lib/python3.8/site-packages/airflow/example_dags/example_external_task_marker_dag.py took 0.118 seconds
[2024-02-21T13:18:32.800+0000] {processor.py:161} INFO - Started process (PID=446) to work on /home/airflow/.local/lib/python3.8/site-packages/airflow/example_dags/example_external_task_marker_dag.py
[2024-02-21T13:18:32.803+0000] {processor.py:830} INFO - Processing file /home/airflow/.local/lib/python3.8/site-packages/airflow/example_dags/example_external_task_marker_dag.py for tasks to queue
[2024-02-21T13:18:32.806+0000] {logging_mixin.py:188} INFO - [2024-02-21T13:18:32.806+0000] {dagbag.py:538} INFO - Filling up the DagBag from /home/airflow/.local/lib/python3.8/site-packages/airflow/example_dags/example_external_task_marker_dag.py
[2024-02-21T13:18:32.822+0000] {processor.py:840} INFO - DAG(s) 'example_external_task_marker_child', 'example_external_task_marker_parent' retrieved from /home/airflow/.local/lib/python3.8/site-packages/airflow/example_dags/example_external_task_marker_dag.py
[2024-02-21T13:18:32.871+0000] {logging_mixin.py:188} INFO - [2024-02-21T13:18:32.871+0000] {dag.py:3036} INFO - Sync 2 DAGs
[2024-02-21T13:18:32.890+0000] {logging_mixin.py:188} INFO - [2024-02-21T13:18:32.890+0000] {dag.py:3823} INFO - Setting next_dagrun for example_external_task_marker_child to None, run_after=None
[2024-02-21T13:18:32.896+0000] {logging_mixin.py:188} INFO - [2024-02-21T13:18:32.895+0000] {dag.py:3823} INFO - Setting next_dagrun for example_external_task_marker_parent to None, run_after=None
[2024-02-21T13:18:32.921+0000] {processor.py:183} INFO - Processing /home/airflow/.local/lib/python3.8/site-packages/airflow/example_dags/example_external_task_marker_dag.py took 0.126 seconds
[2024-02-21T13:19:03.221+0000] {processor.py:161} INFO - Started process (PID=501) to work on /home/airflow/.local/lib/python3.8/site-packages/airflow/example_dags/example_external_task_marker_dag.py
[2024-02-21T13:19:03.223+0000] {processor.py:830} INFO - Processing file /home/airflow/.local/lib/python3.8/site-packages/airflow/example_dags/example_external_task_marker_dag.py for tasks to queue
[2024-02-21T13:19:03.227+0000] {logging_mixin.py:188} INFO - [2024-02-21T13:19:03.226+0000] {dagbag.py:538} INFO - Filling up the DagBag from /home/airflow/.local/lib/python3.8/site-packages/airflow/example_dags/example_external_task_marker_dag.py
[2024-02-21T13:19:03.237+0000] {processor.py:840} INFO - DAG(s) 'example_external_task_marker_parent', 'example_external_task_marker_child' retrieved from /home/airflow/.local/lib/python3.8/site-packages/airflow/example_dags/example_external_task_marker_dag.py
[2024-02-21T13:19:03.282+0000] {logging_mixin.py:188} INFO - [2024-02-21T13:19:03.281+0000] {dag.py:3036} INFO - Sync 2 DAGs
[2024-02-21T13:19:03.306+0000] {logging_mixin.py:188} INFO - [2024-02-21T13:19:03.305+0000] {dag.py:3823} INFO - Setting next_dagrun for example_external_task_marker_child to None, run_after=None
[2024-02-21T13:19:03.311+0000] {logging_mixin.py:188} INFO - [2024-02-21T13:19:03.311+0000] {dag.py:3823} INFO - Setting next_dagrun for example_external_task_marker_parent to None, run_after=None
[2024-02-21T13:19:03.338+0000] {processor.py:183} INFO - Processing /home/airflow/.local/lib/python3.8/site-packages/airflow/example_dags/example_external_task_marker_dag.py took 0.123 seconds
[2024-02-21T13:19:33.500+0000] {processor.py:161} INFO - Started process (PID=556) to work on /home/airflow/.local/lib/python3.8/site-packages/airflow/example_dags/example_external_task_marker_dag.py
[2024-02-21T13:19:33.502+0000] {processor.py:830} INFO - Processing file /home/airflow/.local/lib/python3.8/site-packages/airflow/example_dags/example_external_task_marker_dag.py for tasks to queue
[2024-02-21T13:19:33.505+0000] {logging_mixin.py:188} INFO - [2024-02-21T13:19:33.504+0000] {dagbag.py:538} INFO - Filling up the DagBag from /home/airflow/.local/lib/python3.8/site-packages/airflow/example_dags/example_external_task_marker_dag.py
[2024-02-21T13:19:33.515+0000] {processor.py:840} INFO - DAG(s) 'example_external_task_marker_child', 'example_external_task_marker_parent' retrieved from /home/airflow/.local/lib/python3.8/site-packages/airflow/example_dags/example_external_task_marker_dag.py
[2024-02-21T13:19:33.552+0000] {logging_mixin.py:188} INFO - [2024-02-21T13:19:33.551+0000] {dag.py:3036} INFO - Sync 2 DAGs
[2024-02-21T13:19:33.575+0000] {logging_mixin.py:188} INFO - [2024-02-21T13:19:33.575+0000] {dag.py:3823} INFO - Setting next_dagrun for example_external_task_marker_child to None, run_after=None
[2024-02-21T13:19:33.581+0000] {logging_mixin.py:188} INFO - [2024-02-21T13:19:33.581+0000] {dag.py:3823} INFO - Setting next_dagrun for example_external_task_marker_parent to None, run_after=None
[2024-02-21T13:19:33.610+0000] {processor.py:183} INFO - Processing /home/airflow/.local/lib/python3.8/site-packages/airflow/example_dags/example_external_task_marker_dag.py took 0.115 seconds
[2024-02-21T13:20:04.340+0000] {processor.py:161} INFO - Started process (PID=611) to work on /home/airflow/.local/lib/python3.8/site-packages/airflow/example_dags/example_external_task_marker_dag.py
[2024-02-21T13:20:04.345+0000] {processor.py:830} INFO - Processing file /home/airflow/.local/lib/python3.8/site-packages/airflow/example_dags/example_external_task_marker_dag.py for tasks to queue
[2024-02-21T13:20:04.352+0000] {logging_mixin.py:188} INFO - [2024-02-21T13:20:04.351+0000] {dagbag.py:538} INFO - Filling up the DagBag from /home/airflow/.local/lib/python3.8/site-packages/airflow/example_dags/example_external_task_marker_dag.py
[2024-02-21T13:20:04.367+0000] {processor.py:840} INFO - DAG(s) 'example_external_task_marker_parent', 'example_external_task_marker_child' retrieved from /home/airflow/.local/lib/python3.8/site-packages/airflow/example_dags/example_external_task_marker_dag.py
[2024-02-21T13:20:04.413+0000] {logging_mixin.py:188} INFO - [2024-02-21T13:20:04.413+0000] {dag.py:3036} INFO - Sync 2 DAGs
[2024-02-21T13:20:04.435+0000] {logging_mixin.py:188} INFO - [2024-02-21T13:20:04.434+0000] {dag.py:3823} INFO - Setting next_dagrun for example_external_task_marker_child to None, run_after=None
[2024-02-21T13:20:04.441+0000] {logging_mixin.py:188} INFO - [2024-02-21T13:20:04.441+0000] {dag.py:3823} INFO - Setting next_dagrun for example_external_task_marker_parent to None, run_after=None
[2024-02-21T13:20:04.468+0000] {processor.py:183} INFO - Processing /home/airflow/.local/lib/python3.8/site-packages/airflow/example_dags/example_external_task_marker_dag.py took 0.136 seconds
[2024-02-21T13:20:35.041+0000] {processor.py:161} INFO - Started process (PID=665) to work on /home/airflow/.local/lib/python3.8/site-packages/airflow/example_dags/example_external_task_marker_dag.py
[2024-02-21T13:20:35.043+0000] {processor.py:830} INFO - Processing file /home/airflow/.local/lib/python3.8/site-packages/airflow/example_dags/example_external_task_marker_dag.py for tasks to queue
[2024-02-21T13:20:35.047+0000] {logging_mixin.py:188} INFO - [2024-02-21T13:20:35.046+0000] {dagbag.py:538} INFO - Filling up the DagBag from /home/airflow/.local/lib/python3.8/site-packages/airflow/example_dags/example_external_task_marker_dag.py
[2024-02-21T13:20:35.060+0000] {processor.py:840} INFO - DAG(s) 'example_external_task_marker_child', 'example_external_task_marker_parent' retrieved from /home/airflow/.local/lib/python3.8/site-packages/airflow/example_dags/example_external_task_marker_dag.py
[2024-02-21T13:20:35.120+0000] {logging_mixin.py:188} INFO - [2024-02-21T13:20:35.119+0000] {dag.py:3036} INFO - Sync 2 DAGs
[2024-02-21T13:20:35.146+0000] {logging_mixin.py:188} INFO - [2024-02-21T13:20:35.146+0000] {dag.py:3823} INFO - Setting next_dagrun for example_external_task_marker_child to None, run_after=None
[2024-02-21T13:20:35.154+0000] {logging_mixin.py:188} INFO - [2024-02-21T13:20:35.154+0000] {dag.py:3823} INFO - Setting next_dagrun for example_external_task_marker_parent to None, run_after=None
[2024-02-21T13:20:35.186+0000] {processor.py:183} INFO - Processing /home/airflow/.local/lib/python3.8/site-packages/airflow/example_dags/example_external_task_marker_dag.py took 0.152 seconds
[2024-02-21T13:21:05.544+0000] {processor.py:161} INFO - Started process (PID=721) to work on /home/airflow/.local/lib/python3.8/site-packages/airflow/example_dags/example_external_task_marker_dag.py
[2024-02-21T13:21:05.546+0000] {processor.py:830} INFO - Processing file /home/airflow/.local/lib/python3.8/site-packages/airflow/example_dags/example_external_task_marker_dag.py for tasks to queue
[2024-02-21T13:21:05.549+0000] {logging_mixin.py:188} INFO - [2024-02-21T13:21:05.549+0000] {dagbag.py:538} INFO - Filling up the DagBag from /home/airflow/.local/lib/python3.8/site-packages/airflow/example_dags/example_external_task_marker_dag.py
[2024-02-21T13:21:05.560+0000] {processor.py:840} INFO - DAG(s) 'example_external_task_marker_child', 'example_external_task_marker_parent' retrieved from /home/airflow/.local/lib/python3.8/site-packages/airflow/example_dags/example_external_task_marker_dag.py
[2024-02-21T13:21:05.597+0000] {logging_mixin.py:188} INFO - [2024-02-21T13:21:05.597+0000] {dag.py:3036} INFO - Sync 2 DAGs
[2024-02-21T13:21:05.623+0000] {logging_mixin.py:188} INFO - [2024-02-21T13:21:05.623+0000] {dag.py:3823} INFO - Setting next_dagrun for example_external_task_marker_child to None, run_after=None
[2024-02-21T13:21:05.631+0000] {logging_mixin.py:188} INFO - [2024-02-21T13:21:05.631+0000] {dag.py:3823} INFO - Setting next_dagrun for example_external_task_marker_parent to None, run_after=None
[2024-02-21T13:21:05.663+0000] {processor.py:183} INFO - Processing /home/airflow/.local/lib/python3.8/site-packages/airflow/example_dags/example_external_task_marker_dag.py took 0.125 seconds
[2024-02-21T13:21:36.027+0000] {processor.py:161} INFO - Started process (PID=775) to work on /home/airflow/.local/lib/python3.8/site-packages/airflow/example_dags/example_external_task_marker_dag.py
[2024-02-21T13:21:36.028+0000] {processor.py:830} INFO - Processing file /home/airflow/.local/lib/python3.8/site-packages/airflow/example_dags/example_external_task_marker_dag.py for tasks to queue
[2024-02-21T13:21:36.031+0000] {logging_mixin.py:188} INFO - [2024-02-21T13:21:36.031+0000] {dagbag.py:538} INFO - Filling up the DagBag from /home/airflow/.local/lib/python3.8/site-packages/airflow/example_dags/example_external_task_marker_dag.py
[2024-02-21T13:21:36.041+0000] {processor.py:840} INFO - DAG(s) 'example_external_task_marker_parent', 'example_external_task_marker_child' retrieved from /home/airflow/.local/lib/python3.8/site-packages/airflow/example_dags/example_external_task_marker_dag.py
[2024-02-21T13:21:36.082+0000] {logging_mixin.py:188} INFO - [2024-02-21T13:21:36.081+0000] {dag.py:3036} INFO - Sync 2 DAGs
[2024-02-21T13:21:36.105+0000] {logging_mixin.py:188} INFO - [2024-02-21T13:21:36.104+0000] {dag.py:3823} INFO - Setting next_dagrun for example_external_task_marker_child to None, run_after=None
[2024-02-21T13:21:36.110+0000] {logging_mixin.py:188} INFO - [2024-02-21T13:21:36.110+0000] {dag.py:3823} INFO - Setting next_dagrun for example_external_task_marker_parent to None, run_after=None
[2024-02-21T13:21:36.137+0000] {processor.py:183} INFO - Processing /home/airflow/.local/lib/python3.8/site-packages/airflow/example_dags/example_external_task_marker_dag.py took 0.116 seconds
[2024-02-21T13:22:07.070+0000] {processor.py:161} INFO - Started process (PID=830) to work on /home/airflow/.local/lib/python3.8/site-packages/airflow/example_dags/example_external_task_marker_dag.py
[2024-02-21T13:22:07.073+0000] {processor.py:830} INFO - Processing file /home/airflow/.local/lib/python3.8/site-packages/airflow/example_dags/example_external_task_marker_dag.py for tasks to queue
[2024-02-21T13:22:07.078+0000] {logging_mixin.py:188} INFO - [2024-02-21T13:22:07.077+0000] {dagbag.py:538} INFO - Filling up the DagBag from /home/airflow/.local/lib/python3.8/site-packages/airflow/example_dags/example_external_task_marker_dag.py
[2024-02-21T13:22:07.093+0000] {processor.py:840} INFO - DAG(s) 'example_external_task_marker_child', 'example_external_task_marker_parent' retrieved from /home/airflow/.local/lib/python3.8/site-packages/airflow/example_dags/example_external_task_marker_dag.py
[2024-02-21T13:22:07.142+0000] {logging_mixin.py:188} INFO - [2024-02-21T13:22:07.142+0000] {dag.py:3036} INFO - Sync 2 DAGs
[2024-02-21T13:22:07.162+0000] {logging_mixin.py:188} INFO - [2024-02-21T13:22:07.162+0000] {dag.py:3823} INFO - Setting next_dagrun for example_external_task_marker_child to None, run_after=None
[2024-02-21T13:22:07.171+0000] {logging_mixin.py:188} INFO - [2024-02-21T13:22:07.171+0000] {dag.py:3823} INFO - Setting next_dagrun for example_external_task_marker_parent to None, run_after=None
[2024-02-21T13:22:07.197+0000] {processor.py:183} INFO - Processing /home/airflow/.local/lib/python3.8/site-packages/airflow/example_dags/example_external_task_marker_dag.py took 0.135 seconds
[2024-02-21T13:22:37.635+0000] {processor.py:161} INFO - Started process (PID=885) to work on /home/airflow/.local/lib/python3.8/site-packages/airflow/example_dags/example_external_task_marker_dag.py
[2024-02-21T13:22:37.637+0000] {processor.py:830} INFO - Processing file /home/airflow/.local/lib/python3.8/site-packages/airflow/example_dags/example_external_task_marker_dag.py for tasks to queue
[2024-02-21T13:22:37.640+0000] {logging_mixin.py:188} INFO - [2024-02-21T13:22:37.639+0000] {dagbag.py:538} INFO - Filling up the DagBag from /home/airflow/.local/lib/python3.8/site-packages/airflow/example_dags/example_external_task_marker_dag.py
[2024-02-21T13:22:37.651+0000] {processor.py:840} INFO - DAG(s) 'example_external_task_marker_parent', 'example_external_task_marker_child' retrieved from /home/airflow/.local/lib/python3.8/site-packages/airflow/example_dags/example_external_task_marker_dag.py
[2024-02-21T13:22:37.689+0000] {logging_mixin.py:188} INFO - [2024-02-21T13:22:37.688+0000] {dag.py:3036} INFO - Sync 2 DAGs
[2024-02-21T13:22:37.708+0000] {logging_mixin.py:188} INFO - [2024-02-21T13:22:37.708+0000] {dag.py:3823} INFO - Setting next_dagrun for example_external_task_marker_child to None, run_after=None
[2024-02-21T13:22:37.713+0000] {logging_mixin.py:188} INFO - [2024-02-21T13:22:37.713+0000] {dag.py:3823} INFO - Setting next_dagrun for example_external_task_marker_parent to None, run_after=None
[2024-02-21T13:22:37.737+0000] {processor.py:183} INFO - Processing /home/airflow/.local/lib/python3.8/site-packages/airflow/example_dags/example_external_task_marker_dag.py took 0.108 seconds
[2024-02-21T13:23:08.585+0000] {processor.py:161} INFO - Started process (PID=940) to work on /home/airflow/.local/lib/python3.8/site-packages/airflow/example_dags/example_external_task_marker_dag.py
[2024-02-21T13:23:08.587+0000] {processor.py:830} INFO - Processing file /home/airflow/.local/lib/python3.8/site-packages/airflow/example_dags/example_external_task_marker_dag.py for tasks to queue
[2024-02-21T13:23:08.590+0000] {logging_mixin.py:188} INFO - [2024-02-21T13:23:08.590+0000] {dagbag.py:538} INFO - Filling up the DagBag from /home/airflow/.local/lib/python3.8/site-packages/airflow/example_dags/example_external_task_marker_dag.py
[2024-02-21T13:23:08.600+0000] {processor.py:840} INFO - DAG(s) 'example_external_task_marker_child', 'example_external_task_marker_parent' retrieved from /home/airflow/.local/lib/python3.8/site-packages/airflow/example_dags/example_external_task_marker_dag.py
[2024-02-21T13:23:08.644+0000] {logging_mixin.py:188} INFO - [2024-02-21T13:23:08.644+0000] {dag.py:3036} INFO - Sync 2 DAGs
[2024-02-21T13:23:08.673+0000] {logging_mixin.py:188} INFO - [2024-02-21T13:23:08.673+0000] {dag.py:3823} INFO - Setting next_dagrun for example_external_task_marker_child to None, run_after=None
[2024-02-21T13:23:08.680+0000] {logging_mixin.py:188} INFO - [2024-02-21T13:23:08.679+0000] {dag.py:3823} INFO - Setting next_dagrun for example_external_task_marker_parent to None, run_after=None
[2024-02-21T13:23:08.705+0000] {processor.py:183} INFO - Processing /home/airflow/.local/lib/python3.8/site-packages/airflow/example_dags/example_external_task_marker_dag.py took 0.126 seconds
[2024-02-21T13:23:38.915+0000] {processor.py:161} INFO - Started process (PID=995) to work on /home/airflow/.local/lib/python3.8/site-packages/airflow/example_dags/example_external_task_marker_dag.py
[2024-02-21T13:23:38.917+0000] {processor.py:830} INFO - Processing file /home/airflow/.local/lib/python3.8/site-packages/airflow/example_dags/example_external_task_marker_dag.py for tasks to queue
[2024-02-21T13:23:38.922+0000] {logging_mixin.py:188} INFO - [2024-02-21T13:23:38.921+0000] {dagbag.py:538} INFO - Filling up the DagBag from /home/airflow/.local/lib/python3.8/site-packages/airflow/example_dags/example_external_task_marker_dag.py
[2024-02-21T13:23:38.937+0000] {processor.py:840} INFO - DAG(s) 'example_external_task_marker_child', 'example_external_task_marker_parent' retrieved from /home/airflow/.local/lib/python3.8/site-packages/airflow/example_dags/example_external_task_marker_dag.py
[2024-02-21T13:23:38.988+0000] {logging_mixin.py:188} INFO - [2024-02-21T13:23:38.988+0000] {dag.py:3036} INFO - Sync 2 DAGs
[2024-02-21T13:23:39.009+0000] {logging_mixin.py:188} INFO - [2024-02-21T13:23:39.008+0000] {dag.py:3823} INFO - Setting next_dagrun for example_external_task_marker_child to None, run_after=None
[2024-02-21T13:23:39.014+0000] {logging_mixin.py:188} INFO - [2024-02-21T13:23:39.014+0000] {dag.py:3823} INFO - Setting next_dagrun for example_external_task_marker_parent to None, run_after=None
[2024-02-21T13:23:39.038+0000] {processor.py:183} INFO - Processing /home/airflow/.local/lib/python3.8/site-packages/airflow/example_dags/example_external_task_marker_dag.py took 0.129 seconds
[2024-02-21T13:24:09.706+0000] {processor.py:161} INFO - Started process (PID=1050) to work on /home/airflow/.local/lib/python3.8/site-packages/airflow/example_dags/example_external_task_marker_dag.py
[2024-02-21T13:24:09.709+0000] {processor.py:830} INFO - Processing file /home/airflow/.local/lib/python3.8/site-packages/airflow/example_dags/example_external_task_marker_dag.py for tasks to queue
[2024-02-21T13:24:09.712+0000] {logging_mixin.py:188} INFO - [2024-02-21T13:24:09.711+0000] {dagbag.py:538} INFO - Filling up the DagBag from /home/airflow/.local/lib/python3.8/site-packages/airflow/example_dags/example_external_task_marker_dag.py
[2024-02-21T13:24:09.723+0000] {processor.py:840} INFO - DAG(s) 'example_external_task_marker_parent', 'example_external_task_marker_child' retrieved from /home/airflow/.local/lib/python3.8/site-packages/airflow/example_dags/example_external_task_marker_dag.py
[2024-02-21T13:24:09.769+0000] {logging_mixin.py:188} INFO - [2024-02-21T13:24:09.768+0000] {dag.py:3036} INFO - Sync 2 DAGs
[2024-02-21T13:24:09.791+0000] {logging_mixin.py:188} INFO - [2024-02-21T13:24:09.790+0000] {dag.py:3823} INFO - Setting next_dagrun for example_external_task_marker_child to None, run_after=None
[2024-02-21T13:24:09.796+0000] {logging_mixin.py:188} INFO - [2024-02-21T13:24:09.796+0000] {dag.py:3823} INFO - Setting next_dagrun for example_external_task_marker_parent to None, run_after=None
[2024-02-21T13:24:09.819+0000] {processor.py:183} INFO - Processing /home/airflow/.local/lib/python3.8/site-packages/airflow/example_dags/example_external_task_marker_dag.py took 0.119 seconds
[2024-02-21T13:24:40.325+0000] {processor.py:161} INFO - Started process (PID=1105) to work on /home/airflow/.local/lib/python3.8/site-packages/airflow/example_dags/example_external_task_marker_dag.py
[2024-02-21T13:24:40.328+0000] {processor.py:830} INFO - Processing file /home/airflow/.local/lib/python3.8/site-packages/airflow/example_dags/example_external_task_marker_dag.py for tasks to queue
[2024-02-21T13:24:40.331+0000] {logging_mixin.py:188} INFO - [2024-02-21T13:24:40.330+0000] {dagbag.py:538} INFO - Filling up the DagBag from /home/airflow/.local/lib/python3.8/site-packages/airflow/example_dags/example_external_task_marker_dag.py
[2024-02-21T13:24:40.341+0000] {processor.py:840} INFO - DAG(s) 'example_external_task_marker_child', 'example_external_task_marker_parent' retrieved from /home/airflow/.local/lib/python3.8/site-packages/airflow/example_dags/example_external_task_marker_dag.py
[2024-02-21T13:24:40.381+0000] {logging_mixin.py:188} INFO - [2024-02-21T13:24:40.381+0000] {dag.py:3036} INFO - Sync 2 DAGs
[2024-02-21T13:24:40.404+0000] {logging_mixin.py:188} INFO - [2024-02-21T13:24:40.403+0000] {dag.py:3823} INFO - Setting next_dagrun for example_external_task_marker_child to None, run_after=None
[2024-02-21T13:24:40.409+0000] {logging_mixin.py:188} INFO - [2024-02-21T13:24:40.409+0000] {dag.py:3823} INFO - Setting next_dagrun for example_external_task_marker_parent to None, run_after=None
[2024-02-21T13:24:40.432+0000] {processor.py:183} INFO - Processing /home/airflow/.local/lib/python3.8/site-packages/airflow/example_dags/example_external_task_marker_dag.py took 0.113 seconds
[2024-02-21T13:25:11.478+0000] {processor.py:161} INFO - Started process (PID=1161) to work on /home/airflow/.local/lib/python3.8/site-packages/airflow/example_dags/example_external_task_marker_dag.py
[2024-02-21T13:25:11.480+0000] {processor.py:830} INFO - Processing file /home/airflow/.local/lib/python3.8/site-packages/airflow/example_dags/example_external_task_marker_dag.py for tasks to queue
[2024-02-21T13:25:11.483+0000] {logging_mixin.py:188} INFO - [2024-02-21T13:25:11.483+0000] {dagbag.py:538} INFO - Filling up the DagBag from /home/airflow/.local/lib/python3.8/site-packages/airflow/example_dags/example_external_task_marker_dag.py
[2024-02-21T13:25:11.493+0000] {processor.py:840} INFO - DAG(s) 'example_external_task_marker_parent', 'example_external_task_marker_child' retrieved from /home/airflow/.local/lib/python3.8/site-packages/airflow/example_dags/example_external_task_marker_dag.py
[2024-02-21T13:25:11.543+0000] {logging_mixin.py:188} INFO - [2024-02-21T13:25:11.543+0000] {dag.py:3036} INFO - Sync 2 DAGs
[2024-02-21T13:25:11.572+0000] {logging_mixin.py:188} INFO - [2024-02-21T13:25:11.571+0000] {dag.py:3823} INFO - Setting next_dagrun for example_external_task_marker_child to None, run_after=None
[2024-02-21T13:25:11.579+0000] {logging_mixin.py:188} INFO - [2024-02-21T13:25:11.579+0000] {dag.py:3823} INFO - Setting next_dagrun for example_external_task_marker_parent to None, run_after=None
[2024-02-21T13:25:11.611+0000] {processor.py:183} INFO - Processing /home/airflow/.local/lib/python3.8/site-packages/airflow/example_dags/example_external_task_marker_dag.py took 0.140 seconds
[2024-02-21T13:25:41.719+0000] {processor.py:161} INFO - Started process (PID=1216) to work on /home/airflow/.local/lib/python3.8/site-packages/airflow/example_dags/example_external_task_marker_dag.py
[2024-02-21T13:25:41.721+0000] {processor.py:830} INFO - Processing file /home/airflow/.local/lib/python3.8/site-packages/airflow/example_dags/example_external_task_marker_dag.py for tasks to queue
[2024-02-21T13:25:41.724+0000] {logging_mixin.py:188} INFO - [2024-02-21T13:25:41.724+0000] {dagbag.py:538} INFO - Filling up the DagBag from /home/airflow/.local/lib/python3.8/site-packages/airflow/example_dags/example_external_task_marker_dag.py
[2024-02-21T13:25:41.737+0000] {processor.py:840} INFO - DAG(s) 'example_external_task_marker_parent', 'example_external_task_marker_child' retrieved from /home/airflow/.local/lib/python3.8/site-packages/airflow/example_dags/example_external_task_marker_dag.py
[2024-02-21T13:25:41.787+0000] {logging_mixin.py:188} INFO - [2024-02-21T13:25:41.786+0000] {dag.py:3036} INFO - Sync 2 DAGs
[2024-02-21T13:25:41.814+0000] {logging_mixin.py:188} INFO - [2024-02-21T13:25:41.814+0000] {dag.py:3823} INFO - Setting next_dagrun for example_external_task_marker_child to None, run_after=None
[2024-02-21T13:25:41.821+0000] {logging_mixin.py:188} INFO - [2024-02-21T13:25:41.821+0000] {dag.py:3823} INFO - Setting next_dagrun for example_external_task_marker_parent to None, run_after=None
[2024-02-21T13:25:41.845+0000] {processor.py:183} INFO - Processing /home/airflow/.local/lib/python3.8/site-packages/airflow/example_dags/example_external_task_marker_dag.py took 0.133 seconds
[2024-02-21T13:26:12.104+0000] {processor.py:161} INFO - Started process (PID=1271) to work on /home/airflow/.local/lib/python3.8/site-packages/airflow/example_dags/example_external_task_marker_dag.py
[2024-02-21T13:26:12.106+0000] {processor.py:830} INFO - Processing file /home/airflow/.local/lib/python3.8/site-packages/airflow/example_dags/example_external_task_marker_dag.py for tasks to queue
[2024-02-21T13:26:12.110+0000] {logging_mixin.py:188} INFO - [2024-02-21T13:26:12.109+0000] {dagbag.py:538} INFO - Filling up the DagBag from /home/airflow/.local/lib/python3.8/site-packages/airflow/example_dags/example_external_task_marker_dag.py
[2024-02-21T13:26:12.121+0000] {processor.py:840} INFO - DAG(s) 'example_external_task_marker_parent', 'example_external_task_marker_child' retrieved from /home/airflow/.local/lib/python3.8/site-packages/airflow/example_dags/example_external_task_marker_dag.py
[2024-02-21T13:26:12.159+0000] {logging_mixin.py:188} INFO - [2024-02-21T13:26:12.159+0000] {dag.py:3036} INFO - Sync 2 DAGs
[2024-02-21T13:26:12.181+0000] {logging_mixin.py:188} INFO - [2024-02-21T13:26:12.181+0000] {dag.py:3823} INFO - Setting next_dagrun for example_external_task_marker_child to None, run_after=None
[2024-02-21T13:26:12.187+0000] {logging_mixin.py:188} INFO - [2024-02-21T13:26:12.187+0000] {dag.py:3823} INFO - Setting next_dagrun for example_external_task_marker_parent to None, run_after=None
[2024-02-21T13:26:12.213+0000] {processor.py:183} INFO - Processing /home/airflow/.local/lib/python3.8/site-packages/airflow/example_dags/example_external_task_marker_dag.py took 0.115 seconds
[2024-02-21T13:26:42.600+0000] {processor.py:161} INFO - Started process (PID=1327) to work on /home/airflow/.local/lib/python3.8/site-packages/airflow/example_dags/example_external_task_marker_dag.py
[2024-02-21T13:26:42.602+0000] {processor.py:830} INFO - Processing file /home/airflow/.local/lib/python3.8/site-packages/airflow/example_dags/example_external_task_marker_dag.py for tasks to queue
[2024-02-21T13:26:42.605+0000] {logging_mixin.py:188} INFO - [2024-02-21T13:26:42.605+0000] {dagbag.py:538} INFO - Filling up the DagBag from /home/airflow/.local/lib/python3.8/site-packages/airflow/example_dags/example_external_task_marker_dag.py
[2024-02-21T13:26:42.616+0000] {processor.py:840} INFO - DAG(s) 'example_external_task_marker_child', 'example_external_task_marker_parent' retrieved from /home/airflow/.local/lib/python3.8/site-packages/airflow/example_dags/example_external_task_marker_dag.py
[2024-02-21T13:26:42.654+0000] {logging_mixin.py:188} INFO - [2024-02-21T13:26:42.654+0000] {dag.py:3036} INFO - Sync 2 DAGs
[2024-02-21T13:26:42.674+0000] {logging_mixin.py:188} INFO - [2024-02-21T13:26:42.674+0000] {dag.py:3823} INFO - Setting next_dagrun for example_external_task_marker_child to None, run_after=None
[2024-02-21T13:26:42.679+0000] {logging_mixin.py:188} INFO - [2024-02-21T13:26:42.679+0000] {dag.py:3823} INFO - Setting next_dagrun for example_external_task_marker_parent to None, run_after=None
[2024-02-21T13:26:42.706+0000] {processor.py:183} INFO - Processing /home/airflow/.local/lib/python3.8/site-packages/airflow/example_dags/example_external_task_marker_dag.py took 0.112 seconds
[2024-02-21T13:27:13.738+0000] {processor.py:161} INFO - Started process (PID=1382) to work on /home/airflow/.local/lib/python3.8/site-packages/airflow/example_dags/example_external_task_marker_dag.py
[2024-02-21T13:27:13.741+0000] {processor.py:830} INFO - Processing file /home/airflow/.local/lib/python3.8/site-packages/airflow/example_dags/example_external_task_marker_dag.py for tasks to queue
[2024-02-21T13:27:13.745+0000] {logging_mixin.py:188} INFO - [2024-02-21T13:27:13.744+0000] {dagbag.py:538} INFO - Filling up the DagBag from /home/airflow/.local/lib/python3.8/site-packages/airflow/example_dags/example_external_task_marker_dag.py
[2024-02-21T13:27:13.758+0000] {processor.py:840} INFO - DAG(s) 'example_external_task_marker_child', 'example_external_task_marker_parent' retrieved from /home/airflow/.local/lib/python3.8/site-packages/airflow/example_dags/example_external_task_marker_dag.py
[2024-02-21T13:27:13.794+0000] {logging_mixin.py:188} INFO - [2024-02-21T13:27:13.794+0000] {dag.py:3036} INFO - Sync 2 DAGs
[2024-02-21T13:27:13.814+0000] {logging_mixin.py:188} INFO - [2024-02-21T13:27:13.813+0000] {dag.py:3823} INFO - Setting next_dagrun for example_external_task_marker_child to None, run_after=None
[2024-02-21T13:27:13.819+0000] {logging_mixin.py:188} INFO - [2024-02-21T13:27:13.819+0000] {dag.py:3823} INFO - Setting next_dagrun for example_external_task_marker_parent to None, run_after=None
[2024-02-21T13:27:13.845+0000] {processor.py:183} INFO - Processing /home/airflow/.local/lib/python3.8/site-packages/airflow/example_dags/example_external_task_marker_dag.py took 0.114 seconds
[2024-02-21T13:27:43.996+0000] {processor.py:161} INFO - Started process (PID=1438) to work on /home/airflow/.local/lib/python3.8/site-packages/airflow/example_dags/example_external_task_marker_dag.py
[2024-02-21T13:27:43.997+0000] {processor.py:830} INFO - Processing file /home/airflow/.local/lib/python3.8/site-packages/airflow/example_dags/example_external_task_marker_dag.py for tasks to queue
[2024-02-21T13:27:44.001+0000] {logging_mixin.py:188} INFO - [2024-02-21T13:27:44.000+0000] {dagbag.py:538} INFO - Filling up the DagBag from /home/airflow/.local/lib/python3.8/site-packages/airflow/example_dags/example_external_task_marker_dag.py
[2024-02-21T13:27:44.011+0000] {processor.py:840} INFO - DAG(s) 'example_external_task_marker_parent', 'example_external_task_marker_child' retrieved from /home/airflow/.local/lib/python3.8/site-packages/airflow/example_dags/example_external_task_marker_dag.py
[2024-02-21T13:27:44.050+0000] {logging_mixin.py:188} INFO - [2024-02-21T13:27:44.049+0000] {dag.py:3036} INFO - Sync 2 DAGs
[2024-02-21T13:27:44.073+0000] {logging_mixin.py:188} INFO - [2024-02-21T13:27:44.072+0000] {dag.py:3823} INFO - Setting next_dagrun for example_external_task_marker_child to None, run_after=None
[2024-02-21T13:27:44.079+0000] {logging_mixin.py:188} INFO - [2024-02-21T13:27:44.078+0000] {dag.py:3823} INFO - Setting next_dagrun for example_external_task_marker_parent to None, run_after=None
[2024-02-21T13:27:44.103+0000] {processor.py:183} INFO - Processing /home/airflow/.local/lib/python3.8/site-packages/airflow/example_dags/example_external_task_marker_dag.py took 0.113 seconds
[2024-02-21T13:28:14.197+0000] {processor.py:161} INFO - Started process (PID=1493) to work on /home/airflow/.local/lib/python3.8/site-packages/airflow/example_dags/example_external_task_marker_dag.py
[2024-02-21T13:28:14.199+0000] {processor.py:830} INFO - Processing file /home/airflow/.local/lib/python3.8/site-packages/airflow/example_dags/example_external_task_marker_dag.py for tasks to queue
[2024-02-21T13:28:14.202+0000] {logging_mixin.py:188} INFO - [2024-02-21T13:28:14.202+0000] {dagbag.py:538} INFO - Filling up the DagBag from /home/airflow/.local/lib/python3.8/site-packages/airflow/example_dags/example_external_task_marker_dag.py
[2024-02-21T13:28:14.213+0000] {processor.py:840} INFO - DAG(s) 'example_external_task_marker_parent', 'example_external_task_marker_child' retrieved from /home/airflow/.local/lib/python3.8/site-packages/airflow/example_dags/example_external_task_marker_dag.py
[2024-02-21T13:28:14.252+0000] {logging_mixin.py:188} INFO - [2024-02-21T13:28:14.251+0000] {dag.py:3036} INFO - Sync 2 DAGs
[2024-02-21T13:28:14.271+0000] {logging_mixin.py:188} INFO - [2024-02-21T13:28:14.271+0000] {dag.py:3823} INFO - Setting next_dagrun for example_external_task_marker_child to None, run_after=None
[2024-02-21T13:28:14.277+0000] {logging_mixin.py:188} INFO - [2024-02-21T13:28:14.276+0000] {dag.py:3823} INFO - Setting next_dagrun for example_external_task_marker_parent to None, run_after=None
[2024-02-21T13:28:14.302+0000] {processor.py:183} INFO - Processing /home/airflow/.local/lib/python3.8/site-packages/airflow/example_dags/example_external_task_marker_dag.py took 0.111 seconds
[2024-02-21T13:28:44.757+0000] {processor.py:161} INFO - Started process (PID=1548) to work on /home/airflow/.local/lib/python3.8/site-packages/airflow/example_dags/example_external_task_marker_dag.py
[2024-02-21T13:28:44.758+0000] {processor.py:830} INFO - Processing file /home/airflow/.local/lib/python3.8/site-packages/airflow/example_dags/example_external_task_marker_dag.py for tasks to queue
[2024-02-21T13:28:44.761+0000] {logging_mixin.py:188} INFO - [2024-02-21T13:28:44.761+0000] {dagbag.py:538} INFO - Filling up the DagBag from /home/airflow/.local/lib/python3.8/site-packages/airflow/example_dags/example_external_task_marker_dag.py
[2024-02-21T13:28:44.772+0000] {processor.py:840} INFO - DAG(s) 'example_external_task_marker_child', 'example_external_task_marker_parent' retrieved from /home/airflow/.local/lib/python3.8/site-packages/airflow/example_dags/example_external_task_marker_dag.py
[2024-02-21T13:28:44.810+0000] {logging_mixin.py:188} INFO - [2024-02-21T13:28:44.809+0000] {dag.py:3036} INFO - Sync 2 DAGs
[2024-02-21T13:28:44.829+0000] {logging_mixin.py:188} INFO - [2024-02-21T13:28:44.829+0000] {dag.py:3823} INFO - Setting next_dagrun for example_external_task_marker_child to None, run_after=None
[2024-02-21T13:28:44.834+0000] {logging_mixin.py:188} INFO - [2024-02-21T13:28:44.834+0000] {dag.py:3823} INFO - Setting next_dagrun for example_external_task_marker_parent to None, run_after=None
[2024-02-21T13:28:44.859+0000] {processor.py:183} INFO - Processing /home/airflow/.local/lib/python3.8/site-packages/airflow/example_dags/example_external_task_marker_dag.py took 0.108 seconds
[2024-02-21T13:29:15.440+0000] {processor.py:161} INFO - Started process (PID=1603) to work on /home/airflow/.local/lib/python3.8/site-packages/airflow/example_dags/example_external_task_marker_dag.py
[2024-02-21T13:29:15.442+0000] {processor.py:830} INFO - Processing file /home/airflow/.local/lib/python3.8/site-packages/airflow/example_dags/example_external_task_marker_dag.py for tasks to queue
[2024-02-21T13:29:15.445+0000] {logging_mixin.py:188} INFO - [2024-02-21T13:29:15.445+0000] {dagbag.py:538} INFO - Filling up the DagBag from /home/airflow/.local/lib/python3.8/site-packages/airflow/example_dags/example_external_task_marker_dag.py
[2024-02-21T13:29:15.456+0000] {processor.py:840} INFO - DAG(s) 'example_external_task_marker_child', 'example_external_task_marker_parent' retrieved from /home/airflow/.local/lib/python3.8/site-packages/airflow/example_dags/example_external_task_marker_dag.py
[2024-02-21T13:29:15.495+0000] {logging_mixin.py:188} INFO - [2024-02-21T13:29:15.494+0000] {dag.py:3036} INFO - Sync 2 DAGs
[2024-02-21T13:29:15.515+0000] {logging_mixin.py:188} INFO - [2024-02-21T13:29:15.515+0000] {dag.py:3823} INFO - Setting next_dagrun for example_external_task_marker_child to None, run_after=None
[2024-02-21T13:29:15.520+0000] {logging_mixin.py:188} INFO - [2024-02-21T13:29:15.520+0000] {dag.py:3823} INFO - Setting next_dagrun for example_external_task_marker_parent to None, run_after=None
[2024-02-21T13:29:15.550+0000] {processor.py:183} INFO - Processing /home/airflow/.local/lib/python3.8/site-packages/airflow/example_dags/example_external_task_marker_dag.py took 0.118 seconds
[2024-02-21T13:29:46.161+0000] {processor.py:161} INFO - Started process (PID=1658) to work on /home/airflow/.local/lib/python3.8/site-packages/airflow/example_dags/example_external_task_marker_dag.py
[2024-02-21T13:29:46.163+0000] {processor.py:830} INFO - Processing file /home/airflow/.local/lib/python3.8/site-packages/airflow/example_dags/example_external_task_marker_dag.py for tasks to queue
[2024-02-21T13:29:46.167+0000] {logging_mixin.py:188} INFO - [2024-02-21T13:29:46.167+0000] {dagbag.py:538} INFO - Filling up the DagBag from /home/airflow/.local/lib/python3.8/site-packages/airflow/example_dags/example_external_task_marker_dag.py
[2024-02-21T13:29:46.181+0000] {processor.py:840} INFO - DAG(s) 'example_external_task_marker_child', 'example_external_task_marker_parent' retrieved from /home/airflow/.local/lib/python3.8/site-packages/airflow/example_dags/example_external_task_marker_dag.py
[2024-02-21T13:29:46.221+0000] {logging_mixin.py:188} INFO - [2024-02-21T13:29:46.220+0000] {dag.py:3036} INFO - Sync 2 DAGs
[2024-02-21T13:29:46.249+0000] {logging_mixin.py:188} INFO - [2024-02-21T13:29:46.249+0000] {dag.py:3823} INFO - Setting next_dagrun for example_external_task_marker_child to None, run_after=None
[2024-02-21T13:29:46.255+0000] {logging_mixin.py:188} INFO - [2024-02-21T13:29:46.255+0000] {dag.py:3823} INFO - Setting next_dagrun for example_external_task_marker_parent to None, run_after=None
[2024-02-21T13:29:46.285+0000] {processor.py:183} INFO - Processing /home/airflow/.local/lib/python3.8/site-packages/airflow/example_dags/example_external_task_marker_dag.py took 0.132 seconds
[2024-02-21T13:30:16.675+0000] {processor.py:161} INFO - Started process (PID=1713) to work on /home/airflow/.local/lib/python3.8/site-packages/airflow/example_dags/example_external_task_marker_dag.py
[2024-02-21T13:30:16.677+0000] {processor.py:830} INFO - Processing file /home/airflow/.local/lib/python3.8/site-packages/airflow/example_dags/example_external_task_marker_dag.py for tasks to queue
[2024-02-21T13:30:16.681+0000] {logging_mixin.py:188} INFO - [2024-02-21T13:30:16.681+0000] {dagbag.py:538} INFO - Filling up the DagBag from /home/airflow/.local/lib/python3.8/site-packages/airflow/example_dags/example_external_task_marker_dag.py
[2024-02-21T13:30:16.695+0000] {processor.py:840} INFO - DAG(s) 'example_external_task_marker_parent', 'example_external_task_marker_child' retrieved from /home/airflow/.local/lib/python3.8/site-packages/airflow/example_dags/example_external_task_marker_dag.py
[2024-02-21T13:30:16.734+0000] {logging_mixin.py:188} INFO - [2024-02-21T13:30:16.734+0000] {dag.py:3036} INFO - Sync 2 DAGs
[2024-02-21T13:30:16.754+0000] {logging_mixin.py:188} INFO - [2024-02-21T13:30:16.754+0000] {dag.py:3823} INFO - Setting next_dagrun for example_external_task_marker_child to None, run_after=None
[2024-02-21T13:30:16.761+0000] {logging_mixin.py:188} INFO - [2024-02-21T13:30:16.761+0000] {dag.py:3823} INFO - Setting next_dagrun for example_external_task_marker_parent to None, run_after=None
[2024-02-21T13:30:16.790+0000] {processor.py:183} INFO - Processing /home/airflow/.local/lib/python3.8/site-packages/airflow/example_dags/example_external_task_marker_dag.py took 0.122 seconds
[2024-02-21T13:30:46.993+0000] {processor.py:161} INFO - Started process (PID=1768) to work on /home/airflow/.local/lib/python3.8/site-packages/airflow/example_dags/example_external_task_marker_dag.py
[2024-02-21T13:30:46.995+0000] {processor.py:830} INFO - Processing file /home/airflow/.local/lib/python3.8/site-packages/airflow/example_dags/example_external_task_marker_dag.py for tasks to queue
[2024-02-21T13:30:47.000+0000] {logging_mixin.py:188} INFO - [2024-02-21T13:30:46.999+0000] {dagbag.py:538} INFO - Filling up the DagBag from /home/airflow/.local/lib/python3.8/site-packages/airflow/example_dags/example_external_task_marker_dag.py
[2024-02-21T13:30:47.012+0000] {processor.py:840} INFO - DAG(s) 'example_external_task_marker_parent', 'example_external_task_marker_child' retrieved from /home/airflow/.local/lib/python3.8/site-packages/airflow/example_dags/example_external_task_marker_dag.py
[2024-02-21T13:30:47.052+0000] {logging_mixin.py:188} INFO - [2024-02-21T13:30:47.051+0000] {dag.py:3036} INFO - Sync 2 DAGs
[2024-02-21T13:30:47.073+0000] {logging_mixin.py:188} INFO - [2024-02-21T13:30:47.073+0000] {dag.py:3823} INFO - Setting next_dagrun for example_external_task_marker_child to None, run_after=None
[2024-02-21T13:30:47.078+0000] {logging_mixin.py:188} INFO - [2024-02-21T13:30:47.078+0000] {dag.py:3823} INFO - Setting next_dagrun for example_external_task_marker_parent to None, run_after=None
[2024-02-21T13:30:47.117+0000] {processor.py:183} INFO - Processing /home/airflow/.local/lib/python3.8/site-packages/airflow/example_dags/example_external_task_marker_dag.py took 0.132 seconds
[2024-02-21T13:31:17.174+0000] {processor.py:161} INFO - Started process (PID=1822) to work on /home/airflow/.local/lib/python3.8/site-packages/airflow/example_dags/example_external_task_marker_dag.py
[2024-02-21T13:31:17.177+0000] {processor.py:830} INFO - Processing file /home/airflow/.local/lib/python3.8/site-packages/airflow/example_dags/example_external_task_marker_dag.py for tasks to queue
[2024-02-21T13:31:17.180+0000] {logging_mixin.py:188} INFO - [2024-02-21T13:31:17.180+0000] {dagbag.py:538} INFO - Filling up the DagBag from /home/airflow/.local/lib/python3.8/site-packages/airflow/example_dags/example_external_task_marker_dag.py
[2024-02-21T13:31:17.191+0000] {processor.py:840} INFO - DAG(s) 'example_external_task_marker_parent', 'example_external_task_marker_child' retrieved from /home/airflow/.local/lib/python3.8/site-packages/airflow/example_dags/example_external_task_marker_dag.py
[2024-02-21T13:31:17.238+0000] {logging_mixin.py:188} INFO - [2024-02-21T13:31:17.237+0000] {dag.py:3036} INFO - Sync 2 DAGs
[2024-02-21T13:31:17.262+0000] {logging_mixin.py:188} INFO - [2024-02-21T13:31:17.261+0000] {dag.py:3823} INFO - Setting next_dagrun for example_external_task_marker_child to None, run_after=None
[2024-02-21T13:31:17.268+0000] {logging_mixin.py:188} INFO - [2024-02-21T13:31:17.268+0000] {dag.py:3823} INFO - Setting next_dagrun for example_external_task_marker_parent to None, run_after=None
[2024-02-21T13:31:17.295+0000] {processor.py:183} INFO - Processing /home/airflow/.local/lib/python3.8/site-packages/airflow/example_dags/example_external_task_marker_dag.py took 0.128 seconds
[2024-02-21T13:31:47.606+0000] {processor.py:161} INFO - Started process (PID=1877) to work on /home/airflow/.local/lib/python3.8/site-packages/airflow/example_dags/example_external_task_marker_dag.py
[2024-02-21T13:31:47.608+0000] {processor.py:830} INFO - Processing file /home/airflow/.local/lib/python3.8/site-packages/airflow/example_dags/example_external_task_marker_dag.py for tasks to queue
[2024-02-21T13:31:47.611+0000] {logging_mixin.py:188} INFO - [2024-02-21T13:31:47.611+0000] {dagbag.py:538} INFO - Filling up the DagBag from /home/airflow/.local/lib/python3.8/site-packages/airflow/example_dags/example_external_task_marker_dag.py
[2024-02-21T13:31:47.622+0000] {processor.py:840} INFO - DAG(s) 'example_external_task_marker_child', 'example_external_task_marker_parent' retrieved from /home/airflow/.local/lib/python3.8/site-packages/airflow/example_dags/example_external_task_marker_dag.py
[2024-02-21T13:31:47.661+0000] {logging_mixin.py:188} INFO - [2024-02-21T13:31:47.661+0000] {dag.py:3036} INFO - Sync 2 DAGs
[2024-02-21T13:31:47.680+0000] {logging_mixin.py:188} INFO - [2024-02-21T13:31:47.680+0000] {dag.py:3823} INFO - Setting next_dagrun for example_external_task_marker_child to None, run_after=None
[2024-02-21T13:31:47.686+0000] {logging_mixin.py:188} INFO - [2024-02-21T13:31:47.686+0000] {dag.py:3823} INFO - Setting next_dagrun for example_external_task_marker_parent to None, run_after=None
[2024-02-21T13:31:47.710+0000] {processor.py:183} INFO - Processing /home/airflow/.local/lib/python3.8/site-packages/airflow/example_dags/example_external_task_marker_dag.py took 0.110 seconds
[2024-02-21T13:32:17.790+0000] {processor.py:161} INFO - Started process (PID=1933) to work on /home/airflow/.local/lib/python3.8/site-packages/airflow/example_dags/example_external_task_marker_dag.py
[2024-02-21T13:32:17.792+0000] {processor.py:830} INFO - Processing file /home/airflow/.local/lib/python3.8/site-packages/airflow/example_dags/example_external_task_marker_dag.py for tasks to queue
[2024-02-21T13:32:17.796+0000] {logging_mixin.py:188} INFO - [2024-02-21T13:32:17.795+0000] {dagbag.py:538} INFO - Filling up the DagBag from /home/airflow/.local/lib/python3.8/site-packages/airflow/example_dags/example_external_task_marker_dag.py
[2024-02-21T13:32:17.805+0000] {processor.py:840} INFO - DAG(s) 'example_external_task_marker_parent', 'example_external_task_marker_child' retrieved from /home/airflow/.local/lib/python3.8/site-packages/airflow/example_dags/example_external_task_marker_dag.py
[2024-02-21T13:32:17.842+0000] {logging_mixin.py:188} INFO - [2024-02-21T13:32:17.842+0000] {dag.py:3036} INFO - Sync 2 DAGs
[2024-02-21T13:32:17.862+0000] {logging_mixin.py:188} INFO - [2024-02-21T13:32:17.861+0000] {dag.py:3823} INFO - Setting next_dagrun for example_external_task_marker_child to None, run_after=None
[2024-02-21T13:32:17.867+0000] {logging_mixin.py:188} INFO - [2024-02-21T13:32:17.866+0000] {dag.py:3823} INFO - Setting next_dagrun for example_external_task_marker_parent to None, run_after=None
[2024-02-21T13:32:17.895+0000] {processor.py:183} INFO - Processing /home/airflow/.local/lib/python3.8/site-packages/airflow/example_dags/example_external_task_marker_dag.py took 0.110 seconds
[2024-02-21T13:32:48.251+0000] {processor.py:161} INFO - Started process (PID=1988) to work on /home/airflow/.local/lib/python3.8/site-packages/airflow/example_dags/example_external_task_marker_dag.py
[2024-02-21T13:32:48.253+0000] {processor.py:830} INFO - Processing file /home/airflow/.local/lib/python3.8/site-packages/airflow/example_dags/example_external_task_marker_dag.py for tasks to queue
[2024-02-21T13:32:48.257+0000] {logging_mixin.py:188} INFO - [2024-02-21T13:32:48.256+0000] {dagbag.py:538} INFO - Filling up the DagBag from /home/airflow/.local/lib/python3.8/site-packages/airflow/example_dags/example_external_task_marker_dag.py
[2024-02-21T13:32:48.266+0000] {processor.py:840} INFO - DAG(s) 'example_external_task_marker_child', 'example_external_task_marker_parent' retrieved from /home/airflow/.local/lib/python3.8/site-packages/airflow/example_dags/example_external_task_marker_dag.py
[2024-02-21T13:32:48.302+0000] {logging_mixin.py:188} INFO - [2024-02-21T13:32:48.301+0000] {dag.py:3036} INFO - Sync 2 DAGs
[2024-02-21T13:32:48.323+0000] {logging_mixin.py:188} INFO - [2024-02-21T13:32:48.323+0000] {dag.py:3823} INFO - Setting next_dagrun for example_external_task_marker_child to None, run_after=None
[2024-02-21T13:32:48.329+0000] {logging_mixin.py:188} INFO - [2024-02-21T13:32:48.329+0000] {dag.py:3823} INFO - Setting next_dagrun for example_external_task_marker_parent to None, run_after=None
[2024-02-21T13:32:48.354+0000] {processor.py:183} INFO - Processing /home/airflow/.local/lib/python3.8/site-packages/airflow/example_dags/example_external_task_marker_dag.py took 0.112 seconds
[2024-02-21T13:33:18.951+0000] {processor.py:161} INFO - Started process (PID=2043) to work on /home/airflow/.local/lib/python3.8/site-packages/airflow/example_dags/example_external_task_marker_dag.py
[2024-02-21T13:33:18.953+0000] {processor.py:830} INFO - Processing file /home/airflow/.local/lib/python3.8/site-packages/airflow/example_dags/example_external_task_marker_dag.py for tasks to queue
[2024-02-21T13:33:18.957+0000] {logging_mixin.py:188} INFO - [2024-02-21T13:33:18.957+0000] {dagbag.py:538} INFO - Filling up the DagBag from /home/airflow/.local/lib/python3.8/site-packages/airflow/example_dags/example_external_task_marker_dag.py
[2024-02-21T13:33:18.971+0000] {processor.py:840} INFO - DAG(s) 'example_external_task_marker_parent', 'example_external_task_marker_child' retrieved from /home/airflow/.local/lib/python3.8/site-packages/airflow/example_dags/example_external_task_marker_dag.py
[2024-02-21T13:33:19.010+0000] {logging_mixin.py:188} INFO - [2024-02-21T13:33:19.009+0000] {dag.py:3036} INFO - Sync 2 DAGs
[2024-02-21T13:33:19.030+0000] {logging_mixin.py:188} INFO - [2024-02-21T13:33:19.029+0000] {dag.py:3823} INFO - Setting next_dagrun for example_external_task_marker_child to None, run_after=None
[2024-02-21T13:33:19.036+0000] {logging_mixin.py:188} INFO - [2024-02-21T13:33:19.035+0000] {dag.py:3823} INFO - Setting next_dagrun for example_external_task_marker_parent to None, run_after=None
[2024-02-21T13:33:19.063+0000] {processor.py:183} INFO - Processing /home/airflow/.local/lib/python3.8/site-packages/airflow/example_dags/example_external_task_marker_dag.py took 0.121 seconds
[2024-02-21T13:33:49.793+0000] {processor.py:161} INFO - Started process (PID=2098) to work on /home/airflow/.local/lib/python3.8/site-packages/airflow/example_dags/example_external_task_marker_dag.py
[2024-02-21T13:33:49.795+0000] {processor.py:830} INFO - Processing file /home/airflow/.local/lib/python3.8/site-packages/airflow/example_dags/example_external_task_marker_dag.py for tasks to queue
[2024-02-21T13:33:49.798+0000] {logging_mixin.py:188} INFO - [2024-02-21T13:33:49.798+0000] {dagbag.py:538} INFO - Filling up the DagBag from /home/airflow/.local/lib/python3.8/site-packages/airflow/example_dags/example_external_task_marker_dag.py
[2024-02-21T13:33:49.808+0000] {processor.py:840} INFO - DAG(s) 'example_external_task_marker_parent', 'example_external_task_marker_child' retrieved from /home/airflow/.local/lib/python3.8/site-packages/airflow/example_dags/example_external_task_marker_dag.py
[2024-02-21T13:33:49.845+0000] {logging_mixin.py:188} INFO - [2024-02-21T13:33:49.845+0000] {dag.py:3036} INFO - Sync 2 DAGs
[2024-02-21T13:33:49.865+0000] {logging_mixin.py:188} INFO - [2024-02-21T13:33:49.864+0000] {dag.py:3823} INFO - Setting next_dagrun for example_external_task_marker_child to None, run_after=None
[2024-02-21T13:33:49.870+0000] {logging_mixin.py:188} INFO - [2024-02-21T13:33:49.870+0000] {dag.py:3823} INFO - Setting next_dagrun for example_external_task_marker_parent to None, run_after=None
[2024-02-21T13:33:49.895+0000] {processor.py:183} INFO - Processing /home/airflow/.local/lib/python3.8/site-packages/airflow/example_dags/example_external_task_marker_dag.py took 0.108 seconds
[2024-02-21T13:34:20.325+0000] {processor.py:161} INFO - Started process (PID=2151) to work on /home/airflow/.local/lib/python3.8/site-packages/airflow/example_dags/example_external_task_marker_dag.py
[2024-02-21T13:34:20.328+0000] {processor.py:830} INFO - Processing file /home/airflow/.local/lib/python3.8/site-packages/airflow/example_dags/example_external_task_marker_dag.py for tasks to queue
[2024-02-21T13:34:20.332+0000] {logging_mixin.py:188} INFO - [2024-02-21T13:34:20.331+0000] {dagbag.py:538} INFO - Filling up the DagBag from /home/airflow/.local/lib/python3.8/site-packages/airflow/example_dags/example_external_task_marker_dag.py
[2024-02-21T13:34:20.341+0000] {processor.py:840} INFO - DAG(s) 'example_external_task_marker_parent', 'example_external_task_marker_child' retrieved from /home/airflow/.local/lib/python3.8/site-packages/airflow/example_dags/example_external_task_marker_dag.py
[2024-02-21T13:34:20.378+0000] {logging_mixin.py:188} INFO - [2024-02-21T13:34:20.378+0000] {dag.py:3036} INFO - Sync 2 DAGs
[2024-02-21T13:34:20.397+0000] {logging_mixin.py:188} INFO - [2024-02-21T13:34:20.397+0000] {dag.py:3823} INFO - Setting next_dagrun for example_external_task_marker_child to None, run_after=None
[2024-02-21T13:34:20.402+0000] {logging_mixin.py:188} INFO - [2024-02-21T13:34:20.402+0000] {dag.py:3823} INFO - Setting next_dagrun for example_external_task_marker_parent to None, run_after=None
[2024-02-21T13:34:20.424+0000] {processor.py:183} INFO - Processing /home/airflow/.local/lib/python3.8/site-packages/airflow/example_dags/example_external_task_marker_dag.py took 0.105 seconds
[2024-02-21T13:34:51.343+0000] {processor.py:161} INFO - Started process (PID=2212) to work on /home/airflow/.local/lib/python3.8/site-packages/airflow/example_dags/example_external_task_marker_dag.py
[2024-02-21T13:34:51.345+0000] {processor.py:830} INFO - Processing file /home/airflow/.local/lib/python3.8/site-packages/airflow/example_dags/example_external_task_marker_dag.py for tasks to queue
[2024-02-21T13:34:51.348+0000] {logging_mixin.py:188} INFO - [2024-02-21T13:34:51.347+0000] {dagbag.py:538} INFO - Filling up the DagBag from /home/airflow/.local/lib/python3.8/site-packages/airflow/example_dags/example_external_task_marker_dag.py
[2024-02-21T13:34:51.358+0000] {processor.py:840} INFO - DAG(s) 'example_external_task_marker_parent', 'example_external_task_marker_child' retrieved from /home/airflow/.local/lib/python3.8/site-packages/airflow/example_dags/example_external_task_marker_dag.py
[2024-02-21T13:34:51.397+0000] {logging_mixin.py:188} INFO - [2024-02-21T13:34:51.396+0000] {dag.py:3036} INFO - Sync 2 DAGs
[2024-02-21T13:34:51.428+0000] {logging_mixin.py:188} INFO - [2024-02-21T13:34:51.427+0000] {dag.py:3823} INFO - Setting next_dagrun for example_external_task_marker_child to None, run_after=None
[2024-02-21T13:34:51.437+0000] {logging_mixin.py:188} INFO - [2024-02-21T13:34:51.436+0000] {dag.py:3823} INFO - Setting next_dagrun for example_external_task_marker_parent to None, run_after=None
[2024-02-21T13:34:51.466+0000] {processor.py:183} INFO - Processing /home/airflow/.local/lib/python3.8/site-packages/airflow/example_dags/example_external_task_marker_dag.py took 0.129 seconds
[2024-02-21T13:35:21.884+0000] {processor.py:161} INFO - Started process (PID=2267) to work on /home/airflow/.local/lib/python3.8/site-packages/airflow/example_dags/example_external_task_marker_dag.py
[2024-02-21T13:35:21.886+0000] {processor.py:830} INFO - Processing file /home/airflow/.local/lib/python3.8/site-packages/airflow/example_dags/example_external_task_marker_dag.py for tasks to queue
[2024-02-21T13:35:21.890+0000] {logging_mixin.py:188} INFO - [2024-02-21T13:35:21.889+0000] {dagbag.py:538} INFO - Filling up the DagBag from /home/airflow/.local/lib/python3.8/site-packages/airflow/example_dags/example_external_task_marker_dag.py
[2024-02-21T13:35:21.900+0000] {processor.py:840} INFO - DAG(s) 'example_external_task_marker_child', 'example_external_task_marker_parent' retrieved from /home/airflow/.local/lib/python3.8/site-packages/airflow/example_dags/example_external_task_marker_dag.py
[2024-02-21T13:35:21.937+0000] {logging_mixin.py:188} INFO - [2024-02-21T13:35:21.937+0000] {dag.py:3036} INFO - Sync 2 DAGs
[2024-02-21T13:35:21.957+0000] {logging_mixin.py:188} INFO - [2024-02-21T13:35:21.956+0000] {dag.py:3823} INFO - Setting next_dagrun for example_external_task_marker_child to None, run_after=None
[2024-02-21T13:35:21.962+0000] {logging_mixin.py:188} INFO - [2024-02-21T13:35:21.962+0000] {dag.py:3823} INFO - Setting next_dagrun for example_external_task_marker_parent to None, run_after=None
[2024-02-21T13:35:21.988+0000] {processor.py:183} INFO - Processing /home/airflow/.local/lib/python3.8/site-packages/airflow/example_dags/example_external_task_marker_dag.py took 0.110 seconds
[2024-02-21T13:35:52.425+0000] {processor.py:161} INFO - Started process (PID=2322) to work on /home/airflow/.local/lib/python3.8/site-packages/airflow/example_dags/example_external_task_marker_dag.py
[2024-02-21T13:35:52.428+0000] {processor.py:830} INFO - Processing file /home/airflow/.local/lib/python3.8/site-packages/airflow/example_dags/example_external_task_marker_dag.py for tasks to queue
[2024-02-21T13:35:52.432+0000] {logging_mixin.py:188} INFO - [2024-02-21T13:35:52.432+0000] {dagbag.py:538} INFO - Filling up the DagBag from /home/airflow/.local/lib/python3.8/site-packages/airflow/example_dags/example_external_task_marker_dag.py
[2024-02-21T13:35:52.443+0000] {processor.py:840} INFO - DAG(s) 'example_external_task_marker_parent', 'example_external_task_marker_child' retrieved from /home/airflow/.local/lib/python3.8/site-packages/airflow/example_dags/example_external_task_marker_dag.py
[2024-02-21T13:35:52.480+0000] {logging_mixin.py:188} INFO - [2024-02-21T13:35:52.480+0000] {dag.py:3036} INFO - Sync 2 DAGs
[2024-02-21T13:35:52.500+0000] {logging_mixin.py:188} INFO - [2024-02-21T13:35:52.500+0000] {dag.py:3823} INFO - Setting next_dagrun for example_external_task_marker_child to None, run_after=None
[2024-02-21T13:35:52.506+0000] {logging_mixin.py:188} INFO - [2024-02-21T13:35:52.506+0000] {dag.py:3823} INFO - Setting next_dagrun for example_external_task_marker_parent to None, run_after=None
[2024-02-21T13:35:52.532+0000] {processor.py:183} INFO - Processing /home/airflow/.local/lib/python3.8/site-packages/airflow/example_dags/example_external_task_marker_dag.py took 0.116 seconds
[2024-02-21T13:36:23.197+0000] {processor.py:161} INFO - Started process (PID=2377) to work on /home/airflow/.local/lib/python3.8/site-packages/airflow/example_dags/example_external_task_marker_dag.py
[2024-02-21T13:36:23.199+0000] {processor.py:830} INFO - Processing file /home/airflow/.local/lib/python3.8/site-packages/airflow/example_dags/example_external_task_marker_dag.py for tasks to queue
[2024-02-21T13:36:23.204+0000] {logging_mixin.py:188} INFO - [2024-02-21T13:36:23.203+0000] {dagbag.py:538} INFO - Filling up the DagBag from /home/airflow/.local/lib/python3.8/site-packages/airflow/example_dags/example_external_task_marker_dag.py
[2024-02-21T13:36:23.218+0000] {processor.py:840} INFO - DAG(s) 'example_external_task_marker_child', 'example_external_task_marker_parent' retrieved from /home/airflow/.local/lib/python3.8/site-packages/airflow/example_dags/example_external_task_marker_dag.py
[2024-02-21T13:36:23.265+0000] {logging_mixin.py:188} INFO - [2024-02-21T13:36:23.265+0000] {dag.py:3036} INFO - Sync 2 DAGs
[2024-02-21T13:36:23.289+0000] {logging_mixin.py:188} INFO - [2024-02-21T13:36:23.288+0000] {dag.py:3823} INFO - Setting next_dagrun for example_external_task_marker_child to None, run_after=None
[2024-02-21T13:36:23.294+0000] {logging_mixin.py:188} INFO - [2024-02-21T13:36:23.294+0000] {dag.py:3823} INFO - Setting next_dagrun for example_external_task_marker_parent to None, run_after=None
[2024-02-21T13:36:23.322+0000] {processor.py:183} INFO - Processing /home/airflow/.local/lib/python3.8/site-packages/airflow/example_dags/example_external_task_marker_dag.py took 0.131 seconds
[2024-02-21T13:36:54.213+0000] {processor.py:161} INFO - Started process (PID=2433) to work on /home/airflow/.local/lib/python3.8/site-packages/airflow/example_dags/example_external_task_marker_dag.py
[2024-02-21T13:36:54.216+0000] {processor.py:830} INFO - Processing file /home/airflow/.local/lib/python3.8/site-packages/airflow/example_dags/example_external_task_marker_dag.py for tasks to queue
[2024-02-21T13:36:54.219+0000] {logging_mixin.py:188} INFO - [2024-02-21T13:36:54.218+0000] {dagbag.py:538} INFO - Filling up the DagBag from /home/airflow/.local/lib/python3.8/site-packages/airflow/example_dags/example_external_task_marker_dag.py
[2024-02-21T13:36:54.229+0000] {processor.py:840} INFO - DAG(s) 'example_external_task_marker_parent', 'example_external_task_marker_child' retrieved from /home/airflow/.local/lib/python3.8/site-packages/airflow/example_dags/example_external_task_marker_dag.py
[2024-02-21T13:36:54.267+0000] {logging_mixin.py:188} INFO - [2024-02-21T13:36:54.267+0000] {dag.py:3036} INFO - Sync 2 DAGs
[2024-02-21T13:36:54.290+0000] {logging_mixin.py:188} INFO - [2024-02-21T13:36:54.289+0000] {dag.py:3823} INFO - Setting next_dagrun for example_external_task_marker_child to None, run_after=None
[2024-02-21T13:36:54.296+0000] {logging_mixin.py:188} INFO - [2024-02-21T13:36:54.295+0000] {dag.py:3823} INFO - Setting next_dagrun for example_external_task_marker_parent to None, run_after=None
[2024-02-21T13:36:54.545+0000] {processor.py:183} INFO - Processing /home/airflow/.local/lib/python3.8/site-packages/airflow/example_dags/example_external_task_marker_dag.py took 0.338 seconds
[2024-02-21T13:37:25.314+0000] {processor.py:161} INFO - Started process (PID=2488) to work on /home/airflow/.local/lib/python3.8/site-packages/airflow/example_dags/example_external_task_marker_dag.py
[2024-02-21T13:37:25.317+0000] {processor.py:830} INFO - Processing file /home/airflow/.local/lib/python3.8/site-packages/airflow/example_dags/example_external_task_marker_dag.py for tasks to queue
[2024-02-21T13:37:25.321+0000] {logging_mixin.py:188} INFO - [2024-02-21T13:37:25.320+0000] {dagbag.py:538} INFO - Filling up the DagBag from /home/airflow/.local/lib/python3.8/site-packages/airflow/example_dags/example_external_task_marker_dag.py
[2024-02-21T13:37:25.334+0000] {processor.py:840} INFO - DAG(s) 'example_external_task_marker_parent', 'example_external_task_marker_child' retrieved from /home/airflow/.local/lib/python3.8/site-packages/airflow/example_dags/example_external_task_marker_dag.py
[2024-02-21T13:37:25.372+0000] {logging_mixin.py:188} INFO - [2024-02-21T13:37:25.372+0000] {dag.py:3036} INFO - Sync 2 DAGs
[2024-02-21T13:37:25.401+0000] {logging_mixin.py:188} INFO - [2024-02-21T13:37:25.400+0000] {dag.py:3823} INFO - Setting next_dagrun for example_external_task_marker_child to None, run_after=None
[2024-02-21T13:37:25.409+0000] {logging_mixin.py:188} INFO - [2024-02-21T13:37:25.409+0000] {dag.py:3823} INFO - Setting next_dagrun for example_external_task_marker_parent to None, run_after=None
[2024-02-21T13:37:25.650+0000] {processor.py:183} INFO - Processing /home/airflow/.local/lib/python3.8/site-packages/airflow/example_dags/example_external_task_marker_dag.py took 0.345 seconds
[2024-02-21T13:37:56.406+0000] {processor.py:161} INFO - Started process (PID=2543) to work on /home/airflow/.local/lib/python3.8/site-packages/airflow/example_dags/example_external_task_marker_dag.py
[2024-02-21T13:37:56.409+0000] {processor.py:830} INFO - Processing file /home/airflow/.local/lib/python3.8/site-packages/airflow/example_dags/example_external_task_marker_dag.py for tasks to queue
[2024-02-21T13:37:56.412+0000] {logging_mixin.py:188} INFO - [2024-02-21T13:37:56.411+0000] {dagbag.py:538} INFO - Filling up the DagBag from /home/airflow/.local/lib/python3.8/site-packages/airflow/example_dags/example_external_task_marker_dag.py
[2024-02-21T13:37:56.422+0000] {processor.py:840} INFO - DAG(s) 'example_external_task_marker_child', 'example_external_task_marker_parent' retrieved from /home/airflow/.local/lib/python3.8/site-packages/airflow/example_dags/example_external_task_marker_dag.py
[2024-02-21T13:37:56.459+0000] {logging_mixin.py:188} INFO - [2024-02-21T13:37:56.458+0000] {dag.py:3036} INFO - Sync 2 DAGs
[2024-02-21T13:37:56.478+0000] {logging_mixin.py:188} INFO - [2024-02-21T13:37:56.478+0000] {dag.py:3823} INFO - Setting next_dagrun for example_external_task_marker_child to None, run_after=None
[2024-02-21T13:37:56.484+0000] {logging_mixin.py:188} INFO - [2024-02-21T13:37:56.483+0000] {dag.py:3823} INFO - Setting next_dagrun for example_external_task_marker_parent to None, run_after=None
[2024-02-21T13:37:56.508+0000] {processor.py:183} INFO - Processing /home/airflow/.local/lib/python3.8/site-packages/airflow/example_dags/example_external_task_marker_dag.py took 0.108 seconds
[2024-02-21T13:38:26.795+0000] {processor.py:161} INFO - Started process (PID=2598) to work on /home/airflow/.local/lib/python3.8/site-packages/airflow/example_dags/example_external_task_marker_dag.py
[2024-02-21T13:38:26.798+0000] {processor.py:830} INFO - Processing file /home/airflow/.local/lib/python3.8/site-packages/airflow/example_dags/example_external_task_marker_dag.py for tasks to queue
[2024-02-21T13:38:26.801+0000] {logging_mixin.py:188} INFO - [2024-02-21T13:38:26.800+0000] {dagbag.py:538} INFO - Filling up the DagBag from /home/airflow/.local/lib/python3.8/site-packages/airflow/example_dags/example_external_task_marker_dag.py
[2024-02-21T13:38:26.810+0000] {processor.py:840} INFO - DAG(s) 'example_external_task_marker_child', 'example_external_task_marker_parent' retrieved from /home/airflow/.local/lib/python3.8/site-packages/airflow/example_dags/example_external_task_marker_dag.py
[2024-02-21T13:38:26.848+0000] {logging_mixin.py:188} INFO - [2024-02-21T13:38:26.848+0000] {dag.py:3036} INFO - Sync 2 DAGs
[2024-02-21T13:38:26.867+0000] {logging_mixin.py:188} INFO - [2024-02-21T13:38:26.867+0000] {dag.py:3823} INFO - Setting next_dagrun for example_external_task_marker_child to None, run_after=None
[2024-02-21T13:38:26.873+0000] {logging_mixin.py:188} INFO - [2024-02-21T13:38:26.872+0000] {dag.py:3823} INFO - Setting next_dagrun for example_external_task_marker_parent to None, run_after=None
[2024-02-21T13:38:26.896+0000] {processor.py:183} INFO - Processing /home/airflow/.local/lib/python3.8/site-packages/airflow/example_dags/example_external_task_marker_dag.py took 0.107 seconds
[2024-02-21T13:38:57.848+0000] {processor.py:161} INFO - Started process (PID=2654) to work on /home/airflow/.local/lib/python3.8/site-packages/airflow/example_dags/example_external_task_marker_dag.py
[2024-02-21T13:38:57.850+0000] {processor.py:830} INFO - Processing file /home/airflow/.local/lib/python3.8/site-packages/airflow/example_dags/example_external_task_marker_dag.py for tasks to queue
[2024-02-21T13:38:57.853+0000] {logging_mixin.py:188} INFO - [2024-02-21T13:38:57.853+0000] {dagbag.py:538} INFO - Filling up the DagBag from /home/airflow/.local/lib/python3.8/site-packages/airflow/example_dags/example_external_task_marker_dag.py
[2024-02-21T13:38:58.086+0000] {processor.py:840} INFO - DAG(s) 'example_external_task_marker_child', 'example_external_task_marker_parent' retrieved from /home/airflow/.local/lib/python3.8/site-packages/airflow/example_dags/example_external_task_marker_dag.py
[2024-02-21T13:38:58.116+0000] {logging_mixin.py:188} INFO - [2024-02-21T13:38:58.116+0000] {dag.py:3036} INFO - Sync 2 DAGs
[2024-02-21T13:38:58.133+0000] {logging_mixin.py:188} INFO - [2024-02-21T13:38:58.133+0000] {dag.py:3823} INFO - Setting next_dagrun for example_external_task_marker_child to None, run_after=None
[2024-02-21T13:38:58.138+0000] {logging_mixin.py:188} INFO - [2024-02-21T13:38:58.138+0000] {dag.py:3823} INFO - Setting next_dagrun for example_external_task_marker_parent to None, run_after=None
[2024-02-21T13:38:58.161+0000] {processor.py:183} INFO - Processing /home/airflow/.local/lib/python3.8/site-packages/airflow/example_dags/example_external_task_marker_dag.py took 0.319 seconds
