[2024-02-21T13:14:50.593+0000] {processor.py:161} INFO - Started process (PID=38) to work on /home/airflow/.local/lib/python3.8/site-packages/airflow/example_dags/example_trigger_controller_dag.py
[2024-02-21T13:14:50.595+0000] {processor.py:830} INFO - Processing file /home/airflow/.local/lib/python3.8/site-packages/airflow/example_dags/example_trigger_controller_dag.py for tasks to queue
[2024-02-21T13:14:50.608+0000] {logging_mixin.py:188} INFO - [2024-02-21T13:14:50.599+0000] {dagbag.py:538} INFO - Filling up the DagBag from /home/airflow/.local/lib/python3.8/site-packages/airflow/example_dags/example_trigger_controller_dag.py
[2024-02-21T13:14:50.664+0000] {processor.py:840} INFO - DAG(s) 'example_trigger_controller_dag' retrieved from /home/airflow/.local/lib/python3.8/site-packages/airflow/example_dags/example_trigger_controller_dag.py
[2024-02-21T13:14:51.385+0000] {logging_mixin.py:188} INFO - [2024-02-21T13:14:51.384+0000] {override.py:1769} INFO - Created Permission View: can read on DAG:example_trigger_controller_dag
[2024-02-21T13:14:51.419+0000] {logging_mixin.py:188} INFO - [2024-02-21T13:14:51.419+0000] {override.py:1769} INFO - Created Permission View: can edit on DAG:example_trigger_controller_dag
[2024-02-21T13:14:51.442+0000] {logging_mixin.py:188} INFO - [2024-02-21T13:14:51.441+0000] {override.py:1769} INFO - Created Permission View: can delete on DAG:example_trigger_controller_dag
[2024-02-21T13:14:51.443+0000] {logging_mixin.py:188} INFO - [2024-02-21T13:14:51.442+0000] {dag.py:3036} INFO - Sync 1 DAGs
[2024-02-21T13:14:51.498+0000] {logging_mixin.py:188} INFO - [2024-02-21T13:14:51.498+0000] {dag.py:3058} INFO - Creating ORM DAG for example_trigger_controller_dag
[2024-02-21T13:14:51.581+0000] {logging_mixin.py:188} INFO - [2024-02-21T13:14:51.580+0000] {dag.py:3823} INFO - Setting next_dagrun for example_trigger_controller_dag to 2021-01-01 00:00:00+00:00, run_after=2021-01-01 00:00:00+00:00
[2024-02-21T13:14:51.639+0000] {processor.py:183} INFO - Processing /home/airflow/.local/lib/python3.8/site-packages/airflow/example_dags/example_trigger_controller_dag.py took 1.067 seconds
[2024-02-21T13:15:22.028+0000] {processor.py:161} INFO - Started process (PID=92) to work on /home/airflow/.local/lib/python3.8/site-packages/airflow/example_dags/example_trigger_controller_dag.py
[2024-02-21T13:15:22.029+0000] {processor.py:830} INFO - Processing file /home/airflow/.local/lib/python3.8/site-packages/airflow/example_dags/example_trigger_controller_dag.py for tasks to queue
[2024-02-21T13:15:22.033+0000] {logging_mixin.py:188} INFO - [2024-02-21T13:15:22.032+0000] {dagbag.py:538} INFO - Filling up the DagBag from /home/airflow/.local/lib/python3.8/site-packages/airflow/example_dags/example_trigger_controller_dag.py
[2024-02-21T13:15:22.041+0000] {processor.py:840} INFO - DAG(s) 'example_trigger_controller_dag' retrieved from /home/airflow/.local/lib/python3.8/site-packages/airflow/example_dags/example_trigger_controller_dag.py
[2024-02-21T13:15:22.076+0000] {logging_mixin.py:188} INFO - [2024-02-21T13:15:22.075+0000] {dag.py:3036} INFO - Sync 1 DAGs
[2024-02-21T13:15:22.115+0000] {logging_mixin.py:188} INFO - [2024-02-21T13:15:22.115+0000] {dag.py:3823} INFO - Setting next_dagrun for example_trigger_controller_dag to 2021-01-01 00:00:00+00:00, run_after=2021-01-01 00:00:00+00:00
[2024-02-21T13:15:22.150+0000] {processor.py:183} INFO - Processing /home/airflow/.local/lib/python3.8/site-packages/airflow/example_dags/example_trigger_controller_dag.py took 0.130 seconds
[2024-02-21T13:15:52.612+0000] {processor.py:161} INFO - Started process (PID=146) to work on /home/airflow/.local/lib/python3.8/site-packages/airflow/example_dags/example_trigger_controller_dag.py
[2024-02-21T13:15:52.617+0000] {processor.py:830} INFO - Processing file /home/airflow/.local/lib/python3.8/site-packages/airflow/example_dags/example_trigger_controller_dag.py for tasks to queue
[2024-02-21T13:15:52.620+0000] {logging_mixin.py:188} INFO - [2024-02-21T13:15:52.620+0000] {dagbag.py:538} INFO - Filling up the DagBag from /home/airflow/.local/lib/python3.8/site-packages/airflow/example_dags/example_trigger_controller_dag.py
[2024-02-21T13:15:52.628+0000] {processor.py:840} INFO - DAG(s) 'example_trigger_controller_dag' retrieved from /home/airflow/.local/lib/python3.8/site-packages/airflow/example_dags/example_trigger_controller_dag.py
[2024-02-21T13:15:52.663+0000] {logging_mixin.py:188} INFO - [2024-02-21T13:15:52.662+0000] {dag.py:3036} INFO - Sync 1 DAGs
[2024-02-21T13:15:52.697+0000] {logging_mixin.py:188} INFO - [2024-02-21T13:15:52.696+0000] {dag.py:3823} INFO - Setting next_dagrun for example_trigger_controller_dag to 2021-01-01 00:00:00+00:00, run_after=2021-01-01 00:00:00+00:00
[2024-02-21T13:15:52.726+0000] {processor.py:183} INFO - Processing /home/airflow/.local/lib/python3.8/site-packages/airflow/example_dags/example_trigger_controller_dag.py took 0.121 seconds
[2024-02-21T13:16:23.309+0000] {processor.py:161} INFO - Started process (PID=202) to work on /home/airflow/.local/lib/python3.8/site-packages/airflow/example_dags/example_trigger_controller_dag.py
[2024-02-21T13:16:23.312+0000] {processor.py:830} INFO - Processing file /home/airflow/.local/lib/python3.8/site-packages/airflow/example_dags/example_trigger_controller_dag.py for tasks to queue
[2024-02-21T13:16:23.315+0000] {logging_mixin.py:188} INFO - [2024-02-21T13:16:23.314+0000] {dagbag.py:538} INFO - Filling up the DagBag from /home/airflow/.local/lib/python3.8/site-packages/airflow/example_dags/example_trigger_controller_dag.py
[2024-02-21T13:16:23.323+0000] {processor.py:840} INFO - DAG(s) 'example_trigger_controller_dag' retrieved from /home/airflow/.local/lib/python3.8/site-packages/airflow/example_dags/example_trigger_controller_dag.py
[2024-02-21T13:16:23.356+0000] {logging_mixin.py:188} INFO - [2024-02-21T13:16:23.355+0000] {dag.py:3036} INFO - Sync 1 DAGs
[2024-02-21T13:16:23.390+0000] {logging_mixin.py:188} INFO - [2024-02-21T13:16:23.389+0000] {dag.py:3823} INFO - Setting next_dagrun for example_trigger_controller_dag to 2021-01-01 00:00:00+00:00, run_after=2021-01-01 00:00:00+00:00
[2024-02-21T13:16:23.417+0000] {processor.py:183} INFO - Processing /home/airflow/.local/lib/python3.8/site-packages/airflow/example_dags/example_trigger_controller_dag.py took 0.113 seconds
[2024-02-21T13:16:53.619+0000] {processor.py:161} INFO - Started process (PID=256) to work on /home/airflow/.local/lib/python3.8/site-packages/airflow/example_dags/example_trigger_controller_dag.py
[2024-02-21T13:16:53.622+0000] {processor.py:830} INFO - Processing file /home/airflow/.local/lib/python3.8/site-packages/airflow/example_dags/example_trigger_controller_dag.py for tasks to queue
[2024-02-21T13:16:53.626+0000] {logging_mixin.py:188} INFO - [2024-02-21T13:16:53.625+0000] {dagbag.py:538} INFO - Filling up the DagBag from /home/airflow/.local/lib/python3.8/site-packages/airflow/example_dags/example_trigger_controller_dag.py
[2024-02-21T13:16:53.635+0000] {processor.py:840} INFO - DAG(s) 'example_trigger_controller_dag' retrieved from /home/airflow/.local/lib/python3.8/site-packages/airflow/example_dags/example_trigger_controller_dag.py
[2024-02-21T13:16:53.670+0000] {logging_mixin.py:188} INFO - [2024-02-21T13:16:53.670+0000] {dag.py:3036} INFO - Sync 1 DAGs
[2024-02-21T13:16:53.702+0000] {logging_mixin.py:188} INFO - [2024-02-21T13:16:53.701+0000] {dag.py:3823} INFO - Setting next_dagrun for example_trigger_controller_dag to 2021-01-01 00:00:00+00:00, run_after=2021-01-01 00:00:00+00:00
[2024-02-21T13:16:53.729+0000] {processor.py:183} INFO - Processing /home/airflow/.local/lib/python3.8/site-packages/airflow/example_dags/example_trigger_controller_dag.py took 0.118 seconds
[2024-02-21T13:17:23.907+0000] {processor.py:161} INFO - Started process (PID=312) to work on /home/airflow/.local/lib/python3.8/site-packages/airflow/example_dags/example_trigger_controller_dag.py
[2024-02-21T13:17:23.912+0000] {processor.py:830} INFO - Processing file /home/airflow/.local/lib/python3.8/site-packages/airflow/example_dags/example_trigger_controller_dag.py for tasks to queue
[2024-02-21T13:17:23.915+0000] {logging_mixin.py:188} INFO - [2024-02-21T13:17:23.914+0000] {dagbag.py:538} INFO - Filling up the DagBag from /home/airflow/.local/lib/python3.8/site-packages/airflow/example_dags/example_trigger_controller_dag.py
[2024-02-21T13:17:23.922+0000] {processor.py:840} INFO - DAG(s) 'example_trigger_controller_dag' retrieved from /home/airflow/.local/lib/python3.8/site-packages/airflow/example_dags/example_trigger_controller_dag.py
[2024-02-21T13:17:23.954+0000] {logging_mixin.py:188} INFO - [2024-02-21T13:17:23.954+0000] {dag.py:3036} INFO - Sync 1 DAGs
[2024-02-21T13:17:23.987+0000] {logging_mixin.py:188} INFO - [2024-02-21T13:17:23.987+0000] {dag.py:3823} INFO - Setting next_dagrun for example_trigger_controller_dag to 2021-01-01 00:00:00+00:00, run_after=2021-01-01 00:00:00+00:00
[2024-02-21T13:17:24.015+0000] {processor.py:183} INFO - Processing /home/airflow/.local/lib/python3.8/site-packages/airflow/example_dags/example_trigger_controller_dag.py took 0.113 seconds
[2024-02-21T13:17:54.185+0000] {processor.py:161} INFO - Started process (PID=367) to work on /home/airflow/.local/lib/python3.8/site-packages/airflow/example_dags/example_trigger_controller_dag.py
[2024-02-21T13:17:54.188+0000] {processor.py:830} INFO - Processing file /home/airflow/.local/lib/python3.8/site-packages/airflow/example_dags/example_trigger_controller_dag.py for tasks to queue
[2024-02-21T13:17:54.192+0000] {logging_mixin.py:188} INFO - [2024-02-21T13:17:54.191+0000] {dagbag.py:538} INFO - Filling up the DagBag from /home/airflow/.local/lib/python3.8/site-packages/airflow/example_dags/example_trigger_controller_dag.py
[2024-02-21T13:17:54.201+0000] {processor.py:840} INFO - DAG(s) 'example_trigger_controller_dag' retrieved from /home/airflow/.local/lib/python3.8/site-packages/airflow/example_dags/example_trigger_controller_dag.py
[2024-02-21T13:17:54.233+0000] {logging_mixin.py:188} INFO - [2024-02-21T13:17:54.233+0000] {dag.py:3036} INFO - Sync 1 DAGs
[2024-02-21T13:17:54.266+0000] {logging_mixin.py:188} INFO - [2024-02-21T13:17:54.265+0000] {dag.py:3823} INFO - Setting next_dagrun for example_trigger_controller_dag to 2021-01-01 00:00:00+00:00, run_after=2021-01-01 00:00:00+00:00
[2024-02-21T13:17:54.293+0000] {processor.py:183} INFO - Processing /home/airflow/.local/lib/python3.8/site-packages/airflow/example_dags/example_trigger_controller_dag.py took 0.115 seconds
[2024-02-21T13:18:24.564+0000] {processor.py:161} INFO - Started process (PID=422) to work on /home/airflow/.local/lib/python3.8/site-packages/airflow/example_dags/example_trigger_controller_dag.py
[2024-02-21T13:18:24.566+0000] {processor.py:830} INFO - Processing file /home/airflow/.local/lib/python3.8/site-packages/airflow/example_dags/example_trigger_controller_dag.py for tasks to queue
[2024-02-21T13:18:24.569+0000] {logging_mixin.py:188} INFO - [2024-02-21T13:18:24.569+0000] {dagbag.py:538} INFO - Filling up the DagBag from /home/airflow/.local/lib/python3.8/site-packages/airflow/example_dags/example_trigger_controller_dag.py
[2024-02-21T13:18:24.577+0000] {processor.py:840} INFO - DAG(s) 'example_trigger_controller_dag' retrieved from /home/airflow/.local/lib/python3.8/site-packages/airflow/example_dags/example_trigger_controller_dag.py
[2024-02-21T13:18:24.607+0000] {logging_mixin.py:188} INFO - [2024-02-21T13:18:24.607+0000] {dag.py:3036} INFO - Sync 1 DAGs
[2024-02-21T13:18:24.639+0000] {logging_mixin.py:188} INFO - [2024-02-21T13:18:24.638+0000] {dag.py:3823} INFO - Setting next_dagrun for example_trigger_controller_dag to 2021-01-01 00:00:00+00:00, run_after=2021-01-01 00:00:00+00:00
[2024-02-21T13:18:24.666+0000] {processor.py:183} INFO - Processing /home/airflow/.local/lib/python3.8/site-packages/airflow/example_dags/example_trigger_controller_dag.py took 0.108 seconds
[2024-02-21T13:18:54.805+0000] {processor.py:161} INFO - Started process (PID=477) to work on /home/airflow/.local/lib/python3.8/site-packages/airflow/example_dags/example_trigger_controller_dag.py
[2024-02-21T13:18:54.808+0000] {processor.py:830} INFO - Processing file /home/airflow/.local/lib/python3.8/site-packages/airflow/example_dags/example_trigger_controller_dag.py for tasks to queue
[2024-02-21T13:18:54.812+0000] {logging_mixin.py:188} INFO - [2024-02-21T13:18:54.811+0000] {dagbag.py:538} INFO - Filling up the DagBag from /home/airflow/.local/lib/python3.8/site-packages/airflow/example_dags/example_trigger_controller_dag.py
[2024-02-21T13:18:54.822+0000] {processor.py:840} INFO - DAG(s) 'example_trigger_controller_dag' retrieved from /home/airflow/.local/lib/python3.8/site-packages/airflow/example_dags/example_trigger_controller_dag.py
[2024-02-21T13:18:54.857+0000] {logging_mixin.py:188} INFO - [2024-02-21T13:18:54.857+0000] {dag.py:3036} INFO - Sync 1 DAGs
[2024-02-21T13:18:54.891+0000] {logging_mixin.py:188} INFO - [2024-02-21T13:18:54.891+0000] {dag.py:3823} INFO - Setting next_dagrun for example_trigger_controller_dag to 2021-01-01 00:00:00+00:00, run_after=2021-01-01 00:00:00+00:00
[2024-02-21T13:18:54.917+0000] {processor.py:183} INFO - Processing /home/airflow/.local/lib/python3.8/site-packages/airflow/example_dags/example_trigger_controller_dag.py took 0.120 seconds
[2024-02-21T13:19:25.248+0000] {processor.py:161} INFO - Started process (PID=532) to work on /home/airflow/.local/lib/python3.8/site-packages/airflow/example_dags/example_trigger_controller_dag.py
[2024-02-21T13:19:25.249+0000] {processor.py:830} INFO - Processing file /home/airflow/.local/lib/python3.8/site-packages/airflow/example_dags/example_trigger_controller_dag.py for tasks to queue
[2024-02-21T13:19:25.252+0000] {logging_mixin.py:188} INFO - [2024-02-21T13:19:25.252+0000] {dagbag.py:538} INFO - Filling up the DagBag from /home/airflow/.local/lib/python3.8/site-packages/airflow/example_dags/example_trigger_controller_dag.py
[2024-02-21T13:19:25.260+0000] {processor.py:840} INFO - DAG(s) 'example_trigger_controller_dag' retrieved from /home/airflow/.local/lib/python3.8/site-packages/airflow/example_dags/example_trigger_controller_dag.py
[2024-02-21T13:19:25.297+0000] {logging_mixin.py:188} INFO - [2024-02-21T13:19:25.296+0000] {dag.py:3036} INFO - Sync 1 DAGs
[2024-02-21T13:19:25.344+0000] {logging_mixin.py:188} INFO - [2024-02-21T13:19:25.344+0000] {dag.py:3823} INFO - Setting next_dagrun for example_trigger_controller_dag to 2021-01-01 00:00:00+00:00, run_after=2021-01-01 00:00:00+00:00
[2024-02-21T13:19:25.383+0000] {processor.py:183} INFO - Processing /home/airflow/.local/lib/python3.8/site-packages/airflow/example_dags/example_trigger_controller_dag.py took 0.141 seconds
[2024-02-21T13:19:55.648+0000] {processor.py:161} INFO - Started process (PID=587) to work on /home/airflow/.local/lib/python3.8/site-packages/airflow/example_dags/example_trigger_controller_dag.py
[2024-02-21T13:19:55.651+0000] {processor.py:830} INFO - Processing file /home/airflow/.local/lib/python3.8/site-packages/airflow/example_dags/example_trigger_controller_dag.py for tasks to queue
[2024-02-21T13:19:55.654+0000] {logging_mixin.py:188} INFO - [2024-02-21T13:19:55.654+0000] {dagbag.py:538} INFO - Filling up the DagBag from /home/airflow/.local/lib/python3.8/site-packages/airflow/example_dags/example_trigger_controller_dag.py
[2024-02-21T13:19:55.662+0000] {processor.py:840} INFO - DAG(s) 'example_trigger_controller_dag' retrieved from /home/airflow/.local/lib/python3.8/site-packages/airflow/example_dags/example_trigger_controller_dag.py
[2024-02-21T13:19:55.692+0000] {logging_mixin.py:188} INFO - [2024-02-21T13:19:55.692+0000] {dag.py:3036} INFO - Sync 1 DAGs
[2024-02-21T13:19:55.726+0000] {logging_mixin.py:188} INFO - [2024-02-21T13:19:55.726+0000] {dag.py:3823} INFO - Setting next_dagrun for example_trigger_controller_dag to 2021-01-01 00:00:00+00:00, run_after=2021-01-01 00:00:00+00:00
[2024-02-21T13:19:55.752+0000] {processor.py:183} INFO - Processing /home/airflow/.local/lib/python3.8/site-packages/airflow/example_dags/example_trigger_controller_dag.py took 0.109 seconds
[2024-02-21T13:20:25.934+0000] {processor.py:161} INFO - Started process (PID=641) to work on /home/airflow/.local/lib/python3.8/site-packages/airflow/example_dags/example_trigger_controller_dag.py
[2024-02-21T13:20:25.937+0000] {processor.py:830} INFO - Processing file /home/airflow/.local/lib/python3.8/site-packages/airflow/example_dags/example_trigger_controller_dag.py for tasks to queue
[2024-02-21T13:20:25.941+0000] {logging_mixin.py:188} INFO - [2024-02-21T13:20:25.940+0000] {dagbag.py:538} INFO - Filling up the DagBag from /home/airflow/.local/lib/python3.8/site-packages/airflow/example_dags/example_trigger_controller_dag.py
[2024-02-21T13:20:25.950+0000] {processor.py:840} INFO - DAG(s) 'example_trigger_controller_dag' retrieved from /home/airflow/.local/lib/python3.8/site-packages/airflow/example_dags/example_trigger_controller_dag.py
[2024-02-21T13:20:25.984+0000] {logging_mixin.py:188} INFO - [2024-02-21T13:20:25.983+0000] {dag.py:3036} INFO - Sync 1 DAGs
[2024-02-21T13:20:26.017+0000] {logging_mixin.py:188} INFO - [2024-02-21T13:20:26.017+0000] {dag.py:3823} INFO - Setting next_dagrun for example_trigger_controller_dag to 2021-01-01 00:00:00+00:00, run_after=2021-01-01 00:00:00+00:00
[2024-02-21T13:20:26.046+0000] {processor.py:183} INFO - Processing /home/airflow/.local/lib/python3.8/site-packages/airflow/example_dags/example_trigger_controller_dag.py took 0.120 seconds
[2024-02-21T13:20:56.275+0000] {processor.py:161} INFO - Started process (PID=697) to work on /home/airflow/.local/lib/python3.8/site-packages/airflow/example_dags/example_trigger_controller_dag.py
[2024-02-21T13:20:56.276+0000] {processor.py:830} INFO - Processing file /home/airflow/.local/lib/python3.8/site-packages/airflow/example_dags/example_trigger_controller_dag.py for tasks to queue
[2024-02-21T13:20:56.279+0000] {logging_mixin.py:188} INFO - [2024-02-21T13:20:56.279+0000] {dagbag.py:538} INFO - Filling up the DagBag from /home/airflow/.local/lib/python3.8/site-packages/airflow/example_dags/example_trigger_controller_dag.py
[2024-02-21T13:20:56.286+0000] {processor.py:840} INFO - DAG(s) 'example_trigger_controller_dag' retrieved from /home/airflow/.local/lib/python3.8/site-packages/airflow/example_dags/example_trigger_controller_dag.py
[2024-02-21T13:20:56.320+0000] {logging_mixin.py:188} INFO - [2024-02-21T13:20:56.320+0000] {dag.py:3036} INFO - Sync 1 DAGs
[2024-02-21T13:20:56.355+0000] {logging_mixin.py:188} INFO - [2024-02-21T13:20:56.354+0000] {dag.py:3823} INFO - Setting next_dagrun for example_trigger_controller_dag to 2021-01-01 00:00:00+00:00, run_after=2021-01-01 00:00:00+00:00
[2024-02-21T13:20:56.380+0000] {processor.py:183} INFO - Processing /home/airflow/.local/lib/python3.8/site-packages/airflow/example_dags/example_trigger_controller_dag.py took 0.112 seconds
[2024-02-21T13:21:26.733+0000] {processor.py:161} INFO - Started process (PID=751) to work on /home/airflow/.local/lib/python3.8/site-packages/airflow/example_dags/example_trigger_controller_dag.py
[2024-02-21T13:21:26.736+0000] {processor.py:830} INFO - Processing file /home/airflow/.local/lib/python3.8/site-packages/airflow/example_dags/example_trigger_controller_dag.py for tasks to queue
[2024-02-21T13:21:26.741+0000] {logging_mixin.py:188} INFO - [2024-02-21T13:21:26.740+0000] {dagbag.py:538} INFO - Filling up the DagBag from /home/airflow/.local/lib/python3.8/site-packages/airflow/example_dags/example_trigger_controller_dag.py
[2024-02-21T13:21:26.750+0000] {processor.py:840} INFO - DAG(s) 'example_trigger_controller_dag' retrieved from /home/airflow/.local/lib/python3.8/site-packages/airflow/example_dags/example_trigger_controller_dag.py
[2024-02-21T13:21:26.782+0000] {logging_mixin.py:188} INFO - [2024-02-21T13:21:26.782+0000] {dag.py:3036} INFO - Sync 1 DAGs
[2024-02-21T13:21:26.816+0000] {logging_mixin.py:188} INFO - [2024-02-21T13:21:26.815+0000] {dag.py:3823} INFO - Setting next_dagrun for example_trigger_controller_dag to 2021-01-01 00:00:00+00:00, run_after=2021-01-01 00:00:00+00:00
[2024-02-21T13:21:26.847+0000] {processor.py:183} INFO - Processing /home/airflow/.local/lib/python3.8/site-packages/airflow/example_dags/example_trigger_controller_dag.py took 0.121 seconds
[2024-02-21T13:21:56.878+0000] {processor.py:161} INFO - Started process (PID=805) to work on /home/airflow/.local/lib/python3.8/site-packages/airflow/example_dags/example_trigger_controller_dag.py
[2024-02-21T13:21:56.879+0000] {processor.py:830} INFO - Processing file /home/airflow/.local/lib/python3.8/site-packages/airflow/example_dags/example_trigger_controller_dag.py for tasks to queue
[2024-02-21T13:21:56.883+0000] {logging_mixin.py:188} INFO - [2024-02-21T13:21:56.882+0000] {dagbag.py:538} INFO - Filling up the DagBag from /home/airflow/.local/lib/python3.8/site-packages/airflow/example_dags/example_trigger_controller_dag.py
[2024-02-21T13:21:56.891+0000] {processor.py:840} INFO - DAG(s) 'example_trigger_controller_dag' retrieved from /home/airflow/.local/lib/python3.8/site-packages/airflow/example_dags/example_trigger_controller_dag.py
[2024-02-21T13:21:56.921+0000] {logging_mixin.py:188} INFO - [2024-02-21T13:21:56.921+0000] {dag.py:3036} INFO - Sync 1 DAGs
[2024-02-21T13:21:56.954+0000] {logging_mixin.py:188} INFO - [2024-02-21T13:21:56.953+0000] {dag.py:3823} INFO - Setting next_dagrun for example_trigger_controller_dag to 2021-01-01 00:00:00+00:00, run_after=2021-01-01 00:00:00+00:00
[2024-02-21T13:21:56.982+0000] {processor.py:183} INFO - Processing /home/airflow/.local/lib/python3.8/site-packages/airflow/example_dags/example_trigger_controller_dag.py took 0.110 seconds
[2024-02-21T13:22:27.557+0000] {processor.py:161} INFO - Started process (PID=861) to work on /home/airflow/.local/lib/python3.8/site-packages/airflow/example_dags/example_trigger_controller_dag.py
[2024-02-21T13:22:27.559+0000] {processor.py:830} INFO - Processing file /home/airflow/.local/lib/python3.8/site-packages/airflow/example_dags/example_trigger_controller_dag.py for tasks to queue
[2024-02-21T13:22:27.562+0000] {logging_mixin.py:188} INFO - [2024-02-21T13:22:27.561+0000] {dagbag.py:538} INFO - Filling up the DagBag from /home/airflow/.local/lib/python3.8/site-packages/airflow/example_dags/example_trigger_controller_dag.py
[2024-02-21T13:22:27.569+0000] {processor.py:840} INFO - DAG(s) 'example_trigger_controller_dag' retrieved from /home/airflow/.local/lib/python3.8/site-packages/airflow/example_dags/example_trigger_controller_dag.py
[2024-02-21T13:22:27.603+0000] {logging_mixin.py:188} INFO - [2024-02-21T13:22:27.603+0000] {dag.py:3036} INFO - Sync 1 DAGs
[2024-02-21T13:22:27.638+0000] {logging_mixin.py:188} INFO - [2024-02-21T13:22:27.637+0000] {dag.py:3823} INFO - Setting next_dagrun for example_trigger_controller_dag to 2021-01-01 00:00:00+00:00, run_after=2021-01-01 00:00:00+00:00
[2024-02-21T13:22:27.669+0000] {processor.py:183} INFO - Processing /home/airflow/.local/lib/python3.8/site-packages/airflow/example_dags/example_trigger_controller_dag.py took 0.119 seconds
[2024-02-21T13:22:58.356+0000] {processor.py:161} INFO - Started process (PID=916) to work on /home/airflow/.local/lib/python3.8/site-packages/airflow/example_dags/example_trigger_controller_dag.py
[2024-02-21T13:22:58.357+0000] {processor.py:830} INFO - Processing file /home/airflow/.local/lib/python3.8/site-packages/airflow/example_dags/example_trigger_controller_dag.py for tasks to queue
[2024-02-21T13:22:58.361+0000] {logging_mixin.py:188} INFO - [2024-02-21T13:22:58.360+0000] {dagbag.py:538} INFO - Filling up the DagBag from /home/airflow/.local/lib/python3.8/site-packages/airflow/example_dags/example_trigger_controller_dag.py
[2024-02-21T13:22:58.369+0000] {processor.py:840} INFO - DAG(s) 'example_trigger_controller_dag' retrieved from /home/airflow/.local/lib/python3.8/site-packages/airflow/example_dags/example_trigger_controller_dag.py
[2024-02-21T13:22:58.404+0000] {logging_mixin.py:188} INFO - [2024-02-21T13:22:58.403+0000] {dag.py:3036} INFO - Sync 1 DAGs
[2024-02-21T13:22:58.439+0000] {logging_mixin.py:188} INFO - [2024-02-21T13:22:58.439+0000] {dag.py:3823} INFO - Setting next_dagrun for example_trigger_controller_dag to 2021-01-01 00:00:00+00:00, run_after=2021-01-01 00:00:00+00:00
[2024-02-21T13:22:58.471+0000] {processor.py:183} INFO - Processing /home/airflow/.local/lib/python3.8/site-packages/airflow/example_dags/example_trigger_controller_dag.py took 0.121 seconds
[2024-02-21T13:23:28.778+0000] {processor.py:161} INFO - Started process (PID=971) to work on /home/airflow/.local/lib/python3.8/site-packages/airflow/example_dags/example_trigger_controller_dag.py
[2024-02-21T13:23:28.780+0000] {processor.py:830} INFO - Processing file /home/airflow/.local/lib/python3.8/site-packages/airflow/example_dags/example_trigger_controller_dag.py for tasks to queue
[2024-02-21T13:23:28.785+0000] {logging_mixin.py:188} INFO - [2024-02-21T13:23:28.784+0000] {dagbag.py:538} INFO - Filling up the DagBag from /home/airflow/.local/lib/python3.8/site-packages/airflow/example_dags/example_trigger_controller_dag.py
[2024-02-21T13:23:28.795+0000] {processor.py:840} INFO - DAG(s) 'example_trigger_controller_dag' retrieved from /home/airflow/.local/lib/python3.8/site-packages/airflow/example_dags/example_trigger_controller_dag.py
[2024-02-21T13:23:28.840+0000] {logging_mixin.py:188} INFO - [2024-02-21T13:23:28.839+0000] {dag.py:3036} INFO - Sync 1 DAGs
[2024-02-21T13:23:28.889+0000] {logging_mixin.py:188} INFO - [2024-02-21T13:23:28.889+0000] {dag.py:3823} INFO - Setting next_dagrun for example_trigger_controller_dag to 2021-01-01 00:00:00+00:00, run_after=2021-01-01 00:00:00+00:00
[2024-02-21T13:23:28.932+0000] {processor.py:183} INFO - Processing /home/airflow/.local/lib/python3.8/site-packages/airflow/example_dags/example_trigger_controller_dag.py took 0.162 seconds
[2024-02-21T13:23:59.512+0000] {processor.py:161} INFO - Started process (PID=1026) to work on /home/airflow/.local/lib/python3.8/site-packages/airflow/example_dags/example_trigger_controller_dag.py
[2024-02-21T13:23:59.515+0000] {processor.py:830} INFO - Processing file /home/airflow/.local/lib/python3.8/site-packages/airflow/example_dags/example_trigger_controller_dag.py for tasks to queue
[2024-02-21T13:23:59.519+0000] {logging_mixin.py:188} INFO - [2024-02-21T13:23:59.518+0000] {dagbag.py:538} INFO - Filling up the DagBag from /home/airflow/.local/lib/python3.8/site-packages/airflow/example_dags/example_trigger_controller_dag.py
[2024-02-21T13:23:59.529+0000] {processor.py:840} INFO - DAG(s) 'example_trigger_controller_dag' retrieved from /home/airflow/.local/lib/python3.8/site-packages/airflow/example_dags/example_trigger_controller_dag.py
[2024-02-21T13:23:59.573+0000] {logging_mixin.py:188} INFO - [2024-02-21T13:23:59.572+0000] {dag.py:3036} INFO - Sync 1 DAGs
[2024-02-21T13:23:59.620+0000] {logging_mixin.py:188} INFO - [2024-02-21T13:23:59.620+0000] {dag.py:3823} INFO - Setting next_dagrun for example_trigger_controller_dag to 2021-01-01 00:00:00+00:00, run_after=2021-01-01 00:00:00+00:00
[2024-02-21T13:23:59.656+0000] {processor.py:183} INFO - Processing /home/airflow/.local/lib/python3.8/site-packages/airflow/example_dags/example_trigger_controller_dag.py took 0.152 seconds
[2024-02-21T13:24:29.695+0000] {processor.py:161} INFO - Started process (PID=1080) to work on /home/airflow/.local/lib/python3.8/site-packages/airflow/example_dags/example_trigger_controller_dag.py
[2024-02-21T13:24:29.699+0000] {processor.py:830} INFO - Processing file /home/airflow/.local/lib/python3.8/site-packages/airflow/example_dags/example_trigger_controller_dag.py for tasks to queue
[2024-02-21T13:24:29.703+0000] {logging_mixin.py:188} INFO - [2024-02-21T13:24:29.702+0000] {dagbag.py:538} INFO - Filling up the DagBag from /home/airflow/.local/lib/python3.8/site-packages/airflow/example_dags/example_trigger_controller_dag.py
[2024-02-21T13:24:29.712+0000] {processor.py:840} INFO - DAG(s) 'example_trigger_controller_dag' retrieved from /home/airflow/.local/lib/python3.8/site-packages/airflow/example_dags/example_trigger_controller_dag.py
[2024-02-21T13:24:29.745+0000] {logging_mixin.py:188} INFO - [2024-02-21T13:24:29.744+0000] {dag.py:3036} INFO - Sync 1 DAGs
[2024-02-21T13:24:29.779+0000] {logging_mixin.py:188} INFO - [2024-02-21T13:24:29.779+0000] {dag.py:3823} INFO - Setting next_dagrun for example_trigger_controller_dag to 2021-01-01 00:00:00+00:00, run_after=2021-01-01 00:00:00+00:00
[2024-02-21T13:24:29.807+0000] {processor.py:183} INFO - Processing /home/airflow/.local/lib/python3.8/site-packages/airflow/example_dags/example_trigger_controller_dag.py took 0.117 seconds
[2024-02-21T13:24:59.965+0000] {processor.py:161} INFO - Started process (PID=1136) to work on /home/airflow/.local/lib/python3.8/site-packages/airflow/example_dags/example_trigger_controller_dag.py
[2024-02-21T13:24:59.968+0000] {processor.py:830} INFO - Processing file /home/airflow/.local/lib/python3.8/site-packages/airflow/example_dags/example_trigger_controller_dag.py for tasks to queue
[2024-02-21T13:24:59.971+0000] {logging_mixin.py:188} INFO - [2024-02-21T13:24:59.971+0000] {dagbag.py:538} INFO - Filling up the DagBag from /home/airflow/.local/lib/python3.8/site-packages/airflow/example_dags/example_trigger_controller_dag.py
[2024-02-21T13:24:59.980+0000] {processor.py:840} INFO - DAG(s) 'example_trigger_controller_dag' retrieved from /home/airflow/.local/lib/python3.8/site-packages/airflow/example_dags/example_trigger_controller_dag.py
[2024-02-21T13:25:00.012+0000] {logging_mixin.py:188} INFO - [2024-02-21T13:25:00.011+0000] {dag.py:3036} INFO - Sync 1 DAGs
[2024-02-21T13:25:00.048+0000] {logging_mixin.py:188} INFO - [2024-02-21T13:25:00.048+0000] {dag.py:3823} INFO - Setting next_dagrun for example_trigger_controller_dag to 2021-01-01 00:00:00+00:00, run_after=2021-01-01 00:00:00+00:00
[2024-02-21T13:25:00.077+0000] {processor.py:183} INFO - Processing /home/airflow/.local/lib/python3.8/site-packages/airflow/example_dags/example_trigger_controller_dag.py took 0.118 seconds
[2024-02-21T13:25:30.306+0000] {processor.py:161} INFO - Started process (PID=1192) to work on /home/airflow/.local/lib/python3.8/site-packages/airflow/example_dags/example_trigger_controller_dag.py
[2024-02-21T13:25:30.308+0000] {processor.py:830} INFO - Processing file /home/airflow/.local/lib/python3.8/site-packages/airflow/example_dags/example_trigger_controller_dag.py for tasks to queue
[2024-02-21T13:25:30.311+0000] {logging_mixin.py:188} INFO - [2024-02-21T13:25:30.311+0000] {dagbag.py:538} INFO - Filling up the DagBag from /home/airflow/.local/lib/python3.8/site-packages/airflow/example_dags/example_trigger_controller_dag.py
[2024-02-21T13:25:30.319+0000] {processor.py:840} INFO - DAG(s) 'example_trigger_controller_dag' retrieved from /home/airflow/.local/lib/python3.8/site-packages/airflow/example_dags/example_trigger_controller_dag.py
[2024-02-21T13:25:30.355+0000] {logging_mixin.py:188} INFO - [2024-02-21T13:25:30.354+0000] {dag.py:3036} INFO - Sync 1 DAGs
[2024-02-21T13:25:30.388+0000] {logging_mixin.py:188} INFO - [2024-02-21T13:25:30.388+0000] {dag.py:3823} INFO - Setting next_dagrun for example_trigger_controller_dag to 2021-01-01 00:00:00+00:00, run_after=2021-01-01 00:00:00+00:00
[2024-02-21T13:25:30.418+0000] {processor.py:183} INFO - Processing /home/airflow/.local/lib/python3.8/site-packages/airflow/example_dags/example_trigger_controller_dag.py took 0.119 seconds
[2024-02-21T13:26:00.620+0000] {processor.py:161} INFO - Started process (PID=1247) to work on /home/airflow/.local/lib/python3.8/site-packages/airflow/example_dags/example_trigger_controller_dag.py
[2024-02-21T13:26:00.621+0000] {processor.py:830} INFO - Processing file /home/airflow/.local/lib/python3.8/site-packages/airflow/example_dags/example_trigger_controller_dag.py for tasks to queue
[2024-02-21T13:26:00.624+0000] {logging_mixin.py:188} INFO - [2024-02-21T13:26:00.624+0000] {dagbag.py:538} INFO - Filling up the DagBag from /home/airflow/.local/lib/python3.8/site-packages/airflow/example_dags/example_trigger_controller_dag.py
[2024-02-21T13:26:00.632+0000] {processor.py:840} INFO - DAG(s) 'example_trigger_controller_dag' retrieved from /home/airflow/.local/lib/python3.8/site-packages/airflow/example_dags/example_trigger_controller_dag.py
[2024-02-21T13:26:00.662+0000] {logging_mixin.py:188} INFO - [2024-02-21T13:26:00.662+0000] {dag.py:3036} INFO - Sync 1 DAGs
[2024-02-21T13:26:00.696+0000] {logging_mixin.py:188} INFO - [2024-02-21T13:26:00.695+0000] {dag.py:3823} INFO - Setting next_dagrun for example_trigger_controller_dag to 2021-01-01 00:00:00+00:00, run_after=2021-01-01 00:00:00+00:00
[2024-02-21T13:26:00.722+0000] {processor.py:183} INFO - Processing /home/airflow/.local/lib/python3.8/site-packages/airflow/example_dags/example_trigger_controller_dag.py took 0.108 seconds
[2024-02-21T13:26:30.951+0000] {processor.py:161} INFO - Started process (PID=1303) to work on /home/airflow/.local/lib/python3.8/site-packages/airflow/example_dags/example_trigger_controller_dag.py
[2024-02-21T13:26:30.953+0000] {processor.py:830} INFO - Processing file /home/airflow/.local/lib/python3.8/site-packages/airflow/example_dags/example_trigger_controller_dag.py for tasks to queue
[2024-02-21T13:26:30.956+0000] {logging_mixin.py:188} INFO - [2024-02-21T13:26:30.955+0000] {dagbag.py:538} INFO - Filling up the DagBag from /home/airflow/.local/lib/python3.8/site-packages/airflow/example_dags/example_trigger_controller_dag.py
[2024-02-21T13:26:30.963+0000] {processor.py:840} INFO - DAG(s) 'example_trigger_controller_dag' retrieved from /home/airflow/.local/lib/python3.8/site-packages/airflow/example_dags/example_trigger_controller_dag.py
[2024-02-21T13:26:30.994+0000] {logging_mixin.py:188} INFO - [2024-02-21T13:26:30.993+0000] {dag.py:3036} INFO - Sync 1 DAGs
[2024-02-21T13:26:31.028+0000] {logging_mixin.py:188} INFO - [2024-02-21T13:26:31.028+0000] {dag.py:3823} INFO - Setting next_dagrun for example_trigger_controller_dag to 2021-01-01 00:00:00+00:00, run_after=2021-01-01 00:00:00+00:00
[2024-02-21T13:26:31.055+0000] {processor.py:183} INFO - Processing /home/airflow/.local/lib/python3.8/site-packages/airflow/example_dags/example_trigger_controller_dag.py took 0.110 seconds
[2024-02-21T13:27:01.600+0000] {processor.py:161} INFO - Started process (PID=1356) to work on /home/airflow/.local/lib/python3.8/site-packages/airflow/example_dags/example_trigger_controller_dag.py
[2024-02-21T13:27:01.602+0000] {processor.py:830} INFO - Processing file /home/airflow/.local/lib/python3.8/site-packages/airflow/example_dags/example_trigger_controller_dag.py for tasks to queue
[2024-02-21T13:27:01.606+0000] {logging_mixin.py:188} INFO - [2024-02-21T13:27:01.605+0000] {dagbag.py:538} INFO - Filling up the DagBag from /home/airflow/.local/lib/python3.8/site-packages/airflow/example_dags/example_trigger_controller_dag.py
[2024-02-21T13:27:01.613+0000] {processor.py:840} INFO - DAG(s) 'example_trigger_controller_dag' retrieved from /home/airflow/.local/lib/python3.8/site-packages/airflow/example_dags/example_trigger_controller_dag.py
[2024-02-21T13:27:01.648+0000] {logging_mixin.py:188} INFO - [2024-02-21T13:27:01.647+0000] {dag.py:3036} INFO - Sync 1 DAGs
[2024-02-21T13:27:01.689+0000] {logging_mixin.py:188} INFO - [2024-02-21T13:27:01.688+0000] {dag.py:3823} INFO - Setting next_dagrun for example_trigger_controller_dag to 2021-01-01 00:00:00+00:00, run_after=2021-01-01 00:00:00+00:00
[2024-02-21T13:27:01.717+0000] {processor.py:183} INFO - Processing /home/airflow/.local/lib/python3.8/site-packages/airflow/example_dags/example_trigger_controller_dag.py took 0.126 seconds
[2024-02-21T13:27:32.661+0000] {processor.py:161} INFO - Started process (PID=1412) to work on /home/airflow/.local/lib/python3.8/site-packages/airflow/example_dags/example_trigger_controller_dag.py
[2024-02-21T13:27:32.663+0000] {processor.py:830} INFO - Processing file /home/airflow/.local/lib/python3.8/site-packages/airflow/example_dags/example_trigger_controller_dag.py for tasks to queue
[2024-02-21T13:27:32.667+0000] {logging_mixin.py:188} INFO - [2024-02-21T13:27:32.666+0000] {dagbag.py:538} INFO - Filling up the DagBag from /home/airflow/.local/lib/python3.8/site-packages/airflow/example_dags/example_trigger_controller_dag.py
[2024-02-21T13:27:32.676+0000] {processor.py:840} INFO - DAG(s) 'example_trigger_controller_dag' retrieved from /home/airflow/.local/lib/python3.8/site-packages/airflow/example_dags/example_trigger_controller_dag.py
[2024-02-21T13:27:32.708+0000] {logging_mixin.py:188} INFO - [2024-02-21T13:27:32.708+0000] {dag.py:3036} INFO - Sync 1 DAGs
[2024-02-21T13:27:32.741+0000] {logging_mixin.py:188} INFO - [2024-02-21T13:27:32.741+0000] {dag.py:3823} INFO - Setting next_dagrun for example_trigger_controller_dag to 2021-01-01 00:00:00+00:00, run_after=2021-01-01 00:00:00+00:00
[2024-02-21T13:27:32.773+0000] {processor.py:183} INFO - Processing /home/airflow/.local/lib/python3.8/site-packages/airflow/example_dags/example_trigger_controller_dag.py took 0.120 seconds
[2024-02-21T13:28:02.918+0000] {processor.py:161} INFO - Started process (PID=1468) to work on /home/airflow/.local/lib/python3.8/site-packages/airflow/example_dags/example_trigger_controller_dag.py
[2024-02-21T13:28:02.921+0000] {processor.py:830} INFO - Processing file /home/airflow/.local/lib/python3.8/site-packages/airflow/example_dags/example_trigger_controller_dag.py for tasks to queue
[2024-02-21T13:28:02.925+0000] {logging_mixin.py:188} INFO - [2024-02-21T13:28:02.924+0000] {dagbag.py:538} INFO - Filling up the DagBag from /home/airflow/.local/lib/python3.8/site-packages/airflow/example_dags/example_trigger_controller_dag.py
[2024-02-21T13:28:02.937+0000] {processor.py:840} INFO - DAG(s) 'example_trigger_controller_dag' retrieved from /home/airflow/.local/lib/python3.8/site-packages/airflow/example_dags/example_trigger_controller_dag.py
[2024-02-21T13:28:02.976+0000] {logging_mixin.py:188} INFO - [2024-02-21T13:28:02.976+0000] {dag.py:3036} INFO - Sync 1 DAGs
[2024-02-21T13:28:03.024+0000] {logging_mixin.py:188} INFO - [2024-02-21T13:28:03.023+0000] {dag.py:3823} INFO - Setting next_dagrun for example_trigger_controller_dag to 2021-01-01 00:00:00+00:00, run_after=2021-01-01 00:00:00+00:00
[2024-02-21T13:28:03.060+0000] {processor.py:183} INFO - Processing /home/airflow/.local/lib/python3.8/site-packages/airflow/example_dags/example_trigger_controller_dag.py took 0.149 seconds
[2024-02-21T13:28:33.443+0000] {processor.py:161} INFO - Started process (PID=1523) to work on /home/airflow/.local/lib/python3.8/site-packages/airflow/example_dags/example_trigger_controller_dag.py
[2024-02-21T13:28:33.444+0000] {processor.py:830} INFO - Processing file /home/airflow/.local/lib/python3.8/site-packages/airflow/example_dags/example_trigger_controller_dag.py for tasks to queue
[2024-02-21T13:28:33.448+0000] {logging_mixin.py:188} INFO - [2024-02-21T13:28:33.447+0000] {dagbag.py:538} INFO - Filling up the DagBag from /home/airflow/.local/lib/python3.8/site-packages/airflow/example_dags/example_trigger_controller_dag.py
[2024-02-21T13:28:33.455+0000] {processor.py:840} INFO - DAG(s) 'example_trigger_controller_dag' retrieved from /home/airflow/.local/lib/python3.8/site-packages/airflow/example_dags/example_trigger_controller_dag.py
[2024-02-21T13:28:33.489+0000] {logging_mixin.py:188} INFO - [2024-02-21T13:28:33.488+0000] {dag.py:3036} INFO - Sync 1 DAGs
[2024-02-21T13:28:33.523+0000] {logging_mixin.py:188} INFO - [2024-02-21T13:28:33.523+0000] {dag.py:3823} INFO - Setting next_dagrun for example_trigger_controller_dag to 2021-01-01 00:00:00+00:00, run_after=2021-01-01 00:00:00+00:00
[2024-02-21T13:28:33.549+0000] {processor.py:183} INFO - Processing /home/airflow/.local/lib/python3.8/site-packages/airflow/example_dags/example_trigger_controller_dag.py took 0.112 seconds
[2024-02-21T13:29:03.746+0000] {processor.py:161} INFO - Started process (PID=1578) to work on /home/airflow/.local/lib/python3.8/site-packages/airflow/example_dags/example_trigger_controller_dag.py
[2024-02-21T13:29:03.749+0000] {processor.py:830} INFO - Processing file /home/airflow/.local/lib/python3.8/site-packages/airflow/example_dags/example_trigger_controller_dag.py for tasks to queue
[2024-02-21T13:29:03.753+0000] {logging_mixin.py:188} INFO - [2024-02-21T13:29:03.752+0000] {dagbag.py:538} INFO - Filling up the DagBag from /home/airflow/.local/lib/python3.8/site-packages/airflow/example_dags/example_trigger_controller_dag.py
[2024-02-21T13:29:03.763+0000] {processor.py:840} INFO - DAG(s) 'example_trigger_controller_dag' retrieved from /home/airflow/.local/lib/python3.8/site-packages/airflow/example_dags/example_trigger_controller_dag.py
[2024-02-21T13:29:03.808+0000] {logging_mixin.py:188} INFO - [2024-02-21T13:29:03.807+0000] {dag.py:3036} INFO - Sync 1 DAGs
[2024-02-21T13:29:03.854+0000] {logging_mixin.py:188} INFO - [2024-02-21T13:29:03.853+0000] {dag.py:3823} INFO - Setting next_dagrun for example_trigger_controller_dag to 2021-01-01 00:00:00+00:00, run_after=2021-01-01 00:00:00+00:00
[2024-02-21T13:29:03.890+0000] {processor.py:183} INFO - Processing /home/airflow/.local/lib/python3.8/site-packages/airflow/example_dags/example_trigger_controller_dag.py took 0.152 seconds
[2024-02-21T13:29:34.498+0000] {processor.py:161} INFO - Started process (PID=1633) to work on /home/airflow/.local/lib/python3.8/site-packages/airflow/example_dags/example_trigger_controller_dag.py
[2024-02-21T13:29:34.501+0000] {processor.py:830} INFO - Processing file /home/airflow/.local/lib/python3.8/site-packages/airflow/example_dags/example_trigger_controller_dag.py for tasks to queue
[2024-02-21T13:29:34.505+0000] {logging_mixin.py:188} INFO - [2024-02-21T13:29:34.504+0000] {dagbag.py:538} INFO - Filling up the DagBag from /home/airflow/.local/lib/python3.8/site-packages/airflow/example_dags/example_trigger_controller_dag.py
[2024-02-21T13:29:34.514+0000] {processor.py:840} INFO - DAG(s) 'example_trigger_controller_dag' retrieved from /home/airflow/.local/lib/python3.8/site-packages/airflow/example_dags/example_trigger_controller_dag.py
[2024-02-21T13:29:34.554+0000] {logging_mixin.py:188} INFO - [2024-02-21T13:29:34.553+0000] {dag.py:3036} INFO - Sync 1 DAGs
[2024-02-21T13:29:34.600+0000] {logging_mixin.py:188} INFO - [2024-02-21T13:29:34.599+0000] {dag.py:3823} INFO - Setting next_dagrun for example_trigger_controller_dag to 2021-01-01 00:00:00+00:00, run_after=2021-01-01 00:00:00+00:00
[2024-02-21T13:29:34.631+0000] {processor.py:183} INFO - Processing /home/airflow/.local/lib/python3.8/site-packages/airflow/example_dags/example_trigger_controller_dag.py took 0.141 seconds
[2024-02-21T13:30:05.047+0000] {processor.py:161} INFO - Started process (PID=1688) to work on /home/airflow/.local/lib/python3.8/site-packages/airflow/example_dags/example_trigger_controller_dag.py
[2024-02-21T13:30:05.048+0000] {processor.py:830} INFO - Processing file /home/airflow/.local/lib/python3.8/site-packages/airflow/example_dags/example_trigger_controller_dag.py for tasks to queue
[2024-02-21T13:30:05.051+0000] {logging_mixin.py:188} INFO - [2024-02-21T13:30:05.051+0000] {dagbag.py:538} INFO - Filling up the DagBag from /home/airflow/.local/lib/python3.8/site-packages/airflow/example_dags/example_trigger_controller_dag.py
[2024-02-21T13:30:05.062+0000] {processor.py:840} INFO - DAG(s) 'example_trigger_controller_dag' retrieved from /home/airflow/.local/lib/python3.8/site-packages/airflow/example_dags/example_trigger_controller_dag.py
[2024-02-21T13:30:05.093+0000] {logging_mixin.py:188} INFO - [2024-02-21T13:30:05.093+0000] {dag.py:3036} INFO - Sync 1 DAGs
[2024-02-21T13:30:05.126+0000] {logging_mixin.py:188} INFO - [2024-02-21T13:30:05.125+0000] {dag.py:3823} INFO - Setting next_dagrun for example_trigger_controller_dag to 2021-01-01 00:00:00+00:00, run_after=2021-01-01 00:00:00+00:00
[2024-02-21T13:30:05.151+0000] {processor.py:183} INFO - Processing /home/airflow/.local/lib/python3.8/site-packages/airflow/example_dags/example_trigger_controller_dag.py took 0.110 seconds
[2024-02-21T13:30:35.253+0000] {processor.py:161} INFO - Started process (PID=1743) to work on /home/airflow/.local/lib/python3.8/site-packages/airflow/example_dags/example_trigger_controller_dag.py
[2024-02-21T13:30:35.255+0000] {processor.py:830} INFO - Processing file /home/airflow/.local/lib/python3.8/site-packages/airflow/example_dags/example_trigger_controller_dag.py for tasks to queue
[2024-02-21T13:30:35.258+0000] {logging_mixin.py:188} INFO - [2024-02-21T13:30:35.258+0000] {dagbag.py:538} INFO - Filling up the DagBag from /home/airflow/.local/lib/python3.8/site-packages/airflow/example_dags/example_trigger_controller_dag.py
[2024-02-21T13:30:35.266+0000] {processor.py:840} INFO - DAG(s) 'example_trigger_controller_dag' retrieved from /home/airflow/.local/lib/python3.8/site-packages/airflow/example_dags/example_trigger_controller_dag.py
[2024-02-21T13:30:35.299+0000] {logging_mixin.py:188} INFO - [2024-02-21T13:30:35.299+0000] {dag.py:3036} INFO - Sync 1 DAGs
[2024-02-21T13:30:35.332+0000] {logging_mixin.py:188} INFO - [2024-02-21T13:30:35.332+0000] {dag.py:3823} INFO - Setting next_dagrun for example_trigger_controller_dag to 2021-01-01 00:00:00+00:00, run_after=2021-01-01 00:00:00+00:00
[2024-02-21T13:30:35.363+0000] {processor.py:183} INFO - Processing /home/airflow/.local/lib/python3.8/site-packages/airflow/example_dags/example_trigger_controller_dag.py took 0.116 seconds
[2024-02-21T13:31:05.521+0000] {processor.py:161} INFO - Started process (PID=1797) to work on /home/airflow/.local/lib/python3.8/site-packages/airflow/example_dags/example_trigger_controller_dag.py
[2024-02-21T13:31:05.524+0000] {processor.py:830} INFO - Processing file /home/airflow/.local/lib/python3.8/site-packages/airflow/example_dags/example_trigger_controller_dag.py for tasks to queue
[2024-02-21T13:31:05.527+0000] {logging_mixin.py:188} INFO - [2024-02-21T13:31:05.526+0000] {dagbag.py:538} INFO - Filling up the DagBag from /home/airflow/.local/lib/python3.8/site-packages/airflow/example_dags/example_trigger_controller_dag.py
[2024-02-21T13:31:05.535+0000] {processor.py:840} INFO - DAG(s) 'example_trigger_controller_dag' retrieved from /home/airflow/.local/lib/python3.8/site-packages/airflow/example_dags/example_trigger_controller_dag.py
[2024-02-21T13:31:05.575+0000] {logging_mixin.py:188} INFO - [2024-02-21T13:31:05.574+0000] {dag.py:3036} INFO - Sync 1 DAGs
[2024-02-21T13:31:05.621+0000] {logging_mixin.py:188} INFO - [2024-02-21T13:31:05.621+0000] {dag.py:3823} INFO - Setting next_dagrun for example_trigger_controller_dag to 2021-01-01 00:00:00+00:00, run_after=2021-01-01 00:00:00+00:00
[2024-02-21T13:31:05.649+0000] {processor.py:183} INFO - Processing /home/airflow/.local/lib/python3.8/site-packages/airflow/example_dags/example_trigger_controller_dag.py took 0.136 seconds
[2024-02-21T13:31:35.801+0000] {processor.py:161} INFO - Started process (PID=1852) to work on /home/airflow/.local/lib/python3.8/site-packages/airflow/example_dags/example_trigger_controller_dag.py
[2024-02-21T13:31:35.803+0000] {processor.py:830} INFO - Processing file /home/airflow/.local/lib/python3.8/site-packages/airflow/example_dags/example_trigger_controller_dag.py for tasks to queue
[2024-02-21T13:31:35.806+0000] {logging_mixin.py:188} INFO - [2024-02-21T13:31:35.806+0000] {dagbag.py:538} INFO - Filling up the DagBag from /home/airflow/.local/lib/python3.8/site-packages/airflow/example_dags/example_trigger_controller_dag.py
[2024-02-21T13:31:35.814+0000] {processor.py:840} INFO - DAG(s) 'example_trigger_controller_dag' retrieved from /home/airflow/.local/lib/python3.8/site-packages/airflow/example_dags/example_trigger_controller_dag.py
[2024-02-21T13:31:35.857+0000] {logging_mixin.py:188} INFO - [2024-02-21T13:31:35.856+0000] {dag.py:3036} INFO - Sync 1 DAGs
[2024-02-21T13:31:35.900+0000] {logging_mixin.py:188} INFO - [2024-02-21T13:31:35.900+0000] {dag.py:3823} INFO - Setting next_dagrun for example_trigger_controller_dag to 2021-01-01 00:00:00+00:00, run_after=2021-01-01 00:00:00+00:00
[2024-02-21T13:31:35.934+0000] {processor.py:183} INFO - Processing /home/airflow/.local/lib/python3.8/site-packages/airflow/example_dags/example_trigger_controller_dag.py took 0.139 seconds
[2024-02-21T13:32:06.065+0000] {processor.py:161} INFO - Started process (PID=1908) to work on /home/airflow/.local/lib/python3.8/site-packages/airflow/example_dags/example_trigger_controller_dag.py
[2024-02-21T13:32:06.069+0000] {processor.py:830} INFO - Processing file /home/airflow/.local/lib/python3.8/site-packages/airflow/example_dags/example_trigger_controller_dag.py for tasks to queue
[2024-02-21T13:32:06.074+0000] {logging_mixin.py:188} INFO - [2024-02-21T13:32:06.074+0000] {dagbag.py:538} INFO - Filling up the DagBag from /home/airflow/.local/lib/python3.8/site-packages/airflow/example_dags/example_trigger_controller_dag.py
[2024-02-21T13:32:06.086+0000] {processor.py:840} INFO - DAG(s) 'example_trigger_controller_dag' retrieved from /home/airflow/.local/lib/python3.8/site-packages/airflow/example_dags/example_trigger_controller_dag.py
[2024-02-21T13:32:06.120+0000] {logging_mixin.py:188} INFO - [2024-02-21T13:32:06.120+0000] {dag.py:3036} INFO - Sync 1 DAGs
[2024-02-21T13:32:06.156+0000] {logging_mixin.py:188} INFO - [2024-02-21T13:32:06.156+0000] {dag.py:3823} INFO - Setting next_dagrun for example_trigger_controller_dag to 2021-01-01 00:00:00+00:00, run_after=2021-01-01 00:00:00+00:00
[2024-02-21T13:32:06.184+0000] {processor.py:183} INFO - Processing /home/airflow/.local/lib/python3.8/site-packages/airflow/example_dags/example_trigger_controller_dag.py took 0.128 seconds
[2024-02-21T13:32:36.905+0000] {processor.py:161} INFO - Started process (PID=1963) to work on /home/airflow/.local/lib/python3.8/site-packages/airflow/example_dags/example_trigger_controller_dag.py
[2024-02-21T13:32:36.907+0000] {processor.py:830} INFO - Processing file /home/airflow/.local/lib/python3.8/site-packages/airflow/example_dags/example_trigger_controller_dag.py for tasks to queue
[2024-02-21T13:32:36.911+0000] {logging_mixin.py:188} INFO - [2024-02-21T13:32:36.911+0000] {dagbag.py:538} INFO - Filling up the DagBag from /home/airflow/.local/lib/python3.8/site-packages/airflow/example_dags/example_trigger_controller_dag.py
[2024-02-21T13:32:36.918+0000] {processor.py:840} INFO - DAG(s) 'example_trigger_controller_dag' retrieved from /home/airflow/.local/lib/python3.8/site-packages/airflow/example_dags/example_trigger_controller_dag.py
[2024-02-21T13:32:36.952+0000] {logging_mixin.py:188} INFO - [2024-02-21T13:32:36.952+0000] {dag.py:3036} INFO - Sync 1 DAGs
[2024-02-21T13:32:36.994+0000] {logging_mixin.py:188} INFO - [2024-02-21T13:32:36.994+0000] {dag.py:3823} INFO - Setting next_dagrun for example_trigger_controller_dag to 2021-01-01 00:00:00+00:00, run_after=2021-01-01 00:00:00+00:00
[2024-02-21T13:32:37.023+0000] {processor.py:183} INFO - Processing /home/airflow/.local/lib/python3.8/site-packages/airflow/example_dags/example_trigger_controller_dag.py took 0.124 seconds
[2024-02-21T13:33:07.684+0000] {processor.py:161} INFO - Started process (PID=2018) to work on /home/airflow/.local/lib/python3.8/site-packages/airflow/example_dags/example_trigger_controller_dag.py
[2024-02-21T13:33:07.686+0000] {processor.py:830} INFO - Processing file /home/airflow/.local/lib/python3.8/site-packages/airflow/example_dags/example_trigger_controller_dag.py for tasks to queue
[2024-02-21T13:33:07.689+0000] {logging_mixin.py:188} INFO - [2024-02-21T13:33:07.688+0000] {dagbag.py:538} INFO - Filling up the DagBag from /home/airflow/.local/lib/python3.8/site-packages/airflow/example_dags/example_trigger_controller_dag.py
[2024-02-21T13:33:07.700+0000] {processor.py:840} INFO - DAG(s) 'example_trigger_controller_dag' retrieved from /home/airflow/.local/lib/python3.8/site-packages/airflow/example_dags/example_trigger_controller_dag.py
[2024-02-21T13:33:07.732+0000] {logging_mixin.py:188} INFO - [2024-02-21T13:33:07.731+0000] {dag.py:3036} INFO - Sync 1 DAGs
[2024-02-21T13:33:07.765+0000] {logging_mixin.py:188} INFO - [2024-02-21T13:33:07.764+0000] {dag.py:3823} INFO - Setting next_dagrun for example_trigger_controller_dag to 2021-01-01 00:00:00+00:00, run_after=2021-01-01 00:00:00+00:00
[2024-02-21T13:33:07.799+0000] {processor.py:183} INFO - Processing /home/airflow/.local/lib/python3.8/site-packages/airflow/example_dags/example_trigger_controller_dag.py took 0.122 seconds
[2024-02-21T13:33:38.035+0000] {processor.py:161} INFO - Started process (PID=2073) to work on /home/airflow/.local/lib/python3.8/site-packages/airflow/example_dags/example_trigger_controller_dag.py
[2024-02-21T13:33:38.040+0000] {processor.py:830} INFO - Processing file /home/airflow/.local/lib/python3.8/site-packages/airflow/example_dags/example_trigger_controller_dag.py for tasks to queue
[2024-02-21T13:33:38.044+0000] {logging_mixin.py:188} INFO - [2024-02-21T13:33:38.043+0000] {dagbag.py:538} INFO - Filling up the DagBag from /home/airflow/.local/lib/python3.8/site-packages/airflow/example_dags/example_trigger_controller_dag.py
[2024-02-21T13:33:38.054+0000] {processor.py:840} INFO - DAG(s) 'example_trigger_controller_dag' retrieved from /home/airflow/.local/lib/python3.8/site-packages/airflow/example_dags/example_trigger_controller_dag.py
[2024-02-21T13:33:38.086+0000] {logging_mixin.py:188} INFO - [2024-02-21T13:33:38.086+0000] {dag.py:3036} INFO - Sync 1 DAGs
[2024-02-21T13:33:38.119+0000] {logging_mixin.py:188} INFO - [2024-02-21T13:33:38.119+0000] {dag.py:3823} INFO - Setting next_dagrun for example_trigger_controller_dag to 2021-01-01 00:00:00+00:00, run_after=2021-01-01 00:00:00+00:00
[2024-02-21T13:33:38.147+0000] {processor.py:183} INFO - Processing /home/airflow/.local/lib/python3.8/site-packages/airflow/example_dags/example_trigger_controller_dag.py took 0.118 seconds
[2024-02-21T13:34:09.036+0000] {processor.py:161} INFO - Started process (PID=2128) to work on /home/airflow/.local/lib/python3.8/site-packages/airflow/example_dags/example_trigger_controller_dag.py
[2024-02-21T13:34:09.038+0000] {processor.py:830} INFO - Processing file /home/airflow/.local/lib/python3.8/site-packages/airflow/example_dags/example_trigger_controller_dag.py for tasks to queue
[2024-02-21T13:34:09.042+0000] {logging_mixin.py:188} INFO - [2024-02-21T13:34:09.041+0000] {dagbag.py:538} INFO - Filling up the DagBag from /home/airflow/.local/lib/python3.8/site-packages/airflow/example_dags/example_trigger_controller_dag.py
[2024-02-21T13:34:09.051+0000] {processor.py:840} INFO - DAG(s) 'example_trigger_controller_dag' retrieved from /home/airflow/.local/lib/python3.8/site-packages/airflow/example_dags/example_trigger_controller_dag.py
[2024-02-21T13:34:09.087+0000] {logging_mixin.py:188} INFO - [2024-02-21T13:34:09.086+0000] {dag.py:3036} INFO - Sync 1 DAGs
[2024-02-21T13:34:09.120+0000] {logging_mixin.py:188} INFO - [2024-02-21T13:34:09.120+0000] {dag.py:3823} INFO - Setting next_dagrun for example_trigger_controller_dag to 2021-01-01 00:00:00+00:00, run_after=2021-01-01 00:00:00+00:00
[2024-02-21T13:34:09.152+0000] {processor.py:183} INFO - Processing /home/airflow/.local/lib/python3.8/site-packages/airflow/example_dags/example_trigger_controller_dag.py took 0.123 seconds
[2024-02-21T13:34:39.517+0000] {processor.py:161} INFO - Started process (PID=2183) to work on /home/airflow/.local/lib/python3.8/site-packages/airflow/example_dags/example_trigger_controller_dag.py
[2024-02-21T13:34:39.518+0000] {processor.py:830} INFO - Processing file /home/airflow/.local/lib/python3.8/site-packages/airflow/example_dags/example_trigger_controller_dag.py for tasks to queue
[2024-02-21T13:34:39.521+0000] {logging_mixin.py:188} INFO - [2024-02-21T13:34:39.521+0000] {dagbag.py:538} INFO - Filling up the DagBag from /home/airflow/.local/lib/python3.8/site-packages/airflow/example_dags/example_trigger_controller_dag.py
[2024-02-21T13:34:39.529+0000] {processor.py:840} INFO - DAG(s) 'example_trigger_controller_dag' retrieved from /home/airflow/.local/lib/python3.8/site-packages/airflow/example_dags/example_trigger_controller_dag.py
[2024-02-21T13:34:39.562+0000] {logging_mixin.py:188} INFO - [2024-02-21T13:34:39.562+0000] {dag.py:3036} INFO - Sync 1 DAGs
[2024-02-21T13:34:39.600+0000] {logging_mixin.py:188} INFO - [2024-02-21T13:34:39.599+0000] {dag.py:3823} INFO - Setting next_dagrun for example_trigger_controller_dag to 2021-01-01 00:00:00+00:00, run_after=2021-01-01 00:00:00+00:00
[2024-02-21T13:34:39.634+0000] {processor.py:183} INFO - Processing /home/airflow/.local/lib/python3.8/site-packages/airflow/example_dags/example_trigger_controller_dag.py took 0.124 seconds
[2024-02-21T13:35:09.707+0000] {processor.py:161} INFO - Started process (PID=2238) to work on /home/airflow/.local/lib/python3.8/site-packages/airflow/example_dags/example_trigger_controller_dag.py
[2024-02-21T13:35:09.709+0000] {processor.py:830} INFO - Processing file /home/airflow/.local/lib/python3.8/site-packages/airflow/example_dags/example_trigger_controller_dag.py for tasks to queue
[2024-02-21T13:35:09.712+0000] {logging_mixin.py:188} INFO - [2024-02-21T13:35:09.712+0000] {dagbag.py:538} INFO - Filling up the DagBag from /home/airflow/.local/lib/python3.8/site-packages/airflow/example_dags/example_trigger_controller_dag.py
[2024-02-21T13:35:09.722+0000] {processor.py:840} INFO - DAG(s) 'example_trigger_controller_dag' retrieved from /home/airflow/.local/lib/python3.8/site-packages/airflow/example_dags/example_trigger_controller_dag.py
[2024-02-21T13:35:09.757+0000] {logging_mixin.py:188} INFO - [2024-02-21T13:35:09.756+0000] {dag.py:3036} INFO - Sync 1 DAGs
[2024-02-21T13:35:09.817+0000] {logging_mixin.py:188} INFO - [2024-02-21T13:35:09.816+0000] {dag.py:3823} INFO - Setting next_dagrun for example_trigger_controller_dag to 2021-01-01 00:00:00+00:00, run_after=2021-01-01 00:00:00+00:00
[2024-02-21T13:35:09.845+0000] {processor.py:183} INFO - Processing /home/airflow/.local/lib/python3.8/site-packages/airflow/example_dags/example_trigger_controller_dag.py took 0.144 seconds
[2024-02-21T13:35:40.152+0000] {processor.py:161} INFO - Started process (PID=2293) to work on /home/airflow/.local/lib/python3.8/site-packages/airflow/example_dags/example_trigger_controller_dag.py
[2024-02-21T13:35:40.154+0000] {processor.py:830} INFO - Processing file /home/airflow/.local/lib/python3.8/site-packages/airflow/example_dags/example_trigger_controller_dag.py for tasks to queue
[2024-02-21T13:35:40.158+0000] {logging_mixin.py:188} INFO - [2024-02-21T13:35:40.157+0000] {dagbag.py:538} INFO - Filling up the DagBag from /home/airflow/.local/lib/python3.8/site-packages/airflow/example_dags/example_trigger_controller_dag.py
[2024-02-21T13:35:40.166+0000] {processor.py:840} INFO - DAG(s) 'example_trigger_controller_dag' retrieved from /home/airflow/.local/lib/python3.8/site-packages/airflow/example_dags/example_trigger_controller_dag.py
[2024-02-21T13:35:40.202+0000] {logging_mixin.py:188} INFO - [2024-02-21T13:35:40.201+0000] {dag.py:3036} INFO - Sync 1 DAGs
[2024-02-21T13:35:40.235+0000] {logging_mixin.py:188} INFO - [2024-02-21T13:35:40.235+0000] {dag.py:3823} INFO - Setting next_dagrun for example_trigger_controller_dag to 2021-01-01 00:00:00+00:00, run_after=2021-01-01 00:00:00+00:00
[2024-02-21T13:35:40.264+0000] {processor.py:183} INFO - Processing /home/airflow/.local/lib/python3.8/site-packages/airflow/example_dags/example_trigger_controller_dag.py took 0.119 seconds
[2024-02-21T13:36:10.448+0000] {processor.py:161} INFO - Started process (PID=2347) to work on /home/airflow/.local/lib/python3.8/site-packages/airflow/example_dags/example_trigger_controller_dag.py
[2024-02-21T13:36:10.450+0000] {processor.py:830} INFO - Processing file /home/airflow/.local/lib/python3.8/site-packages/airflow/example_dags/example_trigger_controller_dag.py for tasks to queue
[2024-02-21T13:36:10.453+0000] {logging_mixin.py:188} INFO - [2024-02-21T13:36:10.452+0000] {dagbag.py:538} INFO - Filling up the DagBag from /home/airflow/.local/lib/python3.8/site-packages/airflow/example_dags/example_trigger_controller_dag.py
[2024-02-21T13:36:10.461+0000] {processor.py:840} INFO - DAG(s) 'example_trigger_controller_dag' retrieved from /home/airflow/.local/lib/python3.8/site-packages/airflow/example_dags/example_trigger_controller_dag.py
[2024-02-21T13:36:10.492+0000] {logging_mixin.py:188} INFO - [2024-02-21T13:36:10.492+0000] {dag.py:3036} INFO - Sync 1 DAGs
[2024-02-21T13:36:10.528+0000] {logging_mixin.py:188} INFO - [2024-02-21T13:36:10.528+0000] {dag.py:3823} INFO - Setting next_dagrun for example_trigger_controller_dag to 2021-01-01 00:00:00+00:00, run_after=2021-01-01 00:00:00+00:00
[2024-02-21T13:36:10.560+0000] {processor.py:183} INFO - Processing /home/airflow/.local/lib/python3.8/site-packages/airflow/example_dags/example_trigger_controller_dag.py took 0.119 seconds
[2024-02-21T13:36:40.825+0000] {processor.py:161} INFO - Started process (PID=2402) to work on /home/airflow/.local/lib/python3.8/site-packages/airflow/example_dags/example_trigger_controller_dag.py
[2024-02-21T13:36:40.827+0000] {processor.py:830} INFO - Processing file /home/airflow/.local/lib/python3.8/site-packages/airflow/example_dags/example_trigger_controller_dag.py for tasks to queue
[2024-02-21T13:36:40.831+0000] {logging_mixin.py:188} INFO - [2024-02-21T13:36:40.830+0000] {dagbag.py:538} INFO - Filling up the DagBag from /home/airflow/.local/lib/python3.8/site-packages/airflow/example_dags/example_trigger_controller_dag.py
[2024-02-21T13:36:40.838+0000] {processor.py:840} INFO - DAG(s) 'example_trigger_controller_dag' retrieved from /home/airflow/.local/lib/python3.8/site-packages/airflow/example_dags/example_trigger_controller_dag.py
[2024-02-21T13:36:40.875+0000] {logging_mixin.py:188} INFO - [2024-02-21T13:36:40.874+0000] {dag.py:3036} INFO - Sync 1 DAGs
[2024-02-21T13:36:40.914+0000] {logging_mixin.py:188} INFO - [2024-02-21T13:36:40.914+0000] {dag.py:3823} INFO - Setting next_dagrun for example_trigger_controller_dag to 2021-01-01 00:00:00+00:00, run_after=2021-01-01 00:00:00+00:00
[2024-02-21T13:36:40.942+0000] {processor.py:183} INFO - Processing /home/airflow/.local/lib/python3.8/site-packages/airflow/example_dags/example_trigger_controller_dag.py took 0.123 seconds
[2024-02-21T13:37:11.557+0000] {processor.py:161} INFO - Started process (PID=2458) to work on /home/airflow/.local/lib/python3.8/site-packages/airflow/example_dags/example_trigger_controller_dag.py
[2024-02-21T13:37:11.560+0000] {processor.py:830} INFO - Processing file /home/airflow/.local/lib/python3.8/site-packages/airflow/example_dags/example_trigger_controller_dag.py for tasks to queue
[2024-02-21T13:37:11.563+0000] {logging_mixin.py:188} INFO - [2024-02-21T13:37:11.562+0000] {dagbag.py:538} INFO - Filling up the DagBag from /home/airflow/.local/lib/python3.8/site-packages/airflow/example_dags/example_trigger_controller_dag.py
[2024-02-21T13:37:11.571+0000] {processor.py:840} INFO - DAG(s) 'example_trigger_controller_dag' retrieved from /home/airflow/.local/lib/python3.8/site-packages/airflow/example_dags/example_trigger_controller_dag.py
[2024-02-21T13:37:11.601+0000] {logging_mixin.py:188} INFO - [2024-02-21T13:37:11.601+0000] {dag.py:3036} INFO - Sync 1 DAGs
[2024-02-21T13:37:11.635+0000] {logging_mixin.py:188} INFO - [2024-02-21T13:37:11.635+0000] {dag.py:3823} INFO - Setting next_dagrun for example_trigger_controller_dag to 2021-01-01 00:00:00+00:00, run_after=2021-01-01 00:00:00+00:00
[2024-02-21T13:37:11.666+0000] {processor.py:183} INFO - Processing /home/airflow/.local/lib/python3.8/site-packages/airflow/example_dags/example_trigger_controller_dag.py took 0.115 seconds
[2024-02-21T13:37:42.271+0000] {processor.py:161} INFO - Started process (PID=2513) to work on /home/airflow/.local/lib/python3.8/site-packages/airflow/example_dags/example_trigger_controller_dag.py
[2024-02-21T13:37:42.273+0000] {processor.py:830} INFO - Processing file /home/airflow/.local/lib/python3.8/site-packages/airflow/example_dags/example_trigger_controller_dag.py for tasks to queue
[2024-02-21T13:37:42.276+0000] {logging_mixin.py:188} INFO - [2024-02-21T13:37:42.276+0000] {dagbag.py:538} INFO - Filling up the DagBag from /home/airflow/.local/lib/python3.8/site-packages/airflow/example_dags/example_trigger_controller_dag.py
[2024-02-21T13:37:42.284+0000] {processor.py:840} INFO - DAG(s) 'example_trigger_controller_dag' retrieved from /home/airflow/.local/lib/python3.8/site-packages/airflow/example_dags/example_trigger_controller_dag.py
[2024-02-21T13:37:42.318+0000] {logging_mixin.py:188} INFO - [2024-02-21T13:37:42.317+0000] {dag.py:3036} INFO - Sync 1 DAGs
[2024-02-21T13:37:42.351+0000] {logging_mixin.py:188} INFO - [2024-02-21T13:37:42.351+0000] {dag.py:3823} INFO - Setting next_dagrun for example_trigger_controller_dag to 2021-01-01 00:00:00+00:00, run_after=2021-01-01 00:00:00+00:00
[2024-02-21T13:37:42.378+0000] {processor.py:183} INFO - Processing /home/airflow/.local/lib/python3.8/site-packages/airflow/example_dags/example_trigger_controller_dag.py took 0.113 seconds
[2024-02-21T13:38:12.432+0000] {processor.py:161} INFO - Started process (PID=2568) to work on /home/airflow/.local/lib/python3.8/site-packages/airflow/example_dags/example_trigger_controller_dag.py
[2024-02-21T13:38:12.434+0000] {processor.py:830} INFO - Processing file /home/airflow/.local/lib/python3.8/site-packages/airflow/example_dags/example_trigger_controller_dag.py for tasks to queue
[2024-02-21T13:38:12.437+0000] {logging_mixin.py:188} INFO - [2024-02-21T13:38:12.436+0000] {dagbag.py:538} INFO - Filling up the DagBag from /home/airflow/.local/lib/python3.8/site-packages/airflow/example_dags/example_trigger_controller_dag.py
[2024-02-21T13:38:12.444+0000] {processor.py:840} INFO - DAG(s) 'example_trigger_controller_dag' retrieved from /home/airflow/.local/lib/python3.8/site-packages/airflow/example_dags/example_trigger_controller_dag.py
[2024-02-21T13:38:12.692+0000] {logging_mixin.py:188} INFO - [2024-02-21T13:38:12.692+0000] {dag.py:3036} INFO - Sync 1 DAGs
[2024-02-21T13:38:12.721+0000] {logging_mixin.py:188} INFO - [2024-02-21T13:38:12.720+0000] {dag.py:3823} INFO - Setting next_dagrun for example_trigger_controller_dag to 2021-01-01 00:00:00+00:00, run_after=2021-01-01 00:00:00+00:00
[2024-02-21T13:38:12.748+0000] {processor.py:183} INFO - Processing /home/airflow/.local/lib/python3.8/site-packages/airflow/example_dags/example_trigger_controller_dag.py took 0.322 seconds
[2024-02-21T13:38:42.797+0000] {processor.py:161} INFO - Started process (PID=2623) to work on /home/airflow/.local/lib/python3.8/site-packages/airflow/example_dags/example_trigger_controller_dag.py
[2024-02-21T13:38:42.800+0000] {processor.py:830} INFO - Processing file /home/airflow/.local/lib/python3.8/site-packages/airflow/example_dags/example_trigger_controller_dag.py for tasks to queue
[2024-02-21T13:38:42.803+0000] {logging_mixin.py:188} INFO - [2024-02-21T13:38:42.802+0000] {dagbag.py:538} INFO - Filling up the DagBag from /home/airflow/.local/lib/python3.8/site-packages/airflow/example_dags/example_trigger_controller_dag.py
[2024-02-21T13:38:42.810+0000] {processor.py:840} INFO - DAG(s) 'example_trigger_controller_dag' retrieved from /home/airflow/.local/lib/python3.8/site-packages/airflow/example_dags/example_trigger_controller_dag.py
[2024-02-21T13:38:42.841+0000] {logging_mixin.py:188} INFO - [2024-02-21T13:38:42.840+0000] {dag.py:3036} INFO - Sync 1 DAGs
[2024-02-21T13:38:43.086+0000] {logging_mixin.py:188} INFO - [2024-02-21T13:38:43.085+0000] {dag.py:3823} INFO - Setting next_dagrun for example_trigger_controller_dag to 2021-01-01 00:00:00+00:00, run_after=2021-01-01 00:00:00+00:00
[2024-02-21T13:38:43.108+0000] {processor.py:183} INFO - Processing /home/airflow/.local/lib/python3.8/site-packages/airflow/example_dags/example_trigger_controller_dag.py took 0.317 seconds
