[2024-02-21T13:15:03.191+0000] {processor.py:161} INFO - Started process (PID=75) to work on /home/airflow/.local/lib/python3.8/site-packages/airflow/example_dags/tutorial.py
[2024-02-21T13:15:03.192+0000] {processor.py:830} INFO - Processing file /home/airflow/.local/lib/python3.8/site-packages/airflow/example_dags/tutorial.py for tasks to queue
[2024-02-21T13:15:03.195+0000] {logging_mixin.py:188} INFO - [2024-02-21T13:15:03.195+0000] {dagbag.py:538} INFO - Filling up the DagBag from /home/airflow/.local/lib/python3.8/site-packages/airflow/example_dags/tutorial.py
[2024-02-21T13:15:03.206+0000] {processor.py:840} INFO - DAG(s) 'tutorial' retrieved from /home/airflow/.local/lib/python3.8/site-packages/airflow/example_dags/tutorial.py
[2024-02-21T13:15:03.390+0000] {logging_mixin.py:188} INFO - [2024-02-21T13:15:03.389+0000] {override.py:1769} INFO - Created Permission View: can read on DAG:tutorial
[2024-02-21T13:15:03.409+0000] {logging_mixin.py:188} INFO - [2024-02-21T13:15:03.408+0000] {override.py:1769} INFO - Created Permission View: can edit on DAG:tutorial
[2024-02-21T13:15:03.424+0000] {logging_mixin.py:188} INFO - [2024-02-21T13:15:03.424+0000] {override.py:1769} INFO - Created Permission View: can delete on DAG:tutorial
[2024-02-21T13:15:03.425+0000] {logging_mixin.py:188} INFO - [2024-02-21T13:15:03.425+0000] {dag.py:3036} INFO - Sync 1 DAGs
[2024-02-21T13:15:03.449+0000] {logging_mixin.py:188} INFO - [2024-02-21T13:15:03.449+0000] {dag.py:3058} INFO - Creating ORM DAG for tutorial
[2024-02-21T13:15:03.473+0000] {logging_mixin.py:188} INFO - [2024-02-21T13:15:03.473+0000] {dag.py:3823} INFO - Setting next_dagrun for tutorial to 2024-02-20 00:00:00+00:00, run_after=2024-02-21 00:00:00+00:00
[2024-02-21T13:15:03.506+0000] {processor.py:183} INFO - Processing /home/airflow/.local/lib/python3.8/site-packages/airflow/example_dags/tutorial.py took 0.321 seconds
[2024-02-21T13:15:34.069+0000] {processor.py:161} INFO - Started process (PID=129) to work on /home/airflow/.local/lib/python3.8/site-packages/airflow/example_dags/tutorial.py
[2024-02-21T13:15:34.071+0000] {processor.py:830} INFO - Processing file /home/airflow/.local/lib/python3.8/site-packages/airflow/example_dags/tutorial.py for tasks to queue
[2024-02-21T13:15:34.074+0000] {logging_mixin.py:188} INFO - [2024-02-21T13:15:34.074+0000] {dagbag.py:538} INFO - Filling up the DagBag from /home/airflow/.local/lib/python3.8/site-packages/airflow/example_dags/tutorial.py
[2024-02-21T13:15:34.084+0000] {processor.py:840} INFO - DAG(s) 'tutorial' retrieved from /home/airflow/.local/lib/python3.8/site-packages/airflow/example_dags/tutorial.py
[2024-02-21T13:15:34.115+0000] {logging_mixin.py:188} INFO - [2024-02-21T13:15:34.114+0000] {dag.py:3036} INFO - Sync 1 DAGs
[2024-02-21T13:15:34.148+0000] {logging_mixin.py:188} INFO - [2024-02-21T13:15:34.148+0000] {dag.py:3823} INFO - Setting next_dagrun for tutorial to 2024-02-20 00:00:00+00:00, run_after=2024-02-21 00:00:00+00:00
[2024-02-21T13:15:34.176+0000] {processor.py:183} INFO - Processing /home/airflow/.local/lib/python3.8/site-packages/airflow/example_dags/tutorial.py took 0.114 seconds
[2024-02-21T13:16:04.691+0000] {processor.py:161} INFO - Started process (PID=183) to work on /home/airflow/.local/lib/python3.8/site-packages/airflow/example_dags/tutorial.py
[2024-02-21T13:16:04.693+0000] {processor.py:830} INFO - Processing file /home/airflow/.local/lib/python3.8/site-packages/airflow/example_dags/tutorial.py for tasks to queue
[2024-02-21T13:16:04.696+0000] {logging_mixin.py:188} INFO - [2024-02-21T13:16:04.696+0000] {dagbag.py:538} INFO - Filling up the DagBag from /home/airflow/.local/lib/python3.8/site-packages/airflow/example_dags/tutorial.py
[2024-02-21T13:16:04.709+0000] {processor.py:840} INFO - DAG(s) 'tutorial' retrieved from /home/airflow/.local/lib/python3.8/site-packages/airflow/example_dags/tutorial.py
[2024-02-21T13:16:04.743+0000] {logging_mixin.py:188} INFO - [2024-02-21T13:16:04.743+0000] {dag.py:3036} INFO - Sync 1 DAGs
[2024-02-21T13:16:04.780+0000] {logging_mixin.py:188} INFO - [2024-02-21T13:16:04.780+0000] {dag.py:3823} INFO - Setting next_dagrun for tutorial to 2024-02-20 00:00:00+00:00, run_after=2024-02-21 00:00:00+00:00
[2024-02-21T13:16:04.815+0000] {processor.py:183} INFO - Processing /home/airflow/.local/lib/python3.8/site-packages/airflow/example_dags/tutorial.py took 0.131 seconds
[2024-02-21T13:16:35.686+0000] {processor.py:161} INFO - Started process (PID=239) to work on /home/airflow/.local/lib/python3.8/site-packages/airflow/example_dags/tutorial.py
[2024-02-21T13:16:35.688+0000] {processor.py:830} INFO - Processing file /home/airflow/.local/lib/python3.8/site-packages/airflow/example_dags/tutorial.py for tasks to queue
[2024-02-21T13:16:35.693+0000] {logging_mixin.py:188} INFO - [2024-02-21T13:16:35.692+0000] {dagbag.py:538} INFO - Filling up the DagBag from /home/airflow/.local/lib/python3.8/site-packages/airflow/example_dags/tutorial.py
[2024-02-21T13:16:35.706+0000] {processor.py:840} INFO - DAG(s) 'tutorial' retrieved from /home/airflow/.local/lib/python3.8/site-packages/airflow/example_dags/tutorial.py
[2024-02-21T13:16:35.748+0000] {logging_mixin.py:188} INFO - [2024-02-21T13:16:35.748+0000] {dag.py:3036} INFO - Sync 1 DAGs
[2024-02-21T13:16:35.795+0000] {logging_mixin.py:188} INFO - [2024-02-21T13:16:35.794+0000] {dag.py:3823} INFO - Setting next_dagrun for tutorial to 2024-02-20 00:00:00+00:00, run_after=2024-02-21 00:00:00+00:00
[2024-02-21T13:16:35.831+0000] {processor.py:183} INFO - Processing /home/airflow/.local/lib/python3.8/site-packages/airflow/example_dags/tutorial.py took 0.153 seconds
[2024-02-21T13:17:06.079+0000] {processor.py:161} INFO - Started process (PID=293) to work on /home/airflow/.local/lib/python3.8/site-packages/airflow/example_dags/tutorial.py
[2024-02-21T13:17:06.082+0000] {processor.py:830} INFO - Processing file /home/airflow/.local/lib/python3.8/site-packages/airflow/example_dags/tutorial.py for tasks to queue
[2024-02-21T13:17:06.085+0000] {logging_mixin.py:188} INFO - [2024-02-21T13:17:06.084+0000] {dagbag.py:538} INFO - Filling up the DagBag from /home/airflow/.local/lib/python3.8/site-packages/airflow/example_dags/tutorial.py
[2024-02-21T13:17:06.095+0000] {processor.py:840} INFO - DAG(s) 'tutorial' retrieved from /home/airflow/.local/lib/python3.8/site-packages/airflow/example_dags/tutorial.py
[2024-02-21T13:17:06.126+0000] {logging_mixin.py:188} INFO - [2024-02-21T13:17:06.126+0000] {dag.py:3036} INFO - Sync 1 DAGs
[2024-02-21T13:17:06.161+0000] {logging_mixin.py:188} INFO - [2024-02-21T13:17:06.160+0000] {dag.py:3823} INFO - Setting next_dagrun for tutorial to 2024-02-20 00:00:00+00:00, run_after=2024-02-21 00:00:00+00:00
[2024-02-21T13:17:06.188+0000] {processor.py:183} INFO - Processing /home/airflow/.local/lib/python3.8/site-packages/airflow/example_dags/tutorial.py took 0.115 seconds
[2024-02-21T13:17:36.239+0000] {processor.py:161} INFO - Started process (PID=349) to work on /home/airflow/.local/lib/python3.8/site-packages/airflow/example_dags/tutorial.py
[2024-02-21T13:17:36.241+0000] {processor.py:830} INFO - Processing file /home/airflow/.local/lib/python3.8/site-packages/airflow/example_dags/tutorial.py for tasks to queue
[2024-02-21T13:17:36.244+0000] {logging_mixin.py:188} INFO - [2024-02-21T13:17:36.244+0000] {dagbag.py:538} INFO - Filling up the DagBag from /home/airflow/.local/lib/python3.8/site-packages/airflow/example_dags/tutorial.py
[2024-02-21T13:17:36.254+0000] {processor.py:840} INFO - DAG(s) 'tutorial' retrieved from /home/airflow/.local/lib/python3.8/site-packages/airflow/example_dags/tutorial.py
[2024-02-21T13:17:36.286+0000] {logging_mixin.py:188} INFO - [2024-02-21T13:17:36.286+0000] {dag.py:3036} INFO - Sync 1 DAGs
[2024-02-21T13:17:36.320+0000] {logging_mixin.py:188} INFO - [2024-02-21T13:17:36.320+0000] {dag.py:3823} INFO - Setting next_dagrun for tutorial to 2024-02-20 00:00:00+00:00, run_after=2024-02-21 00:00:00+00:00
[2024-02-21T13:17:36.346+0000] {processor.py:183} INFO - Processing /home/airflow/.local/lib/python3.8/site-packages/airflow/example_dags/tutorial.py took 0.112 seconds
[2024-02-21T13:18:06.735+0000] {processor.py:161} INFO - Started process (PID=404) to work on /home/airflow/.local/lib/python3.8/site-packages/airflow/example_dags/tutorial.py
[2024-02-21T13:18:06.737+0000] {processor.py:830} INFO - Processing file /home/airflow/.local/lib/python3.8/site-packages/airflow/example_dags/tutorial.py for tasks to queue
[2024-02-21T13:18:06.740+0000] {logging_mixin.py:188} INFO - [2024-02-21T13:18:06.739+0000] {dagbag.py:538} INFO - Filling up the DagBag from /home/airflow/.local/lib/python3.8/site-packages/airflow/example_dags/tutorial.py
[2024-02-21T13:18:06.749+0000] {processor.py:840} INFO - DAG(s) 'tutorial' retrieved from /home/airflow/.local/lib/python3.8/site-packages/airflow/example_dags/tutorial.py
[2024-02-21T13:18:06.786+0000] {logging_mixin.py:188} INFO - [2024-02-21T13:18:06.785+0000] {dag.py:3036} INFO - Sync 1 DAGs
[2024-02-21T13:18:06.832+0000] {logging_mixin.py:188} INFO - [2024-02-21T13:18:06.832+0000] {dag.py:3823} INFO - Setting next_dagrun for tutorial to 2024-02-20 00:00:00+00:00, run_after=2024-02-21 00:00:00+00:00
[2024-02-21T13:18:06.863+0000] {processor.py:183} INFO - Processing /home/airflow/.local/lib/python3.8/site-packages/airflow/example_dags/tutorial.py took 0.136 seconds
[2024-02-21T13:18:36.966+0000] {processor.py:161} INFO - Started process (PID=459) to work on /home/airflow/.local/lib/python3.8/site-packages/airflow/example_dags/tutorial.py
[2024-02-21T13:18:36.968+0000] {processor.py:830} INFO - Processing file /home/airflow/.local/lib/python3.8/site-packages/airflow/example_dags/tutorial.py for tasks to queue
[2024-02-21T13:18:36.971+0000] {logging_mixin.py:188} INFO - [2024-02-21T13:18:36.971+0000] {dagbag.py:538} INFO - Filling up the DagBag from /home/airflow/.local/lib/python3.8/site-packages/airflow/example_dags/tutorial.py
[2024-02-21T13:18:36.981+0000] {processor.py:840} INFO - DAG(s) 'tutorial' retrieved from /home/airflow/.local/lib/python3.8/site-packages/airflow/example_dags/tutorial.py
[2024-02-21T13:18:37.020+0000] {logging_mixin.py:188} INFO - [2024-02-21T13:18:37.020+0000] {dag.py:3036} INFO - Sync 1 DAGs
[2024-02-21T13:18:37.057+0000] {logging_mixin.py:188} INFO - [2024-02-21T13:18:37.056+0000] {dag.py:3823} INFO - Setting next_dagrun for tutorial to 2024-02-20 00:00:00+00:00, run_after=2024-02-21 00:00:00+00:00
[2024-02-21T13:18:37.088+0000] {processor.py:183} INFO - Processing /home/airflow/.local/lib/python3.8/site-packages/airflow/example_dags/tutorial.py took 0.128 seconds
[2024-02-21T13:19:07.406+0000] {processor.py:161} INFO - Started process (PID=514) to work on /home/airflow/.local/lib/python3.8/site-packages/airflow/example_dags/tutorial.py
[2024-02-21T13:19:07.409+0000] {processor.py:830} INFO - Processing file /home/airflow/.local/lib/python3.8/site-packages/airflow/example_dags/tutorial.py for tasks to queue
[2024-02-21T13:19:07.412+0000] {logging_mixin.py:188} INFO - [2024-02-21T13:19:07.411+0000] {dagbag.py:538} INFO - Filling up the DagBag from /home/airflow/.local/lib/python3.8/site-packages/airflow/example_dags/tutorial.py
[2024-02-21T13:19:07.426+0000] {processor.py:840} INFO - DAG(s) 'tutorial' retrieved from /home/airflow/.local/lib/python3.8/site-packages/airflow/example_dags/tutorial.py
[2024-02-21T13:19:07.460+0000] {logging_mixin.py:188} INFO - [2024-02-21T13:19:07.459+0000] {dag.py:3036} INFO - Sync 1 DAGs
[2024-02-21T13:19:07.497+0000] {logging_mixin.py:188} INFO - [2024-02-21T13:19:07.497+0000] {dag.py:3823} INFO - Setting next_dagrun for tutorial to 2024-02-20 00:00:00+00:00, run_after=2024-02-21 00:00:00+00:00
[2024-02-21T13:19:07.528+0000] {processor.py:183} INFO - Processing /home/airflow/.local/lib/python3.8/site-packages/airflow/example_dags/tutorial.py took 0.129 seconds
[2024-02-21T13:19:37.617+0000] {processor.py:161} INFO - Started process (PID=569) to work on /home/airflow/.local/lib/python3.8/site-packages/airflow/example_dags/tutorial.py
[2024-02-21T13:19:37.618+0000] {processor.py:830} INFO - Processing file /home/airflow/.local/lib/python3.8/site-packages/airflow/example_dags/tutorial.py for tasks to queue
[2024-02-21T13:19:37.621+0000] {logging_mixin.py:188} INFO - [2024-02-21T13:19:37.621+0000] {dagbag.py:538} INFO - Filling up the DagBag from /home/airflow/.local/lib/python3.8/site-packages/airflow/example_dags/tutorial.py
[2024-02-21T13:19:37.631+0000] {processor.py:840} INFO - DAG(s) 'tutorial' retrieved from /home/airflow/.local/lib/python3.8/site-packages/airflow/example_dags/tutorial.py
[2024-02-21T13:19:37.662+0000] {logging_mixin.py:188} INFO - [2024-02-21T13:19:37.661+0000] {dag.py:3036} INFO - Sync 1 DAGs
[2024-02-21T13:19:37.694+0000] {logging_mixin.py:188} INFO - [2024-02-21T13:19:37.693+0000] {dag.py:3823} INFO - Setting next_dagrun for tutorial to 2024-02-20 00:00:00+00:00, run_after=2024-02-21 00:00:00+00:00
[2024-02-21T13:19:37.718+0000] {processor.py:183} INFO - Processing /home/airflow/.local/lib/python3.8/site-packages/airflow/example_dags/tutorial.py took 0.107 seconds
[2024-02-21T13:20:08.502+0000] {processor.py:161} INFO - Started process (PID=624) to work on /home/airflow/.local/lib/python3.8/site-packages/airflow/example_dags/tutorial.py
[2024-02-21T13:20:08.504+0000] {processor.py:830} INFO - Processing file /home/airflow/.local/lib/python3.8/site-packages/airflow/example_dags/tutorial.py for tasks to queue
[2024-02-21T13:20:08.508+0000] {logging_mixin.py:188} INFO - [2024-02-21T13:20:08.507+0000] {dagbag.py:538} INFO - Filling up the DagBag from /home/airflow/.local/lib/python3.8/site-packages/airflow/example_dags/tutorial.py
[2024-02-21T13:20:08.518+0000] {processor.py:840} INFO - DAG(s) 'tutorial' retrieved from /home/airflow/.local/lib/python3.8/site-packages/airflow/example_dags/tutorial.py
[2024-02-21T13:20:08.550+0000] {logging_mixin.py:188} INFO - [2024-02-21T13:20:08.550+0000] {dag.py:3036} INFO - Sync 1 DAGs
[2024-02-21T13:20:08.591+0000] {logging_mixin.py:188} INFO - [2024-02-21T13:20:08.591+0000] {dag.py:3823} INFO - Setting next_dagrun for tutorial to 2024-02-20 00:00:00+00:00, run_after=2024-02-21 00:00:00+00:00
[2024-02-21T13:20:08.622+0000] {processor.py:183} INFO - Processing /home/airflow/.local/lib/python3.8/site-packages/airflow/example_dags/tutorial.py took 0.126 seconds
[2024-02-21T13:20:39.401+0000] {processor.py:161} INFO - Started process (PID=678) to work on /home/airflow/.local/lib/python3.8/site-packages/airflow/example_dags/tutorial.py
[2024-02-21T13:20:39.402+0000] {processor.py:830} INFO - Processing file /home/airflow/.local/lib/python3.8/site-packages/airflow/example_dags/tutorial.py for tasks to queue
[2024-02-21T13:20:39.406+0000] {logging_mixin.py:188} INFO - [2024-02-21T13:20:39.405+0000] {dagbag.py:538} INFO - Filling up the DagBag from /home/airflow/.local/lib/python3.8/site-packages/airflow/example_dags/tutorial.py
[2024-02-21T13:20:39.415+0000] {processor.py:840} INFO - DAG(s) 'tutorial' retrieved from /home/airflow/.local/lib/python3.8/site-packages/airflow/example_dags/tutorial.py
[2024-02-21T13:20:39.447+0000] {logging_mixin.py:188} INFO - [2024-02-21T13:20:39.447+0000] {dag.py:3036} INFO - Sync 1 DAGs
[2024-02-21T13:20:39.480+0000] {logging_mixin.py:188} INFO - [2024-02-21T13:20:39.480+0000] {dag.py:3823} INFO - Setting next_dagrun for tutorial to 2024-02-20 00:00:00+00:00, run_after=2024-02-21 00:00:00+00:00
[2024-02-21T13:20:39.507+0000] {processor.py:183} INFO - Processing /home/airflow/.local/lib/python3.8/site-packages/airflow/example_dags/tutorial.py took 0.112 seconds
[2024-02-21T13:21:09.886+0000] {processor.py:161} INFO - Started process (PID=734) to work on /home/airflow/.local/lib/python3.8/site-packages/airflow/example_dags/tutorial.py
[2024-02-21T13:21:09.888+0000] {processor.py:830} INFO - Processing file /home/airflow/.local/lib/python3.8/site-packages/airflow/example_dags/tutorial.py for tasks to queue
[2024-02-21T13:21:09.893+0000] {logging_mixin.py:188} INFO - [2024-02-21T13:21:09.892+0000] {dagbag.py:538} INFO - Filling up the DagBag from /home/airflow/.local/lib/python3.8/site-packages/airflow/example_dags/tutorial.py
[2024-02-21T13:21:09.913+0000] {processor.py:840} INFO - DAG(s) 'tutorial' retrieved from /home/airflow/.local/lib/python3.8/site-packages/airflow/example_dags/tutorial.py
[2024-02-21T13:21:09.957+0000] {logging_mixin.py:188} INFO - [2024-02-21T13:21:09.956+0000] {dag.py:3036} INFO - Sync 1 DAGs
[2024-02-21T13:21:10.022+0000] {logging_mixin.py:188} INFO - [2024-02-21T13:21:10.022+0000] {dag.py:3823} INFO - Setting next_dagrun for tutorial to 2024-02-20 00:00:00+00:00, run_after=2024-02-21 00:00:00+00:00
[2024-02-21T13:21:10.072+0000] {processor.py:183} INFO - Processing /home/airflow/.local/lib/python3.8/site-packages/airflow/example_dags/tutorial.py took 0.193 seconds
[2024-02-21T13:21:40.163+0000] {processor.py:161} INFO - Started process (PID=788) to work on /home/airflow/.local/lib/python3.8/site-packages/airflow/example_dags/tutorial.py
[2024-02-21T13:21:40.164+0000] {processor.py:830} INFO - Processing file /home/airflow/.local/lib/python3.8/site-packages/airflow/example_dags/tutorial.py for tasks to queue
[2024-02-21T13:21:40.167+0000] {logging_mixin.py:188} INFO - [2024-02-21T13:21:40.167+0000] {dagbag.py:538} INFO - Filling up the DagBag from /home/airflow/.local/lib/python3.8/site-packages/airflow/example_dags/tutorial.py
[2024-02-21T13:21:40.177+0000] {processor.py:840} INFO - DAG(s) 'tutorial' retrieved from /home/airflow/.local/lib/python3.8/site-packages/airflow/example_dags/tutorial.py
[2024-02-21T13:21:40.211+0000] {logging_mixin.py:188} INFO - [2024-02-21T13:21:40.211+0000] {dag.py:3036} INFO - Sync 1 DAGs
[2024-02-21T13:21:40.246+0000] {logging_mixin.py:188} INFO - [2024-02-21T13:21:40.245+0000] {dag.py:3823} INFO - Setting next_dagrun for tutorial to 2024-02-20 00:00:00+00:00, run_after=2024-02-21 00:00:00+00:00
[2024-02-21T13:21:40.277+0000] {processor.py:183} INFO - Processing /home/airflow/.local/lib/python3.8/site-packages/airflow/example_dags/tutorial.py took 0.120 seconds
[2024-02-21T13:22:11.200+0000] {processor.py:161} INFO - Started process (PID=843) to work on /home/airflow/.local/lib/python3.8/site-packages/airflow/example_dags/tutorial.py
[2024-02-21T13:22:11.202+0000] {processor.py:830} INFO - Processing file /home/airflow/.local/lib/python3.8/site-packages/airflow/example_dags/tutorial.py for tasks to queue
[2024-02-21T13:22:11.205+0000] {logging_mixin.py:188} INFO - [2024-02-21T13:22:11.205+0000] {dagbag.py:538} INFO - Filling up the DagBag from /home/airflow/.local/lib/python3.8/site-packages/airflow/example_dags/tutorial.py
[2024-02-21T13:22:11.215+0000] {processor.py:840} INFO - DAG(s) 'tutorial' retrieved from /home/airflow/.local/lib/python3.8/site-packages/airflow/example_dags/tutorial.py
[2024-02-21T13:22:11.249+0000] {logging_mixin.py:188} INFO - [2024-02-21T13:22:11.249+0000] {dag.py:3036} INFO - Sync 1 DAGs
[2024-02-21T13:22:11.283+0000] {logging_mixin.py:188} INFO - [2024-02-21T13:22:11.282+0000] {dag.py:3823} INFO - Setting next_dagrun for tutorial to 2024-02-20 00:00:00+00:00, run_after=2024-02-21 00:00:00+00:00
[2024-02-21T13:22:11.309+0000] {processor.py:183} INFO - Processing /home/airflow/.local/lib/python3.8/site-packages/airflow/example_dags/tutorial.py took 0.115 seconds
[2024-02-21T13:22:41.720+0000] {processor.py:161} INFO - Started process (PID=898) to work on /home/airflow/.local/lib/python3.8/site-packages/airflow/example_dags/tutorial.py
[2024-02-21T13:22:41.721+0000] {processor.py:830} INFO - Processing file /home/airflow/.local/lib/python3.8/site-packages/airflow/example_dags/tutorial.py for tasks to queue
[2024-02-21T13:22:41.725+0000] {logging_mixin.py:188} INFO - [2024-02-21T13:22:41.724+0000] {dagbag.py:538} INFO - Filling up the DagBag from /home/airflow/.local/lib/python3.8/site-packages/airflow/example_dags/tutorial.py
[2024-02-21T13:22:41.734+0000] {processor.py:840} INFO - DAG(s) 'tutorial' retrieved from /home/airflow/.local/lib/python3.8/site-packages/airflow/example_dags/tutorial.py
[2024-02-21T13:22:41.766+0000] {logging_mixin.py:188} INFO - [2024-02-21T13:22:41.766+0000] {dag.py:3036} INFO - Sync 1 DAGs
[2024-02-21T13:22:41.800+0000] {logging_mixin.py:188} INFO - [2024-02-21T13:22:41.800+0000] {dag.py:3823} INFO - Setting next_dagrun for tutorial to 2024-02-20 00:00:00+00:00, run_after=2024-02-21 00:00:00+00:00
[2024-02-21T13:22:41.830+0000] {processor.py:183} INFO - Processing /home/airflow/.local/lib/python3.8/site-packages/airflow/example_dags/tutorial.py took 0.116 seconds
[2024-02-21T13:23:12.806+0000] {processor.py:161} INFO - Started process (PID=953) to work on /home/airflow/.local/lib/python3.8/site-packages/airflow/example_dags/tutorial.py
[2024-02-21T13:23:12.809+0000] {processor.py:830} INFO - Processing file /home/airflow/.local/lib/python3.8/site-packages/airflow/example_dags/tutorial.py for tasks to queue
[2024-02-21T13:23:12.812+0000] {logging_mixin.py:188} INFO - [2024-02-21T13:23:12.812+0000] {dagbag.py:538} INFO - Filling up the DagBag from /home/airflow/.local/lib/python3.8/site-packages/airflow/example_dags/tutorial.py
[2024-02-21T13:23:12.824+0000] {processor.py:840} INFO - DAG(s) 'tutorial' retrieved from /home/airflow/.local/lib/python3.8/site-packages/airflow/example_dags/tutorial.py
[2024-02-21T13:23:12.859+0000] {logging_mixin.py:188} INFO - [2024-02-21T13:23:12.858+0000] {dag.py:3036} INFO - Sync 1 DAGs
[2024-02-21T13:23:12.898+0000] {logging_mixin.py:188} INFO - [2024-02-21T13:23:12.898+0000] {dag.py:3823} INFO - Setting next_dagrun for tutorial to 2024-02-20 00:00:00+00:00, run_after=2024-02-21 00:00:00+00:00
[2024-02-21T13:23:12.929+0000] {processor.py:183} INFO - Processing /home/airflow/.local/lib/python3.8/site-packages/airflow/example_dags/tutorial.py took 0.132 seconds
[2024-02-21T13:23:43.082+0000] {processor.py:161} INFO - Started process (PID=1008) to work on /home/airflow/.local/lib/python3.8/site-packages/airflow/example_dags/tutorial.py
[2024-02-21T13:23:43.085+0000] {processor.py:830} INFO - Processing file /home/airflow/.local/lib/python3.8/site-packages/airflow/example_dags/tutorial.py for tasks to queue
[2024-02-21T13:23:43.089+0000] {logging_mixin.py:188} INFO - [2024-02-21T13:23:43.088+0000] {dagbag.py:538} INFO - Filling up the DagBag from /home/airflow/.local/lib/python3.8/site-packages/airflow/example_dags/tutorial.py
[2024-02-21T13:23:43.102+0000] {processor.py:840} INFO - DAG(s) 'tutorial' retrieved from /home/airflow/.local/lib/python3.8/site-packages/airflow/example_dags/tutorial.py
[2024-02-21T13:23:43.135+0000] {logging_mixin.py:188} INFO - [2024-02-21T13:23:43.134+0000] {dag.py:3036} INFO - Sync 1 DAGs
[2024-02-21T13:23:43.170+0000] {logging_mixin.py:188} INFO - [2024-02-21T13:23:43.169+0000] {dag.py:3823} INFO - Setting next_dagrun for tutorial to 2024-02-20 00:00:00+00:00, run_after=2024-02-21 00:00:00+00:00
[2024-02-21T13:23:43.195+0000] {processor.py:183} INFO - Processing /home/airflow/.local/lib/python3.8/site-packages/airflow/example_dags/tutorial.py took 0.121 seconds
[2024-02-21T13:24:13.898+0000] {processor.py:161} INFO - Started process (PID=1063) to work on /home/airflow/.local/lib/python3.8/site-packages/airflow/example_dags/tutorial.py
[2024-02-21T13:24:13.900+0000] {processor.py:830} INFO - Processing file /home/airflow/.local/lib/python3.8/site-packages/airflow/example_dags/tutorial.py for tasks to queue
[2024-02-21T13:24:13.903+0000] {logging_mixin.py:188} INFO - [2024-02-21T13:24:13.903+0000] {dagbag.py:538} INFO - Filling up the DagBag from /home/airflow/.local/lib/python3.8/site-packages/airflow/example_dags/tutorial.py
[2024-02-21T13:24:13.913+0000] {processor.py:840} INFO - DAG(s) 'tutorial' retrieved from /home/airflow/.local/lib/python3.8/site-packages/airflow/example_dags/tutorial.py
[2024-02-21T13:24:13.950+0000] {logging_mixin.py:188} INFO - [2024-02-21T13:24:13.949+0000] {dag.py:3036} INFO - Sync 1 DAGs
[2024-02-21T13:24:13.986+0000] {logging_mixin.py:188} INFO - [2024-02-21T13:24:13.986+0000] {dag.py:3823} INFO - Setting next_dagrun for tutorial to 2024-02-20 00:00:00+00:00, run_after=2024-02-21 00:00:00+00:00
[2024-02-21T13:24:14.014+0000] {processor.py:183} INFO - Processing /home/airflow/.local/lib/python3.8/site-packages/airflow/example_dags/tutorial.py took 0.123 seconds
[2024-02-21T13:24:44.437+0000] {processor.py:161} INFO - Started process (PID=1118) to work on /home/airflow/.local/lib/python3.8/site-packages/airflow/example_dags/tutorial.py
[2024-02-21T13:24:44.440+0000] {processor.py:830} INFO - Processing file /home/airflow/.local/lib/python3.8/site-packages/airflow/example_dags/tutorial.py for tasks to queue
[2024-02-21T13:24:44.444+0000] {logging_mixin.py:188} INFO - [2024-02-21T13:24:44.443+0000] {dagbag.py:538} INFO - Filling up the DagBag from /home/airflow/.local/lib/python3.8/site-packages/airflow/example_dags/tutorial.py
[2024-02-21T13:24:44.456+0000] {processor.py:840} INFO - DAG(s) 'tutorial' retrieved from /home/airflow/.local/lib/python3.8/site-packages/airflow/example_dags/tutorial.py
[2024-02-21T13:24:44.489+0000] {logging_mixin.py:188} INFO - [2024-02-21T13:24:44.489+0000] {dag.py:3036} INFO - Sync 1 DAGs
[2024-02-21T13:24:44.529+0000] {logging_mixin.py:188} INFO - [2024-02-21T13:24:44.528+0000] {dag.py:3823} INFO - Setting next_dagrun for tutorial to 2024-02-20 00:00:00+00:00, run_after=2024-02-21 00:00:00+00:00
[2024-02-21T13:24:44.564+0000] {processor.py:183} INFO - Processing /home/airflow/.local/lib/python3.8/site-packages/airflow/example_dags/tutorial.py took 0.135 seconds
[2024-02-21T13:25:14.856+0000] {processor.py:161} INFO - Started process (PID=1174) to work on /home/airflow/.local/lib/python3.8/site-packages/airflow/example_dags/tutorial.py
[2024-02-21T13:25:14.858+0000] {processor.py:830} INFO - Processing file /home/airflow/.local/lib/python3.8/site-packages/airflow/example_dags/tutorial.py for tasks to queue
[2024-02-21T13:25:14.861+0000] {logging_mixin.py:188} INFO - [2024-02-21T13:25:14.861+0000] {dagbag.py:538} INFO - Filling up the DagBag from /home/airflow/.local/lib/python3.8/site-packages/airflow/example_dags/tutorial.py
[2024-02-21T13:25:14.871+0000] {processor.py:840} INFO - DAG(s) 'tutorial' retrieved from /home/airflow/.local/lib/python3.8/site-packages/airflow/example_dags/tutorial.py
[2024-02-21T13:25:14.903+0000] {logging_mixin.py:188} INFO - [2024-02-21T13:25:14.903+0000] {dag.py:3036} INFO - Sync 1 DAGs
[2024-02-21T13:25:14.937+0000] {logging_mixin.py:188} INFO - [2024-02-21T13:25:14.936+0000] {dag.py:3823} INFO - Setting next_dagrun for tutorial to 2024-02-20 00:00:00+00:00, run_after=2024-02-21 00:00:00+00:00
[2024-02-21T13:25:14.963+0000] {processor.py:183} INFO - Processing /home/airflow/.local/lib/python3.8/site-packages/airflow/example_dags/tutorial.py took 0.113 seconds
[2024-02-21T13:25:45.146+0000] {processor.py:161} INFO - Started process (PID=1229) to work on /home/airflow/.local/lib/python3.8/site-packages/airflow/example_dags/tutorial.py
[2024-02-21T13:25:45.148+0000] {processor.py:830} INFO - Processing file /home/airflow/.local/lib/python3.8/site-packages/airflow/example_dags/tutorial.py for tasks to queue
[2024-02-21T13:25:45.151+0000] {logging_mixin.py:188} INFO - [2024-02-21T13:25:45.151+0000] {dagbag.py:538} INFO - Filling up the DagBag from /home/airflow/.local/lib/python3.8/site-packages/airflow/example_dags/tutorial.py
[2024-02-21T13:25:45.164+0000] {processor.py:840} INFO - DAG(s) 'tutorial' retrieved from /home/airflow/.local/lib/python3.8/site-packages/airflow/example_dags/tutorial.py
[2024-02-21T13:25:45.207+0000] {logging_mixin.py:188} INFO - [2024-02-21T13:25:45.207+0000] {dag.py:3036} INFO - Sync 1 DAGs
[2024-02-21T13:25:45.255+0000] {logging_mixin.py:188} INFO - [2024-02-21T13:25:45.255+0000] {dag.py:3823} INFO - Setting next_dagrun for tutorial to 2024-02-20 00:00:00+00:00, run_after=2024-02-21 00:00:00+00:00
[2024-02-21T13:25:45.288+0000] {processor.py:183} INFO - Processing /home/airflow/.local/lib/python3.8/site-packages/airflow/example_dags/tutorial.py took 0.150 seconds
[2024-02-21T13:26:15.489+0000] {processor.py:161} INFO - Started process (PID=1284) to work on /home/airflow/.local/lib/python3.8/site-packages/airflow/example_dags/tutorial.py
[2024-02-21T13:26:15.492+0000] {processor.py:830} INFO - Processing file /home/airflow/.local/lib/python3.8/site-packages/airflow/example_dags/tutorial.py for tasks to queue
[2024-02-21T13:26:15.496+0000] {logging_mixin.py:188} INFO - [2024-02-21T13:26:15.495+0000] {dagbag.py:538} INFO - Filling up the DagBag from /home/airflow/.local/lib/python3.8/site-packages/airflow/example_dags/tutorial.py
[2024-02-21T13:26:15.507+0000] {processor.py:840} INFO - DAG(s) 'tutorial' retrieved from /home/airflow/.local/lib/python3.8/site-packages/airflow/example_dags/tutorial.py
[2024-02-21T13:26:15.548+0000] {logging_mixin.py:188} INFO - [2024-02-21T13:26:15.548+0000] {dag.py:3036} INFO - Sync 1 DAGs
[2024-02-21T13:26:15.600+0000] {logging_mixin.py:188} INFO - [2024-02-21T13:26:15.599+0000] {dag.py:3823} INFO - Setting next_dagrun for tutorial to 2024-02-20 00:00:00+00:00, run_after=2024-02-21 00:00:00+00:00
[2024-02-21T13:26:15.641+0000] {processor.py:183} INFO - Processing /home/airflow/.local/lib/python3.8/site-packages/airflow/example_dags/tutorial.py took 0.159 seconds
[2024-02-21T13:26:45.932+0000] {processor.py:161} INFO - Started process (PID=1340) to work on /home/airflow/.local/lib/python3.8/site-packages/airflow/example_dags/tutorial.py
[2024-02-21T13:26:45.933+0000] {processor.py:830} INFO - Processing file /home/airflow/.local/lib/python3.8/site-packages/airflow/example_dags/tutorial.py for tasks to queue
[2024-02-21T13:26:45.936+0000] {logging_mixin.py:188} INFO - [2024-02-21T13:26:45.936+0000] {dagbag.py:538} INFO - Filling up the DagBag from /home/airflow/.local/lib/python3.8/site-packages/airflow/example_dags/tutorial.py
[2024-02-21T13:26:45.946+0000] {processor.py:840} INFO - DAG(s) 'tutorial' retrieved from /home/airflow/.local/lib/python3.8/site-packages/airflow/example_dags/tutorial.py
[2024-02-21T13:26:45.982+0000] {logging_mixin.py:188} INFO - [2024-02-21T13:26:45.981+0000] {dag.py:3036} INFO - Sync 1 DAGs
[2024-02-21T13:26:46.017+0000] {logging_mixin.py:188} INFO - [2024-02-21T13:26:46.016+0000] {dag.py:3823} INFO - Setting next_dagrun for tutorial to 2024-02-20 00:00:00+00:00, run_after=2024-02-21 00:00:00+00:00
[2024-02-21T13:26:46.043+0000] {processor.py:183} INFO - Processing /home/airflow/.local/lib/python3.8/site-packages/airflow/example_dags/tutorial.py took 0.117 seconds
[2024-02-21T13:27:16.826+0000] {processor.py:161} INFO - Started process (PID=1395) to work on /home/airflow/.local/lib/python3.8/site-packages/airflow/example_dags/tutorial.py
[2024-02-21T13:27:16.828+0000] {processor.py:830} INFO - Processing file /home/airflow/.local/lib/python3.8/site-packages/airflow/example_dags/tutorial.py for tasks to queue
[2024-02-21T13:27:16.831+0000] {logging_mixin.py:188} INFO - [2024-02-21T13:27:16.831+0000] {dagbag.py:538} INFO - Filling up the DagBag from /home/airflow/.local/lib/python3.8/site-packages/airflow/example_dags/tutorial.py
[2024-02-21T13:27:16.842+0000] {processor.py:840} INFO - DAG(s) 'tutorial' retrieved from /home/airflow/.local/lib/python3.8/site-packages/airflow/example_dags/tutorial.py
[2024-02-21T13:27:16.880+0000] {logging_mixin.py:188} INFO - [2024-02-21T13:27:16.880+0000] {dag.py:3036} INFO - Sync 1 DAGs
[2024-02-21T13:27:16.918+0000] {logging_mixin.py:188} INFO - [2024-02-21T13:27:16.917+0000] {dag.py:3823} INFO - Setting next_dagrun for tutorial to 2024-02-20 00:00:00+00:00, run_after=2024-02-21 00:00:00+00:00
[2024-02-21T13:27:16.950+0000] {processor.py:183} INFO - Processing /home/airflow/.local/lib/python3.8/site-packages/airflow/example_dags/tutorial.py took 0.132 seconds
[2024-02-21T13:27:47.187+0000] {processor.py:161} INFO - Started process (PID=1451) to work on /home/airflow/.local/lib/python3.8/site-packages/airflow/example_dags/tutorial.py
[2024-02-21T13:27:47.188+0000] {processor.py:830} INFO - Processing file /home/airflow/.local/lib/python3.8/site-packages/airflow/example_dags/tutorial.py for tasks to queue
[2024-02-21T13:27:47.192+0000] {logging_mixin.py:188} INFO - [2024-02-21T13:27:47.191+0000] {dagbag.py:538} INFO - Filling up the DagBag from /home/airflow/.local/lib/python3.8/site-packages/airflow/example_dags/tutorial.py
[2024-02-21T13:27:47.201+0000] {processor.py:840} INFO - DAG(s) 'tutorial' retrieved from /home/airflow/.local/lib/python3.8/site-packages/airflow/example_dags/tutorial.py
[2024-02-21T13:27:47.236+0000] {logging_mixin.py:188} INFO - [2024-02-21T13:27:47.236+0000] {dag.py:3036} INFO - Sync 1 DAGs
[2024-02-21T13:27:47.275+0000] {logging_mixin.py:188} INFO - [2024-02-21T13:27:47.275+0000] {dag.py:3823} INFO - Setting next_dagrun for tutorial to 2024-02-20 00:00:00+00:00, run_after=2024-02-21 00:00:00+00:00
[2024-02-21T13:27:47.306+0000] {processor.py:183} INFO - Processing /home/airflow/.local/lib/python3.8/site-packages/airflow/example_dags/tutorial.py took 0.125 seconds
[2024-02-21T13:28:17.624+0000] {processor.py:161} INFO - Started process (PID=1507) to work on /home/airflow/.local/lib/python3.8/site-packages/airflow/example_dags/tutorial.py
[2024-02-21T13:28:17.627+0000] {processor.py:830} INFO - Processing file /home/airflow/.local/lib/python3.8/site-packages/airflow/example_dags/tutorial.py for tasks to queue
[2024-02-21T13:28:17.630+0000] {logging_mixin.py:188} INFO - [2024-02-21T13:28:17.629+0000] {dagbag.py:538} INFO - Filling up the DagBag from /home/airflow/.local/lib/python3.8/site-packages/airflow/example_dags/tutorial.py
[2024-02-21T13:28:17.640+0000] {processor.py:840} INFO - DAG(s) 'tutorial' retrieved from /home/airflow/.local/lib/python3.8/site-packages/airflow/example_dags/tutorial.py
[2024-02-21T13:28:17.672+0000] {logging_mixin.py:188} INFO - [2024-02-21T13:28:17.672+0000] {dag.py:3036} INFO - Sync 1 DAGs
[2024-02-21T13:28:17.706+0000] {logging_mixin.py:188} INFO - [2024-02-21T13:28:17.705+0000] {dag.py:3823} INFO - Setting next_dagrun for tutorial to 2024-02-20 00:00:00+00:00, run_after=2024-02-21 00:00:00+00:00
[2024-02-21T13:28:17.731+0000] {processor.py:183} INFO - Processing /home/airflow/.local/lib/python3.8/site-packages/airflow/example_dags/tutorial.py took 0.113 seconds
[2024-02-21T13:28:47.994+0000] {processor.py:161} INFO - Started process (PID=1562) to work on /home/airflow/.local/lib/python3.8/site-packages/airflow/example_dags/tutorial.py
[2024-02-21T13:28:47.995+0000] {processor.py:830} INFO - Processing file /home/airflow/.local/lib/python3.8/site-packages/airflow/example_dags/tutorial.py for tasks to queue
[2024-02-21T13:28:47.998+0000] {logging_mixin.py:188} INFO - [2024-02-21T13:28:47.998+0000] {dagbag.py:538} INFO - Filling up the DagBag from /home/airflow/.local/lib/python3.8/site-packages/airflow/example_dags/tutorial.py
[2024-02-21T13:28:48.008+0000] {processor.py:840} INFO - DAG(s) 'tutorial' retrieved from /home/airflow/.local/lib/python3.8/site-packages/airflow/example_dags/tutorial.py
[2024-02-21T13:28:48.040+0000] {logging_mixin.py:188} INFO - [2024-02-21T13:28:48.040+0000] {dag.py:3036} INFO - Sync 1 DAGs
[2024-02-21T13:28:48.073+0000] {logging_mixin.py:188} INFO - [2024-02-21T13:28:48.073+0000] {dag.py:3823} INFO - Setting next_dagrun for tutorial to 2024-02-20 00:00:00+00:00, run_after=2024-02-21 00:00:00+00:00
[2024-02-21T13:28:48.098+0000] {processor.py:183} INFO - Processing /home/airflow/.local/lib/python3.8/site-packages/airflow/example_dags/tutorial.py took 0.110 seconds
[2024-02-21T13:29:18.770+0000] {processor.py:161} INFO - Started process (PID=1617) to work on /home/airflow/.local/lib/python3.8/site-packages/airflow/example_dags/tutorial.py
[2024-02-21T13:29:18.773+0000] {processor.py:830} INFO - Processing file /home/airflow/.local/lib/python3.8/site-packages/airflow/example_dags/tutorial.py for tasks to queue
[2024-02-21T13:29:18.776+0000] {logging_mixin.py:188} INFO - [2024-02-21T13:29:18.775+0000] {dagbag.py:538} INFO - Filling up the DagBag from /home/airflow/.local/lib/python3.8/site-packages/airflow/example_dags/tutorial.py
[2024-02-21T13:29:18.785+0000] {processor.py:840} INFO - DAG(s) 'tutorial' retrieved from /home/airflow/.local/lib/python3.8/site-packages/airflow/example_dags/tutorial.py
[2024-02-21T13:29:18.816+0000] {logging_mixin.py:188} INFO - [2024-02-21T13:29:18.816+0000] {dag.py:3036} INFO - Sync 1 DAGs
[2024-02-21T13:29:18.850+0000] {logging_mixin.py:188} INFO - [2024-02-21T13:29:18.850+0000] {dag.py:3823} INFO - Setting next_dagrun for tutorial to 2024-02-20 00:00:00+00:00, run_after=2024-02-21 00:00:00+00:00
[2024-02-21T13:29:18.885+0000] {processor.py:183} INFO - Processing /home/airflow/.local/lib/python3.8/site-packages/airflow/example_dags/tutorial.py took 0.122 seconds
[2024-02-21T13:29:49.317+0000] {processor.py:161} INFO - Started process (PID=1672) to work on /home/airflow/.local/lib/python3.8/site-packages/airflow/example_dags/tutorial.py
[2024-02-21T13:29:49.318+0000] {processor.py:830} INFO - Processing file /home/airflow/.local/lib/python3.8/site-packages/airflow/example_dags/tutorial.py for tasks to queue
[2024-02-21T13:29:49.321+0000] {logging_mixin.py:188} INFO - [2024-02-21T13:29:49.321+0000] {dagbag.py:538} INFO - Filling up the DagBag from /home/airflow/.local/lib/python3.8/site-packages/airflow/example_dags/tutorial.py
[2024-02-21T13:29:49.331+0000] {processor.py:840} INFO - DAG(s) 'tutorial' retrieved from /home/airflow/.local/lib/python3.8/site-packages/airflow/example_dags/tutorial.py
[2024-02-21T13:29:49.364+0000] {logging_mixin.py:188} INFO - [2024-02-21T13:29:49.363+0000] {dag.py:3036} INFO - Sync 1 DAGs
[2024-02-21T13:29:49.400+0000] {logging_mixin.py:188} INFO - [2024-02-21T13:29:49.399+0000] {dag.py:3823} INFO - Setting next_dagrun for tutorial to 2024-02-20 00:00:00+00:00, run_after=2024-02-21 00:00:00+00:00
[2024-02-21T13:29:49.430+0000] {processor.py:183} INFO - Processing /home/airflow/.local/lib/python3.8/site-packages/airflow/example_dags/tutorial.py took 0.120 seconds
[2024-02-21T13:30:20.260+0000] {processor.py:161} INFO - Started process (PID=1727) to work on /home/airflow/.local/lib/python3.8/site-packages/airflow/example_dags/tutorial.py
[2024-02-21T13:30:20.266+0000] {processor.py:830} INFO - Processing file /home/airflow/.local/lib/python3.8/site-packages/airflow/example_dags/tutorial.py for tasks to queue
[2024-02-21T13:30:20.271+0000] {logging_mixin.py:188} INFO - [2024-02-21T13:30:20.270+0000] {dagbag.py:538} INFO - Filling up the DagBag from /home/airflow/.local/lib/python3.8/site-packages/airflow/example_dags/tutorial.py
[2024-02-21T13:30:20.286+0000] {processor.py:840} INFO - DAG(s) 'tutorial' retrieved from /home/airflow/.local/lib/python3.8/site-packages/airflow/example_dags/tutorial.py
[2024-02-21T13:30:20.339+0000] {logging_mixin.py:188} INFO - [2024-02-21T13:30:20.337+0000] {dag.py:3036} INFO - Sync 1 DAGs
[2024-02-21T13:30:20.384+0000] {logging_mixin.py:188} INFO - [2024-02-21T13:30:20.384+0000] {dag.py:3823} INFO - Setting next_dagrun for tutorial to 2024-02-20 00:00:00+00:00, run_after=2024-02-21 00:00:00+00:00
[2024-02-21T13:30:20.424+0000] {processor.py:183} INFO - Processing /home/airflow/.local/lib/python3.8/site-packages/airflow/example_dags/tutorial.py took 0.181 seconds
[2024-02-21T13:30:50.552+0000] {processor.py:161} INFO - Started process (PID=1787) to work on /home/airflow/.local/lib/python3.8/site-packages/airflow/example_dags/tutorial.py
[2024-02-21T13:30:50.555+0000] {processor.py:830} INFO - Processing file /home/airflow/.local/lib/python3.8/site-packages/airflow/example_dags/tutorial.py for tasks to queue
[2024-02-21T13:30:50.558+0000] {logging_mixin.py:188} INFO - [2024-02-21T13:30:50.558+0000] {dagbag.py:538} INFO - Filling up the DagBag from /home/airflow/.local/lib/python3.8/site-packages/airflow/example_dags/tutorial.py
[2024-02-21T13:30:50.569+0000] {processor.py:840} INFO - DAG(s) 'tutorial' retrieved from /home/airflow/.local/lib/python3.8/site-packages/airflow/example_dags/tutorial.py
[2024-02-21T13:30:50.610+0000] {logging_mixin.py:188} INFO - [2024-02-21T13:30:50.609+0000] {dag.py:3036} INFO - Sync 1 DAGs
[2024-02-21T13:30:50.648+0000] {logging_mixin.py:188} INFO - [2024-02-21T13:30:50.647+0000] {dag.py:3823} INFO - Setting next_dagrun for tutorial to 2024-02-20 00:00:00+00:00, run_after=2024-02-21 00:00:00+00:00
[2024-02-21T13:30:50.700+0000] {processor.py:183} INFO - Processing /home/airflow/.local/lib/python3.8/site-packages/airflow/example_dags/tutorial.py took 0.155 seconds
[2024-02-21T13:31:21.853+0000] {processor.py:161} INFO - Started process (PID=1842) to work on /home/airflow/.local/lib/python3.8/site-packages/airflow/example_dags/tutorial.py
[2024-02-21T13:31:21.855+0000] {processor.py:830} INFO - Processing file /home/airflow/.local/lib/python3.8/site-packages/airflow/example_dags/tutorial.py for tasks to queue
[2024-02-21T13:31:21.858+0000] {logging_mixin.py:188} INFO - [2024-02-21T13:31:21.857+0000] {dagbag.py:538} INFO - Filling up the DagBag from /home/airflow/.local/lib/python3.8/site-packages/airflow/example_dags/tutorial.py
[2024-02-21T13:31:21.869+0000] {processor.py:840} INFO - DAG(s) 'tutorial' retrieved from /home/airflow/.local/lib/python3.8/site-packages/airflow/example_dags/tutorial.py
[2024-02-21T13:31:21.907+0000] {logging_mixin.py:188} INFO - [2024-02-21T13:31:21.906+0000] {dag.py:3036} INFO - Sync 1 DAGs
[2024-02-21T13:31:21.954+0000] {logging_mixin.py:188} INFO - [2024-02-21T13:31:21.954+0000] {dag.py:3823} INFO - Setting next_dagrun for tutorial to 2024-02-20 00:00:00+00:00, run_after=2024-02-21 00:00:00+00:00
[2024-02-21T13:31:21.997+0000] {processor.py:183} INFO - Processing /home/airflow/.local/lib/python3.8/site-packages/airflow/example_dags/tutorial.py took 0.150 seconds
[2024-02-21T13:31:52.076+0000] {processor.py:161} INFO - Started process (PID=1898) to work on /home/airflow/.local/lib/python3.8/site-packages/airflow/example_dags/tutorial.py
[2024-02-21T13:31:52.077+0000] {processor.py:830} INFO - Processing file /home/airflow/.local/lib/python3.8/site-packages/airflow/example_dags/tutorial.py for tasks to queue
[2024-02-21T13:31:52.080+0000] {logging_mixin.py:188} INFO - [2024-02-21T13:31:52.080+0000] {dagbag.py:538} INFO - Filling up the DagBag from /home/airflow/.local/lib/python3.8/site-packages/airflow/example_dags/tutorial.py
[2024-02-21T13:31:52.090+0000] {processor.py:840} INFO - DAG(s) 'tutorial' retrieved from /home/airflow/.local/lib/python3.8/site-packages/airflow/example_dags/tutorial.py
[2024-02-21T13:31:52.123+0000] {logging_mixin.py:188} INFO - [2024-02-21T13:31:52.123+0000] {dag.py:3036} INFO - Sync 1 DAGs
[2024-02-21T13:31:52.163+0000] {logging_mixin.py:188} INFO - [2024-02-21T13:31:52.163+0000] {dag.py:3823} INFO - Setting next_dagrun for tutorial to 2024-02-20 00:00:00+00:00, run_after=2024-02-21 00:00:00+00:00
[2024-02-21T13:31:52.199+0000] {processor.py:183} INFO - Processing /home/airflow/.local/lib/python3.8/site-packages/airflow/example_dags/tutorial.py took 0.130 seconds
[2024-02-21T13:32:22.728+0000] {processor.py:161} INFO - Started process (PID=1952) to work on /home/airflow/.local/lib/python3.8/site-packages/airflow/example_dags/tutorial.py
[2024-02-21T13:32:22.731+0000] {processor.py:830} INFO - Processing file /home/airflow/.local/lib/python3.8/site-packages/airflow/example_dags/tutorial.py for tasks to queue
[2024-02-21T13:32:22.734+0000] {logging_mixin.py:188} INFO - [2024-02-21T13:32:22.734+0000] {dagbag.py:538} INFO - Filling up the DagBag from /home/airflow/.local/lib/python3.8/site-packages/airflow/example_dags/tutorial.py
[2024-02-21T13:32:22.745+0000] {processor.py:840} INFO - DAG(s) 'tutorial' retrieved from /home/airflow/.local/lib/python3.8/site-packages/airflow/example_dags/tutorial.py
[2024-02-21T13:32:22.779+0000] {logging_mixin.py:188} INFO - [2024-02-21T13:32:22.779+0000] {dag.py:3036} INFO - Sync 1 DAGs
[2024-02-21T13:32:22.813+0000] {logging_mixin.py:188} INFO - [2024-02-21T13:32:22.812+0000] {dag.py:3823} INFO - Setting next_dagrun for tutorial to 2024-02-20 00:00:00+00:00, run_after=2024-02-21 00:00:00+00:00
[2024-02-21T13:32:22.842+0000] {processor.py:183} INFO - Processing /home/airflow/.local/lib/python3.8/site-packages/airflow/example_dags/tutorial.py took 0.120 seconds
[2024-02-21T13:32:53.348+0000] {processor.py:161} INFO - Started process (PID=2007) to work on /home/airflow/.local/lib/python3.8/site-packages/airflow/example_dags/tutorial.py
[2024-02-21T13:32:53.350+0000] {processor.py:830} INFO - Processing file /home/airflow/.local/lib/python3.8/site-packages/airflow/example_dags/tutorial.py for tasks to queue
[2024-02-21T13:32:53.353+0000] {logging_mixin.py:188} INFO - [2024-02-21T13:32:53.353+0000] {dagbag.py:538} INFO - Filling up the DagBag from /home/airflow/.local/lib/python3.8/site-packages/airflow/example_dags/tutorial.py
[2024-02-21T13:32:53.363+0000] {processor.py:840} INFO - DAG(s) 'tutorial' retrieved from /home/airflow/.local/lib/python3.8/site-packages/airflow/example_dags/tutorial.py
[2024-02-21T13:32:53.397+0000] {logging_mixin.py:188} INFO - [2024-02-21T13:32:53.397+0000] {dag.py:3036} INFO - Sync 1 DAGs
[2024-02-21T13:32:53.430+0000] {logging_mixin.py:188} INFO - [2024-02-21T13:32:53.430+0000] {dag.py:3823} INFO - Setting next_dagrun for tutorial to 2024-02-20 00:00:00+00:00, run_after=2024-02-21 00:00:00+00:00
[2024-02-21T13:32:53.458+0000] {processor.py:183} INFO - Processing /home/airflow/.local/lib/python3.8/site-packages/airflow/example_dags/tutorial.py took 0.118 seconds
[2024-02-21T13:33:24.009+0000] {processor.py:161} INFO - Started process (PID=2062) to work on /home/airflow/.local/lib/python3.8/site-packages/airflow/example_dags/tutorial.py
[2024-02-21T13:33:24.011+0000] {processor.py:830} INFO - Processing file /home/airflow/.local/lib/python3.8/site-packages/airflow/example_dags/tutorial.py for tasks to queue
[2024-02-21T13:33:24.014+0000] {logging_mixin.py:188} INFO - [2024-02-21T13:33:24.014+0000] {dagbag.py:538} INFO - Filling up the DagBag from /home/airflow/.local/lib/python3.8/site-packages/airflow/example_dags/tutorial.py
[2024-02-21T13:33:24.024+0000] {processor.py:840} INFO - DAG(s) 'tutorial' retrieved from /home/airflow/.local/lib/python3.8/site-packages/airflow/example_dags/tutorial.py
[2024-02-21T13:33:24.057+0000] {logging_mixin.py:188} INFO - [2024-02-21T13:33:24.057+0000] {dag.py:3036} INFO - Sync 1 DAGs
[2024-02-21T13:33:24.089+0000] {logging_mixin.py:188} INFO - [2024-02-21T13:33:24.089+0000] {dag.py:3823} INFO - Setting next_dagrun for tutorial to 2024-02-20 00:00:00+00:00, run_after=2024-02-21 00:00:00+00:00
[2024-02-21T13:33:24.127+0000] {processor.py:183} INFO - Processing /home/airflow/.local/lib/python3.8/site-packages/airflow/example_dags/tutorial.py took 0.124 seconds
[2024-02-21T13:33:54.899+0000] {processor.py:161} INFO - Started process (PID=2117) to work on /home/airflow/.local/lib/python3.8/site-packages/airflow/example_dags/tutorial.py
[2024-02-21T13:33:54.906+0000] {processor.py:830} INFO - Processing file /home/airflow/.local/lib/python3.8/site-packages/airflow/example_dags/tutorial.py for tasks to queue
[2024-02-21T13:33:54.912+0000] {logging_mixin.py:188} INFO - [2024-02-21T13:33:54.911+0000] {dagbag.py:538} INFO - Filling up the DagBag from /home/airflow/.local/lib/python3.8/site-packages/airflow/example_dags/tutorial.py
[2024-02-21T13:33:54.924+0000] {processor.py:840} INFO - DAG(s) 'tutorial' retrieved from /home/airflow/.local/lib/python3.8/site-packages/airflow/example_dags/tutorial.py
[2024-02-21T13:33:54.957+0000] {logging_mixin.py:188} INFO - [2024-02-21T13:33:54.957+0000] {dag.py:3036} INFO - Sync 1 DAGs
[2024-02-21T13:33:54.995+0000] {logging_mixin.py:188} INFO - [2024-02-21T13:33:54.994+0000] {dag.py:3823} INFO - Setting next_dagrun for tutorial to 2024-02-20 00:00:00+00:00, run_after=2024-02-21 00:00:00+00:00
[2024-02-21T13:33:55.033+0000] {processor.py:183} INFO - Processing /home/airflow/.local/lib/python3.8/site-packages/airflow/example_dags/tutorial.py took 0.146 seconds
[2024-02-21T13:34:25.326+0000] {processor.py:161} INFO - Started process (PID=2172) to work on /home/airflow/.local/lib/python3.8/site-packages/airflow/example_dags/tutorial.py
[2024-02-21T13:34:25.329+0000] {processor.py:830} INFO - Processing file /home/airflow/.local/lib/python3.8/site-packages/airflow/example_dags/tutorial.py for tasks to queue
[2024-02-21T13:34:25.332+0000] {logging_mixin.py:188} INFO - [2024-02-21T13:34:25.332+0000] {dagbag.py:538} INFO - Filling up the DagBag from /home/airflow/.local/lib/python3.8/site-packages/airflow/example_dags/tutorial.py
[2024-02-21T13:34:25.342+0000] {processor.py:840} INFO - DAG(s) 'tutorial' retrieved from /home/airflow/.local/lib/python3.8/site-packages/airflow/example_dags/tutorial.py
[2024-02-21T13:34:25.374+0000] {logging_mixin.py:188} INFO - [2024-02-21T13:34:25.373+0000] {dag.py:3036} INFO - Sync 1 DAGs
[2024-02-21T13:34:25.417+0000] {logging_mixin.py:188} INFO - [2024-02-21T13:34:25.417+0000] {dag.py:3823} INFO - Setting next_dagrun for tutorial to 2024-02-20 00:00:00+00:00, run_after=2024-02-21 00:00:00+00:00
[2024-02-21T13:34:25.650+0000] {processor.py:183} INFO - Processing /home/airflow/.local/lib/python3.8/site-packages/airflow/example_dags/tutorial.py took 0.330 seconds
[2024-02-21T13:34:55.746+0000] {processor.py:161} INFO - Started process (PID=2228) to work on /home/airflow/.local/lib/python3.8/site-packages/airflow/example_dags/tutorial.py
[2024-02-21T13:34:55.748+0000] {processor.py:830} INFO - Processing file /home/airflow/.local/lib/python3.8/site-packages/airflow/example_dags/tutorial.py for tasks to queue
[2024-02-21T13:34:55.751+0000] {logging_mixin.py:188} INFO - [2024-02-21T13:34:55.750+0000] {dagbag.py:538} INFO - Filling up the DagBag from /home/airflow/.local/lib/python3.8/site-packages/airflow/example_dags/tutorial.py
[2024-02-21T13:34:55.762+0000] {processor.py:840} INFO - DAG(s) 'tutorial' retrieved from /home/airflow/.local/lib/python3.8/site-packages/airflow/example_dags/tutorial.py
[2024-02-21T13:34:55.794+0000] {logging_mixin.py:188} INFO - [2024-02-21T13:34:55.793+0000] {dag.py:3036} INFO - Sync 1 DAGs
[2024-02-21T13:34:55.828+0000] {logging_mixin.py:188} INFO - [2024-02-21T13:34:55.827+0000] {dag.py:3823} INFO - Setting next_dagrun for tutorial to 2024-02-20 00:00:00+00:00, run_after=2024-02-21 00:00:00+00:00
[2024-02-21T13:34:55.856+0000] {processor.py:183} INFO - Processing /home/airflow/.local/lib/python3.8/site-packages/airflow/example_dags/tutorial.py took 0.117 seconds
[2024-02-21T13:35:26.339+0000] {processor.py:161} INFO - Started process (PID=2282) to work on /home/airflow/.local/lib/python3.8/site-packages/airflow/example_dags/tutorial.py
[2024-02-21T13:35:26.342+0000] {processor.py:830} INFO - Processing file /home/airflow/.local/lib/python3.8/site-packages/airflow/example_dags/tutorial.py for tasks to queue
[2024-02-21T13:35:26.345+0000] {logging_mixin.py:188} INFO - [2024-02-21T13:35:26.344+0000] {dagbag.py:538} INFO - Filling up the DagBag from /home/airflow/.local/lib/python3.8/site-packages/airflow/example_dags/tutorial.py
[2024-02-21T13:35:26.355+0000] {processor.py:840} INFO - DAG(s) 'tutorial' retrieved from /home/airflow/.local/lib/python3.8/site-packages/airflow/example_dags/tutorial.py
[2024-02-21T13:35:26.393+0000] {logging_mixin.py:188} INFO - [2024-02-21T13:35:26.392+0000] {dag.py:3036} INFO - Sync 1 DAGs
[2024-02-21T13:35:26.439+0000] {logging_mixin.py:188} INFO - [2024-02-21T13:35:26.438+0000] {dag.py:3823} INFO - Setting next_dagrun for tutorial to 2024-02-20 00:00:00+00:00, run_after=2024-02-21 00:00:00+00:00
[2024-02-21T13:35:26.474+0000] {processor.py:183} INFO - Processing /home/airflow/.local/lib/python3.8/site-packages/airflow/example_dags/tutorial.py took 0.140 seconds
[2024-02-21T13:35:56.728+0000] {processor.py:161} INFO - Started process (PID=2337) to work on /home/airflow/.local/lib/python3.8/site-packages/airflow/example_dags/tutorial.py
[2024-02-21T13:35:56.730+0000] {processor.py:830} INFO - Processing file /home/airflow/.local/lib/python3.8/site-packages/airflow/example_dags/tutorial.py for tasks to queue
[2024-02-21T13:35:56.734+0000] {logging_mixin.py:188} INFO - [2024-02-21T13:35:56.733+0000] {dagbag.py:538} INFO - Filling up the DagBag from /home/airflow/.local/lib/python3.8/site-packages/airflow/example_dags/tutorial.py
[2024-02-21T13:35:56.744+0000] {processor.py:840} INFO - DAG(s) 'tutorial' retrieved from /home/airflow/.local/lib/python3.8/site-packages/airflow/example_dags/tutorial.py
[2024-02-21T13:35:56.782+0000] {logging_mixin.py:188} INFO - [2024-02-21T13:35:56.782+0000] {dag.py:3036} INFO - Sync 1 DAGs
[2024-02-21T13:35:56.821+0000] {logging_mixin.py:188} INFO - [2024-02-21T13:35:56.821+0000] {dag.py:3823} INFO - Setting next_dagrun for tutorial to 2024-02-20 00:00:00+00:00, run_after=2024-02-21 00:00:00+00:00
[2024-02-21T13:35:56.849+0000] {processor.py:183} INFO - Processing /home/airflow/.local/lib/python3.8/site-packages/airflow/example_dags/tutorial.py took 0.128 seconds
[2024-02-21T13:36:27.356+0000] {processor.py:161} INFO - Started process (PID=2392) to work on /home/airflow/.local/lib/python3.8/site-packages/airflow/example_dags/tutorial.py
[2024-02-21T13:36:27.358+0000] {processor.py:830} INFO - Processing file /home/airflow/.local/lib/python3.8/site-packages/airflow/example_dags/tutorial.py for tasks to queue
[2024-02-21T13:36:27.361+0000] {logging_mixin.py:188} INFO - [2024-02-21T13:36:27.360+0000] {dagbag.py:538} INFO - Filling up the DagBag from /home/airflow/.local/lib/python3.8/site-packages/airflow/example_dags/tutorial.py
[2024-02-21T13:36:27.372+0000] {processor.py:840} INFO - DAG(s) 'tutorial' retrieved from /home/airflow/.local/lib/python3.8/site-packages/airflow/example_dags/tutorial.py
[2024-02-21T13:36:27.417+0000] {logging_mixin.py:188} INFO - [2024-02-21T13:36:27.416+0000] {dag.py:3036} INFO - Sync 1 DAGs
[2024-02-21T13:36:27.465+0000] {logging_mixin.py:188} INFO - [2024-02-21T13:36:27.465+0000] {dag.py:3823} INFO - Setting next_dagrun for tutorial to 2024-02-20 00:00:00+00:00, run_after=2024-02-21 00:00:00+00:00
[2024-02-21T13:36:27.501+0000] {processor.py:183} INFO - Processing /home/airflow/.local/lib/python3.8/site-packages/airflow/example_dags/tutorial.py took 0.157 seconds
[2024-02-21T13:36:57.991+0000] {processor.py:161} INFO - Started process (PID=2448) to work on /home/airflow/.local/lib/python3.8/site-packages/airflow/example_dags/tutorial.py
[2024-02-21T13:36:57.994+0000] {processor.py:830} INFO - Processing file /home/airflow/.local/lib/python3.8/site-packages/airflow/example_dags/tutorial.py for tasks to queue
[2024-02-21T13:36:57.998+0000] {logging_mixin.py:188} INFO - [2024-02-21T13:36:57.997+0000] {dagbag.py:538} INFO - Filling up the DagBag from /home/airflow/.local/lib/python3.8/site-packages/airflow/example_dags/tutorial.py
[2024-02-21T13:36:58.008+0000] {processor.py:840} INFO - DAG(s) 'tutorial' retrieved from /home/airflow/.local/lib/python3.8/site-packages/airflow/example_dags/tutorial.py
[2024-02-21T13:36:58.052+0000] {logging_mixin.py:188} INFO - [2024-02-21T13:36:58.051+0000] {dag.py:3036} INFO - Sync 1 DAGs
[2024-02-21T13:36:58.104+0000] {logging_mixin.py:188} INFO - [2024-02-21T13:36:58.104+0000] {dag.py:3823} INFO - Setting next_dagrun for tutorial to 2024-02-20 00:00:00+00:00, run_after=2024-02-21 00:00:00+00:00
[2024-02-21T13:36:58.150+0000] {processor.py:183} INFO - Processing /home/airflow/.local/lib/python3.8/site-packages/airflow/example_dags/tutorial.py took 0.168 seconds
[2024-02-21T13:37:29.070+0000] {processor.py:161} INFO - Started process (PID=2503) to work on /home/airflow/.local/lib/python3.8/site-packages/airflow/example_dags/tutorial.py
[2024-02-21T13:37:29.073+0000] {processor.py:830} INFO - Processing file /home/airflow/.local/lib/python3.8/site-packages/airflow/example_dags/tutorial.py for tasks to queue
[2024-02-21T13:37:29.076+0000] {logging_mixin.py:188} INFO - [2024-02-21T13:37:29.075+0000] {dagbag.py:538} INFO - Filling up the DagBag from /home/airflow/.local/lib/python3.8/site-packages/airflow/example_dags/tutorial.py
[2024-02-21T13:37:29.086+0000] {processor.py:840} INFO - DAG(s) 'tutorial' retrieved from /home/airflow/.local/lib/python3.8/site-packages/airflow/example_dags/tutorial.py
[2024-02-21T13:37:29.343+0000] {logging_mixin.py:188} INFO - [2024-02-21T13:37:29.343+0000] {dag.py:3036} INFO - Sync 1 DAGs
[2024-02-21T13:37:29.373+0000] {logging_mixin.py:188} INFO - [2024-02-21T13:37:29.373+0000] {dag.py:3823} INFO - Setting next_dagrun for tutorial to 2024-02-20 00:00:00+00:00, run_after=2024-02-21 00:00:00+00:00
[2024-02-21T13:37:29.398+0000] {processor.py:183} INFO - Processing /home/airflow/.local/lib/python3.8/site-packages/airflow/example_dags/tutorial.py took 0.334 seconds
[2024-02-21T13:37:59.741+0000] {processor.py:161} INFO - Started process (PID=2558) to work on /home/airflow/.local/lib/python3.8/site-packages/airflow/example_dags/tutorial.py
[2024-02-21T13:37:59.744+0000] {processor.py:830} INFO - Processing file /home/airflow/.local/lib/python3.8/site-packages/airflow/example_dags/tutorial.py for tasks to queue
[2024-02-21T13:37:59.748+0000] {logging_mixin.py:188} INFO - [2024-02-21T13:37:59.747+0000] {dagbag.py:538} INFO - Filling up the DagBag from /home/airflow/.local/lib/python3.8/site-packages/airflow/example_dags/tutorial.py
[2024-02-21T13:37:59.761+0000] {processor.py:840} INFO - DAG(s) 'tutorial' retrieved from /home/airflow/.local/lib/python3.8/site-packages/airflow/example_dags/tutorial.py
[2024-02-21T13:37:59.795+0000] {logging_mixin.py:188} INFO - [2024-02-21T13:37:59.795+0000] {dag.py:3036} INFO - Sync 1 DAGs
[2024-02-21T13:38:00.041+0000] {logging_mixin.py:188} INFO - [2024-02-21T13:38:00.041+0000] {dag.py:3823} INFO - Setting next_dagrun for tutorial to 2024-02-20 00:00:00+00:00, run_after=2024-02-21 00:00:00+00:00
[2024-02-21T13:38:00.068+0000] {processor.py:183} INFO - Processing /home/airflow/.local/lib/python3.8/site-packages/airflow/example_dags/tutorial.py took 0.335 seconds
[2024-02-21T13:38:30.470+0000] {processor.py:161} INFO - Started process (PID=2613) to work on /home/airflow/.local/lib/python3.8/site-packages/airflow/example_dags/tutorial.py
[2024-02-21T13:38:30.471+0000] {processor.py:830} INFO - Processing file /home/airflow/.local/lib/python3.8/site-packages/airflow/example_dags/tutorial.py for tasks to queue
[2024-02-21T13:38:30.475+0000] {logging_mixin.py:188} INFO - [2024-02-21T13:38:30.474+0000] {dagbag.py:538} INFO - Filling up the DagBag from /home/airflow/.local/lib/python3.8/site-packages/airflow/example_dags/tutorial.py
[2024-02-21T13:38:30.484+0000] {processor.py:840} INFO - DAG(s) 'tutorial' retrieved from /home/airflow/.local/lib/python3.8/site-packages/airflow/example_dags/tutorial.py
[2024-02-21T13:38:30.518+0000] {logging_mixin.py:188} INFO - [2024-02-21T13:38:30.517+0000] {dag.py:3036} INFO - Sync 1 DAGs
[2024-02-21T13:38:30.553+0000] {logging_mixin.py:188} INFO - [2024-02-21T13:38:30.553+0000] {dag.py:3823} INFO - Setting next_dagrun for tutorial to 2024-02-20 00:00:00+00:00, run_after=2024-02-21 00:00:00+00:00
[2024-02-21T13:38:30.790+0000] {processor.py:183} INFO - Processing /home/airflow/.local/lib/python3.8/site-packages/airflow/example_dags/tutorial.py took 0.328 seconds
[2024-02-21T13:39:00.960+0000] {processor.py:161} INFO - Started process (PID=2669) to work on /home/airflow/.local/lib/python3.8/site-packages/airflow/example_dags/tutorial.py
[2024-02-21T13:39:00.963+0000] {processor.py:830} INFO - Processing file /home/airflow/.local/lib/python3.8/site-packages/airflow/example_dags/tutorial.py for tasks to queue
[2024-02-21T13:39:00.966+0000] {logging_mixin.py:188} INFO - [2024-02-21T13:39:00.965+0000] {dagbag.py:538} INFO - Filling up the DagBag from /home/airflow/.local/lib/python3.8/site-packages/airflow/example_dags/tutorial.py
[2024-02-21T13:39:00.975+0000] {processor.py:840} INFO - DAG(s) 'tutorial' retrieved from /home/airflow/.local/lib/python3.8/site-packages/airflow/example_dags/tutorial.py
[2024-02-21T13:39:01.012+0000] {logging_mixin.py:188} INFO - [2024-02-21T13:39:01.012+0000] {dag.py:3036} INFO - Sync 1 DAGs
[2024-02-21T13:39:01.050+0000] {logging_mixin.py:188} INFO - [2024-02-21T13:39:01.049+0000] {dag.py:3823} INFO - Setting next_dagrun for tutorial to 2024-02-20 00:00:00+00:00, run_after=2024-02-21 00:00:00+00:00
[2024-02-21T13:39:01.086+0000] {processor.py:183} INFO - Processing /home/airflow/.local/lib/python3.8/site-packages/airflow/example_dags/tutorial.py took 0.132 seconds
