[2024-04-03T20:46:08.543+0000] {processor.py:161} INFO - Started process (PID=82522) to work on /home/datatalks_jan/anaconda3/lib/python3.11/site-packages/airflow/example_dags/subdags/subdag.py
[2024-04-03T20:46:08.545+0000] {processor.py:830} INFO - Processing file /home/datatalks_jan/anaconda3/lib/python3.11/site-packages/airflow/example_dags/subdags/subdag.py for tasks to queue
[2024-04-03T20:46:08.546+0000] {logging_mixin.py:188} INFO - [2024-04-03T20:46:08.546+0000] {dagbag.py:540} INFO - Filling up the DagBag from /home/datatalks_jan/anaconda3/lib/python3.11/site-packages/airflow/example_dags/subdags/subdag.py
[2024-04-03T20:46:08.550+0000] {processor.py:842} WARNING - No viable dags retrieved from /home/datatalks_jan/anaconda3/lib/python3.11/site-packages/airflow/example_dags/subdags/subdag.py
[2024-04-03T20:46:08.568+0000] {processor.py:183} INFO - Processing /home/datatalks_jan/anaconda3/lib/python3.11/site-packages/airflow/example_dags/subdags/subdag.py took 0.033 seconds
[2024-04-03T20:47:24.356+0000] {processor.py:161} INFO - Started process (PID=83085) to work on /home/datatalks_jan/anaconda3/lib/python3.11/site-packages/airflow/example_dags/subdags/subdag.py
[2024-04-03T20:47:24.358+0000] {processor.py:830} INFO - Processing file /home/datatalks_jan/anaconda3/lib/python3.11/site-packages/airflow/example_dags/subdags/subdag.py for tasks to queue
[2024-04-03T20:47:24.360+0000] {logging_mixin.py:188} INFO - [2024-04-03T20:47:24.359+0000] {dagbag.py:540} INFO - Filling up the DagBag from /home/datatalks_jan/anaconda3/lib/python3.11/site-packages/airflow/example_dags/subdags/subdag.py
[2024-04-03T20:47:24.364+0000] {processor.py:842} WARNING - No viable dags retrieved from /home/datatalks_jan/anaconda3/lib/python3.11/site-packages/airflow/example_dags/subdags/subdag.py
[2024-04-03T20:47:24.384+0000] {processor.py:183} INFO - Processing /home/datatalks_jan/anaconda3/lib/python3.11/site-packages/airflow/example_dags/subdags/subdag.py took 0.035 seconds
[2024-04-03T20:48:25.501+0000] {processor.py:161} INFO - Started process (PID=83301) to work on /home/datatalks_jan/anaconda3/lib/python3.11/site-packages/airflow/example_dags/subdags/subdag.py
[2024-04-03T20:48:25.505+0000] {processor.py:830} INFO - Processing file /home/datatalks_jan/anaconda3/lib/python3.11/site-packages/airflow/example_dags/subdags/subdag.py for tasks to queue
[2024-04-03T20:48:25.507+0000] {logging_mixin.py:188} INFO - [2024-04-03T20:48:25.506+0000] {dagbag.py:540} INFO - Filling up the DagBag from /home/datatalks_jan/anaconda3/lib/python3.11/site-packages/airflow/example_dags/subdags/subdag.py
[2024-04-03T20:48:25.511+0000] {processor.py:842} WARNING - No viable dags retrieved from /home/datatalks_jan/anaconda3/lib/python3.11/site-packages/airflow/example_dags/subdags/subdag.py
[2024-04-03T20:48:25.530+0000] {processor.py:183} INFO - Processing /home/datatalks_jan/anaconda3/lib/python3.11/site-packages/airflow/example_dags/subdags/subdag.py took 0.034 seconds
[2024-04-03T20:49:28.210+0000] {processor.py:161} INFO - Started process (PID=83641) to work on /home/datatalks_jan/anaconda3/lib/python3.11/site-packages/airflow/example_dags/subdags/subdag.py
[2024-04-03T20:49:28.213+0000] {processor.py:830} INFO - Processing file /home/datatalks_jan/anaconda3/lib/python3.11/site-packages/airflow/example_dags/subdags/subdag.py for tasks to queue
[2024-04-03T20:49:28.214+0000] {logging_mixin.py:188} INFO - [2024-04-03T20:49:28.213+0000] {dagbag.py:540} INFO - Filling up the DagBag from /home/datatalks_jan/anaconda3/lib/python3.11/site-packages/airflow/example_dags/subdags/subdag.py
[2024-04-03T20:49:28.219+0000] {processor.py:842} WARNING - No viable dags retrieved from /home/datatalks_jan/anaconda3/lib/python3.11/site-packages/airflow/example_dags/subdags/subdag.py
[2024-04-03T20:49:28.241+0000] {processor.py:183} INFO - Processing /home/datatalks_jan/anaconda3/lib/python3.11/site-packages/airflow/example_dags/subdags/subdag.py took 0.037 seconds
[2024-04-03T20:50:31.933+0000] {processor.py:161} INFO - Started process (PID=83851) to work on /home/datatalks_jan/anaconda3/lib/python3.11/site-packages/airflow/example_dags/subdags/subdag.py
[2024-04-03T20:50:31.936+0000] {processor.py:830} INFO - Processing file /home/datatalks_jan/anaconda3/lib/python3.11/site-packages/airflow/example_dags/subdags/subdag.py for tasks to queue
[2024-04-03T20:50:31.937+0000] {logging_mixin.py:188} INFO - [2024-04-03T20:50:31.936+0000] {dagbag.py:540} INFO - Filling up the DagBag from /home/datatalks_jan/anaconda3/lib/python3.11/site-packages/airflow/example_dags/subdags/subdag.py
[2024-04-03T20:50:31.940+0000] {processor.py:842} WARNING - No viable dags retrieved from /home/datatalks_jan/anaconda3/lib/python3.11/site-packages/airflow/example_dags/subdags/subdag.py
[2024-04-03T20:50:31.957+0000] {processor.py:183} INFO - Processing /home/datatalks_jan/anaconda3/lib/python3.11/site-packages/airflow/example_dags/subdags/subdag.py took 0.029 seconds
