[2024-04-04T00:06:01.020+0000] {processor.py:161} INFO - Started process (PID=99529) to work on /home/datatalks_jan/anaconda3/lib/python3.11/site-packages/airflow/example_dags/subdags/subdag.py
[2024-04-04T00:06:01.022+0000] {processor.py:830} INFO - Processing file /home/datatalks_jan/anaconda3/lib/python3.11/site-packages/airflow/example_dags/subdags/subdag.py for tasks to queue
[2024-04-04T00:06:01.025+0000] {logging_mixin.py:188} INFO - [2024-04-04T00:06:01.024+0000] {dagbag.py:540} INFO - Filling up the DagBag from /home/datatalks_jan/anaconda3/lib/python3.11/site-packages/airflow/example_dags/subdags/subdag.py
[2024-04-04T00:06:01.030+0000] {processor.py:842} WARNING - No viable dags retrieved from /home/datatalks_jan/anaconda3/lib/python3.11/site-packages/airflow/example_dags/subdags/subdag.py
[2024-04-04T00:06:01.050+0000] {processor.py:183} INFO - Processing /home/datatalks_jan/anaconda3/lib/python3.11/site-packages/airflow/example_dags/subdags/subdag.py took 0.037 seconds
[2024-04-04T00:07:01.846+0000] {processor.py:161} INFO - Started process (PID=99776) to work on /home/datatalks_jan/anaconda3/lib/python3.11/site-packages/airflow/example_dags/subdags/subdag.py
[2024-04-04T00:07:01.848+0000] {processor.py:830} INFO - Processing file /home/datatalks_jan/anaconda3/lib/python3.11/site-packages/airflow/example_dags/subdags/subdag.py for tasks to queue
[2024-04-04T00:07:01.850+0000] {logging_mixin.py:188} INFO - [2024-04-04T00:07:01.849+0000] {dagbag.py:540} INFO - Filling up the DagBag from /home/datatalks_jan/anaconda3/lib/python3.11/site-packages/airflow/example_dags/subdags/subdag.py
[2024-04-04T00:07:01.854+0000] {processor.py:842} WARNING - No viable dags retrieved from /home/datatalks_jan/anaconda3/lib/python3.11/site-packages/airflow/example_dags/subdags/subdag.py
[2024-04-04T00:07:01.874+0000] {processor.py:183} INFO - Processing /home/datatalks_jan/anaconda3/lib/python3.11/site-packages/airflow/example_dags/subdags/subdag.py took 0.035 seconds
[2024-04-04T00:08:09.944+0000] {processor.py:161} INFO - Started process (PID=100238) to work on /home/datatalks_jan/anaconda3/lib/python3.11/site-packages/airflow/example_dags/subdags/subdag.py
[2024-04-04T00:08:09.947+0000] {processor.py:830} INFO - Processing file /home/datatalks_jan/anaconda3/lib/python3.11/site-packages/airflow/example_dags/subdags/subdag.py for tasks to queue
[2024-04-04T00:08:09.948+0000] {logging_mixin.py:188} INFO - [2024-04-04T00:08:09.948+0000] {dagbag.py:540} INFO - Filling up the DagBag from /home/datatalks_jan/anaconda3/lib/python3.11/site-packages/airflow/example_dags/subdags/subdag.py
[2024-04-04T00:08:09.952+0000] {processor.py:842} WARNING - No viable dags retrieved from /home/datatalks_jan/anaconda3/lib/python3.11/site-packages/airflow/example_dags/subdags/subdag.py
[2024-04-04T00:08:09.972+0000] {processor.py:183} INFO - Processing /home/datatalks_jan/anaconda3/lib/python3.11/site-packages/airflow/example_dags/subdags/subdag.py took 0.034 seconds
[2024-04-04T00:09:17.613+0000] {processor.py:161} INFO - Started process (PID=100547) to work on /home/datatalks_jan/anaconda3/lib/python3.11/site-packages/airflow/example_dags/subdags/subdag.py
[2024-04-04T00:09:17.615+0000] {processor.py:830} INFO - Processing file /home/datatalks_jan/anaconda3/lib/python3.11/site-packages/airflow/example_dags/subdags/subdag.py for tasks to queue
[2024-04-04T00:09:17.616+0000] {logging_mixin.py:188} INFO - [2024-04-04T00:09:17.616+0000] {dagbag.py:540} INFO - Filling up the DagBag from /home/datatalks_jan/anaconda3/lib/python3.11/site-packages/airflow/example_dags/subdags/subdag.py
[2024-04-04T00:09:17.620+0000] {processor.py:842} WARNING - No viable dags retrieved from /home/datatalks_jan/anaconda3/lib/python3.11/site-packages/airflow/example_dags/subdags/subdag.py
[2024-04-04T00:09:17.638+0000] {processor.py:183} INFO - Processing /home/datatalks_jan/anaconda3/lib/python3.11/site-packages/airflow/example_dags/subdags/subdag.py took 0.030 seconds
