[2024-02-21T13:54:55.447+0000] {processor.py:161} INFO - Started process (PID=4389) to work on /opt/airflow/dags/data_ingestion_gcs_dag.py
[2024-02-21T13:54:55.449+0000] {processor.py:830} INFO - Processing file /opt/airflow/dags/data_ingestion_gcs_dag.py for tasks to queue
[2024-02-21T13:54:55.452+0000] {logging_mixin.py:188} INFO - [2024-02-21T13:54:55.452+0000] {dagbag.py:538} INFO - Filling up the DagBag from /opt/airflow/dags/data_ingestion_gcs_dag.py
[2024-02-21T13:54:55.512+0000] {processor.py:840} INFO - DAG(s) 'data_ingestion_gcs_dag' retrieved from /opt/airflow/dags/data_ingestion_gcs_dag.py
[2024-02-21T13:54:55.679+0000] {logging_mixin.py:188} INFO - [2024-02-21T13:54:55.678+0000] {override.py:1769} INFO - Created Permission View: can read on DAG:data_ingestion_gcs_dag
[2024-02-21T13:54:55.694+0000] {logging_mixin.py:188} INFO - [2024-02-21T13:54:55.694+0000] {override.py:1769} INFO - Created Permission View: can edit on DAG:data_ingestion_gcs_dag
[2024-02-21T13:54:55.705+0000] {logging_mixin.py:188} INFO - [2024-02-21T13:54:55.704+0000] {override.py:1769} INFO - Created Permission View: can delete on DAG:data_ingestion_gcs_dag
[2024-02-21T13:54:55.705+0000] {logging_mixin.py:188} INFO - [2024-02-21T13:54:55.705+0000] {dag.py:3036} INFO - Sync 1 DAGs
[2024-02-21T13:54:55.724+0000] {logging_mixin.py:188} INFO - [2024-02-21T13:54:55.723+0000] {dag.py:3058} INFO - Creating ORM DAG for data_ingestion_gcs_dag
[2024-02-21T13:54:55.741+0000] {logging_mixin.py:188} INFO - [2024-02-21T13:54:55.741+0000] {dag.py:3823} INFO - Setting next_dagrun for data_ingestion_gcs_dag to 2024-02-20 00:00:00+00:00, run_after=2024-02-21 00:00:00+00:00
[2024-02-21T13:54:55.768+0000] {processor.py:183} INFO - Processing /opt/airflow/dags/data_ingestion_gcs_dag.py took 0.327 seconds
[2024-02-21T13:55:25.957+0000] {processor.py:161} INFO - Started process (PID=4444) to work on /opt/airflow/dags/data_ingestion_gcs_dag.py
[2024-02-21T13:55:25.959+0000] {processor.py:830} INFO - Processing file /opt/airflow/dags/data_ingestion_gcs_dag.py for tasks to queue
[2024-02-21T13:55:25.962+0000] {logging_mixin.py:188} INFO - [2024-02-21T13:55:25.962+0000] {dagbag.py:538} INFO - Filling up the DagBag from /opt/airflow/dags/data_ingestion_gcs_dag.py
[2024-02-21T13:55:25.998+0000] {processor.py:840} INFO - DAG(s) 'data_ingestion_gcs_dag' retrieved from /opt/airflow/dags/data_ingestion_gcs_dag.py
[2024-02-21T13:55:26.042+0000] {logging_mixin.py:188} INFO - [2024-02-21T13:55:26.041+0000] {dag.py:3036} INFO - Sync 1 DAGs
[2024-02-21T13:55:26.094+0000] {logging_mixin.py:188} INFO - [2024-02-21T13:55:26.094+0000] {dag.py:3823} INFO - Setting next_dagrun for data_ingestion_gcs_dag to 2024-02-20 00:00:00+00:00, run_after=2024-02-21 00:00:00+00:00
[2024-02-21T13:55:26.128+0000] {processor.py:183} INFO - Processing /opt/airflow/dags/data_ingestion_gcs_dag.py took 0.179 seconds
[2024-02-21T13:55:56.399+0000] {processor.py:161} INFO - Started process (PID=4499) to work on /opt/airflow/dags/data_ingestion_gcs_dag.py
[2024-02-21T13:55:56.402+0000] {processor.py:830} INFO - Processing file /opt/airflow/dags/data_ingestion_gcs_dag.py for tasks to queue
[2024-02-21T13:55:56.405+0000] {logging_mixin.py:188} INFO - [2024-02-21T13:55:56.405+0000] {dagbag.py:538} INFO - Filling up the DagBag from /opt/airflow/dags/data_ingestion_gcs_dag.py
[2024-02-21T13:55:56.439+0000] {processor.py:840} INFO - DAG(s) 'data_ingestion_gcs_dag' retrieved from /opt/airflow/dags/data_ingestion_gcs_dag.py
[2024-02-21T13:55:56.487+0000] {logging_mixin.py:188} INFO - [2024-02-21T13:55:56.486+0000] {dag.py:3036} INFO - Sync 1 DAGs
[2024-02-21T13:55:56.539+0000] {logging_mixin.py:188} INFO - [2024-02-21T13:55:56.539+0000] {dag.py:3823} INFO - Setting next_dagrun for data_ingestion_gcs_dag to 2024-02-20 00:00:00+00:00, run_after=2024-02-21 00:00:00+00:00
[2024-02-21T13:55:56.578+0000] {processor.py:183} INFO - Processing /opt/airflow/dags/data_ingestion_gcs_dag.py took 0.185 seconds
[2024-02-21T13:56:10.385+0000] {processor.py:161} INFO - Started process (PID=4520) to work on /opt/airflow/dags/data_ingestion_gcs_dag.py
[2024-02-21T13:56:10.387+0000] {processor.py:830} INFO - Processing file /opt/airflow/dags/data_ingestion_gcs_dag.py for tasks to queue
[2024-02-21T13:56:10.392+0000] {logging_mixin.py:188} INFO - [2024-02-21T13:56:10.391+0000] {dagbag.py:538} INFO - Filling up the DagBag from /opt/airflow/dags/data_ingestion_gcs_dag.py
[2024-02-21T13:56:10.427+0000] {processor.py:840} INFO - DAG(s) 'data_ingestion_gcs_dag' retrieved from /opt/airflow/dags/data_ingestion_gcs_dag.py
[2024-02-21T13:56:10.471+0000] {logging_mixin.py:188} INFO - [2024-02-21T13:56:10.470+0000] {dag.py:3036} INFO - Sync 1 DAGs
[2024-02-21T13:56:10.523+0000] {logging_mixin.py:188} INFO - [2024-02-21T13:56:10.522+0000] {dag.py:3823} INFO - Setting next_dagrun for data_ingestion_gcs_dag to 2024-02-20 00:00:00+00:00, run_after=2024-02-21 00:00:00+00:00
[2024-02-21T13:56:10.570+0000] {processor.py:183} INFO - Processing /opt/airflow/dags/data_ingestion_gcs_dag.py took 0.195 seconds
[2024-02-21T13:56:12.822+0000] {processor.py:161} INFO - Started process (PID=4525) to work on /opt/airflow/dags/data_ingestion_gcs_dag.py
[2024-02-21T13:56:12.825+0000] {processor.py:830} INFO - Processing file /opt/airflow/dags/data_ingestion_gcs_dag.py for tasks to queue
[2024-02-21T13:56:12.830+0000] {logging_mixin.py:188} INFO - [2024-02-21T13:56:12.829+0000] {dagbag.py:538} INFO - Filling up the DagBag from /opt/airflow/dags/data_ingestion_gcs_dag.py
[2024-02-21T13:56:12.868+0000] {processor.py:840} INFO - DAG(s) 'data_ingestion_gcs_dag' retrieved from /opt/airflow/dags/data_ingestion_gcs_dag.py
[2024-02-21T13:56:12.911+0000] {logging_mixin.py:188} INFO - [2024-02-21T13:56:12.910+0000] {dag.py:3036} INFO - Sync 1 DAGs
[2024-02-21T13:56:12.958+0000] {logging_mixin.py:188} INFO - [2024-02-21T13:56:12.957+0000] {dag.py:3823} INFO - Setting next_dagrun for data_ingestion_gcs_dag to 2024-02-20 00:00:00+00:00, run_after=2024-02-21 00:00:00+00:00
[2024-02-21T13:56:12.994+0000] {processor.py:183} INFO - Processing /opt/airflow/dags/data_ingestion_gcs_dag.py took 0.182 seconds
[2024-02-21T13:56:43.378+0000] {processor.py:161} INFO - Started process (PID=4580) to work on /opt/airflow/dags/data_ingestion_gcs_dag.py
[2024-02-21T13:56:43.381+0000] {processor.py:830} INFO - Processing file /opt/airflow/dags/data_ingestion_gcs_dag.py for tasks to queue
[2024-02-21T13:56:43.386+0000] {logging_mixin.py:188} INFO - [2024-02-21T13:56:43.385+0000] {dagbag.py:538} INFO - Filling up the DagBag from /opt/airflow/dags/data_ingestion_gcs_dag.py
[2024-02-21T13:56:43.435+0000] {processor.py:840} INFO - DAG(s) 'data_ingestion_gcs_dag' retrieved from /opt/airflow/dags/data_ingestion_gcs_dag.py
[2024-02-21T13:56:43.476+0000] {logging_mixin.py:188} INFO - [2024-02-21T13:56:43.475+0000] {dag.py:3036} INFO - Sync 1 DAGs
[2024-02-21T13:56:43.517+0000] {logging_mixin.py:188} INFO - [2024-02-21T13:56:43.517+0000] {dag.py:3823} INFO - Setting next_dagrun for data_ingestion_gcs_dag to 2024-02-20 00:00:00+00:00, run_after=2024-02-21 00:00:00+00:00
[2024-02-21T13:56:43.555+0000] {processor.py:183} INFO - Processing /opt/airflow/dags/data_ingestion_gcs_dag.py took 0.182 seconds
[2024-02-21T13:57:14.236+0000] {processor.py:161} INFO - Started process (PID=4634) to work on /opt/airflow/dags/data_ingestion_gcs_dag.py
[2024-02-21T13:57:14.237+0000] {processor.py:830} INFO - Processing file /opt/airflow/dags/data_ingestion_gcs_dag.py for tasks to queue
[2024-02-21T13:57:14.241+0000] {logging_mixin.py:188} INFO - [2024-02-21T13:57:14.240+0000] {dagbag.py:538} INFO - Filling up the DagBag from /opt/airflow/dags/data_ingestion_gcs_dag.py
[2024-02-21T13:57:14.284+0000] {processor.py:840} INFO - DAG(s) 'data_ingestion_gcs_dag' retrieved from /opt/airflow/dags/data_ingestion_gcs_dag.py
[2024-02-21T13:57:14.320+0000] {logging_mixin.py:188} INFO - [2024-02-21T13:57:14.320+0000] {dag.py:3036} INFO - Sync 1 DAGs
[2024-02-21T13:57:14.374+0000] {logging_mixin.py:188} INFO - [2024-02-21T13:57:14.373+0000] {dag.py:3823} INFO - Setting next_dagrun for data_ingestion_gcs_dag to 2024-02-20 00:00:00+00:00, run_after=2024-02-21 00:00:00+00:00
[2024-02-21T13:57:14.410+0000] {processor.py:183} INFO - Processing /opt/airflow/dags/data_ingestion_gcs_dag.py took 0.180 seconds
[2024-02-21T13:57:44.671+0000] {processor.py:161} INFO - Started process (PID=4689) to work on /opt/airflow/dags/data_ingestion_gcs_dag.py
[2024-02-21T13:57:44.674+0000] {processor.py:830} INFO - Processing file /opt/airflow/dags/data_ingestion_gcs_dag.py for tasks to queue
[2024-02-21T13:57:44.677+0000] {logging_mixin.py:188} INFO - [2024-02-21T13:57:44.677+0000] {dagbag.py:538} INFO - Filling up the DagBag from /opt/airflow/dags/data_ingestion_gcs_dag.py
[2024-02-21T13:57:44.711+0000] {processor.py:840} INFO - DAG(s) 'data_ingestion_gcs_dag' retrieved from /opt/airflow/dags/data_ingestion_gcs_dag.py
[2024-02-21T13:57:44.754+0000] {logging_mixin.py:188} INFO - [2024-02-21T13:57:44.754+0000] {dag.py:3036} INFO - Sync 1 DAGs
[2024-02-21T13:57:44.808+0000] {logging_mixin.py:188} INFO - [2024-02-21T13:57:44.807+0000] {dag.py:3823} INFO - Setting next_dagrun for data_ingestion_gcs_dag to 2024-02-20 00:00:00+00:00, run_after=2024-02-21 00:00:00+00:00
[2024-02-21T13:57:44.849+0000] {processor.py:183} INFO - Processing /opt/airflow/dags/data_ingestion_gcs_dag.py took 0.184 seconds
[2024-02-21T13:58:14.906+0000] {processor.py:161} INFO - Started process (PID=4743) to work on /opt/airflow/dags/data_ingestion_gcs_dag.py
[2024-02-21T13:58:14.908+0000] {processor.py:830} INFO - Processing file /opt/airflow/dags/data_ingestion_gcs_dag.py for tasks to queue
[2024-02-21T13:58:14.911+0000] {logging_mixin.py:188} INFO - [2024-02-21T13:58:14.911+0000] {dagbag.py:538} INFO - Filling up the DagBag from /opt/airflow/dags/data_ingestion_gcs_dag.py
[2024-02-21T13:58:14.960+0000] {processor.py:840} INFO - DAG(s) 'data_ingestion_gcs_dag' retrieved from /opt/airflow/dags/data_ingestion_gcs_dag.py
[2024-02-21T13:58:15.005+0000] {logging_mixin.py:188} INFO - [2024-02-21T13:58:15.004+0000] {dag.py:3036} INFO - Sync 1 DAGs
[2024-02-21T13:58:15.057+0000] {logging_mixin.py:188} INFO - [2024-02-21T13:58:15.057+0000] {dag.py:3823} INFO - Setting next_dagrun for data_ingestion_gcs_dag to 2024-02-20 00:00:00+00:00, run_after=2024-02-21 00:00:00+00:00
[2024-02-21T13:58:15.087+0000] {processor.py:183} INFO - Processing /opt/airflow/dags/data_ingestion_gcs_dag.py took 0.187 seconds
[2024-02-21T13:58:45.614+0000] {processor.py:161} INFO - Started process (PID=4798) to work on /opt/airflow/dags/data_ingestion_gcs_dag.py
[2024-02-21T13:58:45.617+0000] {processor.py:830} INFO - Processing file /opt/airflow/dags/data_ingestion_gcs_dag.py for tasks to queue
[2024-02-21T13:58:45.622+0000] {logging_mixin.py:188} INFO - [2024-02-21T13:58:45.621+0000] {dagbag.py:538} INFO - Filling up the DagBag from /opt/airflow/dags/data_ingestion_gcs_dag.py
[2024-02-21T13:58:45.670+0000] {processor.py:840} INFO - DAG(s) 'data_ingestion_gcs_dag' retrieved from /opt/airflow/dags/data_ingestion_gcs_dag.py
[2024-02-21T13:58:45.731+0000] {logging_mixin.py:188} INFO - [2024-02-21T13:58:45.729+0000] {dag.py:3036} INFO - Sync 1 DAGs
[2024-02-21T13:58:45.792+0000] {logging_mixin.py:188} INFO - [2024-02-21T13:58:45.792+0000] {dag.py:3823} INFO - Setting next_dagrun for data_ingestion_gcs_dag to 2024-02-20 00:00:00+00:00, run_after=2024-02-21 00:00:00+00:00
[2024-02-21T13:58:45.818+0000] {processor.py:183} INFO - Processing /opt/airflow/dags/data_ingestion_gcs_dag.py took 0.209 seconds
[2024-02-21T13:59:16.084+0000] {processor.py:161} INFO - Started process (PID=4854) to work on /opt/airflow/dags/data_ingestion_gcs_dag.py
[2024-02-21T13:59:16.086+0000] {processor.py:830} INFO - Processing file /opt/airflow/dags/data_ingestion_gcs_dag.py for tasks to queue
[2024-02-21T13:59:16.089+0000] {logging_mixin.py:188} INFO - [2024-02-21T13:59:16.089+0000] {dagbag.py:538} INFO - Filling up the DagBag from /opt/airflow/dags/data_ingestion_gcs_dag.py
[2024-02-21T13:59:16.131+0000] {processor.py:840} INFO - DAG(s) 'data_ingestion_gcs_dag' retrieved from /opt/airflow/dags/data_ingestion_gcs_dag.py
[2024-02-21T13:59:16.169+0000] {logging_mixin.py:188} INFO - [2024-02-21T13:59:16.168+0000] {dag.py:3036} INFO - Sync 1 DAGs
[2024-02-21T13:59:16.209+0000] {logging_mixin.py:188} INFO - [2024-02-21T13:59:16.209+0000] {dag.py:3823} INFO - Setting next_dagrun for data_ingestion_gcs_dag to 2024-02-20 00:00:00+00:00, run_after=2024-02-21 00:00:00+00:00
[2024-02-21T13:59:16.234+0000] {processor.py:183} INFO - Processing /opt/airflow/dags/data_ingestion_gcs_dag.py took 0.156 seconds
[2024-02-21T13:59:46.552+0000] {processor.py:161} INFO - Started process (PID=4908) to work on /opt/airflow/dags/data_ingestion_gcs_dag.py
[2024-02-21T13:59:46.556+0000] {processor.py:830} INFO - Processing file /opt/airflow/dags/data_ingestion_gcs_dag.py for tasks to queue
[2024-02-21T13:59:46.559+0000] {logging_mixin.py:188} INFO - [2024-02-21T13:59:46.559+0000] {dagbag.py:538} INFO - Filling up the DagBag from /opt/airflow/dags/data_ingestion_gcs_dag.py
[2024-02-21T13:59:46.594+0000] {processor.py:840} INFO - DAG(s) 'data_ingestion_gcs_dag' retrieved from /opt/airflow/dags/data_ingestion_gcs_dag.py
[2024-02-21T13:59:46.629+0000] {logging_mixin.py:188} INFO - [2024-02-21T13:59:46.628+0000] {dag.py:3036} INFO - Sync 1 DAGs
[2024-02-21T13:59:46.667+0000] {logging_mixin.py:188} INFO - [2024-02-21T13:59:46.666+0000] {dag.py:3823} INFO - Setting next_dagrun for data_ingestion_gcs_dag to 2024-02-20 00:00:00+00:00, run_after=2024-02-21 00:00:00+00:00
[2024-02-21T13:59:46.695+0000] {processor.py:183} INFO - Processing /opt/airflow/dags/data_ingestion_gcs_dag.py took 0.149 seconds
[2024-02-21T14:00:16.849+0000] {processor.py:161} INFO - Started process (PID=4963) to work on /opt/airflow/dags/data_ingestion_gcs_dag.py
[2024-02-21T14:00:16.850+0000] {processor.py:830} INFO - Processing file /opt/airflow/dags/data_ingestion_gcs_dag.py for tasks to queue
[2024-02-21T14:00:16.854+0000] {logging_mixin.py:188} INFO - [2024-02-21T14:00:16.854+0000] {dagbag.py:538} INFO - Filling up the DagBag from /opt/airflow/dags/data_ingestion_gcs_dag.py
[2024-02-21T14:00:16.889+0000] {processor.py:840} INFO - DAG(s) 'data_ingestion_gcs_dag' retrieved from /opt/airflow/dags/data_ingestion_gcs_dag.py
[2024-02-21T14:00:16.922+0000] {logging_mixin.py:188} INFO - [2024-02-21T14:00:16.922+0000] {dag.py:3036} INFO - Sync 1 DAGs
[2024-02-21T14:00:16.959+0000] {logging_mixin.py:188} INFO - [2024-02-21T14:00:16.958+0000] {dag.py:3823} INFO - Setting next_dagrun for data_ingestion_gcs_dag to 2024-02-20 00:00:00+00:00, run_after=2024-02-21 00:00:00+00:00
[2024-02-21T14:00:16.989+0000] {processor.py:183} INFO - Processing /opt/airflow/dags/data_ingestion_gcs_dag.py took 0.147 seconds
[2024-02-21T14:00:47.221+0000] {processor.py:161} INFO - Started process (PID=5018) to work on /opt/airflow/dags/data_ingestion_gcs_dag.py
[2024-02-21T14:00:47.223+0000] {processor.py:830} INFO - Processing file /opt/airflow/dags/data_ingestion_gcs_dag.py for tasks to queue
[2024-02-21T14:00:47.227+0000] {logging_mixin.py:188} INFO - [2024-02-21T14:00:47.226+0000] {dagbag.py:538} INFO - Filling up the DagBag from /opt/airflow/dags/data_ingestion_gcs_dag.py
[2024-02-21T14:00:47.261+0000] {processor.py:840} INFO - DAG(s) 'data_ingestion_gcs_dag' retrieved from /opt/airflow/dags/data_ingestion_gcs_dag.py
[2024-02-21T14:00:47.295+0000] {logging_mixin.py:188} INFO - [2024-02-21T14:00:47.295+0000] {dag.py:3036} INFO - Sync 1 DAGs
[2024-02-21T14:00:47.332+0000] {logging_mixin.py:188} INFO - [2024-02-21T14:00:47.332+0000] {dag.py:3823} INFO - Setting next_dagrun for data_ingestion_gcs_dag to 2024-02-20 00:00:00+00:00, run_after=2024-02-21 00:00:00+00:00
[2024-02-21T14:00:47.360+0000] {processor.py:183} INFO - Processing /opt/airflow/dags/data_ingestion_gcs_dag.py took 0.145 seconds
[2024-02-21T14:01:17.614+0000] {processor.py:161} INFO - Started process (PID=5073) to work on /opt/airflow/dags/data_ingestion_gcs_dag.py
[2024-02-21T14:01:17.616+0000] {processor.py:830} INFO - Processing file /opt/airflow/dags/data_ingestion_gcs_dag.py for tasks to queue
[2024-02-21T14:01:17.621+0000] {logging_mixin.py:188} INFO - [2024-02-21T14:01:17.620+0000] {dagbag.py:538} INFO - Filling up the DagBag from /opt/airflow/dags/data_ingestion_gcs_dag.py
[2024-02-21T14:01:17.667+0000] {processor.py:840} INFO - DAG(s) 'data_ingestion_gcs_dag' retrieved from /opt/airflow/dags/data_ingestion_gcs_dag.py
[2024-02-21T14:01:17.709+0000] {logging_mixin.py:188} INFO - [2024-02-21T14:01:17.708+0000] {dag.py:3036} INFO - Sync 1 DAGs
[2024-02-21T14:01:17.761+0000] {logging_mixin.py:188} INFO - [2024-02-21T14:01:17.760+0000] {dag.py:3823} INFO - Setting next_dagrun for data_ingestion_gcs_dag to 2024-02-20 00:00:00+00:00, run_after=2024-02-21 00:00:00+00:00
[2024-02-21T14:01:17.797+0000] {processor.py:183} INFO - Processing /opt/airflow/dags/data_ingestion_gcs_dag.py took 0.189 seconds
[2024-02-21T14:01:47.892+0000] {processor.py:161} INFO - Started process (PID=5127) to work on /opt/airflow/dags/data_ingestion_gcs_dag.py
[2024-02-21T14:01:47.894+0000] {processor.py:830} INFO - Processing file /opt/airflow/dags/data_ingestion_gcs_dag.py for tasks to queue
[2024-02-21T14:01:47.897+0000] {logging_mixin.py:188} INFO - [2024-02-21T14:01:47.897+0000] {dagbag.py:538} INFO - Filling up the DagBag from /opt/airflow/dags/data_ingestion_gcs_dag.py
[2024-02-21T14:01:47.931+0000] {processor.py:840} INFO - DAG(s) 'data_ingestion_gcs_dag' retrieved from /opt/airflow/dags/data_ingestion_gcs_dag.py
[2024-02-21T14:01:47.976+0000] {logging_mixin.py:188} INFO - [2024-02-21T14:01:47.976+0000] {dag.py:3036} INFO - Sync 1 DAGs
[2024-02-21T14:01:48.014+0000] {logging_mixin.py:188} INFO - [2024-02-21T14:01:48.014+0000] {dag.py:3823} INFO - Setting next_dagrun for data_ingestion_gcs_dag to 2024-02-20 00:00:00+00:00, run_after=2024-02-21 00:00:00+00:00
[2024-02-21T14:01:48.045+0000] {processor.py:183} INFO - Processing /opt/airflow/dags/data_ingestion_gcs_dag.py took 0.159 seconds
[2024-02-21T14:02:18.861+0000] {processor.py:161} INFO - Started process (PID=5181) to work on /opt/airflow/dags/data_ingestion_gcs_dag.py
[2024-02-21T14:02:18.864+0000] {processor.py:830} INFO - Processing file /opt/airflow/dags/data_ingestion_gcs_dag.py for tasks to queue
[2024-02-21T14:02:18.867+0000] {logging_mixin.py:188} INFO - [2024-02-21T14:02:18.867+0000] {dagbag.py:538} INFO - Filling up the DagBag from /opt/airflow/dags/data_ingestion_gcs_dag.py
[2024-02-21T14:02:18.912+0000] {processor.py:840} INFO - DAG(s) 'data_ingestion_gcs_dag' retrieved from /opt/airflow/dags/data_ingestion_gcs_dag.py
[2024-02-21T14:02:18.959+0000] {logging_mixin.py:188} INFO - [2024-02-21T14:02:18.959+0000] {dag.py:3036} INFO - Sync 1 DAGs
[2024-02-21T14:02:19.008+0000] {logging_mixin.py:188} INFO - [2024-02-21T14:02:19.007+0000] {dag.py:3823} INFO - Setting next_dagrun for data_ingestion_gcs_dag to 2024-02-20 00:00:00+00:00, run_after=2024-02-21 00:00:00+00:00
[2024-02-21T14:02:19.041+0000] {processor.py:183} INFO - Processing /opt/airflow/dags/data_ingestion_gcs_dag.py took 0.185 seconds
[2024-02-21T14:02:49.270+0000] {processor.py:161} INFO - Started process (PID=5236) to work on /opt/airflow/dags/data_ingestion_gcs_dag.py
[2024-02-21T14:02:49.271+0000] {processor.py:830} INFO - Processing file /opt/airflow/dags/data_ingestion_gcs_dag.py for tasks to queue
[2024-02-21T14:02:49.276+0000] {logging_mixin.py:188} INFO - [2024-02-21T14:02:49.275+0000] {dagbag.py:538} INFO - Filling up the DagBag from /opt/airflow/dags/data_ingestion_gcs_dag.py
[2024-02-21T14:02:49.325+0000] {processor.py:840} INFO - DAG(s) 'data_ingestion_gcs_dag' retrieved from /opt/airflow/dags/data_ingestion_gcs_dag.py
[2024-02-21T14:02:49.358+0000] {logging_mixin.py:188} INFO - [2024-02-21T14:02:49.358+0000] {dag.py:3036} INFO - Sync 1 DAGs
[2024-02-21T14:02:49.394+0000] {logging_mixin.py:188} INFO - [2024-02-21T14:02:49.393+0000] {dag.py:3823} INFO - Setting next_dagrun for data_ingestion_gcs_dag to 2024-02-20 00:00:00+00:00, run_after=2024-02-21 00:00:00+00:00
[2024-02-21T14:02:49.421+0000] {processor.py:183} INFO - Processing /opt/airflow/dags/data_ingestion_gcs_dag.py took 0.158 seconds
[2024-02-21T14:03:19.735+0000] {processor.py:161} INFO - Started process (PID=5291) to work on /opt/airflow/dags/data_ingestion_gcs_dag.py
[2024-02-21T14:03:19.738+0000] {processor.py:830} INFO - Processing file /opt/airflow/dags/data_ingestion_gcs_dag.py for tasks to queue
[2024-02-21T14:03:19.742+0000] {logging_mixin.py:188} INFO - [2024-02-21T14:03:19.741+0000] {dagbag.py:538} INFO - Filling up the DagBag from /opt/airflow/dags/data_ingestion_gcs_dag.py
[2024-02-21T14:03:19.774+0000] {processor.py:840} INFO - DAG(s) 'data_ingestion_gcs_dag' retrieved from /opt/airflow/dags/data_ingestion_gcs_dag.py
[2024-02-21T14:03:19.807+0000] {logging_mixin.py:188} INFO - [2024-02-21T14:03:19.806+0000] {dag.py:3036} INFO - Sync 1 DAGs
[2024-02-21T14:03:19.843+0000] {logging_mixin.py:188} INFO - [2024-02-21T14:03:19.842+0000] {dag.py:3823} INFO - Setting next_dagrun for data_ingestion_gcs_dag to 2024-02-20 00:00:00+00:00, run_after=2024-02-21 00:00:00+00:00
[2024-02-21T14:03:19.871+0000] {processor.py:183} INFO - Processing /opt/airflow/dags/data_ingestion_gcs_dag.py took 0.142 seconds
[2024-02-21T14:03:50.258+0000] {processor.py:161} INFO - Started process (PID=5346) to work on /opt/airflow/dags/data_ingestion_gcs_dag.py
[2024-02-21T14:03:50.260+0000] {processor.py:830} INFO - Processing file /opt/airflow/dags/data_ingestion_gcs_dag.py for tasks to queue
[2024-02-21T14:03:50.265+0000] {logging_mixin.py:188} INFO - [2024-02-21T14:03:50.264+0000] {dagbag.py:538} INFO - Filling up the DagBag from /opt/airflow/dags/data_ingestion_gcs_dag.py
[2024-02-21T14:03:50.300+0000] {processor.py:840} INFO - DAG(s) 'data_ingestion_gcs_dag' retrieved from /opt/airflow/dags/data_ingestion_gcs_dag.py
[2024-02-21T14:03:50.341+0000] {logging_mixin.py:188} INFO - [2024-02-21T14:03:50.340+0000] {dag.py:3036} INFO - Sync 1 DAGs
[2024-02-21T14:03:50.386+0000] {logging_mixin.py:188} INFO - [2024-02-21T14:03:50.385+0000] {dag.py:3823} INFO - Setting next_dagrun for data_ingestion_gcs_dag to 2024-02-20 00:00:00+00:00, run_after=2024-02-21 00:00:00+00:00
[2024-02-21T14:03:50.420+0000] {processor.py:183} INFO - Processing /opt/airflow/dags/data_ingestion_gcs_dag.py took 0.169 seconds
[2024-02-21T14:04:20.576+0000] {processor.py:161} INFO - Started process (PID=5400) to work on /opt/airflow/dags/data_ingestion_gcs_dag.py
[2024-02-21T14:04:20.578+0000] {processor.py:830} INFO - Processing file /opt/airflow/dags/data_ingestion_gcs_dag.py for tasks to queue
[2024-02-21T14:04:20.581+0000] {logging_mixin.py:188} INFO - [2024-02-21T14:04:20.581+0000] {dagbag.py:538} INFO - Filling up the DagBag from /opt/airflow/dags/data_ingestion_gcs_dag.py
[2024-02-21T14:04:20.614+0000] {processor.py:840} INFO - DAG(s) 'data_ingestion_gcs_dag' retrieved from /opt/airflow/dags/data_ingestion_gcs_dag.py
[2024-02-21T14:04:20.647+0000] {logging_mixin.py:188} INFO - [2024-02-21T14:04:20.646+0000] {dag.py:3036} INFO - Sync 1 DAGs
[2024-02-21T14:04:20.683+0000] {logging_mixin.py:188} INFO - [2024-02-21T14:04:20.683+0000] {dag.py:3823} INFO - Setting next_dagrun for data_ingestion_gcs_dag to 2024-02-20 00:00:00+00:00, run_after=2024-02-21 00:00:00+00:00
[2024-02-21T14:04:20.715+0000] {processor.py:183} INFO - Processing /opt/airflow/dags/data_ingestion_gcs_dag.py took 0.145 seconds
[2024-02-21T14:04:50.917+0000] {processor.py:161} INFO - Started process (PID=5454) to work on /opt/airflow/dags/data_ingestion_gcs_dag.py
[2024-02-21T14:04:50.919+0000] {processor.py:830} INFO - Processing file /opt/airflow/dags/data_ingestion_gcs_dag.py for tasks to queue
[2024-02-21T14:04:50.924+0000] {logging_mixin.py:188} INFO - [2024-02-21T14:04:50.923+0000] {dagbag.py:538} INFO - Filling up the DagBag from /opt/airflow/dags/data_ingestion_gcs_dag.py
[2024-02-21T14:04:50.960+0000] {processor.py:840} INFO - DAG(s) 'data_ingestion_gcs_dag' retrieved from /opt/airflow/dags/data_ingestion_gcs_dag.py
[2024-02-21T14:04:50.994+0000] {logging_mixin.py:188} INFO - [2024-02-21T14:04:50.993+0000] {dag.py:3036} INFO - Sync 1 DAGs
[2024-02-21T14:04:51.030+0000] {logging_mixin.py:188} INFO - [2024-02-21T14:04:51.029+0000] {dag.py:3823} INFO - Setting next_dagrun for data_ingestion_gcs_dag to 2024-02-20 00:00:00+00:00, run_after=2024-02-21 00:00:00+00:00
[2024-02-21T14:04:51.054+0000] {processor.py:183} INFO - Processing /opt/airflow/dags/data_ingestion_gcs_dag.py took 0.143 seconds
[2024-02-21T14:05:21.542+0000] {processor.py:161} INFO - Started process (PID=5509) to work on /opt/airflow/dags/data_ingestion_gcs_dag.py
[2024-02-21T14:05:21.544+0000] {processor.py:830} INFO - Processing file /opt/airflow/dags/data_ingestion_gcs_dag.py for tasks to queue
[2024-02-21T14:05:21.548+0000] {logging_mixin.py:188} INFO - [2024-02-21T14:05:21.547+0000] {dagbag.py:538} INFO - Filling up the DagBag from /opt/airflow/dags/data_ingestion_gcs_dag.py
[2024-02-21T14:05:21.581+0000] {processor.py:840} INFO - DAG(s) 'data_ingestion_gcs_dag' retrieved from /opt/airflow/dags/data_ingestion_gcs_dag.py
[2024-02-21T14:05:21.614+0000] {logging_mixin.py:188} INFO - [2024-02-21T14:05:21.614+0000] {dag.py:3036} INFO - Sync 1 DAGs
[2024-02-21T14:05:21.653+0000] {logging_mixin.py:188} INFO - [2024-02-21T14:05:21.652+0000] {dag.py:3823} INFO - Setting next_dagrun for data_ingestion_gcs_dag to 2024-02-20 00:00:00+00:00, run_after=2024-02-21 00:00:00+00:00
[2024-02-21T14:05:21.682+0000] {processor.py:183} INFO - Processing /opt/airflow/dags/data_ingestion_gcs_dag.py took 0.146 seconds
[2024-02-21T14:05:52.136+0000] {processor.py:161} INFO - Started process (PID=5563) to work on /opt/airflow/dags/data_ingestion_gcs_dag.py
[2024-02-21T14:05:52.138+0000] {processor.py:830} INFO - Processing file /opt/airflow/dags/data_ingestion_gcs_dag.py for tasks to queue
[2024-02-21T14:05:52.142+0000] {logging_mixin.py:188} INFO - [2024-02-21T14:05:52.141+0000] {dagbag.py:538} INFO - Filling up the DagBag from /opt/airflow/dags/data_ingestion_gcs_dag.py
[2024-02-21T14:05:52.182+0000] {processor.py:840} INFO - DAG(s) 'data_ingestion_gcs_dag' retrieved from /opt/airflow/dags/data_ingestion_gcs_dag.py
[2024-02-21T14:05:52.230+0000] {logging_mixin.py:188} INFO - [2024-02-21T14:05:52.230+0000] {dag.py:3036} INFO - Sync 1 DAGs
[2024-02-21T14:05:52.283+0000] {logging_mixin.py:188} INFO - [2024-02-21T14:05:52.282+0000] {dag.py:3823} INFO - Setting next_dagrun for data_ingestion_gcs_dag to 2024-02-20 00:00:00+00:00, run_after=2024-02-21 00:00:00+00:00
[2024-02-21T14:05:52.322+0000] {processor.py:183} INFO - Processing /opt/airflow/dags/data_ingestion_gcs_dag.py took 0.192 seconds
[2024-02-21T14:06:22.877+0000] {processor.py:161} INFO - Started process (PID=5618) to work on /opt/airflow/dags/data_ingestion_gcs_dag.py
[2024-02-21T14:06:22.878+0000] {processor.py:830} INFO - Processing file /opt/airflow/dags/data_ingestion_gcs_dag.py for tasks to queue
[2024-02-21T14:06:22.881+0000] {logging_mixin.py:188} INFO - [2024-02-21T14:06:22.881+0000] {dagbag.py:538} INFO - Filling up the DagBag from /opt/airflow/dags/data_ingestion_gcs_dag.py
[2024-02-21T14:06:22.916+0000] {processor.py:840} INFO - DAG(s) 'data_ingestion_gcs_dag' retrieved from /opt/airflow/dags/data_ingestion_gcs_dag.py
[2024-02-21T14:06:22.955+0000] {logging_mixin.py:188} INFO - [2024-02-21T14:06:22.954+0000] {dag.py:3036} INFO - Sync 1 DAGs
[2024-02-21T14:06:23.006+0000] {logging_mixin.py:188} INFO - [2024-02-21T14:06:23.005+0000] {dag.py:3823} INFO - Setting next_dagrun for data_ingestion_gcs_dag to 2024-02-20 00:00:00+00:00, run_after=2024-02-21 00:00:00+00:00
[2024-02-21T14:06:23.040+0000] {processor.py:183} INFO - Processing /opt/airflow/dags/data_ingestion_gcs_dag.py took 0.169 seconds
[2024-02-21T14:06:53.201+0000] {processor.py:161} INFO - Started process (PID=5673) to work on /opt/airflow/dags/data_ingestion_gcs_dag.py
[2024-02-21T14:06:53.204+0000] {processor.py:830} INFO - Processing file /opt/airflow/dags/data_ingestion_gcs_dag.py for tasks to queue
[2024-02-21T14:06:53.208+0000] {logging_mixin.py:188} INFO - [2024-02-21T14:06:53.207+0000] {dagbag.py:538} INFO - Filling up the DagBag from /opt/airflow/dags/data_ingestion_gcs_dag.py
[2024-02-21T14:06:53.252+0000] {processor.py:840} INFO - DAG(s) 'data_ingestion_gcs_dag' retrieved from /opt/airflow/dags/data_ingestion_gcs_dag.py
[2024-02-21T14:06:53.299+0000] {logging_mixin.py:188} INFO - [2024-02-21T14:06:53.299+0000] {dag.py:3036} INFO - Sync 1 DAGs
[2024-02-21T14:06:53.347+0000] {logging_mixin.py:188} INFO - [2024-02-21T14:06:53.346+0000] {dag.py:3823} INFO - Setting next_dagrun for data_ingestion_gcs_dag to 2024-02-20 00:00:00+00:00, run_after=2024-02-21 00:00:00+00:00
[2024-02-21T14:06:53.383+0000] {processor.py:183} INFO - Processing /opt/airflow/dags/data_ingestion_gcs_dag.py took 0.190 seconds
[2024-02-21T14:07:23.967+0000] {processor.py:161} INFO - Started process (PID=5729) to work on /opt/airflow/dags/data_ingestion_gcs_dag.py
[2024-02-21T14:07:23.970+0000] {processor.py:830} INFO - Processing file /opt/airflow/dags/data_ingestion_gcs_dag.py for tasks to queue
[2024-02-21T14:07:23.976+0000] {logging_mixin.py:188} INFO - [2024-02-21T14:07:23.975+0000] {dagbag.py:538} INFO - Filling up the DagBag from /opt/airflow/dags/data_ingestion_gcs_dag.py
[2024-02-21T14:07:24.021+0000] {processor.py:840} INFO - DAG(s) 'data_ingestion_gcs_dag' retrieved from /opt/airflow/dags/data_ingestion_gcs_dag.py
[2024-02-21T14:07:24.061+0000] {logging_mixin.py:188} INFO - [2024-02-21T14:07:24.060+0000] {dag.py:3036} INFO - Sync 1 DAGs
[2024-02-21T14:07:24.097+0000] {logging_mixin.py:188} INFO - [2024-02-21T14:07:24.097+0000] {dag.py:3823} INFO - Setting next_dagrun for data_ingestion_gcs_dag to 2024-02-20 00:00:00+00:00, run_after=2024-02-21 00:00:00+00:00
[2024-02-21T14:07:24.124+0000] {processor.py:183} INFO - Processing /opt/airflow/dags/data_ingestion_gcs_dag.py took 0.167 seconds
