[2024-02-22T14:23:32.107+0000] {processor.py:161} INFO - Started process (PID=30) to work on /opt/airflow/dags/data_ingestion_gcs_dag.py
[2024-02-22T14:23:32.109+0000] {processor.py:830} INFO - Processing file /opt/airflow/dags/data_ingestion_gcs_dag.py for tasks to queue
[2024-02-22T14:23:32.114+0000] {logging_mixin.py:188} INFO - [2024-02-22T14:23:32.113+0000] {dagbag.py:538} INFO - Filling up the DagBag from /opt/airflow/dags/data_ingestion_gcs_dag.py
[2024-02-22T14:23:32.179+0000] {processor.py:840} INFO - DAG(s) 'data_ingestion_gcs_dag' retrieved from /opt/airflow/dags/data_ingestion_gcs_dag.py
[2024-02-22T14:23:32.735+0000] {logging_mixin.py:188} INFO - [2024-02-22T14:23:32.734+0000] {dag.py:3036} INFO - Sync 1 DAGs
[2024-02-22T14:23:32.782+0000] {logging_mixin.py:188} INFO - [2024-02-22T14:23:32.781+0000] {dag.py:3823} INFO - Setting next_dagrun for data_ingestion_gcs_dag to 2024-02-22 14:23:32.143783+00:00, run_after=2024-02-23 14:23:32.143783+00:00
[2024-02-22T14:23:32.836+0000] {processor.py:183} INFO - Processing /opt/airflow/dags/data_ingestion_gcs_dag.py took 0.738 seconds
[2024-02-22T14:24:03.238+0000] {processor.py:161} INFO - Started process (PID=85) to work on /opt/airflow/dags/data_ingestion_gcs_dag.py
[2024-02-22T14:24:03.240+0000] {processor.py:830} INFO - Processing file /opt/airflow/dags/data_ingestion_gcs_dag.py for tasks to queue
[2024-02-22T14:24:03.243+0000] {logging_mixin.py:188} INFO - [2024-02-22T14:24:03.242+0000] {dagbag.py:538} INFO - Filling up the DagBag from /opt/airflow/dags/data_ingestion_gcs_dag.py
[2024-02-22T14:24:03.262+0000] {processor.py:840} INFO - DAG(s) 'data_ingestion_gcs_dag' retrieved from /opt/airflow/dags/data_ingestion_gcs_dag.py
[2024-02-22T14:24:03.430+0000] {logging_mixin.py:188} INFO - [2024-02-22T14:24:03.429+0000] {dag.py:3036} INFO - Sync 1 DAGs
[2024-02-22T14:24:03.463+0000] {logging_mixin.py:188} INFO - [2024-02-22T14:24:03.463+0000] {dag.py:3823} INFO - Setting next_dagrun for data_ingestion_gcs_dag to 2024-02-22 14:24:03.255519+00:00, run_after=2024-02-23 14:24:03.255519+00:00
[2024-02-22T14:24:03.492+0000] {processor.py:183} INFO - Processing /opt/airflow/dags/data_ingestion_gcs_dag.py took 0.261 seconds
[2024-02-22T14:24:34.435+0000] {processor.py:161} INFO - Started process (PID=140) to work on /opt/airflow/dags/data_ingestion_gcs_dag.py
[2024-02-22T14:24:34.439+0000] {processor.py:830} INFO - Processing file /opt/airflow/dags/data_ingestion_gcs_dag.py for tasks to queue
[2024-02-22T14:24:34.443+0000] {logging_mixin.py:188} INFO - [2024-02-22T14:24:34.443+0000] {dagbag.py:538} INFO - Filling up the DagBag from /opt/airflow/dags/data_ingestion_gcs_dag.py
[2024-02-22T14:24:34.471+0000] {processor.py:840} INFO - DAG(s) 'data_ingestion_gcs_dag' retrieved from /opt/airflow/dags/data_ingestion_gcs_dag.py
[2024-02-22T14:24:34.757+0000] {logging_mixin.py:188} INFO - [2024-02-22T14:24:34.756+0000] {dag.py:3036} INFO - Sync 1 DAGs
[2024-02-22T14:24:34.818+0000] {logging_mixin.py:188} INFO - [2024-02-22T14:24:34.817+0000] {dag.py:3823} INFO - Setting next_dagrun for data_ingestion_gcs_dag to 2024-02-22 14:24:34.461670+00:00, run_after=2024-02-23 14:24:34.461670+00:00
[2024-02-22T14:24:34.896+0000] {processor.py:183} INFO - Processing /opt/airflow/dags/data_ingestion_gcs_dag.py took 0.468 seconds
[2024-02-22T14:25:05.573+0000] {processor.py:161} INFO - Started process (PID=201) to work on /opt/airflow/dags/data_ingestion_gcs_dag.py
[2024-02-22T14:25:05.575+0000] {processor.py:830} INFO - Processing file /opt/airflow/dags/data_ingestion_gcs_dag.py for tasks to queue
[2024-02-22T14:25:05.578+0000] {logging_mixin.py:188} INFO - [2024-02-22T14:25:05.577+0000] {dagbag.py:538} INFO - Filling up the DagBag from /opt/airflow/dags/data_ingestion_gcs_dag.py
[2024-02-22T14:25:05.597+0000] {processor.py:840} INFO - DAG(s) 'data_ingestion_gcs_dag' retrieved from /opt/airflow/dags/data_ingestion_gcs_dag.py
[2024-02-22T14:25:05.761+0000] {logging_mixin.py:188} INFO - [2024-02-22T14:25:05.761+0000] {dag.py:3036} INFO - Sync 1 DAGs
[2024-02-22T14:25:05.795+0000] {logging_mixin.py:188} INFO - [2024-02-22T14:25:05.795+0000] {dag.py:3823} INFO - Setting next_dagrun for data_ingestion_gcs_dag to 2024-02-22 14:25:05.590766+00:00, run_after=2024-02-23 14:25:05.590766+00:00
[2024-02-22T14:25:05.837+0000] {processor.py:183} INFO - Processing /opt/airflow/dags/data_ingestion_gcs_dag.py took 0.270 seconds
[2024-02-22T14:25:36.116+0000] {processor.py:161} INFO - Started process (PID=256) to work on /opt/airflow/dags/data_ingestion_gcs_dag.py
[2024-02-22T14:25:36.119+0000] {processor.py:830} INFO - Processing file /opt/airflow/dags/data_ingestion_gcs_dag.py for tasks to queue
[2024-02-22T14:25:36.122+0000] {logging_mixin.py:188} INFO - [2024-02-22T14:25:36.122+0000] {dagbag.py:538} INFO - Filling up the DagBag from /opt/airflow/dags/data_ingestion_gcs_dag.py
[2024-02-22T14:25:36.144+0000] {processor.py:840} INFO - DAG(s) 'data_ingestion_gcs_dag' retrieved from /opt/airflow/dags/data_ingestion_gcs_dag.py
[2024-02-22T14:25:36.367+0000] {logging_mixin.py:188} INFO - [2024-02-22T14:25:36.366+0000] {dag.py:3036} INFO - Sync 1 DAGs
[2024-02-22T14:25:36.410+0000] {logging_mixin.py:188} INFO - [2024-02-22T14:25:36.410+0000] {dag.py:3823} INFO - Setting next_dagrun for data_ingestion_gcs_dag to 2024-02-22 14:25:36.137106+00:00, run_after=2024-02-23 14:25:36.137106+00:00
[2024-02-22T14:25:36.451+0000] {processor.py:183} INFO - Processing /opt/airflow/dags/data_ingestion_gcs_dag.py took 0.342 seconds
[2024-02-22T14:26:07.022+0000] {processor.py:161} INFO - Started process (PID=311) to work on /opt/airflow/dags/data_ingestion_gcs_dag.py
[2024-02-22T14:26:07.024+0000] {processor.py:830} INFO - Processing file /opt/airflow/dags/data_ingestion_gcs_dag.py for tasks to queue
[2024-02-22T14:26:07.029+0000] {logging_mixin.py:188} INFO - [2024-02-22T14:26:07.028+0000] {dagbag.py:538} INFO - Filling up the DagBag from /opt/airflow/dags/data_ingestion_gcs_dag.py
[2024-02-22T14:26:07.054+0000] {processor.py:840} INFO - DAG(s) 'data_ingestion_gcs_dag' retrieved from /opt/airflow/dags/data_ingestion_gcs_dag.py
[2024-02-22T14:26:07.273+0000] {logging_mixin.py:188} INFO - [2024-02-22T14:26:07.272+0000] {dag.py:3036} INFO - Sync 1 DAGs
[2024-02-22T14:26:07.308+0000] {logging_mixin.py:188} INFO - [2024-02-22T14:26:07.308+0000] {dag.py:3823} INFO - Setting next_dagrun for data_ingestion_gcs_dag to 2024-02-22 14:26:07.047402+00:00, run_after=2024-02-23 14:26:07.047402+00:00
[2024-02-22T14:26:07.340+0000] {processor.py:183} INFO - Processing /opt/airflow/dags/data_ingestion_gcs_dag.py took 0.324 seconds
[2024-02-22T14:26:37.433+0000] {processor.py:161} INFO - Started process (PID=367) to work on /opt/airflow/dags/data_ingestion_gcs_dag.py
[2024-02-22T14:26:37.436+0000] {processor.py:830} INFO - Processing file /opt/airflow/dags/data_ingestion_gcs_dag.py for tasks to queue
[2024-02-22T14:26:37.441+0000] {logging_mixin.py:188} INFO - [2024-02-22T14:26:37.440+0000] {dagbag.py:538} INFO - Filling up the DagBag from /opt/airflow/dags/data_ingestion_gcs_dag.py
[2024-02-22T14:26:37.466+0000] {processor.py:840} INFO - DAG(s) 'data_ingestion_gcs_dag' retrieved from /opt/airflow/dags/data_ingestion_gcs_dag.py
[2024-02-22T14:26:37.711+0000] {logging_mixin.py:188} INFO - [2024-02-22T14:26:37.710+0000] {dag.py:3036} INFO - Sync 1 DAGs
[2024-02-22T14:26:37.753+0000] {logging_mixin.py:188} INFO - [2024-02-22T14:26:37.753+0000] {dag.py:3823} INFO - Setting next_dagrun for data_ingestion_gcs_dag to 2024-02-22 14:26:37.458971+00:00, run_after=2024-02-23 14:26:37.458971+00:00
[2024-02-22T14:26:37.790+0000] {processor.py:183} INFO - Processing /opt/airflow/dags/data_ingestion_gcs_dag.py took 0.365 seconds
[2024-02-22T14:27:08.113+0000] {processor.py:161} INFO - Started process (PID=421) to work on /opt/airflow/dags/data_ingestion_gcs_dag.py
[2024-02-22T14:27:08.115+0000] {processor.py:830} INFO - Processing file /opt/airflow/dags/data_ingestion_gcs_dag.py for tasks to queue
[2024-02-22T14:27:08.120+0000] {logging_mixin.py:188} INFO - [2024-02-22T14:27:08.119+0000] {dagbag.py:538} INFO - Filling up the DagBag from /opt/airflow/dags/data_ingestion_gcs_dag.py
[2024-02-22T14:27:08.155+0000] {processor.py:840} INFO - DAG(s) 'data_ingestion_gcs_dag' retrieved from /opt/airflow/dags/data_ingestion_gcs_dag.py
[2024-02-22T14:27:08.423+0000] {logging_mixin.py:188} INFO - [2024-02-22T14:27:08.421+0000] {dag.py:3036} INFO - Sync 1 DAGs
[2024-02-22T14:27:08.477+0000] {logging_mixin.py:188} INFO - [2024-02-22T14:27:08.477+0000] {dag.py:3823} INFO - Setting next_dagrun for data_ingestion_gcs_dag to 2024-02-22 14:27:08.145768+00:00, run_after=2024-02-23 14:27:08.145768+00:00
[2024-02-22T14:27:08.523+0000] {processor.py:183} INFO - Processing /opt/airflow/dags/data_ingestion_gcs_dag.py took 0.417 seconds
[2024-02-22T14:27:38.774+0000] {processor.py:161} INFO - Started process (PID=476) to work on /opt/airflow/dags/data_ingestion_gcs_dag.py
[2024-02-22T14:27:38.777+0000] {processor.py:830} INFO - Processing file /opt/airflow/dags/data_ingestion_gcs_dag.py for tasks to queue
[2024-02-22T14:27:38.783+0000] {logging_mixin.py:188} INFO - [2024-02-22T14:27:38.782+0000] {dagbag.py:538} INFO - Filling up the DagBag from /opt/airflow/dags/data_ingestion_gcs_dag.py
[2024-02-22T14:27:38.818+0000] {processor.py:840} INFO - DAG(s) 'data_ingestion_gcs_dag' retrieved from /opt/airflow/dags/data_ingestion_gcs_dag.py
[2024-02-22T14:27:39.034+0000] {logging_mixin.py:188} INFO - [2024-02-22T14:27:39.033+0000] {dag.py:3036} INFO - Sync 1 DAGs
[2024-02-22T14:27:39.095+0000] {logging_mixin.py:188} INFO - [2024-02-22T14:27:39.094+0000] {dag.py:3823} INFO - Setting next_dagrun for data_ingestion_gcs_dag to 2024-02-22 14:27:38.806295+00:00, run_after=2024-02-23 14:27:38.806295+00:00
[2024-02-22T14:27:39.132+0000] {processor.py:183} INFO - Processing /opt/airflow/dags/data_ingestion_gcs_dag.py took 0.365 seconds
[2024-02-22T14:28:09.463+0000] {processor.py:161} INFO - Started process (PID=531) to work on /opt/airflow/dags/data_ingestion_gcs_dag.py
[2024-02-22T14:28:09.466+0000] {processor.py:830} INFO - Processing file /opt/airflow/dags/data_ingestion_gcs_dag.py for tasks to queue
[2024-02-22T14:28:09.472+0000] {logging_mixin.py:188} INFO - [2024-02-22T14:28:09.471+0000] {dagbag.py:538} INFO - Filling up the DagBag from /opt/airflow/dags/data_ingestion_gcs_dag.py
[2024-02-22T14:28:09.495+0000] {processor.py:840} INFO - DAG(s) 'data_ingestion_gcs_dag' retrieved from /opt/airflow/dags/data_ingestion_gcs_dag.py
[2024-02-22T14:28:09.678+0000] {logging_mixin.py:188} INFO - [2024-02-22T14:28:09.677+0000] {dag.py:3036} INFO - Sync 1 DAGs
[2024-02-22T14:28:09.716+0000] {logging_mixin.py:188} INFO - [2024-02-22T14:28:09.716+0000] {dag.py:3823} INFO - Setting next_dagrun for data_ingestion_gcs_dag to 2024-02-22 14:28:09.488296+00:00, run_after=2024-02-23 14:28:09.488296+00:00
[2024-02-22T14:28:09.745+0000] {processor.py:183} INFO - Processing /opt/airflow/dags/data_ingestion_gcs_dag.py took 0.288 seconds
[2024-02-22T14:28:40.064+0000] {processor.py:161} INFO - Started process (PID=585) to work on /opt/airflow/dags/data_ingestion_gcs_dag.py
[2024-02-22T14:28:40.065+0000] {processor.py:830} INFO - Processing file /opt/airflow/dags/data_ingestion_gcs_dag.py for tasks to queue
[2024-02-22T14:28:40.069+0000] {logging_mixin.py:188} INFO - [2024-02-22T14:28:40.068+0000] {dagbag.py:538} INFO - Filling up the DagBag from /opt/airflow/dags/data_ingestion_gcs_dag.py
[2024-02-22T14:28:40.091+0000] {processor.py:840} INFO - DAG(s) 'data_ingestion_gcs_dag' retrieved from /opt/airflow/dags/data_ingestion_gcs_dag.py
[2024-02-22T14:28:40.276+0000] {logging_mixin.py:188} INFO - [2024-02-22T14:28:40.275+0000] {dag.py:3036} INFO - Sync 1 DAGs
[2024-02-22T14:28:40.311+0000] {logging_mixin.py:188} INFO - [2024-02-22T14:28:40.310+0000] {dag.py:3823} INFO - Setting next_dagrun for data_ingestion_gcs_dag to 2024-02-22 14:28:40.084100+00:00, run_after=2024-02-23 14:28:40.084100+00:00
[2024-02-22T14:28:40.356+0000] {processor.py:183} INFO - Processing /opt/airflow/dags/data_ingestion_gcs_dag.py took 0.299 seconds
[2024-02-22T14:29:11.246+0000] {processor.py:161} INFO - Started process (PID=641) to work on /opt/airflow/dags/data_ingestion_gcs_dag.py
[2024-02-22T14:29:11.249+0000] {processor.py:830} INFO - Processing file /opt/airflow/dags/data_ingestion_gcs_dag.py for tasks to queue
[2024-02-22T14:29:11.252+0000] {logging_mixin.py:188} INFO - [2024-02-22T14:29:11.252+0000] {dagbag.py:538} INFO - Filling up the DagBag from /opt/airflow/dags/data_ingestion_gcs_dag.py
[2024-02-22T14:29:11.274+0000] {processor.py:840} INFO - DAG(s) 'data_ingestion_gcs_dag' retrieved from /opt/airflow/dags/data_ingestion_gcs_dag.py
[2024-02-22T14:29:11.454+0000] {logging_mixin.py:188} INFO - [2024-02-22T14:29:11.453+0000] {dag.py:3036} INFO - Sync 1 DAGs
[2024-02-22T14:29:11.488+0000] {logging_mixin.py:188} INFO - [2024-02-22T14:29:11.488+0000] {dag.py:3823} INFO - Setting next_dagrun for data_ingestion_gcs_dag to 2024-02-22 14:29:11.266304+00:00, run_after=2024-02-23 14:29:11.266304+00:00
[2024-02-22T14:29:11.519+0000] {processor.py:183} INFO - Processing /opt/airflow/dags/data_ingestion_gcs_dag.py took 0.279 seconds
[2024-02-22T14:29:41.590+0000] {processor.py:161} INFO - Started process (PID=698) to work on /opt/airflow/dags/data_ingestion_gcs_dag.py
[2024-02-22T14:29:41.592+0000] {processor.py:830} INFO - Processing file /opt/airflow/dags/data_ingestion_gcs_dag.py for tasks to queue
[2024-02-22T14:29:41.595+0000] {logging_mixin.py:188} INFO - [2024-02-22T14:29:41.595+0000] {dagbag.py:538} INFO - Filling up the DagBag from /opt/airflow/dags/data_ingestion_gcs_dag.py
[2024-02-22T14:29:41.618+0000] {processor.py:840} INFO - DAG(s) 'data_ingestion_gcs_dag' retrieved from /opt/airflow/dags/data_ingestion_gcs_dag.py
[2024-02-22T14:29:41.810+0000] {logging_mixin.py:188} INFO - [2024-02-22T14:29:41.809+0000] {dag.py:3036} INFO - Sync 1 DAGs
[2024-02-22T14:29:41.849+0000] {logging_mixin.py:188} INFO - [2024-02-22T14:29:41.848+0000] {dag.py:3823} INFO - Setting next_dagrun for data_ingestion_gcs_dag to 2024-02-22 14:29:41.610914+00:00, run_after=2024-02-23 14:29:41.610914+00:00
[2024-02-22T14:29:41.882+0000] {processor.py:183} INFO - Processing /opt/airflow/dags/data_ingestion_gcs_dag.py took 0.299 seconds
[2024-02-22T14:30:11.932+0000] {processor.py:161} INFO - Started process (PID=754) to work on /opt/airflow/dags/data_ingestion_gcs_dag.py
[2024-02-22T14:30:11.935+0000] {processor.py:830} INFO - Processing file /opt/airflow/dags/data_ingestion_gcs_dag.py for tasks to queue
[2024-02-22T14:30:11.939+0000] {logging_mixin.py:188} INFO - [2024-02-22T14:30:11.938+0000] {dagbag.py:538} INFO - Filling up the DagBag from /opt/airflow/dags/data_ingestion_gcs_dag.py
[2024-02-22T14:30:11.961+0000] {processor.py:840} INFO - DAG(s) 'data_ingestion_gcs_dag' retrieved from /opt/airflow/dags/data_ingestion_gcs_dag.py
[2024-02-22T14:30:12.141+0000] {logging_mixin.py:188} INFO - [2024-02-22T14:30:12.140+0000] {dag.py:3036} INFO - Sync 1 DAGs
[2024-02-22T14:30:12.173+0000] {logging_mixin.py:188} INFO - [2024-02-22T14:30:12.173+0000] {dag.py:3823} INFO - Setting next_dagrun for data_ingestion_gcs_dag to 2024-02-22 14:30:11.953919+00:00, run_after=2024-02-23 14:30:11.953919+00:00
[2024-02-22T14:30:12.206+0000] {processor.py:183} INFO - Processing /opt/airflow/dags/data_ingestion_gcs_dag.py took 0.282 seconds
[2024-02-22T14:30:42.876+0000] {processor.py:161} INFO - Started process (PID=807) to work on /opt/airflow/dags/data_ingestion_gcs_dag.py
[2024-02-22T14:30:42.877+0000] {processor.py:830} INFO - Processing file /opt/airflow/dags/data_ingestion_gcs_dag.py for tasks to queue
[2024-02-22T14:30:42.883+0000] {logging_mixin.py:188} INFO - [2024-02-22T14:30:42.882+0000] {dagbag.py:538} INFO - Filling up the DagBag from /opt/airflow/dags/data_ingestion_gcs_dag.py
[2024-02-22T14:30:42.914+0000] {processor.py:840} INFO - DAG(s) 'data_ingestion_gcs_dag' retrieved from /opt/airflow/dags/data_ingestion_gcs_dag.py
[2024-02-22T14:30:43.102+0000] {logging_mixin.py:188} INFO - [2024-02-22T14:30:43.101+0000] {dag.py:3036} INFO - Sync 1 DAGs
[2024-02-22T14:30:43.137+0000] {logging_mixin.py:188} INFO - [2024-02-22T14:30:43.137+0000] {dag.py:3823} INFO - Setting next_dagrun for data_ingestion_gcs_dag to 2024-02-22 14:30:42.902714+00:00, run_after=2024-02-23 14:30:42.902714+00:00
[2024-02-22T14:30:43.172+0000] {processor.py:183} INFO - Processing /opt/airflow/dags/data_ingestion_gcs_dag.py took 0.303 seconds
[2024-02-22T14:31:13.809+0000] {processor.py:161} INFO - Started process (PID=863) to work on /opt/airflow/dags/data_ingestion_gcs_dag.py
[2024-02-22T14:31:13.812+0000] {processor.py:830} INFO - Processing file /opt/airflow/dags/data_ingestion_gcs_dag.py for tasks to queue
[2024-02-22T14:31:13.816+0000] {logging_mixin.py:188} INFO - [2024-02-22T14:31:13.816+0000] {dagbag.py:538} INFO - Filling up the DagBag from /opt/airflow/dags/data_ingestion_gcs_dag.py
[2024-02-22T14:31:13.840+0000] {processor.py:840} INFO - DAG(s) 'data_ingestion_gcs_dag' retrieved from /opt/airflow/dags/data_ingestion_gcs_dag.py
[2024-02-22T14:31:14.023+0000] {logging_mixin.py:188} INFO - [2024-02-22T14:31:14.022+0000] {dag.py:3036} INFO - Sync 1 DAGs
[2024-02-22T14:31:14.059+0000] {logging_mixin.py:188} INFO - [2024-02-22T14:31:14.059+0000] {dag.py:3823} INFO - Setting next_dagrun for data_ingestion_gcs_dag to 2024-02-22 14:31:13.831612+00:00, run_after=2024-02-23 14:31:13.831612+00:00
[2024-02-22T14:31:14.091+0000] {processor.py:183} INFO - Processing /opt/airflow/dags/data_ingestion_gcs_dag.py took 0.289 seconds
[2024-02-22T14:31:44.171+0000] {processor.py:161} INFO - Started process (PID=918) to work on /opt/airflow/dags/data_ingestion_gcs_dag.py
[2024-02-22T14:31:44.173+0000] {processor.py:830} INFO - Processing file /opt/airflow/dags/data_ingestion_gcs_dag.py for tasks to queue
[2024-02-22T14:31:44.178+0000] {logging_mixin.py:188} INFO - [2024-02-22T14:31:44.177+0000] {dagbag.py:538} INFO - Filling up the DagBag from /opt/airflow/dags/data_ingestion_gcs_dag.py
[2024-02-22T14:31:44.203+0000] {processor.py:840} INFO - DAG(s) 'data_ingestion_gcs_dag' retrieved from /opt/airflow/dags/data_ingestion_gcs_dag.py
[2024-02-22T14:31:44.436+0000] {logging_mixin.py:188} INFO - [2024-02-22T14:31:44.435+0000] {dag.py:3036} INFO - Sync 1 DAGs
[2024-02-22T14:31:44.478+0000] {logging_mixin.py:188} INFO - [2024-02-22T14:31:44.477+0000] {dag.py:3823} INFO - Setting next_dagrun for data_ingestion_gcs_dag to 2024-02-22 14:31:44.196639+00:00, run_after=2024-02-23 14:31:44.196639+00:00
[2024-02-22T14:31:44.930+0000] {processor.py:183} INFO - Processing /opt/airflow/dags/data_ingestion_gcs_dag.py took 0.767 seconds
