[2024-02-22T14:23:36.157+0000] {processor.py:161} INFO - Started process (PID=52) to work on /home/airflow/.local/lib/python3.8/site-packages/airflow/example_dags/example_datasets.py
[2024-02-22T14:23:36.159+0000] {processor.py:830} INFO - Processing file /home/airflow/.local/lib/python3.8/site-packages/airflow/example_dags/example_datasets.py for tasks to queue
[2024-02-22T14:23:36.163+0000] {logging_mixin.py:188} INFO - [2024-02-22T14:23:36.162+0000] {dagbag.py:538} INFO - Filling up the DagBag from /home/airflow/.local/lib/python3.8/site-packages/airflow/example_dags/example_datasets.py
[2024-02-22T14:23:36.189+0000] {processor.py:840} INFO - DAG(s) 'dataset_consumes_1_and_2', 'dataset_consumes_1', 'dataset_produces_1', 'dataset_consumes_1_never_scheduled', 'dataset_consumes_unknown_never_scheduled', 'dataset_produces_2' retrieved from /home/airflow/.local/lib/python3.8/site-packages/airflow/example_dags/example_datasets.py
[2024-02-22T14:23:36.271+0000] {logging_mixin.py:188} INFO - [2024-02-22T14:23:36.271+0000] {dag.py:3036} INFO - Sync 6 DAGs
[2024-02-22T14:23:36.350+0000] {logging_mixin.py:188} INFO - [2024-02-22T14:23:36.349+0000] {dag.py:3823} INFO - Setting next_dagrun for dataset_consumes_1 to None, run_after=None
[2024-02-22T14:23:36.363+0000] {logging_mixin.py:188} INFO - [2024-02-22T14:23:36.362+0000] {dag.py:3823} INFO - Setting next_dagrun for dataset_consumes_1_and_2 to None, run_after=None
[2024-02-22T14:23:36.372+0000] {logging_mixin.py:188} INFO - [2024-02-22T14:23:36.370+0000] {dag.py:3823} INFO - Setting next_dagrun for dataset_consumes_1_never_scheduled to None, run_after=None
[2024-02-22T14:23:36.385+0000] {logging_mixin.py:188} INFO - [2024-02-22T14:23:36.380+0000] {dag.py:3823} INFO - Setting next_dagrun for dataset_consumes_unknown_never_scheduled to None, run_after=None
[2024-02-22T14:23:36.411+0000] {logging_mixin.py:188} INFO - [2024-02-22T14:23:36.411+0000] {dag.py:3823} INFO - Setting next_dagrun for dataset_produces_1 to 2024-02-21 00:00:00+00:00, run_after=2024-02-22 00:00:00+00:00
[2024-02-22T14:23:36.417+0000] {logging_mixin.py:188} INFO - [2024-02-22T14:23:36.415+0000] {dag.py:3823} INFO - Setting next_dagrun for dataset_produces_2 to None, run_after=None
[2024-02-22T14:23:36.587+0000] {processor.py:183} INFO - Processing /home/airflow/.local/lib/python3.8/site-packages/airflow/example_dags/example_datasets.py took 0.442 seconds
[2024-02-22T14:24:07.199+0000] {processor.py:161} INFO - Started process (PID=107) to work on /home/airflow/.local/lib/python3.8/site-packages/airflow/example_dags/example_datasets.py
[2024-02-22T14:24:07.201+0000] {processor.py:830} INFO - Processing file /home/airflow/.local/lib/python3.8/site-packages/airflow/example_dags/example_datasets.py for tasks to queue
[2024-02-22T14:24:07.204+0000] {logging_mixin.py:188} INFO - [2024-02-22T14:24:07.203+0000] {dagbag.py:538} INFO - Filling up the DagBag from /home/airflow/.local/lib/python3.8/site-packages/airflow/example_dags/example_datasets.py
[2024-02-22T14:24:07.220+0000] {processor.py:840} INFO - DAG(s) 'dataset_produces_2', 'dataset_consumes_unknown_never_scheduled', 'dataset_consumes_1_and_2', 'dataset_consumes_1_never_scheduled', 'dataset_produces_1', 'dataset_consumes_1' retrieved from /home/airflow/.local/lib/python3.8/site-packages/airflow/example_dags/example_datasets.py
[2024-02-22T14:24:07.285+0000] {logging_mixin.py:188} INFO - [2024-02-22T14:24:07.284+0000] {dag.py:3036} INFO - Sync 6 DAGs
[2024-02-22T14:24:07.323+0000] {logging_mixin.py:188} INFO - [2024-02-22T14:24:07.323+0000] {dag.py:3823} INFO - Setting next_dagrun for dataset_consumes_1 to None, run_after=None
[2024-02-22T14:24:07.329+0000] {logging_mixin.py:188} INFO - [2024-02-22T14:24:07.328+0000] {dag.py:3823} INFO - Setting next_dagrun for dataset_consumes_1_and_2 to None, run_after=None
[2024-02-22T14:24:07.331+0000] {logging_mixin.py:188} INFO - [2024-02-22T14:24:07.331+0000] {dag.py:3823} INFO - Setting next_dagrun for dataset_consumes_1_never_scheduled to None, run_after=None
[2024-02-22T14:24:07.333+0000] {logging_mixin.py:188} INFO - [2024-02-22T14:24:07.333+0000] {dag.py:3823} INFO - Setting next_dagrun for dataset_consumes_unknown_never_scheduled to None, run_after=None
[2024-02-22T14:24:07.338+0000] {logging_mixin.py:188} INFO - [2024-02-22T14:24:07.337+0000] {dag.py:3823} INFO - Setting next_dagrun for dataset_produces_1 to 2024-02-21 00:00:00+00:00, run_after=2024-02-22 00:00:00+00:00
[2024-02-22T14:24:07.340+0000] {logging_mixin.py:188} INFO - [2024-02-22T14:24:07.340+0000] {dag.py:3823} INFO - Setting next_dagrun for dataset_produces_2 to None, run_after=None
[2024-02-22T14:24:07.393+0000] {processor.py:183} INFO - Processing /home/airflow/.local/lib/python3.8/site-packages/airflow/example_dags/example_datasets.py took 0.199 seconds
[2024-02-22T14:24:37.464+0000] {processor.py:161} INFO - Started process (PID=162) to work on /home/airflow/.local/lib/python3.8/site-packages/airflow/example_dags/example_datasets.py
[2024-02-22T14:24:37.467+0000] {processor.py:830} INFO - Processing file /home/airflow/.local/lib/python3.8/site-packages/airflow/example_dags/example_datasets.py for tasks to queue
[2024-02-22T14:24:37.470+0000] {logging_mixin.py:188} INFO - [2024-02-22T14:24:37.469+0000] {dagbag.py:538} INFO - Filling up the DagBag from /home/airflow/.local/lib/python3.8/site-packages/airflow/example_dags/example_datasets.py
[2024-02-22T14:24:37.486+0000] {processor.py:840} INFO - DAG(s) 'dataset_consumes_unknown_never_scheduled', 'dataset_consumes_1_and_2', 'dataset_consumes_1_never_scheduled', 'dataset_produces_1', 'dataset_consumes_1', 'dataset_produces_2' retrieved from /home/airflow/.local/lib/python3.8/site-packages/airflow/example_dags/example_datasets.py
[2024-02-22T14:24:37.547+0000] {logging_mixin.py:188} INFO - [2024-02-22T14:24:37.547+0000] {dag.py:3036} INFO - Sync 6 DAGs
[2024-02-22T14:24:37.583+0000] {logging_mixin.py:188} INFO - [2024-02-22T14:24:37.582+0000] {dag.py:3823} INFO - Setting next_dagrun for dataset_consumes_1 to None, run_after=None
[2024-02-22T14:24:37.588+0000] {logging_mixin.py:188} INFO - [2024-02-22T14:24:37.588+0000] {dag.py:3823} INFO - Setting next_dagrun for dataset_consumes_1_and_2 to None, run_after=None
[2024-02-22T14:24:37.590+0000] {logging_mixin.py:188} INFO - [2024-02-22T14:24:37.590+0000] {dag.py:3823} INFO - Setting next_dagrun for dataset_consumes_1_never_scheduled to None, run_after=None
[2024-02-22T14:24:37.592+0000] {logging_mixin.py:188} INFO - [2024-02-22T14:24:37.592+0000] {dag.py:3823} INFO - Setting next_dagrun for dataset_consumes_unknown_never_scheduled to None, run_after=None
[2024-02-22T14:24:37.597+0000] {logging_mixin.py:188} INFO - [2024-02-22T14:24:37.596+0000] {dag.py:3823} INFO - Setting next_dagrun for dataset_produces_1 to 2024-02-21 00:00:00+00:00, run_after=2024-02-22 00:00:00+00:00
[2024-02-22T14:24:37.598+0000] {logging_mixin.py:188} INFO - [2024-02-22T14:24:37.598+0000] {dag.py:3823} INFO - Setting next_dagrun for dataset_produces_2 to None, run_after=None
[2024-02-22T14:24:37.640+0000] {processor.py:183} INFO - Processing /home/airflow/.local/lib/python3.8/site-packages/airflow/example_dags/example_datasets.py took 0.182 seconds
[2024-02-22T14:25:08.228+0000] {processor.py:161} INFO - Started process (PID=217) to work on /home/airflow/.local/lib/python3.8/site-packages/airflow/example_dags/example_datasets.py
[2024-02-22T14:25:08.229+0000] {processor.py:830} INFO - Processing file /home/airflow/.local/lib/python3.8/site-packages/airflow/example_dags/example_datasets.py for tasks to queue
[2024-02-22T14:25:08.232+0000] {logging_mixin.py:188} INFO - [2024-02-22T14:25:08.232+0000] {dagbag.py:538} INFO - Filling up the DagBag from /home/airflow/.local/lib/python3.8/site-packages/airflow/example_dags/example_datasets.py
[2024-02-22T14:25:08.250+0000] {processor.py:840} INFO - DAG(s) 'dataset_consumes_1', 'dataset_consumes_1_and_2', 'dataset_consumes_1_never_scheduled', 'dataset_consumes_unknown_never_scheduled', 'dataset_produces_2', 'dataset_produces_1' retrieved from /home/airflow/.local/lib/python3.8/site-packages/airflow/example_dags/example_datasets.py
[2024-02-22T14:25:08.309+0000] {logging_mixin.py:188} INFO - [2024-02-22T14:25:08.309+0000] {dag.py:3036} INFO - Sync 6 DAGs
[2024-02-22T14:25:08.346+0000] {logging_mixin.py:188} INFO - [2024-02-22T14:25:08.345+0000] {dag.py:3823} INFO - Setting next_dagrun for dataset_consumes_1 to None, run_after=None
[2024-02-22T14:25:08.352+0000] {logging_mixin.py:188} INFO - [2024-02-22T14:25:08.351+0000] {dag.py:3823} INFO - Setting next_dagrun for dataset_consumes_1_and_2 to None, run_after=None
[2024-02-22T14:25:08.354+0000] {logging_mixin.py:188} INFO - [2024-02-22T14:25:08.354+0000] {dag.py:3823} INFO - Setting next_dagrun for dataset_consumes_1_never_scheduled to None, run_after=None
[2024-02-22T14:25:08.356+0000] {logging_mixin.py:188} INFO - [2024-02-22T14:25:08.356+0000] {dag.py:3823} INFO - Setting next_dagrun for dataset_consumes_unknown_never_scheduled to None, run_after=None
[2024-02-22T14:25:08.360+0000] {logging_mixin.py:188} INFO - [2024-02-22T14:25:08.360+0000] {dag.py:3823} INFO - Setting next_dagrun for dataset_produces_1 to 2024-02-21 00:00:00+00:00, run_after=2024-02-22 00:00:00+00:00
[2024-02-22T14:25:08.362+0000] {logging_mixin.py:188} INFO - [2024-02-22T14:25:08.362+0000] {dag.py:3823} INFO - Setting next_dagrun for dataset_produces_2 to None, run_after=None
[2024-02-22T14:25:08.414+0000] {processor.py:183} INFO - Processing /home/airflow/.local/lib/python3.8/site-packages/airflow/example_dags/example_datasets.py took 0.192 seconds
[2024-02-22T14:25:39.101+0000] {processor.py:161} INFO - Started process (PID=272) to work on /home/airflow/.local/lib/python3.8/site-packages/airflow/example_dags/example_datasets.py
[2024-02-22T14:25:39.103+0000] {processor.py:830} INFO - Processing file /home/airflow/.local/lib/python3.8/site-packages/airflow/example_dags/example_datasets.py for tasks to queue
[2024-02-22T14:25:39.106+0000] {logging_mixin.py:188} INFO - [2024-02-22T14:25:39.106+0000] {dagbag.py:538} INFO - Filling up the DagBag from /home/airflow/.local/lib/python3.8/site-packages/airflow/example_dags/example_datasets.py
[2024-02-22T14:25:39.132+0000] {processor.py:840} INFO - DAG(s) 'dataset_produces_1', 'dataset_consumes_1_and_2', 'dataset_consumes_1_never_scheduled', 'dataset_consumes_unknown_never_scheduled', 'dataset_consumes_1', 'dataset_produces_2' retrieved from /home/airflow/.local/lib/python3.8/site-packages/airflow/example_dags/example_datasets.py
[2024-02-22T14:25:39.211+0000] {logging_mixin.py:188} INFO - [2024-02-22T14:25:39.211+0000] {dag.py:3036} INFO - Sync 6 DAGs
[2024-02-22T14:25:39.265+0000] {logging_mixin.py:188} INFO - [2024-02-22T14:25:39.264+0000] {dag.py:3823} INFO - Setting next_dagrun for dataset_consumes_1 to None, run_after=None
[2024-02-22T14:25:39.273+0000] {logging_mixin.py:188} INFO - [2024-02-22T14:25:39.273+0000] {dag.py:3823} INFO - Setting next_dagrun for dataset_consumes_1_and_2 to None, run_after=None
[2024-02-22T14:25:39.276+0000] {logging_mixin.py:188} INFO - [2024-02-22T14:25:39.276+0000] {dag.py:3823} INFO - Setting next_dagrun for dataset_consumes_1_never_scheduled to None, run_after=None
[2024-02-22T14:25:39.279+0000] {logging_mixin.py:188} INFO - [2024-02-22T14:25:39.279+0000] {dag.py:3823} INFO - Setting next_dagrun for dataset_consumes_unknown_never_scheduled to None, run_after=None
[2024-02-22T14:25:39.288+0000] {logging_mixin.py:188} INFO - [2024-02-22T14:25:39.287+0000] {dag.py:3823} INFO - Setting next_dagrun for dataset_produces_1 to 2024-02-21 00:00:00+00:00, run_after=2024-02-22 00:00:00+00:00
[2024-02-22T14:25:39.292+0000] {logging_mixin.py:188} INFO - [2024-02-22T14:25:39.291+0000] {dag.py:3823} INFO - Setting next_dagrun for dataset_produces_2 to None, run_after=None
[2024-02-22T14:25:39.340+0000] {processor.py:183} INFO - Processing /home/airflow/.local/lib/python3.8/site-packages/airflow/example_dags/example_datasets.py took 0.245 seconds
[2024-02-22T14:26:10.067+0000] {processor.py:161} INFO - Started process (PID=327) to work on /home/airflow/.local/lib/python3.8/site-packages/airflow/example_dags/example_datasets.py
[2024-02-22T14:26:10.069+0000] {processor.py:830} INFO - Processing file /home/airflow/.local/lib/python3.8/site-packages/airflow/example_dags/example_datasets.py for tasks to queue
[2024-02-22T14:26:10.074+0000] {logging_mixin.py:188} INFO - [2024-02-22T14:26:10.073+0000] {dagbag.py:538} INFO - Filling up the DagBag from /home/airflow/.local/lib/python3.8/site-packages/airflow/example_dags/example_datasets.py
[2024-02-22T14:26:10.095+0000] {processor.py:840} INFO - DAG(s) 'dataset_consumes_1_never_scheduled', 'dataset_consumes_1_and_2', 'dataset_consumes_1', 'dataset_produces_1', 'dataset_produces_2', 'dataset_consumes_unknown_never_scheduled' retrieved from /home/airflow/.local/lib/python3.8/site-packages/airflow/example_dags/example_datasets.py
[2024-02-22T14:26:10.176+0000] {logging_mixin.py:188} INFO - [2024-02-22T14:26:10.175+0000] {dag.py:3036} INFO - Sync 6 DAGs
[2024-02-22T14:26:10.220+0000] {logging_mixin.py:188} INFO - [2024-02-22T14:26:10.219+0000] {dag.py:3823} INFO - Setting next_dagrun for dataset_consumes_1 to None, run_after=None
[2024-02-22T14:26:10.228+0000] {logging_mixin.py:188} INFO - [2024-02-22T14:26:10.228+0000] {dag.py:3823} INFO - Setting next_dagrun for dataset_consumes_1_and_2 to None, run_after=None
[2024-02-22T14:26:10.231+0000] {logging_mixin.py:188} INFO - [2024-02-22T14:26:10.231+0000] {dag.py:3823} INFO - Setting next_dagrun for dataset_consumes_1_never_scheduled to None, run_after=None
[2024-02-22T14:26:10.234+0000] {logging_mixin.py:188} INFO - [2024-02-22T14:26:10.233+0000] {dag.py:3823} INFO - Setting next_dagrun for dataset_consumes_unknown_never_scheduled to None, run_after=None
[2024-02-22T14:26:10.240+0000] {logging_mixin.py:188} INFO - [2024-02-22T14:26:10.239+0000] {dag.py:3823} INFO - Setting next_dagrun for dataset_produces_1 to 2024-02-21 00:00:00+00:00, run_after=2024-02-22 00:00:00+00:00
[2024-02-22T14:26:10.243+0000] {logging_mixin.py:188} INFO - [2024-02-22T14:26:10.242+0000] {dag.py:3823} INFO - Setting next_dagrun for dataset_produces_2 to None, run_after=None
[2024-02-22T14:26:10.303+0000] {processor.py:183} INFO - Processing /home/airflow/.local/lib/python3.8/site-packages/airflow/example_dags/example_datasets.py took 0.243 seconds
