[2024-02-22T14:23:39.187+0000] {processor.py:161} INFO - Started process (PID=69) to work on /home/airflow/.local/lib/python3.8/site-packages/airflow/example_dags/example_complex.py
[2024-02-22T14:23:39.189+0000] {processor.py:830} INFO - Processing file /home/airflow/.local/lib/python3.8/site-packages/airflow/example_dags/example_complex.py for tasks to queue
[2024-02-22T14:23:39.193+0000] {logging_mixin.py:188} INFO - [2024-02-22T14:23:39.192+0000] {dagbag.py:538} INFO - Filling up the DagBag from /home/airflow/.local/lib/python3.8/site-packages/airflow/example_dags/example_complex.py
[2024-02-22T14:23:39.264+0000] {processor.py:840} INFO - DAG(s) 'example_complex' retrieved from /home/airflow/.local/lib/python3.8/site-packages/airflow/example_dags/example_complex.py
[2024-02-22T14:23:39.347+0000] {logging_mixin.py:188} INFO - [2024-02-22T14:23:39.346+0000] {dag.py:3036} INFO - Sync 1 DAGs
[2024-02-22T14:23:39.375+0000] {logging_mixin.py:188} INFO - [2024-02-22T14:23:39.375+0000] {dag.py:3823} INFO - Setting next_dagrun for example_complex to None, run_after=None
[2024-02-22T14:23:39.410+0000] {processor.py:183} INFO - Processing /home/airflow/.local/lib/python3.8/site-packages/airflow/example_dags/example_complex.py took 0.240 seconds
[2024-02-22T14:24:09.628+0000] {processor.py:161} INFO - Started process (PID=124) to work on /home/airflow/.local/lib/python3.8/site-packages/airflow/example_dags/example_complex.py
[2024-02-22T14:24:09.630+0000] {processor.py:830} INFO - Processing file /home/airflow/.local/lib/python3.8/site-packages/airflow/example_dags/example_complex.py for tasks to queue
[2024-02-22T14:24:09.635+0000] {logging_mixin.py:188} INFO - [2024-02-22T14:24:09.634+0000] {dagbag.py:538} INFO - Filling up the DagBag from /home/airflow/.local/lib/python3.8/site-packages/airflow/example_dags/example_complex.py
[2024-02-22T14:24:09.664+0000] {processor.py:840} INFO - DAG(s) 'example_complex' retrieved from /home/airflow/.local/lib/python3.8/site-packages/airflow/example_dags/example_complex.py
[2024-02-22T14:24:09.717+0000] {logging_mixin.py:188} INFO - [2024-02-22T14:24:09.717+0000] {dag.py:3036} INFO - Sync 1 DAGs
[2024-02-22T14:24:09.737+0000] {logging_mixin.py:188} INFO - [2024-02-22T14:24:09.736+0000] {dag.py:3823} INFO - Setting next_dagrun for example_complex to None, run_after=None
[2024-02-22T14:24:09.767+0000] {processor.py:183} INFO - Processing /home/airflow/.local/lib/python3.8/site-packages/airflow/example_dags/example_complex.py took 0.146 seconds
[2024-02-22T14:24:39.945+0000] {processor.py:161} INFO - Started process (PID=179) to work on /home/airflow/.local/lib/python3.8/site-packages/airflow/example_dags/example_complex.py
[2024-02-22T14:24:39.948+0000] {processor.py:830} INFO - Processing file /home/airflow/.local/lib/python3.8/site-packages/airflow/example_dags/example_complex.py for tasks to queue
[2024-02-22T14:24:39.953+0000] {logging_mixin.py:188} INFO - [2024-02-22T14:24:39.952+0000] {dagbag.py:538} INFO - Filling up the DagBag from /home/airflow/.local/lib/python3.8/site-packages/airflow/example_dags/example_complex.py
[2024-02-22T14:24:39.986+0000] {processor.py:840} INFO - DAG(s) 'example_complex' retrieved from /home/airflow/.local/lib/python3.8/site-packages/airflow/example_dags/example_complex.py
[2024-02-22T14:24:40.041+0000] {logging_mixin.py:188} INFO - [2024-02-22T14:24:40.041+0000] {dag.py:3036} INFO - Sync 1 DAGs
[2024-02-22T14:24:40.061+0000] {logging_mixin.py:188} INFO - [2024-02-22T14:24:40.061+0000] {dag.py:3823} INFO - Setting next_dagrun for example_complex to None, run_after=None
[2024-02-22T14:24:40.091+0000] {processor.py:183} INFO - Processing /home/airflow/.local/lib/python3.8/site-packages/airflow/example_dags/example_complex.py took 0.153 seconds
[2024-02-22T14:25:10.645+0000] {processor.py:161} INFO - Started process (PID=234) to work on /home/airflow/.local/lib/python3.8/site-packages/airflow/example_dags/example_complex.py
[2024-02-22T14:25:10.647+0000] {processor.py:830} INFO - Processing file /home/airflow/.local/lib/python3.8/site-packages/airflow/example_dags/example_complex.py for tasks to queue
[2024-02-22T14:25:10.650+0000] {logging_mixin.py:188} INFO - [2024-02-22T14:25:10.649+0000] {dagbag.py:538} INFO - Filling up the DagBag from /home/airflow/.local/lib/python3.8/site-packages/airflow/example_dags/example_complex.py
[2024-02-22T14:25:10.677+0000] {processor.py:840} INFO - DAG(s) 'example_complex' retrieved from /home/airflow/.local/lib/python3.8/site-packages/airflow/example_dags/example_complex.py
[2024-02-22T14:25:10.748+0000] {logging_mixin.py:188} INFO - [2024-02-22T14:25:10.748+0000] {dag.py:3036} INFO - Sync 1 DAGs
[2024-02-22T14:25:10.768+0000] {logging_mixin.py:188} INFO - [2024-02-22T14:25:10.767+0000] {dag.py:3823} INFO - Setting next_dagrun for example_complex to None, run_after=None
[2024-02-22T14:25:10.795+0000] {processor.py:183} INFO - Processing /home/airflow/.local/lib/python3.8/site-packages/airflow/example_dags/example_complex.py took 0.156 seconds
[2024-02-22T14:25:41.626+0000] {processor.py:161} INFO - Started process (PID=289) to work on /home/airflow/.local/lib/python3.8/site-packages/airflow/example_dags/example_complex.py
[2024-02-22T14:25:41.628+0000] {processor.py:830} INFO - Processing file /home/airflow/.local/lib/python3.8/site-packages/airflow/example_dags/example_complex.py for tasks to queue
[2024-02-22T14:25:41.632+0000] {logging_mixin.py:188} INFO - [2024-02-22T14:25:41.631+0000] {dagbag.py:538} INFO - Filling up the DagBag from /home/airflow/.local/lib/python3.8/site-packages/airflow/example_dags/example_complex.py
[2024-02-22T14:25:41.661+0000] {processor.py:840} INFO - DAG(s) 'example_complex' retrieved from /home/airflow/.local/lib/python3.8/site-packages/airflow/example_dags/example_complex.py
[2024-02-22T14:25:41.714+0000] {logging_mixin.py:188} INFO - [2024-02-22T14:25:41.714+0000] {dag.py:3036} INFO - Sync 1 DAGs
[2024-02-22T14:25:41.734+0000] {logging_mixin.py:188} INFO - [2024-02-22T14:25:41.734+0000] {dag.py:3823} INFO - Setting next_dagrun for example_complex to None, run_after=None
[2024-02-22T14:25:41.760+0000] {processor.py:183} INFO - Processing /home/airflow/.local/lib/python3.8/site-packages/airflow/example_dags/example_complex.py took 0.143 seconds
[2024-02-22T14:26:12.679+0000] {processor.py:161} INFO - Started process (PID=344) to work on /home/airflow/.local/lib/python3.8/site-packages/airflow/example_dags/example_complex.py
[2024-02-22T14:26:12.681+0000] {processor.py:830} INFO - Processing file /home/airflow/.local/lib/python3.8/site-packages/airflow/example_dags/example_complex.py for tasks to queue
[2024-02-22T14:26:12.685+0000] {logging_mixin.py:188} INFO - [2024-02-22T14:26:12.684+0000] {dagbag.py:538} INFO - Filling up the DagBag from /home/airflow/.local/lib/python3.8/site-packages/airflow/example_dags/example_complex.py
[2024-02-22T14:26:12.710+0000] {processor.py:840} INFO - DAG(s) 'example_complex' retrieved from /home/airflow/.local/lib/python3.8/site-packages/airflow/example_dags/example_complex.py
[2024-02-22T14:26:12.780+0000] {logging_mixin.py:188} INFO - [2024-02-22T14:26:12.779+0000] {dag.py:3036} INFO - Sync 1 DAGs
[2024-02-22T14:26:12.807+0000] {logging_mixin.py:188} INFO - [2024-02-22T14:26:12.806+0000] {dag.py:3823} INFO - Setting next_dagrun for example_complex to None, run_after=None
[2024-02-22T14:26:12.844+0000] {processor.py:183} INFO - Processing /home/airflow/.local/lib/python3.8/site-packages/airflow/example_dags/example_complex.py took 0.173 seconds
