[2024-02-22T14:23:39.961+0000] {processor.py:161} INFO - Started process (PID=73) to work on /home/airflow/.local/lib/python3.8/site-packages/airflow/example_dags/example_python_decorator.py
[2024-02-22T14:23:39.963+0000] {processor.py:830} INFO - Processing file /home/airflow/.local/lib/python3.8/site-packages/airflow/example_dags/example_python_decorator.py for tasks to queue
[2024-02-22T14:23:39.967+0000] {logging_mixin.py:188} INFO - [2024-02-22T14:23:39.966+0000] {dagbag.py:538} INFO - Filling up the DagBag from /home/airflow/.local/lib/python3.8/site-packages/airflow/example_dags/example_python_decorator.py
[2024-02-22T14:23:39.995+0000] {processor.py:840} INFO - DAG(s) 'example_python_decorator' retrieved from /home/airflow/.local/lib/python3.8/site-packages/airflow/example_dags/example_python_decorator.py
[2024-02-22T14:23:40.312+0000] {logging_mixin.py:188} INFO - [2024-02-22T14:23:40.311+0000] {dag.py:3036} INFO - Sync 1 DAGs
[2024-02-22T14:23:40.335+0000] {logging_mixin.py:188} INFO - [2024-02-22T14:23:40.335+0000] {dag.py:3823} INFO - Setting next_dagrun for example_python_decorator to None, run_after=None
[2024-02-22T14:23:40.406+0000] {processor.py:183} INFO - Processing /home/airflow/.local/lib/python3.8/site-packages/airflow/example_dags/example_python_decorator.py took 0.453 seconds
[2024-02-22T14:24:11.185+0000] {processor.py:161} INFO - Started process (PID=128) to work on /home/airflow/.local/lib/python3.8/site-packages/airflow/example_dags/example_python_decorator.py
[2024-02-22T14:24:11.188+0000] {processor.py:830} INFO - Processing file /home/airflow/.local/lib/python3.8/site-packages/airflow/example_dags/example_python_decorator.py for tasks to queue
[2024-02-22T14:24:11.193+0000] {logging_mixin.py:188} INFO - [2024-02-22T14:24:11.192+0000] {dagbag.py:538} INFO - Filling up the DagBag from /home/airflow/.local/lib/python3.8/site-packages/airflow/example_dags/example_python_decorator.py
[2024-02-22T14:24:11.225+0000] {processor.py:840} INFO - DAG(s) 'example_python_decorator' retrieved from /home/airflow/.local/lib/python3.8/site-packages/airflow/example_dags/example_python_decorator.py
[2024-02-22T14:24:11.277+0000] {logging_mixin.py:188} INFO - [2024-02-22T14:24:11.276+0000] {dag.py:3036} INFO - Sync 1 DAGs
[2024-02-22T14:24:11.305+0000] {logging_mixin.py:188} INFO - [2024-02-22T14:24:11.304+0000] {dag.py:3823} INFO - Setting next_dagrun for example_python_decorator to None, run_after=None
[2024-02-22T14:24:11.342+0000] {processor.py:183} INFO - Processing /home/airflow/.local/lib/python3.8/site-packages/airflow/example_dags/example_python_decorator.py took 0.165 seconds
[2024-02-22T14:24:41.380+0000] {processor.py:161} INFO - Started process (PID=183) to work on /home/airflow/.local/lib/python3.8/site-packages/airflow/example_dags/example_python_decorator.py
[2024-02-22T14:24:41.381+0000] {processor.py:830} INFO - Processing file /home/airflow/.local/lib/python3.8/site-packages/airflow/example_dags/example_python_decorator.py for tasks to queue
[2024-02-22T14:24:41.384+0000] {logging_mixin.py:188} INFO - [2024-02-22T14:24:41.384+0000] {dagbag.py:538} INFO - Filling up the DagBag from /home/airflow/.local/lib/python3.8/site-packages/airflow/example_dags/example_python_decorator.py
[2024-02-22T14:24:41.406+0000] {processor.py:840} INFO - DAG(s) 'example_python_decorator' retrieved from /home/airflow/.local/lib/python3.8/site-packages/airflow/example_dags/example_python_decorator.py
[2024-02-22T14:24:41.441+0000] {logging_mixin.py:188} INFO - [2024-02-22T14:24:41.441+0000] {dag.py:3036} INFO - Sync 1 DAGs
[2024-02-22T14:24:41.460+0000] {logging_mixin.py:188} INFO - [2024-02-22T14:24:41.459+0000] {dag.py:3823} INFO - Setting next_dagrun for example_python_decorator to None, run_after=None
[2024-02-22T14:24:41.485+0000] {processor.py:183} INFO - Processing /home/airflow/.local/lib/python3.8/site-packages/airflow/example_dags/example_python_decorator.py took 0.111 seconds
[2024-02-22T14:25:11.984+0000] {processor.py:161} INFO - Started process (PID=238) to work on /home/airflow/.local/lib/python3.8/site-packages/airflow/example_dags/example_python_decorator.py
[2024-02-22T14:25:11.987+0000] {processor.py:830} INFO - Processing file /home/airflow/.local/lib/python3.8/site-packages/airflow/example_dags/example_python_decorator.py for tasks to queue
[2024-02-22T14:25:11.990+0000] {logging_mixin.py:188} INFO - [2024-02-22T14:25:11.990+0000] {dagbag.py:538} INFO - Filling up the DagBag from /home/airflow/.local/lib/python3.8/site-packages/airflow/example_dags/example_python_decorator.py
[2024-02-22T14:25:12.012+0000] {processor.py:840} INFO - DAG(s) 'example_python_decorator' retrieved from /home/airflow/.local/lib/python3.8/site-packages/airflow/example_dags/example_python_decorator.py
[2024-02-22T14:25:12.051+0000] {logging_mixin.py:188} INFO - [2024-02-22T14:25:12.050+0000] {dag.py:3036} INFO - Sync 1 DAGs
[2024-02-22T14:25:12.070+0000] {logging_mixin.py:188} INFO - [2024-02-22T14:25:12.070+0000] {dag.py:3823} INFO - Setting next_dagrun for example_python_decorator to None, run_after=None
[2024-02-22T14:25:12.097+0000] {processor.py:183} INFO - Processing /home/airflow/.local/lib/python3.8/site-packages/airflow/example_dags/example_python_decorator.py took 0.119 seconds
[2024-02-22T14:25:42.956+0000] {processor.py:161} INFO - Started process (PID=293) to work on /home/airflow/.local/lib/python3.8/site-packages/airflow/example_dags/example_python_decorator.py
[2024-02-22T14:25:42.959+0000] {processor.py:830} INFO - Processing file /home/airflow/.local/lib/python3.8/site-packages/airflow/example_dags/example_python_decorator.py for tasks to queue
[2024-02-22T14:25:42.962+0000] {logging_mixin.py:188} INFO - [2024-02-22T14:25:42.962+0000] {dagbag.py:538} INFO - Filling up the DagBag from /home/airflow/.local/lib/python3.8/site-packages/airflow/example_dags/example_python_decorator.py
[2024-02-22T14:25:42.986+0000] {processor.py:840} INFO - DAG(s) 'example_python_decorator' retrieved from /home/airflow/.local/lib/python3.8/site-packages/airflow/example_dags/example_python_decorator.py
[2024-02-22T14:25:43.026+0000] {logging_mixin.py:188} INFO - [2024-02-22T14:25:43.024+0000] {dag.py:3036} INFO - Sync 1 DAGs
[2024-02-22T14:25:43.046+0000] {logging_mixin.py:188} INFO - [2024-02-22T14:25:43.045+0000] {dag.py:3823} INFO - Setting next_dagrun for example_python_decorator to None, run_after=None
[2024-02-22T14:25:43.079+0000] {processor.py:183} INFO - Processing /home/airflow/.local/lib/python3.8/site-packages/airflow/example_dags/example_python_decorator.py took 0.129 seconds
[2024-02-22T14:26:13.192+0000] {processor.py:161} INFO - Started process (PID=348) to work on /home/airflow/.local/lib/python3.8/site-packages/airflow/example_dags/example_python_decorator.py
[2024-02-22T14:26:13.194+0000] {processor.py:830} INFO - Processing file /home/airflow/.local/lib/python3.8/site-packages/airflow/example_dags/example_python_decorator.py for tasks to queue
[2024-02-22T14:26:13.198+0000] {logging_mixin.py:188} INFO - [2024-02-22T14:26:13.197+0000] {dagbag.py:538} INFO - Filling up the DagBag from /home/airflow/.local/lib/python3.8/site-packages/airflow/example_dags/example_python_decorator.py
[2024-02-22T14:26:13.221+0000] {processor.py:840} INFO - DAG(s) 'example_python_decorator' retrieved from /home/airflow/.local/lib/python3.8/site-packages/airflow/example_dags/example_python_decorator.py
[2024-02-22T14:26:13.267+0000] {logging_mixin.py:188} INFO - [2024-02-22T14:26:13.266+0000] {dag.py:3036} INFO - Sync 1 DAGs
[2024-02-22T14:26:13.295+0000] {logging_mixin.py:188} INFO - [2024-02-22T14:26:13.294+0000] {dag.py:3823} INFO - Setting next_dagrun for example_python_decorator to None, run_after=None
[2024-02-22T14:26:13.334+0000] {processor.py:183} INFO - Processing /home/airflow/.local/lib/python3.8/site-packages/airflow/example_dags/example_python_decorator.py took 0.151 seconds
[2024-02-22T14:26:43.678+0000] {processor.py:161} INFO - Started process (PID=404) to work on /home/airflow/.local/lib/python3.8/site-packages/airflow/example_dags/example_python_decorator.py
[2024-02-22T14:26:43.682+0000] {processor.py:830} INFO - Processing file /home/airflow/.local/lib/python3.8/site-packages/airflow/example_dags/example_python_decorator.py for tasks to queue
[2024-02-22T14:26:43.686+0000] {logging_mixin.py:188} INFO - [2024-02-22T14:26:43.685+0000] {dagbag.py:538} INFO - Filling up the DagBag from /home/airflow/.local/lib/python3.8/site-packages/airflow/example_dags/example_python_decorator.py
[2024-02-22T14:26:43.710+0000] {processor.py:840} INFO - DAG(s) 'example_python_decorator' retrieved from /home/airflow/.local/lib/python3.8/site-packages/airflow/example_dags/example_python_decorator.py
[2024-02-22T14:26:43.755+0000] {logging_mixin.py:188} INFO - [2024-02-22T14:26:43.754+0000] {dag.py:3036} INFO - Sync 1 DAGs
[2024-02-22T14:26:43.781+0000] {logging_mixin.py:188} INFO - [2024-02-22T14:26:43.780+0000] {dag.py:3823} INFO - Setting next_dagrun for example_python_decorator to None, run_after=None
[2024-02-22T14:26:43.829+0000] {processor.py:183} INFO - Processing /home/airflow/.local/lib/python3.8/site-packages/airflow/example_dags/example_python_decorator.py took 0.159 seconds
[2024-02-22T14:27:14.549+0000] {processor.py:161} INFO - Started process (PID=458) to work on /home/airflow/.local/lib/python3.8/site-packages/airflow/example_dags/example_python_decorator.py
[2024-02-22T14:27:14.551+0000] {processor.py:830} INFO - Processing file /home/airflow/.local/lib/python3.8/site-packages/airflow/example_dags/example_python_decorator.py for tasks to queue
[2024-02-22T14:27:14.555+0000] {logging_mixin.py:188} INFO - [2024-02-22T14:27:14.555+0000] {dagbag.py:538} INFO - Filling up the DagBag from /home/airflow/.local/lib/python3.8/site-packages/airflow/example_dags/example_python_decorator.py
[2024-02-22T14:27:14.586+0000] {processor.py:840} INFO - DAG(s) 'example_python_decorator' retrieved from /home/airflow/.local/lib/python3.8/site-packages/airflow/example_dags/example_python_decorator.py
[2024-02-22T14:27:14.640+0000] {logging_mixin.py:188} INFO - [2024-02-22T14:27:14.639+0000] {dag.py:3036} INFO - Sync 1 DAGs
[2024-02-22T14:27:14.668+0000] {logging_mixin.py:188} INFO - [2024-02-22T14:27:14.668+0000] {dag.py:3823} INFO - Setting next_dagrun for example_python_decorator to None, run_after=None
[2024-02-22T14:27:14.705+0000] {processor.py:183} INFO - Processing /home/airflow/.local/lib/python3.8/site-packages/airflow/example_dags/example_python_decorator.py took 0.163 seconds
[2024-02-22T14:27:45.172+0000] {processor.py:161} INFO - Started process (PID=513) to work on /home/airflow/.local/lib/python3.8/site-packages/airflow/example_dags/example_python_decorator.py
[2024-02-22T14:27:45.174+0000] {processor.py:830} INFO - Processing file /home/airflow/.local/lib/python3.8/site-packages/airflow/example_dags/example_python_decorator.py for tasks to queue
[2024-02-22T14:27:45.178+0000] {logging_mixin.py:188} INFO - [2024-02-22T14:27:45.177+0000] {dagbag.py:538} INFO - Filling up the DagBag from /home/airflow/.local/lib/python3.8/site-packages/airflow/example_dags/example_python_decorator.py
[2024-02-22T14:27:45.207+0000] {processor.py:840} INFO - DAG(s) 'example_python_decorator' retrieved from /home/airflow/.local/lib/python3.8/site-packages/airflow/example_dags/example_python_decorator.py
[2024-02-22T14:27:45.256+0000] {logging_mixin.py:188} INFO - [2024-02-22T14:27:45.254+0000] {dag.py:3036} INFO - Sync 1 DAGs
[2024-02-22T14:27:45.284+0000] {logging_mixin.py:188} INFO - [2024-02-22T14:27:45.283+0000] {dag.py:3823} INFO - Setting next_dagrun for example_python_decorator to None, run_after=None
[2024-02-22T14:27:45.326+0000] {processor.py:183} INFO - Processing /home/airflow/.local/lib/python3.8/site-packages/airflow/example_dags/example_python_decorator.py took 0.162 seconds
[2024-02-22T14:28:15.598+0000] {processor.py:161} INFO - Started process (PID=568) to work on /home/airflow/.local/lib/python3.8/site-packages/airflow/example_dags/example_python_decorator.py
[2024-02-22T14:28:15.600+0000] {processor.py:830} INFO - Processing file /home/airflow/.local/lib/python3.8/site-packages/airflow/example_dags/example_python_decorator.py for tasks to queue
[2024-02-22T14:28:15.605+0000] {logging_mixin.py:188} INFO - [2024-02-22T14:28:15.604+0000] {dagbag.py:538} INFO - Filling up the DagBag from /home/airflow/.local/lib/python3.8/site-packages/airflow/example_dags/example_python_decorator.py
[2024-02-22T14:28:15.639+0000] {processor.py:840} INFO - DAG(s) 'example_python_decorator' retrieved from /home/airflow/.local/lib/python3.8/site-packages/airflow/example_dags/example_python_decorator.py
[2024-02-22T14:28:15.690+0000] {logging_mixin.py:188} INFO - [2024-02-22T14:28:15.689+0000] {dag.py:3036} INFO - Sync 1 DAGs
[2024-02-22T14:28:15.715+0000] {logging_mixin.py:188} INFO - [2024-02-22T14:28:15.714+0000] {dag.py:3823} INFO - Setting next_dagrun for example_python_decorator to None, run_after=None
[2024-02-22T14:28:15.755+0000] {processor.py:183} INFO - Processing /home/airflow/.local/lib/python3.8/site-packages/airflow/example_dags/example_python_decorator.py took 0.166 seconds
[2024-02-22T14:28:45.937+0000] {processor.py:161} INFO - Started process (PID=622) to work on /home/airflow/.local/lib/python3.8/site-packages/airflow/example_dags/example_python_decorator.py
[2024-02-22T14:28:45.939+0000] {processor.py:830} INFO - Processing file /home/airflow/.local/lib/python3.8/site-packages/airflow/example_dags/example_python_decorator.py for tasks to queue
[2024-02-22T14:28:45.943+0000] {logging_mixin.py:188} INFO - [2024-02-22T14:28:45.942+0000] {dagbag.py:538} INFO - Filling up the DagBag from /home/airflow/.local/lib/python3.8/site-packages/airflow/example_dags/example_python_decorator.py
[2024-02-22T14:28:45.967+0000] {processor.py:840} INFO - DAG(s) 'example_python_decorator' retrieved from /home/airflow/.local/lib/python3.8/site-packages/airflow/example_dags/example_python_decorator.py
[2024-02-22T14:28:46.007+0000] {logging_mixin.py:188} INFO - [2024-02-22T14:28:46.006+0000] {dag.py:3036} INFO - Sync 1 DAGs
[2024-02-22T14:28:46.028+0000] {logging_mixin.py:188} INFO - [2024-02-22T14:28:46.027+0000] {dag.py:3823} INFO - Setting next_dagrun for example_python_decorator to None, run_after=None
[2024-02-22T14:28:46.057+0000] {processor.py:183} INFO - Processing /home/airflow/.local/lib/python3.8/site-packages/airflow/example_dags/example_python_decorator.py took 0.127 seconds
[2024-02-22T14:29:16.362+0000] {processor.py:161} INFO - Started process (PID=678) to work on /home/airflow/.local/lib/python3.8/site-packages/airflow/example_dags/example_python_decorator.py
[2024-02-22T14:29:16.365+0000] {processor.py:830} INFO - Processing file /home/airflow/.local/lib/python3.8/site-packages/airflow/example_dags/example_python_decorator.py for tasks to queue
[2024-02-22T14:29:16.369+0000] {logging_mixin.py:188} INFO - [2024-02-22T14:29:16.369+0000] {dagbag.py:538} INFO - Filling up the DagBag from /home/airflow/.local/lib/python3.8/site-packages/airflow/example_dags/example_python_decorator.py
[2024-02-22T14:29:16.402+0000] {processor.py:840} INFO - DAG(s) 'example_python_decorator' retrieved from /home/airflow/.local/lib/python3.8/site-packages/airflow/example_dags/example_python_decorator.py
[2024-02-22T14:29:16.443+0000] {logging_mixin.py:188} INFO - [2024-02-22T14:29:16.443+0000] {dag.py:3036} INFO - Sync 1 DAGs
[2024-02-22T14:29:16.466+0000] {logging_mixin.py:188} INFO - [2024-02-22T14:29:16.466+0000] {dag.py:3823} INFO - Setting next_dagrun for example_python_decorator to None, run_after=None
[2024-02-22T14:29:16.497+0000] {processor.py:183} INFO - Processing /home/airflow/.local/lib/python3.8/site-packages/airflow/example_dags/example_python_decorator.py took 0.142 seconds
[2024-02-22T14:29:46.712+0000] {processor.py:161} INFO - Started process (PID=734) to work on /home/airflow/.local/lib/python3.8/site-packages/airflow/example_dags/example_python_decorator.py
[2024-02-22T14:29:46.714+0000] {processor.py:830} INFO - Processing file /home/airflow/.local/lib/python3.8/site-packages/airflow/example_dags/example_python_decorator.py for tasks to queue
[2024-02-22T14:29:46.718+0000] {logging_mixin.py:188} INFO - [2024-02-22T14:29:46.717+0000] {dagbag.py:538} INFO - Filling up the DagBag from /home/airflow/.local/lib/python3.8/site-packages/airflow/example_dags/example_python_decorator.py
[2024-02-22T14:29:46.742+0000] {processor.py:840} INFO - DAG(s) 'example_python_decorator' retrieved from /home/airflow/.local/lib/python3.8/site-packages/airflow/example_dags/example_python_decorator.py
[2024-02-22T14:29:46.790+0000] {logging_mixin.py:188} INFO - [2024-02-22T14:29:46.788+0000] {dag.py:3036} INFO - Sync 1 DAGs
[2024-02-22T14:29:46.810+0000] {logging_mixin.py:188} INFO - [2024-02-22T14:29:46.809+0000] {dag.py:3823} INFO - Setting next_dagrun for example_python_decorator to None, run_after=None
[2024-02-22T14:29:46.838+0000] {processor.py:183} INFO - Processing /home/airflow/.local/lib/python3.8/site-packages/airflow/example_dags/example_python_decorator.py took 0.132 seconds
[2024-02-22T14:30:17.766+0000] {processor.py:161} INFO - Started process (PID=789) to work on /home/airflow/.local/lib/python3.8/site-packages/airflow/example_dags/example_python_decorator.py
[2024-02-22T14:30:17.769+0000] {processor.py:830} INFO - Processing file /home/airflow/.local/lib/python3.8/site-packages/airflow/example_dags/example_python_decorator.py for tasks to queue
[2024-02-22T14:30:17.773+0000] {logging_mixin.py:188} INFO - [2024-02-22T14:30:17.772+0000] {dagbag.py:538} INFO - Filling up the DagBag from /home/airflow/.local/lib/python3.8/site-packages/airflow/example_dags/example_python_decorator.py
[2024-02-22T14:30:17.797+0000] {processor.py:840} INFO - DAG(s) 'example_python_decorator' retrieved from /home/airflow/.local/lib/python3.8/site-packages/airflow/example_dags/example_python_decorator.py
[2024-02-22T14:30:17.836+0000] {logging_mixin.py:188} INFO - [2024-02-22T14:30:17.835+0000] {dag.py:3036} INFO - Sync 1 DAGs
[2024-02-22T14:30:17.856+0000] {logging_mixin.py:188} INFO - [2024-02-22T14:30:17.856+0000] {dag.py:3823} INFO - Setting next_dagrun for example_python_decorator to None, run_after=None
[2024-02-22T14:30:17.885+0000] {processor.py:183} INFO - Processing /home/airflow/.local/lib/python3.8/site-packages/airflow/example_dags/example_python_decorator.py took 0.126 seconds
[2024-02-22T14:30:48.696+0000] {processor.py:161} INFO - Started process (PID=844) to work on /home/airflow/.local/lib/python3.8/site-packages/airflow/example_dags/example_python_decorator.py
[2024-02-22T14:30:48.698+0000] {processor.py:830} INFO - Processing file /home/airflow/.local/lib/python3.8/site-packages/airflow/example_dags/example_python_decorator.py for tasks to queue
[2024-02-22T14:30:48.701+0000] {logging_mixin.py:188} INFO - [2024-02-22T14:30:48.701+0000] {dagbag.py:538} INFO - Filling up the DagBag from /home/airflow/.local/lib/python3.8/site-packages/airflow/example_dags/example_python_decorator.py
[2024-02-22T14:30:48.727+0000] {processor.py:840} INFO - DAG(s) 'example_python_decorator' retrieved from /home/airflow/.local/lib/python3.8/site-packages/airflow/example_dags/example_python_decorator.py
[2024-02-22T14:30:48.765+0000] {logging_mixin.py:188} INFO - [2024-02-22T14:30:48.765+0000] {dag.py:3036} INFO - Sync 1 DAGs
[2024-02-22T14:30:48.786+0000] {logging_mixin.py:188} INFO - [2024-02-22T14:30:48.785+0000] {dag.py:3823} INFO - Setting next_dagrun for example_python_decorator to None, run_after=None
[2024-02-22T14:30:48.817+0000] {processor.py:183} INFO - Processing /home/airflow/.local/lib/python3.8/site-packages/airflow/example_dags/example_python_decorator.py took 0.128 seconds
[2024-02-22T14:31:19.867+0000] {processor.py:161} INFO - Started process (PID=900) to work on /home/airflow/.local/lib/python3.8/site-packages/airflow/example_dags/example_python_decorator.py
[2024-02-22T14:31:19.870+0000] {processor.py:830} INFO - Processing file /home/airflow/.local/lib/python3.8/site-packages/airflow/example_dags/example_python_decorator.py for tasks to queue
[2024-02-22T14:31:19.874+0000] {logging_mixin.py:188} INFO - [2024-02-22T14:31:19.873+0000] {dagbag.py:538} INFO - Filling up the DagBag from /home/airflow/.local/lib/python3.8/site-packages/airflow/example_dags/example_python_decorator.py
[2024-02-22T14:31:19.900+0000] {processor.py:840} INFO - DAG(s) 'example_python_decorator' retrieved from /home/airflow/.local/lib/python3.8/site-packages/airflow/example_dags/example_python_decorator.py
[2024-02-22T14:31:19.942+0000] {logging_mixin.py:188} INFO - [2024-02-22T14:31:19.942+0000] {dag.py:3036} INFO - Sync 1 DAGs
[2024-02-22T14:31:19.964+0000] {logging_mixin.py:188} INFO - [2024-02-22T14:31:19.964+0000] {dag.py:3823} INFO - Setting next_dagrun for example_python_decorator to None, run_after=None
[2024-02-22T14:31:19.997+0000] {processor.py:183} INFO - Processing /home/airflow/.local/lib/python3.8/site-packages/airflow/example_dags/example_python_decorator.py took 0.136 seconds
[2024-02-22T14:31:50.845+0000] {processor.py:161} INFO - Started process (PID=955) to work on /home/airflow/.local/lib/python3.8/site-packages/airflow/example_dags/example_python_decorator.py
[2024-02-22T14:31:50.846+0000] {processor.py:830} INFO - Processing file /home/airflow/.local/lib/python3.8/site-packages/airflow/example_dags/example_python_decorator.py for tasks to queue
[2024-02-22T14:31:50.850+0000] {logging_mixin.py:188} INFO - [2024-02-22T14:31:50.849+0000] {dagbag.py:538} INFO - Filling up the DagBag from /home/airflow/.local/lib/python3.8/site-packages/airflow/example_dags/example_python_decorator.py
[2024-02-22T14:31:50.876+0000] {processor.py:840} INFO - DAG(s) 'example_python_decorator' retrieved from /home/airflow/.local/lib/python3.8/site-packages/airflow/example_dags/example_python_decorator.py
[2024-02-22T14:31:50.919+0000] {logging_mixin.py:188} INFO - [2024-02-22T14:31:50.918+0000] {dag.py:3036} INFO - Sync 1 DAGs
[2024-02-22T14:31:50.941+0000] {logging_mixin.py:188} INFO - [2024-02-22T14:31:50.940+0000] {dag.py:3823} INFO - Setting next_dagrun for example_python_decorator to None, run_after=None
[2024-02-22T14:31:50.996+0000] {processor.py:183} INFO - Processing /home/airflow/.local/lib/python3.8/site-packages/airflow/example_dags/example_python_decorator.py took 0.158 seconds
