[2024-02-22T14:23:36.176+0000] {processor.py:161} INFO - Started process (PID=53) to work on /home/airflow/.local/lib/python3.8/site-packages/airflow/example_dags/example_task_group.py
[2024-02-22T14:23:36.183+0000] {processor.py:830} INFO - Processing file /home/airflow/.local/lib/python3.8/site-packages/airflow/example_dags/example_task_group.py for tasks to queue
[2024-02-22T14:23:36.203+0000] {logging_mixin.py:188} INFO - [2024-02-22T14:23:36.200+0000] {dagbag.py:538} INFO - Filling up the DagBag from /home/airflow/.local/lib/python3.8/site-packages/airflow/example_dags/example_task_group.py
[2024-02-22T14:23:36.255+0000] {processor.py:840} INFO - DAG(s) 'example_task_group' retrieved from /home/airflow/.local/lib/python3.8/site-packages/airflow/example_dags/example_task_group.py
[2024-02-22T14:23:36.347+0000] {logging_mixin.py:188} INFO - [2024-02-22T14:23:36.346+0000] {dag.py:3036} INFO - Sync 1 DAGs
[2024-02-22T14:23:36.434+0000] {logging_mixin.py:188} INFO - [2024-02-22T14:23:36.433+0000] {dag.py:3823} INFO - Setting next_dagrun for example_task_group to 2024-02-21 00:00:00+00:00, run_after=2024-02-22 00:00:00+00:00
[2024-02-22T14:23:36.473+0000] {processor.py:183} INFO - Processing /home/airflow/.local/lib/python3.8/site-packages/airflow/example_dags/example_task_group.py took 0.313 seconds
[2024-02-22T14:24:07.212+0000] {processor.py:161} INFO - Started process (PID=108) to work on /home/airflow/.local/lib/python3.8/site-packages/airflow/example_dags/example_task_group.py
[2024-02-22T14:24:07.213+0000] {processor.py:830} INFO - Processing file /home/airflow/.local/lib/python3.8/site-packages/airflow/example_dags/example_task_group.py for tasks to queue
[2024-02-22T14:24:07.216+0000] {logging_mixin.py:188} INFO - [2024-02-22T14:24:07.216+0000] {dagbag.py:538} INFO - Filling up the DagBag from /home/airflow/.local/lib/python3.8/site-packages/airflow/example_dags/example_task_group.py
[2024-02-22T14:24:07.230+0000] {processor.py:840} INFO - DAG(s) 'example_task_group' retrieved from /home/airflow/.local/lib/python3.8/site-packages/airflow/example_dags/example_task_group.py
[2024-02-22T14:24:07.270+0000] {logging_mixin.py:188} INFO - [2024-02-22T14:24:07.269+0000] {dag.py:3036} INFO - Sync 1 DAGs
[2024-02-22T14:24:07.303+0000] {logging_mixin.py:188} INFO - [2024-02-22T14:24:07.303+0000] {dag.py:3823} INFO - Setting next_dagrun for example_task_group to 2024-02-21 00:00:00+00:00, run_after=2024-02-22 00:00:00+00:00
[2024-02-22T14:24:07.328+0000] {processor.py:183} INFO - Processing /home/airflow/.local/lib/python3.8/site-packages/airflow/example_dags/example_task_group.py took 0.123 seconds
[2024-02-22T14:24:37.480+0000] {processor.py:161} INFO - Started process (PID=163) to work on /home/airflow/.local/lib/python3.8/site-packages/airflow/example_dags/example_task_group.py
[2024-02-22T14:24:37.482+0000] {processor.py:830} INFO - Processing file /home/airflow/.local/lib/python3.8/site-packages/airflow/example_dags/example_task_group.py for tasks to queue
[2024-02-22T14:24:37.485+0000] {logging_mixin.py:188} INFO - [2024-02-22T14:24:37.485+0000] {dagbag.py:538} INFO - Filling up the DagBag from /home/airflow/.local/lib/python3.8/site-packages/airflow/example_dags/example_task_group.py
[2024-02-22T14:24:37.499+0000] {processor.py:840} INFO - DAG(s) 'example_task_group' retrieved from /home/airflow/.local/lib/python3.8/site-packages/airflow/example_dags/example_task_group.py
[2024-02-22T14:24:37.535+0000] {logging_mixin.py:188} INFO - [2024-02-22T14:24:37.534+0000] {dag.py:3036} INFO - Sync 1 DAGs
[2024-02-22T14:24:37.569+0000] {logging_mixin.py:188} INFO - [2024-02-22T14:24:37.569+0000] {dag.py:3823} INFO - Setting next_dagrun for example_task_group to 2024-02-21 00:00:00+00:00, run_after=2024-02-22 00:00:00+00:00
[2024-02-22T14:24:37.596+0000] {processor.py:183} INFO - Processing /home/airflow/.local/lib/python3.8/site-packages/airflow/example_dags/example_task_group.py took 0.124 seconds
[2024-02-22T14:25:08.241+0000] {processor.py:161} INFO - Started process (PID=218) to work on /home/airflow/.local/lib/python3.8/site-packages/airflow/example_dags/example_task_group.py
[2024-02-22T14:25:08.243+0000] {processor.py:830} INFO - Processing file /home/airflow/.local/lib/python3.8/site-packages/airflow/example_dags/example_task_group.py for tasks to queue
[2024-02-22T14:25:08.246+0000] {logging_mixin.py:188} INFO - [2024-02-22T14:25:08.246+0000] {dagbag.py:538} INFO - Filling up the DagBag from /home/airflow/.local/lib/python3.8/site-packages/airflow/example_dags/example_task_group.py
[2024-02-22T14:25:08.263+0000] {processor.py:840} INFO - DAG(s) 'example_task_group' retrieved from /home/airflow/.local/lib/python3.8/site-packages/airflow/example_dags/example_task_group.py
[2024-02-22T14:25:08.305+0000] {logging_mixin.py:188} INFO - [2024-02-22T14:25:08.305+0000] {dag.py:3036} INFO - Sync 1 DAGs
[2024-02-22T14:25:08.350+0000] {logging_mixin.py:188} INFO - [2024-02-22T14:25:08.349+0000] {dag.py:3823} INFO - Setting next_dagrun for example_task_group to 2024-02-21 00:00:00+00:00, run_after=2024-02-22 00:00:00+00:00
[2024-02-22T14:25:08.376+0000] {processor.py:183} INFO - Processing /home/airflow/.local/lib/python3.8/site-packages/airflow/example_dags/example_task_group.py took 0.141 seconds
[2024-02-22T14:25:39.118+0000] {processor.py:161} INFO - Started process (PID=273) to work on /home/airflow/.local/lib/python3.8/site-packages/airflow/example_dags/example_task_group.py
[2024-02-22T14:25:39.121+0000] {processor.py:830} INFO - Processing file /home/airflow/.local/lib/python3.8/site-packages/airflow/example_dags/example_task_group.py for tasks to queue
[2024-02-22T14:25:39.125+0000] {logging_mixin.py:188} INFO - [2024-02-22T14:25:39.124+0000] {dagbag.py:538} INFO - Filling up the DagBag from /home/airflow/.local/lib/python3.8/site-packages/airflow/example_dags/example_task_group.py
[2024-02-22T14:25:39.143+0000] {processor.py:840} INFO - DAG(s) 'example_task_group' retrieved from /home/airflow/.local/lib/python3.8/site-packages/airflow/example_dags/example_task_group.py
[2024-02-22T14:25:39.188+0000] {logging_mixin.py:188} INFO - [2024-02-22T14:25:39.187+0000] {dag.py:3036} INFO - Sync 1 DAGs
[2024-02-22T14:25:39.236+0000] {logging_mixin.py:188} INFO - [2024-02-22T14:25:39.236+0000] {dag.py:3823} INFO - Setting next_dagrun for example_task_group to 2024-02-21 00:00:00+00:00, run_after=2024-02-22 00:00:00+00:00
[2024-02-22T14:25:39.277+0000] {processor.py:183} INFO - Processing /home/airflow/.local/lib/python3.8/site-packages/airflow/example_dags/example_task_group.py took 0.165 seconds
[2024-02-22T14:26:10.084+0000] {processor.py:161} INFO - Started process (PID=328) to work on /home/airflow/.local/lib/python3.8/site-packages/airflow/example_dags/example_task_group.py
[2024-02-22T14:26:10.086+0000] {processor.py:830} INFO - Processing file /home/airflow/.local/lib/python3.8/site-packages/airflow/example_dags/example_task_group.py for tasks to queue
[2024-02-22T14:26:10.090+0000] {logging_mixin.py:188} INFO - [2024-02-22T14:26:10.089+0000] {dagbag.py:538} INFO - Filling up the DagBag from /home/airflow/.local/lib/python3.8/site-packages/airflow/example_dags/example_task_group.py
[2024-02-22T14:26:10.108+0000] {processor.py:840} INFO - DAG(s) 'example_task_group' retrieved from /home/airflow/.local/lib/python3.8/site-packages/airflow/example_dags/example_task_group.py
[2024-02-22T14:26:10.156+0000] {logging_mixin.py:188} INFO - [2024-02-22T14:26:10.155+0000] {dag.py:3036} INFO - Sync 1 DAGs
[2024-02-22T14:26:10.193+0000] {logging_mixin.py:188} INFO - [2024-02-22T14:26:10.193+0000] {dag.py:3823} INFO - Setting next_dagrun for example_task_group to 2024-02-21 00:00:00+00:00, run_after=2024-02-22 00:00:00+00:00
[2024-02-22T14:26:10.222+0000] {processor.py:183} INFO - Processing /home/airflow/.local/lib/python3.8/site-packages/airflow/example_dags/example_task_group.py took 0.146 seconds
