[2024-02-22T14:23:37.870+0000] {processor.py:161} INFO - Started process (PID=62) to work on /home/airflow/.local/lib/python3.8/site-packages/airflow/example_dags/example_external_task_marker_dag.py
[2024-02-22T14:23:37.872+0000] {processor.py:830} INFO - Processing file /home/airflow/.local/lib/python3.8/site-packages/airflow/example_dags/example_external_task_marker_dag.py for tasks to queue
[2024-02-22T14:23:37.888+0000] {logging_mixin.py:188} INFO - [2024-02-22T14:23:37.887+0000] {dagbag.py:538} INFO - Filling up the DagBag from /home/airflow/.local/lib/python3.8/site-packages/airflow/example_dags/example_external_task_marker_dag.py
[2024-02-22T14:23:37.930+0000] {processor.py:840} INFO - DAG(s) 'example_external_task_marker_child', 'example_external_task_marker_parent' retrieved from /home/airflow/.local/lib/python3.8/site-packages/airflow/example_dags/example_external_task_marker_dag.py
[2024-02-22T14:23:37.995+0000] {logging_mixin.py:188} INFO - [2024-02-22T14:23:37.994+0000] {dag.py:3036} INFO - Sync 2 DAGs
[2024-02-22T14:23:38.022+0000] {logging_mixin.py:188} INFO - [2024-02-22T14:23:38.021+0000] {dag.py:3823} INFO - Setting next_dagrun for example_external_task_marker_child to None, run_after=None
[2024-02-22T14:23:38.029+0000] {logging_mixin.py:188} INFO - [2024-02-22T14:23:38.028+0000] {dag.py:3823} INFO - Setting next_dagrun for example_external_task_marker_parent to None, run_after=None
[2024-02-22T14:23:38.075+0000] {processor.py:183} INFO - Processing /home/airflow/.local/lib/python3.8/site-packages/airflow/example_dags/example_external_task_marker_dag.py took 0.229 seconds
[2024-02-22T14:24:09.015+0000] {processor.py:161} INFO - Started process (PID=117) to work on /home/airflow/.local/lib/python3.8/site-packages/airflow/example_dags/example_external_task_marker_dag.py
[2024-02-22T14:24:09.018+0000] {processor.py:830} INFO - Processing file /home/airflow/.local/lib/python3.8/site-packages/airflow/example_dags/example_external_task_marker_dag.py for tasks to queue
[2024-02-22T14:24:09.022+0000] {logging_mixin.py:188} INFO - [2024-02-22T14:24:09.022+0000] {dagbag.py:538} INFO - Filling up the DagBag from /home/airflow/.local/lib/python3.8/site-packages/airflow/example_dags/example_external_task_marker_dag.py
[2024-02-22T14:24:09.033+0000] {processor.py:840} INFO - DAG(s) 'example_external_task_marker_parent', 'example_external_task_marker_child' retrieved from /home/airflow/.local/lib/python3.8/site-packages/airflow/example_dags/example_external_task_marker_dag.py
[2024-02-22T14:24:09.075+0000] {logging_mixin.py:188} INFO - [2024-02-22T14:24:09.074+0000] {dag.py:3036} INFO - Sync 2 DAGs
[2024-02-22T14:24:09.096+0000] {logging_mixin.py:188} INFO - [2024-02-22T14:24:09.096+0000] {dag.py:3823} INFO - Setting next_dagrun for example_external_task_marker_child to None, run_after=None
[2024-02-22T14:24:09.102+0000] {logging_mixin.py:188} INFO - [2024-02-22T14:24:09.102+0000] {dag.py:3823} INFO - Setting next_dagrun for example_external_task_marker_parent to None, run_after=None
[2024-02-22T14:24:09.128+0000] {processor.py:183} INFO - Processing /home/airflow/.local/lib/python3.8/site-packages/airflow/example_dags/example_external_task_marker_dag.py took 0.119 seconds
[2024-02-22T14:24:39.344+0000] {processor.py:161} INFO - Started process (PID=172) to work on /home/airflow/.local/lib/python3.8/site-packages/airflow/example_dags/example_external_task_marker_dag.py
[2024-02-22T14:24:39.347+0000] {processor.py:830} INFO - Processing file /home/airflow/.local/lib/python3.8/site-packages/airflow/example_dags/example_external_task_marker_dag.py for tasks to queue
[2024-02-22T14:24:39.350+0000] {logging_mixin.py:188} INFO - [2024-02-22T14:24:39.350+0000] {dagbag.py:538} INFO - Filling up the DagBag from /home/airflow/.local/lib/python3.8/site-packages/airflow/example_dags/example_external_task_marker_dag.py
[2024-02-22T14:24:39.361+0000] {processor.py:840} INFO - DAG(s) 'example_external_task_marker_child', 'example_external_task_marker_parent' retrieved from /home/airflow/.local/lib/python3.8/site-packages/airflow/example_dags/example_external_task_marker_dag.py
[2024-02-22T14:24:39.402+0000] {logging_mixin.py:188} INFO - [2024-02-22T14:24:39.400+0000] {dag.py:3036} INFO - Sync 2 DAGs
[2024-02-22T14:24:39.423+0000] {logging_mixin.py:188} INFO - [2024-02-22T14:24:39.422+0000] {dag.py:3823} INFO - Setting next_dagrun for example_external_task_marker_child to None, run_after=None
[2024-02-22T14:24:39.428+0000] {logging_mixin.py:188} INFO - [2024-02-22T14:24:39.428+0000] {dag.py:3823} INFO - Setting next_dagrun for example_external_task_marker_parent to None, run_after=None
[2024-02-22T14:24:39.453+0000] {processor.py:183} INFO - Processing /home/airflow/.local/lib/python3.8/site-packages/airflow/example_dags/example_external_task_marker_dag.py took 0.115 seconds
[2024-02-22T14:25:10.059+0000] {processor.py:161} INFO - Started process (PID=227) to work on /home/airflow/.local/lib/python3.8/site-packages/airflow/example_dags/example_external_task_marker_dag.py
[2024-02-22T14:25:10.061+0000] {processor.py:830} INFO - Processing file /home/airflow/.local/lib/python3.8/site-packages/airflow/example_dags/example_external_task_marker_dag.py for tasks to queue
[2024-02-22T14:25:10.064+0000] {logging_mixin.py:188} INFO - [2024-02-22T14:25:10.063+0000] {dagbag.py:538} INFO - Filling up the DagBag from /home/airflow/.local/lib/python3.8/site-packages/airflow/example_dags/example_external_task_marker_dag.py
[2024-02-22T14:25:10.074+0000] {processor.py:840} INFO - DAG(s) 'example_external_task_marker_parent', 'example_external_task_marker_child' retrieved from /home/airflow/.local/lib/python3.8/site-packages/airflow/example_dags/example_external_task_marker_dag.py
[2024-02-22T14:25:10.116+0000] {logging_mixin.py:188} INFO - [2024-02-22T14:25:10.115+0000] {dag.py:3036} INFO - Sync 2 DAGs
[2024-02-22T14:25:10.146+0000] {logging_mixin.py:188} INFO - [2024-02-22T14:25:10.145+0000] {dag.py:3823} INFO - Setting next_dagrun for example_external_task_marker_child to None, run_after=None
[2024-02-22T14:25:10.152+0000] {logging_mixin.py:188} INFO - [2024-02-22T14:25:10.152+0000] {dag.py:3823} INFO - Setting next_dagrun for example_external_task_marker_parent to None, run_after=None
[2024-02-22T14:25:10.178+0000] {processor.py:183} INFO - Processing /home/airflow/.local/lib/python3.8/site-packages/airflow/example_dags/example_external_task_marker_dag.py took 0.125 seconds
[2024-02-22T14:25:41.013+0000] {processor.py:161} INFO - Started process (PID=282) to work on /home/airflow/.local/lib/python3.8/site-packages/airflow/example_dags/example_external_task_marker_dag.py
[2024-02-22T14:25:41.016+0000] {processor.py:830} INFO - Processing file /home/airflow/.local/lib/python3.8/site-packages/airflow/example_dags/example_external_task_marker_dag.py for tasks to queue
[2024-02-22T14:25:41.019+0000] {logging_mixin.py:188} INFO - [2024-02-22T14:25:41.019+0000] {dagbag.py:538} INFO - Filling up the DagBag from /home/airflow/.local/lib/python3.8/site-packages/airflow/example_dags/example_external_task_marker_dag.py
[2024-02-22T14:25:41.030+0000] {processor.py:840} INFO - DAG(s) 'example_external_task_marker_parent', 'example_external_task_marker_child' retrieved from /home/airflow/.local/lib/python3.8/site-packages/airflow/example_dags/example_external_task_marker_dag.py
[2024-02-22T14:25:41.071+0000] {logging_mixin.py:188} INFO - [2024-02-22T14:25:41.070+0000] {dag.py:3036} INFO - Sync 2 DAGs
[2024-02-22T14:25:41.091+0000] {logging_mixin.py:188} INFO - [2024-02-22T14:25:41.091+0000] {dag.py:3823} INFO - Setting next_dagrun for example_external_task_marker_child to None, run_after=None
[2024-02-22T14:25:41.098+0000] {logging_mixin.py:188} INFO - [2024-02-22T14:25:41.097+0000] {dag.py:3823} INFO - Setting next_dagrun for example_external_task_marker_parent to None, run_after=None
[2024-02-22T14:25:41.127+0000] {processor.py:183} INFO - Processing /home/airflow/.local/lib/python3.8/site-packages/airflow/example_dags/example_external_task_marker_dag.py took 0.119 seconds
[2024-02-22T14:26:12.007+0000] {processor.py:161} INFO - Started process (PID=337) to work on /home/airflow/.local/lib/python3.8/site-packages/airflow/example_dags/example_external_task_marker_dag.py
[2024-02-22T14:26:12.009+0000] {processor.py:830} INFO - Processing file /home/airflow/.local/lib/python3.8/site-packages/airflow/example_dags/example_external_task_marker_dag.py for tasks to queue
[2024-02-22T14:26:12.014+0000] {logging_mixin.py:188} INFO - [2024-02-22T14:26:12.013+0000] {dagbag.py:538} INFO - Filling up the DagBag from /home/airflow/.local/lib/python3.8/site-packages/airflow/example_dags/example_external_task_marker_dag.py
[2024-02-22T14:26:12.024+0000] {processor.py:840} INFO - DAG(s) 'example_external_task_marker_child', 'example_external_task_marker_parent' retrieved from /home/airflow/.local/lib/python3.8/site-packages/airflow/example_dags/example_external_task_marker_dag.py
[2024-02-22T14:26:12.071+0000] {logging_mixin.py:188} INFO - [2024-02-22T14:26:12.070+0000] {dag.py:3036} INFO - Sync 2 DAGs
[2024-02-22T14:26:12.102+0000] {logging_mixin.py:188} INFO - [2024-02-22T14:26:12.101+0000] {dag.py:3823} INFO - Setting next_dagrun for example_external_task_marker_child to None, run_after=None
[2024-02-22T14:26:12.110+0000] {logging_mixin.py:188} INFO - [2024-02-22T14:26:12.110+0000] {dag.py:3823} INFO - Setting next_dagrun for example_external_task_marker_parent to None, run_after=None
[2024-02-22T14:26:12.147+0000] {processor.py:183} INFO - Processing /home/airflow/.local/lib/python3.8/site-packages/airflow/example_dags/example_external_task_marker_dag.py took 0.148 seconds
