[2024-02-22T14:23:34.502+0000] {processor.py:161} INFO - Started process (PID=46) to work on /home/airflow/.local/lib/python3.8/site-packages/airflow/example_dags/example_sensors.py
[2024-02-22T14:23:34.507+0000] {processor.py:830} INFO - Processing file /home/airflow/.local/lib/python3.8/site-packages/airflow/example_dags/example_sensors.py for tasks to queue
[2024-02-22T14:23:34.527+0000] {logging_mixin.py:188} INFO - [2024-02-22T14:23:34.526+0000] {dagbag.py:538} INFO - Filling up the DagBag from /home/airflow/.local/lib/python3.8/site-packages/airflow/example_dags/example_sensors.py
[2024-02-22T14:23:34.614+0000] {processor.py:840} INFO - DAG(s) 'example_sensors' retrieved from /home/airflow/.local/lib/python3.8/site-packages/airflow/example_dags/example_sensors.py
[2024-02-22T14:23:34.718+0000] {logging_mixin.py:188} INFO - [2024-02-22T14:23:34.718+0000] {dag.py:3036} INFO - Sync 1 DAGs
[2024-02-22T14:23:34.761+0000] {logging_mixin.py:188} INFO - [2024-02-22T14:23:34.761+0000] {dag.py:3823} INFO - Setting next_dagrun for example_sensors to None, run_after=None
[2024-02-22T14:23:34.834+0000] {processor.py:183} INFO - Processing /home/airflow/.local/lib/python3.8/site-packages/airflow/example_dags/example_sensors.py took 0.358 seconds
[2024-02-22T14:24:04.980+0000] {processor.py:161} INFO - Started process (PID=100) to work on /home/airflow/.local/lib/python3.8/site-packages/airflow/example_dags/example_sensors.py
[2024-02-22T14:24:04.981+0000] {processor.py:830} INFO - Processing file /home/airflow/.local/lib/python3.8/site-packages/airflow/example_dags/example_sensors.py for tasks to queue
[2024-02-22T14:24:04.985+0000] {logging_mixin.py:188} INFO - [2024-02-22T14:24:04.984+0000] {dagbag.py:538} INFO - Filling up the DagBag from /home/airflow/.local/lib/python3.8/site-packages/airflow/example_dags/example_sensors.py
[2024-02-22T14:24:05.002+0000] {processor.py:840} INFO - DAG(s) 'example_sensors' retrieved from /home/airflow/.local/lib/python3.8/site-packages/airflow/example_dags/example_sensors.py
[2024-02-22T14:24:05.058+0000] {logging_mixin.py:188} INFO - [2024-02-22T14:24:05.057+0000] {dag.py:3036} INFO - Sync 1 DAGs
[2024-02-22T14:24:05.077+0000] {logging_mixin.py:188} INFO - [2024-02-22T14:24:05.077+0000] {dag.py:3823} INFO - Setting next_dagrun for example_sensors to None, run_after=None
[2024-02-22T14:24:05.109+0000] {processor.py:183} INFO - Processing /home/airflow/.local/lib/python3.8/site-packages/airflow/example_dags/example_sensors.py took 0.136 seconds
[2024-02-22T14:24:35.568+0000] {processor.py:161} INFO - Started process (PID=155) to work on /home/airflow/.local/lib/python3.8/site-packages/airflow/example_dags/example_sensors.py
[2024-02-22T14:24:35.572+0000] {processor.py:830} INFO - Processing file /home/airflow/.local/lib/python3.8/site-packages/airflow/example_dags/example_sensors.py for tasks to queue
[2024-02-22T14:24:35.578+0000] {logging_mixin.py:188} INFO - [2024-02-22T14:24:35.577+0000] {dagbag.py:538} INFO - Filling up the DagBag from /home/airflow/.local/lib/python3.8/site-packages/airflow/example_dags/example_sensors.py
[2024-02-22T14:24:35.606+0000] {processor.py:840} INFO - DAG(s) 'example_sensors' retrieved from /home/airflow/.local/lib/python3.8/site-packages/airflow/example_dags/example_sensors.py
[2024-02-22T14:24:35.665+0000] {logging_mixin.py:188} INFO - [2024-02-22T14:24:35.665+0000] {dag.py:3036} INFO - Sync 1 DAGs
[2024-02-22T14:24:35.694+0000] {logging_mixin.py:188} INFO - [2024-02-22T14:24:35.692+0000] {dag.py:3823} INFO - Setting next_dagrun for example_sensors to None, run_after=None
[2024-02-22T14:24:35.731+0000] {processor.py:183} INFO - Processing /home/airflow/.local/lib/python3.8/site-packages/airflow/example_dags/example_sensors.py took 0.171 seconds
[2024-02-22T14:25:06.653+0000] {processor.py:161} INFO - Started process (PID=211) to work on /home/airflow/.local/lib/python3.8/site-packages/airflow/example_dags/example_sensors.py
[2024-02-22T14:25:06.654+0000] {processor.py:830} INFO - Processing file /home/airflow/.local/lib/python3.8/site-packages/airflow/example_dags/example_sensors.py for tasks to queue
[2024-02-22T14:25:06.658+0000] {logging_mixin.py:188} INFO - [2024-02-22T14:25:06.657+0000] {dagbag.py:538} INFO - Filling up the DagBag from /home/airflow/.local/lib/python3.8/site-packages/airflow/example_dags/example_sensors.py
[2024-02-22T14:25:06.674+0000] {processor.py:840} INFO - DAG(s) 'example_sensors' retrieved from /home/airflow/.local/lib/python3.8/site-packages/airflow/example_dags/example_sensors.py
[2024-02-22T14:25:06.718+0000] {logging_mixin.py:188} INFO - [2024-02-22T14:25:06.717+0000] {dag.py:3036} INFO - Sync 1 DAGs
[2024-02-22T14:25:06.738+0000] {logging_mixin.py:188} INFO - [2024-02-22T14:25:06.738+0000] {dag.py:3823} INFO - Setting next_dagrun for example_sensors to None, run_after=None
[2024-02-22T14:25:06.766+0000] {processor.py:183} INFO - Processing /home/airflow/.local/lib/python3.8/site-packages/airflow/example_dags/example_sensors.py took 0.118 seconds
[2024-02-22T14:25:37.294+0000] {processor.py:161} INFO - Started process (PID=266) to work on /home/airflow/.local/lib/python3.8/site-packages/airflow/example_dags/example_sensors.py
[2024-02-22T14:25:37.296+0000] {processor.py:830} INFO - Processing file /home/airflow/.local/lib/python3.8/site-packages/airflow/example_dags/example_sensors.py for tasks to queue
[2024-02-22T14:25:37.300+0000] {logging_mixin.py:188} INFO - [2024-02-22T14:25:37.299+0000] {dagbag.py:538} INFO - Filling up the DagBag from /home/airflow/.local/lib/python3.8/site-packages/airflow/example_dags/example_sensors.py
[2024-02-22T14:25:37.316+0000] {processor.py:840} INFO - DAG(s) 'example_sensors' retrieved from /home/airflow/.local/lib/python3.8/site-packages/airflow/example_dags/example_sensors.py
[2024-02-22T14:25:37.360+0000] {logging_mixin.py:188} INFO - [2024-02-22T14:25:37.360+0000] {dag.py:3036} INFO - Sync 1 DAGs
[2024-02-22T14:25:37.382+0000] {logging_mixin.py:188} INFO - [2024-02-22T14:25:37.381+0000] {dag.py:3823} INFO - Setting next_dagrun for example_sensors to None, run_after=None
[2024-02-22T14:25:37.410+0000] {processor.py:183} INFO - Processing /home/airflow/.local/lib/python3.8/site-packages/airflow/example_dags/example_sensors.py took 0.123 seconds
[2024-02-22T14:26:08.309+0000] {processor.py:161} INFO - Started process (PID=321) to work on /home/airflow/.local/lib/python3.8/site-packages/airflow/example_dags/example_sensors.py
[2024-02-22T14:26:08.312+0000] {processor.py:830} INFO - Processing file /home/airflow/.local/lib/python3.8/site-packages/airflow/example_dags/example_sensors.py for tasks to queue
[2024-02-22T14:26:08.316+0000] {logging_mixin.py:188} INFO - [2024-02-22T14:26:08.315+0000] {dagbag.py:538} INFO - Filling up the DagBag from /home/airflow/.local/lib/python3.8/site-packages/airflow/example_dags/example_sensors.py
[2024-02-22T14:26:08.342+0000] {processor.py:840} INFO - DAG(s) 'example_sensors' retrieved from /home/airflow/.local/lib/python3.8/site-packages/airflow/example_dags/example_sensors.py
[2024-02-22T14:26:08.399+0000] {logging_mixin.py:188} INFO - [2024-02-22T14:26:08.398+0000] {dag.py:3036} INFO - Sync 1 DAGs
[2024-02-22T14:26:08.426+0000] {logging_mixin.py:188} INFO - [2024-02-22T14:26:08.425+0000] {dag.py:3823} INFO - Setting next_dagrun for example_sensors to None, run_after=None
[2024-02-22T14:26:08.460+0000] {processor.py:183} INFO - Processing /home/airflow/.local/lib/python3.8/site-packages/airflow/example_dags/example_sensors.py took 0.159 seconds
