[2024-02-22T14:23:37.342+0000] {processor.py:161} INFO - Started process (PID=59) to work on /home/airflow/.local/lib/python3.8/site-packages/airflow/example_dags/example_latest_only.py
[2024-02-22T14:23:37.343+0000] {processor.py:830} INFO - Processing file /home/airflow/.local/lib/python3.8/site-packages/airflow/example_dags/example_latest_only.py for tasks to queue
[2024-02-22T14:23:37.348+0000] {logging_mixin.py:188} INFO - [2024-02-22T14:23:37.347+0000] {dagbag.py:538} INFO - Filling up the DagBag from /home/airflow/.local/lib/python3.8/site-packages/airflow/example_dags/example_latest_only.py
[2024-02-22T14:23:37.361+0000] {processor.py:840} INFO - DAG(s) 'latest_only' retrieved from /home/airflow/.local/lib/python3.8/site-packages/airflow/example_dags/example_latest_only.py
[2024-02-22T14:23:37.405+0000] {logging_mixin.py:188} INFO - [2024-02-22T14:23:37.404+0000] {dag.py:3036} INFO - Sync 1 DAGs
[2024-02-22T14:23:37.449+0000] {logging_mixin.py:188} INFO - [2024-02-22T14:23:37.448+0000] {dag.py:3823} INFO - Setting next_dagrun for latest_only to 2024-02-22 08:00:00+00:00, run_after=2024-02-22 12:00:00+00:00
[2024-02-22T14:23:37.500+0000] {processor.py:183} INFO - Processing /home/airflow/.local/lib/python3.8/site-packages/airflow/example_dags/example_latest_only.py took 0.165 seconds
[2024-02-22T14:24:07.759+0000] {processor.py:161} INFO - Started process (PID=114) to work on /home/airflow/.local/lib/python3.8/site-packages/airflow/example_dags/example_latest_only.py
[2024-02-22T14:24:07.760+0000] {processor.py:830} INFO - Processing file /home/airflow/.local/lib/python3.8/site-packages/airflow/example_dags/example_latest_only.py for tasks to queue
[2024-02-22T14:24:07.763+0000] {logging_mixin.py:188} INFO - [2024-02-22T14:24:07.763+0000] {dagbag.py:538} INFO - Filling up the DagBag from /home/airflow/.local/lib/python3.8/site-packages/airflow/example_dags/example_latest_only.py
[2024-02-22T14:24:07.772+0000] {processor.py:840} INFO - DAG(s) 'latest_only' retrieved from /home/airflow/.local/lib/python3.8/site-packages/airflow/example_dags/example_latest_only.py
[2024-02-22T14:24:07.808+0000] {logging_mixin.py:188} INFO - [2024-02-22T14:24:07.807+0000] {dag.py:3036} INFO - Sync 1 DAGs
[2024-02-22T14:24:07.852+0000] {logging_mixin.py:188} INFO - [2024-02-22T14:24:07.851+0000] {dag.py:3823} INFO - Setting next_dagrun for latest_only to 2024-02-22 08:00:00+00:00, run_after=2024-02-22 12:00:00+00:00
[2024-02-22T14:24:07.882+0000] {processor.py:183} INFO - Processing /home/airflow/.local/lib/python3.8/site-packages/airflow/example_dags/example_latest_only.py took 0.130 seconds
[2024-02-22T14:24:38.054+0000] {processor.py:161} INFO - Started process (PID=169) to work on /home/airflow/.local/lib/python3.8/site-packages/airflow/example_dags/example_latest_only.py
[2024-02-22T14:24:38.056+0000] {processor.py:830} INFO - Processing file /home/airflow/.local/lib/python3.8/site-packages/airflow/example_dags/example_latest_only.py for tasks to queue
[2024-02-22T14:24:38.060+0000] {logging_mixin.py:188} INFO - [2024-02-22T14:24:38.059+0000] {dagbag.py:538} INFO - Filling up the DagBag from /home/airflow/.local/lib/python3.8/site-packages/airflow/example_dags/example_latest_only.py
[2024-02-22T14:24:38.068+0000] {processor.py:840} INFO - DAG(s) 'latest_only' retrieved from /home/airflow/.local/lib/python3.8/site-packages/airflow/example_dags/example_latest_only.py
[2024-02-22T14:24:38.102+0000] {logging_mixin.py:188} INFO - [2024-02-22T14:24:38.101+0000] {dag.py:3036} INFO - Sync 1 DAGs
[2024-02-22T14:24:38.143+0000] {logging_mixin.py:188} INFO - [2024-02-22T14:24:38.143+0000] {dag.py:3823} INFO - Setting next_dagrun for latest_only to 2024-02-22 08:00:00+00:00, run_after=2024-02-22 12:00:00+00:00
[2024-02-22T14:24:38.170+0000] {processor.py:183} INFO - Processing /home/airflow/.local/lib/python3.8/site-packages/airflow/example_dags/example_latest_only.py took 0.124 seconds
[2024-02-22T14:25:08.765+0000] {processor.py:161} INFO - Started process (PID=224) to work on /home/airflow/.local/lib/python3.8/site-packages/airflow/example_dags/example_latest_only.py
[2024-02-22T14:25:08.766+0000] {processor.py:830} INFO - Processing file /home/airflow/.local/lib/python3.8/site-packages/airflow/example_dags/example_latest_only.py for tasks to queue
[2024-02-22T14:25:08.770+0000] {logging_mixin.py:188} INFO - [2024-02-22T14:25:08.770+0000] {dagbag.py:538} INFO - Filling up the DagBag from /home/airflow/.local/lib/python3.8/site-packages/airflow/example_dags/example_latest_only.py
[2024-02-22T14:25:08.779+0000] {processor.py:840} INFO - DAG(s) 'latest_only' retrieved from /home/airflow/.local/lib/python3.8/site-packages/airflow/example_dags/example_latest_only.py
[2024-02-22T14:25:08.813+0000] {logging_mixin.py:188} INFO - [2024-02-22T14:25:08.813+0000] {dag.py:3036} INFO - Sync 1 DAGs
[2024-02-22T14:25:08.849+0000] {logging_mixin.py:188} INFO - [2024-02-22T14:25:08.848+0000] {dag.py:3823} INFO - Setting next_dagrun for latest_only to 2024-02-22 08:00:00+00:00, run_after=2024-02-22 12:00:00+00:00
[2024-02-22T14:25:08.880+0000] {processor.py:183} INFO - Processing /home/airflow/.local/lib/python3.8/site-packages/airflow/example_dags/example_latest_only.py took 0.121 seconds
[2024-02-22T14:25:39.717+0000] {processor.py:161} INFO - Started process (PID=279) to work on /home/airflow/.local/lib/python3.8/site-packages/airflow/example_dags/example_latest_only.py
[2024-02-22T14:25:39.719+0000] {processor.py:830} INFO - Processing file /home/airflow/.local/lib/python3.8/site-packages/airflow/example_dags/example_latest_only.py for tasks to queue
[2024-02-22T14:25:39.723+0000] {logging_mixin.py:188} INFO - [2024-02-22T14:25:39.722+0000] {dagbag.py:538} INFO - Filling up the DagBag from /home/airflow/.local/lib/python3.8/site-packages/airflow/example_dags/example_latest_only.py
[2024-02-22T14:25:39.733+0000] {processor.py:840} INFO - DAG(s) 'latest_only' retrieved from /home/airflow/.local/lib/python3.8/site-packages/airflow/example_dags/example_latest_only.py
[2024-02-22T14:25:39.775+0000] {logging_mixin.py:188} INFO - [2024-02-22T14:25:39.774+0000] {dag.py:3036} INFO - Sync 1 DAGs
[2024-02-22T14:25:39.810+0000] {logging_mixin.py:188} INFO - [2024-02-22T14:25:39.810+0000] {dag.py:3823} INFO - Setting next_dagrun for latest_only to 2024-02-22 08:00:00+00:00, run_after=2024-02-22 12:00:00+00:00
[2024-02-22T14:25:39.838+0000] {processor.py:183} INFO - Processing /home/airflow/.local/lib/python3.8/site-packages/airflow/example_dags/example_latest_only.py took 0.127 seconds
[2024-02-22T14:26:10.722+0000] {processor.py:161} INFO - Started process (PID=334) to work on /home/airflow/.local/lib/python3.8/site-packages/airflow/example_dags/example_latest_only.py
[2024-02-22T14:26:10.724+0000] {processor.py:830} INFO - Processing file /home/airflow/.local/lib/python3.8/site-packages/airflow/example_dags/example_latest_only.py for tasks to queue
[2024-02-22T14:26:10.728+0000] {logging_mixin.py:188} INFO - [2024-02-22T14:26:10.728+0000] {dagbag.py:538} INFO - Filling up the DagBag from /home/airflow/.local/lib/python3.8/site-packages/airflow/example_dags/example_latest_only.py
[2024-02-22T14:26:10.736+0000] {processor.py:840} INFO - DAG(s) 'latest_only' retrieved from /home/airflow/.local/lib/python3.8/site-packages/airflow/example_dags/example_latest_only.py
[2024-02-22T14:26:10.776+0000] {logging_mixin.py:188} INFO - [2024-02-22T14:26:10.775+0000] {dag.py:3036} INFO - Sync 1 DAGs
[2024-02-22T14:26:10.830+0000] {logging_mixin.py:188} INFO - [2024-02-22T14:26:10.829+0000] {dag.py:3823} INFO - Setting next_dagrun for latest_only to 2024-02-22 08:00:00+00:00, run_after=2024-02-22 12:00:00+00:00
[2024-02-22T14:26:10.858+0000] {processor.py:183} INFO - Processing /home/airflow/.local/lib/python3.8/site-packages/airflow/example_dags/example_latest_only.py took 0.141 seconds
[2024-02-22T14:26:41.178+0000] {processor.py:161} INFO - Started process (PID=390) to work on /home/airflow/.local/lib/python3.8/site-packages/airflow/example_dags/example_latest_only.py
[2024-02-22T14:26:41.180+0000] {processor.py:830} INFO - Processing file /home/airflow/.local/lib/python3.8/site-packages/airflow/example_dags/example_latest_only.py for tasks to queue
[2024-02-22T14:26:41.185+0000] {logging_mixin.py:188} INFO - [2024-02-22T14:26:41.184+0000] {dagbag.py:538} INFO - Filling up the DagBag from /home/airflow/.local/lib/python3.8/site-packages/airflow/example_dags/example_latest_only.py
[2024-02-22T14:26:41.196+0000] {processor.py:840} INFO - DAG(s) 'latest_only' retrieved from /home/airflow/.local/lib/python3.8/site-packages/airflow/example_dags/example_latest_only.py
[2024-02-22T14:26:41.240+0000] {logging_mixin.py:188} INFO - [2024-02-22T14:26:41.239+0000] {dag.py:3036} INFO - Sync 1 DAGs
[2024-02-22T14:26:41.295+0000] {logging_mixin.py:188} INFO - [2024-02-22T14:26:41.294+0000] {dag.py:3823} INFO - Setting next_dagrun for latest_only to 2024-02-22 08:00:00+00:00, run_after=2024-02-22 12:00:00+00:00
[2024-02-22T14:26:41.329+0000] {processor.py:183} INFO - Processing /home/airflow/.local/lib/python3.8/site-packages/airflow/example_dags/example_latest_only.py took 0.159 seconds
[2024-02-22T14:27:12.160+0000] {processor.py:161} INFO - Started process (PID=444) to work on /home/airflow/.local/lib/python3.8/site-packages/airflow/example_dags/example_latest_only.py
[2024-02-22T14:27:12.162+0000] {processor.py:830} INFO - Processing file /home/airflow/.local/lib/python3.8/site-packages/airflow/example_dags/example_latest_only.py for tasks to queue
[2024-02-22T14:27:12.168+0000] {logging_mixin.py:188} INFO - [2024-02-22T14:27:12.167+0000] {dagbag.py:538} INFO - Filling up the DagBag from /home/airflow/.local/lib/python3.8/site-packages/airflow/example_dags/example_latest_only.py
[2024-02-22T14:27:12.179+0000] {processor.py:840} INFO - DAG(s) 'latest_only' retrieved from /home/airflow/.local/lib/python3.8/site-packages/airflow/example_dags/example_latest_only.py
[2024-02-22T14:27:12.220+0000] {logging_mixin.py:188} INFO - [2024-02-22T14:27:12.219+0000] {dag.py:3036} INFO - Sync 1 DAGs
[2024-02-22T14:27:12.279+0000] {logging_mixin.py:188} INFO - [2024-02-22T14:27:12.278+0000] {dag.py:3823} INFO - Setting next_dagrun for latest_only to 2024-02-22 08:00:00+00:00, run_after=2024-02-22 12:00:00+00:00
[2024-02-22T14:27:12.316+0000] {processor.py:183} INFO - Processing /home/airflow/.local/lib/python3.8/site-packages/airflow/example_dags/example_latest_only.py took 0.165 seconds
[2024-02-22T14:27:42.536+0000] {processor.py:161} INFO - Started process (PID=499) to work on /home/airflow/.local/lib/python3.8/site-packages/airflow/example_dags/example_latest_only.py
[2024-02-22T14:27:42.538+0000] {processor.py:830} INFO - Processing file /home/airflow/.local/lib/python3.8/site-packages/airflow/example_dags/example_latest_only.py for tasks to queue
[2024-02-22T14:27:42.542+0000] {logging_mixin.py:188} INFO - [2024-02-22T14:27:42.541+0000] {dagbag.py:538} INFO - Filling up the DagBag from /home/airflow/.local/lib/python3.8/site-packages/airflow/example_dags/example_latest_only.py
[2024-02-22T14:27:42.551+0000] {processor.py:840} INFO - DAG(s) 'latest_only' retrieved from /home/airflow/.local/lib/python3.8/site-packages/airflow/example_dags/example_latest_only.py
[2024-02-22T14:27:42.590+0000] {logging_mixin.py:188} INFO - [2024-02-22T14:27:42.589+0000] {dag.py:3036} INFO - Sync 1 DAGs
[2024-02-22T14:27:42.626+0000] {logging_mixin.py:188} INFO - [2024-02-22T14:27:42.625+0000] {dag.py:3823} INFO - Setting next_dagrun for latest_only to 2024-02-22 08:00:00+00:00, run_after=2024-02-22 12:00:00+00:00
[2024-02-22T14:27:42.659+0000] {processor.py:183} INFO - Processing /home/airflow/.local/lib/python3.8/site-packages/airflow/example_dags/example_latest_only.py took 0.129 seconds
[2024-02-22T14:28:13.024+0000] {processor.py:161} INFO - Started process (PID=554) to work on /home/airflow/.local/lib/python3.8/site-packages/airflow/example_dags/example_latest_only.py
[2024-02-22T14:28:13.028+0000] {processor.py:830} INFO - Processing file /home/airflow/.local/lib/python3.8/site-packages/airflow/example_dags/example_latest_only.py for tasks to queue
[2024-02-22T14:28:13.033+0000] {logging_mixin.py:188} INFO - [2024-02-22T14:28:13.032+0000] {dagbag.py:538} INFO - Filling up the DagBag from /home/airflow/.local/lib/python3.8/site-packages/airflow/example_dags/example_latest_only.py
[2024-02-22T14:28:13.046+0000] {processor.py:840} INFO - DAG(s) 'latest_only' retrieved from /home/airflow/.local/lib/python3.8/site-packages/airflow/example_dags/example_latest_only.py
[2024-02-22T14:28:13.096+0000] {logging_mixin.py:188} INFO - [2024-02-22T14:28:13.095+0000] {dag.py:3036} INFO - Sync 1 DAGs
[2024-02-22T14:28:13.144+0000] {logging_mixin.py:188} INFO - [2024-02-22T14:28:13.144+0000] {dag.py:3823} INFO - Setting next_dagrun for latest_only to 2024-02-22 08:00:00+00:00, run_after=2024-02-22 12:00:00+00:00
[2024-02-22T14:28:13.184+0000] {processor.py:183} INFO - Processing /home/airflow/.local/lib/python3.8/site-packages/airflow/example_dags/example_latest_only.py took 0.168 seconds
[2024-02-22T14:28:43.282+0000] {processor.py:161} INFO - Started process (PID=608) to work on /home/airflow/.local/lib/python3.8/site-packages/airflow/example_dags/example_latest_only.py
[2024-02-22T14:28:43.284+0000] {processor.py:830} INFO - Processing file /home/airflow/.local/lib/python3.8/site-packages/airflow/example_dags/example_latest_only.py for tasks to queue
[2024-02-22T14:28:43.287+0000] {logging_mixin.py:188} INFO - [2024-02-22T14:28:43.287+0000] {dagbag.py:538} INFO - Filling up the DagBag from /home/airflow/.local/lib/python3.8/site-packages/airflow/example_dags/example_latest_only.py
[2024-02-22T14:28:43.297+0000] {processor.py:840} INFO - DAG(s) 'latest_only' retrieved from /home/airflow/.local/lib/python3.8/site-packages/airflow/example_dags/example_latest_only.py
[2024-02-22T14:28:43.333+0000] {logging_mixin.py:188} INFO - [2024-02-22T14:28:43.333+0000] {dag.py:3036} INFO - Sync 1 DAGs
[2024-02-22T14:28:43.370+0000] {logging_mixin.py:188} INFO - [2024-02-22T14:28:43.370+0000] {dag.py:3823} INFO - Setting next_dagrun for latest_only to 2024-02-22 08:00:00+00:00, run_after=2024-02-22 12:00:00+00:00
[2024-02-22T14:28:43.402+0000] {processor.py:183} INFO - Processing /home/airflow/.local/lib/python3.8/site-packages/airflow/example_dags/example_latest_only.py took 0.126 seconds
[2024-02-22T14:29:14.016+0000] {processor.py:161} INFO - Started process (PID=664) to work on /home/airflow/.local/lib/python3.8/site-packages/airflow/example_dags/example_latest_only.py
[2024-02-22T14:29:14.019+0000] {processor.py:830} INFO - Processing file /home/airflow/.local/lib/python3.8/site-packages/airflow/example_dags/example_latest_only.py for tasks to queue
[2024-02-22T14:29:14.023+0000] {logging_mixin.py:188} INFO - [2024-02-22T14:29:14.023+0000] {dagbag.py:538} INFO - Filling up the DagBag from /home/airflow/.local/lib/python3.8/site-packages/airflow/example_dags/example_latest_only.py
[2024-02-22T14:29:14.033+0000] {processor.py:840} INFO - DAG(s) 'latest_only' retrieved from /home/airflow/.local/lib/python3.8/site-packages/airflow/example_dags/example_latest_only.py
[2024-02-22T14:29:14.068+0000] {logging_mixin.py:188} INFO - [2024-02-22T14:29:14.068+0000] {dag.py:3036} INFO - Sync 1 DAGs
[2024-02-22T14:29:14.112+0000] {logging_mixin.py:188} INFO - [2024-02-22T14:29:14.112+0000] {dag.py:3823} INFO - Setting next_dagrun for latest_only to 2024-02-22 08:00:00+00:00, run_after=2024-02-22 12:00:00+00:00
[2024-02-22T14:29:14.145+0000] {processor.py:183} INFO - Processing /home/airflow/.local/lib/python3.8/site-packages/airflow/example_dags/example_latest_only.py took 0.136 seconds
[2024-02-22T14:29:45.360+0000] {processor.py:161} INFO - Started process (PID=720) to work on /home/airflow/.local/lib/python3.8/site-packages/airflow/example_dags/example_latest_only.py
[2024-02-22T14:29:45.362+0000] {processor.py:830} INFO - Processing file /home/airflow/.local/lib/python3.8/site-packages/airflow/example_dags/example_latest_only.py for tasks to queue
[2024-02-22T14:29:45.366+0000] {logging_mixin.py:188} INFO - [2024-02-22T14:29:45.366+0000] {dagbag.py:538} INFO - Filling up the DagBag from /home/airflow/.local/lib/python3.8/site-packages/airflow/example_dags/example_latest_only.py
[2024-02-22T14:29:45.376+0000] {processor.py:840} INFO - DAG(s) 'latest_only' retrieved from /home/airflow/.local/lib/python3.8/site-packages/airflow/example_dags/example_latest_only.py
[2024-02-22T14:29:45.413+0000] {logging_mixin.py:188} INFO - [2024-02-22T14:29:45.413+0000] {dag.py:3036} INFO - Sync 1 DAGs
[2024-02-22T14:29:45.468+0000] {logging_mixin.py:188} INFO - [2024-02-22T14:29:45.467+0000] {dag.py:3823} INFO - Setting next_dagrun for latest_only to 2024-02-22 08:00:00+00:00, run_after=2024-02-22 12:00:00+00:00
[2024-02-22T14:29:45.499+0000] {processor.py:183} INFO - Processing /home/airflow/.local/lib/python3.8/site-packages/airflow/example_dags/example_latest_only.py took 0.145 seconds
[2024-02-22T14:30:16.396+0000] {processor.py:161} INFO - Started process (PID=775) to work on /home/airflow/.local/lib/python3.8/site-packages/airflow/example_dags/example_latest_only.py
[2024-02-22T14:30:16.398+0000] {processor.py:830} INFO - Processing file /home/airflow/.local/lib/python3.8/site-packages/airflow/example_dags/example_latest_only.py for tasks to queue
[2024-02-22T14:30:16.403+0000] {logging_mixin.py:188} INFO - [2024-02-22T14:30:16.402+0000] {dagbag.py:538} INFO - Filling up the DagBag from /home/airflow/.local/lib/python3.8/site-packages/airflow/example_dags/example_latest_only.py
[2024-02-22T14:30:16.412+0000] {processor.py:840} INFO - DAG(s) 'latest_only' retrieved from /home/airflow/.local/lib/python3.8/site-packages/airflow/example_dags/example_latest_only.py
[2024-02-22T14:30:16.449+0000] {logging_mixin.py:188} INFO - [2024-02-22T14:30:16.448+0000] {dag.py:3036} INFO - Sync 1 DAGs
[2024-02-22T14:30:16.486+0000] {logging_mixin.py:188} INFO - [2024-02-22T14:30:16.485+0000] {dag.py:3823} INFO - Setting next_dagrun for latest_only to 2024-02-22 08:00:00+00:00, run_after=2024-02-22 12:00:00+00:00
[2024-02-22T14:30:16.526+0000] {processor.py:183} INFO - Processing /home/airflow/.local/lib/python3.8/site-packages/airflow/example_dags/example_latest_only.py took 0.137 seconds
[2024-02-22T14:30:47.347+0000] {processor.py:161} INFO - Started process (PID=830) to work on /home/airflow/.local/lib/python3.8/site-packages/airflow/example_dags/example_latest_only.py
[2024-02-22T14:30:47.348+0000] {processor.py:830} INFO - Processing file /home/airflow/.local/lib/python3.8/site-packages/airflow/example_dags/example_latest_only.py for tasks to queue
[2024-02-22T14:30:47.352+0000] {logging_mixin.py:188} INFO - [2024-02-22T14:30:47.351+0000] {dagbag.py:538} INFO - Filling up the DagBag from /home/airflow/.local/lib/python3.8/site-packages/airflow/example_dags/example_latest_only.py
[2024-02-22T14:30:47.362+0000] {processor.py:840} INFO - DAG(s) 'latest_only' retrieved from /home/airflow/.local/lib/python3.8/site-packages/airflow/example_dags/example_latest_only.py
[2024-02-22T14:30:47.400+0000] {logging_mixin.py:188} INFO - [2024-02-22T14:30:47.399+0000] {dag.py:3036} INFO - Sync 1 DAGs
[2024-02-22T14:30:47.446+0000] {logging_mixin.py:188} INFO - [2024-02-22T14:30:47.446+0000] {dag.py:3823} INFO - Setting next_dagrun for latest_only to 2024-02-22 08:00:00+00:00, run_after=2024-02-22 12:00:00+00:00
[2024-02-22T14:30:47.478+0000] {processor.py:183} INFO - Processing /home/airflow/.local/lib/python3.8/site-packages/airflow/example_dags/example_latest_only.py took 0.137 seconds
[2024-02-22T14:31:18.439+0000] {processor.py:161} INFO - Started process (PID=886) to work on /home/airflow/.local/lib/python3.8/site-packages/airflow/example_dags/example_latest_only.py
[2024-02-22T14:31:18.442+0000] {processor.py:830} INFO - Processing file /home/airflow/.local/lib/python3.8/site-packages/airflow/example_dags/example_latest_only.py for tasks to queue
[2024-02-22T14:31:18.446+0000] {logging_mixin.py:188} INFO - [2024-02-22T14:31:18.445+0000] {dagbag.py:538} INFO - Filling up the DagBag from /home/airflow/.local/lib/python3.8/site-packages/airflow/example_dags/example_latest_only.py
[2024-02-22T14:31:18.457+0000] {processor.py:840} INFO - DAG(s) 'latest_only' retrieved from /home/airflow/.local/lib/python3.8/site-packages/airflow/example_dags/example_latest_only.py
[2024-02-22T14:31:18.498+0000] {logging_mixin.py:188} INFO - [2024-02-22T14:31:18.497+0000] {dag.py:3036} INFO - Sync 1 DAGs
[2024-02-22T14:31:18.544+0000] {logging_mixin.py:188} INFO - [2024-02-22T14:31:18.543+0000] {dag.py:3823} INFO - Setting next_dagrun for latest_only to 2024-02-22 08:00:00+00:00, run_after=2024-02-22 12:00:00+00:00
[2024-02-22T14:31:18.581+0000] {processor.py:183} INFO - Processing /home/airflow/.local/lib/python3.8/site-packages/airflow/example_dags/example_latest_only.py took 0.151 seconds
[2024-02-22T14:31:49.302+0000] {processor.py:161} INFO - Started process (PID=941) to work on /home/airflow/.local/lib/python3.8/site-packages/airflow/example_dags/example_latest_only.py
[2024-02-22T14:31:49.304+0000] {processor.py:830} INFO - Processing file /home/airflow/.local/lib/python3.8/site-packages/airflow/example_dags/example_latest_only.py for tasks to queue
[2024-02-22T14:31:49.308+0000] {logging_mixin.py:188} INFO - [2024-02-22T14:31:49.308+0000] {dagbag.py:538} INFO - Filling up the DagBag from /home/airflow/.local/lib/python3.8/site-packages/airflow/example_dags/example_latest_only.py
[2024-02-22T14:31:49.318+0000] {processor.py:840} INFO - DAG(s) 'latest_only' retrieved from /home/airflow/.local/lib/python3.8/site-packages/airflow/example_dags/example_latest_only.py
[2024-02-22T14:31:49.366+0000] {logging_mixin.py:188} INFO - [2024-02-22T14:31:49.364+0000] {dag.py:3036} INFO - Sync 1 DAGs
[2024-02-22T14:31:49.412+0000] {logging_mixin.py:188} INFO - [2024-02-22T14:31:49.411+0000] {dag.py:3823} INFO - Setting next_dagrun for latest_only to 2024-02-22 08:00:00+00:00, run_after=2024-02-22 12:00:00+00:00
[2024-02-22T14:31:49.442+0000] {processor.py:183} INFO - Processing /home/airflow/.local/lib/python3.8/site-packages/airflow/example_dags/example_latest_only.py took 0.147 seconds
