[2024-02-22T14:23:39.343+0000] {processor.py:161} INFO - Started process (PID=70) to work on /home/airflow/.local/lib/python3.8/site-packages/airflow/example_dags/example_subdag_operator.py
[2024-02-22T14:23:39.349+0000] {processor.py:830} INFO - Processing file /home/airflow/.local/lib/python3.8/site-packages/airflow/example_dags/example_subdag_operator.py for tasks to queue
[2024-02-22T14:23:39.360+0000] {logging_mixin.py:188} INFO - [2024-02-22T14:23:39.358+0000] {dagbag.py:538} INFO - Filling up the DagBag from /home/airflow/.local/lib/python3.8/site-packages/airflow/example_dags/example_subdag_operator.py
[2024-02-22T14:23:39.493+0000] {processor.py:840} INFO - DAG(s) 'example_subdag_operator.section-1', 'example_subdag_operator.section-2', 'example_subdag_operator' retrieved from /home/airflow/.local/lib/python3.8/site-packages/airflow/example_dags/example_subdag_operator.py
[2024-02-22T14:23:39.548+0000] {logging_mixin.py:188} INFO - [2024-02-22T14:23:39.547+0000] {dag.py:3036} INFO - Sync 3 DAGs
[2024-02-22T14:23:39.598+0000] {logging_mixin.py:188} INFO - [2024-02-22T14:23:39.597+0000] {dag.py:3823} INFO - Setting next_dagrun for example_subdag_operator to 2022-01-01 00:00:00+00:00, run_after=2022-01-01 00:00:00+00:00
[2024-02-22T14:23:39.606+0000] {logging_mixin.py:188} INFO - [2024-02-22T14:23:39.606+0000] {dag.py:3823} INFO - Setting next_dagrun for example_subdag_operator.section-1 to None, run_after=None
[2024-02-22T14:23:39.609+0000] {logging_mixin.py:188} INFO - [2024-02-22T14:23:39.609+0000] {dag.py:3823} INFO - Setting next_dagrun for example_subdag_operator.section-2 to None, run_after=None
[2024-02-22T14:23:39.624+0000] {logging_mixin.py:188} INFO - [2024-02-22T14:23:39.624+0000] {dag.py:3036} INFO - Sync 2 DAGs
[2024-02-22T14:23:39.636+0000] {logging_mixin.py:188} INFO - [2024-02-22T14:23:39.636+0000] {dag.py:3823} INFO - Setting next_dagrun for example_subdag_operator.section-1 to None, run_after=None
[2024-02-22T14:23:39.637+0000] {logging_mixin.py:188} INFO - [2024-02-22T14:23:39.637+0000] {dag.py:3823} INFO - Setting next_dagrun for example_subdag_operator.section-2 to None, run_after=None
[2024-02-22T14:23:39.657+0000] {processor.py:183} INFO - Processing /home/airflow/.local/lib/python3.8/site-packages/airflow/example_dags/example_subdag_operator.py took 0.342 seconds
[2024-02-22T14:24:09.802+0000] {processor.py:161} INFO - Started process (PID=125) to work on /home/airflow/.local/lib/python3.8/site-packages/airflow/example_dags/example_subdag_operator.py
[2024-02-22T14:24:09.804+0000] {processor.py:830} INFO - Processing file /home/airflow/.local/lib/python3.8/site-packages/airflow/example_dags/example_subdag_operator.py for tasks to queue
[2024-02-22T14:24:09.807+0000] {logging_mixin.py:188} INFO - [2024-02-22T14:24:09.806+0000] {dagbag.py:538} INFO - Filling up the DagBag from /home/airflow/.local/lib/python3.8/site-packages/airflow/example_dags/example_subdag_operator.py
[2024-02-22T14:24:09.846+0000] {processor.py:840} INFO - DAG(s) 'example_subdag_operator.section-1', 'example_subdag_operator.section-2', 'example_subdag_operator' retrieved from /home/airflow/.local/lib/python3.8/site-packages/airflow/example_dags/example_subdag_operator.py
[2024-02-22T14:24:09.874+0000] {logging_mixin.py:188} INFO - [2024-02-22T14:24:09.874+0000] {dag.py:3036} INFO - Sync 3 DAGs
[2024-02-22T14:24:09.907+0000] {logging_mixin.py:188} INFO - [2024-02-22T14:24:09.907+0000] {dag.py:3823} INFO - Setting next_dagrun for example_subdag_operator to 2022-01-01 00:00:00+00:00, run_after=2022-01-01 00:00:00+00:00
[2024-02-22T14:24:09.912+0000] {logging_mixin.py:188} INFO - [2024-02-22T14:24:09.912+0000] {dag.py:3823} INFO - Setting next_dagrun for example_subdag_operator.section-1 to None, run_after=None
[2024-02-22T14:24:09.914+0000] {logging_mixin.py:188} INFO - [2024-02-22T14:24:09.914+0000] {dag.py:3823} INFO - Setting next_dagrun for example_subdag_operator.section-2 to None, run_after=None
[2024-02-22T14:24:09.925+0000] {logging_mixin.py:188} INFO - [2024-02-22T14:24:09.925+0000] {dag.py:3036} INFO - Sync 2 DAGs
[2024-02-22T14:24:09.934+0000] {logging_mixin.py:188} INFO - [2024-02-22T14:24:09.934+0000] {dag.py:3823} INFO - Setting next_dagrun for example_subdag_operator.section-1 to None, run_after=None
[2024-02-22T14:24:09.935+0000] {logging_mixin.py:188} INFO - [2024-02-22T14:24:09.935+0000] {dag.py:3823} INFO - Setting next_dagrun for example_subdag_operator.section-2 to None, run_after=None
[2024-02-22T14:24:09.951+0000] {processor.py:183} INFO - Processing /home/airflow/.local/lib/python3.8/site-packages/airflow/example_dags/example_subdag_operator.py took 0.155 seconds
[2024-02-22T14:24:39.996+0000] {processor.py:161} INFO - Started process (PID=180) to work on /home/airflow/.local/lib/python3.8/site-packages/airflow/example_dags/example_subdag_operator.py
[2024-02-22T14:24:39.998+0000] {processor.py:830} INFO - Processing file /home/airflow/.local/lib/python3.8/site-packages/airflow/example_dags/example_subdag_operator.py for tasks to queue
[2024-02-22T14:24:40.001+0000] {logging_mixin.py:188} INFO - [2024-02-22T14:24:40.001+0000] {dagbag.py:538} INFO - Filling up the DagBag from /home/airflow/.local/lib/python3.8/site-packages/airflow/example_dags/example_subdag_operator.py
[2024-02-22T14:24:40.045+0000] {processor.py:840} INFO - DAG(s) 'example_subdag_operator.section-1', 'example_subdag_operator.section-2', 'example_subdag_operator' retrieved from /home/airflow/.local/lib/python3.8/site-packages/airflow/example_dags/example_subdag_operator.py
[2024-02-22T14:24:40.076+0000] {logging_mixin.py:188} INFO - [2024-02-22T14:24:40.075+0000] {dag.py:3036} INFO - Sync 3 DAGs
[2024-02-22T14:24:40.110+0000] {logging_mixin.py:188} INFO - [2024-02-22T14:24:40.110+0000] {dag.py:3823} INFO - Setting next_dagrun for example_subdag_operator to 2022-01-01 00:00:00+00:00, run_after=2022-01-01 00:00:00+00:00
[2024-02-22T14:24:40.116+0000] {logging_mixin.py:188} INFO - [2024-02-22T14:24:40.116+0000] {dag.py:3823} INFO - Setting next_dagrun for example_subdag_operator.section-1 to None, run_after=None
[2024-02-22T14:24:40.118+0000] {logging_mixin.py:188} INFO - [2024-02-22T14:24:40.118+0000] {dag.py:3823} INFO - Setting next_dagrun for example_subdag_operator.section-2 to None, run_after=None
[2024-02-22T14:24:40.128+0000] {logging_mixin.py:188} INFO - [2024-02-22T14:24:40.128+0000] {dag.py:3036} INFO - Sync 2 DAGs
[2024-02-22T14:24:40.137+0000] {logging_mixin.py:188} INFO - [2024-02-22T14:24:40.137+0000] {dag.py:3823} INFO - Setting next_dagrun for example_subdag_operator.section-1 to None, run_after=None
[2024-02-22T14:24:40.138+0000] {logging_mixin.py:188} INFO - [2024-02-22T14:24:40.138+0000] {dag.py:3823} INFO - Setting next_dagrun for example_subdag_operator.section-2 to None, run_after=None
[2024-02-22T14:24:40.158+0000] {processor.py:183} INFO - Processing /home/airflow/.local/lib/python3.8/site-packages/airflow/example_dags/example_subdag_operator.py took 0.168 seconds
[2024-02-22T14:25:10.699+0000] {processor.py:161} INFO - Started process (PID=235) to work on /home/airflow/.local/lib/python3.8/site-packages/airflow/example_dags/example_subdag_operator.py
[2024-02-22T14:25:10.701+0000] {processor.py:830} INFO - Processing file /home/airflow/.local/lib/python3.8/site-packages/airflow/example_dags/example_subdag_operator.py for tasks to queue
[2024-02-22T14:25:10.705+0000] {logging_mixin.py:188} INFO - [2024-02-22T14:25:10.704+0000] {dagbag.py:538} INFO - Filling up the DagBag from /home/airflow/.local/lib/python3.8/site-packages/airflow/example_dags/example_subdag_operator.py
[2024-02-22T14:25:10.749+0000] {processor.py:840} INFO - DAG(s) 'example_subdag_operator.section-1', 'example_subdag_operator.section-2', 'example_subdag_operator' retrieved from /home/airflow/.local/lib/python3.8/site-packages/airflow/example_dags/example_subdag_operator.py
[2024-02-22T14:25:10.777+0000] {logging_mixin.py:188} INFO - [2024-02-22T14:25:10.776+0000] {dag.py:3036} INFO - Sync 3 DAGs
[2024-02-22T14:25:10.811+0000] {logging_mixin.py:188} INFO - [2024-02-22T14:25:10.811+0000] {dag.py:3823} INFO - Setting next_dagrun for example_subdag_operator to 2022-01-01 00:00:00+00:00, run_after=2022-01-01 00:00:00+00:00
[2024-02-22T14:25:10.820+0000] {logging_mixin.py:188} INFO - [2024-02-22T14:25:10.819+0000] {dag.py:3823} INFO - Setting next_dagrun for example_subdag_operator.section-1 to None, run_after=None
[2024-02-22T14:25:10.823+0000] {logging_mixin.py:188} INFO - [2024-02-22T14:25:10.822+0000] {dag.py:3823} INFO - Setting next_dagrun for example_subdag_operator.section-2 to None, run_after=None
[2024-02-22T14:25:10.835+0000] {logging_mixin.py:188} INFO - [2024-02-22T14:25:10.834+0000] {dag.py:3036} INFO - Sync 2 DAGs
[2024-02-22T14:25:10.842+0000] {logging_mixin.py:188} INFO - [2024-02-22T14:25:10.842+0000] {dag.py:3823} INFO - Setting next_dagrun for example_subdag_operator.section-1 to None, run_after=None
[2024-02-22T14:25:10.843+0000] {logging_mixin.py:188} INFO - [2024-02-22T14:25:10.843+0000] {dag.py:3823} INFO - Setting next_dagrun for example_subdag_operator.section-2 to None, run_after=None
[2024-02-22T14:25:10.859+0000] {processor.py:183} INFO - Processing /home/airflow/.local/lib/python3.8/site-packages/airflow/example_dags/example_subdag_operator.py took 0.168 seconds
[2024-02-22T14:25:41.664+0000] {processor.py:161} INFO - Started process (PID=290) to work on /home/airflow/.local/lib/python3.8/site-packages/airflow/example_dags/example_subdag_operator.py
[2024-02-22T14:25:41.666+0000] {processor.py:830} INFO - Processing file /home/airflow/.local/lib/python3.8/site-packages/airflow/example_dags/example_subdag_operator.py for tasks to queue
[2024-02-22T14:25:41.669+0000] {logging_mixin.py:188} INFO - [2024-02-22T14:25:41.668+0000] {dagbag.py:538} INFO - Filling up the DagBag from /home/airflow/.local/lib/python3.8/site-packages/airflow/example_dags/example_subdag_operator.py
[2024-02-22T14:25:41.707+0000] {processor.py:840} INFO - DAG(s) 'example_subdag_operator.section-1', 'example_subdag_operator.section-2', 'example_subdag_operator' retrieved from /home/airflow/.local/lib/python3.8/site-packages/airflow/example_dags/example_subdag_operator.py
[2024-02-22T14:25:41.735+0000] {logging_mixin.py:188} INFO - [2024-02-22T14:25:41.734+0000] {dag.py:3036} INFO - Sync 3 DAGs
[2024-02-22T14:25:41.769+0000] {logging_mixin.py:188} INFO - [2024-02-22T14:25:41.768+0000] {dag.py:3823} INFO - Setting next_dagrun for example_subdag_operator to 2022-01-01 00:00:00+00:00, run_after=2022-01-01 00:00:00+00:00
[2024-02-22T14:25:41.774+0000] {logging_mixin.py:188} INFO - [2024-02-22T14:25:41.774+0000] {dag.py:3823} INFO - Setting next_dagrun for example_subdag_operator.section-1 to None, run_after=None
[2024-02-22T14:25:41.776+0000] {logging_mixin.py:188} INFO - [2024-02-22T14:25:41.776+0000] {dag.py:3823} INFO - Setting next_dagrun for example_subdag_operator.section-2 to None, run_after=None
[2024-02-22T14:25:41.786+0000] {logging_mixin.py:188} INFO - [2024-02-22T14:25:41.786+0000] {dag.py:3036} INFO - Sync 2 DAGs
[2024-02-22T14:25:41.794+0000] {logging_mixin.py:188} INFO - [2024-02-22T14:25:41.794+0000] {dag.py:3823} INFO - Setting next_dagrun for example_subdag_operator.section-1 to None, run_after=None
[2024-02-22T14:25:41.795+0000] {logging_mixin.py:188} INFO - [2024-02-22T14:25:41.795+0000] {dag.py:3823} INFO - Setting next_dagrun for example_subdag_operator.section-2 to None, run_after=None
[2024-02-22T14:25:41.811+0000] {processor.py:183} INFO - Processing /home/airflow/.local/lib/python3.8/site-packages/airflow/example_dags/example_subdag_operator.py took 0.154 seconds
[2024-02-22T14:26:12.757+0000] {processor.py:161} INFO - Started process (PID=345) to work on /home/airflow/.local/lib/python3.8/site-packages/airflow/example_dags/example_subdag_operator.py
[2024-02-22T14:26:12.760+0000] {processor.py:830} INFO - Processing file /home/airflow/.local/lib/python3.8/site-packages/airflow/example_dags/example_subdag_operator.py for tasks to queue
[2024-02-22T14:26:12.764+0000] {logging_mixin.py:188} INFO - [2024-02-22T14:26:12.763+0000] {dagbag.py:538} INFO - Filling up the DagBag from /home/airflow/.local/lib/python3.8/site-packages/airflow/example_dags/example_subdag_operator.py
[2024-02-22T14:26:12.815+0000] {processor.py:840} INFO - DAG(s) 'example_subdag_operator.section-1', 'example_subdag_operator.section-2', 'example_subdag_operator' retrieved from /home/airflow/.local/lib/python3.8/site-packages/airflow/example_dags/example_subdag_operator.py
[2024-02-22T14:26:12.852+0000] {logging_mixin.py:188} INFO - [2024-02-22T14:26:12.851+0000] {dag.py:3036} INFO - Sync 3 DAGs
[2024-02-22T14:26:12.894+0000] {logging_mixin.py:188} INFO - [2024-02-22T14:26:12.893+0000] {dag.py:3823} INFO - Setting next_dagrun for example_subdag_operator to 2022-01-01 00:00:00+00:00, run_after=2022-01-01 00:00:00+00:00
[2024-02-22T14:26:12.902+0000] {logging_mixin.py:188} INFO - [2024-02-22T14:26:12.902+0000] {dag.py:3823} INFO - Setting next_dagrun for example_subdag_operator.section-1 to None, run_after=None
[2024-02-22T14:26:12.905+0000] {logging_mixin.py:188} INFO - [2024-02-22T14:26:12.905+0000] {dag.py:3823} INFO - Setting next_dagrun for example_subdag_operator.section-2 to None, run_after=None
[2024-02-22T14:26:12.921+0000] {logging_mixin.py:188} INFO - [2024-02-22T14:26:12.920+0000] {dag.py:3036} INFO - Sync 2 DAGs
[2024-02-22T14:26:12.932+0000] {logging_mixin.py:188} INFO - [2024-02-22T14:26:12.932+0000] {dag.py:3823} INFO - Setting next_dagrun for example_subdag_operator.section-1 to None, run_after=None
[2024-02-22T14:26:12.933+0000] {logging_mixin.py:188} INFO - [2024-02-22T14:26:12.933+0000] {dag.py:3823} INFO - Setting next_dagrun for example_subdag_operator.section-2 to None, run_after=None
[2024-02-22T14:26:12.955+0000] {processor.py:183} INFO - Processing /home/airflow/.local/lib/python3.8/site-packages/airflow/example_dags/example_subdag_operator.py took 0.205 seconds
[2024-02-22T14:26:43.328+0000] {processor.py:161} INFO - Started process (PID=401) to work on /home/airflow/.local/lib/python3.8/site-packages/airflow/example_dags/example_subdag_operator.py
[2024-02-22T14:26:43.331+0000] {processor.py:830} INFO - Processing file /home/airflow/.local/lib/python3.8/site-packages/airflow/example_dags/example_subdag_operator.py for tasks to queue
[2024-02-22T14:26:43.336+0000] {logging_mixin.py:188} INFO - [2024-02-22T14:26:43.335+0000] {dagbag.py:538} INFO - Filling up the DagBag from /home/airflow/.local/lib/python3.8/site-packages/airflow/example_dags/example_subdag_operator.py
[2024-02-22T14:26:43.390+0000] {processor.py:840} INFO - DAG(s) 'example_subdag_operator.section-1', 'example_subdag_operator.section-2', 'example_subdag_operator' retrieved from /home/airflow/.local/lib/python3.8/site-packages/airflow/example_dags/example_subdag_operator.py
[2024-02-22T14:26:43.427+0000] {logging_mixin.py:188} INFO - [2024-02-22T14:26:43.426+0000] {dag.py:3036} INFO - Sync 3 DAGs
[2024-02-22T14:26:43.476+0000] {logging_mixin.py:188} INFO - [2024-02-22T14:26:43.475+0000] {dag.py:3823} INFO - Setting next_dagrun for example_subdag_operator to 2022-01-01 00:00:00+00:00, run_after=2022-01-01 00:00:00+00:00
[2024-02-22T14:26:43.484+0000] {logging_mixin.py:188} INFO - [2024-02-22T14:26:43.483+0000] {dag.py:3823} INFO - Setting next_dagrun for example_subdag_operator.section-1 to None, run_after=None
[2024-02-22T14:26:43.487+0000] {logging_mixin.py:188} INFO - [2024-02-22T14:26:43.487+0000] {dag.py:3823} INFO - Setting next_dagrun for example_subdag_operator.section-2 to None, run_after=None
[2024-02-22T14:26:43.506+0000] {logging_mixin.py:188} INFO - [2024-02-22T14:26:43.505+0000] {dag.py:3036} INFO - Sync 2 DAGs
[2024-02-22T14:26:43.517+0000] {logging_mixin.py:188} INFO - [2024-02-22T14:26:43.517+0000] {dag.py:3823} INFO - Setting next_dagrun for example_subdag_operator.section-1 to None, run_after=None
[2024-02-22T14:26:43.518+0000] {logging_mixin.py:188} INFO - [2024-02-22T14:26:43.518+0000] {dag.py:3823} INFO - Setting next_dagrun for example_subdag_operator.section-2 to None, run_after=None
[2024-02-22T14:26:43.541+0000] {processor.py:183} INFO - Processing /home/airflow/.local/lib/python3.8/site-packages/airflow/example_dags/example_subdag_operator.py took 0.221 seconds
[2024-02-22T14:27:14.213+0000] {processor.py:161} INFO - Started process (PID=455) to work on /home/airflow/.local/lib/python3.8/site-packages/airflow/example_dags/example_subdag_operator.py
[2024-02-22T14:27:14.215+0000] {processor.py:830} INFO - Processing file /home/airflow/.local/lib/python3.8/site-packages/airflow/example_dags/example_subdag_operator.py for tasks to queue
[2024-02-22T14:27:14.219+0000] {logging_mixin.py:188} INFO - [2024-02-22T14:27:14.218+0000] {dagbag.py:538} INFO - Filling up the DagBag from /home/airflow/.local/lib/python3.8/site-packages/airflow/example_dags/example_subdag_operator.py
[2024-02-22T14:27:14.264+0000] {processor.py:840} INFO - DAG(s) 'example_subdag_operator.section-1', 'example_subdag_operator.section-2', 'example_subdag_operator' retrieved from /home/airflow/.local/lib/python3.8/site-packages/airflow/example_dags/example_subdag_operator.py
[2024-02-22T14:27:14.294+0000] {logging_mixin.py:188} INFO - [2024-02-22T14:27:14.293+0000] {dag.py:3036} INFO - Sync 3 DAGs
[2024-02-22T14:27:14.342+0000] {logging_mixin.py:188} INFO - [2024-02-22T14:27:14.341+0000] {dag.py:3823} INFO - Setting next_dagrun for example_subdag_operator to 2022-01-01 00:00:00+00:00, run_after=2022-01-01 00:00:00+00:00
[2024-02-22T14:27:14.351+0000] {logging_mixin.py:188} INFO - [2024-02-22T14:27:14.351+0000] {dag.py:3823} INFO - Setting next_dagrun for example_subdag_operator.section-1 to None, run_after=None
[2024-02-22T14:27:14.354+0000] {logging_mixin.py:188} INFO - [2024-02-22T14:27:14.354+0000] {dag.py:3823} INFO - Setting next_dagrun for example_subdag_operator.section-2 to None, run_after=None
[2024-02-22T14:27:14.365+0000] {logging_mixin.py:188} INFO - [2024-02-22T14:27:14.365+0000] {dag.py:3036} INFO - Sync 2 DAGs
[2024-02-22T14:27:14.374+0000] {logging_mixin.py:188} INFO - [2024-02-22T14:27:14.374+0000] {dag.py:3823} INFO - Setting next_dagrun for example_subdag_operator.section-1 to None, run_after=None
[2024-02-22T14:27:14.375+0000] {logging_mixin.py:188} INFO - [2024-02-22T14:27:14.374+0000] {dag.py:3823} INFO - Setting next_dagrun for example_subdag_operator.section-2 to None, run_after=None
[2024-02-22T14:27:14.394+0000] {processor.py:183} INFO - Processing /home/airflow/.local/lib/python3.8/site-packages/airflow/example_dags/example_subdag_operator.py took 0.187 seconds
[2024-02-22T14:27:44.704+0000] {processor.py:161} INFO - Started process (PID=510) to work on /home/airflow/.local/lib/python3.8/site-packages/airflow/example_dags/example_subdag_operator.py
[2024-02-22T14:27:44.706+0000] {processor.py:830} INFO - Processing file /home/airflow/.local/lib/python3.8/site-packages/airflow/example_dags/example_subdag_operator.py for tasks to queue
[2024-02-22T14:27:44.711+0000] {logging_mixin.py:188} INFO - [2024-02-22T14:27:44.711+0000] {dagbag.py:538} INFO - Filling up the DagBag from /home/airflow/.local/lib/python3.8/site-packages/airflow/example_dags/example_subdag_operator.py
[2024-02-22T14:27:44.769+0000] {processor.py:840} INFO - DAG(s) 'example_subdag_operator.section-1', 'example_subdag_operator.section-2', 'example_subdag_operator' retrieved from /home/airflow/.local/lib/python3.8/site-packages/airflow/example_dags/example_subdag_operator.py
[2024-02-22T14:27:44.813+0000] {logging_mixin.py:188} INFO - [2024-02-22T14:27:44.811+0000] {dag.py:3036} INFO - Sync 3 DAGs
[2024-02-22T14:27:44.867+0000] {logging_mixin.py:188} INFO - [2024-02-22T14:27:44.867+0000] {dag.py:3823} INFO - Setting next_dagrun for example_subdag_operator to 2022-01-01 00:00:00+00:00, run_after=2022-01-01 00:00:00+00:00
[2024-02-22T14:27:44.875+0000] {logging_mixin.py:188} INFO - [2024-02-22T14:27:44.875+0000] {dag.py:3823} INFO - Setting next_dagrun for example_subdag_operator.section-1 to None, run_after=None
[2024-02-22T14:27:44.878+0000] {logging_mixin.py:188} INFO - [2024-02-22T14:27:44.878+0000] {dag.py:3823} INFO - Setting next_dagrun for example_subdag_operator.section-2 to None, run_after=None
[2024-02-22T14:27:44.896+0000] {logging_mixin.py:188} INFO - [2024-02-22T14:27:44.895+0000] {dag.py:3036} INFO - Sync 2 DAGs
[2024-02-22T14:27:44.912+0000] {logging_mixin.py:188} INFO - [2024-02-22T14:27:44.912+0000] {dag.py:3823} INFO - Setting next_dagrun for example_subdag_operator.section-1 to None, run_after=None
[2024-02-22T14:27:44.913+0000] {logging_mixin.py:188} INFO - [2024-02-22T14:27:44.913+0000] {dag.py:3823} INFO - Setting next_dagrun for example_subdag_operator.section-2 to None, run_after=None
[2024-02-22T14:27:44.940+0000] {processor.py:183} INFO - Processing /home/airflow/.local/lib/python3.8/site-packages/airflow/example_dags/example_subdag_operator.py took 0.244 seconds
[2024-02-22T14:28:15.249+0000] {processor.py:161} INFO - Started process (PID=565) to work on /home/airflow/.local/lib/python3.8/site-packages/airflow/example_dags/example_subdag_operator.py
[2024-02-22T14:28:15.252+0000] {processor.py:830} INFO - Processing file /home/airflow/.local/lib/python3.8/site-packages/airflow/example_dags/example_subdag_operator.py for tasks to queue
[2024-02-22T14:28:15.255+0000] {logging_mixin.py:188} INFO - [2024-02-22T14:28:15.255+0000] {dagbag.py:538} INFO - Filling up the DagBag from /home/airflow/.local/lib/python3.8/site-packages/airflow/example_dags/example_subdag_operator.py
[2024-02-22T14:28:15.302+0000] {processor.py:840} INFO - DAG(s) 'example_subdag_operator.section-1', 'example_subdag_operator.section-2', 'example_subdag_operator' retrieved from /home/airflow/.local/lib/python3.8/site-packages/airflow/example_dags/example_subdag_operator.py
[2024-02-22T14:28:15.343+0000] {logging_mixin.py:188} INFO - [2024-02-22T14:28:15.342+0000] {dag.py:3036} INFO - Sync 3 DAGs
[2024-02-22T14:28:15.396+0000] {logging_mixin.py:188} INFO - [2024-02-22T14:28:15.395+0000] {dag.py:3823} INFO - Setting next_dagrun for example_subdag_operator to 2022-01-01 00:00:00+00:00, run_after=2022-01-01 00:00:00+00:00
[2024-02-22T14:28:15.402+0000] {logging_mixin.py:188} INFO - [2024-02-22T14:28:15.402+0000] {dag.py:3823} INFO - Setting next_dagrun for example_subdag_operator.section-1 to None, run_after=None
[2024-02-22T14:28:15.406+0000] {logging_mixin.py:188} INFO - [2024-02-22T14:28:15.406+0000] {dag.py:3823} INFO - Setting next_dagrun for example_subdag_operator.section-2 to None, run_after=None
[2024-02-22T14:28:15.418+0000] {logging_mixin.py:188} INFO - [2024-02-22T14:28:15.418+0000] {dag.py:3036} INFO - Sync 2 DAGs
[2024-02-22T14:28:15.428+0000] {logging_mixin.py:188} INFO - [2024-02-22T14:28:15.427+0000] {dag.py:3823} INFO - Setting next_dagrun for example_subdag_operator.section-1 to None, run_after=None
[2024-02-22T14:28:15.429+0000] {logging_mixin.py:188} INFO - [2024-02-22T14:28:15.428+0000] {dag.py:3823} INFO - Setting next_dagrun for example_subdag_operator.section-2 to None, run_after=None
[2024-02-22T14:28:15.451+0000] {processor.py:183} INFO - Processing /home/airflow/.local/lib/python3.8/site-packages/airflow/example_dags/example_subdag_operator.py took 0.208 seconds
[2024-02-22T14:28:45.497+0000] {processor.py:161} INFO - Started process (PID=619) to work on /home/airflow/.local/lib/python3.8/site-packages/airflow/example_dags/example_subdag_operator.py
[2024-02-22T14:28:45.499+0000] {processor.py:830} INFO - Processing file /home/airflow/.local/lib/python3.8/site-packages/airflow/example_dags/example_subdag_operator.py for tasks to queue
[2024-02-22T14:28:45.502+0000] {logging_mixin.py:188} INFO - [2024-02-22T14:28:45.502+0000] {dagbag.py:538} INFO - Filling up the DagBag from /home/airflow/.local/lib/python3.8/site-packages/airflow/example_dags/example_subdag_operator.py
[2024-02-22T14:28:45.545+0000] {processor.py:840} INFO - DAG(s) 'example_subdag_operator.section-1', 'example_subdag_operator.section-2', 'example_subdag_operator' retrieved from /home/airflow/.local/lib/python3.8/site-packages/airflow/example_dags/example_subdag_operator.py
[2024-02-22T14:28:45.589+0000] {logging_mixin.py:188} INFO - [2024-02-22T14:28:45.589+0000] {dag.py:3036} INFO - Sync 3 DAGs
[2024-02-22T14:28:45.624+0000] {logging_mixin.py:188} INFO - [2024-02-22T14:28:45.624+0000] {dag.py:3823} INFO - Setting next_dagrun for example_subdag_operator to 2022-01-01 00:00:00+00:00, run_after=2022-01-01 00:00:00+00:00
[2024-02-22T14:28:45.630+0000] {logging_mixin.py:188} INFO - [2024-02-22T14:28:45.630+0000] {dag.py:3823} INFO - Setting next_dagrun for example_subdag_operator.section-1 to None, run_after=None
[2024-02-22T14:28:45.632+0000] {logging_mixin.py:188} INFO - [2024-02-22T14:28:45.632+0000] {dag.py:3823} INFO - Setting next_dagrun for example_subdag_operator.section-2 to None, run_after=None
[2024-02-22T14:28:45.644+0000] {logging_mixin.py:188} INFO - [2024-02-22T14:28:45.644+0000] {dag.py:3036} INFO - Sync 2 DAGs
[2024-02-22T14:28:45.652+0000] {logging_mixin.py:188} INFO - [2024-02-22T14:28:45.652+0000] {dag.py:3823} INFO - Setting next_dagrun for example_subdag_operator.section-1 to None, run_after=None
[2024-02-22T14:28:45.653+0000] {logging_mixin.py:188} INFO - [2024-02-22T14:28:45.653+0000] {dag.py:3823} INFO - Setting next_dagrun for example_subdag_operator.section-2 to None, run_after=None
[2024-02-22T14:28:45.671+0000] {processor.py:183} INFO - Processing /home/airflow/.local/lib/python3.8/site-packages/airflow/example_dags/example_subdag_operator.py took 0.181 seconds
[2024-02-22T14:29:16.029+0000] {processor.py:161} INFO - Started process (PID=675) to work on /home/airflow/.local/lib/python3.8/site-packages/airflow/example_dags/example_subdag_operator.py
[2024-02-22T14:29:16.031+0000] {processor.py:830} INFO - Processing file /home/airflow/.local/lib/python3.8/site-packages/airflow/example_dags/example_subdag_operator.py for tasks to queue
[2024-02-22T14:29:16.035+0000] {logging_mixin.py:188} INFO - [2024-02-22T14:29:16.035+0000] {dagbag.py:538} INFO - Filling up the DagBag from /home/airflow/.local/lib/python3.8/site-packages/airflow/example_dags/example_subdag_operator.py
[2024-02-22T14:29:16.079+0000] {processor.py:840} INFO - DAG(s) 'example_subdag_operator.section-1', 'example_subdag_operator.section-2', 'example_subdag_operator' retrieved from /home/airflow/.local/lib/python3.8/site-packages/airflow/example_dags/example_subdag_operator.py
[2024-02-22T14:29:16.109+0000] {logging_mixin.py:188} INFO - [2024-02-22T14:29:16.108+0000] {dag.py:3036} INFO - Sync 3 DAGs
[2024-02-22T14:29:16.159+0000] {logging_mixin.py:188} INFO - [2024-02-22T14:29:16.158+0000] {dag.py:3823} INFO - Setting next_dagrun for example_subdag_operator to 2022-01-01 00:00:00+00:00, run_after=2022-01-01 00:00:00+00:00
[2024-02-22T14:29:16.169+0000] {logging_mixin.py:188} INFO - [2024-02-22T14:29:16.168+0000] {dag.py:3823} INFO - Setting next_dagrun for example_subdag_operator.section-1 to None, run_after=None
[2024-02-22T14:29:16.171+0000] {logging_mixin.py:188} INFO - [2024-02-22T14:29:16.171+0000] {dag.py:3823} INFO - Setting next_dagrun for example_subdag_operator.section-2 to None, run_after=None
[2024-02-22T14:29:16.183+0000] {logging_mixin.py:188} INFO - [2024-02-22T14:29:16.182+0000] {dag.py:3036} INFO - Sync 2 DAGs
[2024-02-22T14:29:16.195+0000] {logging_mixin.py:188} INFO - [2024-02-22T14:29:16.194+0000] {dag.py:3823} INFO - Setting next_dagrun for example_subdag_operator.section-1 to None, run_after=None
[2024-02-22T14:29:16.195+0000] {logging_mixin.py:188} INFO - [2024-02-22T14:29:16.195+0000] {dag.py:3823} INFO - Setting next_dagrun for example_subdag_operator.section-2 to None, run_after=None
[2024-02-22T14:29:16.213+0000] {processor.py:183} INFO - Processing /home/airflow/.local/lib/python3.8/site-packages/airflow/example_dags/example_subdag_operator.py took 0.191 seconds
[2024-02-22T14:29:46.401+0000] {processor.py:161} INFO - Started process (PID=731) to work on /home/airflow/.local/lib/python3.8/site-packages/airflow/example_dags/example_subdag_operator.py
[2024-02-22T14:29:46.402+0000] {processor.py:830} INFO - Processing file /home/airflow/.local/lib/python3.8/site-packages/airflow/example_dags/example_subdag_operator.py for tasks to queue
[2024-02-22T14:29:46.406+0000] {logging_mixin.py:188} INFO - [2024-02-22T14:29:46.405+0000] {dagbag.py:538} INFO - Filling up the DagBag from /home/airflow/.local/lib/python3.8/site-packages/airflow/example_dags/example_subdag_operator.py
[2024-02-22T14:29:46.448+0000] {processor.py:840} INFO - DAG(s) 'example_subdag_operator.section-1', 'example_subdag_operator.section-2', 'example_subdag_operator' retrieved from /home/airflow/.local/lib/python3.8/site-packages/airflow/example_dags/example_subdag_operator.py
[2024-02-22T14:29:46.479+0000] {logging_mixin.py:188} INFO - [2024-02-22T14:29:46.478+0000] {dag.py:3036} INFO - Sync 3 DAGs
[2024-02-22T14:29:46.515+0000] {logging_mixin.py:188} INFO - [2024-02-22T14:29:46.514+0000] {dag.py:3823} INFO - Setting next_dagrun for example_subdag_operator to 2022-01-01 00:00:00+00:00, run_after=2022-01-01 00:00:00+00:00
[2024-02-22T14:29:46.521+0000] {logging_mixin.py:188} INFO - [2024-02-22T14:29:46.520+0000] {dag.py:3823} INFO - Setting next_dagrun for example_subdag_operator.section-1 to None, run_after=None
[2024-02-22T14:29:46.524+0000] {logging_mixin.py:188} INFO - [2024-02-22T14:29:46.523+0000] {dag.py:3823} INFO - Setting next_dagrun for example_subdag_operator.section-2 to None, run_after=None
[2024-02-22T14:29:46.535+0000] {logging_mixin.py:188} INFO - [2024-02-22T14:29:46.534+0000] {dag.py:3036} INFO - Sync 2 DAGs
[2024-02-22T14:29:46.543+0000] {logging_mixin.py:188} INFO - [2024-02-22T14:29:46.543+0000] {dag.py:3823} INFO - Setting next_dagrun for example_subdag_operator.section-1 to None, run_after=None
[2024-02-22T14:29:46.544+0000] {logging_mixin.py:188} INFO - [2024-02-22T14:29:46.544+0000] {dag.py:3823} INFO - Setting next_dagrun for example_subdag_operator.section-2 to None, run_after=None
[2024-02-22T14:29:46.565+0000] {processor.py:183} INFO - Processing /home/airflow/.local/lib/python3.8/site-packages/airflow/example_dags/example_subdag_operator.py took 0.171 seconds
[2024-02-22T14:30:17.556+0000] {processor.py:161} INFO - Started process (PID=786) to work on /home/airflow/.local/lib/python3.8/site-packages/airflow/example_dags/example_subdag_operator.py
[2024-02-22T14:30:17.558+0000] {processor.py:830} INFO - Processing file /home/airflow/.local/lib/python3.8/site-packages/airflow/example_dags/example_subdag_operator.py for tasks to queue
[2024-02-22T14:30:17.562+0000] {logging_mixin.py:188} INFO - [2024-02-22T14:30:17.562+0000] {dagbag.py:538} INFO - Filling up the DagBag from /home/airflow/.local/lib/python3.8/site-packages/airflow/example_dags/example_subdag_operator.py
[2024-02-22T14:30:17.605+0000] {processor.py:840} INFO - DAG(s) 'example_subdag_operator.section-1', 'example_subdag_operator.section-2', 'example_subdag_operator' retrieved from /home/airflow/.local/lib/python3.8/site-packages/airflow/example_dags/example_subdag_operator.py
[2024-02-22T14:30:17.635+0000] {logging_mixin.py:188} INFO - [2024-02-22T14:30:17.634+0000] {dag.py:3036} INFO - Sync 3 DAGs
[2024-02-22T14:30:17.674+0000] {logging_mixin.py:188} INFO - [2024-02-22T14:30:17.673+0000] {dag.py:3823} INFO - Setting next_dagrun for example_subdag_operator to 2022-01-01 00:00:00+00:00, run_after=2022-01-01 00:00:00+00:00
[2024-02-22T14:30:17.680+0000] {logging_mixin.py:188} INFO - [2024-02-22T14:30:17.679+0000] {dag.py:3823} INFO - Setting next_dagrun for example_subdag_operator.section-1 to None, run_after=None
[2024-02-22T14:30:17.682+0000] {logging_mixin.py:188} INFO - [2024-02-22T14:30:17.681+0000] {dag.py:3823} INFO - Setting next_dagrun for example_subdag_operator.section-2 to None, run_after=None
[2024-02-22T14:30:17.692+0000] {logging_mixin.py:188} INFO - [2024-02-22T14:30:17.692+0000] {dag.py:3036} INFO - Sync 2 DAGs
[2024-02-22T14:30:17.702+0000] {logging_mixin.py:188} INFO - [2024-02-22T14:30:17.702+0000] {dag.py:3823} INFO - Setting next_dagrun for example_subdag_operator.section-1 to None, run_after=None
[2024-02-22T14:30:17.703+0000] {logging_mixin.py:188} INFO - [2024-02-22T14:30:17.703+0000] {dag.py:3823} INFO - Setting next_dagrun for example_subdag_operator.section-2 to None, run_after=None
[2024-02-22T14:30:17.721+0000] {processor.py:183} INFO - Processing /home/airflow/.local/lib/python3.8/site-packages/airflow/example_dags/example_subdag_operator.py took 0.171 seconds
[2024-02-22T14:30:48.367+0000] {processor.py:161} INFO - Started process (PID=841) to work on /home/airflow/.local/lib/python3.8/site-packages/airflow/example_dags/example_subdag_operator.py
[2024-02-22T14:30:48.368+0000] {processor.py:830} INFO - Processing file /home/airflow/.local/lib/python3.8/site-packages/airflow/example_dags/example_subdag_operator.py for tasks to queue
[2024-02-22T14:30:48.372+0000] {logging_mixin.py:188} INFO - [2024-02-22T14:30:48.372+0000] {dagbag.py:538} INFO - Filling up the DagBag from /home/airflow/.local/lib/python3.8/site-packages/airflow/example_dags/example_subdag_operator.py
[2024-02-22T14:30:48.422+0000] {processor.py:840} INFO - DAG(s) 'example_subdag_operator.section-1', 'example_subdag_operator.section-2', 'example_subdag_operator' retrieved from /home/airflow/.local/lib/python3.8/site-packages/airflow/example_dags/example_subdag_operator.py
[2024-02-22T14:30:48.453+0000] {logging_mixin.py:188} INFO - [2024-02-22T14:30:48.452+0000] {dag.py:3036} INFO - Sync 3 DAGs
[2024-02-22T14:30:48.488+0000] {logging_mixin.py:188} INFO - [2024-02-22T14:30:48.488+0000] {dag.py:3823} INFO - Setting next_dagrun for example_subdag_operator to 2022-01-01 00:00:00+00:00, run_after=2022-01-01 00:00:00+00:00
[2024-02-22T14:30:48.494+0000] {logging_mixin.py:188} INFO - [2024-02-22T14:30:48.494+0000] {dag.py:3823} INFO - Setting next_dagrun for example_subdag_operator.section-1 to None, run_after=None
[2024-02-22T14:30:48.496+0000] {logging_mixin.py:188} INFO - [2024-02-22T14:30:48.496+0000] {dag.py:3823} INFO - Setting next_dagrun for example_subdag_operator.section-2 to None, run_after=None
[2024-02-22T14:30:48.508+0000] {logging_mixin.py:188} INFO - [2024-02-22T14:30:48.508+0000] {dag.py:3036} INFO - Sync 2 DAGs
[2024-02-22T14:30:48.516+0000] {logging_mixin.py:188} INFO - [2024-02-22T14:30:48.516+0000] {dag.py:3823} INFO - Setting next_dagrun for example_subdag_operator.section-1 to None, run_after=None
[2024-02-22T14:30:48.517+0000] {logging_mixin.py:188} INFO - [2024-02-22T14:30:48.517+0000] {dag.py:3823} INFO - Setting next_dagrun for example_subdag_operator.section-2 to None, run_after=None
[2024-02-22T14:30:48.538+0000] {processor.py:183} INFO - Processing /home/airflow/.local/lib/python3.8/site-packages/airflow/example_dags/example_subdag_operator.py took 0.178 seconds
[2024-02-22T14:31:19.646+0000] {processor.py:161} INFO - Started process (PID=897) to work on /home/airflow/.local/lib/python3.8/site-packages/airflow/example_dags/example_subdag_operator.py
[2024-02-22T14:31:19.649+0000] {processor.py:830} INFO - Processing file /home/airflow/.local/lib/python3.8/site-packages/airflow/example_dags/example_subdag_operator.py for tasks to queue
[2024-02-22T14:31:19.654+0000] {logging_mixin.py:188} INFO - [2024-02-22T14:31:19.653+0000] {dagbag.py:538} INFO - Filling up the DagBag from /home/airflow/.local/lib/python3.8/site-packages/airflow/example_dags/example_subdag_operator.py
[2024-02-22T14:31:19.700+0000] {processor.py:840} INFO - DAG(s) 'example_subdag_operator.section-1', 'example_subdag_operator.section-2', 'example_subdag_operator' retrieved from /home/airflow/.local/lib/python3.8/site-packages/airflow/example_dags/example_subdag_operator.py
[2024-02-22T14:31:19.731+0000] {logging_mixin.py:188} INFO - [2024-02-22T14:31:19.731+0000] {dag.py:3036} INFO - Sync 3 DAGs
[2024-02-22T14:31:19.770+0000] {logging_mixin.py:188} INFO - [2024-02-22T14:31:19.769+0000] {dag.py:3823} INFO - Setting next_dagrun for example_subdag_operator to 2022-01-01 00:00:00+00:00, run_after=2022-01-01 00:00:00+00:00
[2024-02-22T14:31:19.776+0000] {logging_mixin.py:188} INFO - [2024-02-22T14:31:19.775+0000] {dag.py:3823} INFO - Setting next_dagrun for example_subdag_operator.section-1 to None, run_after=None
[2024-02-22T14:31:19.779+0000] {logging_mixin.py:188} INFO - [2024-02-22T14:31:19.778+0000] {dag.py:3823} INFO - Setting next_dagrun for example_subdag_operator.section-2 to None, run_after=None
[2024-02-22T14:31:19.791+0000] {logging_mixin.py:188} INFO - [2024-02-22T14:31:19.790+0000] {dag.py:3036} INFO - Sync 2 DAGs
[2024-02-22T14:31:19.801+0000] {logging_mixin.py:188} INFO - [2024-02-22T14:31:19.801+0000] {dag.py:3823} INFO - Setting next_dagrun for example_subdag_operator.section-1 to None, run_after=None
[2024-02-22T14:31:19.802+0000] {logging_mixin.py:188} INFO - [2024-02-22T14:31:19.802+0000] {dag.py:3823} INFO - Setting next_dagrun for example_subdag_operator.section-2 to None, run_after=None
[2024-02-22T14:31:19.822+0000] {processor.py:183} INFO - Processing /home/airflow/.local/lib/python3.8/site-packages/airflow/example_dags/example_subdag_operator.py took 0.182 seconds
[2024-02-22T14:31:50.441+0000] {processor.py:161} INFO - Started process (PID=952) to work on /home/airflow/.local/lib/python3.8/site-packages/airflow/example_dags/example_subdag_operator.py
[2024-02-22T14:31:50.443+0000] {processor.py:830} INFO - Processing file /home/airflow/.local/lib/python3.8/site-packages/airflow/example_dags/example_subdag_operator.py for tasks to queue
[2024-02-22T14:31:50.447+0000] {logging_mixin.py:188} INFO - [2024-02-22T14:31:50.446+0000] {dagbag.py:538} INFO - Filling up the DagBag from /home/airflow/.local/lib/python3.8/site-packages/airflow/example_dags/example_subdag_operator.py
[2024-02-22T14:31:50.502+0000] {processor.py:840} INFO - DAG(s) 'example_subdag_operator.section-1', 'example_subdag_operator.section-2', 'example_subdag_operator' retrieved from /home/airflow/.local/lib/python3.8/site-packages/airflow/example_dags/example_subdag_operator.py
[2024-02-22T14:31:50.533+0000] {logging_mixin.py:188} INFO - [2024-02-22T14:31:50.532+0000] {dag.py:3036} INFO - Sync 3 DAGs
[2024-02-22T14:31:50.570+0000] {logging_mixin.py:188} INFO - [2024-02-22T14:31:50.570+0000] {dag.py:3823} INFO - Setting next_dagrun for example_subdag_operator to 2022-01-01 00:00:00+00:00, run_after=2022-01-01 00:00:00+00:00
[2024-02-22T14:31:50.578+0000] {logging_mixin.py:188} INFO - [2024-02-22T14:31:50.577+0000] {dag.py:3823} INFO - Setting next_dagrun for example_subdag_operator.section-1 to None, run_after=None
[2024-02-22T14:31:50.580+0000] {logging_mixin.py:188} INFO - [2024-02-22T14:31:50.580+0000] {dag.py:3823} INFO - Setting next_dagrun for example_subdag_operator.section-2 to None, run_after=None
[2024-02-22T14:31:50.593+0000] {logging_mixin.py:188} INFO - [2024-02-22T14:31:50.593+0000] {dag.py:3036} INFO - Sync 2 DAGs
[2024-02-22T14:31:50.602+0000] {logging_mixin.py:188} INFO - [2024-02-22T14:31:50.602+0000] {dag.py:3823} INFO - Setting next_dagrun for example_subdag_operator.section-1 to None, run_after=None
[2024-02-22T14:31:50.603+0000] {logging_mixin.py:188} INFO - [2024-02-22T14:31:50.603+0000] {dag.py:3823} INFO - Setting next_dagrun for example_subdag_operator.section-2 to None, run_after=None
[2024-02-22T14:31:50.620+0000] {processor.py:183} INFO - Processing /home/airflow/.local/lib/python3.8/site-packages/airflow/example_dags/example_subdag_operator.py took 0.187 seconds
[2024-02-22T14:32:21.272+0000] {processor.py:161} INFO - Started process (PID=1007) to work on /home/airflow/.local/lib/python3.8/site-packages/airflow/example_dags/example_subdag_operator.py
[2024-02-22T14:32:21.275+0000] {processor.py:830} INFO - Processing file /home/airflow/.local/lib/python3.8/site-packages/airflow/example_dags/example_subdag_operator.py for tasks to queue
[2024-02-22T14:32:21.281+0000] {logging_mixin.py:188} INFO - [2024-02-22T14:32:21.280+0000] {dagbag.py:538} INFO - Filling up the DagBag from /home/airflow/.local/lib/python3.8/site-packages/airflow/example_dags/example_subdag_operator.py
[2024-02-22T14:32:21.341+0000] {processor.py:840} INFO - DAG(s) 'example_subdag_operator.section-1', 'example_subdag_operator.section-2', 'example_subdag_operator' retrieved from /home/airflow/.local/lib/python3.8/site-packages/airflow/example_dags/example_subdag_operator.py
[2024-02-22T14:32:21.413+0000] {logging_mixin.py:188} INFO - [2024-02-22T14:32:21.411+0000] {dag.py:3036} INFO - Sync 3 DAGs
[2024-02-22T14:32:21.472+0000] {logging_mixin.py:188} INFO - [2024-02-22T14:32:21.471+0000] {dag.py:3823} INFO - Setting next_dagrun for example_subdag_operator to 2022-01-01 00:00:00+00:00, run_after=2022-01-01 00:00:00+00:00
[2024-02-22T14:32:21.491+0000] {logging_mixin.py:188} INFO - [2024-02-22T14:32:21.491+0000] {dag.py:3823} INFO - Setting next_dagrun for example_subdag_operator.section-1 to None, run_after=None
[2024-02-22T14:32:21.496+0000] {logging_mixin.py:188} INFO - [2024-02-22T14:32:21.495+0000] {dag.py:3823} INFO - Setting next_dagrun for example_subdag_operator.section-2 to None, run_after=None
[2024-02-22T14:32:21.515+0000] {logging_mixin.py:188} INFO - [2024-02-22T14:32:21.514+0000] {dag.py:3036} INFO - Sync 2 DAGs
[2024-02-22T14:32:21.529+0000] {logging_mixin.py:188} INFO - [2024-02-22T14:32:21.529+0000] {dag.py:3823} INFO - Setting next_dagrun for example_subdag_operator.section-1 to None, run_after=None
[2024-02-22T14:32:21.531+0000] {logging_mixin.py:188} INFO - [2024-02-22T14:32:21.530+0000] {dag.py:3823} INFO - Setting next_dagrun for example_subdag_operator.section-2 to None, run_after=None
[2024-02-22T14:32:21.555+0000] {processor.py:183} INFO - Processing /home/airflow/.local/lib/python3.8/site-packages/airflow/example_dags/example_subdag_operator.py took 0.292 seconds
[2024-02-22T14:34:27.460+0000] {processor.py:161} INFO - Started process (PID=71) to work on /home/airflow/.local/lib/python3.8/site-packages/airflow/example_dags/example_subdag_operator.py
[2024-02-22T14:34:27.467+0000] {processor.py:830} INFO - Processing file /home/airflow/.local/lib/python3.8/site-packages/airflow/example_dags/example_subdag_operator.py for tasks to queue
[2024-02-22T14:34:27.480+0000] {logging_mixin.py:188} INFO - [2024-02-22T14:34:27.478+0000] {dagbag.py:538} INFO - Filling up the DagBag from /home/airflow/.local/lib/python3.8/site-packages/airflow/example_dags/example_subdag_operator.py
[2024-02-22T14:34:27.565+0000] {processor.py:840} INFO - DAG(s) 'example_subdag_operator.section-1', 'example_subdag_operator.section-2', 'example_subdag_operator' retrieved from /home/airflow/.local/lib/python3.8/site-packages/airflow/example_dags/example_subdag_operator.py
[2024-02-22T14:34:27.609+0000] {logging_mixin.py:188} INFO - [2024-02-22T14:34:27.608+0000] {dag.py:3036} INFO - Sync 3 DAGs
[2024-02-22T14:34:27.658+0000] {logging_mixin.py:188} INFO - [2024-02-22T14:34:27.657+0000] {dag.py:3823} INFO - Setting next_dagrun for example_subdag_operator to 2022-01-01 00:00:00+00:00, run_after=2022-01-01 00:00:00+00:00
[2024-02-22T14:34:27.666+0000] {logging_mixin.py:188} INFO - [2024-02-22T14:34:27.665+0000] {dag.py:3823} INFO - Setting next_dagrun for example_subdag_operator.section-1 to None, run_after=None
[2024-02-22T14:34:27.668+0000] {logging_mixin.py:188} INFO - [2024-02-22T14:34:27.668+0000] {dag.py:3823} INFO - Setting next_dagrun for example_subdag_operator.section-2 to None, run_after=None
[2024-02-22T14:34:27.683+0000] {logging_mixin.py:188} INFO - [2024-02-22T14:34:27.683+0000] {dag.py:3036} INFO - Sync 2 DAGs
[2024-02-22T14:34:27.696+0000] {logging_mixin.py:188} INFO - [2024-02-22T14:34:27.695+0000] {dag.py:3823} INFO - Setting next_dagrun for example_subdag_operator.section-1 to None, run_after=None
[2024-02-22T14:34:27.697+0000] {logging_mixin.py:188} INFO - [2024-02-22T14:34:27.696+0000] {dag.py:3823} INFO - Setting next_dagrun for example_subdag_operator.section-2 to None, run_after=None
[2024-02-22T14:34:27.746+0000] {processor.py:183} INFO - Processing /home/airflow/.local/lib/python3.8/site-packages/airflow/example_dags/example_subdag_operator.py took 0.293 seconds
[2024-02-22T14:34:57.836+0000] {processor.py:161} INFO - Started process (PID=125) to work on /home/airflow/.local/lib/python3.8/site-packages/airflow/example_dags/example_subdag_operator.py
[2024-02-22T14:34:57.838+0000] {processor.py:830} INFO - Processing file /home/airflow/.local/lib/python3.8/site-packages/airflow/example_dags/example_subdag_operator.py for tasks to queue
[2024-02-22T14:34:57.842+0000] {logging_mixin.py:188} INFO - [2024-02-22T14:34:57.841+0000] {dagbag.py:538} INFO - Filling up the DagBag from /home/airflow/.local/lib/python3.8/site-packages/airflow/example_dags/example_subdag_operator.py
[2024-02-22T14:34:57.885+0000] {processor.py:840} INFO - DAG(s) 'example_subdag_operator.section-1', 'example_subdag_operator.section-2', 'example_subdag_operator' retrieved from /home/airflow/.local/lib/python3.8/site-packages/airflow/example_dags/example_subdag_operator.py
[2024-02-22T14:34:57.923+0000] {logging_mixin.py:188} INFO - [2024-02-22T14:34:57.922+0000] {dag.py:3036} INFO - Sync 3 DAGs
[2024-02-22T14:34:57.963+0000] {logging_mixin.py:188} INFO - [2024-02-22T14:34:57.962+0000] {dag.py:3823} INFO - Setting next_dagrun for example_subdag_operator to 2022-01-01 00:00:00+00:00, run_after=2022-01-01 00:00:00+00:00
[2024-02-22T14:34:57.969+0000] {logging_mixin.py:188} INFO - [2024-02-22T14:34:57.969+0000] {dag.py:3823} INFO - Setting next_dagrun for example_subdag_operator.section-1 to None, run_after=None
[2024-02-22T14:34:57.971+0000] {logging_mixin.py:188} INFO - [2024-02-22T14:34:57.971+0000] {dag.py:3823} INFO - Setting next_dagrun for example_subdag_operator.section-2 to None, run_after=None
[2024-02-22T14:34:57.982+0000] {logging_mixin.py:188} INFO - [2024-02-22T14:34:57.982+0000] {dag.py:3036} INFO - Sync 2 DAGs
[2024-02-22T14:34:57.991+0000] {logging_mixin.py:188} INFO - [2024-02-22T14:34:57.990+0000] {dag.py:3823} INFO - Setting next_dagrun for example_subdag_operator.section-1 to None, run_after=None
[2024-02-22T14:34:57.991+0000] {logging_mixin.py:188} INFO - [2024-02-22T14:34:57.991+0000] {dag.py:3823} INFO - Setting next_dagrun for example_subdag_operator.section-2 to None, run_after=None
[2024-02-22T14:34:58.008+0000] {processor.py:183} INFO - Processing /home/airflow/.local/lib/python3.8/site-packages/airflow/example_dags/example_subdag_operator.py took 0.179 seconds
[2024-02-22T14:35:28.530+0000] {processor.py:161} INFO - Started process (PID=180) to work on /home/airflow/.local/lib/python3.8/site-packages/airflow/example_dags/example_subdag_operator.py
[2024-02-22T14:35:28.532+0000] {processor.py:830} INFO - Processing file /home/airflow/.local/lib/python3.8/site-packages/airflow/example_dags/example_subdag_operator.py for tasks to queue
[2024-02-22T14:35:28.536+0000] {logging_mixin.py:188} INFO - [2024-02-22T14:35:28.536+0000] {dagbag.py:538} INFO - Filling up the DagBag from /home/airflow/.local/lib/python3.8/site-packages/airflow/example_dags/example_subdag_operator.py
[2024-02-22T14:35:28.586+0000] {processor.py:840} INFO - DAG(s) 'example_subdag_operator.section-1', 'example_subdag_operator.section-2', 'example_subdag_operator' retrieved from /home/airflow/.local/lib/python3.8/site-packages/airflow/example_dags/example_subdag_operator.py
[2024-02-22T14:35:28.621+0000] {logging_mixin.py:188} INFO - [2024-02-22T14:35:28.620+0000] {dag.py:3036} INFO - Sync 3 DAGs
[2024-02-22T14:35:28.669+0000] {logging_mixin.py:188} INFO - [2024-02-22T14:35:28.668+0000] {dag.py:3823} INFO - Setting next_dagrun for example_subdag_operator to 2022-01-01 00:00:00+00:00, run_after=2022-01-01 00:00:00+00:00
[2024-02-22T14:35:28.676+0000] {logging_mixin.py:188} INFO - [2024-02-22T14:35:28.676+0000] {dag.py:3823} INFO - Setting next_dagrun for example_subdag_operator.section-1 to None, run_after=None
[2024-02-22T14:35:28.679+0000] {logging_mixin.py:188} INFO - [2024-02-22T14:35:28.678+0000] {dag.py:3823} INFO - Setting next_dagrun for example_subdag_operator.section-2 to None, run_after=None
[2024-02-22T14:35:28.694+0000] {logging_mixin.py:188} INFO - [2024-02-22T14:35:28.693+0000] {dag.py:3036} INFO - Sync 2 DAGs
[2024-02-22T14:35:28.708+0000] {logging_mixin.py:188} INFO - [2024-02-22T14:35:28.708+0000] {dag.py:3823} INFO - Setting next_dagrun for example_subdag_operator.section-1 to None, run_after=None
[2024-02-22T14:35:28.710+0000] {logging_mixin.py:188} INFO - [2024-02-22T14:35:28.709+0000] {dag.py:3823} INFO - Setting next_dagrun for example_subdag_operator.section-2 to None, run_after=None
[2024-02-22T14:35:28.734+0000] {processor.py:183} INFO - Processing /home/airflow/.local/lib/python3.8/site-packages/airflow/example_dags/example_subdag_operator.py took 0.212 seconds
[2024-02-22T14:35:59.155+0000] {processor.py:161} INFO - Started process (PID=235) to work on /home/airflow/.local/lib/python3.8/site-packages/airflow/example_dags/example_subdag_operator.py
[2024-02-22T14:35:59.157+0000] {processor.py:830} INFO - Processing file /home/airflow/.local/lib/python3.8/site-packages/airflow/example_dags/example_subdag_operator.py for tasks to queue
[2024-02-22T14:35:59.161+0000] {logging_mixin.py:188} INFO - [2024-02-22T14:35:59.160+0000] {dagbag.py:538} INFO - Filling up the DagBag from /home/airflow/.local/lib/python3.8/site-packages/airflow/example_dags/example_subdag_operator.py
[2024-02-22T14:35:59.206+0000] {processor.py:840} INFO - DAG(s) 'example_subdag_operator.section-1', 'example_subdag_operator.section-2', 'example_subdag_operator' retrieved from /home/airflow/.local/lib/python3.8/site-packages/airflow/example_dags/example_subdag_operator.py
[2024-02-22T14:35:59.243+0000] {logging_mixin.py:188} INFO - [2024-02-22T14:35:59.243+0000] {dag.py:3036} INFO - Sync 3 DAGs
[2024-02-22T14:35:59.280+0000] {logging_mixin.py:188} INFO - [2024-02-22T14:35:59.279+0000] {dag.py:3823} INFO - Setting next_dagrun for example_subdag_operator to 2022-01-01 00:00:00+00:00, run_after=2022-01-01 00:00:00+00:00
[2024-02-22T14:35:59.289+0000] {logging_mixin.py:188} INFO - [2024-02-22T14:35:59.288+0000] {dag.py:3823} INFO - Setting next_dagrun for example_subdag_operator.section-1 to None, run_after=None
[2024-02-22T14:35:59.292+0000] {logging_mixin.py:188} INFO - [2024-02-22T14:35:59.292+0000] {dag.py:3823} INFO - Setting next_dagrun for example_subdag_operator.section-2 to None, run_after=None
[2024-02-22T14:35:59.311+0000] {logging_mixin.py:188} INFO - [2024-02-22T14:35:59.310+0000] {dag.py:3036} INFO - Sync 2 DAGs
[2024-02-22T14:35:59.322+0000] {logging_mixin.py:188} INFO - [2024-02-22T14:35:59.321+0000] {dag.py:3823} INFO - Setting next_dagrun for example_subdag_operator.section-1 to None, run_after=None
[2024-02-22T14:35:59.322+0000] {logging_mixin.py:188} INFO - [2024-02-22T14:35:59.322+0000] {dag.py:3823} INFO - Setting next_dagrun for example_subdag_operator.section-2 to None, run_after=None
[2024-02-22T14:35:59.345+0000] {processor.py:183} INFO - Processing /home/airflow/.local/lib/python3.8/site-packages/airflow/example_dags/example_subdag_operator.py took 0.197 seconds
[2024-02-22T14:36:29.491+0000] {processor.py:161} INFO - Started process (PID=291) to work on /home/airflow/.local/lib/python3.8/site-packages/airflow/example_dags/example_subdag_operator.py
[2024-02-22T14:36:29.493+0000] {processor.py:830} INFO - Processing file /home/airflow/.local/lib/python3.8/site-packages/airflow/example_dags/example_subdag_operator.py for tasks to queue
[2024-02-22T14:36:29.496+0000] {logging_mixin.py:188} INFO - [2024-02-22T14:36:29.496+0000] {dagbag.py:538} INFO - Filling up the DagBag from /home/airflow/.local/lib/python3.8/site-packages/airflow/example_dags/example_subdag_operator.py
[2024-02-22T14:36:29.538+0000] {processor.py:840} INFO - DAG(s) 'example_subdag_operator.section-1', 'example_subdag_operator.section-2', 'example_subdag_operator' retrieved from /home/airflow/.local/lib/python3.8/site-packages/airflow/example_dags/example_subdag_operator.py
[2024-02-22T14:36:29.568+0000] {logging_mixin.py:188} INFO - [2024-02-22T14:36:29.567+0000] {dag.py:3036} INFO - Sync 3 DAGs
[2024-02-22T14:36:29.607+0000] {logging_mixin.py:188} INFO - [2024-02-22T14:36:29.606+0000] {dag.py:3823} INFO - Setting next_dagrun for example_subdag_operator to 2022-01-01 00:00:00+00:00, run_after=2022-01-01 00:00:00+00:00
[2024-02-22T14:36:29.615+0000] {logging_mixin.py:188} INFO - [2024-02-22T14:36:29.614+0000] {dag.py:3823} INFO - Setting next_dagrun for example_subdag_operator.section-1 to None, run_after=None
[2024-02-22T14:36:29.618+0000] {logging_mixin.py:188} INFO - [2024-02-22T14:36:29.617+0000] {dag.py:3823} INFO - Setting next_dagrun for example_subdag_operator.section-2 to None, run_after=None
[2024-02-22T14:36:29.632+0000] {logging_mixin.py:188} INFO - [2024-02-22T14:36:29.631+0000] {dag.py:3036} INFO - Sync 2 DAGs
[2024-02-22T14:36:29.640+0000] {logging_mixin.py:188} INFO - [2024-02-22T14:36:29.639+0000] {dag.py:3823} INFO - Setting next_dagrun for example_subdag_operator.section-1 to None, run_after=None
[2024-02-22T14:36:29.641+0000] {logging_mixin.py:188} INFO - [2024-02-22T14:36:29.640+0000] {dag.py:3823} INFO - Setting next_dagrun for example_subdag_operator.section-2 to None, run_after=None
[2024-02-22T14:36:29.657+0000] {processor.py:183} INFO - Processing /home/airflow/.local/lib/python3.8/site-packages/airflow/example_dags/example_subdag_operator.py took 0.174 seconds
[2024-02-22T14:37:00.213+0000] {processor.py:161} INFO - Started process (PID=346) to work on /home/airflow/.local/lib/python3.8/site-packages/airflow/example_dags/example_subdag_operator.py
[2024-02-22T14:37:00.216+0000] {processor.py:830} INFO - Processing file /home/airflow/.local/lib/python3.8/site-packages/airflow/example_dags/example_subdag_operator.py for tasks to queue
[2024-02-22T14:37:00.220+0000] {logging_mixin.py:188} INFO - [2024-02-22T14:37:00.219+0000] {dagbag.py:538} INFO - Filling up the DagBag from /home/airflow/.local/lib/python3.8/site-packages/airflow/example_dags/example_subdag_operator.py
[2024-02-22T14:37:00.265+0000] {processor.py:840} INFO - DAG(s) 'example_subdag_operator.section-1', 'example_subdag_operator.section-2', 'example_subdag_operator' retrieved from /home/airflow/.local/lib/python3.8/site-packages/airflow/example_dags/example_subdag_operator.py
[2024-02-22T14:37:00.294+0000] {logging_mixin.py:188} INFO - [2024-02-22T14:37:00.293+0000] {dag.py:3036} INFO - Sync 3 DAGs
[2024-02-22T14:37:00.335+0000] {logging_mixin.py:188} INFO - [2024-02-22T14:37:00.334+0000] {dag.py:3823} INFO - Setting next_dagrun for example_subdag_operator to 2022-01-01 00:00:00+00:00, run_after=2022-01-01 00:00:00+00:00
[2024-02-22T14:37:00.342+0000] {logging_mixin.py:188} INFO - [2024-02-22T14:37:00.342+0000] {dag.py:3823} INFO - Setting next_dagrun for example_subdag_operator.section-1 to None, run_after=None
[2024-02-22T14:37:00.344+0000] {logging_mixin.py:188} INFO - [2024-02-22T14:37:00.344+0000] {dag.py:3823} INFO - Setting next_dagrun for example_subdag_operator.section-2 to None, run_after=None
[2024-02-22T14:37:00.355+0000] {logging_mixin.py:188} INFO - [2024-02-22T14:37:00.355+0000] {dag.py:3036} INFO - Sync 2 DAGs
[2024-02-22T14:37:00.363+0000] {logging_mixin.py:188} INFO - [2024-02-22T14:37:00.363+0000] {dag.py:3823} INFO - Setting next_dagrun for example_subdag_operator.section-1 to None, run_after=None
[2024-02-22T14:37:00.364+0000] {logging_mixin.py:188} INFO - [2024-02-22T14:37:00.364+0000] {dag.py:3823} INFO - Setting next_dagrun for example_subdag_operator.section-2 to None, run_after=None
[2024-02-22T14:37:00.384+0000] {processor.py:183} INFO - Processing /home/airflow/.local/lib/python3.8/site-packages/airflow/example_dags/example_subdag_operator.py took 0.178 seconds
[2024-02-22T14:37:30.938+0000] {processor.py:161} INFO - Started process (PID=401) to work on /home/airflow/.local/lib/python3.8/site-packages/airflow/example_dags/example_subdag_operator.py
[2024-02-22T14:37:30.940+0000] {processor.py:830} INFO - Processing file /home/airflow/.local/lib/python3.8/site-packages/airflow/example_dags/example_subdag_operator.py for tasks to queue
[2024-02-22T14:37:30.943+0000] {logging_mixin.py:188} INFO - [2024-02-22T14:37:30.943+0000] {dagbag.py:538} INFO - Filling up the DagBag from /home/airflow/.local/lib/python3.8/site-packages/airflow/example_dags/example_subdag_operator.py
[2024-02-22T14:37:30.985+0000] {processor.py:840} INFO - DAG(s) 'example_subdag_operator.section-1', 'example_subdag_operator.section-2', 'example_subdag_operator' retrieved from /home/airflow/.local/lib/python3.8/site-packages/airflow/example_dags/example_subdag_operator.py
[2024-02-22T14:37:31.017+0000] {logging_mixin.py:188} INFO - [2024-02-22T14:37:31.016+0000] {dag.py:3036} INFO - Sync 3 DAGs
[2024-02-22T14:37:31.059+0000] {logging_mixin.py:188} INFO - [2024-02-22T14:37:31.058+0000] {dag.py:3823} INFO - Setting next_dagrun for example_subdag_operator to 2022-01-01 00:00:00+00:00, run_after=2022-01-01 00:00:00+00:00
[2024-02-22T14:37:31.066+0000] {logging_mixin.py:188} INFO - [2024-02-22T14:37:31.065+0000] {dag.py:3823} INFO - Setting next_dagrun for example_subdag_operator.section-1 to None, run_after=None
[2024-02-22T14:37:31.070+0000] {logging_mixin.py:188} INFO - [2024-02-22T14:37:31.069+0000] {dag.py:3823} INFO - Setting next_dagrun for example_subdag_operator.section-2 to None, run_after=None
[2024-02-22T14:37:31.086+0000] {logging_mixin.py:188} INFO - [2024-02-22T14:37:31.086+0000] {dag.py:3036} INFO - Sync 2 DAGs
[2024-02-22T14:37:31.094+0000] {logging_mixin.py:188} INFO - [2024-02-22T14:37:31.094+0000] {dag.py:3823} INFO - Setting next_dagrun for example_subdag_operator.section-1 to None, run_after=None
[2024-02-22T14:37:31.095+0000] {logging_mixin.py:188} INFO - [2024-02-22T14:37:31.095+0000] {dag.py:3823} INFO - Setting next_dagrun for example_subdag_operator.section-2 to None, run_after=None
[2024-02-22T14:37:31.112+0000] {processor.py:183} INFO - Processing /home/airflow/.local/lib/python3.8/site-packages/airflow/example_dags/example_subdag_operator.py took 0.180 seconds
[2024-02-22T14:38:01.364+0000] {processor.py:161} INFO - Started process (PID=457) to work on /home/airflow/.local/lib/python3.8/site-packages/airflow/example_dags/example_subdag_operator.py
[2024-02-22T14:38:01.367+0000] {processor.py:830} INFO - Processing file /home/airflow/.local/lib/python3.8/site-packages/airflow/example_dags/example_subdag_operator.py for tasks to queue
[2024-02-22T14:38:01.371+0000] {logging_mixin.py:188} INFO - [2024-02-22T14:38:01.370+0000] {dagbag.py:538} INFO - Filling up the DagBag from /home/airflow/.local/lib/python3.8/site-packages/airflow/example_dags/example_subdag_operator.py
[2024-02-22T14:38:01.412+0000] {processor.py:840} INFO - DAG(s) 'example_subdag_operator.section-1', 'example_subdag_operator.section-2', 'example_subdag_operator' retrieved from /home/airflow/.local/lib/python3.8/site-packages/airflow/example_dags/example_subdag_operator.py
[2024-02-22T14:38:01.443+0000] {logging_mixin.py:188} INFO - [2024-02-22T14:38:01.442+0000] {dag.py:3036} INFO - Sync 3 DAGs
[2024-02-22T14:38:01.488+0000] {logging_mixin.py:188} INFO - [2024-02-22T14:38:01.488+0000] {dag.py:3823} INFO - Setting next_dagrun for example_subdag_operator to 2022-01-01 00:00:00+00:00, run_after=2022-01-01 00:00:00+00:00
[2024-02-22T14:38:01.494+0000] {logging_mixin.py:188} INFO - [2024-02-22T14:38:01.493+0000] {dag.py:3823} INFO - Setting next_dagrun for example_subdag_operator.section-1 to None, run_after=None
[2024-02-22T14:38:01.496+0000] {logging_mixin.py:188} INFO - [2024-02-22T14:38:01.496+0000] {dag.py:3823} INFO - Setting next_dagrun for example_subdag_operator.section-2 to None, run_after=None
[2024-02-22T14:38:01.508+0000] {logging_mixin.py:188} INFO - [2024-02-22T14:38:01.507+0000] {dag.py:3036} INFO - Sync 2 DAGs
[2024-02-22T14:38:01.515+0000] {logging_mixin.py:188} INFO - [2024-02-22T14:38:01.515+0000] {dag.py:3823} INFO - Setting next_dagrun for example_subdag_operator.section-1 to None, run_after=None
[2024-02-22T14:38:01.516+0000] {logging_mixin.py:188} INFO - [2024-02-22T14:38:01.516+0000] {dag.py:3823} INFO - Setting next_dagrun for example_subdag_operator.section-2 to None, run_after=None
[2024-02-22T14:38:01.533+0000] {processor.py:183} INFO - Processing /home/airflow/.local/lib/python3.8/site-packages/airflow/example_dags/example_subdag_operator.py took 0.176 seconds
[2024-02-22T14:38:32.356+0000] {processor.py:161} INFO - Started process (PID=512) to work on /home/airflow/.local/lib/python3.8/site-packages/airflow/example_dags/example_subdag_operator.py
[2024-02-22T14:38:32.359+0000] {processor.py:830} INFO - Processing file /home/airflow/.local/lib/python3.8/site-packages/airflow/example_dags/example_subdag_operator.py for tasks to queue
[2024-02-22T14:38:32.363+0000] {logging_mixin.py:188} INFO - [2024-02-22T14:38:32.363+0000] {dagbag.py:538} INFO - Filling up the DagBag from /home/airflow/.local/lib/python3.8/site-packages/airflow/example_dags/example_subdag_operator.py
[2024-02-22T14:38:32.419+0000] {processor.py:840} INFO - DAG(s) 'example_subdag_operator.section-1', 'example_subdag_operator.section-2', 'example_subdag_operator' retrieved from /home/airflow/.local/lib/python3.8/site-packages/airflow/example_dags/example_subdag_operator.py
[2024-02-22T14:38:32.463+0000] {logging_mixin.py:188} INFO - [2024-02-22T14:38:32.461+0000] {dag.py:3036} INFO - Sync 3 DAGs
[2024-02-22T14:38:32.501+0000] {logging_mixin.py:188} INFO - [2024-02-22T14:38:32.500+0000] {dag.py:3823} INFO - Setting next_dagrun for example_subdag_operator to 2022-01-01 00:00:00+00:00, run_after=2022-01-01 00:00:00+00:00
[2024-02-22T14:38:32.506+0000] {logging_mixin.py:188} INFO - [2024-02-22T14:38:32.506+0000] {dag.py:3823} INFO - Setting next_dagrun for example_subdag_operator.section-1 to None, run_after=None
[2024-02-22T14:38:32.508+0000] {logging_mixin.py:188} INFO - [2024-02-22T14:38:32.508+0000] {dag.py:3823} INFO - Setting next_dagrun for example_subdag_operator.section-2 to None, run_after=None
[2024-02-22T14:38:32.520+0000] {logging_mixin.py:188} INFO - [2024-02-22T14:38:32.519+0000] {dag.py:3036} INFO - Sync 2 DAGs
[2024-02-22T14:38:32.546+0000] {logging_mixin.py:188} INFO - [2024-02-22T14:38:32.546+0000] {dag.py:3823} INFO - Setting next_dagrun for example_subdag_operator.section-1 to None, run_after=None
[2024-02-22T14:38:32.547+0000] {logging_mixin.py:188} INFO - [2024-02-22T14:38:32.547+0000] {dag.py:3823} INFO - Setting next_dagrun for example_subdag_operator.section-2 to None, run_after=None
[2024-02-22T14:38:32.577+0000] {processor.py:183} INFO - Processing /home/airflow/.local/lib/python3.8/site-packages/airflow/example_dags/example_subdag_operator.py took 0.228 seconds
[2024-02-22T14:39:02.674+0000] {processor.py:161} INFO - Started process (PID=567) to work on /home/airflow/.local/lib/python3.8/site-packages/airflow/example_dags/example_subdag_operator.py
[2024-02-22T14:39:02.676+0000] {processor.py:830} INFO - Processing file /home/airflow/.local/lib/python3.8/site-packages/airflow/example_dags/example_subdag_operator.py for tasks to queue
[2024-02-22T14:39:02.681+0000] {logging_mixin.py:188} INFO - [2024-02-22T14:39:02.681+0000] {dagbag.py:538} INFO - Filling up the DagBag from /home/airflow/.local/lib/python3.8/site-packages/airflow/example_dags/example_subdag_operator.py
[2024-02-22T14:39:02.739+0000] {processor.py:840} INFO - DAG(s) 'example_subdag_operator.section-1', 'example_subdag_operator.section-2', 'example_subdag_operator' retrieved from /home/airflow/.local/lib/python3.8/site-packages/airflow/example_dags/example_subdag_operator.py
[2024-02-22T14:39:02.784+0000] {logging_mixin.py:188} INFO - [2024-02-22T14:39:02.783+0000] {dag.py:3036} INFO - Sync 3 DAGs
[2024-02-22T14:39:02.838+0000] {logging_mixin.py:188} INFO - [2024-02-22T14:39:02.837+0000] {dag.py:3823} INFO - Setting next_dagrun for example_subdag_operator to 2022-01-01 00:00:00+00:00, run_after=2022-01-01 00:00:00+00:00
[2024-02-22T14:39:02.847+0000] {logging_mixin.py:188} INFO - [2024-02-22T14:39:02.846+0000] {dag.py:3823} INFO - Setting next_dagrun for example_subdag_operator.section-1 to None, run_after=None
[2024-02-22T14:39:02.851+0000] {logging_mixin.py:188} INFO - [2024-02-22T14:39:02.850+0000] {dag.py:3823} INFO - Setting next_dagrun for example_subdag_operator.section-2 to None, run_after=None
[2024-02-22T14:39:02.868+0000] {logging_mixin.py:188} INFO - [2024-02-22T14:39:02.867+0000] {dag.py:3036} INFO - Sync 2 DAGs
[2024-02-22T14:39:02.881+0000] {logging_mixin.py:188} INFO - [2024-02-22T14:39:02.880+0000] {dag.py:3823} INFO - Setting next_dagrun for example_subdag_operator.section-1 to None, run_after=None
[2024-02-22T14:39:02.882+0000] {logging_mixin.py:188} INFO - [2024-02-22T14:39:02.882+0000] {dag.py:3823} INFO - Setting next_dagrun for example_subdag_operator.section-2 to None, run_after=None
[2024-02-22T14:39:02.907+0000] {processor.py:183} INFO - Processing /home/airflow/.local/lib/python3.8/site-packages/airflow/example_dags/example_subdag_operator.py took 0.242 seconds
[2024-02-22T14:39:33.172+0000] {processor.py:161} INFO - Started process (PID=622) to work on /home/airflow/.local/lib/python3.8/site-packages/airflow/example_dags/example_subdag_operator.py
[2024-02-22T14:39:33.175+0000] {processor.py:830} INFO - Processing file /home/airflow/.local/lib/python3.8/site-packages/airflow/example_dags/example_subdag_operator.py for tasks to queue
[2024-02-22T14:39:33.179+0000] {logging_mixin.py:188} INFO - [2024-02-22T14:39:33.178+0000] {dagbag.py:538} INFO - Filling up the DagBag from /home/airflow/.local/lib/python3.8/site-packages/airflow/example_dags/example_subdag_operator.py
[2024-02-22T14:39:33.222+0000] {processor.py:840} INFO - DAG(s) 'example_subdag_operator.section-1', 'example_subdag_operator.section-2', 'example_subdag_operator' retrieved from /home/airflow/.local/lib/python3.8/site-packages/airflow/example_dags/example_subdag_operator.py
[2024-02-22T14:39:33.253+0000] {logging_mixin.py:188} INFO - [2024-02-22T14:39:33.252+0000] {dag.py:3036} INFO - Sync 3 DAGs
[2024-02-22T14:39:33.297+0000] {logging_mixin.py:188} INFO - [2024-02-22T14:39:33.296+0000] {dag.py:3823} INFO - Setting next_dagrun for example_subdag_operator to 2022-01-01 00:00:00+00:00, run_after=2022-01-01 00:00:00+00:00
[2024-02-22T14:39:33.303+0000] {logging_mixin.py:188} INFO - [2024-02-22T14:39:33.303+0000] {dag.py:3823} INFO - Setting next_dagrun for example_subdag_operator.section-1 to None, run_after=None
[2024-02-22T14:39:33.305+0000] {logging_mixin.py:188} INFO - [2024-02-22T14:39:33.305+0000] {dag.py:3823} INFO - Setting next_dagrun for example_subdag_operator.section-2 to None, run_after=None
[2024-02-22T14:39:33.317+0000] {logging_mixin.py:188} INFO - [2024-02-22T14:39:33.316+0000] {dag.py:3036} INFO - Sync 2 DAGs
[2024-02-22T14:39:33.325+0000] {logging_mixin.py:188} INFO - [2024-02-22T14:39:33.325+0000] {dag.py:3823} INFO - Setting next_dagrun for example_subdag_operator.section-1 to None, run_after=None
[2024-02-22T14:39:33.326+0000] {logging_mixin.py:188} INFO - [2024-02-22T14:39:33.326+0000] {dag.py:3823} INFO - Setting next_dagrun for example_subdag_operator.section-2 to None, run_after=None
[2024-02-22T14:39:33.347+0000] {processor.py:183} INFO - Processing /home/airflow/.local/lib/python3.8/site-packages/airflow/example_dags/example_subdag_operator.py took 0.182 seconds
[2024-02-22T14:40:03.446+0000] {processor.py:161} INFO - Started process (PID=677) to work on /home/airflow/.local/lib/python3.8/site-packages/airflow/example_dags/example_subdag_operator.py
[2024-02-22T14:40:03.449+0000] {processor.py:830} INFO - Processing file /home/airflow/.local/lib/python3.8/site-packages/airflow/example_dags/example_subdag_operator.py for tasks to queue
[2024-02-22T14:40:03.454+0000] {logging_mixin.py:188} INFO - [2024-02-22T14:40:03.453+0000] {dagbag.py:538} INFO - Filling up the DagBag from /home/airflow/.local/lib/python3.8/site-packages/airflow/example_dags/example_subdag_operator.py
[2024-02-22T14:40:03.499+0000] {processor.py:840} INFO - DAG(s) 'example_subdag_operator.section-1', 'example_subdag_operator.section-2', 'example_subdag_operator' retrieved from /home/airflow/.local/lib/python3.8/site-packages/airflow/example_dags/example_subdag_operator.py
[2024-02-22T14:40:03.531+0000] {logging_mixin.py:188} INFO - [2024-02-22T14:40:03.530+0000] {dag.py:3036} INFO - Sync 3 DAGs
[2024-02-22T14:40:03.579+0000] {logging_mixin.py:188} INFO - [2024-02-22T14:40:03.578+0000] {dag.py:3823} INFO - Setting next_dagrun for example_subdag_operator to 2022-01-01 00:00:00+00:00, run_after=2022-01-01 00:00:00+00:00
[2024-02-22T14:40:03.585+0000] {logging_mixin.py:188} INFO - [2024-02-22T14:40:03.585+0000] {dag.py:3823} INFO - Setting next_dagrun for example_subdag_operator.section-1 to None, run_after=None
[2024-02-22T14:40:03.587+0000] {logging_mixin.py:188} INFO - [2024-02-22T14:40:03.587+0000] {dag.py:3823} INFO - Setting next_dagrun for example_subdag_operator.section-2 to None, run_after=None
[2024-02-22T14:40:03.600+0000] {logging_mixin.py:188} INFO - [2024-02-22T14:40:03.599+0000] {dag.py:3036} INFO - Sync 2 DAGs
[2024-02-22T14:40:03.609+0000] {logging_mixin.py:188} INFO - [2024-02-22T14:40:03.608+0000] {dag.py:3823} INFO - Setting next_dagrun for example_subdag_operator.section-1 to None, run_after=None
[2024-02-22T14:40:03.609+0000] {logging_mixin.py:188} INFO - [2024-02-22T14:40:03.609+0000] {dag.py:3823} INFO - Setting next_dagrun for example_subdag_operator.section-2 to None, run_after=None
[2024-02-22T14:40:03.630+0000] {processor.py:183} INFO - Processing /home/airflow/.local/lib/python3.8/site-packages/airflow/example_dags/example_subdag_operator.py took 0.191 seconds
[2024-02-22T14:40:34.282+0000] {processor.py:161} INFO - Started process (PID=732) to work on /home/airflow/.local/lib/python3.8/site-packages/airflow/example_dags/example_subdag_operator.py
[2024-02-22T14:40:34.284+0000] {processor.py:830} INFO - Processing file /home/airflow/.local/lib/python3.8/site-packages/airflow/example_dags/example_subdag_operator.py for tasks to queue
[2024-02-22T14:40:34.288+0000] {logging_mixin.py:188} INFO - [2024-02-22T14:40:34.288+0000] {dagbag.py:538} INFO - Filling up the DagBag from /home/airflow/.local/lib/python3.8/site-packages/airflow/example_dags/example_subdag_operator.py
[2024-02-22T14:40:34.339+0000] {processor.py:840} INFO - DAG(s) 'example_subdag_operator.section-1', 'example_subdag_operator.section-2', 'example_subdag_operator' retrieved from /home/airflow/.local/lib/python3.8/site-packages/airflow/example_dags/example_subdag_operator.py
[2024-02-22T14:40:34.373+0000] {logging_mixin.py:188} INFO - [2024-02-22T14:40:34.372+0000] {dag.py:3036} INFO - Sync 3 DAGs
[2024-02-22T14:40:34.414+0000] {logging_mixin.py:188} INFO - [2024-02-22T14:40:34.414+0000] {dag.py:3823} INFO - Setting next_dagrun for example_subdag_operator to 2022-01-01 00:00:00+00:00, run_after=2022-01-01 00:00:00+00:00
[2024-02-22T14:40:34.421+0000] {logging_mixin.py:188} INFO - [2024-02-22T14:40:34.420+0000] {dag.py:3823} INFO - Setting next_dagrun for example_subdag_operator.section-1 to None, run_after=None
[2024-02-22T14:40:34.424+0000] {logging_mixin.py:188} INFO - [2024-02-22T14:40:34.423+0000] {dag.py:3823} INFO - Setting next_dagrun for example_subdag_operator.section-2 to None, run_after=None
[2024-02-22T14:40:34.436+0000] {logging_mixin.py:188} INFO - [2024-02-22T14:40:34.436+0000] {dag.py:3036} INFO - Sync 2 DAGs
[2024-02-22T14:40:34.445+0000] {logging_mixin.py:188} INFO - [2024-02-22T14:40:34.445+0000] {dag.py:3823} INFO - Setting next_dagrun for example_subdag_operator.section-1 to None, run_after=None
[2024-02-22T14:40:34.446+0000] {logging_mixin.py:188} INFO - [2024-02-22T14:40:34.446+0000] {dag.py:3823} INFO - Setting next_dagrun for example_subdag_operator.section-2 to None, run_after=None
[2024-02-22T14:40:34.464+0000] {processor.py:183} INFO - Processing /home/airflow/.local/lib/python3.8/site-packages/airflow/example_dags/example_subdag_operator.py took 0.189 seconds
[2024-02-22T14:41:05.392+0000] {processor.py:161} INFO - Started process (PID=787) to work on /home/airflow/.local/lib/python3.8/site-packages/airflow/example_dags/example_subdag_operator.py
[2024-02-22T14:41:05.395+0000] {processor.py:830} INFO - Processing file /home/airflow/.local/lib/python3.8/site-packages/airflow/example_dags/example_subdag_operator.py for tasks to queue
[2024-02-22T14:41:05.400+0000] {logging_mixin.py:188} INFO - [2024-02-22T14:41:05.399+0000] {dagbag.py:538} INFO - Filling up the DagBag from /home/airflow/.local/lib/python3.8/site-packages/airflow/example_dags/example_subdag_operator.py
[2024-02-22T14:41:05.445+0000] {processor.py:840} INFO - DAG(s) 'example_subdag_operator.section-1', 'example_subdag_operator.section-2', 'example_subdag_operator' retrieved from /home/airflow/.local/lib/python3.8/site-packages/airflow/example_dags/example_subdag_operator.py
[2024-02-22T14:41:05.476+0000] {logging_mixin.py:188} INFO - [2024-02-22T14:41:05.475+0000] {dag.py:3036} INFO - Sync 3 DAGs
[2024-02-22T14:41:05.520+0000] {logging_mixin.py:188} INFO - [2024-02-22T14:41:05.520+0000] {dag.py:3823} INFO - Setting next_dagrun for example_subdag_operator to 2022-01-01 00:00:00+00:00, run_after=2022-01-01 00:00:00+00:00
[2024-02-22T14:41:05.527+0000] {logging_mixin.py:188} INFO - [2024-02-22T14:41:05.527+0000] {dag.py:3823} INFO - Setting next_dagrun for example_subdag_operator.section-1 to None, run_after=None
[2024-02-22T14:41:05.530+0000] {logging_mixin.py:188} INFO - [2024-02-22T14:41:05.529+0000] {dag.py:3823} INFO - Setting next_dagrun for example_subdag_operator.section-2 to None, run_after=None
[2024-02-22T14:41:05.544+0000] {logging_mixin.py:188} INFO - [2024-02-22T14:41:05.544+0000] {dag.py:3036} INFO - Sync 2 DAGs
[2024-02-22T14:41:05.554+0000] {logging_mixin.py:188} INFO - [2024-02-22T14:41:05.554+0000] {dag.py:3823} INFO - Setting next_dagrun for example_subdag_operator.section-1 to None, run_after=None
[2024-02-22T14:41:05.555+0000] {logging_mixin.py:188} INFO - [2024-02-22T14:41:05.554+0000] {dag.py:3823} INFO - Setting next_dagrun for example_subdag_operator.section-2 to None, run_after=None
[2024-02-22T14:41:05.573+0000] {processor.py:183} INFO - Processing /home/airflow/.local/lib/python3.8/site-packages/airflow/example_dags/example_subdag_operator.py took 0.187 seconds
[2024-02-22T14:41:36.362+0000] {processor.py:161} INFO - Started process (PID=842) to work on /home/airflow/.local/lib/python3.8/site-packages/airflow/example_dags/example_subdag_operator.py
[2024-02-22T14:41:36.365+0000] {processor.py:830} INFO - Processing file /home/airflow/.local/lib/python3.8/site-packages/airflow/example_dags/example_subdag_operator.py for tasks to queue
[2024-02-22T14:41:36.370+0000] {logging_mixin.py:188} INFO - [2024-02-22T14:41:36.369+0000] {dagbag.py:538} INFO - Filling up the DagBag from /home/airflow/.local/lib/python3.8/site-packages/airflow/example_dags/example_subdag_operator.py
[2024-02-22T14:41:36.416+0000] {processor.py:840} INFO - DAG(s) 'example_subdag_operator.section-1', 'example_subdag_operator.section-2', 'example_subdag_operator' retrieved from /home/airflow/.local/lib/python3.8/site-packages/airflow/example_dags/example_subdag_operator.py
[2024-02-22T14:41:36.447+0000] {logging_mixin.py:188} INFO - [2024-02-22T14:41:36.446+0000] {dag.py:3036} INFO - Sync 3 DAGs
[2024-02-22T14:41:36.490+0000] {logging_mixin.py:188} INFO - [2024-02-22T14:41:36.490+0000] {dag.py:3823} INFO - Setting next_dagrun for example_subdag_operator to 2022-01-01 00:00:00+00:00, run_after=2022-01-01 00:00:00+00:00
[2024-02-22T14:41:36.497+0000] {logging_mixin.py:188} INFO - [2024-02-22T14:41:36.497+0000] {dag.py:3823} INFO - Setting next_dagrun for example_subdag_operator.section-1 to None, run_after=None
[2024-02-22T14:41:36.500+0000] {logging_mixin.py:188} INFO - [2024-02-22T14:41:36.500+0000] {dag.py:3823} INFO - Setting next_dagrun for example_subdag_operator.section-2 to None, run_after=None
[2024-02-22T14:41:36.516+0000] {logging_mixin.py:188} INFO - [2024-02-22T14:41:36.515+0000] {dag.py:3036} INFO - Sync 2 DAGs
[2024-02-22T14:41:36.526+0000] {logging_mixin.py:188} INFO - [2024-02-22T14:41:36.525+0000] {dag.py:3823} INFO - Setting next_dagrun for example_subdag_operator.section-1 to None, run_after=None
[2024-02-22T14:41:36.527+0000] {logging_mixin.py:188} INFO - [2024-02-22T14:41:36.527+0000] {dag.py:3823} INFO - Setting next_dagrun for example_subdag_operator.section-2 to None, run_after=None
[2024-02-22T14:41:36.552+0000] {processor.py:183} INFO - Processing /home/airflow/.local/lib/python3.8/site-packages/airflow/example_dags/example_subdag_operator.py took 0.197 seconds
[2024-02-22T14:42:07.426+0000] {processor.py:161} INFO - Started process (PID=897) to work on /home/airflow/.local/lib/python3.8/site-packages/airflow/example_dags/example_subdag_operator.py
[2024-02-22T14:42:07.428+0000] {processor.py:830} INFO - Processing file /home/airflow/.local/lib/python3.8/site-packages/airflow/example_dags/example_subdag_operator.py for tasks to queue
[2024-02-22T14:42:07.432+0000] {logging_mixin.py:188} INFO - [2024-02-22T14:42:07.432+0000] {dagbag.py:538} INFO - Filling up the DagBag from /home/airflow/.local/lib/python3.8/site-packages/airflow/example_dags/example_subdag_operator.py
[2024-02-22T14:42:07.478+0000] {processor.py:840} INFO - DAG(s) 'example_subdag_operator.section-1', 'example_subdag_operator.section-2', 'example_subdag_operator' retrieved from /home/airflow/.local/lib/python3.8/site-packages/airflow/example_dags/example_subdag_operator.py
[2024-02-22T14:42:07.519+0000] {logging_mixin.py:188} INFO - [2024-02-22T14:42:07.518+0000] {dag.py:3036} INFO - Sync 3 DAGs
[2024-02-22T14:42:07.561+0000] {logging_mixin.py:188} INFO - [2024-02-22T14:42:07.560+0000] {dag.py:3823} INFO - Setting next_dagrun for example_subdag_operator to 2022-01-01 00:00:00+00:00, run_after=2022-01-01 00:00:00+00:00
[2024-02-22T14:42:07.567+0000] {logging_mixin.py:188} INFO - [2024-02-22T14:42:07.567+0000] {dag.py:3823} INFO - Setting next_dagrun for example_subdag_operator.section-1 to None, run_after=None
[2024-02-22T14:42:07.570+0000] {logging_mixin.py:188} INFO - [2024-02-22T14:42:07.569+0000] {dag.py:3823} INFO - Setting next_dagrun for example_subdag_operator.section-2 to None, run_after=None
[2024-02-22T14:42:07.582+0000] {logging_mixin.py:188} INFO - [2024-02-22T14:42:07.582+0000] {dag.py:3036} INFO - Sync 2 DAGs
[2024-02-22T14:42:07.595+0000] {logging_mixin.py:188} INFO - [2024-02-22T14:42:07.594+0000] {dag.py:3823} INFO - Setting next_dagrun for example_subdag_operator.section-1 to None, run_after=None
[2024-02-22T14:42:07.596+0000] {logging_mixin.py:188} INFO - [2024-02-22T14:42:07.595+0000] {dag.py:3823} INFO - Setting next_dagrun for example_subdag_operator.section-2 to None, run_after=None
[2024-02-22T14:42:07.621+0000] {processor.py:183} INFO - Processing /home/airflow/.local/lib/python3.8/site-packages/airflow/example_dags/example_subdag_operator.py took 0.202 seconds
[2024-02-22T14:42:38.036+0000] {processor.py:161} INFO - Started process (PID=951) to work on /home/airflow/.local/lib/python3.8/site-packages/airflow/example_dags/example_subdag_operator.py
[2024-02-22T14:42:38.039+0000] {processor.py:830} INFO - Processing file /home/airflow/.local/lib/python3.8/site-packages/airflow/example_dags/example_subdag_operator.py for tasks to queue
[2024-02-22T14:42:38.043+0000] {logging_mixin.py:188} INFO - [2024-02-22T14:42:38.042+0000] {dagbag.py:538} INFO - Filling up the DagBag from /home/airflow/.local/lib/python3.8/site-packages/airflow/example_dags/example_subdag_operator.py
[2024-02-22T14:42:38.089+0000] {processor.py:840} INFO - DAG(s) 'example_subdag_operator.section-1', 'example_subdag_operator.section-2', 'example_subdag_operator' retrieved from /home/airflow/.local/lib/python3.8/site-packages/airflow/example_dags/example_subdag_operator.py
[2024-02-22T14:42:38.123+0000] {logging_mixin.py:188} INFO - [2024-02-22T14:42:38.121+0000] {dag.py:3036} INFO - Sync 3 DAGs
[2024-02-22T14:42:38.160+0000] {logging_mixin.py:188} INFO - [2024-02-22T14:42:38.159+0000] {dag.py:3823} INFO - Setting next_dagrun for example_subdag_operator to 2022-01-01 00:00:00+00:00, run_after=2022-01-01 00:00:00+00:00
[2024-02-22T14:42:38.166+0000] {logging_mixin.py:188} INFO - [2024-02-22T14:42:38.165+0000] {dag.py:3823} INFO - Setting next_dagrun for example_subdag_operator.section-1 to None, run_after=None
[2024-02-22T14:42:38.168+0000] {logging_mixin.py:188} INFO - [2024-02-22T14:42:38.167+0000] {dag.py:3823} INFO - Setting next_dagrun for example_subdag_operator.section-2 to None, run_after=None
[2024-02-22T14:42:38.179+0000] {logging_mixin.py:188} INFO - [2024-02-22T14:42:38.179+0000] {dag.py:3036} INFO - Sync 2 DAGs
[2024-02-22T14:42:38.188+0000] {logging_mixin.py:188} INFO - [2024-02-22T14:42:38.188+0000] {dag.py:3823} INFO - Setting next_dagrun for example_subdag_operator.section-1 to None, run_after=None
[2024-02-22T14:42:38.189+0000] {logging_mixin.py:188} INFO - [2024-02-22T14:42:38.189+0000] {dag.py:3823} INFO - Setting next_dagrun for example_subdag_operator.section-2 to None, run_after=None
[2024-02-22T14:42:38.210+0000] {processor.py:183} INFO - Processing /home/airflow/.local/lib/python3.8/site-packages/airflow/example_dags/example_subdag_operator.py took 0.181 seconds
[2024-02-22T14:43:09.541+0000] {processor.py:161} INFO - Started process (PID=1005) to work on /home/airflow/.local/lib/python3.8/site-packages/airflow/example_dags/example_subdag_operator.py
[2024-02-22T14:43:09.543+0000] {processor.py:830} INFO - Processing file /home/airflow/.local/lib/python3.8/site-packages/airflow/example_dags/example_subdag_operator.py for tasks to queue
[2024-02-22T14:43:09.549+0000] {logging_mixin.py:188} INFO - [2024-02-22T14:43:09.548+0000] {dagbag.py:538} INFO - Filling up the DagBag from /home/airflow/.local/lib/python3.8/site-packages/airflow/example_dags/example_subdag_operator.py
[2024-02-22T14:43:09.594+0000] {processor.py:840} INFO - DAG(s) 'example_subdag_operator.section-1', 'example_subdag_operator.section-2', 'example_subdag_operator' retrieved from /home/airflow/.local/lib/python3.8/site-packages/airflow/example_dags/example_subdag_operator.py
[2024-02-22T14:43:09.632+0000] {logging_mixin.py:188} INFO - [2024-02-22T14:43:09.631+0000] {dag.py:3036} INFO - Sync 3 DAGs
[2024-02-22T14:43:09.681+0000] {logging_mixin.py:188} INFO - [2024-02-22T14:43:09.680+0000] {dag.py:3823} INFO - Setting next_dagrun for example_subdag_operator to 2022-01-01 00:00:00+00:00, run_after=2022-01-01 00:00:00+00:00
[2024-02-22T14:43:09.691+0000] {logging_mixin.py:188} INFO - [2024-02-22T14:43:09.690+0000] {dag.py:3823} INFO - Setting next_dagrun for example_subdag_operator.section-1 to None, run_after=None
[2024-02-22T14:43:09.694+0000] {logging_mixin.py:188} INFO - [2024-02-22T14:43:09.694+0000] {dag.py:3823} INFO - Setting next_dagrun for example_subdag_operator.section-2 to None, run_after=None
[2024-02-22T14:43:09.711+0000] {logging_mixin.py:188} INFO - [2024-02-22T14:43:09.710+0000] {dag.py:3036} INFO - Sync 2 DAGs
[2024-02-22T14:43:09.724+0000] {logging_mixin.py:188} INFO - [2024-02-22T14:43:09.723+0000] {dag.py:3823} INFO - Setting next_dagrun for example_subdag_operator.section-1 to None, run_after=None
[2024-02-22T14:43:09.725+0000] {logging_mixin.py:188} INFO - [2024-02-22T14:43:09.724+0000] {dag.py:3823} INFO - Setting next_dagrun for example_subdag_operator.section-2 to None, run_after=None
[2024-02-22T14:43:09.748+0000] {processor.py:183} INFO - Processing /home/airflow/.local/lib/python3.8/site-packages/airflow/example_dags/example_subdag_operator.py took 0.216 seconds
[2024-02-22T14:43:40.293+0000] {processor.py:161} INFO - Started process (PID=1060) to work on /home/airflow/.local/lib/python3.8/site-packages/airflow/example_dags/example_subdag_operator.py
[2024-02-22T14:43:40.296+0000] {processor.py:830} INFO - Processing file /home/airflow/.local/lib/python3.8/site-packages/airflow/example_dags/example_subdag_operator.py for tasks to queue
[2024-02-22T14:43:40.299+0000] {logging_mixin.py:188} INFO - [2024-02-22T14:43:40.299+0000] {dagbag.py:538} INFO - Filling up the DagBag from /home/airflow/.local/lib/python3.8/site-packages/airflow/example_dags/example_subdag_operator.py
[2024-02-22T14:43:40.352+0000] {processor.py:840} INFO - DAG(s) 'example_subdag_operator.section-1', 'example_subdag_operator.section-2', 'example_subdag_operator' retrieved from /home/airflow/.local/lib/python3.8/site-packages/airflow/example_dags/example_subdag_operator.py
[2024-02-22T14:43:40.384+0000] {logging_mixin.py:188} INFO - [2024-02-22T14:43:40.383+0000] {dag.py:3036} INFO - Sync 3 DAGs
[2024-02-22T14:43:40.421+0000] {logging_mixin.py:188} INFO - [2024-02-22T14:43:40.420+0000] {dag.py:3823} INFO - Setting next_dagrun for example_subdag_operator to 2022-01-01 00:00:00+00:00, run_after=2022-01-01 00:00:00+00:00
[2024-02-22T14:43:40.429+0000] {logging_mixin.py:188} INFO - [2024-02-22T14:43:40.428+0000] {dag.py:3823} INFO - Setting next_dagrun for example_subdag_operator.section-1 to None, run_after=None
[2024-02-22T14:43:40.432+0000] {logging_mixin.py:188} INFO - [2024-02-22T14:43:40.432+0000] {dag.py:3823} INFO - Setting next_dagrun for example_subdag_operator.section-2 to None, run_after=None
[2024-02-22T14:43:40.448+0000] {logging_mixin.py:188} INFO - [2024-02-22T14:43:40.447+0000] {dag.py:3036} INFO - Sync 2 DAGs
[2024-02-22T14:43:40.459+0000] {logging_mixin.py:188} INFO - [2024-02-22T14:43:40.458+0000] {dag.py:3823} INFO - Setting next_dagrun for example_subdag_operator.section-1 to None, run_after=None
[2024-02-22T14:43:40.460+0000] {logging_mixin.py:188} INFO - [2024-02-22T14:43:40.460+0000] {dag.py:3823} INFO - Setting next_dagrun for example_subdag_operator.section-2 to None, run_after=None
[2024-02-22T14:43:40.481+0000] {processor.py:183} INFO - Processing /home/airflow/.local/lib/python3.8/site-packages/airflow/example_dags/example_subdag_operator.py took 0.195 seconds
[2024-02-22T14:46:10.886+0000] {processor.py:161} INFO - Started process (PID=69) to work on /home/airflow/.local/lib/python3.8/site-packages/airflow/example_dags/example_subdag_operator.py
[2024-02-22T14:46:10.889+0000] {processor.py:830} INFO - Processing file /home/airflow/.local/lib/python3.8/site-packages/airflow/example_dags/example_subdag_operator.py for tasks to queue
[2024-02-22T14:46:10.892+0000] {logging_mixin.py:188} INFO - [2024-02-22T14:46:10.892+0000] {dagbag.py:538} INFO - Filling up the DagBag from /home/airflow/.local/lib/python3.8/site-packages/airflow/example_dags/example_subdag_operator.py
[2024-02-22T14:46:10.933+0000] {processor.py:840} INFO - DAG(s) 'example_subdag_operator.section-1', 'example_subdag_operator.section-2', 'example_subdag_operator' retrieved from /home/airflow/.local/lib/python3.8/site-packages/airflow/example_dags/example_subdag_operator.py
[2024-02-22T14:46:10.963+0000] {logging_mixin.py:188} INFO - [2024-02-22T14:46:10.962+0000] {dag.py:3036} INFO - Sync 3 DAGs
[2024-02-22T14:46:10.996+0000] {logging_mixin.py:188} INFO - [2024-02-22T14:46:10.995+0000] {dag.py:3823} INFO - Setting next_dagrun for example_subdag_operator to 2022-01-01 00:00:00+00:00, run_after=2022-01-01 00:00:00+00:00
[2024-02-22T14:46:11.001+0000] {logging_mixin.py:188} INFO - [2024-02-22T14:46:11.001+0000] {dag.py:3823} INFO - Setting next_dagrun for example_subdag_operator.section-1 to None, run_after=None
[2024-02-22T14:46:11.003+0000] {logging_mixin.py:188} INFO - [2024-02-22T14:46:11.003+0000] {dag.py:3823} INFO - Setting next_dagrun for example_subdag_operator.section-2 to None, run_after=None
[2024-02-22T14:46:11.018+0000] {logging_mixin.py:188} INFO - [2024-02-22T14:46:11.017+0000] {dag.py:3036} INFO - Sync 2 DAGs
[2024-02-22T14:46:11.030+0000] {logging_mixin.py:188} INFO - [2024-02-22T14:46:11.030+0000] {dag.py:3823} INFO - Setting next_dagrun for example_subdag_operator.section-1 to None, run_after=None
[2024-02-22T14:46:11.031+0000] {logging_mixin.py:188} INFO - [2024-02-22T14:46:11.031+0000] {dag.py:3823} INFO - Setting next_dagrun for example_subdag_operator.section-2 to None, run_after=None
[2024-02-22T14:46:11.052+0000] {processor.py:183} INFO - Processing /home/airflow/.local/lib/python3.8/site-packages/airflow/example_dags/example_subdag_operator.py took 0.172 seconds
[2024-02-22T14:46:42.391+0000] {processor.py:161} INFO - Started process (PID=124) to work on /home/airflow/.local/lib/python3.8/site-packages/airflow/example_dags/example_subdag_operator.py
[2024-02-22T14:46:42.425+0000] {processor.py:830} INFO - Processing file /home/airflow/.local/lib/python3.8/site-packages/airflow/example_dags/example_subdag_operator.py for tasks to queue
[2024-02-22T14:46:42.446+0000] {logging_mixin.py:188} INFO - [2024-02-22T14:46:42.445+0000] {dagbag.py:538} INFO - Filling up the DagBag from /home/airflow/.local/lib/python3.8/site-packages/airflow/example_dags/example_subdag_operator.py
[2024-02-22T14:46:42.538+0000] {processor.py:840} INFO - DAG(s) 'example_subdag_operator.section-1', 'example_subdag_operator.section-2', 'example_subdag_operator' retrieved from /home/airflow/.local/lib/python3.8/site-packages/airflow/example_dags/example_subdag_operator.py
[2024-02-22T14:46:42.603+0000] {logging_mixin.py:188} INFO - [2024-02-22T14:46:42.602+0000] {dag.py:3036} INFO - Sync 3 DAGs
[2024-02-22T14:46:42.650+0000] {logging_mixin.py:188} INFO - [2024-02-22T14:46:42.649+0000] {dag.py:3823} INFO - Setting next_dagrun for example_subdag_operator to 2022-01-01 00:00:00+00:00, run_after=2022-01-01 00:00:00+00:00
[2024-02-22T14:46:42.657+0000] {logging_mixin.py:188} INFO - [2024-02-22T14:46:42.656+0000] {dag.py:3823} INFO - Setting next_dagrun for example_subdag_operator.section-1 to None, run_after=None
[2024-02-22T14:46:42.660+0000] {logging_mixin.py:188} INFO - [2024-02-22T14:46:42.659+0000] {dag.py:3823} INFO - Setting next_dagrun for example_subdag_operator.section-2 to None, run_after=None
[2024-02-22T14:46:42.675+0000] {logging_mixin.py:188} INFO - [2024-02-22T14:46:42.675+0000] {dag.py:3036} INFO - Sync 2 DAGs
[2024-02-22T14:46:42.686+0000] {logging_mixin.py:188} INFO - [2024-02-22T14:46:42.686+0000] {dag.py:3823} INFO - Setting next_dagrun for example_subdag_operator.section-1 to None, run_after=None
[2024-02-22T14:46:42.687+0000] {logging_mixin.py:188} INFO - [2024-02-22T14:46:42.687+0000] {dag.py:3823} INFO - Setting next_dagrun for example_subdag_operator.section-2 to None, run_after=None
[2024-02-22T14:46:42.728+0000] {processor.py:183} INFO - Processing /home/airflow/.local/lib/python3.8/site-packages/airflow/example_dags/example_subdag_operator.py took 0.345 seconds
[2024-02-22T14:47:13.277+0000] {processor.py:161} INFO - Started process (PID=179) to work on /home/airflow/.local/lib/python3.8/site-packages/airflow/example_dags/example_subdag_operator.py
[2024-02-22T14:47:13.279+0000] {processor.py:830} INFO - Processing file /home/airflow/.local/lib/python3.8/site-packages/airflow/example_dags/example_subdag_operator.py for tasks to queue
[2024-02-22T14:47:13.282+0000] {logging_mixin.py:188} INFO - [2024-02-22T14:47:13.282+0000] {dagbag.py:538} INFO - Filling up the DagBag from /home/airflow/.local/lib/python3.8/site-packages/airflow/example_dags/example_subdag_operator.py
[2024-02-22T14:47:13.329+0000] {processor.py:840} INFO - DAG(s) 'example_subdag_operator.section-1', 'example_subdag_operator.section-2', 'example_subdag_operator' retrieved from /home/airflow/.local/lib/python3.8/site-packages/airflow/example_dags/example_subdag_operator.py
[2024-02-22T14:47:13.360+0000] {logging_mixin.py:188} INFO - [2024-02-22T14:47:13.359+0000] {dag.py:3036} INFO - Sync 3 DAGs
[2024-02-22T14:47:13.395+0000] {logging_mixin.py:188} INFO - [2024-02-22T14:47:13.394+0000] {dag.py:3823} INFO - Setting next_dagrun for example_subdag_operator to 2022-01-01 00:00:00+00:00, run_after=2022-01-01 00:00:00+00:00
[2024-02-22T14:47:13.400+0000] {logging_mixin.py:188} INFO - [2024-02-22T14:47:13.400+0000] {dag.py:3823} INFO - Setting next_dagrun for example_subdag_operator.section-1 to None, run_after=None
[2024-02-22T14:47:13.403+0000] {logging_mixin.py:188} INFO - [2024-02-22T14:47:13.402+0000] {dag.py:3823} INFO - Setting next_dagrun for example_subdag_operator.section-2 to None, run_after=None
[2024-02-22T14:47:13.415+0000] {logging_mixin.py:188} INFO - [2024-02-22T14:47:13.414+0000] {dag.py:3036} INFO - Sync 2 DAGs
[2024-02-22T14:47:13.423+0000] {logging_mixin.py:188} INFO - [2024-02-22T14:47:13.422+0000] {dag.py:3823} INFO - Setting next_dagrun for example_subdag_operator.section-1 to None, run_after=None
[2024-02-22T14:47:13.423+0000] {logging_mixin.py:188} INFO - [2024-02-22T14:47:13.423+0000] {dag.py:3823} INFO - Setting next_dagrun for example_subdag_operator.section-2 to None, run_after=None
[2024-02-22T14:47:13.446+0000] {processor.py:183} INFO - Processing /home/airflow/.local/lib/python3.8/site-packages/airflow/example_dags/example_subdag_operator.py took 0.176 seconds
