[2024-02-22T14:23:32.709+0000] {processor.py:161} INFO - Started process (PID=33) to work on /home/airflow/.local/lib/python3.8/site-packages/airflow/example_dags/example_bash_operator.py
[2024-02-22T14:23:32.711+0000] {processor.py:830} INFO - Processing file /home/airflow/.local/lib/python3.8/site-packages/airflow/example_dags/example_bash_operator.py for tasks to queue
[2024-02-22T14:23:32.715+0000] {logging_mixin.py:188} INFO - [2024-02-22T14:23:32.715+0000] {dagbag.py:538} INFO - Filling up the DagBag from /home/airflow/.local/lib/python3.8/site-packages/airflow/example_dags/example_bash_operator.py
[2024-02-22T14:23:32.750+0000] {processor.py:840} INFO - DAG(s) 'example_bash_operator' retrieved from /home/airflow/.local/lib/python3.8/site-packages/airflow/example_dags/example_bash_operator.py
[2024-02-22T14:23:32.819+0000] {logging_mixin.py:188} INFO - [2024-02-22T14:23:32.819+0000] {dag.py:3036} INFO - Sync 1 DAGs
[2024-02-22T14:23:32.875+0000] {logging_mixin.py:188} INFO - [2024-02-22T14:23:32.874+0000] {dag.py:3823} INFO - Setting next_dagrun for example_bash_operator to 2024-02-21 00:00:00+00:00, run_after=2024-02-22 00:00:00+00:00
[2024-02-22T14:23:32.933+0000] {processor.py:183} INFO - Processing /home/airflow/.local/lib/python3.8/site-packages/airflow/example_dags/example_bash_operator.py took 0.232 seconds
[2024-02-22T14:24:03.536+0000] {processor.py:161} INFO - Started process (PID=88) to work on /home/airflow/.local/lib/python3.8/site-packages/airflow/example_dags/example_bash_operator.py
[2024-02-22T14:24:03.538+0000] {processor.py:830} INFO - Processing file /home/airflow/.local/lib/python3.8/site-packages/airflow/example_dags/example_bash_operator.py for tasks to queue
[2024-02-22T14:24:03.542+0000] {logging_mixin.py:188} INFO - [2024-02-22T14:24:03.541+0000] {dagbag.py:538} INFO - Filling up the DagBag from /home/airflow/.local/lib/python3.8/site-packages/airflow/example_dags/example_bash_operator.py
[2024-02-22T14:24:03.569+0000] {processor.py:840} INFO - DAG(s) 'example_bash_operator' retrieved from /home/airflow/.local/lib/python3.8/site-packages/airflow/example_dags/example_bash_operator.py
[2024-02-22T14:24:03.632+0000] {logging_mixin.py:188} INFO - [2024-02-22T14:24:03.631+0000] {dag.py:3036} INFO - Sync 1 DAGs
[2024-02-22T14:24:03.678+0000] {logging_mixin.py:188} INFO - [2024-02-22T14:24:03.678+0000] {dag.py:3823} INFO - Setting next_dagrun for example_bash_operator to 2024-02-21 00:00:00+00:00, run_after=2024-02-22 00:00:00+00:00
[2024-02-22T14:24:03.704+0000] {processor.py:183} INFO - Processing /home/airflow/.local/lib/python3.8/site-packages/airflow/example_dags/example_bash_operator.py took 0.176 seconds
[2024-02-22T14:24:34.942+0000] {processor.py:161} INFO - Started process (PID=149) to work on /home/airflow/.local/lib/python3.8/site-packages/airflow/example_dags/example_bash_operator.py
[2024-02-22T14:24:34.945+0000] {processor.py:830} INFO - Processing file /home/airflow/.local/lib/python3.8/site-packages/airflow/example_dags/example_bash_operator.py for tasks to queue
[2024-02-22T14:24:34.949+0000] {logging_mixin.py:188} INFO - [2024-02-22T14:24:34.948+0000] {dagbag.py:538} INFO - Filling up the DagBag from /home/airflow/.local/lib/python3.8/site-packages/airflow/example_dags/example_bash_operator.py
[2024-02-22T14:24:34.980+0000] {processor.py:840} INFO - DAG(s) 'example_bash_operator' retrieved from /home/airflow/.local/lib/python3.8/site-packages/airflow/example_dags/example_bash_operator.py
[2024-02-22T14:24:35.044+0000] {logging_mixin.py:188} INFO - [2024-02-22T14:24:35.043+0000] {dag.py:3036} INFO - Sync 1 DAGs
[2024-02-22T14:24:35.091+0000] {logging_mixin.py:188} INFO - [2024-02-22T14:24:35.090+0000] {dag.py:3823} INFO - Setting next_dagrun for example_bash_operator to 2024-02-21 00:00:00+00:00, run_after=2024-02-22 00:00:00+00:00
[2024-02-22T14:24:35.124+0000] {processor.py:183} INFO - Processing /home/airflow/.local/lib/python3.8/site-packages/airflow/example_dags/example_bash_operator.py took 0.188 seconds
[2024-02-22T14:25:05.878+0000] {processor.py:161} INFO - Started process (PID=204) to work on /home/airflow/.local/lib/python3.8/site-packages/airflow/example_dags/example_bash_operator.py
[2024-02-22T14:25:05.879+0000] {processor.py:830} INFO - Processing file /home/airflow/.local/lib/python3.8/site-packages/airflow/example_dags/example_bash_operator.py for tasks to queue
[2024-02-22T14:25:05.882+0000] {logging_mixin.py:188} INFO - [2024-02-22T14:25:05.882+0000] {dagbag.py:538} INFO - Filling up the DagBag from /home/airflow/.local/lib/python3.8/site-packages/airflow/example_dags/example_bash_operator.py
[2024-02-22T14:25:05.907+0000] {processor.py:840} INFO - DAG(s) 'example_bash_operator' retrieved from /home/airflow/.local/lib/python3.8/site-packages/airflow/example_dags/example_bash_operator.py
[2024-02-22T14:25:05.957+0000] {logging_mixin.py:188} INFO - [2024-02-22T14:25:05.956+0000] {dag.py:3036} INFO - Sync 1 DAGs
[2024-02-22T14:25:06.012+0000] {logging_mixin.py:188} INFO - [2024-02-22T14:25:06.011+0000] {dag.py:3823} INFO - Setting next_dagrun for example_bash_operator to 2024-02-21 00:00:00+00:00, run_after=2024-02-22 00:00:00+00:00
[2024-02-22T14:25:06.050+0000] {processor.py:183} INFO - Processing /home/airflow/.local/lib/python3.8/site-packages/airflow/example_dags/example_bash_operator.py took 0.178 seconds
[2024-02-22T14:25:36.493+0000] {processor.py:161} INFO - Started process (PID=259) to work on /home/airflow/.local/lib/python3.8/site-packages/airflow/example_dags/example_bash_operator.py
[2024-02-22T14:25:36.495+0000] {processor.py:830} INFO - Processing file /home/airflow/.local/lib/python3.8/site-packages/airflow/example_dags/example_bash_operator.py for tasks to queue
[2024-02-22T14:25:36.500+0000] {logging_mixin.py:188} INFO - [2024-02-22T14:25:36.499+0000] {dagbag.py:538} INFO - Filling up the DagBag from /home/airflow/.local/lib/python3.8/site-packages/airflow/example_dags/example_bash_operator.py
[2024-02-22T14:25:36.525+0000] {processor.py:840} INFO - DAG(s) 'example_bash_operator' retrieved from /home/airflow/.local/lib/python3.8/site-packages/airflow/example_dags/example_bash_operator.py
[2024-02-22T14:25:36.581+0000] {logging_mixin.py:188} INFO - [2024-02-22T14:25:36.580+0000] {dag.py:3036} INFO - Sync 1 DAGs
[2024-02-22T14:25:36.634+0000] {logging_mixin.py:188} INFO - [2024-02-22T14:25:36.634+0000] {dag.py:3823} INFO - Setting next_dagrun for example_bash_operator to 2024-02-21 00:00:00+00:00, run_after=2024-02-22 00:00:00+00:00
[2024-02-22T14:25:36.673+0000] {processor.py:183} INFO - Processing /home/airflow/.local/lib/python3.8/site-packages/airflow/example_dags/example_bash_operator.py took 0.186 seconds
[2024-02-22T14:26:07.380+0000] {processor.py:161} INFO - Started process (PID=314) to work on /home/airflow/.local/lib/python3.8/site-packages/airflow/example_dags/example_bash_operator.py
[2024-02-22T14:26:07.383+0000] {processor.py:830} INFO - Processing file /home/airflow/.local/lib/python3.8/site-packages/airflow/example_dags/example_bash_operator.py for tasks to queue
[2024-02-22T14:26:07.387+0000] {logging_mixin.py:188} INFO - [2024-02-22T14:26:07.387+0000] {dagbag.py:538} INFO - Filling up the DagBag from /home/airflow/.local/lib/python3.8/site-packages/airflow/example_dags/example_bash_operator.py
[2024-02-22T14:26:07.419+0000] {processor.py:840} INFO - DAG(s) 'example_bash_operator' retrieved from /home/airflow/.local/lib/python3.8/site-packages/airflow/example_dags/example_bash_operator.py
[2024-02-22T14:26:07.475+0000] {logging_mixin.py:188} INFO - [2024-02-22T14:26:07.474+0000] {dag.py:3036} INFO - Sync 1 DAGs
[2024-02-22T14:26:07.529+0000] {logging_mixin.py:188} INFO - [2024-02-22T14:26:07.528+0000] {dag.py:3823} INFO - Setting next_dagrun for example_bash_operator to 2024-02-21 00:00:00+00:00, run_after=2024-02-22 00:00:00+00:00
[2024-02-22T14:26:07.566+0000] {processor.py:183} INFO - Processing /home/airflow/.local/lib/python3.8/site-packages/airflow/example_dags/example_bash_operator.py took 0.193 seconds
