[2024-02-22T14:23:35.624+0000] {processor.py:161} INFO - Started process (PID=50) to work on /home/airflow/.local/lib/python3.8/site-packages/airflow/example_dags/example_sensor_decorator.py
[2024-02-22T14:23:35.626+0000] {processor.py:830} INFO - Processing file /home/airflow/.local/lib/python3.8/site-packages/airflow/example_dags/example_sensor_decorator.py for tasks to queue
[2024-02-22T14:23:35.630+0000] {logging_mixin.py:188} INFO - [2024-02-22T14:23:35.630+0000] {dagbag.py:538} INFO - Filling up the DagBag from /home/airflow/.local/lib/python3.8/site-packages/airflow/example_dags/example_sensor_decorator.py
[2024-02-22T14:23:35.649+0000] {processor.py:840} INFO - DAG(s) 'example_sensor_decorator' retrieved from /home/airflow/.local/lib/python3.8/site-packages/airflow/example_dags/example_sensor_decorator.py
[2024-02-22T14:23:35.696+0000] {logging_mixin.py:188} INFO - [2024-02-22T14:23:35.695+0000] {dag.py:3036} INFO - Sync 1 DAGs
[2024-02-22T14:23:35.724+0000] {logging_mixin.py:188} INFO - [2024-02-22T14:23:35.724+0000] {dag.py:3823} INFO - Setting next_dagrun for example_sensor_decorator to None, run_after=None
[2024-02-22T14:23:35.789+0000] {processor.py:183} INFO - Processing /home/airflow/.local/lib/python3.8/site-packages/airflow/example_dags/example_sensor_decorator.py took 0.173 seconds
[2024-02-22T14:24:06.053+0000] {processor.py:161} INFO - Started process (PID=105) to work on /home/airflow/.local/lib/python3.8/site-packages/airflow/example_dags/example_sensor_decorator.py
[2024-02-22T14:24:06.055+0000] {processor.py:830} INFO - Processing file /home/airflow/.local/lib/python3.8/site-packages/airflow/example_dags/example_sensor_decorator.py for tasks to queue
[2024-02-22T14:24:06.058+0000] {logging_mixin.py:188} INFO - [2024-02-22T14:24:06.057+0000] {dagbag.py:538} INFO - Filling up the DagBag from /home/airflow/.local/lib/python3.8/site-packages/airflow/example_dags/example_sensor_decorator.py
[2024-02-22T14:24:06.069+0000] {processor.py:840} INFO - DAG(s) 'example_sensor_decorator' retrieved from /home/airflow/.local/lib/python3.8/site-packages/airflow/example_dags/example_sensor_decorator.py
[2024-02-22T14:24:06.102+0000] {logging_mixin.py:188} INFO - [2024-02-22T14:24:06.102+0000] {dag.py:3036} INFO - Sync 1 DAGs
[2024-02-22T14:24:06.121+0000] {logging_mixin.py:188} INFO - [2024-02-22T14:24:06.121+0000] {dag.py:3823} INFO - Setting next_dagrun for example_sensor_decorator to None, run_after=None
[2024-02-22T14:24:06.150+0000] {processor.py:183} INFO - Processing /home/airflow/.local/lib/python3.8/site-packages/airflow/example_dags/example_sensor_decorator.py took 0.103 seconds
[2024-02-22T14:24:36.320+0000] {processor.py:161} INFO - Started process (PID=160) to work on /home/airflow/.local/lib/python3.8/site-packages/airflow/example_dags/example_sensor_decorator.py
[2024-02-22T14:24:36.321+0000] {processor.py:830} INFO - Processing file /home/airflow/.local/lib/python3.8/site-packages/airflow/example_dags/example_sensor_decorator.py for tasks to queue
[2024-02-22T14:24:36.325+0000] {logging_mixin.py:188} INFO - [2024-02-22T14:24:36.324+0000] {dagbag.py:538} INFO - Filling up the DagBag from /home/airflow/.local/lib/python3.8/site-packages/airflow/example_dags/example_sensor_decorator.py
[2024-02-22T14:24:36.335+0000] {processor.py:840} INFO - DAG(s) 'example_sensor_decorator' retrieved from /home/airflow/.local/lib/python3.8/site-packages/airflow/example_dags/example_sensor_decorator.py
[2024-02-22T14:24:36.370+0000] {logging_mixin.py:188} INFO - [2024-02-22T14:24:36.370+0000] {dag.py:3036} INFO - Sync 1 DAGs
[2024-02-22T14:24:36.391+0000] {logging_mixin.py:188} INFO - [2024-02-22T14:24:36.391+0000] {dag.py:3823} INFO - Setting next_dagrun for example_sensor_decorator to None, run_after=None
[2024-02-22T14:24:36.418+0000] {processor.py:183} INFO - Processing /home/airflow/.local/lib/python3.8/site-packages/airflow/example_dags/example_sensor_decorator.py took 0.105 seconds
[2024-02-22T14:25:07.064+0000] {processor.py:161} INFO - Started process (PID=215) to work on /home/airflow/.local/lib/python3.8/site-packages/airflow/example_dags/example_sensor_decorator.py
[2024-02-22T14:25:07.066+0000] {processor.py:830} INFO - Processing file /home/airflow/.local/lib/python3.8/site-packages/airflow/example_dags/example_sensor_decorator.py for tasks to queue
[2024-02-22T14:25:07.069+0000] {logging_mixin.py:188} INFO - [2024-02-22T14:25:07.068+0000] {dagbag.py:538} INFO - Filling up the DagBag from /home/airflow/.local/lib/python3.8/site-packages/airflow/example_dags/example_sensor_decorator.py
[2024-02-22T14:25:07.081+0000] {processor.py:840} INFO - DAG(s) 'example_sensor_decorator' retrieved from /home/airflow/.local/lib/python3.8/site-packages/airflow/example_dags/example_sensor_decorator.py
[2024-02-22T14:25:07.129+0000] {logging_mixin.py:188} INFO - [2024-02-22T14:25:07.127+0000] {dag.py:3036} INFO - Sync 1 DAGs
[2024-02-22T14:25:07.153+0000] {logging_mixin.py:188} INFO - [2024-02-22T14:25:07.152+0000] {dag.py:3823} INFO - Setting next_dagrun for example_sensor_decorator to None, run_after=None
[2024-02-22T14:25:07.182+0000] {processor.py:183} INFO - Processing /home/airflow/.local/lib/python3.8/site-packages/airflow/example_dags/example_sensor_decorator.py took 0.124 seconds
[2024-02-22T14:25:37.955+0000] {processor.py:161} INFO - Started process (PID=270) to work on /home/airflow/.local/lib/python3.8/site-packages/airflow/example_dags/example_sensor_decorator.py
[2024-02-22T14:25:37.957+0000] {processor.py:830} INFO - Processing file /home/airflow/.local/lib/python3.8/site-packages/airflow/example_dags/example_sensor_decorator.py for tasks to queue
[2024-02-22T14:25:37.961+0000] {logging_mixin.py:188} INFO - [2024-02-22T14:25:37.960+0000] {dagbag.py:538} INFO - Filling up the DagBag from /home/airflow/.local/lib/python3.8/site-packages/airflow/example_dags/example_sensor_decorator.py
[2024-02-22T14:25:37.972+0000] {processor.py:840} INFO - DAG(s) 'example_sensor_decorator' retrieved from /home/airflow/.local/lib/python3.8/site-packages/airflow/example_dags/example_sensor_decorator.py
[2024-02-22T14:25:38.008+0000] {logging_mixin.py:188} INFO - [2024-02-22T14:25:38.007+0000] {dag.py:3036} INFO - Sync 1 DAGs
[2024-02-22T14:25:38.028+0000] {logging_mixin.py:188} INFO - [2024-02-22T14:25:38.027+0000] {dag.py:3823} INFO - Setting next_dagrun for example_sensor_decorator to None, run_after=None
[2024-02-22T14:25:38.056+0000] {processor.py:183} INFO - Processing /home/airflow/.local/lib/python3.8/site-packages/airflow/example_dags/example_sensor_decorator.py took 0.107 seconds
[2024-02-22T14:26:08.860+0000] {processor.py:161} INFO - Started process (PID=325) to work on /home/airflow/.local/lib/python3.8/site-packages/airflow/example_dags/example_sensor_decorator.py
[2024-02-22T14:26:08.862+0000] {processor.py:830} INFO - Processing file /home/airflow/.local/lib/python3.8/site-packages/airflow/example_dags/example_sensor_decorator.py for tasks to queue
[2024-02-22T14:26:08.867+0000] {logging_mixin.py:188} INFO - [2024-02-22T14:26:08.866+0000] {dagbag.py:538} INFO - Filling up the DagBag from /home/airflow/.local/lib/python3.8/site-packages/airflow/example_dags/example_sensor_decorator.py
[2024-02-22T14:26:08.883+0000] {processor.py:840} INFO - DAG(s) 'example_sensor_decorator' retrieved from /home/airflow/.local/lib/python3.8/site-packages/airflow/example_dags/example_sensor_decorator.py
[2024-02-22T14:26:08.919+0000] {logging_mixin.py:188} INFO - [2024-02-22T14:26:08.918+0000] {dag.py:3036} INFO - Sync 1 DAGs
[2024-02-22T14:26:08.940+0000] {logging_mixin.py:188} INFO - [2024-02-22T14:26:08.939+0000] {dag.py:3823} INFO - Setting next_dagrun for example_sensor_decorator to None, run_after=None
[2024-02-22T14:26:08.976+0000] {processor.py:183} INFO - Processing /home/airflow/.local/lib/python3.8/site-packages/airflow/example_dags/example_sensor_decorator.py took 0.125 seconds
[2024-02-22T14:26:39.344+0000] {processor.py:161} INFO - Started process (PID=381) to work on /home/airflow/.local/lib/python3.8/site-packages/airflow/example_dags/example_sensor_decorator.py
[2024-02-22T14:26:39.346+0000] {processor.py:830} INFO - Processing file /home/airflow/.local/lib/python3.8/site-packages/airflow/example_dags/example_sensor_decorator.py for tasks to queue
[2024-02-22T14:26:39.351+0000] {logging_mixin.py:188} INFO - [2024-02-22T14:26:39.350+0000] {dagbag.py:538} INFO - Filling up the DagBag from /home/airflow/.local/lib/python3.8/site-packages/airflow/example_dags/example_sensor_decorator.py
[2024-02-22T14:26:39.366+0000] {processor.py:840} INFO - DAG(s) 'example_sensor_decorator' retrieved from /home/airflow/.local/lib/python3.8/site-packages/airflow/example_dags/example_sensor_decorator.py
[2024-02-22T14:26:39.412+0000] {logging_mixin.py:188} INFO - [2024-02-22T14:26:39.411+0000] {dag.py:3036} INFO - Sync 1 DAGs
[2024-02-22T14:26:39.440+0000] {logging_mixin.py:188} INFO - [2024-02-22T14:26:39.439+0000] {dag.py:3823} INFO - Setting next_dagrun for example_sensor_decorator to None, run_after=None
[2024-02-22T14:26:39.486+0000] {processor.py:183} INFO - Processing /home/airflow/.local/lib/python3.8/site-packages/airflow/example_dags/example_sensor_decorator.py took 0.152 seconds
[2024-02-22T14:27:10.260+0000] {processor.py:161} INFO - Started process (PID=435) to work on /home/airflow/.local/lib/python3.8/site-packages/airflow/example_dags/example_sensor_decorator.py
[2024-02-22T14:27:10.263+0000] {processor.py:830} INFO - Processing file /home/airflow/.local/lib/python3.8/site-packages/airflow/example_dags/example_sensor_decorator.py for tasks to queue
[2024-02-22T14:27:10.268+0000] {logging_mixin.py:188} INFO - [2024-02-22T14:27:10.267+0000] {dagbag.py:538} INFO - Filling up the DagBag from /home/airflow/.local/lib/python3.8/site-packages/airflow/example_dags/example_sensor_decorator.py
[2024-02-22T14:27:10.284+0000] {processor.py:840} INFO - DAG(s) 'example_sensor_decorator' retrieved from /home/airflow/.local/lib/python3.8/site-packages/airflow/example_dags/example_sensor_decorator.py
[2024-02-22T14:27:10.330+0000] {logging_mixin.py:188} INFO - [2024-02-22T14:27:10.329+0000] {dag.py:3036} INFO - Sync 1 DAGs
[2024-02-22T14:27:10.360+0000] {logging_mixin.py:188} INFO - [2024-02-22T14:27:10.359+0000] {dag.py:3823} INFO - Setting next_dagrun for example_sensor_decorator to None, run_after=None
[2024-02-22T14:27:10.398+0000] {processor.py:183} INFO - Processing /home/airflow/.local/lib/python3.8/site-packages/airflow/example_dags/example_sensor_decorator.py took 0.146 seconds
[2024-02-22T14:27:40.636+0000] {processor.py:161} INFO - Started process (PID=490) to work on /home/airflow/.local/lib/python3.8/site-packages/airflow/example_dags/example_sensor_decorator.py
[2024-02-22T14:27:40.637+0000] {processor.py:830} INFO - Processing file /home/airflow/.local/lib/python3.8/site-packages/airflow/example_dags/example_sensor_decorator.py for tasks to queue
[2024-02-22T14:27:40.641+0000] {logging_mixin.py:188} INFO - [2024-02-22T14:27:40.641+0000] {dagbag.py:538} INFO - Filling up the DagBag from /home/airflow/.local/lib/python3.8/site-packages/airflow/example_dags/example_sensor_decorator.py
[2024-02-22T14:27:40.655+0000] {processor.py:840} INFO - DAG(s) 'example_sensor_decorator' retrieved from /home/airflow/.local/lib/python3.8/site-packages/airflow/example_dags/example_sensor_decorator.py
[2024-02-22T14:27:40.695+0000] {logging_mixin.py:188} INFO - [2024-02-22T14:27:40.694+0000] {dag.py:3036} INFO - Sync 1 DAGs
[2024-02-22T14:27:40.718+0000] {logging_mixin.py:188} INFO - [2024-02-22T14:27:40.718+0000] {dag.py:3823} INFO - Setting next_dagrun for example_sensor_decorator to None, run_after=None
[2024-02-22T14:27:40.756+0000] {processor.py:183} INFO - Processing /home/airflow/.local/lib/python3.8/site-packages/airflow/example_dags/example_sensor_decorator.py took 0.127 seconds
[2024-02-22T14:28:11.007+0000] {processor.py:161} INFO - Started process (PID=545) to work on /home/airflow/.local/lib/python3.8/site-packages/airflow/example_dags/example_sensor_decorator.py
[2024-02-22T14:28:11.009+0000] {processor.py:830} INFO - Processing file /home/airflow/.local/lib/python3.8/site-packages/airflow/example_dags/example_sensor_decorator.py for tasks to queue
[2024-02-22T14:28:11.013+0000] {logging_mixin.py:188} INFO - [2024-02-22T14:28:11.012+0000] {dagbag.py:538} INFO - Filling up the DagBag from /home/airflow/.local/lib/python3.8/site-packages/airflow/example_dags/example_sensor_decorator.py
[2024-02-22T14:28:11.024+0000] {processor.py:840} INFO - DAG(s) 'example_sensor_decorator' retrieved from /home/airflow/.local/lib/python3.8/site-packages/airflow/example_dags/example_sensor_decorator.py
[2024-02-22T14:28:11.061+0000] {logging_mixin.py:188} INFO - [2024-02-22T14:28:11.060+0000] {dag.py:3036} INFO - Sync 1 DAGs
[2024-02-22T14:28:11.084+0000] {logging_mixin.py:188} INFO - [2024-02-22T14:28:11.083+0000] {dag.py:3823} INFO - Setting next_dagrun for example_sensor_decorator to None, run_after=None
[2024-02-22T14:28:11.117+0000] {processor.py:183} INFO - Processing /home/airflow/.local/lib/python3.8/site-packages/airflow/example_dags/example_sensor_decorator.py took 0.117 seconds
[2024-02-22T14:28:41.414+0000] {processor.py:161} INFO - Started process (PID=598) to work on /home/airflow/.local/lib/python3.8/site-packages/airflow/example_dags/example_sensor_decorator.py
[2024-02-22T14:28:41.416+0000] {processor.py:830} INFO - Processing file /home/airflow/.local/lib/python3.8/site-packages/airflow/example_dags/example_sensor_decorator.py for tasks to queue
[2024-02-22T14:28:41.420+0000] {logging_mixin.py:188} INFO - [2024-02-22T14:28:41.419+0000] {dagbag.py:538} INFO - Filling up the DagBag from /home/airflow/.local/lib/python3.8/site-packages/airflow/example_dags/example_sensor_decorator.py
[2024-02-22T14:28:41.432+0000] {processor.py:840} INFO - DAG(s) 'example_sensor_decorator' retrieved from /home/airflow/.local/lib/python3.8/site-packages/airflow/example_dags/example_sensor_decorator.py
[2024-02-22T14:28:41.468+0000] {logging_mixin.py:188} INFO - [2024-02-22T14:28:41.467+0000] {dag.py:3036} INFO - Sync 1 DAGs
[2024-02-22T14:28:41.491+0000] {logging_mixin.py:188} INFO - [2024-02-22T14:28:41.490+0000] {dag.py:3823} INFO - Setting next_dagrun for example_sensor_decorator to None, run_after=None
[2024-02-22T14:28:41.528+0000] {processor.py:183} INFO - Processing /home/airflow/.local/lib/python3.8/site-packages/airflow/example_dags/example_sensor_decorator.py took 0.121 seconds
[2024-02-22T14:29:12.552+0000] {processor.py:161} INFO - Started process (PID=654) to work on /home/airflow/.local/lib/python3.8/site-packages/airflow/example_dags/example_sensor_decorator.py
[2024-02-22T14:29:12.554+0000] {processor.py:830} INFO - Processing file /home/airflow/.local/lib/python3.8/site-packages/airflow/example_dags/example_sensor_decorator.py for tasks to queue
[2024-02-22T14:29:12.558+0000] {logging_mixin.py:188} INFO - [2024-02-22T14:29:12.557+0000] {dagbag.py:538} INFO - Filling up the DagBag from /home/airflow/.local/lib/python3.8/site-packages/airflow/example_dags/example_sensor_decorator.py
[2024-02-22T14:29:12.570+0000] {processor.py:840} INFO - DAG(s) 'example_sensor_decorator' retrieved from /home/airflow/.local/lib/python3.8/site-packages/airflow/example_dags/example_sensor_decorator.py
[2024-02-22T14:29:12.605+0000] {logging_mixin.py:188} INFO - [2024-02-22T14:29:12.604+0000] {dag.py:3036} INFO - Sync 1 DAGs
[2024-02-22T14:29:12.626+0000] {logging_mixin.py:188} INFO - [2024-02-22T14:29:12.625+0000] {dag.py:3823} INFO - Setting next_dagrun for example_sensor_decorator to None, run_after=None
[2024-02-22T14:29:12.655+0000] {processor.py:183} INFO - Processing /home/airflow/.local/lib/python3.8/site-packages/airflow/example_dags/example_sensor_decorator.py took 0.110 seconds
[2024-02-22T14:29:43.195+0000] {processor.py:161} INFO - Started process (PID=710) to work on /home/airflow/.local/lib/python3.8/site-packages/airflow/example_dags/example_sensor_decorator.py
[2024-02-22T14:29:43.197+0000] {processor.py:830} INFO - Processing file /home/airflow/.local/lib/python3.8/site-packages/airflow/example_dags/example_sensor_decorator.py for tasks to queue
[2024-02-22T14:29:43.200+0000] {logging_mixin.py:188} INFO - [2024-02-22T14:29:43.200+0000] {dagbag.py:538} INFO - Filling up the DagBag from /home/airflow/.local/lib/python3.8/site-packages/airflow/example_dags/example_sensor_decorator.py
[2024-02-22T14:29:43.212+0000] {processor.py:840} INFO - DAG(s) 'example_sensor_decorator' retrieved from /home/airflow/.local/lib/python3.8/site-packages/airflow/example_dags/example_sensor_decorator.py
[2024-02-22T14:29:43.248+0000] {logging_mixin.py:188} INFO - [2024-02-22T14:29:43.247+0000] {dag.py:3036} INFO - Sync 1 DAGs
[2024-02-22T14:29:43.269+0000] {logging_mixin.py:188} INFO - [2024-02-22T14:29:43.269+0000] {dag.py:3823} INFO - Setting next_dagrun for example_sensor_decorator to None, run_after=None
[2024-02-22T14:29:43.299+0000] {processor.py:183} INFO - Processing /home/airflow/.local/lib/python3.8/site-packages/airflow/example_dags/example_sensor_decorator.py took 0.110 seconds
[2024-02-22T14:30:13.380+0000] {processor.py:161} INFO - Started process (PID=765) to work on /home/airflow/.local/lib/python3.8/site-packages/airflow/example_dags/example_sensor_decorator.py
[2024-02-22T14:30:13.383+0000] {processor.py:830} INFO - Processing file /home/airflow/.local/lib/python3.8/site-packages/airflow/example_dags/example_sensor_decorator.py for tasks to queue
[2024-02-22T14:30:13.388+0000] {logging_mixin.py:188} INFO - [2024-02-22T14:30:13.387+0000] {dagbag.py:538} INFO - Filling up the DagBag from /home/airflow/.local/lib/python3.8/site-packages/airflow/example_dags/example_sensor_decorator.py
[2024-02-22T14:30:13.401+0000] {processor.py:840} INFO - DAG(s) 'example_sensor_decorator' retrieved from /home/airflow/.local/lib/python3.8/site-packages/airflow/example_dags/example_sensor_decorator.py
[2024-02-22T14:30:13.435+0000] {logging_mixin.py:188} INFO - [2024-02-22T14:30:13.434+0000] {dag.py:3036} INFO - Sync 1 DAGs
[2024-02-22T14:30:13.460+0000] {logging_mixin.py:188} INFO - [2024-02-22T14:30:13.459+0000] {dag.py:3823} INFO - Setting next_dagrun for example_sensor_decorator to None, run_after=None
[2024-02-22T14:30:13.490+0000] {processor.py:183} INFO - Processing /home/airflow/.local/lib/python3.8/site-packages/airflow/example_dags/example_sensor_decorator.py took 0.118 seconds
[2024-02-22T14:30:44.239+0000] {processor.py:161} INFO - Started process (PID=820) to work on /home/airflow/.local/lib/python3.8/site-packages/airflow/example_dags/example_sensor_decorator.py
[2024-02-22T14:30:44.241+0000] {processor.py:830} INFO - Processing file /home/airflow/.local/lib/python3.8/site-packages/airflow/example_dags/example_sensor_decorator.py for tasks to queue
[2024-02-22T14:30:44.244+0000] {logging_mixin.py:188} INFO - [2024-02-22T14:30:44.244+0000] {dagbag.py:538} INFO - Filling up the DagBag from /home/airflow/.local/lib/python3.8/site-packages/airflow/example_dags/example_sensor_decorator.py
[2024-02-22T14:30:44.257+0000] {processor.py:840} INFO - DAG(s) 'example_sensor_decorator' retrieved from /home/airflow/.local/lib/python3.8/site-packages/airflow/example_dags/example_sensor_decorator.py
[2024-02-22T14:30:44.294+0000] {logging_mixin.py:188} INFO - [2024-02-22T14:30:44.292+0000] {dag.py:3036} INFO - Sync 1 DAGs
[2024-02-22T14:30:44.316+0000] {logging_mixin.py:188} INFO - [2024-02-22T14:30:44.315+0000] {dag.py:3823} INFO - Setting next_dagrun for example_sensor_decorator to None, run_after=None
[2024-02-22T14:30:44.345+0000] {processor.py:183} INFO - Processing /home/airflow/.local/lib/python3.8/site-packages/airflow/example_dags/example_sensor_decorator.py took 0.112 seconds
[2024-02-22T14:31:15.210+0000] {processor.py:161} INFO - Started process (PID=876) to work on /home/airflow/.local/lib/python3.8/site-packages/airflow/example_dags/example_sensor_decorator.py
[2024-02-22T14:31:15.215+0000] {processor.py:830} INFO - Processing file /home/airflow/.local/lib/python3.8/site-packages/airflow/example_dags/example_sensor_decorator.py for tasks to queue
[2024-02-22T14:31:15.219+0000] {logging_mixin.py:188} INFO - [2024-02-22T14:31:15.219+0000] {dagbag.py:538} INFO - Filling up the DagBag from /home/airflow/.local/lib/python3.8/site-packages/airflow/example_dags/example_sensor_decorator.py
[2024-02-22T14:31:15.234+0000] {processor.py:840} INFO - DAG(s) 'example_sensor_decorator' retrieved from /home/airflow/.local/lib/python3.8/site-packages/airflow/example_dags/example_sensor_decorator.py
[2024-02-22T14:31:15.286+0000] {logging_mixin.py:188} INFO - [2024-02-22T14:31:15.285+0000] {dag.py:3036} INFO - Sync 1 DAGs
[2024-02-22T14:31:15.306+0000] {logging_mixin.py:188} INFO - [2024-02-22T14:31:15.306+0000] {dag.py:3823} INFO - Setting next_dagrun for example_sensor_decorator to None, run_after=None
[2024-02-22T14:31:15.339+0000] {processor.py:183} INFO - Processing /home/airflow/.local/lib/python3.8/site-packages/airflow/example_dags/example_sensor_decorator.py took 0.135 seconds
[2024-02-22T14:31:46.043+0000] {processor.py:161} INFO - Started process (PID=931) to work on /home/airflow/.local/lib/python3.8/site-packages/airflow/example_dags/example_sensor_decorator.py
[2024-02-22T14:31:46.045+0000] {processor.py:830} INFO - Processing file /home/airflow/.local/lib/python3.8/site-packages/airflow/example_dags/example_sensor_decorator.py for tasks to queue
[2024-02-22T14:31:46.050+0000] {logging_mixin.py:188} INFO - [2024-02-22T14:31:46.049+0000] {dagbag.py:538} INFO - Filling up the DagBag from /home/airflow/.local/lib/python3.8/site-packages/airflow/example_dags/example_sensor_decorator.py
[2024-02-22T14:31:46.065+0000] {processor.py:840} INFO - DAG(s) 'example_sensor_decorator' retrieved from /home/airflow/.local/lib/python3.8/site-packages/airflow/example_dags/example_sensor_decorator.py
[2024-02-22T14:31:46.114+0000] {logging_mixin.py:188} INFO - [2024-02-22T14:31:46.113+0000] {dag.py:3036} INFO - Sync 1 DAGs
[2024-02-22T14:31:46.142+0000] {logging_mixin.py:188} INFO - [2024-02-22T14:31:46.142+0000] {dag.py:3823} INFO - Setting next_dagrun for example_sensor_decorator to None, run_after=None
[2024-02-22T14:31:46.176+0000] {processor.py:183} INFO - Processing /home/airflow/.local/lib/python3.8/site-packages/airflow/example_dags/example_sensor_decorator.py took 0.141 seconds
[2024-02-22T14:32:16.647+0000] {processor.py:161} INFO - Started process (PID=986) to work on /home/airflow/.local/lib/python3.8/site-packages/airflow/example_dags/example_sensor_decorator.py
[2024-02-22T14:32:16.650+0000] {processor.py:830} INFO - Processing file /home/airflow/.local/lib/python3.8/site-packages/airflow/example_dags/example_sensor_decorator.py for tasks to queue
[2024-02-22T14:32:16.655+0000] {logging_mixin.py:188} INFO - [2024-02-22T14:32:16.654+0000] {dagbag.py:538} INFO - Filling up the DagBag from /home/airflow/.local/lib/python3.8/site-packages/airflow/example_dags/example_sensor_decorator.py
[2024-02-22T14:32:16.670+0000] {processor.py:840} INFO - DAG(s) 'example_sensor_decorator' retrieved from /home/airflow/.local/lib/python3.8/site-packages/airflow/example_dags/example_sensor_decorator.py
[2024-02-22T14:32:16.716+0000] {logging_mixin.py:188} INFO - [2024-02-22T14:32:16.716+0000] {dag.py:3036} INFO - Sync 1 DAGs
[2024-02-22T14:32:16.737+0000] {logging_mixin.py:188} INFO - [2024-02-22T14:32:16.737+0000] {dag.py:3823} INFO - Setting next_dagrun for example_sensor_decorator to None, run_after=None
[2024-02-22T14:32:16.771+0000] {processor.py:183} INFO - Processing /home/airflow/.local/lib/python3.8/site-packages/airflow/example_dags/example_sensor_decorator.py took 0.132 seconds
[2024-02-22T14:34:24.118+0000] {processor.py:161} INFO - Started process (PID=51) to work on /home/airflow/.local/lib/python3.8/site-packages/airflow/example_dags/example_sensor_decorator.py
[2024-02-22T14:34:24.123+0000] {processor.py:830} INFO - Processing file /home/airflow/.local/lib/python3.8/site-packages/airflow/example_dags/example_sensor_decorator.py for tasks to queue
[2024-02-22T14:34:24.129+0000] {logging_mixin.py:188} INFO - [2024-02-22T14:34:24.128+0000] {dagbag.py:538} INFO - Filling up the DagBag from /home/airflow/.local/lib/python3.8/site-packages/airflow/example_dags/example_sensor_decorator.py
[2024-02-22T14:34:24.146+0000] {processor.py:840} INFO - DAG(s) 'example_sensor_decorator' retrieved from /home/airflow/.local/lib/python3.8/site-packages/airflow/example_dags/example_sensor_decorator.py
[2024-02-22T14:34:24.199+0000] {logging_mixin.py:188} INFO - [2024-02-22T14:34:24.197+0000] {dag.py:3036} INFO - Sync 1 DAGs
[2024-02-22T14:34:24.232+0000] {logging_mixin.py:188} INFO - [2024-02-22T14:34:24.231+0000] {dag.py:3823} INFO - Setting next_dagrun for example_sensor_decorator to None, run_after=None
[2024-02-22T14:34:24.277+0000] {processor.py:183} INFO - Processing /home/airflow/.local/lib/python3.8/site-packages/airflow/example_dags/example_sensor_decorator.py took 0.168 seconds
[2024-02-22T14:34:54.666+0000] {processor.py:161} INFO - Started process (PID=106) to work on /home/airflow/.local/lib/python3.8/site-packages/airflow/example_dags/example_sensor_decorator.py
[2024-02-22T14:34:54.668+0000] {processor.py:830} INFO - Processing file /home/airflow/.local/lib/python3.8/site-packages/airflow/example_dags/example_sensor_decorator.py for tasks to queue
[2024-02-22T14:34:54.673+0000] {logging_mixin.py:188} INFO - [2024-02-22T14:34:54.672+0000] {dagbag.py:538} INFO - Filling up the DagBag from /home/airflow/.local/lib/python3.8/site-packages/airflow/example_dags/example_sensor_decorator.py
[2024-02-22T14:34:54.689+0000] {processor.py:840} INFO - DAG(s) 'example_sensor_decorator' retrieved from /home/airflow/.local/lib/python3.8/site-packages/airflow/example_dags/example_sensor_decorator.py
[2024-02-22T14:34:54.737+0000] {logging_mixin.py:188} INFO - [2024-02-22T14:34:54.736+0000] {dag.py:3036} INFO - Sync 1 DAGs
[2024-02-22T14:34:54.765+0000] {logging_mixin.py:188} INFO - [2024-02-22T14:34:54.765+0000] {dag.py:3823} INFO - Setting next_dagrun for example_sensor_decorator to None, run_after=None
[2024-02-22T14:34:54.795+0000] {processor.py:183} INFO - Processing /home/airflow/.local/lib/python3.8/site-packages/airflow/example_dags/example_sensor_decorator.py took 0.136 seconds
[2024-02-22T14:35:25.577+0000] {processor.py:161} INFO - Started process (PID=160) to work on /home/airflow/.local/lib/python3.8/site-packages/airflow/example_dags/example_sensor_decorator.py
[2024-02-22T14:35:25.579+0000] {processor.py:830} INFO - Processing file /home/airflow/.local/lib/python3.8/site-packages/airflow/example_dags/example_sensor_decorator.py for tasks to queue
[2024-02-22T14:35:25.582+0000] {logging_mixin.py:188} INFO - [2024-02-22T14:35:25.582+0000] {dagbag.py:538} INFO - Filling up the DagBag from /home/airflow/.local/lib/python3.8/site-packages/airflow/example_dags/example_sensor_decorator.py
[2024-02-22T14:35:25.593+0000] {processor.py:840} INFO - DAG(s) 'example_sensor_decorator' retrieved from /home/airflow/.local/lib/python3.8/site-packages/airflow/example_dags/example_sensor_decorator.py
[2024-02-22T14:35:25.627+0000] {logging_mixin.py:188} INFO - [2024-02-22T14:35:25.626+0000] {dag.py:3036} INFO - Sync 1 DAGs
[2024-02-22T14:35:25.647+0000] {logging_mixin.py:188} INFO - [2024-02-22T14:35:25.646+0000] {dag.py:3823} INFO - Setting next_dagrun for example_sensor_decorator to None, run_after=None
[2024-02-22T14:35:25.674+0000] {processor.py:183} INFO - Processing /home/airflow/.local/lib/python3.8/site-packages/airflow/example_dags/example_sensor_decorator.py took 0.103 seconds
[2024-02-22T14:35:55.948+0000] {processor.py:161} INFO - Started process (PID=214) to work on /home/airflow/.local/lib/python3.8/site-packages/airflow/example_dags/example_sensor_decorator.py
[2024-02-22T14:35:55.951+0000] {processor.py:830} INFO - Processing file /home/airflow/.local/lib/python3.8/site-packages/airflow/example_dags/example_sensor_decorator.py for tasks to queue
[2024-02-22T14:35:55.955+0000] {logging_mixin.py:188} INFO - [2024-02-22T14:35:55.954+0000] {dagbag.py:538} INFO - Filling up the DagBag from /home/airflow/.local/lib/python3.8/site-packages/airflow/example_dags/example_sensor_decorator.py
[2024-02-22T14:35:55.967+0000] {processor.py:840} INFO - DAG(s) 'example_sensor_decorator' retrieved from /home/airflow/.local/lib/python3.8/site-packages/airflow/example_dags/example_sensor_decorator.py
[2024-02-22T14:35:56.002+0000] {logging_mixin.py:188} INFO - [2024-02-22T14:35:56.001+0000] {dag.py:3036} INFO - Sync 1 DAGs
[2024-02-22T14:35:56.022+0000] {logging_mixin.py:188} INFO - [2024-02-22T14:35:56.022+0000] {dag.py:3823} INFO - Setting next_dagrun for example_sensor_decorator to None, run_after=None
[2024-02-22T14:35:56.054+0000] {processor.py:183} INFO - Processing /home/airflow/.local/lib/python3.8/site-packages/airflow/example_dags/example_sensor_decorator.py took 0.113 seconds
[2024-02-22T14:36:26.484+0000] {processor.py:161} INFO - Started process (PID=271) to work on /home/airflow/.local/lib/python3.8/site-packages/airflow/example_dags/example_sensor_decorator.py
[2024-02-22T14:36:26.485+0000] {processor.py:830} INFO - Processing file /home/airflow/.local/lib/python3.8/site-packages/airflow/example_dags/example_sensor_decorator.py for tasks to queue
[2024-02-22T14:36:26.489+0000] {logging_mixin.py:188} INFO - [2024-02-22T14:36:26.489+0000] {dagbag.py:538} INFO - Filling up the DagBag from /home/airflow/.local/lib/python3.8/site-packages/airflow/example_dags/example_sensor_decorator.py
[2024-02-22T14:36:26.504+0000] {processor.py:840} INFO - DAG(s) 'example_sensor_decorator' retrieved from /home/airflow/.local/lib/python3.8/site-packages/airflow/example_dags/example_sensor_decorator.py
[2024-02-22T14:36:26.541+0000] {logging_mixin.py:188} INFO - [2024-02-22T14:36:26.540+0000] {dag.py:3036} INFO - Sync 1 DAGs
[2024-02-22T14:36:26.562+0000] {logging_mixin.py:188} INFO - [2024-02-22T14:36:26.562+0000] {dag.py:3823} INFO - Setting next_dagrun for example_sensor_decorator to None, run_after=None
[2024-02-22T14:36:26.596+0000] {processor.py:183} INFO - Processing /home/airflow/.local/lib/python3.8/site-packages/airflow/example_dags/example_sensor_decorator.py took 0.120 seconds
[2024-02-22T14:36:57.458+0000] {processor.py:161} INFO - Started process (PID=326) to work on /home/airflow/.local/lib/python3.8/site-packages/airflow/example_dags/example_sensor_decorator.py
[2024-02-22T14:36:57.460+0000] {processor.py:830} INFO - Processing file /home/airflow/.local/lib/python3.8/site-packages/airflow/example_dags/example_sensor_decorator.py for tasks to queue
[2024-02-22T14:36:57.464+0000] {logging_mixin.py:188} INFO - [2024-02-22T14:36:57.463+0000] {dagbag.py:538} INFO - Filling up the DagBag from /home/airflow/.local/lib/python3.8/site-packages/airflow/example_dags/example_sensor_decorator.py
[2024-02-22T14:36:57.478+0000] {processor.py:840} INFO - DAG(s) 'example_sensor_decorator' retrieved from /home/airflow/.local/lib/python3.8/site-packages/airflow/example_dags/example_sensor_decorator.py
[2024-02-22T14:36:57.516+0000] {logging_mixin.py:188} INFO - [2024-02-22T14:36:57.515+0000] {dag.py:3036} INFO - Sync 1 DAGs
[2024-02-22T14:36:57.537+0000] {logging_mixin.py:188} INFO - [2024-02-22T14:36:57.536+0000] {dag.py:3823} INFO - Setting next_dagrun for example_sensor_decorator to None, run_after=None
[2024-02-22T14:36:57.576+0000] {processor.py:183} INFO - Processing /home/airflow/.local/lib/python3.8/site-packages/airflow/example_dags/example_sensor_decorator.py took 0.125 seconds
[2024-02-22T14:37:28.001+0000] {processor.py:161} INFO - Started process (PID=381) to work on /home/airflow/.local/lib/python3.8/site-packages/airflow/example_dags/example_sensor_decorator.py
[2024-02-22T14:37:28.002+0000] {processor.py:830} INFO - Processing file /home/airflow/.local/lib/python3.8/site-packages/airflow/example_dags/example_sensor_decorator.py for tasks to queue
[2024-02-22T14:37:28.006+0000] {logging_mixin.py:188} INFO - [2024-02-22T14:37:28.005+0000] {dagbag.py:538} INFO - Filling up the DagBag from /home/airflow/.local/lib/python3.8/site-packages/airflow/example_dags/example_sensor_decorator.py
[2024-02-22T14:37:28.018+0000] {processor.py:840} INFO - DAG(s) 'example_sensor_decorator' retrieved from /home/airflow/.local/lib/python3.8/site-packages/airflow/example_dags/example_sensor_decorator.py
[2024-02-22T14:37:28.062+0000] {logging_mixin.py:188} INFO - [2024-02-22T14:37:28.061+0000] {dag.py:3036} INFO - Sync 1 DAGs
[2024-02-22T14:37:28.082+0000] {logging_mixin.py:188} INFO - [2024-02-22T14:37:28.082+0000] {dag.py:3823} INFO - Setting next_dagrun for example_sensor_decorator to None, run_after=None
[2024-02-22T14:37:28.117+0000] {processor.py:183} INFO - Processing /home/airflow/.local/lib/python3.8/site-packages/airflow/example_dags/example_sensor_decorator.py took 0.124 seconds
[2024-02-22T14:37:58.530+0000] {processor.py:161} INFO - Started process (PID=437) to work on /home/airflow/.local/lib/python3.8/site-packages/airflow/example_dags/example_sensor_decorator.py
[2024-02-22T14:37:58.533+0000] {processor.py:830} INFO - Processing file /home/airflow/.local/lib/python3.8/site-packages/airflow/example_dags/example_sensor_decorator.py for tasks to queue
[2024-02-22T14:37:58.537+0000] {logging_mixin.py:188} INFO - [2024-02-22T14:37:58.536+0000] {dagbag.py:538} INFO - Filling up the DagBag from /home/airflow/.local/lib/python3.8/site-packages/airflow/example_dags/example_sensor_decorator.py
[2024-02-22T14:37:58.551+0000] {processor.py:840} INFO - DAG(s) 'example_sensor_decorator' retrieved from /home/airflow/.local/lib/python3.8/site-packages/airflow/example_dags/example_sensor_decorator.py
[2024-02-22T14:37:58.594+0000] {logging_mixin.py:188} INFO - [2024-02-22T14:37:58.593+0000] {dag.py:3036} INFO - Sync 1 DAGs
[2024-02-22T14:37:58.622+0000] {logging_mixin.py:188} INFO - [2024-02-22T14:37:58.621+0000] {dag.py:3823} INFO - Setting next_dagrun for example_sensor_decorator to None, run_after=None
[2024-02-22T14:37:58.662+0000] {processor.py:183} INFO - Processing /home/airflow/.local/lib/python3.8/site-packages/airflow/example_dags/example_sensor_decorator.py took 0.139 seconds
[2024-02-22T14:38:28.895+0000] {processor.py:161} INFO - Started process (PID=492) to work on /home/airflow/.local/lib/python3.8/site-packages/airflow/example_dags/example_sensor_decorator.py
[2024-02-22T14:38:28.898+0000] {processor.py:830} INFO - Processing file /home/airflow/.local/lib/python3.8/site-packages/airflow/example_dags/example_sensor_decorator.py for tasks to queue
[2024-02-22T14:38:28.903+0000] {logging_mixin.py:188} INFO - [2024-02-22T14:38:28.902+0000] {dagbag.py:538} INFO - Filling up the DagBag from /home/airflow/.local/lib/python3.8/site-packages/airflow/example_dags/example_sensor_decorator.py
[2024-02-22T14:38:28.917+0000] {processor.py:840} INFO - DAG(s) 'example_sensor_decorator' retrieved from /home/airflow/.local/lib/python3.8/site-packages/airflow/example_dags/example_sensor_decorator.py
[2024-02-22T14:38:28.956+0000] {logging_mixin.py:188} INFO - [2024-02-22T14:38:28.955+0000] {dag.py:3036} INFO - Sync 1 DAGs
[2024-02-22T14:38:28.979+0000] {logging_mixin.py:188} INFO - [2024-02-22T14:38:28.979+0000] {dag.py:3823} INFO - Setting next_dagrun for example_sensor_decorator to None, run_after=None
[2024-02-22T14:38:29.015+0000] {processor.py:183} INFO - Processing /home/airflow/.local/lib/python3.8/site-packages/airflow/example_dags/example_sensor_decorator.py took 0.129 seconds
[2024-02-22T14:38:59.147+0000] {processor.py:161} INFO - Started process (PID=547) to work on /home/airflow/.local/lib/python3.8/site-packages/airflow/example_dags/example_sensor_decorator.py
[2024-02-22T14:38:59.149+0000] {processor.py:830} INFO - Processing file /home/airflow/.local/lib/python3.8/site-packages/airflow/example_dags/example_sensor_decorator.py for tasks to queue
[2024-02-22T14:38:59.152+0000] {logging_mixin.py:188} INFO - [2024-02-22T14:38:59.152+0000] {dagbag.py:538} INFO - Filling up the DagBag from /home/airflow/.local/lib/python3.8/site-packages/airflow/example_dags/example_sensor_decorator.py
[2024-02-22T14:38:59.165+0000] {processor.py:840} INFO - DAG(s) 'example_sensor_decorator' retrieved from /home/airflow/.local/lib/python3.8/site-packages/airflow/example_dags/example_sensor_decorator.py
[2024-02-22T14:38:59.201+0000] {logging_mixin.py:188} INFO - [2024-02-22T14:38:59.201+0000] {dag.py:3036} INFO - Sync 1 DAGs
[2024-02-22T14:38:59.223+0000] {logging_mixin.py:188} INFO - [2024-02-22T14:38:59.222+0000] {dag.py:3823} INFO - Setting next_dagrun for example_sensor_decorator to None, run_after=None
[2024-02-22T14:38:59.254+0000] {processor.py:183} INFO - Processing /home/airflow/.local/lib/python3.8/site-packages/airflow/example_dags/example_sensor_decorator.py took 0.113 seconds
[2024-02-22T14:39:29.837+0000] {processor.py:161} INFO - Started process (PID=601) to work on /home/airflow/.local/lib/python3.8/site-packages/airflow/example_dags/example_sensor_decorator.py
[2024-02-22T14:39:29.839+0000] {processor.py:830} INFO - Processing file /home/airflow/.local/lib/python3.8/site-packages/airflow/example_dags/example_sensor_decorator.py for tasks to queue
[2024-02-22T14:39:29.844+0000] {logging_mixin.py:188} INFO - [2024-02-22T14:39:29.843+0000] {dagbag.py:538} INFO - Filling up the DagBag from /home/airflow/.local/lib/python3.8/site-packages/airflow/example_dags/example_sensor_decorator.py
[2024-02-22T14:39:29.859+0000] {processor.py:840} INFO - DAG(s) 'example_sensor_decorator' retrieved from /home/airflow/.local/lib/python3.8/site-packages/airflow/example_dags/example_sensor_decorator.py
[2024-02-22T14:39:29.897+0000] {logging_mixin.py:188} INFO - [2024-02-22T14:39:29.896+0000] {dag.py:3036} INFO - Sync 1 DAGs
[2024-02-22T14:39:29.929+0000] {logging_mixin.py:188} INFO - [2024-02-22T14:39:29.929+0000] {dag.py:3823} INFO - Setting next_dagrun for example_sensor_decorator to None, run_after=None
[2024-02-22T14:39:29.966+0000] {processor.py:183} INFO - Processing /home/airflow/.local/lib/python3.8/site-packages/airflow/example_dags/example_sensor_decorator.py took 0.138 seconds
[2024-02-22T14:40:00.349+0000] {processor.py:161} INFO - Started process (PID=656) to work on /home/airflow/.local/lib/python3.8/site-packages/airflow/example_dags/example_sensor_decorator.py
[2024-02-22T14:40:00.352+0000] {processor.py:830} INFO - Processing file /home/airflow/.local/lib/python3.8/site-packages/airflow/example_dags/example_sensor_decorator.py for tasks to queue
[2024-02-22T14:40:00.357+0000] {logging_mixin.py:188} INFO - [2024-02-22T14:40:00.356+0000] {dagbag.py:538} INFO - Filling up the DagBag from /home/airflow/.local/lib/python3.8/site-packages/airflow/example_dags/example_sensor_decorator.py
[2024-02-22T14:40:00.371+0000] {processor.py:840} INFO - DAG(s) 'example_sensor_decorator' retrieved from /home/airflow/.local/lib/python3.8/site-packages/airflow/example_dags/example_sensor_decorator.py
[2024-02-22T14:40:00.409+0000] {logging_mixin.py:188} INFO - [2024-02-22T14:40:00.408+0000] {dag.py:3036} INFO - Sync 1 DAGs
[2024-02-22T14:40:00.432+0000] {logging_mixin.py:188} INFO - [2024-02-22T14:40:00.431+0000] {dag.py:3823} INFO - Setting next_dagrun for example_sensor_decorator to None, run_after=None
[2024-02-22T14:40:00.463+0000] {processor.py:183} INFO - Processing /home/airflow/.local/lib/python3.8/site-packages/airflow/example_dags/example_sensor_decorator.py took 0.121 seconds
[2024-02-22T14:40:31.398+0000] {processor.py:161} INFO - Started process (PID=711) to work on /home/airflow/.local/lib/python3.8/site-packages/airflow/example_dags/example_sensor_decorator.py
[2024-02-22T14:40:31.399+0000] {processor.py:830} INFO - Processing file /home/airflow/.local/lib/python3.8/site-packages/airflow/example_dags/example_sensor_decorator.py for tasks to queue
[2024-02-22T14:40:31.403+0000] {logging_mixin.py:188} INFO - [2024-02-22T14:40:31.403+0000] {dagbag.py:538} INFO - Filling up the DagBag from /home/airflow/.local/lib/python3.8/site-packages/airflow/example_dags/example_sensor_decorator.py
[2024-02-22T14:40:31.416+0000] {processor.py:840} INFO - DAG(s) 'example_sensor_decorator' retrieved from /home/airflow/.local/lib/python3.8/site-packages/airflow/example_dags/example_sensor_decorator.py
[2024-02-22T14:40:31.452+0000] {logging_mixin.py:188} INFO - [2024-02-22T14:40:31.451+0000] {dag.py:3036} INFO - Sync 1 DAGs
[2024-02-22T14:40:31.480+0000] {logging_mixin.py:188} INFO - [2024-02-22T14:40:31.479+0000] {dag.py:3823} INFO - Setting next_dagrun for example_sensor_decorator to None, run_after=None
[2024-02-22T14:40:31.509+0000] {processor.py:183} INFO - Processing /home/airflow/.local/lib/python3.8/site-packages/airflow/example_dags/example_sensor_decorator.py took 0.118 seconds
[2024-02-22T14:41:02.171+0000] {processor.py:161} INFO - Started process (PID=766) to work on /home/airflow/.local/lib/python3.8/site-packages/airflow/example_dags/example_sensor_decorator.py
[2024-02-22T14:41:02.173+0000] {processor.py:830} INFO - Processing file /home/airflow/.local/lib/python3.8/site-packages/airflow/example_dags/example_sensor_decorator.py for tasks to queue
[2024-02-22T14:41:02.178+0000] {logging_mixin.py:188} INFO - [2024-02-22T14:41:02.177+0000] {dagbag.py:538} INFO - Filling up the DagBag from /home/airflow/.local/lib/python3.8/site-packages/airflow/example_dags/example_sensor_decorator.py
[2024-02-22T14:41:02.193+0000] {processor.py:840} INFO - DAG(s) 'example_sensor_decorator' retrieved from /home/airflow/.local/lib/python3.8/site-packages/airflow/example_dags/example_sensor_decorator.py
[2024-02-22T14:41:02.231+0000] {logging_mixin.py:188} INFO - [2024-02-22T14:41:02.230+0000] {dag.py:3036} INFO - Sync 1 DAGs
[2024-02-22T14:41:02.252+0000] {logging_mixin.py:188} INFO - [2024-02-22T14:41:02.251+0000] {dag.py:3823} INFO - Setting next_dagrun for example_sensor_decorator to None, run_after=None
[2024-02-22T14:41:02.282+0000] {processor.py:183} INFO - Processing /home/airflow/.local/lib/python3.8/site-packages/airflow/example_dags/example_sensor_decorator.py took 0.118 seconds
[2024-02-22T14:41:32.988+0000] {processor.py:161} INFO - Started process (PID=821) to work on /home/airflow/.local/lib/python3.8/site-packages/airflow/example_dags/example_sensor_decorator.py
[2024-02-22T14:41:32.990+0000] {processor.py:830} INFO - Processing file /home/airflow/.local/lib/python3.8/site-packages/airflow/example_dags/example_sensor_decorator.py for tasks to queue
[2024-02-22T14:41:32.994+0000] {logging_mixin.py:188} INFO - [2024-02-22T14:41:32.994+0000] {dagbag.py:538} INFO - Filling up the DagBag from /home/airflow/.local/lib/python3.8/site-packages/airflow/example_dags/example_sensor_decorator.py
[2024-02-22T14:41:33.007+0000] {processor.py:840} INFO - DAG(s) 'example_sensor_decorator' retrieved from /home/airflow/.local/lib/python3.8/site-packages/airflow/example_dags/example_sensor_decorator.py
[2024-02-22T14:41:33.047+0000] {logging_mixin.py:188} INFO - [2024-02-22T14:41:33.046+0000] {dag.py:3036} INFO - Sync 1 DAGs
[2024-02-22T14:41:33.068+0000] {logging_mixin.py:188} INFO - [2024-02-22T14:41:33.067+0000] {dag.py:3823} INFO - Setting next_dagrun for example_sensor_decorator to None, run_after=None
[2024-02-22T14:41:33.098+0000] {processor.py:183} INFO - Processing /home/airflow/.local/lib/python3.8/site-packages/airflow/example_dags/example_sensor_decorator.py took 0.117 seconds
[2024-02-22T14:42:04.063+0000] {processor.py:161} INFO - Started process (PID=876) to work on /home/airflow/.local/lib/python3.8/site-packages/airflow/example_dags/example_sensor_decorator.py
[2024-02-22T14:42:04.065+0000] {processor.py:830} INFO - Processing file /home/airflow/.local/lib/python3.8/site-packages/airflow/example_dags/example_sensor_decorator.py for tasks to queue
[2024-02-22T14:42:04.069+0000] {logging_mixin.py:188} INFO - [2024-02-22T14:42:04.068+0000] {dagbag.py:538} INFO - Filling up the DagBag from /home/airflow/.local/lib/python3.8/site-packages/airflow/example_dags/example_sensor_decorator.py
[2024-02-22T14:42:04.081+0000] {processor.py:840} INFO - DAG(s) 'example_sensor_decorator' retrieved from /home/airflow/.local/lib/python3.8/site-packages/airflow/example_dags/example_sensor_decorator.py
[2024-02-22T14:42:04.119+0000] {logging_mixin.py:188} INFO - [2024-02-22T14:42:04.118+0000] {dag.py:3036} INFO - Sync 1 DAGs
[2024-02-22T14:42:04.140+0000] {logging_mixin.py:188} INFO - [2024-02-22T14:42:04.139+0000] {dag.py:3823} INFO - Setting next_dagrun for example_sensor_decorator to None, run_after=None
[2024-02-22T14:42:04.170+0000] {processor.py:183} INFO - Processing /home/airflow/.local/lib/python3.8/site-packages/airflow/example_dags/example_sensor_decorator.py took 0.113 seconds
[2024-02-22T14:42:35.177+0000] {processor.py:161} INFO - Started process (PID=930) to work on /home/airflow/.local/lib/python3.8/site-packages/airflow/example_dags/example_sensor_decorator.py
[2024-02-22T14:42:35.181+0000] {processor.py:830} INFO - Processing file /home/airflow/.local/lib/python3.8/site-packages/airflow/example_dags/example_sensor_decorator.py for tasks to queue
[2024-02-22T14:42:35.186+0000] {logging_mixin.py:188} INFO - [2024-02-22T14:42:35.185+0000] {dagbag.py:538} INFO - Filling up the DagBag from /home/airflow/.local/lib/python3.8/site-packages/airflow/example_dags/example_sensor_decorator.py
[2024-02-22T14:42:35.203+0000] {processor.py:840} INFO - DAG(s) 'example_sensor_decorator' retrieved from /home/airflow/.local/lib/python3.8/site-packages/airflow/example_dags/example_sensor_decorator.py
[2024-02-22T14:42:35.251+0000] {logging_mixin.py:188} INFO - [2024-02-22T14:42:35.249+0000] {dag.py:3036} INFO - Sync 1 DAGs
[2024-02-22T14:42:35.283+0000] {logging_mixin.py:188} INFO - [2024-02-22T14:42:35.282+0000] {dag.py:3823} INFO - Setting next_dagrun for example_sensor_decorator to None, run_after=None
[2024-02-22T14:42:35.325+0000] {processor.py:183} INFO - Processing /home/airflow/.local/lib/python3.8/site-packages/airflow/example_dags/example_sensor_decorator.py took 0.157 seconds
