[2024-02-22T14:23:33.721+0000] {processor.py:161} INFO - Started process (PID=38) to work on /home/airflow/.local/lib/python3.8/site-packages/airflow/example_dags/example_dag_decorator.py
[2024-02-22T14:23:33.723+0000] {processor.py:830} INFO - Processing file /home/airflow/.local/lib/python3.8/site-packages/airflow/example_dags/example_dag_decorator.py for tasks to queue
[2024-02-22T14:23:33.726+0000] {logging_mixin.py:188} INFO - [2024-02-22T14:23:33.726+0000] {dagbag.py:538} INFO - Filling up the DagBag from /home/airflow/.local/lib/python3.8/site-packages/airflow/example_dags/example_dag_decorator.py
[2024-02-22T14:23:34.313+0000] {processor.py:840} INFO - DAG(s) 'example_dag_decorator' retrieved from /home/airflow/.local/lib/python3.8/site-packages/airflow/example_dags/example_dag_decorator.py
[2024-02-22T14:23:34.899+0000] {logging_mixin.py:188} INFO - [2024-02-22T14:23:34.897+0000] {dag.py:3036} INFO - Sync 1 DAGs
[2024-02-22T14:23:34.942+0000] {logging_mixin.py:188} INFO - [2024-02-22T14:23:34.942+0000] {dag.py:3823} INFO - Setting next_dagrun for example_dag_decorator to None, run_after=None
[2024-02-22T14:23:35.010+0000] {processor.py:183} INFO - Processing /home/airflow/.local/lib/python3.8/site-packages/airflow/example_dags/example_dag_decorator.py took 1.297 seconds
[2024-02-22T14:24:05.148+0000] {processor.py:161} INFO - Started process (PID=101) to work on /home/airflow/.local/lib/python3.8/site-packages/airflow/example_dags/example_dag_decorator.py
[2024-02-22T14:24:05.150+0000] {processor.py:830} INFO - Processing file /home/airflow/.local/lib/python3.8/site-packages/airflow/example_dags/example_dag_decorator.py for tasks to queue
[2024-02-22T14:24:05.153+0000] {logging_mixin.py:188} INFO - [2024-02-22T14:24:05.152+0000] {dagbag.py:538} INFO - Filling up the DagBag from /home/airflow/.local/lib/python3.8/site-packages/airflow/example_dags/example_dag_decorator.py
[2024-02-22T14:24:05.320+0000] {processor.py:840} INFO - DAG(s) 'example_dag_decorator' retrieved from /home/airflow/.local/lib/python3.8/site-packages/airflow/example_dags/example_dag_decorator.py
[2024-02-22T14:24:05.482+0000] {logging_mixin.py:188} INFO - [2024-02-22T14:24:05.481+0000] {dag.py:3036} INFO - Sync 1 DAGs
[2024-02-22T14:24:05.497+0000] {logging_mixin.py:188} INFO - [2024-02-22T14:24:05.497+0000] {dag.py:3823} INFO - Setting next_dagrun for example_dag_decorator to None, run_after=None
[2024-02-22T14:24:05.524+0000] {processor.py:183} INFO - Processing /home/airflow/.local/lib/python3.8/site-packages/airflow/example_dags/example_dag_decorator.py took 0.382 seconds
[2024-02-22T14:24:35.605+0000] {processor.py:161} INFO - Started process (PID=156) to work on /home/airflow/.local/lib/python3.8/site-packages/airflow/example_dags/example_dag_decorator.py
[2024-02-22T14:24:35.608+0000] {processor.py:830} INFO - Processing file /home/airflow/.local/lib/python3.8/site-packages/airflow/example_dags/example_dag_decorator.py for tasks to queue
[2024-02-22T14:24:35.613+0000] {logging_mixin.py:188} INFO - [2024-02-22T14:24:35.612+0000] {dagbag.py:538} INFO - Filling up the DagBag from /home/airflow/.local/lib/python3.8/site-packages/airflow/example_dags/example_dag_decorator.py
[2024-02-22T14:24:35.844+0000] {processor.py:840} INFO - DAG(s) 'example_dag_decorator' retrieved from /home/airflow/.local/lib/python3.8/site-packages/airflow/example_dags/example_dag_decorator.py
[2024-02-22T14:24:36.070+0000] {logging_mixin.py:188} INFO - [2024-02-22T14:24:36.069+0000] {dag.py:3036} INFO - Sync 1 DAGs
[2024-02-22T14:24:36.089+0000] {logging_mixin.py:188} INFO - [2024-02-22T14:24:36.089+0000] {dag.py:3823} INFO - Setting next_dagrun for example_dag_decorator to None, run_after=None
[2024-02-22T14:24:36.117+0000] {processor.py:183} INFO - Processing /home/airflow/.local/lib/python3.8/site-packages/airflow/example_dags/example_dag_decorator.py took 0.520 seconds
[2024-02-22T14:25:06.445+0000] {processor.py:161} INFO - Started process (PID=209) to work on /home/airflow/.local/lib/python3.8/site-packages/airflow/example_dags/example_dag_decorator.py
[2024-02-22T14:25:06.446+0000] {processor.py:830} INFO - Processing file /home/airflow/.local/lib/python3.8/site-packages/airflow/example_dags/example_dag_decorator.py for tasks to queue
[2024-02-22T14:25:06.449+0000] {logging_mixin.py:188} INFO - [2024-02-22T14:25:06.449+0000] {dagbag.py:538} INFO - Filling up the DagBag from /home/airflow/.local/lib/python3.8/site-packages/airflow/example_dags/example_dag_decorator.py
[2024-02-22T14:25:06.605+0000] {processor.py:840} INFO - DAG(s) 'example_dag_decorator' retrieved from /home/airflow/.local/lib/python3.8/site-packages/airflow/example_dags/example_dag_decorator.py
[2024-02-22T14:25:06.777+0000] {logging_mixin.py:188} INFO - [2024-02-22T14:25:06.776+0000] {dag.py:3036} INFO - Sync 1 DAGs
[2024-02-22T14:25:06.795+0000] {logging_mixin.py:188} INFO - [2024-02-22T14:25:06.794+0000] {dag.py:3823} INFO - Setting next_dagrun for example_dag_decorator to None, run_after=None
[2024-02-22T14:25:06.821+0000] {processor.py:183} INFO - Processing /home/airflow/.local/lib/python3.8/site-packages/airflow/example_dags/example_dag_decorator.py took 0.383 seconds
[2024-02-22T14:25:37.072+0000] {processor.py:161} INFO - Started process (PID=264) to work on /home/airflow/.local/lib/python3.8/site-packages/airflow/example_dags/example_dag_decorator.py
[2024-02-22T14:25:37.075+0000] {processor.py:830} INFO - Processing file /home/airflow/.local/lib/python3.8/site-packages/airflow/example_dags/example_dag_decorator.py for tasks to queue
[2024-02-22T14:25:37.079+0000] {logging_mixin.py:188} INFO - [2024-02-22T14:25:37.079+0000] {dagbag.py:538} INFO - Filling up the DagBag from /home/airflow/.local/lib/python3.8/site-packages/airflow/example_dags/example_dag_decorator.py
[2024-02-22T14:25:37.240+0000] {processor.py:840} INFO - DAG(s) 'example_dag_decorator' retrieved from /home/airflow/.local/lib/python3.8/site-packages/airflow/example_dags/example_dag_decorator.py
[2024-02-22T14:25:37.415+0000] {logging_mixin.py:188} INFO - [2024-02-22T14:25:37.414+0000] {dag.py:3036} INFO - Sync 1 DAGs
[2024-02-22T14:25:37.431+0000] {logging_mixin.py:188} INFO - [2024-02-22T14:25:37.431+0000] {dag.py:3823} INFO - Setting next_dagrun for example_dag_decorator to None, run_after=None
[2024-02-22T14:25:37.752+0000] {processor.py:183} INFO - Processing /home/airflow/.local/lib/python3.8/site-packages/airflow/example_dags/example_dag_decorator.py took 0.686 seconds
[2024-02-22T14:26:08.021+0000] {processor.py:161} INFO - Started process (PID=319) to work on /home/airflow/.local/lib/python3.8/site-packages/airflow/example_dags/example_dag_decorator.py
[2024-02-22T14:26:08.023+0000] {processor.py:830} INFO - Processing file /home/airflow/.local/lib/python3.8/site-packages/airflow/example_dags/example_dag_decorator.py for tasks to queue
[2024-02-22T14:26:08.029+0000] {logging_mixin.py:188} INFO - [2024-02-22T14:26:08.028+0000] {dagbag.py:538} INFO - Filling up the DagBag from /home/airflow/.local/lib/python3.8/site-packages/airflow/example_dags/example_dag_decorator.py
[2024-02-22T14:26:08.190+0000] {processor.py:840} INFO - DAG(s) 'example_dag_decorator' retrieved from /home/airflow/.local/lib/python3.8/site-packages/airflow/example_dags/example_dag_decorator.py
[2024-02-22T14:26:08.404+0000] {logging_mixin.py:188} INFO - [2024-02-22T14:26:08.404+0000] {dag.py:3036} INFO - Sync 1 DAGs
[2024-02-22T14:26:08.422+0000] {logging_mixin.py:188} INFO - [2024-02-22T14:26:08.421+0000] {dag.py:3823} INFO - Setting next_dagrun for example_dag_decorator to None, run_after=None
[2024-02-22T14:26:08.450+0000] {processor.py:183} INFO - Processing /home/airflow/.local/lib/python3.8/site-packages/airflow/example_dags/example_dag_decorator.py took 0.437 seconds
