[2024-02-22T14:23:37.905+0000] {processor.py:161} INFO - Started process (PID=63) to work on /home/airflow/.local/lib/python3.8/site-packages/airflow/example_dags/example_params_ui_tutorial.py
[2024-02-22T14:23:37.907+0000] {processor.py:830} INFO - Processing file /home/airflow/.local/lib/python3.8/site-packages/airflow/example_dags/example_params_ui_tutorial.py for tasks to queue
[2024-02-22T14:23:37.912+0000] {logging_mixin.py:188} INFO - [2024-02-22T14:23:37.911+0000] {dagbag.py:538} INFO - Filling up the DagBag from /home/airflow/.local/lib/python3.8/site-packages/airflow/example_dags/example_params_ui_tutorial.py
[2024-02-22T14:23:37.946+0000] {processor.py:840} INFO - DAG(s) 'example_params_ui_tutorial' retrieved from /home/airflow/.local/lib/python3.8/site-packages/airflow/example_dags/example_params_ui_tutorial.py
[2024-02-22T14:23:38.401+0000] {logging_mixin.py:188} INFO - [2024-02-22T14:23:38.400+0000] {dag.py:3036} INFO - Sync 1 DAGs
[2024-02-22T14:23:38.425+0000] {logging_mixin.py:188} INFO - [2024-02-22T14:23:38.424+0000] {dag.py:3823} INFO - Setting next_dagrun for example_params_ui_tutorial to None, run_after=None
[2024-02-22T14:23:38.493+0000] {processor.py:183} INFO - Processing /home/airflow/.local/lib/python3.8/site-packages/airflow/example_dags/example_params_ui_tutorial.py took 0.595 seconds
[2024-02-22T14:24:09.031+0000] {processor.py:161} INFO - Started process (PID=118) to work on /home/airflow/.local/lib/python3.8/site-packages/airflow/example_dags/example_params_ui_tutorial.py
[2024-02-22T14:24:09.033+0000] {processor.py:830} INFO - Processing file /home/airflow/.local/lib/python3.8/site-packages/airflow/example_dags/example_params_ui_tutorial.py for tasks to queue
[2024-02-22T14:24:09.036+0000] {logging_mixin.py:188} INFO - [2024-02-22T14:24:09.035+0000] {dagbag.py:538} INFO - Filling up the DagBag from /home/airflow/.local/lib/python3.8/site-packages/airflow/example_dags/example_params_ui_tutorial.py
[2024-02-22T14:24:09.059+0000] {processor.py:840} INFO - DAG(s) 'example_params_ui_tutorial' retrieved from /home/airflow/.local/lib/python3.8/site-packages/airflow/example_dags/example_params_ui_tutorial.py
[2024-02-22T14:24:09.164+0000] {logging_mixin.py:188} INFO - [2024-02-22T14:24:09.164+0000] {dag.py:3036} INFO - Sync 1 DAGs
[2024-02-22T14:24:09.184+0000] {logging_mixin.py:188} INFO - [2024-02-22T14:24:09.184+0000] {dag.py:3823} INFO - Setting next_dagrun for example_params_ui_tutorial to None, run_after=None
[2024-02-22T14:24:09.215+0000] {processor.py:183} INFO - Processing /home/airflow/.local/lib/python3.8/site-packages/airflow/example_dags/example_params_ui_tutorial.py took 0.190 seconds
[2024-02-22T14:24:39.359+0000] {processor.py:161} INFO - Started process (PID=173) to work on /home/airflow/.local/lib/python3.8/site-packages/airflow/example_dags/example_params_ui_tutorial.py
[2024-02-22T14:24:39.362+0000] {processor.py:830} INFO - Processing file /home/airflow/.local/lib/python3.8/site-packages/airflow/example_dags/example_params_ui_tutorial.py for tasks to queue
[2024-02-22T14:24:39.367+0000] {logging_mixin.py:188} INFO - [2024-02-22T14:24:39.366+0000] {dagbag.py:538} INFO - Filling up the DagBag from /home/airflow/.local/lib/python3.8/site-packages/airflow/example_dags/example_params_ui_tutorial.py
[2024-02-22T14:24:39.389+0000] {processor.py:840} INFO - DAG(s) 'example_params_ui_tutorial' retrieved from /home/airflow/.local/lib/python3.8/site-packages/airflow/example_dags/example_params_ui_tutorial.py
[2024-02-22T14:24:39.490+0000] {logging_mixin.py:188} INFO - [2024-02-22T14:24:39.490+0000] {dag.py:3036} INFO - Sync 1 DAGs
[2024-02-22T14:24:39.510+0000] {logging_mixin.py:188} INFO - [2024-02-22T14:24:39.509+0000] {dag.py:3823} INFO - Setting next_dagrun for example_params_ui_tutorial to None, run_after=None
[2024-02-22T14:24:39.537+0000] {processor.py:183} INFO - Processing /home/airflow/.local/lib/python3.8/site-packages/airflow/example_dags/example_params_ui_tutorial.py took 0.184 seconds
[2024-02-22T14:25:10.076+0000] {processor.py:161} INFO - Started process (PID=228) to work on /home/airflow/.local/lib/python3.8/site-packages/airflow/example_dags/example_params_ui_tutorial.py
[2024-02-22T14:25:10.078+0000] {processor.py:830} INFO - Processing file /home/airflow/.local/lib/python3.8/site-packages/airflow/example_dags/example_params_ui_tutorial.py for tasks to queue
[2024-02-22T14:25:10.081+0000] {logging_mixin.py:188} INFO - [2024-02-22T14:25:10.080+0000] {dagbag.py:538} INFO - Filling up the DagBag from /home/airflow/.local/lib/python3.8/site-packages/airflow/example_dags/example_params_ui_tutorial.py
[2024-02-22T14:25:10.103+0000] {processor.py:840} INFO - DAG(s) 'example_params_ui_tutorial' retrieved from /home/airflow/.local/lib/python3.8/site-packages/airflow/example_dags/example_params_ui_tutorial.py
[2024-02-22T14:25:10.205+0000] {logging_mixin.py:188} INFO - [2024-02-22T14:25:10.204+0000] {dag.py:3036} INFO - Sync 1 DAGs
[2024-02-22T14:25:10.226+0000] {logging_mixin.py:188} INFO - [2024-02-22T14:25:10.225+0000] {dag.py:3823} INFO - Setting next_dagrun for example_params_ui_tutorial to None, run_after=None
[2024-02-22T14:25:10.254+0000] {processor.py:183} INFO - Processing /home/airflow/.local/lib/python3.8/site-packages/airflow/example_dags/example_params_ui_tutorial.py took 0.185 seconds
[2024-02-22T14:25:41.031+0000] {processor.py:161} INFO - Started process (PID=283) to work on /home/airflow/.local/lib/python3.8/site-packages/airflow/example_dags/example_params_ui_tutorial.py
[2024-02-22T14:25:41.033+0000] {processor.py:830} INFO - Processing file /home/airflow/.local/lib/python3.8/site-packages/airflow/example_dags/example_params_ui_tutorial.py for tasks to queue
[2024-02-22T14:25:41.037+0000] {logging_mixin.py:188} INFO - [2024-02-22T14:25:41.036+0000] {dagbag.py:538} INFO - Filling up the DagBag from /home/airflow/.local/lib/python3.8/site-packages/airflow/example_dags/example_params_ui_tutorial.py
[2024-02-22T14:25:41.059+0000] {processor.py:840} INFO - DAG(s) 'example_params_ui_tutorial' retrieved from /home/airflow/.local/lib/python3.8/site-packages/airflow/example_dags/example_params_ui_tutorial.py
[2024-02-22T14:25:41.159+0000] {logging_mixin.py:188} INFO - [2024-02-22T14:25:41.158+0000] {dag.py:3036} INFO - Sync 1 DAGs
[2024-02-22T14:25:41.179+0000] {logging_mixin.py:188} INFO - [2024-02-22T14:25:41.179+0000] {dag.py:3823} INFO - Setting next_dagrun for example_params_ui_tutorial to None, run_after=None
[2024-02-22T14:25:41.211+0000] {processor.py:183} INFO - Processing /home/airflow/.local/lib/python3.8/site-packages/airflow/example_dags/example_params_ui_tutorial.py took 0.187 seconds
[2024-02-22T14:26:12.024+0000] {processor.py:161} INFO - Started process (PID=338) to work on /home/airflow/.local/lib/python3.8/site-packages/airflow/example_dags/example_params_ui_tutorial.py
[2024-02-22T14:26:12.026+0000] {processor.py:830} INFO - Processing file /home/airflow/.local/lib/python3.8/site-packages/airflow/example_dags/example_params_ui_tutorial.py for tasks to queue
[2024-02-22T14:26:12.030+0000] {logging_mixin.py:188} INFO - [2024-02-22T14:26:12.030+0000] {dagbag.py:538} INFO - Filling up the DagBag from /home/airflow/.local/lib/python3.8/site-packages/airflow/example_dags/example_params_ui_tutorial.py
[2024-02-22T14:26:12.058+0000] {processor.py:840} INFO - DAG(s) 'example_params_ui_tutorial' retrieved from /home/airflow/.local/lib/python3.8/site-packages/airflow/example_dags/example_params_ui_tutorial.py
[2024-02-22T14:26:12.194+0000] {logging_mixin.py:188} INFO - [2024-02-22T14:26:12.193+0000] {dag.py:3036} INFO - Sync 1 DAGs
[2024-02-22T14:26:12.215+0000] {logging_mixin.py:188} INFO - [2024-02-22T14:26:12.215+0000] {dag.py:3823} INFO - Setting next_dagrun for example_params_ui_tutorial to None, run_after=None
[2024-02-22T14:26:12.248+0000] {processor.py:183} INFO - Processing /home/airflow/.local/lib/python3.8/site-packages/airflow/example_dags/example_params_ui_tutorial.py took 0.232 seconds
[2024-02-22T14:26:42.545+0000] {processor.py:161} INFO - Started process (PID=394) to work on /home/airflow/.local/lib/python3.8/site-packages/airflow/example_dags/example_params_ui_tutorial.py
[2024-02-22T14:26:42.547+0000] {processor.py:830} INFO - Processing file /home/airflow/.local/lib/python3.8/site-packages/airflow/example_dags/example_params_ui_tutorial.py for tasks to queue
[2024-02-22T14:26:42.551+0000] {logging_mixin.py:188} INFO - [2024-02-22T14:26:42.551+0000] {dagbag.py:538} INFO - Filling up the DagBag from /home/airflow/.local/lib/python3.8/site-packages/airflow/example_dags/example_params_ui_tutorial.py
[2024-02-22T14:26:42.580+0000] {processor.py:840} INFO - DAG(s) 'example_params_ui_tutorial' retrieved from /home/airflow/.local/lib/python3.8/site-packages/airflow/example_dags/example_params_ui_tutorial.py
[2024-02-22T14:26:42.681+0000] {logging_mixin.py:188} INFO - [2024-02-22T14:26:42.679+0000] {dag.py:3036} INFO - Sync 1 DAGs
[2024-02-22T14:26:42.710+0000] {logging_mixin.py:188} INFO - [2024-02-22T14:26:42.710+0000] {dag.py:3823} INFO - Setting next_dagrun for example_params_ui_tutorial to None, run_after=None
[2024-02-22T14:26:42.750+0000] {processor.py:183} INFO - Processing /home/airflow/.local/lib/python3.8/site-packages/airflow/example_dags/example_params_ui_tutorial.py took 0.213 seconds
[2024-02-22T14:27:13.473+0000] {processor.py:161} INFO - Started process (PID=448) to work on /home/airflow/.local/lib/python3.8/site-packages/airflow/example_dags/example_params_ui_tutorial.py
[2024-02-22T14:27:13.476+0000] {processor.py:830} INFO - Processing file /home/airflow/.local/lib/python3.8/site-packages/airflow/example_dags/example_params_ui_tutorial.py for tasks to queue
[2024-02-22T14:27:13.483+0000] {logging_mixin.py:188} INFO - [2024-02-22T14:27:13.482+0000] {dagbag.py:538} INFO - Filling up the DagBag from /home/airflow/.local/lib/python3.8/site-packages/airflow/example_dags/example_params_ui_tutorial.py
[2024-02-22T14:27:13.512+0000] {processor.py:840} INFO - DAG(s) 'example_params_ui_tutorial' retrieved from /home/airflow/.local/lib/python3.8/site-packages/airflow/example_dags/example_params_ui_tutorial.py
[2024-02-22T14:27:13.623+0000] {logging_mixin.py:188} INFO - [2024-02-22T14:27:13.622+0000] {dag.py:3036} INFO - Sync 1 DAGs
[2024-02-22T14:27:13.647+0000] {logging_mixin.py:188} INFO - [2024-02-22T14:27:13.646+0000] {dag.py:3823} INFO - Setting next_dagrun for example_params_ui_tutorial to None, run_after=None
[2024-02-22T14:27:13.679+0000] {processor.py:183} INFO - Processing /home/airflow/.local/lib/python3.8/site-packages/airflow/example_dags/example_params_ui_tutorial.py took 0.213 seconds
[2024-02-22T14:27:43.747+0000] {processor.py:161} INFO - Started process (PID=503) to work on /home/airflow/.local/lib/python3.8/site-packages/airflow/example_dags/example_params_ui_tutorial.py
[2024-02-22T14:27:43.749+0000] {processor.py:830} INFO - Processing file /home/airflow/.local/lib/python3.8/site-packages/airflow/example_dags/example_params_ui_tutorial.py for tasks to queue
[2024-02-22T14:27:43.754+0000] {logging_mixin.py:188} INFO - [2024-02-22T14:27:43.753+0000] {dagbag.py:538} INFO - Filling up the DagBag from /home/airflow/.local/lib/python3.8/site-packages/airflow/example_dags/example_params_ui_tutorial.py
[2024-02-22T14:27:43.779+0000] {processor.py:840} INFO - DAG(s) 'example_params_ui_tutorial' retrieved from /home/airflow/.local/lib/python3.8/site-packages/airflow/example_dags/example_params_ui_tutorial.py
[2024-02-22T14:27:43.892+0000] {logging_mixin.py:188} INFO - [2024-02-22T14:27:43.891+0000] {dag.py:3036} INFO - Sync 1 DAGs
[2024-02-22T14:27:43.918+0000] {logging_mixin.py:188} INFO - [2024-02-22T14:27:43.917+0000] {dag.py:3823} INFO - Setting next_dagrun for example_params_ui_tutorial to None, run_after=None
[2024-02-22T14:27:43.956+0000] {processor.py:183} INFO - Processing /home/airflow/.local/lib/python3.8/site-packages/airflow/example_dags/example_params_ui_tutorial.py took 0.218 seconds
[2024-02-22T14:28:14.426+0000] {processor.py:161} INFO - Started process (PID=558) to work on /home/airflow/.local/lib/python3.8/site-packages/airflow/example_dags/example_params_ui_tutorial.py
[2024-02-22T14:28:14.428+0000] {processor.py:830} INFO - Processing file /home/airflow/.local/lib/python3.8/site-packages/airflow/example_dags/example_params_ui_tutorial.py for tasks to queue
[2024-02-22T14:28:14.434+0000] {logging_mixin.py:188} INFO - [2024-02-22T14:28:14.433+0000] {dagbag.py:538} INFO - Filling up the DagBag from /home/airflow/.local/lib/python3.8/site-packages/airflow/example_dags/example_params_ui_tutorial.py
[2024-02-22T14:28:14.464+0000] {processor.py:840} INFO - DAG(s) 'example_params_ui_tutorial' retrieved from /home/airflow/.local/lib/python3.8/site-packages/airflow/example_dags/example_params_ui_tutorial.py
[2024-02-22T14:28:14.600+0000] {logging_mixin.py:188} INFO - [2024-02-22T14:28:14.600+0000] {dag.py:3036} INFO - Sync 1 DAGs
[2024-02-22T14:28:14.623+0000] {logging_mixin.py:188} INFO - [2024-02-22T14:28:14.623+0000] {dag.py:3823} INFO - Setting next_dagrun for example_params_ui_tutorial to None, run_after=None
[2024-02-22T14:28:14.656+0000] {processor.py:183} INFO - Processing /home/airflow/.local/lib/python3.8/site-packages/airflow/example_dags/example_params_ui_tutorial.py took 0.238 seconds
[2024-02-22T14:28:44.779+0000] {processor.py:161} INFO - Started process (PID=612) to work on /home/airflow/.local/lib/python3.8/site-packages/airflow/example_dags/example_params_ui_tutorial.py
[2024-02-22T14:28:44.780+0000] {processor.py:830} INFO - Processing file /home/airflow/.local/lib/python3.8/site-packages/airflow/example_dags/example_params_ui_tutorial.py for tasks to queue
[2024-02-22T14:28:44.784+0000] {logging_mixin.py:188} INFO - [2024-02-22T14:28:44.783+0000] {dagbag.py:538} INFO - Filling up the DagBag from /home/airflow/.local/lib/python3.8/site-packages/airflow/example_dags/example_params_ui_tutorial.py
[2024-02-22T14:28:44.808+0000] {processor.py:840} INFO - DAG(s) 'example_params_ui_tutorial' retrieved from /home/airflow/.local/lib/python3.8/site-packages/airflow/example_dags/example_params_ui_tutorial.py
[2024-02-22T14:28:44.901+0000] {logging_mixin.py:188} INFO - [2024-02-22T14:28:44.901+0000] {dag.py:3036} INFO - Sync 1 DAGs
[2024-02-22T14:28:44.922+0000] {logging_mixin.py:188} INFO - [2024-02-22T14:28:44.921+0000] {dag.py:3823} INFO - Setting next_dagrun for example_params_ui_tutorial to None, run_after=None
[2024-02-22T14:28:44.950+0000] {processor.py:183} INFO - Processing /home/airflow/.local/lib/python3.8/site-packages/airflow/example_dags/example_params_ui_tutorial.py took 0.177 seconds
[2024-02-22T14:29:15.358+0000] {processor.py:161} INFO - Started process (PID=668) to work on /home/airflow/.local/lib/python3.8/site-packages/airflow/example_dags/example_params_ui_tutorial.py
[2024-02-22T14:29:15.360+0000] {processor.py:830} INFO - Processing file /home/airflow/.local/lib/python3.8/site-packages/airflow/example_dags/example_params_ui_tutorial.py for tasks to queue
[2024-02-22T14:29:15.364+0000] {logging_mixin.py:188} INFO - [2024-02-22T14:29:15.363+0000] {dagbag.py:538} INFO - Filling up the DagBag from /home/airflow/.local/lib/python3.8/site-packages/airflow/example_dags/example_params_ui_tutorial.py
[2024-02-22T14:29:15.389+0000] {processor.py:840} INFO - DAG(s) 'example_params_ui_tutorial' retrieved from /home/airflow/.local/lib/python3.8/site-packages/airflow/example_dags/example_params_ui_tutorial.py
[2024-02-22T14:29:15.493+0000] {logging_mixin.py:188} INFO - [2024-02-22T14:29:15.492+0000] {dag.py:3036} INFO - Sync 1 DAGs
[2024-02-22T14:29:15.514+0000] {logging_mixin.py:188} INFO - [2024-02-22T14:29:15.514+0000] {dag.py:3823} INFO - Setting next_dagrun for example_params_ui_tutorial to None, run_after=None
[2024-02-22T14:29:15.546+0000] {processor.py:183} INFO - Processing /home/airflow/.local/lib/python3.8/site-packages/airflow/example_dags/example_params_ui_tutorial.py took 0.196 seconds
[2024-02-22T14:29:45.731+0000] {processor.py:161} INFO - Started process (PID=724) to work on /home/airflow/.local/lib/python3.8/site-packages/airflow/example_dags/example_params_ui_tutorial.py
[2024-02-22T14:29:45.732+0000] {processor.py:830} INFO - Processing file /home/airflow/.local/lib/python3.8/site-packages/airflow/example_dags/example_params_ui_tutorial.py for tasks to queue
[2024-02-22T14:29:45.737+0000] {logging_mixin.py:188} INFO - [2024-02-22T14:29:45.736+0000] {dagbag.py:538} INFO - Filling up the DagBag from /home/airflow/.local/lib/python3.8/site-packages/airflow/example_dags/example_params_ui_tutorial.py
[2024-02-22T14:29:45.761+0000] {processor.py:840} INFO - DAG(s) 'example_params_ui_tutorial' retrieved from /home/airflow/.local/lib/python3.8/site-packages/airflow/example_dags/example_params_ui_tutorial.py
[2024-02-22T14:29:45.868+0000] {logging_mixin.py:188} INFO - [2024-02-22T14:29:45.867+0000] {dag.py:3036} INFO - Sync 1 DAGs
[2024-02-22T14:29:45.903+0000] {logging_mixin.py:188} INFO - [2024-02-22T14:29:45.902+0000] {dag.py:3823} INFO - Setting next_dagrun for example_params_ui_tutorial to None, run_after=None
[2024-02-22T14:29:45.943+0000] {processor.py:183} INFO - Processing /home/airflow/.local/lib/python3.8/site-packages/airflow/example_dags/example_params_ui_tutorial.py took 0.219 seconds
[2024-02-22T14:30:16.736+0000] {processor.py:161} INFO - Started process (PID=779) to work on /home/airflow/.local/lib/python3.8/site-packages/airflow/example_dags/example_params_ui_tutorial.py
[2024-02-22T14:30:16.738+0000] {processor.py:830} INFO - Processing file /home/airflow/.local/lib/python3.8/site-packages/airflow/example_dags/example_params_ui_tutorial.py for tasks to queue
[2024-02-22T14:30:16.742+0000] {logging_mixin.py:188} INFO - [2024-02-22T14:30:16.741+0000] {dagbag.py:538} INFO - Filling up the DagBag from /home/airflow/.local/lib/python3.8/site-packages/airflow/example_dags/example_params_ui_tutorial.py
[2024-02-22T14:30:16.765+0000] {processor.py:840} INFO - DAG(s) 'example_params_ui_tutorial' retrieved from /home/airflow/.local/lib/python3.8/site-packages/airflow/example_dags/example_params_ui_tutorial.py
[2024-02-22T14:30:16.876+0000] {logging_mixin.py:188} INFO - [2024-02-22T14:30:16.875+0000] {dag.py:3036} INFO - Sync 1 DAGs
[2024-02-22T14:30:16.896+0000] {logging_mixin.py:188} INFO - [2024-02-22T14:30:16.895+0000] {dag.py:3823} INFO - Setting next_dagrun for example_params_ui_tutorial to None, run_after=None
[2024-02-22T14:30:16.934+0000] {processor.py:183} INFO - Processing /home/airflow/.local/lib/python3.8/site-packages/airflow/example_dags/example_params_ui_tutorial.py took 0.205 seconds
[2024-02-22T14:30:47.708+0000] {processor.py:161} INFO - Started process (PID=834) to work on /home/airflow/.local/lib/python3.8/site-packages/airflow/example_dags/example_params_ui_tutorial.py
[2024-02-22T14:30:47.710+0000] {processor.py:830} INFO - Processing file /home/airflow/.local/lib/python3.8/site-packages/airflow/example_dags/example_params_ui_tutorial.py for tasks to queue
[2024-02-22T14:30:47.713+0000] {logging_mixin.py:188} INFO - [2024-02-22T14:30:47.713+0000] {dagbag.py:538} INFO - Filling up the DagBag from /home/airflow/.local/lib/python3.8/site-packages/airflow/example_dags/example_params_ui_tutorial.py
[2024-02-22T14:30:47.737+0000] {processor.py:840} INFO - DAG(s) 'example_params_ui_tutorial' retrieved from /home/airflow/.local/lib/python3.8/site-packages/airflow/example_dags/example_params_ui_tutorial.py
[2024-02-22T14:30:47.848+0000] {logging_mixin.py:188} INFO - [2024-02-22T14:30:47.848+0000] {dag.py:3036} INFO - Sync 1 DAGs
[2024-02-22T14:30:47.872+0000] {logging_mixin.py:188} INFO - [2024-02-22T14:30:47.871+0000] {dag.py:3823} INFO - Setting next_dagrun for example_params_ui_tutorial to None, run_after=None
[2024-02-22T14:30:47.905+0000] {processor.py:183} INFO - Processing /home/airflow/.local/lib/python3.8/site-packages/airflow/example_dags/example_params_ui_tutorial.py took 0.204 seconds
[2024-02-22T14:31:18.820+0000] {processor.py:161} INFO - Started process (PID=890) to work on /home/airflow/.local/lib/python3.8/site-packages/airflow/example_dags/example_params_ui_tutorial.py
[2024-02-22T14:31:18.822+0000] {processor.py:830} INFO - Processing file /home/airflow/.local/lib/python3.8/site-packages/airflow/example_dags/example_params_ui_tutorial.py for tasks to queue
[2024-02-22T14:31:18.826+0000] {logging_mixin.py:188} INFO - [2024-02-22T14:31:18.826+0000] {dagbag.py:538} INFO - Filling up the DagBag from /home/airflow/.local/lib/python3.8/site-packages/airflow/example_dags/example_params_ui_tutorial.py
[2024-02-22T14:31:18.851+0000] {processor.py:840} INFO - DAG(s) 'example_params_ui_tutorial' retrieved from /home/airflow/.local/lib/python3.8/site-packages/airflow/example_dags/example_params_ui_tutorial.py
[2024-02-22T14:31:18.964+0000] {logging_mixin.py:188} INFO - [2024-02-22T14:31:18.963+0000] {dag.py:3036} INFO - Sync 1 DAGs
[2024-02-22T14:31:18.986+0000] {logging_mixin.py:188} INFO - [2024-02-22T14:31:18.986+0000] {dag.py:3823} INFO - Setting next_dagrun for example_params_ui_tutorial to None, run_after=None
[2024-02-22T14:31:19.019+0000] {processor.py:183} INFO - Processing /home/airflow/.local/lib/python3.8/site-packages/airflow/example_dags/example_params_ui_tutorial.py took 0.206 seconds
[2024-02-22T14:31:49.661+0000] {processor.py:161} INFO - Started process (PID=945) to work on /home/airflow/.local/lib/python3.8/site-packages/airflow/example_dags/example_params_ui_tutorial.py
[2024-02-22T14:31:49.663+0000] {processor.py:830} INFO - Processing file /home/airflow/.local/lib/python3.8/site-packages/airflow/example_dags/example_params_ui_tutorial.py for tasks to queue
[2024-02-22T14:31:49.667+0000] {logging_mixin.py:188} INFO - [2024-02-22T14:31:49.666+0000] {dagbag.py:538} INFO - Filling up the DagBag from /home/airflow/.local/lib/python3.8/site-packages/airflow/example_dags/example_params_ui_tutorial.py
[2024-02-22T14:31:49.690+0000] {processor.py:840} INFO - DAG(s) 'example_params_ui_tutorial' retrieved from /home/airflow/.local/lib/python3.8/site-packages/airflow/example_dags/example_params_ui_tutorial.py
[2024-02-22T14:31:49.809+0000] {logging_mixin.py:188} INFO - [2024-02-22T14:31:49.808+0000] {dag.py:3036} INFO - Sync 1 DAGs
[2024-02-22T14:31:49.830+0000] {logging_mixin.py:188} INFO - [2024-02-22T14:31:49.829+0000] {dag.py:3823} INFO - Setting next_dagrun for example_params_ui_tutorial to None, run_after=None
[2024-02-22T14:31:49.863+0000] {processor.py:183} INFO - Processing /home/airflow/.local/lib/python3.8/site-packages/airflow/example_dags/example_params_ui_tutorial.py took 0.208 seconds
