[2024-02-22T14:23:40.168+0000] {processor.py:161} INFO - Started process (PID=74) to work on /home/airflow/.local/lib/python3.8/site-packages/airflow/example_dags/example_xcomargs.py
[2024-02-22T14:23:40.169+0000] {processor.py:830} INFO - Processing file /home/airflow/.local/lib/python3.8/site-packages/airflow/example_dags/example_xcomargs.py for tasks to queue
[2024-02-22T14:23:40.173+0000] {logging_mixin.py:188} INFO - [2024-02-22T14:23:40.173+0000] {dagbag.py:538} INFO - Filling up the DagBag from /home/airflow/.local/lib/python3.8/site-packages/airflow/example_dags/example_xcomargs.py
[2024-02-22T14:23:40.192+0000] {processor.py:840} INFO - DAG(s) 'example_xcom_args', 'example_xcom_args_with_operators' retrieved from /home/airflow/.local/lib/python3.8/site-packages/airflow/example_dags/example_xcomargs.py
[2024-02-22T14:23:40.242+0000] {logging_mixin.py:188} INFO - [2024-02-22T14:23:40.241+0000] {dag.py:3036} INFO - Sync 2 DAGs
[2024-02-22T14:23:40.269+0000] {logging_mixin.py:188} INFO - [2024-02-22T14:23:40.269+0000] {dag.py:3823} INFO - Setting next_dagrun for example_xcom_args to None, run_after=None
[2024-02-22T14:23:40.277+0000] {logging_mixin.py:188} INFO - [2024-02-22T14:23:40.276+0000] {dag.py:3823} INFO - Setting next_dagrun for example_xcom_args_with_operators to None, run_after=None
[2024-02-22T14:23:40.337+0000] {processor.py:183} INFO - Processing /home/airflow/.local/lib/python3.8/site-packages/airflow/example_dags/example_xcomargs.py took 0.177 seconds
[2024-02-22T14:24:11.213+0000] {processor.py:161} INFO - Started process (PID=129) to work on /home/airflow/.local/lib/python3.8/site-packages/airflow/example_dags/example_xcomargs.py
[2024-02-22T14:24:11.219+0000] {processor.py:830} INFO - Processing file /home/airflow/.local/lib/python3.8/site-packages/airflow/example_dags/example_xcomargs.py for tasks to queue
[2024-02-22T14:24:11.223+0000] {logging_mixin.py:188} INFO - [2024-02-22T14:24:11.223+0000] {dagbag.py:538} INFO - Filling up the DagBag from /home/airflow/.local/lib/python3.8/site-packages/airflow/example_dags/example_xcomargs.py
[2024-02-22T14:24:11.253+0000] {processor.py:840} INFO - DAG(s) 'example_xcom_args', 'example_xcom_args_with_operators' retrieved from /home/airflow/.local/lib/python3.8/site-packages/airflow/example_dags/example_xcomargs.py
[2024-02-22T14:24:11.314+0000] {logging_mixin.py:188} INFO - [2024-02-22T14:24:11.313+0000] {dag.py:3036} INFO - Sync 2 DAGs
[2024-02-22T14:24:11.344+0000] {logging_mixin.py:188} INFO - [2024-02-22T14:24:11.343+0000] {dag.py:3823} INFO - Setting next_dagrun for example_xcom_args to None, run_after=None
[2024-02-22T14:24:11.351+0000] {logging_mixin.py:188} INFO - [2024-02-22T14:24:11.351+0000] {dag.py:3823} INFO - Setting next_dagrun for example_xcom_args_with_operators to None, run_after=None
[2024-02-22T14:24:11.380+0000] {processor.py:183} INFO - Processing /home/airflow/.local/lib/python3.8/site-packages/airflow/example_dags/example_xcomargs.py took 0.185 seconds
[2024-02-22T14:24:41.519+0000] {processor.py:161} INFO - Started process (PID=184) to work on /home/airflow/.local/lib/python3.8/site-packages/airflow/example_dags/example_xcomargs.py
[2024-02-22T14:24:41.520+0000] {processor.py:830} INFO - Processing file /home/airflow/.local/lib/python3.8/site-packages/airflow/example_dags/example_xcomargs.py for tasks to queue
[2024-02-22T14:24:41.523+0000] {logging_mixin.py:188} INFO - [2024-02-22T14:24:41.523+0000] {dagbag.py:538} INFO - Filling up the DagBag from /home/airflow/.local/lib/python3.8/site-packages/airflow/example_dags/example_xcomargs.py
[2024-02-22T14:24:41.539+0000] {processor.py:840} INFO - DAG(s) 'example_xcom_args_with_operators', 'example_xcom_args' retrieved from /home/airflow/.local/lib/python3.8/site-packages/airflow/example_dags/example_xcomargs.py
[2024-02-22T14:24:41.577+0000] {logging_mixin.py:188} INFO - [2024-02-22T14:24:41.576+0000] {dag.py:3036} INFO - Sync 2 DAGs
[2024-02-22T14:24:41.596+0000] {logging_mixin.py:188} INFO - [2024-02-22T14:24:41.596+0000] {dag.py:3823} INFO - Setting next_dagrun for example_xcom_args to None, run_after=None
[2024-02-22T14:24:41.601+0000] {logging_mixin.py:188} INFO - [2024-02-22T14:24:41.601+0000] {dag.py:3823} INFO - Setting next_dagrun for example_xcom_args_with_operators to None, run_after=None
[2024-02-22T14:24:41.625+0000] {processor.py:183} INFO - Processing /home/airflow/.local/lib/python3.8/site-packages/airflow/example_dags/example_xcomargs.py took 0.113 seconds
[2024-02-22T14:25:11.997+0000] {processor.py:161} INFO - Started process (PID=239) to work on /home/airflow/.local/lib/python3.8/site-packages/airflow/example_dags/example_xcomargs.py
[2024-02-22T14:25:11.998+0000] {processor.py:830} INFO - Processing file /home/airflow/.local/lib/python3.8/site-packages/airflow/example_dags/example_xcomargs.py for tasks to queue
[2024-02-22T14:25:12.002+0000] {logging_mixin.py:188} INFO - [2024-02-22T14:25:12.001+0000] {dagbag.py:538} INFO - Filling up the DagBag from /home/airflow/.local/lib/python3.8/site-packages/airflow/example_dags/example_xcomargs.py
[2024-02-22T14:25:12.017+0000] {processor.py:840} INFO - DAG(s) 'example_xcom_args_with_operators', 'example_xcom_args' retrieved from /home/airflow/.local/lib/python3.8/site-packages/airflow/example_dags/example_xcomargs.py
[2024-02-22T14:25:12.061+0000] {logging_mixin.py:188} INFO - [2024-02-22T14:25:12.061+0000] {dag.py:3036} INFO - Sync 2 DAGs
[2024-02-22T14:25:12.081+0000] {logging_mixin.py:188} INFO - [2024-02-22T14:25:12.081+0000] {dag.py:3823} INFO - Setting next_dagrun for example_xcom_args to None, run_after=None
[2024-02-22T14:25:12.087+0000] {logging_mixin.py:188} INFO - [2024-02-22T14:25:12.086+0000] {dag.py:3823} INFO - Setting next_dagrun for example_xcom_args_with_operators to None, run_after=None
[2024-02-22T14:25:12.111+0000] {processor.py:183} INFO - Processing /home/airflow/.local/lib/python3.8/site-packages/airflow/example_dags/example_xcomargs.py took 0.121 seconds
[2024-02-22T14:25:42.969+0000] {processor.py:161} INFO - Started process (PID=294) to work on /home/airflow/.local/lib/python3.8/site-packages/airflow/example_dags/example_xcomargs.py
[2024-02-22T14:25:42.971+0000] {processor.py:830} INFO - Processing file /home/airflow/.local/lib/python3.8/site-packages/airflow/example_dags/example_xcomargs.py for tasks to queue
[2024-02-22T14:25:42.975+0000] {logging_mixin.py:188} INFO - [2024-02-22T14:25:42.974+0000] {dagbag.py:538} INFO - Filling up the DagBag from /home/airflow/.local/lib/python3.8/site-packages/airflow/example_dags/example_xcomargs.py
[2024-02-22T14:25:42.989+0000] {processor.py:840} INFO - DAG(s) 'example_xcom_args', 'example_xcom_args_with_operators' retrieved from /home/airflow/.local/lib/python3.8/site-packages/airflow/example_dags/example_xcomargs.py
[2024-02-22T14:25:43.033+0000] {logging_mixin.py:188} INFO - [2024-02-22T14:25:43.033+0000] {dag.py:3036} INFO - Sync 2 DAGs
[2024-02-22T14:25:43.056+0000] {logging_mixin.py:188} INFO - [2024-02-22T14:25:43.055+0000] {dag.py:3823} INFO - Setting next_dagrun for example_xcom_args to None, run_after=None
[2024-02-22T14:25:43.063+0000] {logging_mixin.py:188} INFO - [2024-02-22T14:25:43.063+0000] {dag.py:3823} INFO - Setting next_dagrun for example_xcom_args_with_operators to None, run_after=None
[2024-02-22T14:25:43.090+0000] {processor.py:183} INFO - Processing /home/airflow/.local/lib/python3.8/site-packages/airflow/example_dags/example_xcomargs.py took 0.127 seconds
[2024-02-22T14:26:13.205+0000] {processor.py:161} INFO - Started process (PID=349) to work on /home/airflow/.local/lib/python3.8/site-packages/airflow/example_dags/example_xcomargs.py
[2024-02-22T14:26:13.207+0000] {processor.py:830} INFO - Processing file /home/airflow/.local/lib/python3.8/site-packages/airflow/example_dags/example_xcomargs.py for tasks to queue
[2024-02-22T14:26:13.211+0000] {logging_mixin.py:188} INFO - [2024-02-22T14:26:13.210+0000] {dagbag.py:538} INFO - Filling up the DagBag from /home/airflow/.local/lib/python3.8/site-packages/airflow/example_dags/example_xcomargs.py
[2024-02-22T14:26:13.230+0000] {processor.py:840} INFO - DAG(s) 'example_xcom_args_with_operators', 'example_xcom_args' retrieved from /home/airflow/.local/lib/python3.8/site-packages/airflow/example_dags/example_xcomargs.py
[2024-02-22T14:26:13.273+0000] {logging_mixin.py:188} INFO - [2024-02-22T14:26:13.272+0000] {dag.py:3036} INFO - Sync 2 DAGs
[2024-02-22T14:26:13.295+0000] {logging_mixin.py:188} INFO - [2024-02-22T14:26:13.294+0000] {dag.py:3823} INFO - Setting next_dagrun for example_xcom_args to None, run_after=None
[2024-02-22T14:26:13.301+0000] {logging_mixin.py:188} INFO - [2024-02-22T14:26:13.301+0000] {dag.py:3823} INFO - Setting next_dagrun for example_xcom_args_with_operators to None, run_after=None
[2024-02-22T14:26:13.327+0000] {processor.py:183} INFO - Processing /home/airflow/.local/lib/python3.8/site-packages/airflow/example_dags/example_xcomargs.py took 0.129 seconds
