[2024-02-22T14:23:37.105+0000] {processor.py:161} INFO - Started process (PID=58) to work on /home/airflow/.local/lib/python3.8/site-packages/airflow/example_dags/example_branch_day_of_week_operator.py
[2024-02-22T14:23:37.107+0000] {processor.py:830} INFO - Processing file /home/airflow/.local/lib/python3.8/site-packages/airflow/example_dags/example_branch_day_of_week_operator.py for tasks to queue
[2024-02-22T14:23:37.111+0000] {logging_mixin.py:188} INFO - [2024-02-22T14:23:37.111+0000] {dagbag.py:538} INFO - Filling up the DagBag from /home/airflow/.local/lib/python3.8/site-packages/airflow/example_dags/example_branch_day_of_week_operator.py
[2024-02-22T14:23:37.134+0000] {processor.py:840} INFO - DAG(s) 'example_weekday_branch_operator' retrieved from /home/airflow/.local/lib/python3.8/site-packages/airflow/example_dags/example_branch_day_of_week_operator.py
[2024-02-22T14:23:37.188+0000] {logging_mixin.py:188} INFO - [2024-02-22T14:23:37.187+0000] {dag.py:3036} INFO - Sync 1 DAGs
[2024-02-22T14:23:37.239+0000] {logging_mixin.py:188} INFO - [2024-02-22T14:23:37.239+0000] {dag.py:3823} INFO - Setting next_dagrun for example_weekday_branch_operator to 2024-02-21 00:00:00+00:00, run_after=2024-02-22 00:00:00+00:00
[2024-02-22T14:23:37.295+0000] {processor.py:183} INFO - Processing /home/airflow/.local/lib/python3.8/site-packages/airflow/example_dags/example_branch_day_of_week_operator.py took 0.198 seconds
[2024-02-22T14:24:07.672+0000] {processor.py:161} INFO - Started process (PID=113) to work on /home/airflow/.local/lib/python3.8/site-packages/airflow/example_dags/example_branch_day_of_week_operator.py
[2024-02-22T14:24:07.673+0000] {processor.py:830} INFO - Processing file /home/airflow/.local/lib/python3.8/site-packages/airflow/example_dags/example_branch_day_of_week_operator.py for tasks to queue
[2024-02-22T14:24:07.677+0000] {logging_mixin.py:188} INFO - [2024-02-22T14:24:07.676+0000] {dagbag.py:538} INFO - Filling up the DagBag from /home/airflow/.local/lib/python3.8/site-packages/airflow/example_dags/example_branch_day_of_week_operator.py
[2024-02-22T14:24:07.691+0000] {processor.py:840} INFO - DAG(s) 'example_weekday_branch_operator' retrieved from /home/airflow/.local/lib/python3.8/site-packages/airflow/example_dags/example_branch_day_of_week_operator.py
[2024-02-22T14:24:07.728+0000] {logging_mixin.py:188} INFO - [2024-02-22T14:24:07.727+0000] {dag.py:3036} INFO - Sync 1 DAGs
[2024-02-22T14:24:07.772+0000] {logging_mixin.py:188} INFO - [2024-02-22T14:24:07.772+0000] {dag.py:3823} INFO - Setting next_dagrun for example_weekday_branch_operator to 2024-02-21 00:00:00+00:00, run_after=2024-02-22 00:00:00+00:00
[2024-02-22T14:24:07.803+0000] {processor.py:183} INFO - Processing /home/airflow/.local/lib/python3.8/site-packages/airflow/example_dags/example_branch_day_of_week_operator.py took 0.139 seconds
[2024-02-22T14:24:37.986+0000] {processor.py:161} INFO - Started process (PID=168) to work on /home/airflow/.local/lib/python3.8/site-packages/airflow/example_dags/example_branch_day_of_week_operator.py
[2024-02-22T14:24:37.989+0000] {processor.py:830} INFO - Processing file /home/airflow/.local/lib/python3.8/site-packages/airflow/example_dags/example_branch_day_of_week_operator.py for tasks to queue
[2024-02-22T14:24:37.993+0000] {logging_mixin.py:188} INFO - [2024-02-22T14:24:37.992+0000] {dagbag.py:538} INFO - Filling up the DagBag from /home/airflow/.local/lib/python3.8/site-packages/airflow/example_dags/example_branch_day_of_week_operator.py
[2024-02-22T14:24:38.016+0000] {processor.py:840} INFO - DAG(s) 'example_weekday_branch_operator' retrieved from /home/airflow/.local/lib/python3.8/site-packages/airflow/example_dags/example_branch_day_of_week_operator.py
[2024-02-22T14:24:38.059+0000] {logging_mixin.py:188} INFO - [2024-02-22T14:24:38.058+0000] {dag.py:3036} INFO - Sync 1 DAGs
[2024-02-22T14:24:38.095+0000] {logging_mixin.py:188} INFO - [2024-02-22T14:24:38.094+0000] {dag.py:3823} INFO - Setting next_dagrun for example_weekday_branch_operator to 2024-02-21 00:00:00+00:00, run_after=2024-02-22 00:00:00+00:00
[2024-02-22T14:24:38.126+0000] {processor.py:183} INFO - Processing /home/airflow/.local/lib/python3.8/site-packages/airflow/example_dags/example_branch_day_of_week_operator.py took 0.147 seconds
[2024-02-22T14:25:08.718+0000] {processor.py:161} INFO - Started process (PID=223) to work on /home/airflow/.local/lib/python3.8/site-packages/airflow/example_dags/example_branch_day_of_week_operator.py
[2024-02-22T14:25:08.720+0000] {processor.py:830} INFO - Processing file /home/airflow/.local/lib/python3.8/site-packages/airflow/example_dags/example_branch_day_of_week_operator.py for tasks to queue
[2024-02-22T14:25:08.724+0000] {logging_mixin.py:188} INFO - [2024-02-22T14:25:08.723+0000] {dagbag.py:538} INFO - Filling up the DagBag from /home/airflow/.local/lib/python3.8/site-packages/airflow/example_dags/example_branch_day_of_week_operator.py
[2024-02-22T14:25:08.740+0000] {processor.py:840} INFO - DAG(s) 'example_weekday_branch_operator' retrieved from /home/airflow/.local/lib/python3.8/site-packages/airflow/example_dags/example_branch_day_of_week_operator.py
[2024-02-22T14:25:08.780+0000] {logging_mixin.py:188} INFO - [2024-02-22T14:25:08.779+0000] {dag.py:3036} INFO - Sync 1 DAGs
[2024-02-22T14:25:08.817+0000] {logging_mixin.py:188} INFO - [2024-02-22T14:25:08.816+0000] {dag.py:3823} INFO - Setting next_dagrun for example_weekday_branch_operator to 2024-02-21 00:00:00+00:00, run_after=2024-02-22 00:00:00+00:00
[2024-02-22T14:25:08.844+0000] {processor.py:183} INFO - Processing /home/airflow/.local/lib/python3.8/site-packages/airflow/example_dags/example_branch_day_of_week_operator.py took 0.133 seconds
[2024-02-22T14:25:39.649+0000] {processor.py:161} INFO - Started process (PID=278) to work on /home/airflow/.local/lib/python3.8/site-packages/airflow/example_dags/example_branch_day_of_week_operator.py
[2024-02-22T14:25:39.651+0000] {processor.py:830} INFO - Processing file /home/airflow/.local/lib/python3.8/site-packages/airflow/example_dags/example_branch_day_of_week_operator.py for tasks to queue
[2024-02-22T14:25:39.655+0000] {logging_mixin.py:188} INFO - [2024-02-22T14:25:39.655+0000] {dagbag.py:538} INFO - Filling up the DagBag from /home/airflow/.local/lib/python3.8/site-packages/airflow/example_dags/example_branch_day_of_week_operator.py
[2024-02-22T14:25:39.668+0000] {processor.py:840} INFO - DAG(s) 'example_weekday_branch_operator' retrieved from /home/airflow/.local/lib/python3.8/site-packages/airflow/example_dags/example_branch_day_of_week_operator.py
[2024-02-22T14:25:39.710+0000] {logging_mixin.py:188} INFO - [2024-02-22T14:25:39.709+0000] {dag.py:3036} INFO - Sync 1 DAGs
[2024-02-22T14:25:39.747+0000] {logging_mixin.py:188} INFO - [2024-02-22T14:25:39.747+0000] {dag.py:3823} INFO - Setting next_dagrun for example_weekday_branch_operator to 2024-02-21 00:00:00+00:00, run_after=2024-02-22 00:00:00+00:00
[2024-02-22T14:25:39.782+0000] {processor.py:183} INFO - Processing /home/airflow/.local/lib/python3.8/site-packages/airflow/example_dags/example_branch_day_of_week_operator.py took 0.139 seconds
[2024-02-22T14:26:10.597+0000] {processor.py:161} INFO - Started process (PID=333) to work on /home/airflow/.local/lib/python3.8/site-packages/airflow/example_dags/example_branch_day_of_week_operator.py
[2024-02-22T14:26:10.599+0000] {processor.py:830} INFO - Processing file /home/airflow/.local/lib/python3.8/site-packages/airflow/example_dags/example_branch_day_of_week_operator.py for tasks to queue
[2024-02-22T14:26:10.603+0000] {logging_mixin.py:188} INFO - [2024-02-22T14:26:10.603+0000] {dagbag.py:538} INFO - Filling up the DagBag from /home/airflow/.local/lib/python3.8/site-packages/airflow/example_dags/example_branch_day_of_week_operator.py
[2024-02-22T14:26:10.617+0000] {processor.py:840} INFO - DAG(s) 'example_weekday_branch_operator' retrieved from /home/airflow/.local/lib/python3.8/site-packages/airflow/example_dags/example_branch_day_of_week_operator.py
[2024-02-22T14:26:10.661+0000] {logging_mixin.py:188} INFO - [2024-02-22T14:26:10.660+0000] {dag.py:3036} INFO - Sync 1 DAGs
[2024-02-22T14:26:10.703+0000] {logging_mixin.py:188} INFO - [2024-02-22T14:26:10.703+0000] {dag.py:3823} INFO - Setting next_dagrun for example_weekday_branch_operator to 2024-02-21 00:00:00+00:00, run_after=2024-02-22 00:00:00+00:00
[2024-02-22T14:26:10.739+0000] {processor.py:183} INFO - Processing /home/airflow/.local/lib/python3.8/site-packages/airflow/example_dags/example_branch_day_of_week_operator.py took 0.149 seconds
[2024-02-22T14:26:41.122+0000] {processor.py:161} INFO - Started process (PID=389) to work on /home/airflow/.local/lib/python3.8/site-packages/airflow/example_dags/example_branch_day_of_week_operator.py
[2024-02-22T14:26:41.124+0000] {processor.py:830} INFO - Processing file /home/airflow/.local/lib/python3.8/site-packages/airflow/example_dags/example_branch_day_of_week_operator.py for tasks to queue
[2024-02-22T14:26:41.128+0000] {logging_mixin.py:188} INFO - [2024-02-22T14:26:41.128+0000] {dagbag.py:538} INFO - Filling up the DagBag from /home/airflow/.local/lib/python3.8/site-packages/airflow/example_dags/example_branch_day_of_week_operator.py
[2024-02-22T14:26:41.146+0000] {processor.py:840} INFO - DAG(s) 'example_weekday_branch_operator' retrieved from /home/airflow/.local/lib/python3.8/site-packages/airflow/example_dags/example_branch_day_of_week_operator.py
[2024-02-22T14:26:41.191+0000] {logging_mixin.py:188} INFO - [2024-02-22T14:26:41.189+0000] {dag.py:3036} INFO - Sync 1 DAGs
[2024-02-22T14:26:41.231+0000] {logging_mixin.py:188} INFO - [2024-02-22T14:26:41.230+0000] {dag.py:3823} INFO - Setting next_dagrun for example_weekday_branch_operator to 2024-02-21 00:00:00+00:00, run_after=2024-02-22 00:00:00+00:00
[2024-02-22T14:26:41.261+0000] {processor.py:183} INFO - Processing /home/airflow/.local/lib/python3.8/site-packages/airflow/example_dags/example_branch_day_of_week_operator.py took 0.146 seconds
[2024-02-22T14:27:12.014+0000] {processor.py:161} INFO - Started process (PID=443) to work on /home/airflow/.local/lib/python3.8/site-packages/airflow/example_dags/example_branch_day_of_week_operator.py
[2024-02-22T14:27:12.017+0000] {processor.py:830} INFO - Processing file /home/airflow/.local/lib/python3.8/site-packages/airflow/example_dags/example_branch_day_of_week_operator.py for tasks to queue
[2024-02-22T14:27:12.022+0000] {logging_mixin.py:188} INFO - [2024-02-22T14:27:12.021+0000] {dagbag.py:538} INFO - Filling up the DagBag from /home/airflow/.local/lib/python3.8/site-packages/airflow/example_dags/example_branch_day_of_week_operator.py
[2024-02-22T14:27:12.037+0000] {processor.py:840} INFO - DAG(s) 'example_weekday_branch_operator' retrieved from /home/airflow/.local/lib/python3.8/site-packages/airflow/example_dags/example_branch_day_of_week_operator.py
[2024-02-22T14:27:12.097+0000] {logging_mixin.py:188} INFO - [2024-02-22T14:27:12.096+0000] {dag.py:3036} INFO - Sync 1 DAGs
[2024-02-22T14:27:12.153+0000] {logging_mixin.py:188} INFO - [2024-02-22T14:27:12.153+0000] {dag.py:3823} INFO - Setting next_dagrun for example_weekday_branch_operator to 2024-02-21 00:00:00+00:00, run_after=2024-02-22 00:00:00+00:00
[2024-02-22T14:27:12.187+0000] {processor.py:183} INFO - Processing /home/airflow/.local/lib/python3.8/site-packages/airflow/example_dags/example_branch_day_of_week_operator.py took 0.179 seconds
[2024-02-22T14:27:42.472+0000] {processor.py:161} INFO - Started process (PID=498) to work on /home/airflow/.local/lib/python3.8/site-packages/airflow/example_dags/example_branch_day_of_week_operator.py
[2024-02-22T14:27:42.474+0000] {processor.py:830} INFO - Processing file /home/airflow/.local/lib/python3.8/site-packages/airflow/example_dags/example_branch_day_of_week_operator.py for tasks to queue
[2024-02-22T14:27:42.478+0000] {logging_mixin.py:188} INFO - [2024-02-22T14:27:42.478+0000] {dagbag.py:538} INFO - Filling up the DagBag from /home/airflow/.local/lib/python3.8/site-packages/airflow/example_dags/example_branch_day_of_week_operator.py
[2024-02-22T14:27:42.494+0000] {processor.py:840} INFO - DAG(s) 'example_weekday_branch_operator' retrieved from /home/airflow/.local/lib/python3.8/site-packages/airflow/example_dags/example_branch_day_of_week_operator.py
[2024-02-22T14:27:42.543+0000] {logging_mixin.py:188} INFO - [2024-02-22T14:27:42.542+0000] {dag.py:3036} INFO - Sync 1 DAGs
[2024-02-22T14:27:42.597+0000] {logging_mixin.py:188} INFO - [2024-02-22T14:27:42.597+0000] {dag.py:3823} INFO - Setting next_dagrun for example_weekday_branch_operator to 2024-02-21 00:00:00+00:00, run_after=2024-02-22 00:00:00+00:00
[2024-02-22T14:27:42.635+0000] {processor.py:183} INFO - Processing /home/airflow/.local/lib/python3.8/site-packages/airflow/example_dags/example_branch_day_of_week_operator.py took 0.169 seconds
[2024-02-22T14:28:12.988+0000] {processor.py:161} INFO - Started process (PID=553) to work on /home/airflow/.local/lib/python3.8/site-packages/airflow/example_dags/example_branch_day_of_week_operator.py
[2024-02-22T14:28:12.990+0000] {processor.py:830} INFO - Processing file /home/airflow/.local/lib/python3.8/site-packages/airflow/example_dags/example_branch_day_of_week_operator.py for tasks to queue
[2024-02-22T14:28:12.993+0000] {logging_mixin.py:188} INFO - [2024-02-22T14:28:12.993+0000] {dagbag.py:538} INFO - Filling up the DagBag from /home/airflow/.local/lib/python3.8/site-packages/airflow/example_dags/example_branch_day_of_week_operator.py
[2024-02-22T14:28:13.009+0000] {processor.py:840} INFO - DAG(s) 'example_weekday_branch_operator' retrieved from /home/airflow/.local/lib/python3.8/site-packages/airflow/example_dags/example_branch_day_of_week_operator.py
[2024-02-22T14:28:13.061+0000] {logging_mixin.py:188} INFO - [2024-02-22T14:28:13.060+0000] {dag.py:3036} INFO - Sync 1 DAGs
[2024-02-22T14:28:13.118+0000] {logging_mixin.py:188} INFO - [2024-02-22T14:28:13.117+0000] {dag.py:3823} INFO - Setting next_dagrun for example_weekday_branch_operator to 2024-02-21 00:00:00+00:00, run_after=2024-02-22 00:00:00+00:00
[2024-02-22T14:28:13.156+0000] {processor.py:183} INFO - Processing /home/airflow/.local/lib/python3.8/site-packages/airflow/example_dags/example_branch_day_of_week_operator.py took 0.177 seconds
[2024-02-22T14:28:43.216+0000] {processor.py:161} INFO - Started process (PID=607) to work on /home/airflow/.local/lib/python3.8/site-packages/airflow/example_dags/example_branch_day_of_week_operator.py
[2024-02-22T14:28:43.217+0000] {processor.py:830} INFO - Processing file /home/airflow/.local/lib/python3.8/site-packages/airflow/example_dags/example_branch_day_of_week_operator.py for tasks to queue
[2024-02-22T14:28:43.221+0000] {logging_mixin.py:188} INFO - [2024-02-22T14:28:43.220+0000] {dagbag.py:538} INFO - Filling up the DagBag from /home/airflow/.local/lib/python3.8/site-packages/airflow/example_dags/example_branch_day_of_week_operator.py
[2024-02-22T14:28:43.235+0000] {processor.py:840} INFO - DAG(s) 'example_weekday_branch_operator' retrieved from /home/airflow/.local/lib/python3.8/site-packages/airflow/example_dags/example_branch_day_of_week_operator.py
[2024-02-22T14:28:43.282+0000] {logging_mixin.py:188} INFO - [2024-02-22T14:28:43.281+0000] {dag.py:3036} INFO - Sync 1 DAGs
[2024-02-22T14:28:43.333+0000] {logging_mixin.py:188} INFO - [2024-02-22T14:28:43.332+0000] {dag.py:3823} INFO - Setting next_dagrun for example_weekday_branch_operator to 2024-02-21 00:00:00+00:00, run_after=2024-02-22 00:00:00+00:00
[2024-02-22T14:28:43.362+0000] {processor.py:183} INFO - Processing /home/airflow/.local/lib/python3.8/site-packages/airflow/example_dags/example_branch_day_of_week_operator.py took 0.153 seconds
[2024-02-22T14:29:13.962+0000] {processor.py:161} INFO - Started process (PID=663) to work on /home/airflow/.local/lib/python3.8/site-packages/airflow/example_dags/example_branch_day_of_week_operator.py
[2024-02-22T14:29:13.964+0000] {processor.py:830} INFO - Processing file /home/airflow/.local/lib/python3.8/site-packages/airflow/example_dags/example_branch_day_of_week_operator.py for tasks to queue
[2024-02-22T14:29:13.968+0000] {logging_mixin.py:188} INFO - [2024-02-22T14:29:13.967+0000] {dagbag.py:538} INFO - Filling up the DagBag from /home/airflow/.local/lib/python3.8/site-packages/airflow/example_dags/example_branch_day_of_week_operator.py
[2024-02-22T14:29:13.983+0000] {processor.py:840} INFO - DAG(s) 'example_weekday_branch_operator' retrieved from /home/airflow/.local/lib/python3.8/site-packages/airflow/example_dags/example_branch_day_of_week_operator.py
[2024-02-22T14:29:14.029+0000] {logging_mixin.py:188} INFO - [2024-02-22T14:29:14.028+0000] {dag.py:3036} INFO - Sync 1 DAGs
[2024-02-22T14:29:14.067+0000] {logging_mixin.py:188} INFO - [2024-02-22T14:29:14.066+0000] {dag.py:3823} INFO - Setting next_dagrun for example_weekday_branch_operator to 2024-02-21 00:00:00+00:00, run_after=2024-02-22 00:00:00+00:00
[2024-02-22T14:29:14.097+0000] {processor.py:183} INFO - Processing /home/airflow/.local/lib/python3.8/site-packages/airflow/example_dags/example_branch_day_of_week_operator.py took 0.142 seconds
[2024-02-22T14:29:45.289+0000] {processor.py:161} INFO - Started process (PID=719) to work on /home/airflow/.local/lib/python3.8/site-packages/airflow/example_dags/example_branch_day_of_week_operator.py
[2024-02-22T14:29:45.290+0000] {processor.py:830} INFO - Processing file /home/airflow/.local/lib/python3.8/site-packages/airflow/example_dags/example_branch_day_of_week_operator.py for tasks to queue
[2024-02-22T14:29:45.296+0000] {logging_mixin.py:188} INFO - [2024-02-22T14:29:45.295+0000] {dagbag.py:538} INFO - Filling up the DagBag from /home/airflow/.local/lib/python3.8/site-packages/airflow/example_dags/example_branch_day_of_week_operator.py
[2024-02-22T14:29:45.310+0000] {processor.py:840} INFO - DAG(s) 'example_weekday_branch_operator' retrieved from /home/airflow/.local/lib/python3.8/site-packages/airflow/example_dags/example_branch_day_of_week_operator.py
[2024-02-22T14:29:45.351+0000] {logging_mixin.py:188} INFO - [2024-02-22T14:29:45.350+0000] {dag.py:3036} INFO - Sync 1 DAGs
[2024-02-22T14:29:45.391+0000] {logging_mixin.py:188} INFO - [2024-02-22T14:29:45.391+0000] {dag.py:3823} INFO - Setting next_dagrun for example_weekday_branch_operator to 2024-02-21 00:00:00+00:00, run_after=2024-02-22 00:00:00+00:00
[2024-02-22T14:29:45.424+0000] {processor.py:183} INFO - Processing /home/airflow/.local/lib/python3.8/site-packages/airflow/example_dags/example_branch_day_of_week_operator.py took 0.142 seconds
[2024-02-22T14:30:16.344+0000] {processor.py:161} INFO - Started process (PID=774) to work on /home/airflow/.local/lib/python3.8/site-packages/airflow/example_dags/example_branch_day_of_week_operator.py
[2024-02-22T14:30:16.347+0000] {processor.py:830} INFO - Processing file /home/airflow/.local/lib/python3.8/site-packages/airflow/example_dags/example_branch_day_of_week_operator.py for tasks to queue
[2024-02-22T14:30:16.351+0000] {logging_mixin.py:188} INFO - [2024-02-22T14:30:16.350+0000] {dagbag.py:538} INFO - Filling up the DagBag from /home/airflow/.local/lib/python3.8/site-packages/airflow/example_dags/example_branch_day_of_week_operator.py
[2024-02-22T14:30:16.366+0000] {processor.py:840} INFO - DAG(s) 'example_weekday_branch_operator' retrieved from /home/airflow/.local/lib/python3.8/site-packages/airflow/example_dags/example_branch_day_of_week_operator.py
[2024-02-22T14:30:16.405+0000] {logging_mixin.py:188} INFO - [2024-02-22T14:30:16.404+0000] {dag.py:3036} INFO - Sync 1 DAGs
[2024-02-22T14:30:16.446+0000] {logging_mixin.py:188} INFO - [2024-02-22T14:30:16.445+0000] {dag.py:3823} INFO - Setting next_dagrun for example_weekday_branch_operator to 2024-02-21 00:00:00+00:00, run_after=2024-02-22 00:00:00+00:00
[2024-02-22T14:30:16.475+0000] {processor.py:183} INFO - Processing /home/airflow/.local/lib/python3.8/site-packages/airflow/example_dags/example_branch_day_of_week_operator.py took 0.139 seconds
[2024-02-22T14:30:47.293+0000] {processor.py:161} INFO - Started process (PID=829) to work on /home/airflow/.local/lib/python3.8/site-packages/airflow/example_dags/example_branch_day_of_week_operator.py
[2024-02-22T14:30:47.294+0000] {processor.py:830} INFO - Processing file /home/airflow/.local/lib/python3.8/site-packages/airflow/example_dags/example_branch_day_of_week_operator.py for tasks to queue
[2024-02-22T14:30:47.298+0000] {logging_mixin.py:188} INFO - [2024-02-22T14:30:47.297+0000] {dagbag.py:538} INFO - Filling up the DagBag from /home/airflow/.local/lib/python3.8/site-packages/airflow/example_dags/example_branch_day_of_week_operator.py
[2024-02-22T14:30:47.313+0000] {processor.py:840} INFO - DAG(s) 'example_weekday_branch_operator' retrieved from /home/airflow/.local/lib/python3.8/site-packages/airflow/example_dags/example_branch_day_of_week_operator.py
[2024-02-22T14:30:47.351+0000] {logging_mixin.py:188} INFO - [2024-02-22T14:30:47.350+0000] {dag.py:3036} INFO - Sync 1 DAGs
[2024-02-22T14:30:47.388+0000] {logging_mixin.py:188} INFO - [2024-02-22T14:30:47.387+0000] {dag.py:3823} INFO - Setting next_dagrun for example_weekday_branch_operator to 2024-02-21 00:00:00+00:00, run_after=2024-02-22 00:00:00+00:00
[2024-02-22T14:30:47.423+0000] {processor.py:183} INFO - Processing /home/airflow/.local/lib/python3.8/site-packages/airflow/example_dags/example_branch_day_of_week_operator.py took 0.137 seconds
[2024-02-22T14:31:18.365+0000] {processor.py:161} INFO - Started process (PID=885) to work on /home/airflow/.local/lib/python3.8/site-packages/airflow/example_dags/example_branch_day_of_week_operator.py
[2024-02-22T14:31:18.368+0000] {processor.py:830} INFO - Processing file /home/airflow/.local/lib/python3.8/site-packages/airflow/example_dags/example_branch_day_of_week_operator.py for tasks to queue
[2024-02-22T14:31:18.374+0000] {logging_mixin.py:188} INFO - [2024-02-22T14:31:18.373+0000] {dagbag.py:538} INFO - Filling up the DagBag from /home/airflow/.local/lib/python3.8/site-packages/airflow/example_dags/example_branch_day_of_week_operator.py
[2024-02-22T14:31:18.394+0000] {processor.py:840} INFO - DAG(s) 'example_weekday_branch_operator' retrieved from /home/airflow/.local/lib/python3.8/site-packages/airflow/example_dags/example_branch_day_of_week_operator.py
[2024-02-22T14:31:18.445+0000] {logging_mixin.py:188} INFO - [2024-02-22T14:31:18.444+0000] {dag.py:3036} INFO - Sync 1 DAGs
[2024-02-22T14:31:18.486+0000] {logging_mixin.py:188} INFO - [2024-02-22T14:31:18.485+0000] {dag.py:3823} INFO - Setting next_dagrun for example_weekday_branch_operator to 2024-02-21 00:00:00+00:00, run_after=2024-02-22 00:00:00+00:00
[2024-02-22T14:31:18.518+0000] {processor.py:183} INFO - Processing /home/airflow/.local/lib/python3.8/site-packages/airflow/example_dags/example_branch_day_of_week_operator.py took 0.159 seconds
[2024-02-22T14:31:49.210+0000] {processor.py:161} INFO - Started process (PID=940) to work on /home/airflow/.local/lib/python3.8/site-packages/airflow/example_dags/example_branch_day_of_week_operator.py
[2024-02-22T14:31:49.211+0000] {processor.py:830} INFO - Processing file /home/airflow/.local/lib/python3.8/site-packages/airflow/example_dags/example_branch_day_of_week_operator.py for tasks to queue
[2024-02-22T14:31:49.215+0000] {logging_mixin.py:188} INFO - [2024-02-22T14:31:49.215+0000] {dagbag.py:538} INFO - Filling up the DagBag from /home/airflow/.local/lib/python3.8/site-packages/airflow/example_dags/example_branch_day_of_week_operator.py
[2024-02-22T14:31:49.231+0000] {processor.py:840} INFO - DAG(s) 'example_weekday_branch_operator' retrieved from /home/airflow/.local/lib/python3.8/site-packages/airflow/example_dags/example_branch_day_of_week_operator.py
[2024-02-22T14:31:49.279+0000] {logging_mixin.py:188} INFO - [2024-02-22T14:31:49.278+0000] {dag.py:3036} INFO - Sync 1 DAGs
[2024-02-22T14:31:49.325+0000] {logging_mixin.py:188} INFO - [2024-02-22T14:31:49.325+0000] {dag.py:3823} INFO - Setting next_dagrun for example_weekday_branch_operator to 2024-02-21 00:00:00+00:00, run_after=2024-02-22 00:00:00+00:00
[2024-02-22T14:31:49.367+0000] {processor.py:183} INFO - Processing /home/airflow/.local/lib/python3.8/site-packages/airflow/example_dags/example_branch_day_of_week_operator.py took 0.163 seconds
