[2024-02-22T14:23:34.922+0000] {processor.py:161} INFO - Started process (PID=47) to work on /home/airflow/.local/lib/python3.8/site-packages/airflow/example_dags/example_python_operator.py
[2024-02-22T14:23:34.924+0000] {processor.py:830} INFO - Processing file /home/airflow/.local/lib/python3.8/site-packages/airflow/example_dags/example_python_operator.py for tasks to queue
[2024-02-22T14:23:34.928+0000] {logging_mixin.py:188} INFO - [2024-02-22T14:23:34.928+0000] {dagbag.py:538} INFO - Filling up the DagBag from /home/airflow/.local/lib/python3.8/site-packages/airflow/example_dags/example_python_operator.py
[2024-02-22T14:23:34.985+0000] {processor.py:840} INFO - DAG(s) 'example_python_operator' retrieved from /home/airflow/.local/lib/python3.8/site-packages/airflow/example_dags/example_python_operator.py
[2024-02-22T14:23:35.295+0000] {logging_mixin.py:188} INFO - [2024-02-22T14:23:35.294+0000] {dag.py:3036} INFO - Sync 1 DAGs
[2024-02-22T14:23:35.323+0000] {logging_mixin.py:188} INFO - [2024-02-22T14:23:35.323+0000] {dag.py:3823} INFO - Setting next_dagrun for example_python_operator to None, run_after=None
[2024-02-22T14:23:35.369+0000] {processor.py:183} INFO - Processing /home/airflow/.local/lib/python3.8/site-packages/airflow/example_dags/example_python_operator.py took 0.470 seconds
[2024-02-22T14:24:05.560+0000] {processor.py:161} INFO - Started process (PID=102) to work on /home/airflow/.local/lib/python3.8/site-packages/airflow/example_dags/example_python_operator.py
[2024-02-22T14:24:05.562+0000] {processor.py:830} INFO - Processing file /home/airflow/.local/lib/python3.8/site-packages/airflow/example_dags/example_python_operator.py for tasks to queue
[2024-02-22T14:24:05.565+0000] {logging_mixin.py:188} INFO - [2024-02-22T14:24:05.564+0000] {dagbag.py:538} INFO - Filling up the DagBag from /home/airflow/.local/lib/python3.8/site-packages/airflow/example_dags/example_python_operator.py
[2024-02-22T14:24:05.583+0000] {processor.py:840} INFO - DAG(s) 'example_python_operator' retrieved from /home/airflow/.local/lib/python3.8/site-packages/airflow/example_dags/example_python_operator.py
[2024-02-22T14:24:05.620+0000] {logging_mixin.py:188} INFO - [2024-02-22T14:24:05.620+0000] {dag.py:3036} INFO - Sync 1 DAGs
[2024-02-22T14:24:05.640+0000] {logging_mixin.py:188} INFO - [2024-02-22T14:24:05.639+0000] {dag.py:3823} INFO - Setting next_dagrun for example_python_operator to None, run_after=None
[2024-02-22T14:24:05.666+0000] {processor.py:183} INFO - Processing /home/airflow/.local/lib/python3.8/site-packages/airflow/example_dags/example_python_operator.py took 0.112 seconds
[2024-02-22T14:24:35.778+0000] {processor.py:161} INFO - Started process (PID=157) to work on /home/airflow/.local/lib/python3.8/site-packages/airflow/example_dags/example_python_operator.py
[2024-02-22T14:24:35.781+0000] {processor.py:830} INFO - Processing file /home/airflow/.local/lib/python3.8/site-packages/airflow/example_dags/example_python_operator.py for tasks to queue
[2024-02-22T14:24:35.785+0000] {logging_mixin.py:188} INFO - [2024-02-22T14:24:35.784+0000] {dagbag.py:538} INFO - Filling up the DagBag from /home/airflow/.local/lib/python3.8/site-packages/airflow/example_dags/example_python_operator.py
[2024-02-22T14:24:35.809+0000] {processor.py:840} INFO - DAG(s) 'example_python_operator' retrieved from /home/airflow/.local/lib/python3.8/site-packages/airflow/example_dags/example_python_operator.py
[2024-02-22T14:24:35.857+0000] {logging_mixin.py:188} INFO - [2024-02-22T14:24:35.856+0000] {dag.py:3036} INFO - Sync 1 DAGs
[2024-02-22T14:24:35.877+0000] {logging_mixin.py:188} INFO - [2024-02-22T14:24:35.877+0000] {dag.py:3823} INFO - Setting next_dagrun for example_python_operator to None, run_after=None
[2024-02-22T14:24:35.906+0000] {processor.py:183} INFO - Processing /home/airflow/.local/lib/python3.8/site-packages/airflow/example_dags/example_python_operator.py took 0.135 seconds
[2024-02-22T14:25:06.804+0000] {processor.py:161} INFO - Started process (PID=212) to work on /home/airflow/.local/lib/python3.8/site-packages/airflow/example_dags/example_python_operator.py
[2024-02-22T14:25:06.805+0000] {processor.py:830} INFO - Processing file /home/airflow/.local/lib/python3.8/site-packages/airflow/example_dags/example_python_operator.py for tasks to queue
[2024-02-22T14:25:06.808+0000] {logging_mixin.py:188} INFO - [2024-02-22T14:25:06.808+0000] {dagbag.py:538} INFO - Filling up the DagBag from /home/airflow/.local/lib/python3.8/site-packages/airflow/example_dags/example_python_operator.py
[2024-02-22T14:25:06.826+0000] {processor.py:840} INFO - DAG(s) 'example_python_operator' retrieved from /home/airflow/.local/lib/python3.8/site-packages/airflow/example_dags/example_python_operator.py
[2024-02-22T14:25:06.864+0000] {logging_mixin.py:188} INFO - [2024-02-22T14:25:06.863+0000] {dag.py:3036} INFO - Sync 1 DAGs
[2024-02-22T14:25:06.884+0000] {logging_mixin.py:188} INFO - [2024-02-22T14:25:06.884+0000] {dag.py:3823} INFO - Setting next_dagrun for example_python_operator to None, run_after=None
[2024-02-22T14:25:06.918+0000] {processor.py:183} INFO - Processing /home/airflow/.local/lib/python3.8/site-packages/airflow/example_dags/example_python_operator.py took 0.120 seconds
[2024-02-22T14:25:37.451+0000] {processor.py:161} INFO - Started process (PID=267) to work on /home/airflow/.local/lib/python3.8/site-packages/airflow/example_dags/example_python_operator.py
[2024-02-22T14:25:37.453+0000] {processor.py:830} INFO - Processing file /home/airflow/.local/lib/python3.8/site-packages/airflow/example_dags/example_python_operator.py for tasks to queue
[2024-02-22T14:25:37.457+0000] {logging_mixin.py:188} INFO - [2024-02-22T14:25:37.456+0000] {dagbag.py:538} INFO - Filling up the DagBag from /home/airflow/.local/lib/python3.8/site-packages/airflow/example_dags/example_python_operator.py
[2024-02-22T14:25:37.475+0000] {processor.py:840} INFO - DAG(s) 'example_python_operator' retrieved from /home/airflow/.local/lib/python3.8/site-packages/airflow/example_dags/example_python_operator.py
[2024-02-22T14:25:37.513+0000] {logging_mixin.py:188} INFO - [2024-02-22T14:25:37.512+0000] {dag.py:3036} INFO - Sync 1 DAGs
[2024-02-22T14:25:37.534+0000] {logging_mixin.py:188} INFO - [2024-02-22T14:25:37.533+0000] {dag.py:3823} INFO - Setting next_dagrun for example_python_operator to None, run_after=None
[2024-02-22T14:25:37.562+0000] {processor.py:183} INFO - Processing /home/airflow/.local/lib/python3.8/site-packages/airflow/example_dags/example_python_operator.py took 0.118 seconds
[2024-02-22T14:26:08.494+0000] {processor.py:161} INFO - Started process (PID=322) to work on /home/airflow/.local/lib/python3.8/site-packages/airflow/example_dags/example_python_operator.py
[2024-02-22T14:26:08.496+0000] {processor.py:830} INFO - Processing file /home/airflow/.local/lib/python3.8/site-packages/airflow/example_dags/example_python_operator.py for tasks to queue
[2024-02-22T14:26:08.499+0000] {logging_mixin.py:188} INFO - [2024-02-22T14:26:08.499+0000] {dagbag.py:538} INFO - Filling up the DagBag from /home/airflow/.local/lib/python3.8/site-packages/airflow/example_dags/example_python_operator.py
[2024-02-22T14:26:08.518+0000] {processor.py:840} INFO - DAG(s) 'example_python_operator' retrieved from /home/airflow/.local/lib/python3.8/site-packages/airflow/example_dags/example_python_operator.py
[2024-02-22T14:26:08.559+0000] {logging_mixin.py:188} INFO - [2024-02-22T14:26:08.558+0000] {dag.py:3036} INFO - Sync 1 DAGs
[2024-02-22T14:26:08.578+0000] {logging_mixin.py:188} INFO - [2024-02-22T14:26:08.578+0000] {dag.py:3823} INFO - Setting next_dagrun for example_python_operator to None, run_after=None
[2024-02-22T14:26:08.609+0000] {processor.py:183} INFO - Processing /home/airflow/.local/lib/python3.8/site-packages/airflow/example_dags/example_python_operator.py took 0.121 seconds
[2024-02-22T14:26:38.933+0000] {processor.py:161} INFO - Started process (PID=378) to work on /home/airflow/.local/lib/python3.8/site-packages/airflow/example_dags/example_python_operator.py
[2024-02-22T14:26:38.935+0000] {processor.py:830} INFO - Processing file /home/airflow/.local/lib/python3.8/site-packages/airflow/example_dags/example_python_operator.py for tasks to queue
[2024-02-22T14:26:38.939+0000] {logging_mixin.py:188} INFO - [2024-02-22T14:26:38.939+0000] {dagbag.py:538} INFO - Filling up the DagBag from /home/airflow/.local/lib/python3.8/site-packages/airflow/example_dags/example_python_operator.py
[2024-02-22T14:26:38.960+0000] {processor.py:840} INFO - DAG(s) 'example_python_operator' retrieved from /home/airflow/.local/lib/python3.8/site-packages/airflow/example_dags/example_python_operator.py
[2024-02-22T14:26:38.999+0000] {logging_mixin.py:188} INFO - [2024-02-22T14:26:38.998+0000] {dag.py:3036} INFO - Sync 1 DAGs
[2024-02-22T14:26:39.021+0000] {logging_mixin.py:188} INFO - [2024-02-22T14:26:39.021+0000] {dag.py:3823} INFO - Setting next_dagrun for example_python_operator to None, run_after=None
[2024-02-22T14:26:39.051+0000] {processor.py:183} INFO - Processing /home/airflow/.local/lib/python3.8/site-packages/airflow/example_dags/example_python_operator.py took 0.125 seconds
[2024-02-22T14:27:09.861+0000] {processor.py:161} INFO - Started process (PID=432) to work on /home/airflow/.local/lib/python3.8/site-packages/airflow/example_dags/example_python_operator.py
[2024-02-22T14:27:09.863+0000] {processor.py:830} INFO - Processing file /home/airflow/.local/lib/python3.8/site-packages/airflow/example_dags/example_python_operator.py for tasks to queue
[2024-02-22T14:27:09.868+0000] {logging_mixin.py:188} INFO - [2024-02-22T14:27:09.867+0000] {dagbag.py:538} INFO - Filling up the DagBag from /home/airflow/.local/lib/python3.8/site-packages/airflow/example_dags/example_python_operator.py
[2024-02-22T14:27:09.896+0000] {processor.py:840} INFO - DAG(s) 'example_python_operator' retrieved from /home/airflow/.local/lib/python3.8/site-packages/airflow/example_dags/example_python_operator.py
[2024-02-22T14:27:09.961+0000] {logging_mixin.py:188} INFO - [2024-02-22T14:27:09.959+0000] {dag.py:3036} INFO - Sync 1 DAGs
[2024-02-22T14:27:09.997+0000] {logging_mixin.py:188} INFO - [2024-02-22T14:27:09.996+0000] {dag.py:3823} INFO - Setting next_dagrun for example_python_operator to None, run_after=None
[2024-02-22T14:27:10.045+0000] {processor.py:183} INFO - Processing /home/airflow/.local/lib/python3.8/site-packages/airflow/example_dags/example_python_operator.py took 0.195 seconds
[2024-02-22T14:27:40.094+0000] {processor.py:161} INFO - Started process (PID=487) to work on /home/airflow/.local/lib/python3.8/site-packages/airflow/example_dags/example_python_operator.py
[2024-02-22T14:27:40.095+0000] {processor.py:830} INFO - Processing file /home/airflow/.local/lib/python3.8/site-packages/airflow/example_dags/example_python_operator.py for tasks to queue
[2024-02-22T14:27:40.099+0000] {logging_mixin.py:188} INFO - [2024-02-22T14:27:40.099+0000] {dagbag.py:538} INFO - Filling up the DagBag from /home/airflow/.local/lib/python3.8/site-packages/airflow/example_dags/example_python_operator.py
[2024-02-22T14:27:40.120+0000] {processor.py:840} INFO - DAG(s) 'example_python_operator' retrieved from /home/airflow/.local/lib/python3.8/site-packages/airflow/example_dags/example_python_operator.py
[2024-02-22T14:27:40.167+0000] {logging_mixin.py:188} INFO - [2024-02-22T14:27:40.166+0000] {dag.py:3036} INFO - Sync 1 DAGs
[2024-02-22T14:27:40.188+0000] {logging_mixin.py:188} INFO - [2024-02-22T14:27:40.188+0000] {dag.py:3823} INFO - Setting next_dagrun for example_python_operator to None, run_after=None
[2024-02-22T14:27:40.218+0000] {processor.py:183} INFO - Processing /home/airflow/.local/lib/python3.8/site-packages/airflow/example_dags/example_python_operator.py took 0.131 seconds
[2024-02-22T14:28:10.560+0000] {processor.py:161} INFO - Started process (PID=541) to work on /home/airflow/.local/lib/python3.8/site-packages/airflow/example_dags/example_python_operator.py
[2024-02-22T14:28:10.562+0000] {processor.py:830} INFO - Processing file /home/airflow/.local/lib/python3.8/site-packages/airflow/example_dags/example_python_operator.py for tasks to queue
[2024-02-22T14:28:10.567+0000] {logging_mixin.py:188} INFO - [2024-02-22T14:28:10.566+0000] {dagbag.py:538} INFO - Filling up the DagBag from /home/airflow/.local/lib/python3.8/site-packages/airflow/example_dags/example_python_operator.py
[2024-02-22T14:28:10.589+0000] {processor.py:840} INFO - DAG(s) 'example_python_operator' retrieved from /home/airflow/.local/lib/python3.8/site-packages/airflow/example_dags/example_python_operator.py
[2024-02-22T14:28:10.628+0000] {logging_mixin.py:188} INFO - [2024-02-22T14:28:10.627+0000] {dag.py:3036} INFO - Sync 1 DAGs
[2024-02-22T14:28:10.649+0000] {logging_mixin.py:188} INFO - [2024-02-22T14:28:10.648+0000] {dag.py:3823} INFO - Setting next_dagrun for example_python_operator to None, run_after=None
[2024-02-22T14:28:10.688+0000] {processor.py:183} INFO - Processing /home/airflow/.local/lib/python3.8/site-packages/airflow/example_dags/example_python_operator.py took 0.136 seconds
[2024-02-22T14:28:41.166+0000] {processor.py:161} INFO - Started process (PID=595) to work on /home/airflow/.local/lib/python3.8/site-packages/airflow/example_dags/example_python_operator.py
[2024-02-22T14:28:41.167+0000] {processor.py:830} INFO - Processing file /home/airflow/.local/lib/python3.8/site-packages/airflow/example_dags/example_python_operator.py for tasks to queue
[2024-02-22T14:28:41.172+0000] {logging_mixin.py:188} INFO - [2024-02-22T14:28:41.171+0000] {dagbag.py:538} INFO - Filling up the DagBag from /home/airflow/.local/lib/python3.8/site-packages/airflow/example_dags/example_python_operator.py
[2024-02-22T14:28:41.199+0000] {processor.py:840} INFO - DAG(s) 'example_python_operator' retrieved from /home/airflow/.local/lib/python3.8/site-packages/airflow/example_dags/example_python_operator.py
[2024-02-22T14:28:41.238+0000] {logging_mixin.py:188} INFO - [2024-02-22T14:28:41.237+0000] {dag.py:3036} INFO - Sync 1 DAGs
[2024-02-22T14:28:41.259+0000] {logging_mixin.py:188} INFO - [2024-02-22T14:28:41.259+0000] {dag.py:3823} INFO - Setting next_dagrun for example_python_operator to None, run_after=None
[2024-02-22T14:28:41.289+0000] {processor.py:183} INFO - Processing /home/airflow/.local/lib/python3.8/site-packages/airflow/example_dags/example_python_operator.py took 0.130 seconds
[2024-02-22T14:29:12.255+0000] {processor.py:161} INFO - Started process (PID=651) to work on /home/airflow/.local/lib/python3.8/site-packages/airflow/example_dags/example_python_operator.py
[2024-02-22T14:29:12.258+0000] {processor.py:830} INFO - Processing file /home/airflow/.local/lib/python3.8/site-packages/airflow/example_dags/example_python_operator.py for tasks to queue
[2024-02-22T14:29:12.262+0000] {logging_mixin.py:188} INFO - [2024-02-22T14:29:12.261+0000] {dagbag.py:538} INFO - Filling up the DagBag from /home/airflow/.local/lib/python3.8/site-packages/airflow/example_dags/example_python_operator.py
[2024-02-22T14:29:12.285+0000] {processor.py:840} INFO - DAG(s) 'example_python_operator' retrieved from /home/airflow/.local/lib/python3.8/site-packages/airflow/example_dags/example_python_operator.py
[2024-02-22T14:29:12.330+0000] {logging_mixin.py:188} INFO - [2024-02-22T14:29:12.329+0000] {dag.py:3036} INFO - Sync 1 DAGs
[2024-02-22T14:29:12.350+0000] {logging_mixin.py:188} INFO - [2024-02-22T14:29:12.350+0000] {dag.py:3823} INFO - Setting next_dagrun for example_python_operator to None, run_after=None
[2024-02-22T14:29:12.379+0000] {processor.py:183} INFO - Processing /home/airflow/.local/lib/python3.8/site-packages/airflow/example_dags/example_python_operator.py took 0.131 seconds
[2024-02-22T14:29:42.674+0000] {processor.py:161} INFO - Started process (PID=707) to work on /home/airflow/.local/lib/python3.8/site-packages/airflow/example_dags/example_python_operator.py
[2024-02-22T14:29:42.676+0000] {processor.py:830} INFO - Processing file /home/airflow/.local/lib/python3.8/site-packages/airflow/example_dags/example_python_operator.py for tasks to queue
[2024-02-22T14:29:42.681+0000] {logging_mixin.py:188} INFO - [2024-02-22T14:29:42.681+0000] {dagbag.py:538} INFO - Filling up the DagBag from /home/airflow/.local/lib/python3.8/site-packages/airflow/example_dags/example_python_operator.py
[2024-02-22T14:29:42.706+0000] {processor.py:840} INFO - DAG(s) 'example_python_operator' retrieved from /home/airflow/.local/lib/python3.8/site-packages/airflow/example_dags/example_python_operator.py
[2024-02-22T14:29:42.748+0000] {logging_mixin.py:188} INFO - [2024-02-22T14:29:42.747+0000] {dag.py:3036} INFO - Sync 1 DAGs
[2024-02-22T14:29:42.768+0000] {logging_mixin.py:188} INFO - [2024-02-22T14:29:42.768+0000] {dag.py:3823} INFO - Setting next_dagrun for example_python_operator to None, run_after=None
[2024-02-22T14:29:42.798+0000] {processor.py:183} INFO - Processing /home/airflow/.local/lib/python3.8/site-packages/airflow/example_dags/example_python_operator.py took 0.131 seconds
[2024-02-22T14:30:13.022+0000] {processor.py:161} INFO - Started process (PID=762) to work on /home/airflow/.local/lib/python3.8/site-packages/airflow/example_dags/example_python_operator.py
[2024-02-22T14:30:13.025+0000] {processor.py:830} INFO - Processing file /home/airflow/.local/lib/python3.8/site-packages/airflow/example_dags/example_python_operator.py for tasks to queue
[2024-02-22T14:30:13.028+0000] {logging_mixin.py:188} INFO - [2024-02-22T14:30:13.028+0000] {dagbag.py:538} INFO - Filling up the DagBag from /home/airflow/.local/lib/python3.8/site-packages/airflow/example_dags/example_python_operator.py
[2024-02-22T14:30:13.048+0000] {processor.py:840} INFO - DAG(s) 'example_python_operator' retrieved from /home/airflow/.local/lib/python3.8/site-packages/airflow/example_dags/example_python_operator.py
[2024-02-22T14:30:13.091+0000] {logging_mixin.py:188} INFO - [2024-02-22T14:30:13.090+0000] {dag.py:3036} INFO - Sync 1 DAGs
[2024-02-22T14:30:13.123+0000] {logging_mixin.py:188} INFO - [2024-02-22T14:30:13.123+0000] {dag.py:3823} INFO - Setting next_dagrun for example_python_operator to None, run_after=None
[2024-02-22T14:30:13.157+0000] {processor.py:183} INFO - Processing /home/airflow/.local/lib/python3.8/site-packages/airflow/example_dags/example_python_operator.py took 0.142 seconds
[2024-02-22T14:30:43.990+0000] {processor.py:161} INFO - Started process (PID=817) to work on /home/airflow/.local/lib/python3.8/site-packages/airflow/example_dags/example_python_operator.py
[2024-02-22T14:30:43.992+0000] {processor.py:830} INFO - Processing file /home/airflow/.local/lib/python3.8/site-packages/airflow/example_dags/example_python_operator.py for tasks to queue
[2024-02-22T14:30:43.995+0000] {logging_mixin.py:188} INFO - [2024-02-22T14:30:43.995+0000] {dagbag.py:538} INFO - Filling up the DagBag from /home/airflow/.local/lib/python3.8/site-packages/airflow/example_dags/example_python_operator.py
[2024-02-22T14:30:44.015+0000] {processor.py:840} INFO - DAG(s) 'example_python_operator' retrieved from /home/airflow/.local/lib/python3.8/site-packages/airflow/example_dags/example_python_operator.py
[2024-02-22T14:30:44.053+0000] {logging_mixin.py:188} INFO - [2024-02-22T14:30:44.052+0000] {dag.py:3036} INFO - Sync 1 DAGs
[2024-02-22T14:30:44.074+0000] {logging_mixin.py:188} INFO - [2024-02-22T14:30:44.074+0000] {dag.py:3823} INFO - Setting next_dagrun for example_python_operator to None, run_after=None
[2024-02-22T14:30:44.103+0000] {processor.py:183} INFO - Processing /home/airflow/.local/lib/python3.8/site-packages/airflow/example_dags/example_python_operator.py took 0.122 seconds
[2024-02-22T14:31:14.921+0000] {processor.py:161} INFO - Started process (PID=873) to work on /home/airflow/.local/lib/python3.8/site-packages/airflow/example_dags/example_python_operator.py
[2024-02-22T14:31:14.923+0000] {processor.py:830} INFO - Processing file /home/airflow/.local/lib/python3.8/site-packages/airflow/example_dags/example_python_operator.py for tasks to queue
[2024-02-22T14:31:14.933+0000] {logging_mixin.py:188} INFO - [2024-02-22T14:31:14.932+0000] {dagbag.py:538} INFO - Filling up the DagBag from /home/airflow/.local/lib/python3.8/site-packages/airflow/example_dags/example_python_operator.py
[2024-02-22T14:31:14.955+0000] {processor.py:840} INFO - DAG(s) 'example_python_operator' retrieved from /home/airflow/.local/lib/python3.8/site-packages/airflow/example_dags/example_python_operator.py
[2024-02-22T14:31:15.004+0000] {logging_mixin.py:188} INFO - [2024-02-22T14:31:15.003+0000] {dag.py:3036} INFO - Sync 1 DAGs
[2024-02-22T14:31:15.033+0000] {logging_mixin.py:188} INFO - [2024-02-22T14:31:15.032+0000] {dag.py:3823} INFO - Setting next_dagrun for example_python_operator to None, run_after=None
[2024-02-22T14:31:15.063+0000] {processor.py:183} INFO - Processing /home/airflow/.local/lib/python3.8/site-packages/airflow/example_dags/example_python_operator.py took 0.149 seconds
[2024-02-22T14:31:45.635+0000] {processor.py:161} INFO - Started process (PID=928) to work on /home/airflow/.local/lib/python3.8/site-packages/airflow/example_dags/example_python_operator.py
[2024-02-22T14:31:45.637+0000] {processor.py:830} INFO - Processing file /home/airflow/.local/lib/python3.8/site-packages/airflow/example_dags/example_python_operator.py for tasks to queue
[2024-02-22T14:31:45.642+0000] {logging_mixin.py:188} INFO - [2024-02-22T14:31:45.641+0000] {dagbag.py:538} INFO - Filling up the DagBag from /home/airflow/.local/lib/python3.8/site-packages/airflow/example_dags/example_python_operator.py
[2024-02-22T14:31:45.668+0000] {processor.py:840} INFO - DAG(s) 'example_python_operator' retrieved from /home/airflow/.local/lib/python3.8/site-packages/airflow/example_dags/example_python_operator.py
[2024-02-22T14:31:45.721+0000] {logging_mixin.py:188} INFO - [2024-02-22T14:31:45.720+0000] {dag.py:3036} INFO - Sync 1 DAGs
[2024-02-22T14:31:45.744+0000] {logging_mixin.py:188} INFO - [2024-02-22T14:31:45.744+0000] {dag.py:3823} INFO - Setting next_dagrun for example_python_operator to None, run_after=None
[2024-02-22T14:31:45.775+0000] {processor.py:183} INFO - Processing /home/airflow/.local/lib/python3.8/site-packages/airflow/example_dags/example_python_operator.py took 0.148 seconds
