[2024-02-22T14:23:38.845+0000] {processor.py:161} INFO - Started process (PID=67) to work on /home/airflow/.local/lib/python3.8/site-packages/airflow/example_dags/example_skip_dag.py
[2024-02-22T14:23:38.851+0000] {processor.py:830} INFO - Processing file /home/airflow/.local/lib/python3.8/site-packages/airflow/example_dags/example_skip_dag.py for tasks to queue
[2024-02-22T14:23:38.866+0000] {logging_mixin.py:188} INFO - [2024-02-22T14:23:38.864+0000] {dagbag.py:538} INFO - Filling up the DagBag from /home/airflow/.local/lib/python3.8/site-packages/airflow/example_dags/example_skip_dag.py
[2024-02-22T14:23:38.893+0000] {processor.py:840} INFO - DAG(s) 'example_skip_dag' retrieved from /home/airflow/.local/lib/python3.8/site-packages/airflow/example_dags/example_skip_dag.py
[2024-02-22T14:23:38.943+0000] {logging_mixin.py:188} INFO - [2024-02-22T14:23:38.942+0000] {dag.py:3036} INFO - Sync 1 DAGs
[2024-02-22T14:23:38.992+0000] {logging_mixin.py:188} INFO - [2024-02-22T14:23:38.992+0000] {dag.py:3823} INFO - Setting next_dagrun for example_skip_dag to 2024-02-21 00:00:00+00:00, run_after=2024-02-22 00:00:00+00:00
[2024-02-22T14:23:39.085+0000] {processor.py:183} INFO - Processing /home/airflow/.local/lib/python3.8/site-packages/airflow/example_dags/example_skip_dag.py took 0.256 seconds
[2024-02-22T14:24:09.455+0000] {processor.py:161} INFO - Started process (PID=122) to work on /home/airflow/.local/lib/python3.8/site-packages/airflow/example_dags/example_skip_dag.py
[2024-02-22T14:24:09.457+0000] {processor.py:830} INFO - Processing file /home/airflow/.local/lib/python3.8/site-packages/airflow/example_dags/example_skip_dag.py for tasks to queue
[2024-02-22T14:24:09.460+0000] {logging_mixin.py:188} INFO - [2024-02-22T14:24:09.460+0000] {dagbag.py:538} INFO - Filling up the DagBag from /home/airflow/.local/lib/python3.8/site-packages/airflow/example_dags/example_skip_dag.py
[2024-02-22T14:24:09.472+0000] {processor.py:840} INFO - DAG(s) 'example_skip_dag' retrieved from /home/airflow/.local/lib/python3.8/site-packages/airflow/example_dags/example_skip_dag.py
[2024-02-22T14:24:09.514+0000] {logging_mixin.py:188} INFO - [2024-02-22T14:24:09.513+0000] {dag.py:3036} INFO - Sync 1 DAGs
[2024-02-22T14:24:09.548+0000] {logging_mixin.py:188} INFO - [2024-02-22T14:24:09.547+0000] {dag.py:3823} INFO - Setting next_dagrun for example_skip_dag to 2024-02-21 00:00:00+00:00, run_after=2024-02-22 00:00:00+00:00
[2024-02-22T14:24:09.574+0000] {processor.py:183} INFO - Processing /home/airflow/.local/lib/python3.8/site-packages/airflow/example_dags/example_skip_dag.py took 0.125 seconds
[2024-02-22T14:24:39.760+0000] {processor.py:161} INFO - Started process (PID=177) to work on /home/airflow/.local/lib/python3.8/site-packages/airflow/example_dags/example_skip_dag.py
[2024-02-22T14:24:39.762+0000] {processor.py:830} INFO - Processing file /home/airflow/.local/lib/python3.8/site-packages/airflow/example_dags/example_skip_dag.py for tasks to queue
[2024-02-22T14:24:39.767+0000] {logging_mixin.py:188} INFO - [2024-02-22T14:24:39.766+0000] {dagbag.py:538} INFO - Filling up the DagBag from /home/airflow/.local/lib/python3.8/site-packages/airflow/example_dags/example_skip_dag.py
[2024-02-22T14:24:39.783+0000] {processor.py:840} INFO - DAG(s) 'example_skip_dag' retrieved from /home/airflow/.local/lib/python3.8/site-packages/airflow/example_dags/example_skip_dag.py
[2024-02-22T14:24:39.825+0000] {logging_mixin.py:188} INFO - [2024-02-22T14:24:39.824+0000] {dag.py:3036} INFO - Sync 1 DAGs
[2024-02-22T14:24:39.869+0000] {logging_mixin.py:188} INFO - [2024-02-22T14:24:39.868+0000] {dag.py:3823} INFO - Setting next_dagrun for example_skip_dag to 2024-02-21 00:00:00+00:00, run_after=2024-02-22 00:00:00+00:00
[2024-02-22T14:24:39.898+0000] {processor.py:183} INFO - Processing /home/airflow/.local/lib/python3.8/site-packages/airflow/example_dags/example_skip_dag.py took 0.144 seconds
[2024-02-22T14:25:10.483+0000] {processor.py:161} INFO - Started process (PID=232) to work on /home/airflow/.local/lib/python3.8/site-packages/airflow/example_dags/example_skip_dag.py
[2024-02-22T14:25:10.484+0000] {processor.py:830} INFO - Processing file /home/airflow/.local/lib/python3.8/site-packages/airflow/example_dags/example_skip_dag.py for tasks to queue
[2024-02-22T14:25:10.487+0000] {logging_mixin.py:188} INFO - [2024-02-22T14:25:10.487+0000] {dagbag.py:538} INFO - Filling up the DagBag from /home/airflow/.local/lib/python3.8/site-packages/airflow/example_dags/example_skip_dag.py
[2024-02-22T14:25:10.500+0000] {processor.py:840} INFO - DAG(s) 'example_skip_dag' retrieved from /home/airflow/.local/lib/python3.8/site-packages/airflow/example_dags/example_skip_dag.py
[2024-02-22T14:25:10.540+0000] {logging_mixin.py:188} INFO - [2024-02-22T14:25:10.539+0000] {dag.py:3036} INFO - Sync 1 DAGs
[2024-02-22T14:25:10.574+0000] {logging_mixin.py:188} INFO - [2024-02-22T14:25:10.574+0000] {dag.py:3823} INFO - Setting next_dagrun for example_skip_dag to 2024-02-21 00:00:00+00:00, run_after=2024-02-22 00:00:00+00:00
[2024-02-22T14:25:10.603+0000] {processor.py:183} INFO - Processing /home/airflow/.local/lib/python3.8/site-packages/airflow/example_dags/example_skip_dag.py took 0.126 seconds
[2024-02-22T14:25:41.434+0000] {processor.py:161} INFO - Started process (PID=287) to work on /home/airflow/.local/lib/python3.8/site-packages/airflow/example_dags/example_skip_dag.py
[2024-02-22T14:25:41.436+0000] {processor.py:830} INFO - Processing file /home/airflow/.local/lib/python3.8/site-packages/airflow/example_dags/example_skip_dag.py for tasks to queue
[2024-02-22T14:25:41.440+0000] {logging_mixin.py:188} INFO - [2024-02-22T14:25:41.439+0000] {dagbag.py:538} INFO - Filling up the DagBag from /home/airflow/.local/lib/python3.8/site-packages/airflow/example_dags/example_skip_dag.py
[2024-02-22T14:25:41.453+0000] {processor.py:840} INFO - DAG(s) 'example_skip_dag' retrieved from /home/airflow/.local/lib/python3.8/site-packages/airflow/example_dags/example_skip_dag.py
[2024-02-22T14:25:41.495+0000] {logging_mixin.py:188} INFO - [2024-02-22T14:25:41.494+0000] {dag.py:3036} INFO - Sync 1 DAGs
[2024-02-22T14:25:41.536+0000] {logging_mixin.py:188} INFO - [2024-02-22T14:25:41.535+0000] {dag.py:3823} INFO - Setting next_dagrun for example_skip_dag to 2024-02-21 00:00:00+00:00, run_after=2024-02-22 00:00:00+00:00
[2024-02-22T14:25:41.573+0000] {processor.py:183} INFO - Processing /home/airflow/.local/lib/python3.8/site-packages/airflow/example_dags/example_skip_dag.py took 0.147 seconds
[2024-02-22T14:26:12.497+0000] {processor.py:161} INFO - Started process (PID=342) to work on /home/airflow/.local/lib/python3.8/site-packages/airflow/example_dags/example_skip_dag.py
[2024-02-22T14:26:12.499+0000] {processor.py:830} INFO - Processing file /home/airflow/.local/lib/python3.8/site-packages/airflow/example_dags/example_skip_dag.py for tasks to queue
[2024-02-22T14:26:12.503+0000] {logging_mixin.py:188} INFO - [2024-02-22T14:26:12.502+0000] {dagbag.py:538} INFO - Filling up the DagBag from /home/airflow/.local/lib/python3.8/site-packages/airflow/example_dags/example_skip_dag.py
[2024-02-22T14:26:12.514+0000] {processor.py:840} INFO - DAG(s) 'example_skip_dag' retrieved from /home/airflow/.local/lib/python3.8/site-packages/airflow/example_dags/example_skip_dag.py
[2024-02-22T14:26:12.556+0000] {logging_mixin.py:188} INFO - [2024-02-22T14:26:12.555+0000] {dag.py:3036} INFO - Sync 1 DAGs
[2024-02-22T14:26:12.601+0000] {logging_mixin.py:188} INFO - [2024-02-22T14:26:12.601+0000] {dag.py:3823} INFO - Setting next_dagrun for example_skip_dag to 2024-02-21 00:00:00+00:00, run_after=2024-02-22 00:00:00+00:00
[2024-02-22T14:26:12.634+0000] {processor.py:183} INFO - Processing /home/airflow/.local/lib/python3.8/site-packages/airflow/example_dags/example_skip_dag.py took 0.143 seconds
[2024-02-22T14:26:43.026+0000] {processor.py:161} INFO - Started process (PID=398) to work on /home/airflow/.local/lib/python3.8/site-packages/airflow/example_dags/example_skip_dag.py
[2024-02-22T14:26:43.029+0000] {processor.py:830} INFO - Processing file /home/airflow/.local/lib/python3.8/site-packages/airflow/example_dags/example_skip_dag.py for tasks to queue
[2024-02-22T14:26:43.032+0000] {logging_mixin.py:188} INFO - [2024-02-22T14:26:43.032+0000] {dagbag.py:538} INFO - Filling up the DagBag from /home/airflow/.local/lib/python3.8/site-packages/airflow/example_dags/example_skip_dag.py
[2024-02-22T14:26:43.045+0000] {processor.py:840} INFO - DAG(s) 'example_skip_dag' retrieved from /home/airflow/.local/lib/python3.8/site-packages/airflow/example_dags/example_skip_dag.py
[2024-02-22T14:26:43.091+0000] {logging_mixin.py:188} INFO - [2024-02-22T14:26:43.090+0000] {dag.py:3036} INFO - Sync 1 DAGs
[2024-02-22T14:26:43.137+0000] {logging_mixin.py:188} INFO - [2024-02-22T14:26:43.137+0000] {dag.py:3823} INFO - Setting next_dagrun for example_skip_dag to 2024-02-21 00:00:00+00:00, run_after=2024-02-22 00:00:00+00:00
[2024-02-22T14:26:43.166+0000] {processor.py:183} INFO - Processing /home/airflow/.local/lib/python3.8/site-packages/airflow/example_dags/example_skip_dag.py took 0.147 seconds
[2024-02-22T14:27:13.955+0000] {processor.py:161} INFO - Started process (PID=452) to work on /home/airflow/.local/lib/python3.8/site-packages/airflow/example_dags/example_skip_dag.py
[2024-02-22T14:27:13.957+0000] {processor.py:830} INFO - Processing file /home/airflow/.local/lib/python3.8/site-packages/airflow/example_dags/example_skip_dag.py for tasks to queue
[2024-02-22T14:27:13.961+0000] {logging_mixin.py:188} INFO - [2024-02-22T14:27:13.960+0000] {dagbag.py:538} INFO - Filling up the DagBag from /home/airflow/.local/lib/python3.8/site-packages/airflow/example_dags/example_skip_dag.py
[2024-02-22T14:27:13.973+0000] {processor.py:840} INFO - DAG(s) 'example_skip_dag' retrieved from /home/airflow/.local/lib/python3.8/site-packages/airflow/example_dags/example_skip_dag.py
[2024-02-22T14:27:14.020+0000] {logging_mixin.py:188} INFO - [2024-02-22T14:27:14.019+0000] {dag.py:3036} INFO - Sync 1 DAGs
[2024-02-22T14:27:14.059+0000] {logging_mixin.py:188} INFO - [2024-02-22T14:27:14.058+0000] {dag.py:3823} INFO - Setting next_dagrun for example_skip_dag to 2024-02-21 00:00:00+00:00, run_after=2024-02-22 00:00:00+00:00
[2024-02-22T14:27:14.096+0000] {processor.py:183} INFO - Processing /home/airflow/.local/lib/python3.8/site-packages/airflow/example_dags/example_skip_dag.py took 0.148 seconds
[2024-02-22T14:27:44.389+0000] {processor.py:161} INFO - Started process (PID=507) to work on /home/airflow/.local/lib/python3.8/site-packages/airflow/example_dags/example_skip_dag.py
[2024-02-22T14:27:44.391+0000] {processor.py:830} INFO - Processing file /home/airflow/.local/lib/python3.8/site-packages/airflow/example_dags/example_skip_dag.py for tasks to queue
[2024-02-22T14:27:44.395+0000] {logging_mixin.py:188} INFO - [2024-02-22T14:27:44.394+0000] {dagbag.py:538} INFO - Filling up the DagBag from /home/airflow/.local/lib/python3.8/site-packages/airflow/example_dags/example_skip_dag.py
[2024-02-22T14:27:44.408+0000] {processor.py:840} INFO - DAG(s) 'example_skip_dag' retrieved from /home/airflow/.local/lib/python3.8/site-packages/airflow/example_dags/example_skip_dag.py
[2024-02-22T14:27:44.446+0000] {logging_mixin.py:188} INFO - [2024-02-22T14:27:44.445+0000] {dag.py:3036} INFO - Sync 1 DAGs
[2024-02-22T14:27:44.483+0000] {logging_mixin.py:188} INFO - [2024-02-22T14:27:44.483+0000] {dag.py:3823} INFO - Setting next_dagrun for example_skip_dag to 2024-02-21 00:00:00+00:00, run_after=2024-02-22 00:00:00+00:00
[2024-02-22T14:27:44.514+0000] {processor.py:183} INFO - Processing /home/airflow/.local/lib/python3.8/site-packages/airflow/example_dags/example_skip_dag.py took 0.132 seconds
[2024-02-22T14:28:14.952+0000] {processor.py:161} INFO - Started process (PID=562) to work on /home/airflow/.local/lib/python3.8/site-packages/airflow/example_dags/example_skip_dag.py
[2024-02-22T14:28:14.955+0000] {processor.py:830} INFO - Processing file /home/airflow/.local/lib/python3.8/site-packages/airflow/example_dags/example_skip_dag.py for tasks to queue
[2024-02-22T14:28:14.960+0000] {logging_mixin.py:188} INFO - [2024-02-22T14:28:14.959+0000] {dagbag.py:538} INFO - Filling up the DagBag from /home/airflow/.local/lib/python3.8/site-packages/airflow/example_dags/example_skip_dag.py
[2024-02-22T14:28:14.977+0000] {processor.py:840} INFO - DAG(s) 'example_skip_dag' retrieved from /home/airflow/.local/lib/python3.8/site-packages/airflow/example_dags/example_skip_dag.py
[2024-02-22T14:28:15.023+0000] {logging_mixin.py:188} INFO - [2024-02-22T14:28:15.021+0000] {dag.py:3036} INFO - Sync 1 DAGs
[2024-02-22T14:28:15.075+0000] {logging_mixin.py:188} INFO - [2024-02-22T14:28:15.075+0000] {dag.py:3823} INFO - Setting next_dagrun for example_skip_dag to 2024-02-21 00:00:00+00:00, run_after=2024-02-22 00:00:00+00:00
[2024-02-22T14:28:15.106+0000] {processor.py:183} INFO - Processing /home/airflow/.local/lib/python3.8/site-packages/airflow/example_dags/example_skip_dag.py took 0.166 seconds
[2024-02-22T14:28:45.213+0000] {processor.py:161} INFO - Started process (PID=616) to work on /home/airflow/.local/lib/python3.8/site-packages/airflow/example_dags/example_skip_dag.py
[2024-02-22T14:28:45.215+0000] {processor.py:830} INFO - Processing file /home/airflow/.local/lib/python3.8/site-packages/airflow/example_dags/example_skip_dag.py for tasks to queue
[2024-02-22T14:28:45.218+0000] {logging_mixin.py:188} INFO - [2024-02-22T14:28:45.218+0000] {dagbag.py:538} INFO - Filling up the DagBag from /home/airflow/.local/lib/python3.8/site-packages/airflow/example_dags/example_skip_dag.py
[2024-02-22T14:28:45.231+0000] {processor.py:840} INFO - DAG(s) 'example_skip_dag' retrieved from /home/airflow/.local/lib/python3.8/site-packages/airflow/example_dags/example_skip_dag.py
[2024-02-22T14:28:45.271+0000] {logging_mixin.py:188} INFO - [2024-02-22T14:28:45.270+0000] {dag.py:3036} INFO - Sync 1 DAGs
[2024-02-22T14:28:45.314+0000] {logging_mixin.py:188} INFO - [2024-02-22T14:28:45.313+0000] {dag.py:3823} INFO - Setting next_dagrun for example_skip_dag to 2024-02-21 00:00:00+00:00, run_after=2024-02-22 00:00:00+00:00
[2024-02-22T14:28:45.353+0000] {processor.py:183} INFO - Processing /home/airflow/.local/lib/python3.8/site-packages/airflow/example_dags/example_skip_dag.py took 0.146 seconds
[2024-02-22T14:29:15.802+0000] {processor.py:161} INFO - Started process (PID=672) to work on /home/airflow/.local/lib/python3.8/site-packages/airflow/example_dags/example_skip_dag.py
[2024-02-22T14:29:15.804+0000] {processor.py:830} INFO - Processing file /home/airflow/.local/lib/python3.8/site-packages/airflow/example_dags/example_skip_dag.py for tasks to queue
[2024-02-22T14:29:15.810+0000] {logging_mixin.py:188} INFO - [2024-02-22T14:29:15.809+0000] {dagbag.py:538} INFO - Filling up the DagBag from /home/airflow/.local/lib/python3.8/site-packages/airflow/example_dags/example_skip_dag.py
[2024-02-22T14:29:15.826+0000] {processor.py:840} INFO - DAG(s) 'example_skip_dag' retrieved from /home/airflow/.local/lib/python3.8/site-packages/airflow/example_dags/example_skip_dag.py
[2024-02-22T14:29:15.873+0000] {logging_mixin.py:188} INFO - [2024-02-22T14:29:15.872+0000] {dag.py:3036} INFO - Sync 1 DAGs
[2024-02-22T14:29:15.911+0000] {logging_mixin.py:188} INFO - [2024-02-22T14:29:15.910+0000] {dag.py:3823} INFO - Setting next_dagrun for example_skip_dag to 2024-02-21 00:00:00+00:00, run_after=2024-02-22 00:00:00+00:00
[2024-02-22T14:29:15.938+0000] {processor.py:183} INFO - Processing /home/airflow/.local/lib/python3.8/site-packages/airflow/example_dags/example_skip_dag.py took 0.143 seconds
[2024-02-22T14:29:46.190+0000] {processor.py:161} INFO - Started process (PID=728) to work on /home/airflow/.local/lib/python3.8/site-packages/airflow/example_dags/example_skip_dag.py
[2024-02-22T14:29:46.192+0000] {processor.py:830} INFO - Processing file /home/airflow/.local/lib/python3.8/site-packages/airflow/example_dags/example_skip_dag.py for tasks to queue
[2024-02-22T14:29:46.195+0000] {logging_mixin.py:188} INFO - [2024-02-22T14:29:46.195+0000] {dagbag.py:538} INFO - Filling up the DagBag from /home/airflow/.local/lib/python3.8/site-packages/airflow/example_dags/example_skip_dag.py
[2024-02-22T14:29:46.208+0000] {processor.py:840} INFO - DAG(s) 'example_skip_dag' retrieved from /home/airflow/.local/lib/python3.8/site-packages/airflow/example_dags/example_skip_dag.py
[2024-02-22T14:29:46.257+0000] {logging_mixin.py:188} INFO - [2024-02-22T14:29:46.257+0000] {dag.py:3036} INFO - Sync 1 DAGs
[2024-02-22T14:29:46.299+0000] {logging_mixin.py:188} INFO - [2024-02-22T14:29:46.299+0000] {dag.py:3823} INFO - Setting next_dagrun for example_skip_dag to 2024-02-21 00:00:00+00:00, run_after=2024-02-22 00:00:00+00:00
[2024-02-22T14:29:46.330+0000] {processor.py:183} INFO - Processing /home/airflow/.local/lib/python3.8/site-packages/airflow/example_dags/example_skip_dag.py took 0.146 seconds
[2024-02-22T14:30:17.185+0000] {processor.py:161} INFO - Started process (PID=783) to work on /home/airflow/.local/lib/python3.8/site-packages/airflow/example_dags/example_skip_dag.py
[2024-02-22T14:30:17.188+0000] {processor.py:830} INFO - Processing file /home/airflow/.local/lib/python3.8/site-packages/airflow/example_dags/example_skip_dag.py for tasks to queue
[2024-02-22T14:30:17.194+0000] {logging_mixin.py:188} INFO - [2024-02-22T14:30:17.193+0000] {dagbag.py:538} INFO - Filling up the DagBag from /home/airflow/.local/lib/python3.8/site-packages/airflow/example_dags/example_skip_dag.py
[2024-02-22T14:30:17.208+0000] {processor.py:840} INFO - DAG(s) 'example_skip_dag' retrieved from /home/airflow/.local/lib/python3.8/site-packages/airflow/example_dags/example_skip_dag.py
[2024-02-22T14:30:17.245+0000] {logging_mixin.py:188} INFO - [2024-02-22T14:30:17.244+0000] {dag.py:3036} INFO - Sync 1 DAGs
[2024-02-22T14:30:17.290+0000] {logging_mixin.py:188} INFO - [2024-02-22T14:30:17.289+0000] {dag.py:3823} INFO - Setting next_dagrun for example_skip_dag to 2024-02-21 00:00:00+00:00, run_after=2024-02-22 00:00:00+00:00
[2024-02-22T14:30:17.334+0000] {processor.py:183} INFO - Processing /home/airflow/.local/lib/python3.8/site-packages/airflow/example_dags/example_skip_dag.py took 0.155 seconds
[2024-02-22T14:30:48.151+0000] {processor.py:161} INFO - Started process (PID=838) to work on /home/airflow/.local/lib/python3.8/site-packages/airflow/example_dags/example_skip_dag.py
[2024-02-22T14:30:48.152+0000] {processor.py:830} INFO - Processing file /home/airflow/.local/lib/python3.8/site-packages/airflow/example_dags/example_skip_dag.py for tasks to queue
[2024-02-22T14:30:48.156+0000] {logging_mixin.py:188} INFO - [2024-02-22T14:30:48.155+0000] {dagbag.py:538} INFO - Filling up the DagBag from /home/airflow/.local/lib/python3.8/site-packages/airflow/example_dags/example_skip_dag.py
[2024-02-22T14:30:48.171+0000] {processor.py:840} INFO - DAG(s) 'example_skip_dag' retrieved from /home/airflow/.local/lib/python3.8/site-packages/airflow/example_dags/example_skip_dag.py
[2024-02-22T14:30:48.220+0000] {logging_mixin.py:188} INFO - [2024-02-22T14:30:48.219+0000] {dag.py:3036} INFO - Sync 1 DAGs
[2024-02-22T14:30:48.263+0000] {logging_mixin.py:188} INFO - [2024-02-22T14:30:48.262+0000] {dag.py:3823} INFO - Setting next_dagrun for example_skip_dag to 2024-02-21 00:00:00+00:00, run_after=2024-02-22 00:00:00+00:00
[2024-02-22T14:30:48.296+0000] {processor.py:183} INFO - Processing /home/airflow/.local/lib/python3.8/site-packages/airflow/example_dags/example_skip_dag.py took 0.152 seconds
[2024-02-22T14:31:19.270+0000] {processor.py:161} INFO - Started process (PID=894) to work on /home/airflow/.local/lib/python3.8/site-packages/airflow/example_dags/example_skip_dag.py
[2024-02-22T14:31:19.272+0000] {processor.py:830} INFO - Processing file /home/airflow/.local/lib/python3.8/site-packages/airflow/example_dags/example_skip_dag.py for tasks to queue
[2024-02-22T14:31:19.276+0000] {logging_mixin.py:188} INFO - [2024-02-22T14:31:19.275+0000] {dagbag.py:538} INFO - Filling up the DagBag from /home/airflow/.local/lib/python3.8/site-packages/airflow/example_dags/example_skip_dag.py
[2024-02-22T14:31:19.293+0000] {processor.py:840} INFO - DAG(s) 'example_skip_dag' retrieved from /home/airflow/.local/lib/python3.8/site-packages/airflow/example_dags/example_skip_dag.py
[2024-02-22T14:31:19.345+0000] {logging_mixin.py:188} INFO - [2024-02-22T14:31:19.344+0000] {dag.py:3036} INFO - Sync 1 DAGs
[2024-02-22T14:31:19.384+0000] {logging_mixin.py:188} INFO - [2024-02-22T14:31:19.384+0000] {dag.py:3823} INFO - Setting next_dagrun for example_skip_dag to 2024-02-21 00:00:00+00:00, run_after=2024-02-22 00:00:00+00:00
[2024-02-22T14:31:19.421+0000] {processor.py:183} INFO - Processing /home/airflow/.local/lib/python3.8/site-packages/airflow/example_dags/example_skip_dag.py took 0.162 seconds
[2024-02-22T14:31:50.098+0000] {processor.py:161} INFO - Started process (PID=949) to work on /home/airflow/.local/lib/python3.8/site-packages/airflow/example_dags/example_skip_dag.py
[2024-02-22T14:31:50.100+0000] {processor.py:830} INFO - Processing file /home/airflow/.local/lib/python3.8/site-packages/airflow/example_dags/example_skip_dag.py for tasks to queue
[2024-02-22T14:31:50.104+0000] {logging_mixin.py:188} INFO - [2024-02-22T14:31:50.103+0000] {dagbag.py:538} INFO - Filling up the DagBag from /home/airflow/.local/lib/python3.8/site-packages/airflow/example_dags/example_skip_dag.py
[2024-02-22T14:31:50.120+0000] {processor.py:840} INFO - DAG(s) 'example_skip_dag' retrieved from /home/airflow/.local/lib/python3.8/site-packages/airflow/example_dags/example_skip_dag.py
[2024-02-22T14:31:50.159+0000] {logging_mixin.py:188} INFO - [2024-02-22T14:31:50.158+0000] {dag.py:3036} INFO - Sync 1 DAGs
[2024-02-22T14:31:50.198+0000] {logging_mixin.py:188} INFO - [2024-02-22T14:31:50.198+0000] {dag.py:3823} INFO - Setting next_dagrun for example_skip_dag to 2024-02-21 00:00:00+00:00, run_after=2024-02-22 00:00:00+00:00
[2024-02-22T14:31:50.231+0000] {processor.py:183} INFO - Processing /home/airflow/.local/lib/python3.8/site-packages/airflow/example_dags/example_skip_dag.py took 0.140 seconds
