[2024-02-22T14:23:38.173+0000] {processor.py:161} INFO - Started process (PID=64) to work on /home/airflow/.local/lib/python3.8/site-packages/airflow/example_dags/example_nested_branch_dag.py
[2024-02-22T14:23:38.175+0000] {processor.py:830} INFO - Processing file /home/airflow/.local/lib/python3.8/site-packages/airflow/example_dags/example_nested_branch_dag.py for tasks to queue
[2024-02-22T14:23:38.179+0000] {logging_mixin.py:188} INFO - [2024-02-22T14:23:38.178+0000] {dagbag.py:538} INFO - Filling up the DagBag from /home/airflow/.local/lib/python3.8/site-packages/airflow/example_dags/example_nested_branch_dag.py
[2024-02-22T14:23:38.219+0000] {processor.py:840} INFO - DAG(s) 'example_nested_branch_dag' retrieved from /home/airflow/.local/lib/python3.8/site-packages/airflow/example_dags/example_nested_branch_dag.py
[2024-02-22T14:23:38.298+0000] {logging_mixin.py:188} INFO - [2024-02-22T14:23:38.297+0000] {dag.py:3036} INFO - Sync 1 DAGs
[2024-02-22T14:23:38.354+0000] {logging_mixin.py:188} INFO - [2024-02-22T14:23:38.354+0000] {dag.py:3823} INFO - Setting next_dagrun for example_nested_branch_dag to 2024-02-21 00:00:00+00:00, run_after=2024-02-22 00:00:00+00:00
[2024-02-22T14:23:38.424+0000] {processor.py:183} INFO - Processing /home/airflow/.local/lib/python3.8/site-packages/airflow/example_dags/example_nested_branch_dag.py took 0.270 seconds
[2024-02-22T14:24:09.170+0000] {processor.py:161} INFO - Started process (PID=119) to work on /home/airflow/.local/lib/python3.8/site-packages/airflow/example_dags/example_nested_branch_dag.py
[2024-02-22T14:24:09.172+0000] {processor.py:830} INFO - Processing file /home/airflow/.local/lib/python3.8/site-packages/airflow/example_dags/example_nested_branch_dag.py for tasks to queue
[2024-02-22T14:24:09.177+0000] {logging_mixin.py:188} INFO - [2024-02-22T14:24:09.176+0000] {dagbag.py:538} INFO - Filling up the DagBag from /home/airflow/.local/lib/python3.8/site-packages/airflow/example_dags/example_nested_branch_dag.py
[2024-02-22T14:24:09.196+0000] {processor.py:840} INFO - DAG(s) 'example_nested_branch_dag' retrieved from /home/airflow/.local/lib/python3.8/site-packages/airflow/example_dags/example_nested_branch_dag.py
[2024-02-22T14:24:09.235+0000] {logging_mixin.py:188} INFO - [2024-02-22T14:24:09.234+0000] {dag.py:3036} INFO - Sync 1 DAGs
[2024-02-22T14:24:09.278+0000] {logging_mixin.py:188} INFO - [2024-02-22T14:24:09.278+0000] {dag.py:3823} INFO - Setting next_dagrun for example_nested_branch_dag to 2024-02-21 00:00:00+00:00, run_after=2024-02-22 00:00:00+00:00
[2024-02-22T14:24:09.311+0000] {processor.py:183} INFO - Processing /home/airflow/.local/lib/python3.8/site-packages/airflow/example_dags/example_nested_branch_dag.py took 0.149 seconds
[2024-02-22T14:24:39.494+0000] {processor.py:161} INFO - Started process (PID=174) to work on /home/airflow/.local/lib/python3.8/site-packages/airflow/example_dags/example_nested_branch_dag.py
[2024-02-22T14:24:39.496+0000] {processor.py:830} INFO - Processing file /home/airflow/.local/lib/python3.8/site-packages/airflow/example_dags/example_nested_branch_dag.py for tasks to queue
[2024-02-22T14:24:39.499+0000] {logging_mixin.py:188} INFO - [2024-02-22T14:24:39.499+0000] {dagbag.py:538} INFO - Filling up the DagBag from /home/airflow/.local/lib/python3.8/site-packages/airflow/example_dags/example_nested_branch_dag.py
[2024-02-22T14:24:39.520+0000] {processor.py:840} INFO - DAG(s) 'example_nested_branch_dag' retrieved from /home/airflow/.local/lib/python3.8/site-packages/airflow/example_dags/example_nested_branch_dag.py
[2024-02-22T14:24:39.556+0000] {logging_mixin.py:188} INFO - [2024-02-22T14:24:39.556+0000] {dag.py:3036} INFO - Sync 1 DAGs
[2024-02-22T14:24:39.592+0000] {logging_mixin.py:188} INFO - [2024-02-22T14:24:39.592+0000] {dag.py:3823} INFO - Setting next_dagrun for example_nested_branch_dag to 2024-02-21 00:00:00+00:00, run_after=2024-02-22 00:00:00+00:00
[2024-02-22T14:24:39.623+0000] {processor.py:183} INFO - Processing /home/airflow/.local/lib/python3.8/site-packages/airflow/example_dags/example_nested_branch_dag.py took 0.136 seconds
[2024-02-22T14:25:10.214+0000] {processor.py:161} INFO - Started process (PID=229) to work on /home/airflow/.local/lib/python3.8/site-packages/airflow/example_dags/example_nested_branch_dag.py
[2024-02-22T14:25:10.216+0000] {processor.py:830} INFO - Processing file /home/airflow/.local/lib/python3.8/site-packages/airflow/example_dags/example_nested_branch_dag.py for tasks to queue
[2024-02-22T14:25:10.222+0000] {logging_mixin.py:188} INFO - [2024-02-22T14:25:10.221+0000] {dagbag.py:538} INFO - Filling up the DagBag from /home/airflow/.local/lib/python3.8/site-packages/airflow/example_dags/example_nested_branch_dag.py
[2024-02-22T14:25:10.247+0000] {processor.py:840} INFO - DAG(s) 'example_nested_branch_dag' retrieved from /home/airflow/.local/lib/python3.8/site-packages/airflow/example_dags/example_nested_branch_dag.py
[2024-02-22T14:25:10.287+0000] {logging_mixin.py:188} INFO - [2024-02-22T14:25:10.286+0000] {dag.py:3036} INFO - Sync 1 DAGs
[2024-02-22T14:25:10.329+0000] {logging_mixin.py:188} INFO - [2024-02-22T14:25:10.328+0000] {dag.py:3823} INFO - Setting next_dagrun for example_nested_branch_dag to 2024-02-21 00:00:00+00:00, run_after=2024-02-22 00:00:00+00:00
[2024-02-22T14:25:10.358+0000] {processor.py:183} INFO - Processing /home/airflow/.local/lib/python3.8/site-packages/airflow/example_dags/example_nested_branch_dag.py took 0.150 seconds
[2024-02-22T14:25:41.164+0000] {processor.py:161} INFO - Started process (PID=284) to work on /home/airflow/.local/lib/python3.8/site-packages/airflow/example_dags/example_nested_branch_dag.py
[2024-02-22T14:25:41.167+0000] {processor.py:830} INFO - Processing file /home/airflow/.local/lib/python3.8/site-packages/airflow/example_dags/example_nested_branch_dag.py for tasks to queue
[2024-02-22T14:25:41.170+0000] {logging_mixin.py:188} INFO - [2024-02-22T14:25:41.170+0000] {dagbag.py:538} INFO - Filling up the DagBag from /home/airflow/.local/lib/python3.8/site-packages/airflow/example_dags/example_nested_branch_dag.py
[2024-02-22T14:25:41.188+0000] {processor.py:840} INFO - DAG(s) 'example_nested_branch_dag' retrieved from /home/airflow/.local/lib/python3.8/site-packages/airflow/example_dags/example_nested_branch_dag.py
[2024-02-22T14:25:41.229+0000] {logging_mixin.py:188} INFO - [2024-02-22T14:25:41.228+0000] {dag.py:3036} INFO - Sync 1 DAGs
[2024-02-22T14:25:41.271+0000] {logging_mixin.py:188} INFO - [2024-02-22T14:25:41.271+0000] {dag.py:3823} INFO - Setting next_dagrun for example_nested_branch_dag to 2024-02-21 00:00:00+00:00, run_after=2024-02-22 00:00:00+00:00
[2024-02-22T14:25:41.301+0000] {processor.py:183} INFO - Processing /home/airflow/.local/lib/python3.8/site-packages/airflow/example_dags/example_nested_branch_dag.py took 0.143 seconds
[2024-02-22T14:26:12.190+0000] {processor.py:161} INFO - Started process (PID=339) to work on /home/airflow/.local/lib/python3.8/site-packages/airflow/example_dags/example_nested_branch_dag.py
[2024-02-22T14:26:12.192+0000] {processor.py:830} INFO - Processing file /home/airflow/.local/lib/python3.8/site-packages/airflow/example_dags/example_nested_branch_dag.py for tasks to queue
[2024-02-22T14:26:12.196+0000] {logging_mixin.py:188} INFO - [2024-02-22T14:26:12.195+0000] {dagbag.py:538} INFO - Filling up the DagBag from /home/airflow/.local/lib/python3.8/site-packages/airflow/example_dags/example_nested_branch_dag.py
[2024-02-22T14:26:12.220+0000] {processor.py:840} INFO - DAG(s) 'example_nested_branch_dag' retrieved from /home/airflow/.local/lib/python3.8/site-packages/airflow/example_dags/example_nested_branch_dag.py
[2024-02-22T14:26:12.275+0000] {logging_mixin.py:188} INFO - [2024-02-22T14:26:12.273+0000] {dag.py:3036} INFO - Sync 1 DAGs
[2024-02-22T14:26:12.318+0000] {logging_mixin.py:188} INFO - [2024-02-22T14:26:12.317+0000] {dag.py:3823} INFO - Setting next_dagrun for example_nested_branch_dag to 2024-02-21 00:00:00+00:00, run_after=2024-02-22 00:00:00+00:00
[2024-02-22T14:26:12.351+0000] {processor.py:183} INFO - Processing /home/airflow/.local/lib/python3.8/site-packages/airflow/example_dags/example_nested_branch_dag.py took 0.169 seconds
[2024-02-22T14:26:42.713+0000] {processor.py:161} INFO - Started process (PID=395) to work on /home/airflow/.local/lib/python3.8/site-packages/airflow/example_dags/example_nested_branch_dag.py
[2024-02-22T14:26:42.715+0000] {processor.py:830} INFO - Processing file /home/airflow/.local/lib/python3.8/site-packages/airflow/example_dags/example_nested_branch_dag.py for tasks to queue
[2024-02-22T14:26:42.718+0000] {logging_mixin.py:188} INFO - [2024-02-22T14:26:42.718+0000] {dagbag.py:538} INFO - Filling up the DagBag from /home/airflow/.local/lib/python3.8/site-packages/airflow/example_dags/example_nested_branch_dag.py
[2024-02-22T14:26:42.737+0000] {processor.py:840} INFO - DAG(s) 'example_nested_branch_dag' retrieved from /home/airflow/.local/lib/python3.8/site-packages/airflow/example_dags/example_nested_branch_dag.py
[2024-02-22T14:26:42.784+0000] {logging_mixin.py:188} INFO - [2024-02-22T14:26:42.782+0000] {dag.py:3036} INFO - Sync 1 DAGs
[2024-02-22T14:26:42.827+0000] {logging_mixin.py:188} INFO - [2024-02-22T14:26:42.827+0000] {dag.py:3823} INFO - Setting next_dagrun for example_nested_branch_dag to 2024-02-21 00:00:00+00:00, run_after=2024-02-22 00:00:00+00:00
[2024-02-22T14:26:42.866+0000] {processor.py:183} INFO - Processing /home/airflow/.local/lib/python3.8/site-packages/airflow/example_dags/example_nested_branch_dag.py took 0.161 seconds
[2024-02-22T14:27:13.666+0000] {processor.py:161} INFO - Started process (PID=449) to work on /home/airflow/.local/lib/python3.8/site-packages/airflow/example_dags/example_nested_branch_dag.py
[2024-02-22T14:27:13.669+0000] {processor.py:830} INFO - Processing file /home/airflow/.local/lib/python3.8/site-packages/airflow/example_dags/example_nested_branch_dag.py for tasks to queue
[2024-02-22T14:27:13.673+0000] {logging_mixin.py:188} INFO - [2024-02-22T14:27:13.672+0000] {dagbag.py:538} INFO - Filling up the DagBag from /home/airflow/.local/lib/python3.8/site-packages/airflow/example_dags/example_nested_branch_dag.py
[2024-02-22T14:27:13.696+0000] {processor.py:840} INFO - DAG(s) 'example_nested_branch_dag' retrieved from /home/airflow/.local/lib/python3.8/site-packages/airflow/example_dags/example_nested_branch_dag.py
[2024-02-22T14:27:13.737+0000] {logging_mixin.py:188} INFO - [2024-02-22T14:27:13.736+0000] {dag.py:3036} INFO - Sync 1 DAGs
[2024-02-22T14:27:13.781+0000] {logging_mixin.py:188} INFO - [2024-02-22T14:27:13.780+0000] {dag.py:3823} INFO - Setting next_dagrun for example_nested_branch_dag to 2024-02-21 00:00:00+00:00, run_after=2024-02-22 00:00:00+00:00
[2024-02-22T14:27:13.810+0000] {processor.py:183} INFO - Processing /home/airflow/.local/lib/python3.8/site-packages/airflow/example_dags/example_nested_branch_dag.py took 0.151 seconds
[2024-02-22T14:27:44.000+0000] {processor.py:161} INFO - Started process (PID=504) to work on /home/airflow/.local/lib/python3.8/site-packages/airflow/example_dags/example_nested_branch_dag.py
[2024-02-22T14:27:44.002+0000] {processor.py:830} INFO - Processing file /home/airflow/.local/lib/python3.8/site-packages/airflow/example_dags/example_nested_branch_dag.py for tasks to queue
[2024-02-22T14:27:44.005+0000] {logging_mixin.py:188} INFO - [2024-02-22T14:27:44.005+0000] {dagbag.py:538} INFO - Filling up the DagBag from /home/airflow/.local/lib/python3.8/site-packages/airflow/example_dags/example_nested_branch_dag.py
[2024-02-22T14:27:44.024+0000] {processor.py:840} INFO - DAG(s) 'example_nested_branch_dag' retrieved from /home/airflow/.local/lib/python3.8/site-packages/airflow/example_dags/example_nested_branch_dag.py
[2024-02-22T14:27:44.064+0000] {logging_mixin.py:188} INFO - [2024-02-22T14:27:44.064+0000] {dag.py:3036} INFO - Sync 1 DAGs
[2024-02-22T14:27:44.104+0000] {logging_mixin.py:188} INFO - [2024-02-22T14:27:44.103+0000] {dag.py:3823} INFO - Setting next_dagrun for example_nested_branch_dag to 2024-02-21 00:00:00+00:00, run_after=2024-02-22 00:00:00+00:00
[2024-02-22T14:27:44.133+0000] {processor.py:183} INFO - Processing /home/airflow/.local/lib/python3.8/site-packages/airflow/example_dags/example_nested_branch_dag.py took 0.141 seconds
[2024-02-22T14:28:14.605+0000] {processor.py:161} INFO - Started process (PID=559) to work on /home/airflow/.local/lib/python3.8/site-packages/airflow/example_dags/example_nested_branch_dag.py
[2024-02-22T14:28:14.608+0000] {processor.py:830} INFO - Processing file /home/airflow/.local/lib/python3.8/site-packages/airflow/example_dags/example_nested_branch_dag.py for tasks to queue
[2024-02-22T14:28:14.613+0000] {logging_mixin.py:188} INFO - [2024-02-22T14:28:14.612+0000] {dagbag.py:538} INFO - Filling up the DagBag from /home/airflow/.local/lib/python3.8/site-packages/airflow/example_dags/example_nested_branch_dag.py
[2024-02-22T14:28:14.639+0000] {processor.py:840} INFO - DAG(s) 'example_nested_branch_dag' retrieved from /home/airflow/.local/lib/python3.8/site-packages/airflow/example_dags/example_nested_branch_dag.py
[2024-02-22T14:28:14.697+0000] {logging_mixin.py:188} INFO - [2024-02-22T14:28:14.696+0000] {dag.py:3036} INFO - Sync 1 DAGs
[2024-02-22T14:28:14.751+0000] {logging_mixin.py:188} INFO - [2024-02-22T14:28:14.750+0000] {dag.py:3823} INFO - Setting next_dagrun for example_nested_branch_dag to 2024-02-21 00:00:00+00:00, run_after=2024-02-22 00:00:00+00:00
[2024-02-22T14:28:14.794+0000] {processor.py:183} INFO - Processing /home/airflow/.local/lib/python3.8/site-packages/airflow/example_dags/example_nested_branch_dag.py took 0.197 seconds
[2024-02-22T14:28:44.989+0000] {processor.py:161} INFO - Started process (PID=613) to work on /home/airflow/.local/lib/python3.8/site-packages/airflow/example_dags/example_nested_branch_dag.py
[2024-02-22T14:28:44.991+0000] {processor.py:830} INFO - Processing file /home/airflow/.local/lib/python3.8/site-packages/airflow/example_dags/example_nested_branch_dag.py for tasks to queue
[2024-02-22T14:28:44.995+0000] {logging_mixin.py:188} INFO - [2024-02-22T14:28:44.994+0000] {dagbag.py:538} INFO - Filling up the DagBag from /home/airflow/.local/lib/python3.8/site-packages/airflow/example_dags/example_nested_branch_dag.py
[2024-02-22T14:28:45.023+0000] {processor.py:840} INFO - DAG(s) 'example_nested_branch_dag' retrieved from /home/airflow/.local/lib/python3.8/site-packages/airflow/example_dags/example_nested_branch_dag.py
[2024-02-22T14:28:45.064+0000] {logging_mixin.py:188} INFO - [2024-02-22T14:28:45.063+0000] {dag.py:3036} INFO - Sync 1 DAGs
[2024-02-22T14:28:45.106+0000] {logging_mixin.py:188} INFO - [2024-02-22T14:28:45.106+0000] {dag.py:3823} INFO - Setting next_dagrun for example_nested_branch_dag to 2024-02-21 00:00:00+00:00, run_after=2024-02-22 00:00:00+00:00
[2024-02-22T14:28:45.134+0000] {processor.py:183} INFO - Processing /home/airflow/.local/lib/python3.8/site-packages/airflow/example_dags/example_nested_branch_dag.py took 0.151 seconds
[2024-02-22T14:29:15.496+0000] {processor.py:161} INFO - Started process (PID=669) to work on /home/airflow/.local/lib/python3.8/site-packages/airflow/example_dags/example_nested_branch_dag.py
[2024-02-22T14:29:15.499+0000] {processor.py:830} INFO - Processing file /home/airflow/.local/lib/python3.8/site-packages/airflow/example_dags/example_nested_branch_dag.py for tasks to queue
[2024-02-22T14:29:15.503+0000] {logging_mixin.py:188} INFO - [2024-02-22T14:29:15.502+0000] {dagbag.py:538} INFO - Filling up the DagBag from /home/airflow/.local/lib/python3.8/site-packages/airflow/example_dags/example_nested_branch_dag.py
[2024-02-22T14:29:15.524+0000] {processor.py:840} INFO - DAG(s) 'example_nested_branch_dag' retrieved from /home/airflow/.local/lib/python3.8/site-packages/airflow/example_dags/example_nested_branch_dag.py
[2024-02-22T14:29:15.564+0000] {logging_mixin.py:188} INFO - [2024-02-22T14:29:15.563+0000] {dag.py:3036} INFO - Sync 1 DAGs
[2024-02-22T14:29:15.610+0000] {logging_mixin.py:188} INFO - [2024-02-22T14:29:15.610+0000] {dag.py:3823} INFO - Setting next_dagrun for example_nested_branch_dag to 2024-02-21 00:00:00+00:00, run_after=2024-02-22 00:00:00+00:00
[2024-02-22T14:29:15.646+0000] {processor.py:183} INFO - Processing /home/airflow/.local/lib/python3.8/site-packages/airflow/example_dags/example_nested_branch_dag.py took 0.156 seconds
[2024-02-22T14:29:45.837+0000] {processor.py:161} INFO - Started process (PID=725) to work on /home/airflow/.local/lib/python3.8/site-packages/airflow/example_dags/example_nested_branch_dag.py
[2024-02-22T14:29:45.839+0000] {processor.py:830} INFO - Processing file /home/airflow/.local/lib/python3.8/site-packages/airflow/example_dags/example_nested_branch_dag.py for tasks to queue
[2024-02-22T14:29:45.843+0000] {logging_mixin.py:188} INFO - [2024-02-22T14:29:45.842+0000] {dagbag.py:538} INFO - Filling up the DagBag from /home/airflow/.local/lib/python3.8/site-packages/airflow/example_dags/example_nested_branch_dag.py
[2024-02-22T14:29:45.862+0000] {processor.py:840} INFO - DAG(s) 'example_nested_branch_dag' retrieved from /home/airflow/.local/lib/python3.8/site-packages/airflow/example_dags/example_nested_branch_dag.py
[2024-02-22T14:29:45.920+0000] {logging_mixin.py:188} INFO - [2024-02-22T14:29:45.919+0000] {dag.py:3036} INFO - Sync 1 DAGs
[2024-02-22T14:29:45.966+0000] {logging_mixin.py:188} INFO - [2024-02-22T14:29:45.965+0000] {dag.py:3823} INFO - Setting next_dagrun for example_nested_branch_dag to 2024-02-21 00:00:00+00:00, run_after=2024-02-22 00:00:00+00:00
[2024-02-22T14:29:45.997+0000] {processor.py:183} INFO - Processing /home/airflow/.local/lib/python3.8/site-packages/airflow/example_dags/example_nested_branch_dag.py took 0.167 seconds
[2024-02-22T14:30:16.852+0000] {processor.py:161} INFO - Started process (PID=780) to work on /home/airflow/.local/lib/python3.8/site-packages/airflow/example_dags/example_nested_branch_dag.py
[2024-02-22T14:30:16.855+0000] {processor.py:830} INFO - Processing file /home/airflow/.local/lib/python3.8/site-packages/airflow/example_dags/example_nested_branch_dag.py for tasks to queue
[2024-02-22T14:30:16.859+0000] {logging_mixin.py:188} INFO - [2024-02-22T14:30:16.858+0000] {dagbag.py:538} INFO - Filling up the DagBag from /home/airflow/.local/lib/python3.8/site-packages/airflow/example_dags/example_nested_branch_dag.py
[2024-02-22T14:30:16.878+0000] {processor.py:840} INFO - DAG(s) 'example_nested_branch_dag' retrieved from /home/airflow/.local/lib/python3.8/site-packages/airflow/example_dags/example_nested_branch_dag.py
[2024-02-22T14:30:16.923+0000] {logging_mixin.py:188} INFO - [2024-02-22T14:30:16.922+0000] {dag.py:3036} INFO - Sync 1 DAGs
[2024-02-22T14:30:16.979+0000] {logging_mixin.py:188} INFO - [2024-02-22T14:30:16.978+0000] {dag.py:3823} INFO - Setting next_dagrun for example_nested_branch_dag to 2024-02-21 00:00:00+00:00, run_after=2024-02-22 00:00:00+00:00
[2024-02-22T14:30:17.007+0000] {processor.py:183} INFO - Processing /home/airflow/.local/lib/python3.8/site-packages/airflow/example_dags/example_nested_branch_dag.py took 0.161 seconds
[2024-02-22T14:30:47.831+0000] {processor.py:161} INFO - Started process (PID=835) to work on /home/airflow/.local/lib/python3.8/site-packages/airflow/example_dags/example_nested_branch_dag.py
[2024-02-22T14:30:47.832+0000] {processor.py:830} INFO - Processing file /home/airflow/.local/lib/python3.8/site-packages/airflow/example_dags/example_nested_branch_dag.py for tasks to queue
[2024-02-22T14:30:47.836+0000] {logging_mixin.py:188} INFO - [2024-02-22T14:30:47.835+0000] {dagbag.py:538} INFO - Filling up the DagBag from /home/airflow/.local/lib/python3.8/site-packages/airflow/example_dags/example_nested_branch_dag.py
[2024-02-22T14:30:47.854+0000] {processor.py:840} INFO - DAG(s) 'example_nested_branch_dag' retrieved from /home/airflow/.local/lib/python3.8/site-packages/airflow/example_dags/example_nested_branch_dag.py
[2024-02-22T14:30:47.898+0000] {logging_mixin.py:188} INFO - [2024-02-22T14:30:47.897+0000] {dag.py:3036} INFO - Sync 1 DAGs
[2024-02-22T14:30:47.941+0000] {logging_mixin.py:188} INFO - [2024-02-22T14:30:47.940+0000] {dag.py:3823} INFO - Setting next_dagrun for example_nested_branch_dag to 2024-02-21 00:00:00+00:00, run_after=2024-02-22 00:00:00+00:00
[2024-02-22T14:30:47.984+0000] {processor.py:183} INFO - Processing /home/airflow/.local/lib/python3.8/site-packages/airflow/example_dags/example_nested_branch_dag.py took 0.160 seconds
[2024-02-22T14:31:18.932+0000] {processor.py:161} INFO - Started process (PID=891) to work on /home/airflow/.local/lib/python3.8/site-packages/airflow/example_dags/example_nested_branch_dag.py
[2024-02-22T14:31:18.935+0000] {processor.py:830} INFO - Processing file /home/airflow/.local/lib/python3.8/site-packages/airflow/example_dags/example_nested_branch_dag.py for tasks to queue
[2024-02-22T14:31:18.939+0000] {logging_mixin.py:188} INFO - [2024-02-22T14:31:18.939+0000] {dagbag.py:538} INFO - Filling up the DagBag from /home/airflow/.local/lib/python3.8/site-packages/airflow/example_dags/example_nested_branch_dag.py
[2024-02-22T14:31:18.959+0000] {processor.py:840} INFO - DAG(s) 'example_nested_branch_dag' retrieved from /home/airflow/.local/lib/python3.8/site-packages/airflow/example_dags/example_nested_branch_dag.py
[2024-02-22T14:31:19.003+0000] {logging_mixin.py:188} INFO - [2024-02-22T14:31:19.002+0000] {dag.py:3036} INFO - Sync 1 DAGs
[2024-02-22T14:31:19.041+0000] {logging_mixin.py:188} INFO - [2024-02-22T14:31:19.041+0000] {dag.py:3823} INFO - Setting next_dagrun for example_nested_branch_dag to 2024-02-21 00:00:00+00:00, run_after=2024-02-22 00:00:00+00:00
[2024-02-22T14:31:19.075+0000] {processor.py:183} INFO - Processing /home/airflow/.local/lib/python3.8/site-packages/airflow/example_dags/example_nested_branch_dag.py took 0.149 seconds
[2024-02-22T14:31:49.744+0000] {processor.py:161} INFO - Started process (PID=946) to work on /home/airflow/.local/lib/python3.8/site-packages/airflow/example_dags/example_nested_branch_dag.py
[2024-02-22T14:31:49.746+0000] {processor.py:830} INFO - Processing file /home/airflow/.local/lib/python3.8/site-packages/airflow/example_dags/example_nested_branch_dag.py for tasks to queue
[2024-02-22T14:31:49.750+0000] {logging_mixin.py:188} INFO - [2024-02-22T14:31:49.749+0000] {dagbag.py:538} INFO - Filling up the DagBag from /home/airflow/.local/lib/python3.8/site-packages/airflow/example_dags/example_nested_branch_dag.py
[2024-02-22T14:31:49.768+0000] {processor.py:840} INFO - DAG(s) 'example_nested_branch_dag' retrieved from /home/airflow/.local/lib/python3.8/site-packages/airflow/example_dags/example_nested_branch_dag.py
[2024-02-22T14:31:49.807+0000] {logging_mixin.py:188} INFO - [2024-02-22T14:31:49.806+0000] {dag.py:3036} INFO - Sync 1 DAGs
[2024-02-22T14:31:49.849+0000] {logging_mixin.py:188} INFO - [2024-02-22T14:31:49.849+0000] {dag.py:3823} INFO - Setting next_dagrun for example_nested_branch_dag to 2024-02-21 00:00:00+00:00, run_after=2024-02-22 00:00:00+00:00
[2024-02-22T14:31:49.880+0000] {processor.py:183} INFO - Processing /home/airflow/.local/lib/python3.8/site-packages/airflow/example_dags/example_nested_branch_dag.py took 0.142 seconds
[2024-02-22T14:32:20.622+0000] {processor.py:161} INFO - Started process (PID=1001) to work on /home/airflow/.local/lib/python3.8/site-packages/airflow/example_dags/example_nested_branch_dag.py
[2024-02-22T14:32:20.625+0000] {processor.py:830} INFO - Processing file /home/airflow/.local/lib/python3.8/site-packages/airflow/example_dags/example_nested_branch_dag.py for tasks to queue
[2024-02-22T14:32:20.631+0000] {logging_mixin.py:188} INFO - [2024-02-22T14:32:20.630+0000] {dagbag.py:538} INFO - Filling up the DagBag from /home/airflow/.local/lib/python3.8/site-packages/airflow/example_dags/example_nested_branch_dag.py
[2024-02-22T14:32:20.659+0000] {processor.py:840} INFO - DAG(s) 'example_nested_branch_dag' retrieved from /home/airflow/.local/lib/python3.8/site-packages/airflow/example_dags/example_nested_branch_dag.py
[2024-02-22T14:32:20.711+0000] {logging_mixin.py:188} INFO - [2024-02-22T14:32:20.710+0000] {dag.py:3036} INFO - Sync 1 DAGs
[2024-02-22T14:32:20.771+0000] {logging_mixin.py:188} INFO - [2024-02-22T14:32:20.770+0000] {dag.py:3823} INFO - Setting next_dagrun for example_nested_branch_dag to 2024-02-21 00:00:00+00:00, run_after=2024-02-22 00:00:00+00:00
[2024-02-22T14:32:20.814+0000] {processor.py:183} INFO - Processing /home/airflow/.local/lib/python3.8/site-packages/airflow/example_dags/example_nested_branch_dag.py took 0.201 seconds
[2024-02-22T14:34:26.496+0000] {processor.py:161} INFO - Started process (PID=65) to work on /home/airflow/.local/lib/python3.8/site-packages/airflow/example_dags/example_nested_branch_dag.py
[2024-02-22T14:34:26.506+0000] {processor.py:830} INFO - Processing file /home/airflow/.local/lib/python3.8/site-packages/airflow/example_dags/example_nested_branch_dag.py for tasks to queue
[2024-02-22T14:34:26.510+0000] {logging_mixin.py:188} INFO - [2024-02-22T14:34:26.509+0000] {dagbag.py:538} INFO - Filling up the DagBag from /home/airflow/.local/lib/python3.8/site-packages/airflow/example_dags/example_nested_branch_dag.py
[2024-02-22T14:34:26.588+0000] {processor.py:840} INFO - DAG(s) 'example_nested_branch_dag' retrieved from /home/airflow/.local/lib/python3.8/site-packages/airflow/example_dags/example_nested_branch_dag.py
[2024-02-22T14:34:26.636+0000] {logging_mixin.py:188} INFO - [2024-02-22T14:34:26.635+0000] {dag.py:3036} INFO - Sync 1 DAGs
[2024-02-22T14:34:26.711+0000] {logging_mixin.py:188} INFO - [2024-02-22T14:34:26.710+0000] {dag.py:3823} INFO - Setting next_dagrun for example_nested_branch_dag to 2024-02-21 00:00:00+00:00, run_after=2024-02-22 00:00:00+00:00
[2024-02-22T14:34:26.774+0000] {processor.py:183} INFO - Processing /home/airflow/.local/lib/python3.8/site-packages/airflow/example_dags/example_nested_branch_dag.py took 0.285 seconds
[2024-02-22T14:34:57.295+0000] {processor.py:161} INFO - Started process (PID=120) to work on /home/airflow/.local/lib/python3.8/site-packages/airflow/example_dags/example_nested_branch_dag.py
[2024-02-22T14:34:57.298+0000] {processor.py:830} INFO - Processing file /home/airflow/.local/lib/python3.8/site-packages/airflow/example_dags/example_nested_branch_dag.py for tasks to queue
[2024-02-22T14:34:57.301+0000] {logging_mixin.py:188} INFO - [2024-02-22T14:34:57.301+0000] {dagbag.py:538} INFO - Filling up the DagBag from /home/airflow/.local/lib/python3.8/site-packages/airflow/example_dags/example_nested_branch_dag.py
[2024-02-22T14:34:57.320+0000] {processor.py:840} INFO - DAG(s) 'example_nested_branch_dag' retrieved from /home/airflow/.local/lib/python3.8/site-packages/airflow/example_dags/example_nested_branch_dag.py
[2024-02-22T14:34:57.362+0000] {logging_mixin.py:188} INFO - [2024-02-22T14:34:57.361+0000] {dag.py:3036} INFO - Sync 1 DAGs
[2024-02-22T14:34:57.413+0000] {logging_mixin.py:188} INFO - [2024-02-22T14:34:57.412+0000] {dag.py:3823} INFO - Setting next_dagrun for example_nested_branch_dag to 2024-02-21 00:00:00+00:00, run_after=2024-02-22 00:00:00+00:00
[2024-02-22T14:34:57.453+0000] {processor.py:183} INFO - Processing /home/airflow/.local/lib/python3.8/site-packages/airflow/example_dags/example_nested_branch_dag.py took 0.164 seconds
[2024-02-22T14:35:27.900+0000] {processor.py:161} INFO - Started process (PID=174) to work on /home/airflow/.local/lib/python3.8/site-packages/airflow/example_dags/example_nested_branch_dag.py
[2024-02-22T14:35:27.902+0000] {processor.py:830} INFO - Processing file /home/airflow/.local/lib/python3.8/site-packages/airflow/example_dags/example_nested_branch_dag.py for tasks to queue
[2024-02-22T14:35:27.907+0000] {logging_mixin.py:188} INFO - [2024-02-22T14:35:27.906+0000] {dagbag.py:538} INFO - Filling up the DagBag from /home/airflow/.local/lib/python3.8/site-packages/airflow/example_dags/example_nested_branch_dag.py
[2024-02-22T14:35:27.933+0000] {processor.py:840} INFO - DAG(s) 'example_nested_branch_dag' retrieved from /home/airflow/.local/lib/python3.8/site-packages/airflow/example_dags/example_nested_branch_dag.py
[2024-02-22T14:35:27.987+0000] {logging_mixin.py:188} INFO - [2024-02-22T14:35:27.986+0000] {dag.py:3036} INFO - Sync 1 DAGs
[2024-02-22T14:35:28.037+0000] {logging_mixin.py:188} INFO - [2024-02-22T14:35:28.036+0000] {dag.py:3823} INFO - Setting next_dagrun for example_nested_branch_dag to 2024-02-21 00:00:00+00:00, run_after=2024-02-22 00:00:00+00:00
[2024-02-22T14:35:28.074+0000] {processor.py:183} INFO - Processing /home/airflow/.local/lib/python3.8/site-packages/airflow/example_dags/example_nested_branch_dag.py took 0.184 seconds
[2024-02-22T14:35:58.576+0000] {processor.py:161} INFO - Started process (PID=229) to work on /home/airflow/.local/lib/python3.8/site-packages/airflow/example_dags/example_nested_branch_dag.py
[2024-02-22T14:35:58.578+0000] {processor.py:830} INFO - Processing file /home/airflow/.local/lib/python3.8/site-packages/airflow/example_dags/example_nested_branch_dag.py for tasks to queue
[2024-02-22T14:35:58.582+0000] {logging_mixin.py:188} INFO - [2024-02-22T14:35:58.581+0000] {dagbag.py:538} INFO - Filling up the DagBag from /home/airflow/.local/lib/python3.8/site-packages/airflow/example_dags/example_nested_branch_dag.py
[2024-02-22T14:35:58.600+0000] {processor.py:840} INFO - DAG(s) 'example_nested_branch_dag' retrieved from /home/airflow/.local/lib/python3.8/site-packages/airflow/example_dags/example_nested_branch_dag.py
[2024-02-22T14:35:58.641+0000] {logging_mixin.py:188} INFO - [2024-02-22T14:35:58.640+0000] {dag.py:3036} INFO - Sync 1 DAGs
[2024-02-22T14:35:58.688+0000] {logging_mixin.py:188} INFO - [2024-02-22T14:35:58.688+0000] {dag.py:3823} INFO - Setting next_dagrun for example_nested_branch_dag to 2024-02-21 00:00:00+00:00, run_after=2024-02-22 00:00:00+00:00
[2024-02-22T14:35:58.727+0000] {processor.py:183} INFO - Processing /home/airflow/.local/lib/python3.8/site-packages/airflow/example_dags/example_nested_branch_dag.py took 0.158 seconds
[2024-02-22T14:36:28.794+0000] {processor.py:161} INFO - Started process (PID=285) to work on /home/airflow/.local/lib/python3.8/site-packages/airflow/example_dags/example_nested_branch_dag.py
[2024-02-22T14:36:28.796+0000] {processor.py:830} INFO - Processing file /home/airflow/.local/lib/python3.8/site-packages/airflow/example_dags/example_nested_branch_dag.py for tasks to queue
[2024-02-22T14:36:28.800+0000] {logging_mixin.py:188} INFO - [2024-02-22T14:36:28.799+0000] {dagbag.py:538} INFO - Filling up the DagBag from /home/airflow/.local/lib/python3.8/site-packages/airflow/example_dags/example_nested_branch_dag.py
[2024-02-22T14:36:28.820+0000] {processor.py:840} INFO - DAG(s) 'example_nested_branch_dag' retrieved from /home/airflow/.local/lib/python3.8/site-packages/airflow/example_dags/example_nested_branch_dag.py
[2024-02-22T14:36:28.860+0000] {logging_mixin.py:188} INFO - [2024-02-22T14:36:28.859+0000] {dag.py:3036} INFO - Sync 1 DAGs
[2024-02-22T14:36:28.900+0000] {logging_mixin.py:188} INFO - [2024-02-22T14:36:28.900+0000] {dag.py:3823} INFO - Setting next_dagrun for example_nested_branch_dag to 2024-02-21 00:00:00+00:00, run_after=2024-02-22 00:00:00+00:00
[2024-02-22T14:36:28.943+0000] {processor.py:183} INFO - Processing /home/airflow/.local/lib/python3.8/site-packages/airflow/example_dags/example_nested_branch_dag.py took 0.156 seconds
[2024-02-22T14:36:59.697+0000] {processor.py:161} INFO - Started process (PID=340) to work on /home/airflow/.local/lib/python3.8/site-packages/airflow/example_dags/example_nested_branch_dag.py
[2024-02-22T14:36:59.700+0000] {processor.py:830} INFO - Processing file /home/airflow/.local/lib/python3.8/site-packages/airflow/example_dags/example_nested_branch_dag.py for tasks to queue
[2024-02-22T14:36:59.704+0000] {logging_mixin.py:188} INFO - [2024-02-22T14:36:59.703+0000] {dagbag.py:538} INFO - Filling up the DagBag from /home/airflow/.local/lib/python3.8/site-packages/airflow/example_dags/example_nested_branch_dag.py
[2024-02-22T14:36:59.722+0000] {processor.py:840} INFO - DAG(s) 'example_nested_branch_dag' retrieved from /home/airflow/.local/lib/python3.8/site-packages/airflow/example_dags/example_nested_branch_dag.py
[2024-02-22T14:36:59.761+0000] {logging_mixin.py:188} INFO - [2024-02-22T14:36:59.761+0000] {dag.py:3036} INFO - Sync 1 DAGs
[2024-02-22T14:36:59.812+0000] {logging_mixin.py:188} INFO - [2024-02-22T14:36:59.811+0000] {dag.py:3823} INFO - Setting next_dagrun for example_nested_branch_dag to 2024-02-21 00:00:00+00:00, run_after=2024-02-22 00:00:00+00:00
[2024-02-22T14:36:59.843+0000] {processor.py:183} INFO - Processing /home/airflow/.local/lib/python3.8/site-packages/airflow/example_dags/example_nested_branch_dag.py took 0.153 seconds
[2024-02-22T14:37:30.251+0000] {processor.py:161} INFO - Started process (PID=395) to work on /home/airflow/.local/lib/python3.8/site-packages/airflow/example_dags/example_nested_branch_dag.py
[2024-02-22T14:37:30.252+0000] {processor.py:830} INFO - Processing file /home/airflow/.local/lib/python3.8/site-packages/airflow/example_dags/example_nested_branch_dag.py for tasks to queue
[2024-02-22T14:37:30.256+0000] {logging_mixin.py:188} INFO - [2024-02-22T14:37:30.256+0000] {dagbag.py:538} INFO - Filling up the DagBag from /home/airflow/.local/lib/python3.8/site-packages/airflow/example_dags/example_nested_branch_dag.py
[2024-02-22T14:37:30.275+0000] {processor.py:840} INFO - DAG(s) 'example_nested_branch_dag' retrieved from /home/airflow/.local/lib/python3.8/site-packages/airflow/example_dags/example_nested_branch_dag.py
[2024-02-22T14:37:30.314+0000] {logging_mixin.py:188} INFO - [2024-02-22T14:37:30.313+0000] {dag.py:3036} INFO - Sync 1 DAGs
[2024-02-22T14:37:30.352+0000] {logging_mixin.py:188} INFO - [2024-02-22T14:37:30.351+0000] {dag.py:3823} INFO - Setting next_dagrun for example_nested_branch_dag to 2024-02-21 00:00:00+00:00, run_after=2024-02-22 00:00:00+00:00
[2024-02-22T14:37:30.381+0000] {processor.py:183} INFO - Processing /home/airflow/.local/lib/python3.8/site-packages/airflow/example_dags/example_nested_branch_dag.py took 0.138 seconds
[2024-02-22T14:38:00.823+0000] {processor.py:161} INFO - Started process (PID=451) to work on /home/airflow/.local/lib/python3.8/site-packages/airflow/example_dags/example_nested_branch_dag.py
[2024-02-22T14:38:00.826+0000] {processor.py:830} INFO - Processing file /home/airflow/.local/lib/python3.8/site-packages/airflow/example_dags/example_nested_branch_dag.py for tasks to queue
[2024-02-22T14:38:00.829+0000] {logging_mixin.py:188} INFO - [2024-02-22T14:38:00.829+0000] {dagbag.py:538} INFO - Filling up the DagBag from /home/airflow/.local/lib/python3.8/site-packages/airflow/example_dags/example_nested_branch_dag.py
[2024-02-22T14:38:00.848+0000] {processor.py:840} INFO - DAG(s) 'example_nested_branch_dag' retrieved from /home/airflow/.local/lib/python3.8/site-packages/airflow/example_dags/example_nested_branch_dag.py
[2024-02-22T14:38:00.889+0000] {logging_mixin.py:188} INFO - [2024-02-22T14:38:00.888+0000] {dag.py:3036} INFO - Sync 1 DAGs
[2024-02-22T14:38:00.933+0000] {logging_mixin.py:188} INFO - [2024-02-22T14:38:00.933+0000] {dag.py:3823} INFO - Setting next_dagrun for example_nested_branch_dag to 2024-02-21 00:00:00+00:00, run_after=2024-02-22 00:00:00+00:00
[2024-02-22T14:38:00.971+0000] {processor.py:183} INFO - Processing /home/airflow/.local/lib/python3.8/site-packages/airflow/example_dags/example_nested_branch_dag.py took 0.155 seconds
[2024-02-22T14:38:31.474+0000] {processor.py:161} INFO - Started process (PID=506) to work on /home/airflow/.local/lib/python3.8/site-packages/airflow/example_dags/example_nested_branch_dag.py
[2024-02-22T14:38:31.477+0000] {processor.py:830} INFO - Processing file /home/airflow/.local/lib/python3.8/site-packages/airflow/example_dags/example_nested_branch_dag.py for tasks to queue
[2024-02-22T14:38:31.481+0000] {logging_mixin.py:188} INFO - [2024-02-22T14:38:31.481+0000] {dagbag.py:538} INFO - Filling up the DagBag from /home/airflow/.local/lib/python3.8/site-packages/airflow/example_dags/example_nested_branch_dag.py
[2024-02-22T14:38:31.507+0000] {processor.py:840} INFO - DAG(s) 'example_nested_branch_dag' retrieved from /home/airflow/.local/lib/python3.8/site-packages/airflow/example_dags/example_nested_branch_dag.py
[2024-02-22T14:38:31.567+0000] {logging_mixin.py:188} INFO - [2024-02-22T14:38:31.565+0000] {dag.py:3036} INFO - Sync 1 DAGs
[2024-02-22T14:38:31.620+0000] {logging_mixin.py:188} INFO - [2024-02-22T14:38:31.619+0000] {dag.py:3823} INFO - Setting next_dagrun for example_nested_branch_dag to 2024-02-21 00:00:00+00:00, run_after=2024-02-22 00:00:00+00:00
[2024-02-22T14:38:31.661+0000] {processor.py:183} INFO - Processing /home/airflow/.local/lib/python3.8/site-packages/airflow/example_dags/example_nested_branch_dag.py took 0.195 seconds
[2024-02-22T14:39:01.933+0000] {processor.py:161} INFO - Started process (PID=561) to work on /home/airflow/.local/lib/python3.8/site-packages/airflow/example_dags/example_nested_branch_dag.py
[2024-02-22T14:39:01.935+0000] {processor.py:830} INFO - Processing file /home/airflow/.local/lib/python3.8/site-packages/airflow/example_dags/example_nested_branch_dag.py for tasks to queue
[2024-02-22T14:39:01.939+0000] {logging_mixin.py:188} INFO - [2024-02-22T14:39:01.938+0000] {dagbag.py:538} INFO - Filling up the DagBag from /home/airflow/.local/lib/python3.8/site-packages/airflow/example_dags/example_nested_branch_dag.py
[2024-02-22T14:39:01.958+0000] {processor.py:840} INFO - DAG(s) 'example_nested_branch_dag' retrieved from /home/airflow/.local/lib/python3.8/site-packages/airflow/example_dags/example_nested_branch_dag.py
[2024-02-22T14:39:02.010+0000] {logging_mixin.py:188} INFO - [2024-02-22T14:39:02.009+0000] {dag.py:3036} INFO - Sync 1 DAGs
[2024-02-22T14:39:02.055+0000] {logging_mixin.py:188} INFO - [2024-02-22T14:39:02.055+0000] {dag.py:3823} INFO - Setting next_dagrun for example_nested_branch_dag to 2024-02-21 00:00:00+00:00, run_after=2024-02-22 00:00:00+00:00
[2024-02-22T14:39:02.085+0000] {processor.py:183} INFO - Processing /home/airflow/.local/lib/python3.8/site-packages/airflow/example_dags/example_nested_branch_dag.py took 0.159 seconds
[2024-02-22T14:39:32.642+0000] {processor.py:161} INFO - Started process (PID=616) to work on /home/airflow/.local/lib/python3.8/site-packages/airflow/example_dags/example_nested_branch_dag.py
[2024-02-22T14:39:32.644+0000] {processor.py:830} INFO - Processing file /home/airflow/.local/lib/python3.8/site-packages/airflow/example_dags/example_nested_branch_dag.py for tasks to queue
[2024-02-22T14:39:32.648+0000] {logging_mixin.py:188} INFO - [2024-02-22T14:39:32.647+0000] {dagbag.py:538} INFO - Filling up the DagBag from /home/airflow/.local/lib/python3.8/site-packages/airflow/example_dags/example_nested_branch_dag.py
[2024-02-22T14:39:32.667+0000] {processor.py:840} INFO - DAG(s) 'example_nested_branch_dag' retrieved from /home/airflow/.local/lib/python3.8/site-packages/airflow/example_dags/example_nested_branch_dag.py
[2024-02-22T14:39:32.709+0000] {logging_mixin.py:188} INFO - [2024-02-22T14:39:32.708+0000] {dag.py:3036} INFO - Sync 1 DAGs
[2024-02-22T14:39:32.752+0000] {logging_mixin.py:188} INFO - [2024-02-22T14:39:32.752+0000] {dag.py:3823} INFO - Setting next_dagrun for example_nested_branch_dag to 2024-02-21 00:00:00+00:00, run_after=2024-02-22 00:00:00+00:00
[2024-02-22T14:39:32.793+0000] {processor.py:183} INFO - Processing /home/airflow/.local/lib/python3.8/site-packages/airflow/example_dags/example_nested_branch_dag.py took 0.158 seconds
[2024-02-22T14:40:02.916+0000] {processor.py:161} INFO - Started process (PID=671) to work on /home/airflow/.local/lib/python3.8/site-packages/airflow/example_dags/example_nested_branch_dag.py
[2024-02-22T14:40:02.918+0000] {processor.py:830} INFO - Processing file /home/airflow/.local/lib/python3.8/site-packages/airflow/example_dags/example_nested_branch_dag.py for tasks to queue
[2024-02-22T14:40:02.923+0000] {logging_mixin.py:188} INFO - [2024-02-22T14:40:02.922+0000] {dagbag.py:538} INFO - Filling up the DagBag from /home/airflow/.local/lib/python3.8/site-packages/airflow/example_dags/example_nested_branch_dag.py
[2024-02-22T14:40:02.943+0000] {processor.py:840} INFO - DAG(s) 'example_nested_branch_dag' retrieved from /home/airflow/.local/lib/python3.8/site-packages/airflow/example_dags/example_nested_branch_dag.py
[2024-02-22T14:40:02.985+0000] {logging_mixin.py:188} INFO - [2024-02-22T14:40:02.984+0000] {dag.py:3036} INFO - Sync 1 DAGs
[2024-02-22T14:40:03.029+0000] {logging_mixin.py:188} INFO - [2024-02-22T14:40:03.028+0000] {dag.py:3823} INFO - Setting next_dagrun for example_nested_branch_dag to 2024-02-21 00:00:00+00:00, run_after=2024-02-22 00:00:00+00:00
[2024-02-22T14:40:03.066+0000] {processor.py:183} INFO - Processing /home/airflow/.local/lib/python3.8/site-packages/airflow/example_dags/example_nested_branch_dag.py took 0.157 seconds
[2024-02-22T14:40:33.604+0000] {processor.py:161} INFO - Started process (PID=726) to work on /home/airflow/.local/lib/python3.8/site-packages/airflow/example_dags/example_nested_branch_dag.py
[2024-02-22T14:40:33.606+0000] {processor.py:830} INFO - Processing file /home/airflow/.local/lib/python3.8/site-packages/airflow/example_dags/example_nested_branch_dag.py for tasks to queue
[2024-02-22T14:40:33.610+0000] {logging_mixin.py:188} INFO - [2024-02-22T14:40:33.609+0000] {dagbag.py:538} INFO - Filling up the DagBag from /home/airflow/.local/lib/python3.8/site-packages/airflow/example_dags/example_nested_branch_dag.py
[2024-02-22T14:40:33.629+0000] {processor.py:840} INFO - DAG(s) 'example_nested_branch_dag' retrieved from /home/airflow/.local/lib/python3.8/site-packages/airflow/example_dags/example_nested_branch_dag.py
[2024-02-22T14:40:33.668+0000] {logging_mixin.py:188} INFO - [2024-02-22T14:40:33.667+0000] {dag.py:3036} INFO - Sync 1 DAGs
[2024-02-22T14:40:33.709+0000] {logging_mixin.py:188} INFO - [2024-02-22T14:40:33.708+0000] {dag.py:3823} INFO - Setting next_dagrun for example_nested_branch_dag to 2024-02-21 00:00:00+00:00, run_after=2024-02-22 00:00:00+00:00
[2024-02-22T14:40:33.740+0000] {processor.py:183} INFO - Processing /home/airflow/.local/lib/python3.8/site-packages/airflow/example_dags/example_nested_branch_dag.py took 0.144 seconds
[2024-02-22T14:41:04.685+0000] {processor.py:161} INFO - Started process (PID=781) to work on /home/airflow/.local/lib/python3.8/site-packages/airflow/example_dags/example_nested_branch_dag.py
[2024-02-22T14:41:04.688+0000] {processor.py:830} INFO - Processing file /home/airflow/.local/lib/python3.8/site-packages/airflow/example_dags/example_nested_branch_dag.py for tasks to queue
[2024-02-22T14:41:04.692+0000] {logging_mixin.py:188} INFO - [2024-02-22T14:41:04.691+0000] {dagbag.py:538} INFO - Filling up the DagBag from /home/airflow/.local/lib/python3.8/site-packages/airflow/example_dags/example_nested_branch_dag.py
[2024-02-22T14:41:04.712+0000] {processor.py:840} INFO - DAG(s) 'example_nested_branch_dag' retrieved from /home/airflow/.local/lib/python3.8/site-packages/airflow/example_dags/example_nested_branch_dag.py
[2024-02-22T14:41:04.751+0000] {logging_mixin.py:188} INFO - [2024-02-22T14:41:04.750+0000] {dag.py:3036} INFO - Sync 1 DAGs
[2024-02-22T14:41:04.792+0000] {logging_mixin.py:188} INFO - [2024-02-22T14:41:04.792+0000] {dag.py:3823} INFO - Setting next_dagrun for example_nested_branch_dag to 2024-02-21 00:00:00+00:00, run_after=2024-02-22 00:00:00+00:00
[2024-02-22T14:41:04.828+0000] {processor.py:183} INFO - Processing /home/airflow/.local/lib/python3.8/site-packages/airflow/example_dags/example_nested_branch_dag.py took 0.149 seconds
[2024-02-22T14:41:35.647+0000] {processor.py:161} INFO - Started process (PID=836) to work on /home/airflow/.local/lib/python3.8/site-packages/airflow/example_dags/example_nested_branch_dag.py
[2024-02-22T14:41:35.650+0000] {processor.py:830} INFO - Processing file /home/airflow/.local/lib/python3.8/site-packages/airflow/example_dags/example_nested_branch_dag.py for tasks to queue
[2024-02-22T14:41:35.654+0000] {logging_mixin.py:188} INFO - [2024-02-22T14:41:35.653+0000] {dagbag.py:538} INFO - Filling up the DagBag from /home/airflow/.local/lib/python3.8/site-packages/airflow/example_dags/example_nested_branch_dag.py
[2024-02-22T14:41:35.675+0000] {processor.py:840} INFO - DAG(s) 'example_nested_branch_dag' retrieved from /home/airflow/.local/lib/python3.8/site-packages/airflow/example_dags/example_nested_branch_dag.py
[2024-02-22T14:41:35.724+0000] {logging_mixin.py:188} INFO - [2024-02-22T14:41:35.724+0000] {dag.py:3036} INFO - Sync 1 DAGs
[2024-02-22T14:41:35.771+0000] {logging_mixin.py:188} INFO - [2024-02-22T14:41:35.770+0000] {dag.py:3823} INFO - Setting next_dagrun for example_nested_branch_dag to 2024-02-21 00:00:00+00:00, run_after=2024-02-22 00:00:00+00:00
[2024-02-22T14:41:35.807+0000] {processor.py:183} INFO - Processing /home/airflow/.local/lib/python3.8/site-packages/airflow/example_dags/example_nested_branch_dag.py took 0.167 seconds
[2024-02-22T14:42:06.702+0000] {processor.py:161} INFO - Started process (PID=891) to work on /home/airflow/.local/lib/python3.8/site-packages/airflow/example_dags/example_nested_branch_dag.py
[2024-02-22T14:42:06.704+0000] {processor.py:830} INFO - Processing file /home/airflow/.local/lib/python3.8/site-packages/airflow/example_dags/example_nested_branch_dag.py for tasks to queue
[2024-02-22T14:42:06.708+0000] {logging_mixin.py:188} INFO - [2024-02-22T14:42:06.707+0000] {dagbag.py:538} INFO - Filling up the DagBag from /home/airflow/.local/lib/python3.8/site-packages/airflow/example_dags/example_nested_branch_dag.py
[2024-02-22T14:42:06.727+0000] {processor.py:840} INFO - DAG(s) 'example_nested_branch_dag' retrieved from /home/airflow/.local/lib/python3.8/site-packages/airflow/example_dags/example_nested_branch_dag.py
[2024-02-22T14:42:06.769+0000] {logging_mixin.py:188} INFO - [2024-02-22T14:42:06.768+0000] {dag.py:3036} INFO - Sync 1 DAGs
[2024-02-22T14:42:06.808+0000] {logging_mixin.py:188} INFO - [2024-02-22T14:42:06.807+0000] {dag.py:3823} INFO - Setting next_dagrun for example_nested_branch_dag to 2024-02-21 00:00:00+00:00, run_after=2024-02-22 00:00:00+00:00
[2024-02-22T14:42:06.841+0000] {processor.py:183} INFO - Processing /home/airflow/.local/lib/python3.8/site-packages/airflow/example_dags/example_nested_branch_dag.py took 0.147 seconds
[2024-02-22T14:42:37.499+0000] {processor.py:161} INFO - Started process (PID=945) to work on /home/airflow/.local/lib/python3.8/site-packages/airflow/example_dags/example_nested_branch_dag.py
[2024-02-22T14:42:37.502+0000] {processor.py:830} INFO - Processing file /home/airflow/.local/lib/python3.8/site-packages/airflow/example_dags/example_nested_branch_dag.py for tasks to queue
[2024-02-22T14:42:37.508+0000] {logging_mixin.py:188} INFO - [2024-02-22T14:42:37.507+0000] {dagbag.py:538} INFO - Filling up the DagBag from /home/airflow/.local/lib/python3.8/site-packages/airflow/example_dags/example_nested_branch_dag.py
[2024-02-22T14:42:37.533+0000] {processor.py:840} INFO - DAG(s) 'example_nested_branch_dag' retrieved from /home/airflow/.local/lib/python3.8/site-packages/airflow/example_dags/example_nested_branch_dag.py
[2024-02-22T14:42:37.576+0000] {logging_mixin.py:188} INFO - [2024-02-22T14:42:37.574+0000] {dag.py:3036} INFO - Sync 1 DAGs
[2024-02-22T14:42:37.618+0000] {logging_mixin.py:188} INFO - [2024-02-22T14:42:37.617+0000] {dag.py:3823} INFO - Setting next_dagrun for example_nested_branch_dag to 2024-02-21 00:00:00+00:00, run_after=2024-02-22 00:00:00+00:00
[2024-02-22T14:42:37.653+0000] {processor.py:183} INFO - Processing /home/airflow/.local/lib/python3.8/site-packages/airflow/example_dags/example_nested_branch_dag.py took 0.160 seconds
[2024-02-22T14:43:08.670+0000] {processor.py:161} INFO - Started process (PID=999) to work on /home/airflow/.local/lib/python3.8/site-packages/airflow/example_dags/example_nested_branch_dag.py
[2024-02-22T14:43:08.673+0000] {processor.py:830} INFO - Processing file /home/airflow/.local/lib/python3.8/site-packages/airflow/example_dags/example_nested_branch_dag.py for tasks to queue
[2024-02-22T14:43:08.677+0000] {logging_mixin.py:188} INFO - [2024-02-22T14:43:08.677+0000] {dagbag.py:538} INFO - Filling up the DagBag from /home/airflow/.local/lib/python3.8/site-packages/airflow/example_dags/example_nested_branch_dag.py
[2024-02-22T14:43:08.698+0000] {processor.py:840} INFO - DAG(s) 'example_nested_branch_dag' retrieved from /home/airflow/.local/lib/python3.8/site-packages/airflow/example_dags/example_nested_branch_dag.py
[2024-02-22T14:43:08.739+0000] {logging_mixin.py:188} INFO - [2024-02-22T14:43:08.738+0000] {dag.py:3036} INFO - Sync 1 DAGs
[2024-02-22T14:43:08.783+0000] {logging_mixin.py:188} INFO - [2024-02-22T14:43:08.783+0000] {dag.py:3823} INFO - Setting next_dagrun for example_nested_branch_dag to 2024-02-21 00:00:00+00:00, run_after=2024-02-22 00:00:00+00:00
[2024-02-22T14:43:08.818+0000] {processor.py:183} INFO - Processing /home/airflow/.local/lib/python3.8/site-packages/airflow/example_dags/example_nested_branch_dag.py took 0.157 seconds
[2024-02-22T14:43:38.952+0000] {processor.py:161} INFO - Started process (PID=1053) to work on /home/airflow/.local/lib/python3.8/site-packages/airflow/example_dags/example_nested_branch_dag.py
[2024-02-22T14:43:38.955+0000] {processor.py:830} INFO - Processing file /home/airflow/.local/lib/python3.8/site-packages/airflow/example_dags/example_nested_branch_dag.py for tasks to queue
[2024-02-22T14:43:38.960+0000] {logging_mixin.py:188} INFO - [2024-02-22T14:43:38.959+0000] {dagbag.py:538} INFO - Filling up the DagBag from /home/airflow/.local/lib/python3.8/site-packages/airflow/example_dags/example_nested_branch_dag.py
[2024-02-22T14:43:38.978+0000] {processor.py:840} INFO - DAG(s) 'example_nested_branch_dag' retrieved from /home/airflow/.local/lib/python3.8/site-packages/airflow/example_dags/example_nested_branch_dag.py
[2024-02-22T14:43:39.031+0000] {logging_mixin.py:188} INFO - [2024-02-22T14:43:39.030+0000] {dag.py:3036} INFO - Sync 1 DAGs
[2024-02-22T14:43:39.096+0000] {logging_mixin.py:188} INFO - [2024-02-22T14:43:39.095+0000] {dag.py:3823} INFO - Setting next_dagrun for example_nested_branch_dag to 2024-02-21 00:00:00+00:00, run_after=2024-02-22 00:00:00+00:00
[2024-02-22T14:43:39.143+0000] {processor.py:183} INFO - Processing /home/airflow/.local/lib/python3.8/site-packages/airflow/example_dags/example_nested_branch_dag.py took 0.200 seconds
[2024-02-22T14:46:10.296+0000] {processor.py:161} INFO - Started process (PID=63) to work on /home/airflow/.local/lib/python3.8/site-packages/airflow/example_dags/example_nested_branch_dag.py
[2024-02-22T14:46:10.298+0000] {processor.py:830} INFO - Processing file /home/airflow/.local/lib/python3.8/site-packages/airflow/example_dags/example_nested_branch_dag.py for tasks to queue
[2024-02-22T14:46:10.303+0000] {logging_mixin.py:188} INFO - [2024-02-22T14:46:10.302+0000] {dagbag.py:538} INFO - Filling up the DagBag from /home/airflow/.local/lib/python3.8/site-packages/airflow/example_dags/example_nested_branch_dag.py
[2024-02-22T14:46:10.330+0000] {processor.py:840} INFO - DAG(s) 'example_nested_branch_dag' retrieved from /home/airflow/.local/lib/python3.8/site-packages/airflow/example_dags/example_nested_branch_dag.py
[2024-02-22T14:46:10.384+0000] {logging_mixin.py:188} INFO - [2024-02-22T14:46:10.383+0000] {dag.py:3036} INFO - Sync 1 DAGs
[2024-02-22T14:46:10.435+0000] {logging_mixin.py:188} INFO - [2024-02-22T14:46:10.434+0000] {dag.py:3823} INFO - Setting next_dagrun for example_nested_branch_dag to 2024-02-21 00:00:00+00:00, run_after=2024-02-22 00:00:00+00:00
[2024-02-22T14:46:10.476+0000] {processor.py:183} INFO - Processing /home/airflow/.local/lib/python3.8/site-packages/airflow/example_dags/example_nested_branch_dag.py took 0.188 seconds
[2024-02-22T14:46:41.274+0000] {processor.py:161} INFO - Started process (PID=118) to work on /home/airflow/.local/lib/python3.8/site-packages/airflow/example_dags/example_nested_branch_dag.py
[2024-02-22T14:46:41.276+0000] {processor.py:830} INFO - Processing file /home/airflow/.local/lib/python3.8/site-packages/airflow/example_dags/example_nested_branch_dag.py for tasks to queue
[2024-02-22T14:46:41.281+0000] {logging_mixin.py:188} INFO - [2024-02-22T14:46:41.280+0000] {dagbag.py:538} INFO - Filling up the DagBag from /home/airflow/.local/lib/python3.8/site-packages/airflow/example_dags/example_nested_branch_dag.py
[2024-02-22T14:46:41.305+0000] {processor.py:840} INFO - DAG(s) 'example_nested_branch_dag' retrieved from /home/airflow/.local/lib/python3.8/site-packages/airflow/example_dags/example_nested_branch_dag.py
[2024-02-22T14:46:41.390+0000] {logging_mixin.py:188} INFO - [2024-02-22T14:46:41.389+0000] {dag.py:3036} INFO - Sync 1 DAGs
[2024-02-22T14:46:41.475+0000] {logging_mixin.py:188} INFO - [2024-02-22T14:46:41.473+0000] {dag.py:3823} INFO - Setting next_dagrun for example_nested_branch_dag to 2024-02-21 00:00:00+00:00, run_after=2024-02-22 00:00:00+00:00
[2024-02-22T14:46:41.558+0000] {processor.py:183} INFO - Processing /home/airflow/.local/lib/python3.8/site-packages/airflow/example_dags/example_nested_branch_dag.py took 0.292 seconds
[2024-02-22T14:47:12.509+0000] {processor.py:161} INFO - Started process (PID=173) to work on /home/airflow/.local/lib/python3.8/site-packages/airflow/example_dags/example_nested_branch_dag.py
[2024-02-22T14:47:12.511+0000] {processor.py:830} INFO - Processing file /home/airflow/.local/lib/python3.8/site-packages/airflow/example_dags/example_nested_branch_dag.py for tasks to queue
[2024-02-22T14:47:12.515+0000] {logging_mixin.py:188} INFO - [2024-02-22T14:47:12.515+0000] {dagbag.py:538} INFO - Filling up the DagBag from /home/airflow/.local/lib/python3.8/site-packages/airflow/example_dags/example_nested_branch_dag.py
[2024-02-22T14:47:12.540+0000] {processor.py:840} INFO - DAG(s) 'example_nested_branch_dag' retrieved from /home/airflow/.local/lib/python3.8/site-packages/airflow/example_dags/example_nested_branch_dag.py
[2024-02-22T14:47:12.593+0000] {logging_mixin.py:188} INFO - [2024-02-22T14:47:12.592+0000] {dag.py:3036} INFO - Sync 1 DAGs
[2024-02-22T14:47:12.649+0000] {logging_mixin.py:188} INFO - [2024-02-22T14:47:12.648+0000] {dag.py:3823} INFO - Setting next_dagrun for example_nested_branch_dag to 2024-02-21 00:00:00+00:00, run_after=2024-02-22 00:00:00+00:00
[2024-02-22T14:47:12.689+0000] {processor.py:183} INFO - Processing /home/airflow/.local/lib/python3.8/site-packages/airflow/example_dags/example_nested_branch_dag.py took 0.187 seconds
