[2024-02-22T14:23:40.620+0000] {processor.py:161} INFO - Started process (PID=77) to work on /home/airflow/.local/lib/python3.8/site-packages/airflow/example_dags/example_xcom.py
[2024-02-22T14:23:40.622+0000] {processor.py:830} INFO - Processing file /home/airflow/.local/lib/python3.8/site-packages/airflow/example_dags/example_xcom.py for tasks to queue
[2024-02-22T14:23:40.625+0000] {logging_mixin.py:188} INFO - [2024-02-22T14:23:40.625+0000] {dagbag.py:538} INFO - Filling up the DagBag from /home/airflow/.local/lib/python3.8/site-packages/airflow/example_dags/example_xcom.py
[2024-02-22T14:23:40.642+0000] {processor.py:840} INFO - DAG(s) 'example_xcom' retrieved from /home/airflow/.local/lib/python3.8/site-packages/airflow/example_dags/example_xcom.py
[2024-02-22T14:23:40.688+0000] {logging_mixin.py:188} INFO - [2024-02-22T14:23:40.688+0000] {dag.py:3036} INFO - Sync 1 DAGs
[2024-02-22T14:23:40.723+0000] {logging_mixin.py:188} INFO - [2024-02-22T14:23:40.723+0000] {dag.py:3823} INFO - Setting next_dagrun for example_xcom to 2021-01-01 00:00:00+00:00, run_after=2021-01-01 00:00:00+00:00
[2024-02-22T14:23:40.752+0000] {processor.py:183} INFO - Processing /home/airflow/.local/lib/python3.8/site-packages/airflow/example_dags/example_xcom.py took 0.139 seconds
[2024-02-22T14:24:11.600+0000] {processor.py:161} INFO - Started process (PID=132) to work on /home/airflow/.local/lib/python3.8/site-packages/airflow/example_dags/example_xcom.py
[2024-02-22T14:24:11.604+0000] {processor.py:830} INFO - Processing file /home/airflow/.local/lib/python3.8/site-packages/airflow/example_dags/example_xcom.py for tasks to queue
[2024-02-22T14:24:11.607+0000] {logging_mixin.py:188} INFO - [2024-02-22T14:24:11.607+0000] {dagbag.py:538} INFO - Filling up the DagBag from /home/airflow/.local/lib/python3.8/site-packages/airflow/example_dags/example_xcom.py
[2024-02-22T14:24:11.625+0000] {processor.py:840} INFO - DAG(s) 'example_xcom' retrieved from /home/airflow/.local/lib/python3.8/site-packages/airflow/example_dags/example_xcom.py
[2024-02-22T14:24:11.667+0000] {logging_mixin.py:188} INFO - [2024-02-22T14:24:11.667+0000] {dag.py:3036} INFO - Sync 1 DAGs
[2024-02-22T14:24:11.715+0000] {logging_mixin.py:188} INFO - [2024-02-22T14:24:11.714+0000] {dag.py:3823} INFO - Setting next_dagrun for example_xcom to 2021-01-01 00:00:00+00:00, run_after=2021-01-01 00:00:00+00:00
[2024-02-22T14:24:11.761+0000] {processor.py:183} INFO - Processing /home/airflow/.local/lib/python3.8/site-packages/airflow/example_dags/example_xcom.py took 0.168 seconds
[2024-02-22T14:24:41.810+0000] {processor.py:161} INFO - Started process (PID=187) to work on /home/airflow/.local/lib/python3.8/site-packages/airflow/example_dags/example_xcom.py
[2024-02-22T14:24:41.811+0000] {processor.py:830} INFO - Processing file /home/airflow/.local/lib/python3.8/site-packages/airflow/example_dags/example_xcom.py for tasks to queue
[2024-02-22T14:24:41.814+0000] {logging_mixin.py:188} INFO - [2024-02-22T14:24:41.814+0000] {dagbag.py:538} INFO - Filling up the DagBag from /home/airflow/.local/lib/python3.8/site-packages/airflow/example_dags/example_xcom.py
[2024-02-22T14:24:41.828+0000] {processor.py:840} INFO - DAG(s) 'example_xcom' retrieved from /home/airflow/.local/lib/python3.8/site-packages/airflow/example_dags/example_xcom.py
[2024-02-22T14:24:41.862+0000] {logging_mixin.py:188} INFO - [2024-02-22T14:24:41.861+0000] {dag.py:3036} INFO - Sync 1 DAGs
[2024-02-22T14:24:41.894+0000] {logging_mixin.py:188} INFO - [2024-02-22T14:24:41.894+0000] {dag.py:3823} INFO - Setting next_dagrun for example_xcom to 2021-01-01 00:00:00+00:00, run_after=2021-01-01 00:00:00+00:00
[2024-02-22T14:24:41.920+0000] {processor.py:183} INFO - Processing /home/airflow/.local/lib/python3.8/site-packages/airflow/example_dags/example_xcom.py took 0.116 seconds
[2024-02-22T14:25:12.293+0000] {processor.py:161} INFO - Started process (PID=242) to work on /home/airflow/.local/lib/python3.8/site-packages/airflow/example_dags/example_xcom.py
[2024-02-22T14:25:12.295+0000] {processor.py:830} INFO - Processing file /home/airflow/.local/lib/python3.8/site-packages/airflow/example_dags/example_xcom.py for tasks to queue
[2024-02-22T14:25:12.299+0000] {logging_mixin.py:188} INFO - [2024-02-22T14:25:12.298+0000] {dagbag.py:538} INFO - Filling up the DagBag from /home/airflow/.local/lib/python3.8/site-packages/airflow/example_dags/example_xcom.py
[2024-02-22T14:25:12.312+0000] {processor.py:840} INFO - DAG(s) 'example_xcom' retrieved from /home/airflow/.local/lib/python3.8/site-packages/airflow/example_dags/example_xcom.py
[2024-02-22T14:25:12.352+0000] {logging_mixin.py:188} INFO - [2024-02-22T14:25:12.351+0000] {dag.py:3036} INFO - Sync 1 DAGs
[2024-02-22T14:25:12.385+0000] {logging_mixin.py:188} INFO - [2024-02-22T14:25:12.385+0000] {dag.py:3823} INFO - Setting next_dagrun for example_xcom to 2021-01-01 00:00:00+00:00, run_after=2021-01-01 00:00:00+00:00
[2024-02-22T14:25:12.411+0000] {processor.py:183} INFO - Processing /home/airflow/.local/lib/python3.8/site-packages/airflow/example_dags/example_xcom.py took 0.124 seconds
[2024-02-22T14:25:43.277+0000] {processor.py:161} INFO - Started process (PID=297) to work on /home/airflow/.local/lib/python3.8/site-packages/airflow/example_dags/example_xcom.py
[2024-02-22T14:25:43.279+0000] {processor.py:830} INFO - Processing file /home/airflow/.local/lib/python3.8/site-packages/airflow/example_dags/example_xcom.py for tasks to queue
[2024-02-22T14:25:43.282+0000] {logging_mixin.py:188} INFO - [2024-02-22T14:25:43.282+0000] {dagbag.py:538} INFO - Filling up the DagBag from /home/airflow/.local/lib/python3.8/site-packages/airflow/example_dags/example_xcom.py
[2024-02-22T14:25:43.301+0000] {processor.py:840} INFO - DAG(s) 'example_xcom' retrieved from /home/airflow/.local/lib/python3.8/site-packages/airflow/example_dags/example_xcom.py
[2024-02-22T14:25:43.338+0000] {logging_mixin.py:188} INFO - [2024-02-22T14:25:43.337+0000] {dag.py:3036} INFO - Sync 1 DAGs
[2024-02-22T14:25:43.380+0000] {logging_mixin.py:188} INFO - [2024-02-22T14:25:43.379+0000] {dag.py:3823} INFO - Setting next_dagrun for example_xcom to 2021-01-01 00:00:00+00:00, run_after=2021-01-01 00:00:00+00:00
[2024-02-22T14:25:43.413+0000] {processor.py:183} INFO - Processing /home/airflow/.local/lib/python3.8/site-packages/airflow/example_dags/example_xcom.py took 0.143 seconds
[2024-02-22T14:26:13.545+0000] {processor.py:161} INFO - Started process (PID=352) to work on /home/airflow/.local/lib/python3.8/site-packages/airflow/example_dags/example_xcom.py
[2024-02-22T14:26:13.547+0000] {processor.py:830} INFO - Processing file /home/airflow/.local/lib/python3.8/site-packages/airflow/example_dags/example_xcom.py for tasks to queue
[2024-02-22T14:26:13.551+0000] {logging_mixin.py:188} INFO - [2024-02-22T14:26:13.551+0000] {dagbag.py:538} INFO - Filling up the DagBag from /home/airflow/.local/lib/python3.8/site-packages/airflow/example_dags/example_xcom.py
[2024-02-22T14:26:13.568+0000] {processor.py:840} INFO - DAG(s) 'example_xcom' retrieved from /home/airflow/.local/lib/python3.8/site-packages/airflow/example_dags/example_xcom.py
[2024-02-22T14:26:13.622+0000] {logging_mixin.py:188} INFO - [2024-02-22T14:26:13.622+0000] {dag.py:3036} INFO - Sync 1 DAGs
[2024-02-22T14:26:13.670+0000] {logging_mixin.py:188} INFO - [2024-02-22T14:26:13.670+0000] {dag.py:3823} INFO - Setting next_dagrun for example_xcom to 2021-01-01 00:00:00+00:00, run_after=2021-01-01 00:00:00+00:00
[2024-02-22T14:26:13.712+0000] {processor.py:183} INFO - Processing /home/airflow/.local/lib/python3.8/site-packages/airflow/example_dags/example_xcom.py took 0.174 seconds
