[2024-02-22T14:23:32.192+0000] {processor.py:161} INFO - Started process (PID=31) to work on /home/airflow/.local/lib/python3.8/site-packages/airflow/example_dags/example_kubernetes_executor.py
[2024-02-22T14:23:32.194+0000] {processor.py:830} INFO - Processing file /home/airflow/.local/lib/python3.8/site-packages/airflow/example_dags/example_kubernetes_executor.py for tasks to queue
[2024-02-22T14:23:32.198+0000] {logging_mixin.py:188} INFO - [2024-02-22T14:23:32.197+0000] {dagbag.py:538} INFO - Filling up the DagBag from /home/airflow/.local/lib/python3.8/site-packages/airflow/example_dags/example_kubernetes_executor.py
[2024-02-22T14:23:32.255+0000] {processor.py:840} INFO - DAG(s) 'example_kubernetes_executor' retrieved from /home/airflow/.local/lib/python3.8/site-packages/airflow/example_dags/example_kubernetes_executor.py
[2024-02-22T14:23:32.364+0000] {logging_mixin.py:188} INFO - [2024-02-22T14:23:32.363+0000] {dag.py:3036} INFO - Sync 1 DAGs
[2024-02-22T14:23:32.399+0000] {logging_mixin.py:188} INFO - [2024-02-22T14:23:32.398+0000] {dag.py:3823} INFO - Setting next_dagrun for example_kubernetes_executor to None, run_after=None
[2024-02-22T14:23:32.450+0000] {processor.py:183} INFO - Processing /home/airflow/.local/lib/python3.8/site-packages/airflow/example_dags/example_kubernetes_executor.py took 0.266 seconds
[2024-02-22T14:24:03.255+0000] {processor.py:161} INFO - Started process (PID=86) to work on /home/airflow/.local/lib/python3.8/site-packages/airflow/example_dags/example_kubernetes_executor.py
[2024-02-22T14:24:03.256+0000] {processor.py:830} INFO - Processing file /home/airflow/.local/lib/python3.8/site-packages/airflow/example_dags/example_kubernetes_executor.py for tasks to queue
[2024-02-22T14:24:03.260+0000] {logging_mixin.py:188} INFO - [2024-02-22T14:24:03.260+0000] {dagbag.py:538} INFO - Filling up the DagBag from /home/airflow/.local/lib/python3.8/site-packages/airflow/example_dags/example_kubernetes_executor.py
[2024-02-22T14:24:03.295+0000] {processor.py:840} INFO - DAG(s) 'example_kubernetes_executor' retrieved from /home/airflow/.local/lib/python3.8/site-packages/airflow/example_dags/example_kubernetes_executor.py
[2024-02-22T14:24:03.359+0000] {logging_mixin.py:188} INFO - [2024-02-22T14:24:03.359+0000] {dag.py:3036} INFO - Sync 1 DAGs
[2024-02-22T14:24:03.381+0000] {logging_mixin.py:188} INFO - [2024-02-22T14:24:03.380+0000] {dag.py:3823} INFO - Setting next_dagrun for example_kubernetes_executor to None, run_after=None
[2024-02-22T14:24:03.408+0000] {processor.py:183} INFO - Processing /home/airflow/.local/lib/python3.8/site-packages/airflow/example_dags/example_kubernetes_executor.py took 0.161 seconds
[2024-02-22T14:24:34.455+0000] {processor.py:161} INFO - Started process (PID=141) to work on /home/airflow/.local/lib/python3.8/site-packages/airflow/example_dags/example_kubernetes_executor.py
[2024-02-22T14:24:34.457+0000] {processor.py:830} INFO - Processing file /home/airflow/.local/lib/python3.8/site-packages/airflow/example_dags/example_kubernetes_executor.py for tasks to queue
[2024-02-22T14:24:34.461+0000] {logging_mixin.py:188} INFO - [2024-02-22T14:24:34.460+0000] {dagbag.py:538} INFO - Filling up the DagBag from /home/airflow/.local/lib/python3.8/site-packages/airflow/example_dags/example_kubernetes_executor.py
[2024-02-22T14:24:34.489+0000] {processor.py:840} INFO - DAG(s) 'example_kubernetes_executor' retrieved from /home/airflow/.local/lib/python3.8/site-packages/airflow/example_dags/example_kubernetes_executor.py
[2024-02-22T14:24:34.560+0000] {logging_mixin.py:188} INFO - [2024-02-22T14:24:34.559+0000] {dag.py:3036} INFO - Sync 1 DAGs
[2024-02-22T14:24:34.593+0000] {logging_mixin.py:188} INFO - [2024-02-22T14:24:34.593+0000] {dag.py:3823} INFO - Setting next_dagrun for example_kubernetes_executor to None, run_after=None
[2024-02-22T14:24:34.662+0000] {processor.py:183} INFO - Processing /home/airflow/.local/lib/python3.8/site-packages/airflow/example_dags/example_kubernetes_executor.py took 0.216 seconds
[2024-02-22T14:25:05.590+0000] {processor.py:161} INFO - Started process (PID=202) to work on /home/airflow/.local/lib/python3.8/site-packages/airflow/example_dags/example_kubernetes_executor.py
[2024-02-22T14:25:05.591+0000] {processor.py:830} INFO - Processing file /home/airflow/.local/lib/python3.8/site-packages/airflow/example_dags/example_kubernetes_executor.py for tasks to queue
[2024-02-22T14:25:05.595+0000] {logging_mixin.py:188} INFO - [2024-02-22T14:25:05.594+0000] {dagbag.py:538} INFO - Filling up the DagBag from /home/airflow/.local/lib/python3.8/site-packages/airflow/example_dags/example_kubernetes_executor.py
[2024-02-22T14:25:05.620+0000] {processor.py:840} INFO - DAG(s) 'example_kubernetes_executor' retrieved from /home/airflow/.local/lib/python3.8/site-packages/airflow/example_dags/example_kubernetes_executor.py
[2024-02-22T14:25:05.683+0000] {logging_mixin.py:188} INFO - [2024-02-22T14:25:05.682+0000] {dag.py:3036} INFO - Sync 1 DAGs
[2024-02-22T14:25:05.702+0000] {logging_mixin.py:188} INFO - [2024-02-22T14:25:05.701+0000] {dag.py:3823} INFO - Setting next_dagrun for example_kubernetes_executor to None, run_after=None
[2024-02-22T14:25:05.731+0000] {processor.py:183} INFO - Processing /home/airflow/.local/lib/python3.8/site-packages/airflow/example_dags/example_kubernetes_executor.py took 0.148 seconds
[2024-02-22T14:25:36.134+0000] {processor.py:161} INFO - Started process (PID=257) to work on /home/airflow/.local/lib/python3.8/site-packages/airflow/example_dags/example_kubernetes_executor.py
[2024-02-22T14:25:36.136+0000] {processor.py:830} INFO - Processing file /home/airflow/.local/lib/python3.8/site-packages/airflow/example_dags/example_kubernetes_executor.py for tasks to queue
[2024-02-22T14:25:36.140+0000] {logging_mixin.py:188} INFO - [2024-02-22T14:25:36.139+0000] {dagbag.py:538} INFO - Filling up the DagBag from /home/airflow/.local/lib/python3.8/site-packages/airflow/example_dags/example_kubernetes_executor.py
[2024-02-22T14:25:36.168+0000] {processor.py:840} INFO - DAG(s) 'example_kubernetes_executor' retrieved from /home/airflow/.local/lib/python3.8/site-packages/airflow/example_dags/example_kubernetes_executor.py
[2024-02-22T14:25:36.240+0000] {logging_mixin.py:188} INFO - [2024-02-22T14:25:36.239+0000] {dag.py:3036} INFO - Sync 1 DAGs
[2024-02-22T14:25:36.267+0000] {logging_mixin.py:188} INFO - [2024-02-22T14:25:36.267+0000] {dag.py:3823} INFO - Setting next_dagrun for example_kubernetes_executor to None, run_after=None
[2024-02-22T14:25:36.306+0000] {processor.py:183} INFO - Processing /home/airflow/.local/lib/python3.8/site-packages/airflow/example_dags/example_kubernetes_executor.py took 0.181 seconds
[2024-02-22T14:26:07.043+0000] {processor.py:161} INFO - Started process (PID=312) to work on /home/airflow/.local/lib/python3.8/site-packages/airflow/example_dags/example_kubernetes_executor.py
[2024-02-22T14:26:07.045+0000] {processor.py:830} INFO - Processing file /home/airflow/.local/lib/python3.8/site-packages/airflow/example_dags/example_kubernetes_executor.py for tasks to queue
[2024-02-22T14:26:07.050+0000] {logging_mixin.py:188} INFO - [2024-02-22T14:26:07.049+0000] {dagbag.py:538} INFO - Filling up the DagBag from /home/airflow/.local/lib/python3.8/site-packages/airflow/example_dags/example_kubernetes_executor.py
[2024-02-22T14:26:07.085+0000] {processor.py:840} INFO - DAG(s) 'example_kubernetes_executor' retrieved from /home/airflow/.local/lib/python3.8/site-packages/airflow/example_dags/example_kubernetes_executor.py
[2024-02-22T14:26:07.152+0000] {logging_mixin.py:188} INFO - [2024-02-22T14:26:07.151+0000] {dag.py:3036} INFO - Sync 1 DAGs
[2024-02-22T14:26:07.171+0000] {logging_mixin.py:188} INFO - [2024-02-22T14:26:07.171+0000] {dag.py:3823} INFO - Setting next_dagrun for example_kubernetes_executor to None, run_after=None
[2024-02-22T14:26:07.202+0000] {processor.py:183} INFO - Processing /home/airflow/.local/lib/python3.8/site-packages/airflow/example_dags/example_kubernetes_executor.py took 0.167 seconds
[2024-02-22T14:26:37.449+0000] {processor.py:161} INFO - Started process (PID=368) to work on /home/airflow/.local/lib/python3.8/site-packages/airflow/example_dags/example_kubernetes_executor.py
[2024-02-22T14:26:37.452+0000] {processor.py:830} INFO - Processing file /home/airflow/.local/lib/python3.8/site-packages/airflow/example_dags/example_kubernetes_executor.py for tasks to queue
[2024-02-22T14:26:37.457+0000] {logging_mixin.py:188} INFO - [2024-02-22T14:26:37.456+0000] {dagbag.py:538} INFO - Filling up the DagBag from /home/airflow/.local/lib/python3.8/site-packages/airflow/example_dags/example_kubernetes_executor.py
[2024-02-22T14:26:37.495+0000] {processor.py:840} INFO - DAG(s) 'example_kubernetes_executor' retrieved from /home/airflow/.local/lib/python3.8/site-packages/airflow/example_dags/example_kubernetes_executor.py
[2024-02-22T14:26:37.601+0000] {logging_mixin.py:188} INFO - [2024-02-22T14:26:37.600+0000] {dag.py:3036} INFO - Sync 1 DAGs
[2024-02-22T14:26:37.630+0000] {logging_mixin.py:188} INFO - [2024-02-22T14:26:37.629+0000] {dag.py:3823} INFO - Setting next_dagrun for example_kubernetes_executor to None, run_after=None
[2024-02-22T14:26:37.670+0000] {processor.py:183} INFO - Processing /home/airflow/.local/lib/python3.8/site-packages/airflow/example_dags/example_kubernetes_executor.py took 0.228 seconds
[2024-02-22T14:27:08.140+0000] {processor.py:161} INFO - Started process (PID=422) to work on /home/airflow/.local/lib/python3.8/site-packages/airflow/example_dags/example_kubernetes_executor.py
[2024-02-22T14:27:08.142+0000] {processor.py:830} INFO - Processing file /home/airflow/.local/lib/python3.8/site-packages/airflow/example_dags/example_kubernetes_executor.py for tasks to queue
[2024-02-22T14:27:08.146+0000] {logging_mixin.py:188} INFO - [2024-02-22T14:27:08.146+0000] {dagbag.py:538} INFO - Filling up the DagBag from /home/airflow/.local/lib/python3.8/site-packages/airflow/example_dags/example_kubernetes_executor.py
[2024-02-22T14:27:08.190+0000] {processor.py:840} INFO - DAG(s) 'example_kubernetes_executor' retrieved from /home/airflow/.local/lib/python3.8/site-packages/airflow/example_dags/example_kubernetes_executor.py
[2024-02-22T14:27:08.278+0000] {logging_mixin.py:188} INFO - [2024-02-22T14:27:08.277+0000] {dag.py:3036} INFO - Sync 1 DAGs
[2024-02-22T14:27:08.307+0000] {logging_mixin.py:188} INFO - [2024-02-22T14:27:08.306+0000] {dag.py:3823} INFO - Setting next_dagrun for example_kubernetes_executor to None, run_after=None
[2024-02-22T14:27:08.346+0000] {processor.py:183} INFO - Processing /home/airflow/.local/lib/python3.8/site-packages/airflow/example_dags/example_kubernetes_executor.py took 0.214 seconds
[2024-02-22T14:27:38.796+0000] {processor.py:161} INFO - Started process (PID=477) to work on /home/airflow/.local/lib/python3.8/site-packages/airflow/example_dags/example_kubernetes_executor.py
[2024-02-22T14:27:38.797+0000] {processor.py:830} INFO - Processing file /home/airflow/.local/lib/python3.8/site-packages/airflow/example_dags/example_kubernetes_executor.py for tasks to queue
[2024-02-22T14:27:38.803+0000] {logging_mixin.py:188} INFO - [2024-02-22T14:27:38.802+0000] {dagbag.py:538} INFO - Filling up the DagBag from /home/airflow/.local/lib/python3.8/site-packages/airflow/example_dags/example_kubernetes_executor.py
[2024-02-22T14:27:38.841+0000] {processor.py:840} INFO - DAG(s) 'example_kubernetes_executor' retrieved from /home/airflow/.local/lib/python3.8/site-packages/airflow/example_dags/example_kubernetes_executor.py
[2024-02-22T14:27:38.948+0000] {logging_mixin.py:188} INFO - [2024-02-22T14:27:38.947+0000] {dag.py:3036} INFO - Sync 1 DAGs
[2024-02-22T14:27:38.981+0000] {logging_mixin.py:188} INFO - [2024-02-22T14:27:38.980+0000] {dag.py:3823} INFO - Setting next_dagrun for example_kubernetes_executor to None, run_after=None
[2024-02-22T14:27:39.027+0000] {processor.py:183} INFO - Processing /home/airflow/.local/lib/python3.8/site-packages/airflow/example_dags/example_kubernetes_executor.py took 0.240 seconds
[2024-02-22T14:28:09.477+0000] {processor.py:161} INFO - Started process (PID=532) to work on /home/airflow/.local/lib/python3.8/site-packages/airflow/example_dags/example_kubernetes_executor.py
[2024-02-22T14:28:09.479+0000] {processor.py:830} INFO - Processing file /home/airflow/.local/lib/python3.8/site-packages/airflow/example_dags/example_kubernetes_executor.py for tasks to queue
[2024-02-22T14:28:09.483+0000] {logging_mixin.py:188} INFO - [2024-02-22T14:28:09.482+0000] {dagbag.py:538} INFO - Filling up the DagBag from /home/airflow/.local/lib/python3.8/site-packages/airflow/example_dags/example_kubernetes_executor.py
[2024-02-22T14:28:09.521+0000] {processor.py:840} INFO - DAG(s) 'example_kubernetes_executor' retrieved from /home/airflow/.local/lib/python3.8/site-packages/airflow/example_dags/example_kubernetes_executor.py
[2024-02-22T14:28:09.588+0000] {logging_mixin.py:188} INFO - [2024-02-22T14:28:09.588+0000] {dag.py:3036} INFO - Sync 1 DAGs
[2024-02-22T14:28:09.611+0000] {logging_mixin.py:188} INFO - [2024-02-22T14:28:09.611+0000] {dag.py:3823} INFO - Setting next_dagrun for example_kubernetes_executor to None, run_after=None
[2024-02-22T14:28:09.640+0000] {processor.py:183} INFO - Processing /home/airflow/.local/lib/python3.8/site-packages/airflow/example_dags/example_kubernetes_executor.py took 0.168 seconds
[2024-02-22T14:28:40.083+0000] {processor.py:161} INFO - Started process (PID=586) to work on /home/airflow/.local/lib/python3.8/site-packages/airflow/example_dags/example_kubernetes_executor.py
[2024-02-22T14:28:40.085+0000] {processor.py:830} INFO - Processing file /home/airflow/.local/lib/python3.8/site-packages/airflow/example_dags/example_kubernetes_executor.py for tasks to queue
[2024-02-22T14:28:40.089+0000] {logging_mixin.py:188} INFO - [2024-02-22T14:28:40.088+0000] {dagbag.py:538} INFO - Filling up the DagBag from /home/airflow/.local/lib/python3.8/site-packages/airflow/example_dags/example_kubernetes_executor.py
[2024-02-22T14:28:40.118+0000] {processor.py:840} INFO - DAG(s) 'example_kubernetes_executor' retrieved from /home/airflow/.local/lib/python3.8/site-packages/airflow/example_dags/example_kubernetes_executor.py
[2024-02-22T14:28:40.185+0000] {logging_mixin.py:188} INFO - [2024-02-22T14:28:40.184+0000] {dag.py:3036} INFO - Sync 1 DAGs
[2024-02-22T14:28:40.208+0000] {logging_mixin.py:188} INFO - [2024-02-22T14:28:40.207+0000] {dag.py:3823} INFO - Setting next_dagrun for example_kubernetes_executor to None, run_after=None
[2024-02-22T14:28:40.239+0000] {processor.py:183} INFO - Processing /home/airflow/.local/lib/python3.8/site-packages/airflow/example_dags/example_kubernetes_executor.py took 0.165 seconds
[2024-02-22T14:29:11.265+0000] {processor.py:161} INFO - Started process (PID=642) to work on /home/airflow/.local/lib/python3.8/site-packages/airflow/example_dags/example_kubernetes_executor.py
[2024-02-22T14:29:11.267+0000] {processor.py:830} INFO - Processing file /home/airflow/.local/lib/python3.8/site-packages/airflow/example_dags/example_kubernetes_executor.py for tasks to queue
[2024-02-22T14:29:11.271+0000] {logging_mixin.py:188} INFO - [2024-02-22T14:29:11.270+0000] {dagbag.py:538} INFO - Filling up the DagBag from /home/airflow/.local/lib/python3.8/site-packages/airflow/example_dags/example_kubernetes_executor.py
[2024-02-22T14:29:11.299+0000] {processor.py:840} INFO - DAG(s) 'example_kubernetes_executor' retrieved from /home/airflow/.local/lib/python3.8/site-packages/airflow/example_dags/example_kubernetes_executor.py
[2024-02-22T14:29:11.367+0000] {logging_mixin.py:188} INFO - [2024-02-22T14:29:11.366+0000] {dag.py:3036} INFO - Sync 1 DAGs
[2024-02-22T14:29:11.388+0000] {logging_mixin.py:188} INFO - [2024-02-22T14:29:11.388+0000] {dag.py:3823} INFO - Setting next_dagrun for example_kubernetes_executor to None, run_after=None
[2024-02-22T14:29:11.420+0000] {processor.py:183} INFO - Processing /home/airflow/.local/lib/python3.8/site-packages/airflow/example_dags/example_kubernetes_executor.py took 0.163 seconds
[2024-02-22T14:29:41.505+0000] {processor.py:161} INFO - Started process (PID=697) to work on /home/airflow/.local/lib/python3.8/site-packages/airflow/example_dags/example_kubernetes_executor.py
[2024-02-22T14:29:41.506+0000] {processor.py:830} INFO - Processing file /home/airflow/.local/lib/python3.8/site-packages/airflow/example_dags/example_kubernetes_executor.py for tasks to queue
[2024-02-22T14:29:41.510+0000] {logging_mixin.py:188} INFO - [2024-02-22T14:29:41.509+0000] {dagbag.py:538} INFO - Filling up the DagBag from /home/airflow/.local/lib/python3.8/site-packages/airflow/example_dags/example_kubernetes_executor.py
[2024-02-22T14:29:41.539+0000] {processor.py:840} INFO - DAG(s) 'example_kubernetes_executor' retrieved from /home/airflow/.local/lib/python3.8/site-packages/airflow/example_dags/example_kubernetes_executor.py
[2024-02-22T14:29:41.610+0000] {logging_mixin.py:188} INFO - [2024-02-22T14:29:41.608+0000] {dag.py:3036} INFO - Sync 1 DAGs
[2024-02-22T14:29:41.632+0000] {logging_mixin.py:188} INFO - [2024-02-22T14:29:41.631+0000] {dag.py:3823} INFO - Setting next_dagrun for example_kubernetes_executor to None, run_after=None
[2024-02-22T14:29:41.662+0000] {processor.py:183} INFO - Processing /home/airflow/.local/lib/python3.8/site-packages/airflow/example_dags/example_kubernetes_executor.py took 0.165 seconds
[2024-02-22T14:30:11.727+0000] {processor.py:161} INFO - Started process (PID=752) to work on /home/airflow/.local/lib/python3.8/site-packages/airflow/example_dags/example_kubernetes_executor.py
[2024-02-22T14:30:11.729+0000] {processor.py:830} INFO - Processing file /home/airflow/.local/lib/python3.8/site-packages/airflow/example_dags/example_kubernetes_executor.py for tasks to queue
[2024-02-22T14:30:11.732+0000] {logging_mixin.py:188} INFO - [2024-02-22T14:30:11.732+0000] {dagbag.py:538} INFO - Filling up the DagBag from /home/airflow/.local/lib/python3.8/site-packages/airflow/example_dags/example_kubernetes_executor.py
[2024-02-22T14:30:11.760+0000] {processor.py:840} INFO - DAG(s) 'example_kubernetes_executor' retrieved from /home/airflow/.local/lib/python3.8/site-packages/airflow/example_dags/example_kubernetes_executor.py
[2024-02-22T14:30:11.828+0000] {logging_mixin.py:188} INFO - [2024-02-22T14:30:11.827+0000] {dag.py:3036} INFO - Sync 1 DAGs
[2024-02-22T14:30:11.848+0000] {logging_mixin.py:188} INFO - [2024-02-22T14:30:11.848+0000] {dag.py:3823} INFO - Setting next_dagrun for example_kubernetes_executor to None, run_after=None
[2024-02-22T14:30:11.884+0000] {processor.py:183} INFO - Processing /home/airflow/.local/lib/python3.8/site-packages/airflow/example_dags/example_kubernetes_executor.py took 0.164 seconds
[2024-02-22T14:30:42.894+0000] {processor.py:161} INFO - Started process (PID=808) to work on /home/airflow/.local/lib/python3.8/site-packages/airflow/example_dags/example_kubernetes_executor.py
[2024-02-22T14:30:42.896+0000] {processor.py:830} INFO - Processing file /home/airflow/.local/lib/python3.8/site-packages/airflow/example_dags/example_kubernetes_executor.py for tasks to queue
[2024-02-22T14:30:42.900+0000] {logging_mixin.py:188} INFO - [2024-02-22T14:30:42.899+0000] {dagbag.py:538} INFO - Filling up the DagBag from /home/airflow/.local/lib/python3.8/site-packages/airflow/example_dags/example_kubernetes_executor.py
[2024-02-22T14:30:42.935+0000] {processor.py:840} INFO - DAG(s) 'example_kubernetes_executor' retrieved from /home/airflow/.local/lib/python3.8/site-packages/airflow/example_dags/example_kubernetes_executor.py
[2024-02-22T14:30:43.004+0000] {logging_mixin.py:188} INFO - [2024-02-22T14:30:43.003+0000] {dag.py:3036} INFO - Sync 1 DAGs
[2024-02-22T14:30:43.024+0000] {logging_mixin.py:188} INFO - [2024-02-22T14:30:43.024+0000] {dag.py:3823} INFO - Setting next_dagrun for example_kubernetes_executor to None, run_after=None
[2024-02-22T14:30:43.054+0000] {processor.py:183} INFO - Processing /home/airflow/.local/lib/python3.8/site-packages/airflow/example_dags/example_kubernetes_executor.py took 0.167 seconds
[2024-02-22T14:31:13.827+0000] {processor.py:161} INFO - Started process (PID=864) to work on /home/airflow/.local/lib/python3.8/site-packages/airflow/example_dags/example_kubernetes_executor.py
[2024-02-22T14:31:13.830+0000] {processor.py:830} INFO - Processing file /home/airflow/.local/lib/python3.8/site-packages/airflow/example_dags/example_kubernetes_executor.py for tasks to queue
[2024-02-22T14:31:13.834+0000] {logging_mixin.py:188} INFO - [2024-02-22T14:31:13.833+0000] {dagbag.py:538} INFO - Filling up the DagBag from /home/airflow/.local/lib/python3.8/site-packages/airflow/example_dags/example_kubernetes_executor.py
[2024-02-22T14:31:13.862+0000] {processor.py:840} INFO - DAG(s) 'example_kubernetes_executor' retrieved from /home/airflow/.local/lib/python3.8/site-packages/airflow/example_dags/example_kubernetes_executor.py
[2024-02-22T14:31:13.937+0000] {logging_mixin.py:188} INFO - [2024-02-22T14:31:13.936+0000] {dag.py:3036} INFO - Sync 1 DAGs
[2024-02-22T14:31:13.957+0000] {logging_mixin.py:188} INFO - [2024-02-22T14:31:13.957+0000] {dag.py:3823} INFO - Setting next_dagrun for example_kubernetes_executor to None, run_after=None
[2024-02-22T14:31:13.990+0000] {processor.py:183} INFO - Processing /home/airflow/.local/lib/python3.8/site-packages/airflow/example_dags/example_kubernetes_executor.py took 0.170 seconds
[2024-02-22T14:31:44.189+0000] {processor.py:161} INFO - Started process (PID=919) to work on /home/airflow/.local/lib/python3.8/site-packages/airflow/example_dags/example_kubernetes_executor.py
[2024-02-22T14:31:44.190+0000] {processor.py:830} INFO - Processing file /home/airflow/.local/lib/python3.8/site-packages/airflow/example_dags/example_kubernetes_executor.py for tasks to queue
[2024-02-22T14:31:44.195+0000] {logging_mixin.py:188} INFO - [2024-02-22T14:31:44.194+0000] {dagbag.py:538} INFO - Filling up the DagBag from /home/airflow/.local/lib/python3.8/site-packages/airflow/example_dags/example_kubernetes_executor.py
[2024-02-22T14:31:44.236+0000] {processor.py:840} INFO - DAG(s) 'example_kubernetes_executor' retrieved from /home/airflow/.local/lib/python3.8/site-packages/airflow/example_dags/example_kubernetes_executor.py
[2024-02-22T14:31:44.332+0000] {logging_mixin.py:188} INFO - [2024-02-22T14:31:44.331+0000] {dag.py:3036} INFO - Sync 1 DAGs
[2024-02-22T14:31:44.363+0000] {logging_mixin.py:188} INFO - [2024-02-22T14:31:44.362+0000] {dag.py:3823} INFO - Setting next_dagrun for example_kubernetes_executor to None, run_after=None
[2024-02-22T14:31:44.408+0000] {processor.py:183} INFO - Processing /home/airflow/.local/lib/python3.8/site-packages/airflow/example_dags/example_kubernetes_executor.py took 0.227 seconds
