[2024-02-22T14:23:40.659+0000] {processor.py:161} INFO - Started process (PID=78) to work on /home/airflow/.local/lib/python3.8/site-packages/airflow/example_dags/example_branch_python_dop_operator_3.py
[2024-02-22T14:23:40.660+0000] {processor.py:830} INFO - Processing file /home/airflow/.local/lib/python3.8/site-packages/airflow/example_dags/example_branch_python_dop_operator_3.py for tasks to queue
[2024-02-22T14:23:40.663+0000] {logging_mixin.py:188} INFO - [2024-02-22T14:23:40.663+0000] {dagbag.py:538} INFO - Filling up the DagBag from /home/airflow/.local/lib/python3.8/site-packages/airflow/example_dags/example_branch_python_dop_operator_3.py
[2024-02-22T14:23:40.685+0000] {processor.py:840} INFO - DAG(s) 'example_branch_dop_operator_v3' retrieved from /home/airflow/.local/lib/python3.8/site-packages/airflow/example_dags/example_branch_python_dop_operator_3.py
[2024-02-22T14:23:40.719+0000] {logging_mixin.py:188} INFO - [2024-02-22T14:23:40.719+0000] {dag.py:3036} INFO - Sync 1 DAGs
[2024-02-22T14:23:40.761+0000] {logging_mixin.py:188} INFO - [2024-02-22T14:23:40.761+0000] {dag.py:3823} INFO - Setting next_dagrun for example_branch_dop_operator_v3 to 2024-02-22 14:22:00+00:00, run_after=2024-02-22 14:23:00+00:00
[2024-02-22T14:23:40.791+0000] {processor.py:183} INFO - Processing /home/airflow/.local/lib/python3.8/site-packages/airflow/example_dags/example_branch_python_dop_operator_3.py took 0.141 seconds
[2024-02-22T14:24:11.626+0000] {processor.py:161} INFO - Started process (PID=133) to work on /home/airflow/.local/lib/python3.8/site-packages/airflow/example_dags/example_branch_python_dop_operator_3.py
[2024-02-22T14:24:11.629+0000] {processor.py:830} INFO - Processing file /home/airflow/.local/lib/python3.8/site-packages/airflow/example_dags/example_branch_python_dop_operator_3.py for tasks to queue
[2024-02-22T14:24:11.635+0000] {logging_mixin.py:188} INFO - [2024-02-22T14:24:11.634+0000] {dagbag.py:538} INFO - Filling up the DagBag from /home/airflow/.local/lib/python3.8/site-packages/airflow/example_dags/example_branch_python_dop_operator_3.py
[2024-02-22T14:24:11.656+0000] {processor.py:840} INFO - DAG(s) 'example_branch_dop_operator_v3' retrieved from /home/airflow/.local/lib/python3.8/site-packages/airflow/example_dags/example_branch_python_dop_operator_3.py
[2024-02-22T14:24:11.722+0000] {logging_mixin.py:188} INFO - [2024-02-22T14:24:11.721+0000] {dag.py:3036} INFO - Sync 1 DAGs
[2024-02-22T14:24:11.789+0000] {logging_mixin.py:188} INFO - [2024-02-22T14:24:11.788+0000] {dag.py:3823} INFO - Setting next_dagrun for example_branch_dop_operator_v3 to 2024-02-22 14:23:00+00:00, run_after=2024-02-22 14:24:00+00:00
[2024-02-22T14:24:11.825+0000] {processor.py:183} INFO - Processing /home/airflow/.local/lib/python3.8/site-packages/airflow/example_dags/example_branch_python_dop_operator_3.py took 0.206 seconds
[2024-02-22T14:24:41.958+0000] {processor.py:161} INFO - Started process (PID=188) to work on /home/airflow/.local/lib/python3.8/site-packages/airflow/example_dags/example_branch_python_dop_operator_3.py
[2024-02-22T14:24:41.959+0000] {processor.py:830} INFO - Processing file /home/airflow/.local/lib/python3.8/site-packages/airflow/example_dags/example_branch_python_dop_operator_3.py for tasks to queue
[2024-02-22T14:24:41.963+0000] {logging_mixin.py:188} INFO - [2024-02-22T14:24:41.962+0000] {dagbag.py:538} INFO - Filling up the DagBag from /home/airflow/.local/lib/python3.8/site-packages/airflow/example_dags/example_branch_python_dop_operator_3.py
[2024-02-22T14:24:41.979+0000] {processor.py:840} INFO - DAG(s) 'example_branch_dop_operator_v3' retrieved from /home/airflow/.local/lib/python3.8/site-packages/airflow/example_dags/example_branch_python_dop_operator_3.py
[2024-02-22T14:24:42.013+0000] {logging_mixin.py:188} INFO - [2024-02-22T14:24:42.012+0000] {dag.py:3036} INFO - Sync 1 DAGs
[2024-02-22T14:24:42.057+0000] {logging_mixin.py:188} INFO - [2024-02-22T14:24:42.056+0000] {dag.py:3823} INFO - Setting next_dagrun for example_branch_dop_operator_v3 to 2024-02-22 14:23:00+00:00, run_after=2024-02-22 14:24:00+00:00
[2024-02-22T14:24:42.088+0000] {processor.py:183} INFO - Processing /home/airflow/.local/lib/python3.8/site-packages/airflow/example_dags/example_branch_python_dop_operator_3.py took 0.137 seconds
[2024-02-22T14:25:12.445+0000] {processor.py:161} INFO - Started process (PID=243) to work on /home/airflow/.local/lib/python3.8/site-packages/airflow/example_dags/example_branch_python_dop_operator_3.py
[2024-02-22T14:25:12.448+0000] {processor.py:830} INFO - Processing file /home/airflow/.local/lib/python3.8/site-packages/airflow/example_dags/example_branch_python_dop_operator_3.py for tasks to queue
[2024-02-22T14:25:12.451+0000] {logging_mixin.py:188} INFO - [2024-02-22T14:25:12.450+0000] {dagbag.py:538} INFO - Filling up the DagBag from /home/airflow/.local/lib/python3.8/site-packages/airflow/example_dags/example_branch_python_dop_operator_3.py
[2024-02-22T14:25:12.468+0000] {processor.py:840} INFO - DAG(s) 'example_branch_dop_operator_v3' retrieved from /home/airflow/.local/lib/python3.8/site-packages/airflow/example_dags/example_branch_python_dop_operator_3.py
[2024-02-22T14:25:12.502+0000] {logging_mixin.py:188} INFO - [2024-02-22T14:25:12.501+0000] {dag.py:3036} INFO - Sync 1 DAGs
[2024-02-22T14:25:12.543+0000] {logging_mixin.py:188} INFO - [2024-02-22T14:25:12.543+0000] {dag.py:3823} INFO - Setting next_dagrun for example_branch_dop_operator_v3 to 2024-02-22 14:24:00+00:00, run_after=2024-02-22 14:25:00+00:00
[2024-02-22T14:25:12.575+0000] {processor.py:183} INFO - Processing /home/airflow/.local/lib/python3.8/site-packages/airflow/example_dags/example_branch_python_dop_operator_3.py took 0.135 seconds
[2024-02-22T14:25:43.416+0000] {processor.py:161} INFO - Started process (PID=298) to work on /home/airflow/.local/lib/python3.8/site-packages/airflow/example_dags/example_branch_python_dop_operator_3.py
[2024-02-22T14:25:43.418+0000] {processor.py:830} INFO - Processing file /home/airflow/.local/lib/python3.8/site-packages/airflow/example_dags/example_branch_python_dop_operator_3.py for tasks to queue
[2024-02-22T14:25:43.421+0000] {logging_mixin.py:188} INFO - [2024-02-22T14:25:43.421+0000] {dagbag.py:538} INFO - Filling up the DagBag from /home/airflow/.local/lib/python3.8/site-packages/airflow/example_dags/example_branch_python_dop_operator_3.py
[2024-02-22T14:25:43.443+0000] {processor.py:840} INFO - DAG(s) 'example_branch_dop_operator_v3' retrieved from /home/airflow/.local/lib/python3.8/site-packages/airflow/example_dags/example_branch_python_dop_operator_3.py
[2024-02-22T14:25:43.477+0000] {logging_mixin.py:188} INFO - [2024-02-22T14:25:43.476+0000] {dag.py:3036} INFO - Sync 1 DAGs
[2024-02-22T14:25:43.520+0000] {logging_mixin.py:188} INFO - [2024-02-22T14:25:43.519+0000] {dag.py:3823} INFO - Setting next_dagrun for example_branch_dop_operator_v3 to 2024-02-22 14:24:00+00:00, run_after=2024-02-22 14:25:00+00:00
[2024-02-22T14:25:43.546+0000] {processor.py:183} INFO - Processing /home/airflow/.local/lib/python3.8/site-packages/airflow/example_dags/example_branch_python_dop_operator_3.py took 0.136 seconds
[2024-02-22T14:26:13.694+0000] {processor.py:161} INFO - Started process (PID=353) to work on /home/airflow/.local/lib/python3.8/site-packages/airflow/example_dags/example_branch_python_dop_operator_3.py
[2024-02-22T14:26:13.696+0000] {processor.py:830} INFO - Processing file /home/airflow/.local/lib/python3.8/site-packages/airflow/example_dags/example_branch_python_dop_operator_3.py for tasks to queue
[2024-02-22T14:26:13.699+0000] {logging_mixin.py:188} INFO - [2024-02-22T14:26:13.699+0000] {dagbag.py:538} INFO - Filling up the DagBag from /home/airflow/.local/lib/python3.8/site-packages/airflow/example_dags/example_branch_python_dop_operator_3.py
[2024-02-22T14:26:13.718+0000] {processor.py:840} INFO - DAG(s) 'example_branch_dop_operator_v3' retrieved from /home/airflow/.local/lib/python3.8/site-packages/airflow/example_dags/example_branch_python_dop_operator_3.py
[2024-02-22T14:26:13.758+0000] {logging_mixin.py:188} INFO - [2024-02-22T14:26:13.757+0000] {dag.py:3036} INFO - Sync 1 DAGs
[2024-02-22T14:26:13.804+0000] {logging_mixin.py:188} INFO - [2024-02-22T14:26:13.804+0000] {dag.py:3823} INFO - Setting next_dagrun for example_branch_dop_operator_v3 to 2024-02-22 14:25:00+00:00, run_after=2024-02-22 14:26:00+00:00
[2024-02-22T14:26:13.833+0000] {processor.py:183} INFO - Processing /home/airflow/.local/lib/python3.8/site-packages/airflow/example_dags/example_branch_python_dop_operator_3.py took 0.145 seconds
