[2024-02-22T14:23:33.503+0000] {processor.py:161} INFO - Started process (PID=37) to work on /home/airflow/.local/lib/python3.8/site-packages/airflow/example_dags/example_sla_dag.py
[2024-02-22T14:23:33.505+0000] {processor.py:830} INFO - Processing file /home/airflow/.local/lib/python3.8/site-packages/airflow/example_dags/example_sla_dag.py for tasks to queue
[2024-02-22T14:23:33.509+0000] {logging_mixin.py:188} INFO - [2024-02-22T14:23:33.508+0000] {dagbag.py:538} INFO - Filling up the DagBag from /home/airflow/.local/lib/python3.8/site-packages/airflow/example_dags/example_sla_dag.py
[2024-02-22T14:23:33.532+0000] {processor.py:840} INFO - DAG(s) 'example_sla_dag' retrieved from /home/airflow/.local/lib/python3.8/site-packages/airflow/example_dags/example_sla_dag.py
[2024-02-22T14:23:33.576+0000] {logging_mixin.py:188} INFO - [2024-02-22T14:23:33.576+0000] {dag.py:3036} INFO - Sync 1 DAGs
[2024-02-22T14:23:33.636+0000] {logging_mixin.py:188} INFO - [2024-02-22T14:23:33.635+0000] {dag.py:3823} INFO - Setting next_dagrun for example_sla_dag to 2024-02-22 14:20:00+00:00, run_after=2024-02-22 14:22:00+00:00
[2024-02-22T14:23:33.673+0000] {processor.py:183} INFO - Processing /home/airflow/.local/lib/python3.8/site-packages/airflow/example_dags/example_sla_dag.py took 0.177 seconds
[2024-02-22T14:24:03.946+0000] {processor.py:161} INFO - Started process (PID=92) to work on /home/airflow/.local/lib/python3.8/site-packages/airflow/example_dags/example_sla_dag.py
[2024-02-22T14:24:03.948+0000] {processor.py:830} INFO - Processing file /home/airflow/.local/lib/python3.8/site-packages/airflow/example_dags/example_sla_dag.py for tasks to queue
[2024-02-22T14:24:03.951+0000] {logging_mixin.py:188} INFO - [2024-02-22T14:24:03.950+0000] {dagbag.py:538} INFO - Filling up the DagBag from /home/airflow/.local/lib/python3.8/site-packages/airflow/example_dags/example_sla_dag.py
[2024-02-22T14:24:03.967+0000] {processor.py:840} INFO - DAG(s) 'example_sla_dag' retrieved from /home/airflow/.local/lib/python3.8/site-packages/airflow/example_dags/example_sla_dag.py
[2024-02-22T14:24:04.000+0000] {logging_mixin.py:188} INFO - [2024-02-22T14:24:03.999+0000] {dag.py:3036} INFO - Sync 1 DAGs
[2024-02-22T14:24:04.039+0000] {logging_mixin.py:188} INFO - [2024-02-22T14:24:04.039+0000] {dag.py:3823} INFO - Setting next_dagrun for example_sla_dag to 2024-02-22 14:22:00+00:00, run_after=2024-02-22 14:24:00+00:00
[2024-02-22T14:24:04.068+0000] {processor.py:183} INFO - Processing /home/airflow/.local/lib/python3.8/site-packages/airflow/example_dags/example_sla_dag.py took 0.127 seconds
[2024-02-22T14:24:35.347+0000] {processor.py:161} INFO - Started process (PID=153) to work on /home/airflow/.local/lib/python3.8/site-packages/airflow/example_dags/example_sla_dag.py
[2024-02-22T14:24:35.349+0000] {processor.py:830} INFO - Processing file /home/airflow/.local/lib/python3.8/site-packages/airflow/example_dags/example_sla_dag.py for tasks to queue
[2024-02-22T14:24:35.353+0000] {logging_mixin.py:188} INFO - [2024-02-22T14:24:35.353+0000] {dagbag.py:538} INFO - Filling up the DagBag from /home/airflow/.local/lib/python3.8/site-packages/airflow/example_dags/example_sla_dag.py
[2024-02-22T14:24:35.374+0000] {processor.py:840} INFO - DAG(s) 'example_sla_dag' retrieved from /home/airflow/.local/lib/python3.8/site-packages/airflow/example_dags/example_sla_dag.py
[2024-02-22T14:24:35.418+0000] {logging_mixin.py:188} INFO - [2024-02-22T14:24:35.417+0000] {dag.py:3036} INFO - Sync 1 DAGs
[2024-02-22T14:24:35.477+0000] {logging_mixin.py:188} INFO - [2024-02-22T14:24:35.477+0000] {dag.py:3823} INFO - Setting next_dagrun for example_sla_dag to 2024-02-22 14:22:00+00:00, run_after=2024-02-22 14:24:00+00:00
[2024-02-22T14:24:35.512+0000] {processor.py:183} INFO - Processing /home/airflow/.local/lib/python3.8/site-packages/airflow/example_dags/example_sla_dag.py took 0.172 seconds
[2024-02-22T14:25:06.290+0000] {processor.py:161} INFO - Started process (PID=208) to work on /home/airflow/.local/lib/python3.8/site-packages/airflow/example_dags/example_sla_dag.py
[2024-02-22T14:25:06.292+0000] {processor.py:830} INFO - Processing file /home/airflow/.local/lib/python3.8/site-packages/airflow/example_dags/example_sla_dag.py for tasks to queue
[2024-02-22T14:25:06.295+0000] {logging_mixin.py:188} INFO - [2024-02-22T14:25:06.295+0000] {dagbag.py:538} INFO - Filling up the DagBag from /home/airflow/.local/lib/python3.8/site-packages/airflow/example_dags/example_sla_dag.py
[2024-02-22T14:25:06.310+0000] {processor.py:840} INFO - DAG(s) 'example_sla_dag' retrieved from /home/airflow/.local/lib/python3.8/site-packages/airflow/example_dags/example_sla_dag.py
[2024-02-22T14:25:06.342+0000] {logging_mixin.py:188} INFO - [2024-02-22T14:25:06.342+0000] {dag.py:3036} INFO - Sync 1 DAGs
[2024-02-22T14:25:06.381+0000] {logging_mixin.py:188} INFO - [2024-02-22T14:25:06.380+0000] {dag.py:3823} INFO - Setting next_dagrun for example_sla_dag to 2024-02-22 14:22:00+00:00, run_after=2024-02-22 14:24:00+00:00
[2024-02-22T14:25:06.407+0000] {processor.py:183} INFO - Processing /home/airflow/.local/lib/python3.8/site-packages/airflow/example_dags/example_sla_dag.py took 0.123 seconds
[2024-02-22T14:25:36.909+0000] {processor.py:161} INFO - Started process (PID=263) to work on /home/airflow/.local/lib/python3.8/site-packages/airflow/example_dags/example_sla_dag.py
[2024-02-22T14:25:36.911+0000] {processor.py:830} INFO - Processing file /home/airflow/.local/lib/python3.8/site-packages/airflow/example_dags/example_sla_dag.py for tasks to queue
[2024-02-22T14:25:36.915+0000] {logging_mixin.py:188} INFO - [2024-02-22T14:25:36.914+0000] {dagbag.py:538} INFO - Filling up the DagBag from /home/airflow/.local/lib/python3.8/site-packages/airflow/example_dags/example_sla_dag.py
[2024-02-22T14:25:36.930+0000] {processor.py:840} INFO - DAG(s) 'example_sla_dag' retrieved from /home/airflow/.local/lib/python3.8/site-packages/airflow/example_dags/example_sla_dag.py
[2024-02-22T14:25:36.963+0000] {logging_mixin.py:188} INFO - [2024-02-22T14:25:36.963+0000] {dag.py:3036} INFO - Sync 1 DAGs
[2024-02-22T14:25:37.004+0000] {logging_mixin.py:188} INFO - [2024-02-22T14:25:37.004+0000] {dag.py:3823} INFO - Setting next_dagrun for example_sla_dag to 2024-02-22 14:22:00+00:00, run_after=2024-02-22 14:24:00+00:00
[2024-02-22T14:25:37.033+0000] {processor.py:183} INFO - Processing /home/airflow/.local/lib/python3.8/site-packages/airflow/example_dags/example_sla_dag.py took 0.129 seconds
[2024-02-22T14:26:07.854+0000] {processor.py:161} INFO - Started process (PID=318) to work on /home/airflow/.local/lib/python3.8/site-packages/airflow/example_dags/example_sla_dag.py
[2024-02-22T14:26:07.856+0000] {processor.py:830} INFO - Processing file /home/airflow/.local/lib/python3.8/site-packages/airflow/example_dags/example_sla_dag.py for tasks to queue
[2024-02-22T14:26:07.859+0000] {logging_mixin.py:188} INFO - [2024-02-22T14:26:07.859+0000] {dagbag.py:538} INFO - Filling up the DagBag from /home/airflow/.local/lib/python3.8/site-packages/airflow/example_dags/example_sla_dag.py
[2024-02-22T14:26:07.875+0000] {processor.py:840} INFO - DAG(s) 'example_sla_dag' retrieved from /home/airflow/.local/lib/python3.8/site-packages/airflow/example_dags/example_sla_dag.py
[2024-02-22T14:26:07.910+0000] {logging_mixin.py:188} INFO - [2024-02-22T14:26:07.909+0000] {dag.py:3036} INFO - Sync 1 DAGs
[2024-02-22T14:26:07.951+0000] {logging_mixin.py:188} INFO - [2024-02-22T14:26:07.951+0000] {dag.py:3823} INFO - Setting next_dagrun for example_sla_dag to 2024-02-22 14:24:00+00:00, run_after=2024-02-22 14:26:00+00:00
[2024-02-22T14:26:07.980+0000] {processor.py:183} INFO - Processing /home/airflow/.local/lib/python3.8/site-packages/airflow/example_dags/example_sla_dag.py took 0.132 seconds
