[2024-02-22T14:23:36.849+0000] {processor.py:161} INFO - Started process (PID=56) to work on /home/airflow/.local/lib/python3.8/site-packages/airflow/example_dags/example_branch_labels.py
[2024-02-22T14:23:36.851+0000] {processor.py:830} INFO - Processing file /home/airflow/.local/lib/python3.8/site-packages/airflow/example_dags/example_branch_labels.py for tasks to queue
[2024-02-22T14:23:36.855+0000] {logging_mixin.py:188} INFO - [2024-02-22T14:23:36.854+0000] {dagbag.py:538} INFO - Filling up the DagBag from /home/airflow/.local/lib/python3.8/site-packages/airflow/example_dags/example_branch_labels.py
[2024-02-22T14:23:36.877+0000] {processor.py:840} INFO - DAG(s) 'example_branch_labels' retrieved from /home/airflow/.local/lib/python3.8/site-packages/airflow/example_dags/example_branch_labels.py
[2024-02-22T14:23:36.928+0000] {logging_mixin.py:188} INFO - [2024-02-22T14:23:36.927+0000] {dag.py:3036} INFO - Sync 1 DAGs
[2024-02-22T14:23:36.987+0000] {logging_mixin.py:188} INFO - [2024-02-22T14:23:36.987+0000] {dag.py:3823} INFO - Setting next_dagrun for example_branch_labels to 2024-02-21 00:00:00+00:00, run_after=2024-02-22 00:00:00+00:00
[2024-02-22T14:23:37.022+0000] {processor.py:183} INFO - Processing /home/airflow/.local/lib/python3.8/site-packages/airflow/example_dags/example_branch_labels.py took 0.180 seconds
[2024-02-22T14:24:07.507+0000] {processor.py:161} INFO - Started process (PID=111) to work on /home/airflow/.local/lib/python3.8/site-packages/airflow/example_dags/example_branch_labels.py
[2024-02-22T14:24:07.509+0000] {processor.py:830} INFO - Processing file /home/airflow/.local/lib/python3.8/site-packages/airflow/example_dags/example_branch_labels.py for tasks to queue
[2024-02-22T14:24:07.512+0000] {logging_mixin.py:188} INFO - [2024-02-22T14:24:07.511+0000] {dagbag.py:538} INFO - Filling up the DagBag from /home/airflow/.local/lib/python3.8/site-packages/airflow/example_dags/example_branch_labels.py
[2024-02-22T14:24:07.526+0000] {processor.py:840} INFO - DAG(s) 'example_branch_labels' retrieved from /home/airflow/.local/lib/python3.8/site-packages/airflow/example_dags/example_branch_labels.py
[2024-02-22T14:24:07.568+0000] {logging_mixin.py:188} INFO - [2024-02-22T14:24:07.567+0000] {dag.py:3036} INFO - Sync 1 DAGs
[2024-02-22T14:24:07.603+0000] {logging_mixin.py:188} INFO - [2024-02-22T14:24:07.603+0000] {dag.py:3823} INFO - Setting next_dagrun for example_branch_labels to 2024-02-21 00:00:00+00:00, run_after=2024-02-22 00:00:00+00:00
[2024-02-22T14:24:07.632+0000] {processor.py:183} INFO - Processing /home/airflow/.local/lib/python3.8/site-packages/airflow/example_dags/example_branch_labels.py took 0.132 seconds
[2024-02-22T14:24:37.789+0000] {processor.py:161} INFO - Started process (PID=166) to work on /home/airflow/.local/lib/python3.8/site-packages/airflow/example_dags/example_branch_labels.py
[2024-02-22T14:24:37.791+0000] {processor.py:830} INFO - Processing file /home/airflow/.local/lib/python3.8/site-packages/airflow/example_dags/example_branch_labels.py for tasks to queue
[2024-02-22T14:24:37.796+0000] {logging_mixin.py:188} INFO - [2024-02-22T14:24:37.795+0000] {dagbag.py:538} INFO - Filling up the DagBag from /home/airflow/.local/lib/python3.8/site-packages/airflow/example_dags/example_branch_labels.py
[2024-02-22T14:24:37.815+0000] {processor.py:840} INFO - DAG(s) 'example_branch_labels' retrieved from /home/airflow/.local/lib/python3.8/site-packages/airflow/example_dags/example_branch_labels.py
[2024-02-22T14:24:37.862+0000] {logging_mixin.py:188} INFO - [2024-02-22T14:24:37.860+0000] {dag.py:3036} INFO - Sync 1 DAGs
[2024-02-22T14:24:37.910+0000] {logging_mixin.py:188} INFO - [2024-02-22T14:24:37.910+0000] {dag.py:3823} INFO - Setting next_dagrun for example_branch_labels to 2024-02-21 00:00:00+00:00, run_after=2024-02-22 00:00:00+00:00
[2024-02-22T14:24:37.943+0000] {processor.py:183} INFO - Processing /home/airflow/.local/lib/python3.8/site-packages/airflow/example_dags/example_branch_labels.py took 0.160 seconds
[2024-02-22T14:25:08.559+0000] {processor.py:161} INFO - Started process (PID=221) to work on /home/airflow/.local/lib/python3.8/site-packages/airflow/example_dags/example_branch_labels.py
[2024-02-22T14:25:08.561+0000] {processor.py:830} INFO - Processing file /home/airflow/.local/lib/python3.8/site-packages/airflow/example_dags/example_branch_labels.py for tasks to queue
[2024-02-22T14:25:08.564+0000] {logging_mixin.py:188} INFO - [2024-02-22T14:25:08.564+0000] {dagbag.py:538} INFO - Filling up the DagBag from /home/airflow/.local/lib/python3.8/site-packages/airflow/example_dags/example_branch_labels.py
[2024-02-22T14:25:08.579+0000] {processor.py:840} INFO - DAG(s) 'example_branch_labels' retrieved from /home/airflow/.local/lib/python3.8/site-packages/airflow/example_dags/example_branch_labels.py
[2024-02-22T14:25:08.615+0000] {logging_mixin.py:188} INFO - [2024-02-22T14:25:08.614+0000] {dag.py:3036} INFO - Sync 1 DAGs
[2024-02-22T14:25:08.652+0000] {logging_mixin.py:188} INFO - [2024-02-22T14:25:08.651+0000] {dag.py:3823} INFO - Setting next_dagrun for example_branch_labels to 2024-02-21 00:00:00+00:00, run_after=2024-02-22 00:00:00+00:00
[2024-02-22T14:25:08.678+0000] {processor.py:183} INFO - Processing /home/airflow/.local/lib/python3.8/site-packages/airflow/example_dags/example_branch_labels.py took 0.124 seconds
[2024-02-22T14:25:39.476+0000] {processor.py:161} INFO - Started process (PID=276) to work on /home/airflow/.local/lib/python3.8/site-packages/airflow/example_dags/example_branch_labels.py
[2024-02-22T14:25:39.478+0000] {processor.py:830} INFO - Processing file /home/airflow/.local/lib/python3.8/site-packages/airflow/example_dags/example_branch_labels.py for tasks to queue
[2024-02-22T14:25:39.483+0000] {logging_mixin.py:188} INFO - [2024-02-22T14:25:39.482+0000] {dagbag.py:538} INFO - Filling up the DagBag from /home/airflow/.local/lib/python3.8/site-packages/airflow/example_dags/example_branch_labels.py
[2024-02-22T14:25:39.502+0000] {processor.py:840} INFO - DAG(s) 'example_branch_labels' retrieved from /home/airflow/.local/lib/python3.8/site-packages/airflow/example_dags/example_branch_labels.py
[2024-02-22T14:25:39.548+0000] {logging_mixin.py:188} INFO - [2024-02-22T14:25:39.547+0000] {dag.py:3036} INFO - Sync 1 DAGs
[2024-02-22T14:25:39.584+0000] {logging_mixin.py:188} INFO - [2024-02-22T14:25:39.584+0000] {dag.py:3823} INFO - Setting next_dagrun for example_branch_labels to 2024-02-21 00:00:00+00:00, run_after=2024-02-22 00:00:00+00:00
[2024-02-22T14:25:39.611+0000] {processor.py:183} INFO - Processing /home/airflow/.local/lib/python3.8/site-packages/airflow/example_dags/example_branch_labels.py took 0.141 seconds
[2024-02-22T14:26:10.414+0000] {processor.py:161} INFO - Started process (PID=331) to work on /home/airflow/.local/lib/python3.8/site-packages/airflow/example_dags/example_branch_labels.py
[2024-02-22T14:26:10.416+0000] {processor.py:830} INFO - Processing file /home/airflow/.local/lib/python3.8/site-packages/airflow/example_dags/example_branch_labels.py for tasks to queue
[2024-02-22T14:26:10.419+0000] {logging_mixin.py:188} INFO - [2024-02-22T14:26:10.419+0000] {dagbag.py:538} INFO - Filling up the DagBag from /home/airflow/.local/lib/python3.8/site-packages/airflow/example_dags/example_branch_labels.py
[2024-02-22T14:26:10.435+0000] {processor.py:840} INFO - DAG(s) 'example_branch_labels' retrieved from /home/airflow/.local/lib/python3.8/site-packages/airflow/example_dags/example_branch_labels.py
[2024-02-22T14:26:10.473+0000] {logging_mixin.py:188} INFO - [2024-02-22T14:26:10.472+0000] {dag.py:3036} INFO - Sync 1 DAGs
[2024-02-22T14:26:10.523+0000] {logging_mixin.py:188} INFO - [2024-02-22T14:26:10.522+0000] {dag.py:3823} INFO - Setting next_dagrun for example_branch_labels to 2024-02-21 00:00:00+00:00, run_after=2024-02-22 00:00:00+00:00
[2024-02-22T14:26:10.558+0000] {processor.py:183} INFO - Processing /home/airflow/.local/lib/python3.8/site-packages/airflow/example_dags/example_branch_labels.py took 0.151 seconds
[2024-02-22T14:26:40.912+0000] {processor.py:161} INFO - Started process (PID=387) to work on /home/airflow/.local/lib/python3.8/site-packages/airflow/example_dags/example_branch_labels.py
[2024-02-22T14:26:40.914+0000] {processor.py:830} INFO - Processing file /home/airflow/.local/lib/python3.8/site-packages/airflow/example_dags/example_branch_labels.py for tasks to queue
[2024-02-22T14:26:40.918+0000] {logging_mixin.py:188} INFO - [2024-02-22T14:26:40.917+0000] {dagbag.py:538} INFO - Filling up the DagBag from /home/airflow/.local/lib/python3.8/site-packages/airflow/example_dags/example_branch_labels.py
[2024-02-22T14:26:40.937+0000] {processor.py:840} INFO - DAG(s) 'example_branch_labels' retrieved from /home/airflow/.local/lib/python3.8/site-packages/airflow/example_dags/example_branch_labels.py
[2024-02-22T14:26:40.985+0000] {logging_mixin.py:188} INFO - [2024-02-22T14:26:40.984+0000] {dag.py:3036} INFO - Sync 1 DAGs
[2024-02-22T14:26:41.036+0000] {logging_mixin.py:188} INFO - [2024-02-22T14:26:41.035+0000] {dag.py:3823} INFO - Setting next_dagrun for example_branch_labels to 2024-02-21 00:00:00+00:00, run_after=2024-02-22 00:00:00+00:00
[2024-02-22T14:26:41.076+0000] {processor.py:183} INFO - Processing /home/airflow/.local/lib/python3.8/site-packages/airflow/example_dags/example_branch_labels.py took 0.172 seconds
[2024-02-22T14:27:11.828+0000] {processor.py:161} INFO - Started process (PID=441) to work on /home/airflow/.local/lib/python3.8/site-packages/airflow/example_dags/example_branch_labels.py
[2024-02-22T14:27:11.830+0000] {processor.py:830} INFO - Processing file /home/airflow/.local/lib/python3.8/site-packages/airflow/example_dags/example_branch_labels.py for tasks to queue
[2024-02-22T14:27:11.834+0000] {logging_mixin.py:188} INFO - [2024-02-22T14:27:11.833+0000] {dagbag.py:538} INFO - Filling up the DagBag from /home/airflow/.local/lib/python3.8/site-packages/airflow/example_dags/example_branch_labels.py
[2024-02-22T14:27:11.849+0000] {processor.py:840} INFO - DAG(s) 'example_branch_labels' retrieved from /home/airflow/.local/lib/python3.8/site-packages/airflow/example_dags/example_branch_labels.py
[2024-02-22T14:27:11.888+0000] {logging_mixin.py:188} INFO - [2024-02-22T14:27:11.887+0000] {dag.py:3036} INFO - Sync 1 DAGs
[2024-02-22T14:27:11.934+0000] {logging_mixin.py:188} INFO - [2024-02-22T14:27:11.933+0000] {dag.py:3823} INFO - Setting next_dagrun for example_branch_labels to 2024-02-21 00:00:00+00:00, run_after=2024-02-22 00:00:00+00:00
[2024-02-22T14:27:11.971+0000] {processor.py:183} INFO - Processing /home/airflow/.local/lib/python3.8/site-packages/airflow/example_dags/example_branch_labels.py took 0.152 seconds
[2024-02-22T14:27:42.249+0000] {processor.py:161} INFO - Started process (PID=496) to work on /home/airflow/.local/lib/python3.8/site-packages/airflow/example_dags/example_branch_labels.py
[2024-02-22T14:27:42.251+0000] {processor.py:830} INFO - Processing file /home/airflow/.local/lib/python3.8/site-packages/airflow/example_dags/example_branch_labels.py for tasks to queue
[2024-02-22T14:27:42.256+0000] {logging_mixin.py:188} INFO - [2024-02-22T14:27:42.255+0000] {dagbag.py:538} INFO - Filling up the DagBag from /home/airflow/.local/lib/python3.8/site-packages/airflow/example_dags/example_branch_labels.py
[2024-02-22T14:27:42.277+0000] {processor.py:840} INFO - DAG(s) 'example_branch_labels' retrieved from /home/airflow/.local/lib/python3.8/site-packages/airflow/example_dags/example_branch_labels.py
[2024-02-22T14:27:42.333+0000] {logging_mixin.py:188} INFO - [2024-02-22T14:27:42.332+0000] {dag.py:3036} INFO - Sync 1 DAGs
[2024-02-22T14:27:42.386+0000] {logging_mixin.py:188} INFO - [2024-02-22T14:27:42.386+0000] {dag.py:3823} INFO - Setting next_dagrun for example_branch_labels to 2024-02-21 00:00:00+00:00, run_after=2024-02-22 00:00:00+00:00
[2024-02-22T14:27:42.423+0000] {processor.py:183} INFO - Processing /home/airflow/.local/lib/python3.8/site-packages/airflow/example_dags/example_branch_labels.py took 0.182 seconds
[2024-02-22T14:28:12.741+0000] {processor.py:161} INFO - Started process (PID=551) to work on /home/airflow/.local/lib/python3.8/site-packages/airflow/example_dags/example_branch_labels.py
[2024-02-22T14:28:12.744+0000] {processor.py:830} INFO - Processing file /home/airflow/.local/lib/python3.8/site-packages/airflow/example_dags/example_branch_labels.py for tasks to queue
[2024-02-22T14:28:12.749+0000] {logging_mixin.py:188} INFO - [2024-02-22T14:28:12.748+0000] {dagbag.py:538} INFO - Filling up the DagBag from /home/airflow/.local/lib/python3.8/site-packages/airflow/example_dags/example_branch_labels.py
[2024-02-22T14:28:12.770+0000] {processor.py:840} INFO - DAG(s) 'example_branch_labels' retrieved from /home/airflow/.local/lib/python3.8/site-packages/airflow/example_dags/example_branch_labels.py
[2024-02-22T14:28:12.826+0000] {logging_mixin.py:188} INFO - [2024-02-22T14:28:12.824+0000] {dag.py:3036} INFO - Sync 1 DAGs
[2024-02-22T14:28:12.887+0000] {logging_mixin.py:188} INFO - [2024-02-22T14:28:12.887+0000] {dag.py:3823} INFO - Setting next_dagrun for example_branch_labels to 2024-02-21 00:00:00+00:00, run_after=2024-02-22 00:00:00+00:00
[2024-02-22T14:28:12.924+0000] {processor.py:183} INFO - Processing /home/airflow/.local/lib/python3.8/site-packages/airflow/example_dags/example_branch_labels.py took 0.192 seconds
[2024-02-22T14:28:43.048+0000] {processor.py:161} INFO - Started process (PID=605) to work on /home/airflow/.local/lib/python3.8/site-packages/airflow/example_dags/example_branch_labels.py
[2024-02-22T14:28:43.050+0000] {processor.py:830} INFO - Processing file /home/airflow/.local/lib/python3.8/site-packages/airflow/example_dags/example_branch_labels.py for tasks to queue
[2024-02-22T14:28:43.054+0000] {logging_mixin.py:188} INFO - [2024-02-22T14:28:43.053+0000] {dagbag.py:538} INFO - Filling up the DagBag from /home/airflow/.local/lib/python3.8/site-packages/airflow/example_dags/example_branch_labels.py
[2024-02-22T14:28:43.071+0000] {processor.py:840} INFO - DAG(s) 'example_branch_labels' retrieved from /home/airflow/.local/lib/python3.8/site-packages/airflow/example_dags/example_branch_labels.py
[2024-02-22T14:28:43.109+0000] {logging_mixin.py:188} INFO - [2024-02-22T14:28:43.109+0000] {dag.py:3036} INFO - Sync 1 DAGs
[2024-02-22T14:28:43.148+0000] {logging_mixin.py:188} INFO - [2024-02-22T14:28:43.148+0000] {dag.py:3823} INFO - Setting next_dagrun for example_branch_labels to 2024-02-21 00:00:00+00:00, run_after=2024-02-22 00:00:00+00:00
[2024-02-22T14:28:43.174+0000] {processor.py:183} INFO - Processing /home/airflow/.local/lib/python3.8/site-packages/airflow/example_dags/example_branch_labels.py took 0.132 seconds
[2024-02-22T14:29:13.795+0000] {processor.py:161} INFO - Started process (PID=661) to work on /home/airflow/.local/lib/python3.8/site-packages/airflow/example_dags/example_branch_labels.py
[2024-02-22T14:29:13.797+0000] {processor.py:830} INFO - Processing file /home/airflow/.local/lib/python3.8/site-packages/airflow/example_dags/example_branch_labels.py for tasks to queue
[2024-02-22T14:29:13.800+0000] {logging_mixin.py:188} INFO - [2024-02-22T14:29:13.800+0000] {dagbag.py:538} INFO - Filling up the DagBag from /home/airflow/.local/lib/python3.8/site-packages/airflow/example_dags/example_branch_labels.py
[2024-02-22T14:29:13.814+0000] {processor.py:840} INFO - DAG(s) 'example_branch_labels' retrieved from /home/airflow/.local/lib/python3.8/site-packages/airflow/example_dags/example_branch_labels.py
[2024-02-22T14:29:13.852+0000] {logging_mixin.py:188} INFO - [2024-02-22T14:29:13.851+0000] {dag.py:3036} INFO - Sync 1 DAGs
[2024-02-22T14:29:13.892+0000] {logging_mixin.py:188} INFO - [2024-02-22T14:29:13.891+0000] {dag.py:3823} INFO - Setting next_dagrun for example_branch_labels to 2024-02-21 00:00:00+00:00, run_after=2024-02-22 00:00:00+00:00
[2024-02-22T14:29:13.922+0000] {processor.py:183} INFO - Processing /home/airflow/.local/lib/python3.8/site-packages/airflow/example_dags/example_branch_labels.py took 0.134 seconds
[2024-02-22T14:29:45.106+0000] {processor.py:161} INFO - Started process (PID=717) to work on /home/airflow/.local/lib/python3.8/site-packages/airflow/example_dags/example_branch_labels.py
[2024-02-22T14:29:45.108+0000] {processor.py:830} INFO - Processing file /home/airflow/.local/lib/python3.8/site-packages/airflow/example_dags/example_branch_labels.py for tasks to queue
[2024-02-22T14:29:45.113+0000] {logging_mixin.py:188} INFO - [2024-02-22T14:29:45.112+0000] {dagbag.py:538} INFO - Filling up the DagBag from /home/airflow/.local/lib/python3.8/site-packages/airflow/example_dags/example_branch_labels.py
[2024-02-22T14:29:45.131+0000] {processor.py:840} INFO - DAG(s) 'example_branch_labels' retrieved from /home/airflow/.local/lib/python3.8/site-packages/airflow/example_dags/example_branch_labels.py
[2024-02-22T14:29:45.178+0000] {logging_mixin.py:188} INFO - [2024-02-22T14:29:45.177+0000] {dag.py:3036} INFO - Sync 1 DAGs
[2024-02-22T14:29:45.218+0000] {logging_mixin.py:188} INFO - [2024-02-22T14:29:45.217+0000] {dag.py:3823} INFO - Setting next_dagrun for example_branch_labels to 2024-02-21 00:00:00+00:00, run_after=2024-02-22 00:00:00+00:00
[2024-02-22T14:29:45.245+0000] {processor.py:183} INFO - Processing /home/airflow/.local/lib/python3.8/site-packages/airflow/example_dags/example_branch_labels.py took 0.146 seconds
[2024-02-22T14:30:16.161+0000] {processor.py:161} INFO - Started process (PID=772) to work on /home/airflow/.local/lib/python3.8/site-packages/airflow/example_dags/example_branch_labels.py
[2024-02-22T14:30:16.163+0000] {processor.py:830} INFO - Processing file /home/airflow/.local/lib/python3.8/site-packages/airflow/example_dags/example_branch_labels.py for tasks to queue
[2024-02-22T14:30:16.166+0000] {logging_mixin.py:188} INFO - [2024-02-22T14:30:16.166+0000] {dagbag.py:538} INFO - Filling up the DagBag from /home/airflow/.local/lib/python3.8/site-packages/airflow/example_dags/example_branch_labels.py
[2024-02-22T14:30:16.181+0000] {processor.py:840} INFO - DAG(s) 'example_branch_labels' retrieved from /home/airflow/.local/lib/python3.8/site-packages/airflow/example_dags/example_branch_labels.py
[2024-02-22T14:30:16.218+0000] {logging_mixin.py:188} INFO - [2024-02-22T14:30:16.217+0000] {dag.py:3036} INFO - Sync 1 DAGs
[2024-02-22T14:30:16.263+0000] {logging_mixin.py:188} INFO - [2024-02-22T14:30:16.262+0000] {dag.py:3823} INFO - Setting next_dagrun for example_branch_labels to 2024-02-21 00:00:00+00:00, run_after=2024-02-22 00:00:00+00:00
[2024-02-22T14:30:16.294+0000] {processor.py:183} INFO - Processing /home/airflow/.local/lib/python3.8/site-packages/airflow/example_dags/example_branch_labels.py took 0.140 seconds
[2024-02-22T14:30:47.117+0000] {processor.py:161} INFO - Started process (PID=827) to work on /home/airflow/.local/lib/python3.8/site-packages/airflow/example_dags/example_branch_labels.py
[2024-02-22T14:30:47.120+0000] {processor.py:830} INFO - Processing file /home/airflow/.local/lib/python3.8/site-packages/airflow/example_dags/example_branch_labels.py for tasks to queue
[2024-02-22T14:30:47.125+0000] {logging_mixin.py:188} INFO - [2024-02-22T14:30:47.124+0000] {dagbag.py:538} INFO - Filling up the DagBag from /home/airflow/.local/lib/python3.8/site-packages/airflow/example_dags/example_branch_labels.py
[2024-02-22T14:30:47.147+0000] {processor.py:840} INFO - DAG(s) 'example_branch_labels' retrieved from /home/airflow/.local/lib/python3.8/site-packages/airflow/example_dags/example_branch_labels.py
[2024-02-22T14:30:47.186+0000] {logging_mixin.py:188} INFO - [2024-02-22T14:30:47.185+0000] {dag.py:3036} INFO - Sync 1 DAGs
[2024-02-22T14:30:47.224+0000] {logging_mixin.py:188} INFO - [2024-02-22T14:30:47.223+0000] {dag.py:3823} INFO - Setting next_dagrun for example_branch_labels to 2024-02-21 00:00:00+00:00, run_after=2024-02-22 00:00:00+00:00
[2024-02-22T14:30:47.252+0000] {processor.py:183} INFO - Processing /home/airflow/.local/lib/python3.8/site-packages/airflow/example_dags/example_branch_labels.py took 0.141 seconds
[2024-02-22T14:31:18.166+0000] {processor.py:161} INFO - Started process (PID=883) to work on /home/airflow/.local/lib/python3.8/site-packages/airflow/example_dags/example_branch_labels.py
[2024-02-22T14:31:18.168+0000] {processor.py:830} INFO - Processing file /home/airflow/.local/lib/python3.8/site-packages/airflow/example_dags/example_branch_labels.py for tasks to queue
[2024-02-22T14:31:18.172+0000] {logging_mixin.py:188} INFO - [2024-02-22T14:31:18.172+0000] {dagbag.py:538} INFO - Filling up the DagBag from /home/airflow/.local/lib/python3.8/site-packages/airflow/example_dags/example_branch_labels.py
[2024-02-22T14:31:18.187+0000] {processor.py:840} INFO - DAG(s) 'example_branch_labels' retrieved from /home/airflow/.local/lib/python3.8/site-packages/airflow/example_dags/example_branch_labels.py
[2024-02-22T14:31:18.235+0000] {logging_mixin.py:188} INFO - [2024-02-22T14:31:18.234+0000] {dag.py:3036} INFO - Sync 1 DAGs
[2024-02-22T14:31:18.282+0000] {logging_mixin.py:188} INFO - [2024-02-22T14:31:18.282+0000] {dag.py:3823} INFO - Setting next_dagrun for example_branch_labels to 2024-02-21 00:00:00+00:00, run_after=2024-02-22 00:00:00+00:00
[2024-02-22T14:31:18.319+0000] {processor.py:183} INFO - Processing /home/airflow/.local/lib/python3.8/site-packages/airflow/example_dags/example_branch_labels.py took 0.160 seconds
[2024-02-22T14:31:49.031+0000] {processor.py:161} INFO - Started process (PID=938) to work on /home/airflow/.local/lib/python3.8/site-packages/airflow/example_dags/example_branch_labels.py
[2024-02-22T14:31:49.033+0000] {processor.py:830} INFO - Processing file /home/airflow/.local/lib/python3.8/site-packages/airflow/example_dags/example_branch_labels.py for tasks to queue
[2024-02-22T14:31:49.037+0000] {logging_mixin.py:188} INFO - [2024-02-22T14:31:49.036+0000] {dagbag.py:538} INFO - Filling up the DagBag from /home/airflow/.local/lib/python3.8/site-packages/airflow/example_dags/example_branch_labels.py
[2024-02-22T14:31:49.053+0000] {processor.py:840} INFO - DAG(s) 'example_branch_labels' retrieved from /home/airflow/.local/lib/python3.8/site-packages/airflow/example_dags/example_branch_labels.py
[2024-02-22T14:31:49.096+0000] {logging_mixin.py:188} INFO - [2024-02-22T14:31:49.094+0000] {dag.py:3036} INFO - Sync 1 DAGs
[2024-02-22T14:31:49.139+0000] {logging_mixin.py:188} INFO - [2024-02-22T14:31:49.139+0000] {dag.py:3823} INFO - Setting next_dagrun for example_branch_labels to 2024-02-21 00:00:00+00:00, run_after=2024-02-22 00:00:00+00:00
[2024-02-22T14:31:49.170+0000] {processor.py:183} INFO - Processing /home/airflow/.local/lib/python3.8/site-packages/airflow/example_dags/example_branch_labels.py took 0.147 seconds
[2024-02-22T14:32:19.430+0000] {processor.py:161} INFO - Started process (PID=993) to work on /home/airflow/.local/lib/python3.8/site-packages/airflow/example_dags/example_branch_labels.py
[2024-02-22T14:32:19.433+0000] {processor.py:830} INFO - Processing file /home/airflow/.local/lib/python3.8/site-packages/airflow/example_dags/example_branch_labels.py for tasks to queue
[2024-02-22T14:32:19.436+0000] {logging_mixin.py:188} INFO - [2024-02-22T14:32:19.436+0000] {dagbag.py:538} INFO - Filling up the DagBag from /home/airflow/.local/lib/python3.8/site-packages/airflow/example_dags/example_branch_labels.py
[2024-02-22T14:32:19.452+0000] {processor.py:840} INFO - DAG(s) 'example_branch_labels' retrieved from /home/airflow/.local/lib/python3.8/site-packages/airflow/example_dags/example_branch_labels.py
[2024-02-22T14:32:19.494+0000] {logging_mixin.py:188} INFO - [2024-02-22T14:32:19.493+0000] {dag.py:3036} INFO - Sync 1 DAGs
[2024-02-22T14:32:19.535+0000] {logging_mixin.py:188} INFO - [2024-02-22T14:32:19.534+0000] {dag.py:3823} INFO - Setting next_dagrun for example_branch_labels to 2024-02-21 00:00:00+00:00, run_after=2024-02-22 00:00:00+00:00
[2024-02-22T14:32:19.568+0000] {processor.py:183} INFO - Processing /home/airflow/.local/lib/python3.8/site-packages/airflow/example_dags/example_branch_labels.py took 0.145 seconds
[2024-02-22T14:34:25.200+0000] {processor.py:161} INFO - Started process (PID=57) to work on /home/airflow/.local/lib/python3.8/site-packages/airflow/example_dags/example_branch_labels.py
[2024-02-22T14:34:25.205+0000] {processor.py:830} INFO - Processing file /home/airflow/.local/lib/python3.8/site-packages/airflow/example_dags/example_branch_labels.py for tasks to queue
[2024-02-22T14:34:25.218+0000] {logging_mixin.py:188} INFO - [2024-02-22T14:34:25.217+0000] {dagbag.py:538} INFO - Filling up the DagBag from /home/airflow/.local/lib/python3.8/site-packages/airflow/example_dags/example_branch_labels.py
[2024-02-22T14:34:25.282+0000] {processor.py:840} INFO - DAG(s) 'example_branch_labels' retrieved from /home/airflow/.local/lib/python3.8/site-packages/airflow/example_dags/example_branch_labels.py
[2024-02-22T14:34:25.377+0000] {logging_mixin.py:188} INFO - [2024-02-22T14:34:25.373+0000] {dag.py:3036} INFO - Sync 1 DAGs
[2024-02-22T14:34:25.504+0000] {logging_mixin.py:188} INFO - [2024-02-22T14:34:25.503+0000] {dag.py:3823} INFO - Setting next_dagrun for example_branch_labels to 2024-02-21 00:00:00+00:00, run_after=2024-02-22 00:00:00+00:00
[2024-02-22T14:34:25.559+0000] {processor.py:183} INFO - Processing /home/airflow/.local/lib/python3.8/site-packages/airflow/example_dags/example_branch_labels.py took 0.377 seconds
[2024-02-22T14:34:56.377+0000] {processor.py:161} INFO - Started process (PID=112) to work on /home/airflow/.local/lib/python3.8/site-packages/airflow/example_dags/example_branch_labels.py
[2024-02-22T14:34:56.380+0000] {processor.py:830} INFO - Processing file /home/airflow/.local/lib/python3.8/site-packages/airflow/example_dags/example_branch_labels.py for tasks to queue
[2024-02-22T14:34:56.383+0000] {logging_mixin.py:188} INFO - [2024-02-22T14:34:56.383+0000] {dagbag.py:538} INFO - Filling up the DagBag from /home/airflow/.local/lib/python3.8/site-packages/airflow/example_dags/example_branch_labels.py
[2024-02-22T14:34:56.398+0000] {processor.py:840} INFO - DAG(s) 'example_branch_labels' retrieved from /home/airflow/.local/lib/python3.8/site-packages/airflow/example_dags/example_branch_labels.py
[2024-02-22T14:34:56.444+0000] {logging_mixin.py:188} INFO - [2024-02-22T14:34:56.443+0000] {dag.py:3036} INFO - Sync 1 DAGs
[2024-02-22T14:34:56.499+0000] {logging_mixin.py:188} INFO - [2024-02-22T14:34:56.498+0000] {dag.py:3823} INFO - Setting next_dagrun for example_branch_labels to 2024-02-21 00:00:00+00:00, run_after=2024-02-22 00:00:00+00:00
[2024-02-22T14:34:56.535+0000] {processor.py:183} INFO - Processing /home/airflow/.local/lib/python3.8/site-packages/airflow/example_dags/example_branch_labels.py took 0.167 seconds
[2024-02-22T14:35:27.194+0000] {processor.py:161} INFO - Started process (PID=166) to work on /home/airflow/.local/lib/python3.8/site-packages/airflow/example_dags/example_branch_labels.py
[2024-02-22T14:35:27.196+0000] {processor.py:830} INFO - Processing file /home/airflow/.local/lib/python3.8/site-packages/airflow/example_dags/example_branch_labels.py for tasks to queue
[2024-02-22T14:35:27.202+0000] {logging_mixin.py:188} INFO - [2024-02-22T14:35:27.201+0000] {dagbag.py:538} INFO - Filling up the DagBag from /home/airflow/.local/lib/python3.8/site-packages/airflow/example_dags/example_branch_labels.py
[2024-02-22T14:35:27.218+0000] {processor.py:840} INFO - DAG(s) 'example_branch_labels' retrieved from /home/airflow/.local/lib/python3.8/site-packages/airflow/example_dags/example_branch_labels.py
[2024-02-22T14:35:27.255+0000] {logging_mixin.py:188} INFO - [2024-02-22T14:35:27.255+0000] {dag.py:3036} INFO - Sync 1 DAGs
[2024-02-22T14:35:27.291+0000] {logging_mixin.py:188} INFO - [2024-02-22T14:35:27.291+0000] {dag.py:3823} INFO - Setting next_dagrun for example_branch_labels to 2024-02-21 00:00:00+00:00, run_after=2024-02-22 00:00:00+00:00
[2024-02-22T14:35:27.321+0000] {processor.py:183} INFO - Processing /home/airflow/.local/lib/python3.8/site-packages/airflow/example_dags/example_branch_labels.py took 0.136 seconds
[2024-02-22T14:35:57.843+0000] {processor.py:161} INFO - Started process (PID=221) to work on /home/airflow/.local/lib/python3.8/site-packages/airflow/example_dags/example_branch_labels.py
[2024-02-22T14:35:57.847+0000] {processor.py:830} INFO - Processing file /home/airflow/.local/lib/python3.8/site-packages/airflow/example_dags/example_branch_labels.py for tasks to queue
[2024-02-22T14:35:57.864+0000] {logging_mixin.py:188} INFO - [2024-02-22T14:35:57.863+0000] {dagbag.py:538} INFO - Filling up the DagBag from /home/airflow/.local/lib/python3.8/site-packages/airflow/example_dags/example_branch_labels.py
[2024-02-22T14:35:57.885+0000] {processor.py:840} INFO - DAG(s) 'example_branch_labels' retrieved from /home/airflow/.local/lib/python3.8/site-packages/airflow/example_dags/example_branch_labels.py
[2024-02-22T14:35:57.927+0000] {logging_mixin.py:188} INFO - [2024-02-22T14:35:57.926+0000] {dag.py:3036} INFO - Sync 1 DAGs
[2024-02-22T14:35:57.968+0000] {logging_mixin.py:188} INFO - [2024-02-22T14:35:57.968+0000] {dag.py:3823} INFO - Setting next_dagrun for example_branch_labels to 2024-02-21 00:00:00+00:00, run_after=2024-02-22 00:00:00+00:00
[2024-02-22T14:35:58.007+0000] {processor.py:183} INFO - Processing /home/airflow/.local/lib/python3.8/site-packages/airflow/example_dags/example_branch_labels.py took 0.173 seconds
[2024-02-22T14:36:28.059+0000] {processor.py:161} INFO - Started process (PID=277) to work on /home/airflow/.local/lib/python3.8/site-packages/airflow/example_dags/example_branch_labels.py
[2024-02-22T14:36:28.061+0000] {processor.py:830} INFO - Processing file /home/airflow/.local/lib/python3.8/site-packages/airflow/example_dags/example_branch_labels.py for tasks to queue
[2024-02-22T14:36:28.065+0000] {logging_mixin.py:188} INFO - [2024-02-22T14:36:28.064+0000] {dagbag.py:538} INFO - Filling up the DagBag from /home/airflow/.local/lib/python3.8/site-packages/airflow/example_dags/example_branch_labels.py
[2024-02-22T14:36:28.080+0000] {processor.py:840} INFO - DAG(s) 'example_branch_labels' retrieved from /home/airflow/.local/lib/python3.8/site-packages/airflow/example_dags/example_branch_labels.py
[2024-02-22T14:36:28.118+0000] {logging_mixin.py:188} INFO - [2024-02-22T14:36:28.117+0000] {dag.py:3036} INFO - Sync 1 DAGs
[2024-02-22T14:36:28.161+0000] {logging_mixin.py:188} INFO - [2024-02-22T14:36:28.161+0000] {dag.py:3823} INFO - Setting next_dagrun for example_branch_labels to 2024-02-21 00:00:00+00:00, run_after=2024-02-22 00:00:00+00:00
[2024-02-22T14:36:28.197+0000] {processor.py:183} INFO - Processing /home/airflow/.local/lib/python3.8/site-packages/airflow/example_dags/example_branch_labels.py took 0.145 seconds
[2024-02-22T14:36:59.031+0000] {processor.py:161} INFO - Started process (PID=332) to work on /home/airflow/.local/lib/python3.8/site-packages/airflow/example_dags/example_branch_labels.py
[2024-02-22T14:36:59.033+0000] {processor.py:830} INFO - Processing file /home/airflow/.local/lib/python3.8/site-packages/airflow/example_dags/example_branch_labels.py for tasks to queue
[2024-02-22T14:36:59.037+0000] {logging_mixin.py:188} INFO - [2024-02-22T14:36:59.036+0000] {dagbag.py:538} INFO - Filling up the DagBag from /home/airflow/.local/lib/python3.8/site-packages/airflow/example_dags/example_branch_labels.py
[2024-02-22T14:36:59.052+0000] {processor.py:840} INFO - DAG(s) 'example_branch_labels' retrieved from /home/airflow/.local/lib/python3.8/site-packages/airflow/example_dags/example_branch_labels.py
[2024-02-22T14:36:59.092+0000] {logging_mixin.py:188} INFO - [2024-02-22T14:36:59.091+0000] {dag.py:3036} INFO - Sync 1 DAGs
[2024-02-22T14:36:59.128+0000] {logging_mixin.py:188} INFO - [2024-02-22T14:36:59.128+0000] {dag.py:3823} INFO - Setting next_dagrun for example_branch_labels to 2024-02-21 00:00:00+00:00, run_after=2024-02-22 00:00:00+00:00
[2024-02-22T14:36:59.158+0000] {processor.py:183} INFO - Processing /home/airflow/.local/lib/python3.8/site-packages/airflow/example_dags/example_branch_labels.py took 0.134 seconds
[2024-02-22T14:37:29.544+0000] {processor.py:161} INFO - Started process (PID=387) to work on /home/airflow/.local/lib/python3.8/site-packages/airflow/example_dags/example_branch_labels.py
[2024-02-22T14:37:29.546+0000] {processor.py:830} INFO - Processing file /home/airflow/.local/lib/python3.8/site-packages/airflow/example_dags/example_branch_labels.py for tasks to queue
[2024-02-22T14:37:29.550+0000] {logging_mixin.py:188} INFO - [2024-02-22T14:37:29.549+0000] {dagbag.py:538} INFO - Filling up the DagBag from /home/airflow/.local/lib/python3.8/site-packages/airflow/example_dags/example_branch_labels.py
[2024-02-22T14:37:29.565+0000] {processor.py:840} INFO - DAG(s) 'example_branch_labels' retrieved from /home/airflow/.local/lib/python3.8/site-packages/airflow/example_dags/example_branch_labels.py
[2024-02-22T14:37:29.609+0000] {logging_mixin.py:188} INFO - [2024-02-22T14:37:29.608+0000] {dag.py:3036} INFO - Sync 1 DAGs
[2024-02-22T14:37:29.656+0000] {logging_mixin.py:188} INFO - [2024-02-22T14:37:29.655+0000] {dag.py:3823} INFO - Setting next_dagrun for example_branch_labels to 2024-02-21 00:00:00+00:00, run_after=2024-02-22 00:00:00+00:00
[2024-02-22T14:37:29.685+0000] {processor.py:183} INFO - Processing /home/airflow/.local/lib/python3.8/site-packages/airflow/example_dags/example_branch_labels.py took 0.147 seconds
[2024-02-22T14:38:00.131+0000] {processor.py:161} INFO - Started process (PID=443) to work on /home/airflow/.local/lib/python3.8/site-packages/airflow/example_dags/example_branch_labels.py
[2024-02-22T14:38:00.134+0000] {processor.py:830} INFO - Processing file /home/airflow/.local/lib/python3.8/site-packages/airflow/example_dags/example_branch_labels.py for tasks to queue
[2024-02-22T14:38:00.137+0000] {logging_mixin.py:188} INFO - [2024-02-22T14:38:00.137+0000] {dagbag.py:538} INFO - Filling up the DagBag from /home/airflow/.local/lib/python3.8/site-packages/airflow/example_dags/example_branch_labels.py
[2024-02-22T14:38:00.152+0000] {processor.py:840} INFO - DAG(s) 'example_branch_labels' retrieved from /home/airflow/.local/lib/python3.8/site-packages/airflow/example_dags/example_branch_labels.py
[2024-02-22T14:38:00.191+0000] {logging_mixin.py:188} INFO - [2024-02-22T14:38:00.190+0000] {dag.py:3036} INFO - Sync 1 DAGs
[2024-02-22T14:38:00.229+0000] {logging_mixin.py:188} INFO - [2024-02-22T14:38:00.229+0000] {dag.py:3823} INFO - Setting next_dagrun for example_branch_labels to 2024-02-21 00:00:00+00:00, run_after=2024-02-22 00:00:00+00:00
[2024-02-22T14:38:00.263+0000] {processor.py:183} INFO - Processing /home/airflow/.local/lib/python3.8/site-packages/airflow/example_dags/example_branch_labels.py took 0.138 seconds
[2024-02-22T14:38:30.544+0000] {processor.py:161} INFO - Started process (PID=498) to work on /home/airflow/.local/lib/python3.8/site-packages/airflow/example_dags/example_branch_labels.py
[2024-02-22T14:38:30.547+0000] {processor.py:830} INFO - Processing file /home/airflow/.local/lib/python3.8/site-packages/airflow/example_dags/example_branch_labels.py for tasks to queue
[2024-02-22T14:38:30.551+0000] {logging_mixin.py:188} INFO - [2024-02-22T14:38:30.550+0000] {dagbag.py:538} INFO - Filling up the DagBag from /home/airflow/.local/lib/python3.8/site-packages/airflow/example_dags/example_branch_labels.py
[2024-02-22T14:38:30.571+0000] {processor.py:840} INFO - DAG(s) 'example_branch_labels' retrieved from /home/airflow/.local/lib/python3.8/site-packages/airflow/example_dags/example_branch_labels.py
[2024-02-22T14:38:30.622+0000] {logging_mixin.py:188} INFO - [2024-02-22T14:38:30.621+0000] {dag.py:3036} INFO - Sync 1 DAGs
[2024-02-22T14:38:30.676+0000] {logging_mixin.py:188} INFO - [2024-02-22T14:38:30.675+0000] {dag.py:3823} INFO - Setting next_dagrun for example_branch_labels to 2024-02-21 00:00:00+00:00, run_after=2024-02-22 00:00:00+00:00
[2024-02-22T14:38:30.715+0000] {processor.py:183} INFO - Processing /home/airflow/.local/lib/python3.8/site-packages/airflow/example_dags/example_branch_labels.py took 0.179 seconds
[2024-02-22T14:39:01.063+0000] {processor.py:161} INFO - Started process (PID=553) to work on /home/airflow/.local/lib/python3.8/site-packages/airflow/example_dags/example_branch_labels.py
[2024-02-22T14:39:01.064+0000] {processor.py:830} INFO - Processing file /home/airflow/.local/lib/python3.8/site-packages/airflow/example_dags/example_branch_labels.py for tasks to queue
[2024-02-22T14:39:01.071+0000] {logging_mixin.py:188} INFO - [2024-02-22T14:39:01.070+0000] {dagbag.py:538} INFO - Filling up the DagBag from /home/airflow/.local/lib/python3.8/site-packages/airflow/example_dags/example_branch_labels.py
[2024-02-22T14:39:01.087+0000] {processor.py:840} INFO - DAG(s) 'example_branch_labels' retrieved from /home/airflow/.local/lib/python3.8/site-packages/airflow/example_dags/example_branch_labels.py
[2024-02-22T14:39:01.127+0000] {logging_mixin.py:188} INFO - [2024-02-22T14:39:01.126+0000] {dag.py:3036} INFO - Sync 1 DAGs
[2024-02-22T14:39:01.167+0000] {logging_mixin.py:188} INFO - [2024-02-22T14:39:01.166+0000] {dag.py:3823} INFO - Setting next_dagrun for example_branch_labels to 2024-02-21 00:00:00+00:00, run_after=2024-02-22 00:00:00+00:00
[2024-02-22T14:39:01.199+0000] {processor.py:183} INFO - Processing /home/airflow/.local/lib/python3.8/site-packages/airflow/example_dags/example_branch_labels.py took 0.143 seconds
[2024-02-22T14:39:31.782+0000] {processor.py:161} INFO - Started process (PID=608) to work on /home/airflow/.local/lib/python3.8/site-packages/airflow/example_dags/example_branch_labels.py
[2024-02-22T14:39:31.784+0000] {processor.py:830} INFO - Processing file /home/airflow/.local/lib/python3.8/site-packages/airflow/example_dags/example_branch_labels.py for tasks to queue
[2024-02-22T14:39:31.791+0000] {logging_mixin.py:188} INFO - [2024-02-22T14:39:31.788+0000] {dagbag.py:538} INFO - Filling up the DagBag from /home/airflow/.local/lib/python3.8/site-packages/airflow/example_dags/example_branch_labels.py
[2024-02-22T14:39:31.812+0000] {processor.py:840} INFO - DAG(s) 'example_branch_labels' retrieved from /home/airflow/.local/lib/python3.8/site-packages/airflow/example_dags/example_branch_labels.py
[2024-02-22T14:39:31.856+0000] {logging_mixin.py:188} INFO - [2024-02-22T14:39:31.855+0000] {dag.py:3036} INFO - Sync 1 DAGs
[2024-02-22T14:39:31.897+0000] {logging_mixin.py:188} INFO - [2024-02-22T14:39:31.897+0000] {dag.py:3823} INFO - Setting next_dagrun for example_branch_labels to 2024-02-21 00:00:00+00:00, run_after=2024-02-22 00:00:00+00:00
[2024-02-22T14:39:31.935+0000] {processor.py:183} INFO - Processing /home/airflow/.local/lib/python3.8/site-packages/airflow/example_dags/example_branch_labels.py took 0.160 seconds
[2024-02-22T14:40:02.050+0000] {processor.py:161} INFO - Started process (PID=663) to work on /home/airflow/.local/lib/python3.8/site-packages/airflow/example_dags/example_branch_labels.py
[2024-02-22T14:40:02.054+0000] {processor.py:830} INFO - Processing file /home/airflow/.local/lib/python3.8/site-packages/airflow/example_dags/example_branch_labels.py for tasks to queue
[2024-02-22T14:40:02.059+0000] {logging_mixin.py:188} INFO - [2024-02-22T14:40:02.058+0000] {dagbag.py:538} INFO - Filling up the DagBag from /home/airflow/.local/lib/python3.8/site-packages/airflow/example_dags/example_branch_labels.py
[2024-02-22T14:40:02.076+0000] {processor.py:840} INFO - DAG(s) 'example_branch_labels' retrieved from /home/airflow/.local/lib/python3.8/site-packages/airflow/example_dags/example_branch_labels.py
[2024-02-22T14:40:02.119+0000] {logging_mixin.py:188} INFO - [2024-02-22T14:40:02.118+0000] {dag.py:3036} INFO - Sync 1 DAGs
[2024-02-22T14:40:02.161+0000] {logging_mixin.py:188} INFO - [2024-02-22T14:40:02.160+0000] {dag.py:3823} INFO - Setting next_dagrun for example_branch_labels to 2024-02-21 00:00:00+00:00, run_after=2024-02-22 00:00:00+00:00
[2024-02-22T14:40:02.194+0000] {processor.py:183} INFO - Processing /home/airflow/.local/lib/python3.8/site-packages/airflow/example_dags/example_branch_labels.py took 0.152 seconds
[2024-02-22T14:40:32.864+0000] {processor.py:161} INFO - Started process (PID=718) to work on /home/airflow/.local/lib/python3.8/site-packages/airflow/example_dags/example_branch_labels.py
[2024-02-22T14:40:32.866+0000] {processor.py:830} INFO - Processing file /home/airflow/.local/lib/python3.8/site-packages/airflow/example_dags/example_branch_labels.py for tasks to queue
[2024-02-22T14:40:32.869+0000] {logging_mixin.py:188} INFO - [2024-02-22T14:40:32.869+0000] {dagbag.py:538} INFO - Filling up the DagBag from /home/airflow/.local/lib/python3.8/site-packages/airflow/example_dags/example_branch_labels.py
[2024-02-22T14:40:32.885+0000] {processor.py:840} INFO - DAG(s) 'example_branch_labels' retrieved from /home/airflow/.local/lib/python3.8/site-packages/airflow/example_dags/example_branch_labels.py
[2024-02-22T14:40:32.932+0000] {logging_mixin.py:188} INFO - [2024-02-22T14:40:32.931+0000] {dag.py:3036} INFO - Sync 1 DAGs
[2024-02-22T14:40:32.971+0000] {logging_mixin.py:188} INFO - [2024-02-22T14:40:32.970+0000] {dag.py:3823} INFO - Setting next_dagrun for example_branch_labels to 2024-02-21 00:00:00+00:00, run_after=2024-02-22 00:00:00+00:00
[2024-02-22T14:40:33.005+0000] {processor.py:183} INFO - Processing /home/airflow/.local/lib/python3.8/site-packages/airflow/example_dags/example_branch_labels.py took 0.148 seconds
[2024-02-22T14:41:03.776+0000] {processor.py:161} INFO - Started process (PID=773) to work on /home/airflow/.local/lib/python3.8/site-packages/airflow/example_dags/example_branch_labels.py
[2024-02-22T14:41:03.779+0000] {processor.py:830} INFO - Processing file /home/airflow/.local/lib/python3.8/site-packages/airflow/example_dags/example_branch_labels.py for tasks to queue
[2024-02-22T14:41:03.782+0000] {logging_mixin.py:188} INFO - [2024-02-22T14:41:03.782+0000] {dagbag.py:538} INFO - Filling up the DagBag from /home/airflow/.local/lib/python3.8/site-packages/airflow/example_dags/example_branch_labels.py
[2024-02-22T14:41:03.798+0000] {processor.py:840} INFO - DAG(s) 'example_branch_labels' retrieved from /home/airflow/.local/lib/python3.8/site-packages/airflow/example_dags/example_branch_labels.py
[2024-02-22T14:41:03.838+0000] {logging_mixin.py:188} INFO - [2024-02-22T14:41:03.837+0000] {dag.py:3036} INFO - Sync 1 DAGs
[2024-02-22T14:41:03.876+0000] {logging_mixin.py:188} INFO - [2024-02-22T14:41:03.876+0000] {dag.py:3823} INFO - Setting next_dagrun for example_branch_labels to 2024-02-21 00:00:00+00:00, run_after=2024-02-22 00:00:00+00:00
[2024-02-22T14:41:03.907+0000] {processor.py:183} INFO - Processing /home/airflow/.local/lib/python3.8/site-packages/airflow/example_dags/example_branch_labels.py took 0.139 seconds
[2024-02-22T14:41:34.571+0000] {processor.py:161} INFO - Started process (PID=828) to work on /home/airflow/.local/lib/python3.8/site-packages/airflow/example_dags/example_branch_labels.py
[2024-02-22T14:41:34.574+0000] {processor.py:830} INFO - Processing file /home/airflow/.local/lib/python3.8/site-packages/airflow/example_dags/example_branch_labels.py for tasks to queue
[2024-02-22T14:41:34.578+0000] {logging_mixin.py:188} INFO - [2024-02-22T14:41:34.577+0000] {dagbag.py:538} INFO - Filling up the DagBag from /home/airflow/.local/lib/python3.8/site-packages/airflow/example_dags/example_branch_labels.py
[2024-02-22T14:41:34.592+0000] {processor.py:840} INFO - DAG(s) 'example_branch_labels' retrieved from /home/airflow/.local/lib/python3.8/site-packages/airflow/example_dags/example_branch_labels.py
[2024-02-22T14:41:34.634+0000] {logging_mixin.py:188} INFO - [2024-02-22T14:41:34.633+0000] {dag.py:3036} INFO - Sync 1 DAGs
[2024-02-22T14:41:34.675+0000] {logging_mixin.py:188} INFO - [2024-02-22T14:41:34.674+0000] {dag.py:3823} INFO - Setting next_dagrun for example_branch_labels to 2024-02-21 00:00:00+00:00, run_after=2024-02-22 00:00:00+00:00
[2024-02-22T14:41:34.704+0000] {processor.py:183} INFO - Processing /home/airflow/.local/lib/python3.8/site-packages/airflow/example_dags/example_branch_labels.py took 0.142 seconds
[2024-02-22T14:42:05.644+0000] {processor.py:161} INFO - Started process (PID=883) to work on /home/airflow/.local/lib/python3.8/site-packages/airflow/example_dags/example_branch_labels.py
[2024-02-22T14:42:05.646+0000] {processor.py:830} INFO - Processing file /home/airflow/.local/lib/python3.8/site-packages/airflow/example_dags/example_branch_labels.py for tasks to queue
[2024-02-22T14:42:05.649+0000] {logging_mixin.py:188} INFO - [2024-02-22T14:42:05.649+0000] {dagbag.py:538} INFO - Filling up the DagBag from /home/airflow/.local/lib/python3.8/site-packages/airflow/example_dags/example_branch_labels.py
[2024-02-22T14:42:05.665+0000] {processor.py:840} INFO - DAG(s) 'example_branch_labels' retrieved from /home/airflow/.local/lib/python3.8/site-packages/airflow/example_dags/example_branch_labels.py
[2024-02-22T14:42:05.707+0000] {logging_mixin.py:188} INFO - [2024-02-22T14:42:05.706+0000] {dag.py:3036} INFO - Sync 1 DAGs
[2024-02-22T14:42:05.747+0000] {logging_mixin.py:188} INFO - [2024-02-22T14:42:05.746+0000] {dag.py:3823} INFO - Setting next_dagrun for example_branch_labels to 2024-02-21 00:00:00+00:00, run_after=2024-02-22 00:00:00+00:00
[2024-02-22T14:42:05.778+0000] {processor.py:183} INFO - Processing /home/airflow/.local/lib/python3.8/site-packages/airflow/example_dags/example_branch_labels.py took 0.142 seconds
[2024-02-22T14:42:35.848+0000] {processor.py:161} INFO - Started process (PID=936) to work on /home/airflow/.local/lib/python3.8/site-packages/airflow/example_dags/example_branch_labels.py
[2024-02-22T14:42:35.851+0000] {processor.py:830} INFO - Processing file /home/airflow/.local/lib/python3.8/site-packages/airflow/example_dags/example_branch_labels.py for tasks to queue
[2024-02-22T14:42:35.856+0000] {logging_mixin.py:188} INFO - [2024-02-22T14:42:35.855+0000] {dagbag.py:538} INFO - Filling up the DagBag from /home/airflow/.local/lib/python3.8/site-packages/airflow/example_dags/example_branch_labels.py
[2024-02-22T14:42:35.872+0000] {processor.py:840} INFO - DAG(s) 'example_branch_labels' retrieved from /home/airflow/.local/lib/python3.8/site-packages/airflow/example_dags/example_branch_labels.py
[2024-02-22T14:42:35.915+0000] {logging_mixin.py:188} INFO - [2024-02-22T14:42:35.912+0000] {dag.py:3036} INFO - Sync 1 DAGs
[2024-02-22T14:42:35.957+0000] {logging_mixin.py:188} INFO - [2024-02-22T14:42:35.956+0000] {dag.py:3823} INFO - Setting next_dagrun for example_branch_labels to 2024-02-21 00:00:00+00:00, run_after=2024-02-22 00:00:00+00:00
[2024-02-22T14:42:35.995+0000] {processor.py:183} INFO - Processing /home/airflow/.local/lib/python3.8/site-packages/airflow/example_dags/example_branch_labels.py took 0.154 seconds
