[2024-02-22T14:23:33.166+0000] {processor.py:161} INFO - Started process (PID=36) to work on /home/airflow/.local/lib/python3.8/site-packages/airflow/example_dags/example_setup_teardown.py
[2024-02-22T14:23:33.167+0000] {processor.py:830} INFO - Processing file /home/airflow/.local/lib/python3.8/site-packages/airflow/example_dags/example_setup_teardown.py for tasks to queue
[2024-02-22T14:23:33.171+0000] {logging_mixin.py:188} INFO - [2024-02-22T14:23:33.171+0000] {dagbag.py:538} INFO - Filling up the DagBag from /home/airflow/.local/lib/python3.8/site-packages/airflow/example_dags/example_setup_teardown.py
[2024-02-22T14:23:33.206+0000] {processor.py:840} INFO - DAG(s) 'example_setup_teardown' retrieved from /home/airflow/.local/lib/python3.8/site-packages/airflow/example_dags/example_setup_teardown.py
[2024-02-22T14:23:33.274+0000] {logging_mixin.py:188} INFO - [2024-02-22T14:23:33.273+0000] {dag.py:3036} INFO - Sync 1 DAGs
[2024-02-22T14:23:33.365+0000] {logging_mixin.py:188} INFO - [2024-02-22T14:23:33.364+0000] {dag.py:3823} INFO - Setting next_dagrun for example_setup_teardown to 2024-02-21 00:00:00+00:00, run_after=2024-02-22 00:00:00+00:00
[2024-02-22T14:23:33.462+0000] {processor.py:183} INFO - Processing /home/airflow/.local/lib/python3.8/site-packages/airflow/example_dags/example_setup_teardown.py took 0.304 seconds
[2024-02-22T14:24:03.800+0000] {processor.py:161} INFO - Started process (PID=91) to work on /home/airflow/.local/lib/python3.8/site-packages/airflow/example_dags/example_setup_teardown.py
[2024-02-22T14:24:03.802+0000] {processor.py:830} INFO - Processing file /home/airflow/.local/lib/python3.8/site-packages/airflow/example_dags/example_setup_teardown.py for tasks to queue
[2024-02-22T14:24:03.805+0000] {logging_mixin.py:188} INFO - [2024-02-22T14:24:03.804+0000] {dagbag.py:538} INFO - Filling up the DagBag from /home/airflow/.local/lib/python3.8/site-packages/airflow/example_dags/example_setup_teardown.py
[2024-02-22T14:24:03.817+0000] {processor.py:840} INFO - DAG(s) 'example_setup_teardown' retrieved from /home/airflow/.local/lib/python3.8/site-packages/airflow/example_dags/example_setup_teardown.py
[2024-02-22T14:24:03.853+0000] {logging_mixin.py:188} INFO - [2024-02-22T14:24:03.852+0000] {dag.py:3036} INFO - Sync 1 DAGs
[2024-02-22T14:24:03.888+0000] {logging_mixin.py:188} INFO - [2024-02-22T14:24:03.888+0000] {dag.py:3823} INFO - Setting next_dagrun for example_setup_teardown to 2024-02-21 00:00:00+00:00, run_after=2024-02-22 00:00:00+00:00
[2024-02-22T14:24:03.914+0000] {processor.py:183} INFO - Processing /home/airflow/.local/lib/python3.8/site-packages/airflow/example_dags/example_setup_teardown.py took 0.120 seconds
[2024-02-22T14:24:35.190+0000] {processor.py:161} INFO - Started process (PID=152) to work on /home/airflow/.local/lib/python3.8/site-packages/airflow/example_dags/example_setup_teardown.py
[2024-02-22T14:24:35.193+0000] {processor.py:830} INFO - Processing file /home/airflow/.local/lib/python3.8/site-packages/airflow/example_dags/example_setup_teardown.py for tasks to queue
[2024-02-22T14:24:35.197+0000] {logging_mixin.py:188} INFO - [2024-02-22T14:24:35.196+0000] {dagbag.py:538} INFO - Filling up the DagBag from /home/airflow/.local/lib/python3.8/site-packages/airflow/example_dags/example_setup_teardown.py
[2024-02-22T14:24:35.209+0000] {processor.py:840} INFO - DAG(s) 'example_setup_teardown' retrieved from /home/airflow/.local/lib/python3.8/site-packages/airflow/example_dags/example_setup_teardown.py
[2024-02-22T14:24:35.242+0000] {logging_mixin.py:188} INFO - [2024-02-22T14:24:35.242+0000] {dag.py:3036} INFO - Sync 1 DAGs
[2024-02-22T14:24:35.277+0000] {logging_mixin.py:188} INFO - [2024-02-22T14:24:35.277+0000] {dag.py:3823} INFO - Setting next_dagrun for example_setup_teardown to 2024-02-21 00:00:00+00:00, run_after=2024-02-22 00:00:00+00:00
[2024-02-22T14:24:35.305+0000] {processor.py:183} INFO - Processing /home/airflow/.local/lib/python3.8/site-packages/airflow/example_dags/example_setup_teardown.py took 0.122 seconds
[2024-02-22T14:25:06.132+0000] {processor.py:161} INFO - Started process (PID=207) to work on /home/airflow/.local/lib/python3.8/site-packages/airflow/example_dags/example_setup_teardown.py
[2024-02-22T14:25:06.133+0000] {processor.py:830} INFO - Processing file /home/airflow/.local/lib/python3.8/site-packages/airflow/example_dags/example_setup_teardown.py for tasks to queue
[2024-02-22T14:25:06.136+0000] {logging_mixin.py:188} INFO - [2024-02-22T14:25:06.136+0000] {dagbag.py:538} INFO - Filling up the DagBag from /home/airflow/.local/lib/python3.8/site-packages/airflow/example_dags/example_setup_teardown.py
[2024-02-22T14:25:06.149+0000] {processor.py:840} INFO - DAG(s) 'example_setup_teardown' retrieved from /home/airflow/.local/lib/python3.8/site-packages/airflow/example_dags/example_setup_teardown.py
[2024-02-22T14:25:06.182+0000] {logging_mixin.py:188} INFO - [2024-02-22T14:25:06.182+0000] {dag.py:3036} INFO - Sync 1 DAGs
[2024-02-22T14:25:06.218+0000] {logging_mixin.py:188} INFO - [2024-02-22T14:25:06.217+0000] {dag.py:3823} INFO - Setting next_dagrun for example_setup_teardown to 2024-02-21 00:00:00+00:00, run_after=2024-02-22 00:00:00+00:00
[2024-02-22T14:25:06.252+0000] {processor.py:183} INFO - Processing /home/airflow/.local/lib/python3.8/site-packages/airflow/example_dags/example_setup_teardown.py took 0.127 seconds
[2024-02-22T14:25:36.746+0000] {processor.py:161} INFO - Started process (PID=262) to work on /home/airflow/.local/lib/python3.8/site-packages/airflow/example_dags/example_setup_teardown.py
[2024-02-22T14:25:36.749+0000] {processor.py:830} INFO - Processing file /home/airflow/.local/lib/python3.8/site-packages/airflow/example_dags/example_setup_teardown.py for tasks to queue
[2024-02-22T14:25:36.753+0000] {logging_mixin.py:188} INFO - [2024-02-22T14:25:36.752+0000] {dagbag.py:538} INFO - Filling up the DagBag from /home/airflow/.local/lib/python3.8/site-packages/airflow/example_dags/example_setup_teardown.py
[2024-02-22T14:25:36.766+0000] {processor.py:840} INFO - DAG(s) 'example_setup_teardown' retrieved from /home/airflow/.local/lib/python3.8/site-packages/airflow/example_dags/example_setup_teardown.py
[2024-02-22T14:25:36.805+0000] {logging_mixin.py:188} INFO - [2024-02-22T14:25:36.805+0000] {dag.py:3036} INFO - Sync 1 DAGs
[2024-02-22T14:25:36.842+0000] {logging_mixin.py:188} INFO - [2024-02-22T14:25:36.842+0000] {dag.py:3823} INFO - Setting next_dagrun for example_setup_teardown to 2024-02-21 00:00:00+00:00, run_after=2024-02-22 00:00:00+00:00
[2024-02-22T14:25:36.867+0000] {processor.py:183} INFO - Processing /home/airflow/.local/lib/python3.8/site-packages/airflow/example_dags/example_setup_teardown.py took 0.128 seconds
[2024-02-22T14:26:07.652+0000] {processor.py:161} INFO - Started process (PID=317) to work on /home/airflow/.local/lib/python3.8/site-packages/airflow/example_dags/example_setup_teardown.py
[2024-02-22T14:26:07.655+0000] {processor.py:830} INFO - Processing file /home/airflow/.local/lib/python3.8/site-packages/airflow/example_dags/example_setup_teardown.py for tasks to queue
[2024-02-22T14:26:07.659+0000] {logging_mixin.py:188} INFO - [2024-02-22T14:26:07.659+0000] {dagbag.py:538} INFO - Filling up the DagBag from /home/airflow/.local/lib/python3.8/site-packages/airflow/example_dags/example_setup_teardown.py
[2024-02-22T14:26:07.675+0000] {processor.py:840} INFO - DAG(s) 'example_setup_teardown' retrieved from /home/airflow/.local/lib/python3.8/site-packages/airflow/example_dags/example_setup_teardown.py
[2024-02-22T14:26:07.722+0000] {logging_mixin.py:188} INFO - [2024-02-22T14:26:07.722+0000] {dag.py:3036} INFO - Sync 1 DAGs
[2024-02-22T14:26:07.773+0000] {logging_mixin.py:188} INFO - [2024-02-22T14:26:07.773+0000] {dag.py:3823} INFO - Setting next_dagrun for example_setup_teardown to 2024-02-21 00:00:00+00:00, run_after=2024-02-22 00:00:00+00:00
[2024-02-22T14:26:07.811+0000] {processor.py:183} INFO - Processing /home/airflow/.local/lib/python3.8/site-packages/airflow/example_dags/example_setup_teardown.py took 0.166 seconds
