[2024-02-22T14:23:33.740+0000] {processor.py:161} INFO - Started process (PID=39) to work on /home/airflow/.local/lib/python3.8/site-packages/airflow/example_dags/example_branch_operator_decorator.py
[2024-02-22T14:23:33.742+0000] {processor.py:830} INFO - Processing file /home/airflow/.local/lib/python3.8/site-packages/airflow/example_dags/example_branch_operator_decorator.py for tasks to queue
[2024-02-22T14:23:33.746+0000] {logging_mixin.py:188} INFO - [2024-02-22T14:23:33.745+0000] {dagbag.py:538} INFO - Filling up the DagBag from /home/airflow/.local/lib/python3.8/site-packages/airflow/example_dags/example_branch_operator_decorator.py
[2024-02-22T14:23:33.795+0000] {processor.py:840} INFO - DAG(s) 'example_branch_python_operator_decorator' retrieved from /home/airflow/.local/lib/python3.8/site-packages/airflow/example_dags/example_branch_operator_decorator.py
[2024-02-22T14:23:34.071+0000] {logging_mixin.py:188} INFO - [2024-02-22T14:23:34.070+0000] {dag.py:3036} INFO - Sync 1 DAGs
[2024-02-22T14:23:34.205+0000] {logging_mixin.py:188} INFO - [2024-02-22T14:23:34.204+0000] {dag.py:3823} INFO - Setting next_dagrun for example_branch_python_operator_decorator to 2024-02-21 00:00:00+00:00, run_after=2024-02-22 00:00:00+00:00
[2024-02-22T14:23:34.372+0000] {processor.py:183} INFO - Processing /home/airflow/.local/lib/python3.8/site-packages/airflow/example_dags/example_branch_operator_decorator.py took 0.640 seconds
[2024-02-22T14:24:04.965+0000] {processor.py:161} INFO - Started process (PID=99) to work on /home/airflow/.local/lib/python3.8/site-packages/airflow/example_dags/example_branch_operator_decorator.py
[2024-02-22T14:24:04.966+0000] {processor.py:830} INFO - Processing file /home/airflow/.local/lib/python3.8/site-packages/airflow/example_dags/example_branch_operator_decorator.py for tasks to queue
[2024-02-22T14:24:04.970+0000] {logging_mixin.py:188} INFO - [2024-02-22T14:24:04.969+0000] {dagbag.py:538} INFO - Filling up the DagBag from /home/airflow/.local/lib/python3.8/site-packages/airflow/example_dags/example_branch_operator_decorator.py
[2024-02-22T14:24:05.008+0000] {processor.py:840} INFO - DAG(s) 'example_branch_python_operator_decorator' retrieved from /home/airflow/.local/lib/python3.8/site-packages/airflow/example_dags/example_branch_operator_decorator.py
[2024-02-22T14:24:05.068+0000] {logging_mixin.py:188} INFO - [2024-02-22T14:24:05.067+0000] {dag.py:3036} INFO - Sync 1 DAGs
[2024-02-22T14:24:05.107+0000] {logging_mixin.py:188} INFO - [2024-02-22T14:24:05.107+0000] {dag.py:3823} INFO - Setting next_dagrun for example_branch_python_operator_decorator to 2024-02-21 00:00:00+00:00, run_after=2024-02-22 00:00:00+00:00
[2024-02-22T14:24:05.140+0000] {processor.py:183} INFO - Processing /home/airflow/.local/lib/python3.8/site-packages/airflow/example_dags/example_branch_operator_decorator.py took 0.181 seconds
[2024-02-22T14:24:35.370+0000] {processor.py:161} INFO - Started process (PID=154) to work on /home/airflow/.local/lib/python3.8/site-packages/airflow/example_dags/example_branch_operator_decorator.py
[2024-02-22T14:24:35.373+0000] {processor.py:830} INFO - Processing file /home/airflow/.local/lib/python3.8/site-packages/airflow/example_dags/example_branch_operator_decorator.py for tasks to queue
[2024-02-22T14:24:35.377+0000] {logging_mixin.py:188} INFO - [2024-02-22T14:24:35.377+0000] {dagbag.py:538} INFO - Filling up the DagBag from /home/airflow/.local/lib/python3.8/site-packages/airflow/example_dags/example_branch_operator_decorator.py
[2024-02-22T14:24:35.424+0000] {processor.py:840} INFO - DAG(s) 'example_branch_python_operator_decorator' retrieved from /home/airflow/.local/lib/python3.8/site-packages/airflow/example_dags/example_branch_operator_decorator.py
[2024-02-22T14:24:35.472+0000] {logging_mixin.py:188} INFO - [2024-02-22T14:24:35.471+0000] {dag.py:3036} INFO - Sync 1 DAGs
[2024-02-22T14:24:35.506+0000] {logging_mixin.py:188} INFO - [2024-02-22T14:24:35.506+0000] {dag.py:3823} INFO - Setting next_dagrun for example_branch_python_operator_decorator to 2024-02-21 00:00:00+00:00, run_after=2024-02-22 00:00:00+00:00
[2024-02-22T14:24:35.543+0000] {processor.py:183} INFO - Processing /home/airflow/.local/lib/python3.8/site-packages/airflow/example_dags/example_branch_operator_decorator.py took 0.179 seconds
[2024-02-22T14:25:06.459+0000] {processor.py:161} INFO - Started process (PID=210) to work on /home/airflow/.local/lib/python3.8/site-packages/airflow/example_dags/example_branch_operator_decorator.py
[2024-02-22T14:25:06.461+0000] {processor.py:830} INFO - Processing file /home/airflow/.local/lib/python3.8/site-packages/airflow/example_dags/example_branch_operator_decorator.py for tasks to queue
[2024-02-22T14:25:06.464+0000] {logging_mixin.py:188} INFO - [2024-02-22T14:25:06.463+0000] {dagbag.py:538} INFO - Filling up the DagBag from /home/airflow/.local/lib/python3.8/site-packages/airflow/example_dags/example_branch_operator_decorator.py
[2024-02-22T14:25:06.500+0000] {processor.py:840} INFO - DAG(s) 'example_branch_python_operator_decorator' retrieved from /home/airflow/.local/lib/python3.8/site-packages/airflow/example_dags/example_branch_operator_decorator.py
[2024-02-22T14:25:06.547+0000] {logging_mixin.py:188} INFO - [2024-02-22T14:25:06.546+0000] {dag.py:3036} INFO - Sync 1 DAGs
[2024-02-22T14:25:06.583+0000] {logging_mixin.py:188} INFO - [2024-02-22T14:25:06.583+0000] {dag.py:3823} INFO - Setting next_dagrun for example_branch_python_operator_decorator to 2024-02-21 00:00:00+00:00, run_after=2024-02-22 00:00:00+00:00
[2024-02-22T14:25:06.610+0000] {processor.py:183} INFO - Processing /home/airflow/.local/lib/python3.8/site-packages/airflow/example_dags/example_branch_operator_decorator.py took 0.157 seconds
[2024-02-22T14:25:37.088+0000] {processor.py:161} INFO - Started process (PID=265) to work on /home/airflow/.local/lib/python3.8/site-packages/airflow/example_dags/example_branch_operator_decorator.py
[2024-02-22T14:25:37.090+0000] {processor.py:830} INFO - Processing file /home/airflow/.local/lib/python3.8/site-packages/airflow/example_dags/example_branch_operator_decorator.py for tasks to queue
[2024-02-22T14:25:37.094+0000] {logging_mixin.py:188} INFO - [2024-02-22T14:25:37.093+0000] {dagbag.py:538} INFO - Filling up the DagBag from /home/airflow/.local/lib/python3.8/site-packages/airflow/example_dags/example_branch_operator_decorator.py
[2024-02-22T14:25:37.132+0000] {processor.py:840} INFO - DAG(s) 'example_branch_python_operator_decorator' retrieved from /home/airflow/.local/lib/python3.8/site-packages/airflow/example_dags/example_branch_operator_decorator.py
[2024-02-22T14:25:37.184+0000] {logging_mixin.py:188} INFO - [2024-02-22T14:25:37.183+0000] {dag.py:3036} INFO - Sync 1 DAGs
[2024-02-22T14:25:37.223+0000] {logging_mixin.py:188} INFO - [2024-02-22T14:25:37.223+0000] {dag.py:3823} INFO - Setting next_dagrun for example_branch_python_operator_decorator to 2024-02-21 00:00:00+00:00, run_after=2024-02-22 00:00:00+00:00
[2024-02-22T14:25:37.251+0000] {processor.py:183} INFO - Processing /home/airflow/.local/lib/python3.8/site-packages/airflow/example_dags/example_branch_operator_decorator.py took 0.169 seconds
[2024-02-22T14:26:08.043+0000] {processor.py:161} INFO - Started process (PID=320) to work on /home/airflow/.local/lib/python3.8/site-packages/airflow/example_dags/example_branch_operator_decorator.py
[2024-02-22T14:26:08.046+0000] {processor.py:830} INFO - Processing file /home/airflow/.local/lib/python3.8/site-packages/airflow/example_dags/example_branch_operator_decorator.py for tasks to queue
[2024-02-22T14:26:08.050+0000] {logging_mixin.py:188} INFO - [2024-02-22T14:26:08.049+0000] {dagbag.py:538} INFO - Filling up the DagBag from /home/airflow/.local/lib/python3.8/site-packages/airflow/example_dags/example_branch_operator_decorator.py
[2024-02-22T14:26:08.102+0000] {processor.py:840} INFO - DAG(s) 'example_branch_python_operator_decorator' retrieved from /home/airflow/.local/lib/python3.8/site-packages/airflow/example_dags/example_branch_operator_decorator.py
[2024-02-22T14:26:08.167+0000] {logging_mixin.py:188} INFO - [2024-02-22T14:26:08.166+0000] {dag.py:3036} INFO - Sync 1 DAGs
[2024-02-22T14:26:08.215+0000] {logging_mixin.py:188} INFO - [2024-02-22T14:26:08.215+0000] {dag.py:3823} INFO - Setting next_dagrun for example_branch_python_operator_decorator to 2024-02-21 00:00:00+00:00, run_after=2024-02-22 00:00:00+00:00
[2024-02-22T14:26:08.258+0000] {processor.py:183} INFO - Processing /home/airflow/.local/lib/python3.8/site-packages/airflow/example_dags/example_branch_operator_decorator.py took 0.223 seconds
[2024-02-22T14:26:38.429+0000] {processor.py:161} INFO - Started process (PID=375) to work on /home/airflow/.local/lib/python3.8/site-packages/airflow/example_dags/example_branch_operator_decorator.py
[2024-02-22T14:26:38.434+0000] {processor.py:830} INFO - Processing file /home/airflow/.local/lib/python3.8/site-packages/airflow/example_dags/example_branch_operator_decorator.py for tasks to queue
[2024-02-22T14:26:38.439+0000] {logging_mixin.py:188} INFO - [2024-02-22T14:26:38.438+0000] {dagbag.py:538} INFO - Filling up the DagBag from /home/airflow/.local/lib/python3.8/site-packages/airflow/example_dags/example_branch_operator_decorator.py
[2024-02-22T14:26:38.492+0000] {processor.py:840} INFO - DAG(s) 'example_branch_python_operator_decorator' retrieved from /home/airflow/.local/lib/python3.8/site-packages/airflow/example_dags/example_branch_operator_decorator.py
[2024-02-22T14:26:38.562+0000] {logging_mixin.py:188} INFO - [2024-02-22T14:26:38.561+0000] {dag.py:3036} INFO - Sync 1 DAGs
[2024-02-22T14:26:38.617+0000] {logging_mixin.py:188} INFO - [2024-02-22T14:26:38.616+0000] {dag.py:3823} INFO - Setting next_dagrun for example_branch_python_operator_decorator to 2024-02-21 00:00:00+00:00, run_after=2024-02-22 00:00:00+00:00
[2024-02-22T14:26:38.661+0000] {processor.py:183} INFO - Processing /home/airflow/.local/lib/python3.8/site-packages/airflow/example_dags/example_branch_operator_decorator.py took 0.247 seconds
[2024-02-22T14:27:09.318+0000] {processor.py:161} INFO - Started process (PID=430) to work on /home/airflow/.local/lib/python3.8/site-packages/airflow/example_dags/example_branch_operator_decorator.py
[2024-02-22T14:27:09.321+0000] {processor.py:830} INFO - Processing file /home/airflow/.local/lib/python3.8/site-packages/airflow/example_dags/example_branch_operator_decorator.py for tasks to queue
[2024-02-22T14:27:09.326+0000] {logging_mixin.py:188} INFO - [2024-02-22T14:27:09.325+0000] {dagbag.py:538} INFO - Filling up the DagBag from /home/airflow/.local/lib/python3.8/site-packages/airflow/example_dags/example_branch_operator_decorator.py
[2024-02-22T14:27:09.379+0000] {processor.py:840} INFO - DAG(s) 'example_branch_python_operator_decorator' retrieved from /home/airflow/.local/lib/python3.8/site-packages/airflow/example_dags/example_branch_operator_decorator.py
[2024-02-22T14:27:09.452+0000] {logging_mixin.py:188} INFO - [2024-02-22T14:27:09.450+0000] {dag.py:3036} INFO - Sync 1 DAGs
[2024-02-22T14:27:09.509+0000] {logging_mixin.py:188} INFO - [2024-02-22T14:27:09.509+0000] {dag.py:3823} INFO - Setting next_dagrun for example_branch_python_operator_decorator to 2024-02-21 00:00:00+00:00, run_after=2024-02-22 00:00:00+00:00
[2024-02-22T14:27:09.552+0000] {processor.py:183} INFO - Processing /home/airflow/.local/lib/python3.8/site-packages/airflow/example_dags/example_branch_operator_decorator.py took 0.243 seconds
[2024-02-22T14:27:39.756+0000] {processor.py:161} INFO - Started process (PID=484) to work on /home/airflow/.local/lib/python3.8/site-packages/airflow/example_dags/example_branch_operator_decorator.py
[2024-02-22T14:27:39.758+0000] {processor.py:830} INFO - Processing file /home/airflow/.local/lib/python3.8/site-packages/airflow/example_dags/example_branch_operator_decorator.py for tasks to queue
[2024-02-22T14:27:39.764+0000] {logging_mixin.py:188} INFO - [2024-02-22T14:27:39.763+0000] {dagbag.py:538} INFO - Filling up the DagBag from /home/airflow/.local/lib/python3.8/site-packages/airflow/example_dags/example_branch_operator_decorator.py
[2024-02-22T14:27:39.820+0000] {processor.py:840} INFO - DAG(s) 'example_branch_python_operator_decorator' retrieved from /home/airflow/.local/lib/python3.8/site-packages/airflow/example_dags/example_branch_operator_decorator.py
[2024-02-22T14:27:39.888+0000] {logging_mixin.py:188} INFO - [2024-02-22T14:27:39.888+0000] {dag.py:3036} INFO - Sync 1 DAGs
[2024-02-22T14:27:39.928+0000] {logging_mixin.py:188} INFO - [2024-02-22T14:27:39.927+0000] {dag.py:3823} INFO - Setting next_dagrun for example_branch_python_operator_decorator to 2024-02-21 00:00:00+00:00, run_after=2024-02-22 00:00:00+00:00
[2024-02-22T14:27:39.966+0000] {processor.py:183} INFO - Processing /home/airflow/.local/lib/python3.8/site-packages/airflow/example_dags/example_branch_operator_decorator.py took 0.219 seconds
[2024-02-22T14:28:10.365+0000] {processor.py:161} INFO - Started process (PID=539) to work on /home/airflow/.local/lib/python3.8/site-packages/airflow/example_dags/example_branch_operator_decorator.py
[2024-02-22T14:28:10.368+0000] {processor.py:830} INFO - Processing file /home/airflow/.local/lib/python3.8/site-packages/airflow/example_dags/example_branch_operator_decorator.py for tasks to queue
[2024-02-22T14:28:10.371+0000] {logging_mixin.py:188} INFO - [2024-02-22T14:28:10.371+0000] {dagbag.py:538} INFO - Filling up the DagBag from /home/airflow/.local/lib/python3.8/site-packages/airflow/example_dags/example_branch_operator_decorator.py
[2024-02-22T14:28:10.409+0000] {processor.py:840} INFO - DAG(s) 'example_branch_python_operator_decorator' retrieved from /home/airflow/.local/lib/python3.8/site-packages/airflow/example_dags/example_branch_operator_decorator.py
[2024-02-22T14:28:10.469+0000] {logging_mixin.py:188} INFO - [2024-02-22T14:28:10.468+0000] {dag.py:3036} INFO - Sync 1 DAGs
[2024-02-22T14:28:10.506+0000] {logging_mixin.py:188} INFO - [2024-02-22T14:28:10.505+0000] {dag.py:3823} INFO - Setting next_dagrun for example_branch_python_operator_decorator to 2024-02-21 00:00:00+00:00, run_after=2024-02-22 00:00:00+00:00
[2024-02-22T14:28:10.535+0000] {processor.py:183} INFO - Processing /home/airflow/.local/lib/python3.8/site-packages/airflow/example_dags/example_branch_operator_decorator.py took 0.176 seconds
[2024-02-22T14:28:40.984+0000] {processor.py:161} INFO - Started process (PID=593) to work on /home/airflow/.local/lib/python3.8/site-packages/airflow/example_dags/example_branch_operator_decorator.py
[2024-02-22T14:28:40.986+0000] {processor.py:830} INFO - Processing file /home/airflow/.local/lib/python3.8/site-packages/airflow/example_dags/example_branch_operator_decorator.py for tasks to queue
[2024-02-22T14:28:40.990+0000] {logging_mixin.py:188} INFO - [2024-02-22T14:28:40.989+0000] {dagbag.py:538} INFO - Filling up the DagBag from /home/airflow/.local/lib/python3.8/site-packages/airflow/example_dags/example_branch_operator_decorator.py
[2024-02-22T14:28:41.029+0000] {processor.py:840} INFO - DAG(s) 'example_branch_python_operator_decorator' retrieved from /home/airflow/.local/lib/python3.8/site-packages/airflow/example_dags/example_branch_operator_decorator.py
[2024-02-22T14:28:41.081+0000] {logging_mixin.py:188} INFO - [2024-02-22T14:28:41.080+0000] {dag.py:3036} INFO - Sync 1 DAGs
[2024-02-22T14:28:41.120+0000] {logging_mixin.py:188} INFO - [2024-02-22T14:28:41.119+0000] {dag.py:3823} INFO - Setting next_dagrun for example_branch_python_operator_decorator to 2024-02-21 00:00:00+00:00, run_after=2024-02-22 00:00:00+00:00
[2024-02-22T14:28:41.154+0000] {processor.py:183} INFO - Processing /home/airflow/.local/lib/python3.8/site-packages/airflow/example_dags/example_branch_operator_decorator.py took 0.176 seconds
[2024-02-22T14:29:12.007+0000] {processor.py:161} INFO - Started process (PID=649) to work on /home/airflow/.local/lib/python3.8/site-packages/airflow/example_dags/example_branch_operator_decorator.py
[2024-02-22T14:29:12.010+0000] {processor.py:830} INFO - Processing file /home/airflow/.local/lib/python3.8/site-packages/airflow/example_dags/example_branch_operator_decorator.py for tasks to queue
[2024-02-22T14:29:12.015+0000] {logging_mixin.py:188} INFO - [2024-02-22T14:29:12.014+0000] {dagbag.py:538} INFO - Filling up the DagBag from /home/airflow/.local/lib/python3.8/site-packages/airflow/example_dags/example_branch_operator_decorator.py
[2024-02-22T14:29:12.058+0000] {processor.py:840} INFO - DAG(s) 'example_branch_python_operator_decorator' retrieved from /home/airflow/.local/lib/python3.8/site-packages/airflow/example_dags/example_branch_operator_decorator.py
[2024-02-22T14:29:12.110+0000] {logging_mixin.py:188} INFO - [2024-02-22T14:29:12.109+0000] {dag.py:3036} INFO - Sync 1 DAGs
[2024-02-22T14:29:12.166+0000] {logging_mixin.py:188} INFO - [2024-02-22T14:29:12.166+0000] {dag.py:3823} INFO - Setting next_dagrun for example_branch_python_operator_decorator to 2024-02-21 00:00:00+00:00, run_after=2024-02-22 00:00:00+00:00
[2024-02-22T14:29:12.208+0000] {processor.py:183} INFO - Processing /home/airflow/.local/lib/python3.8/site-packages/airflow/example_dags/example_branch_operator_decorator.py took 0.208 seconds
[2024-02-22T14:29:42.455+0000] {processor.py:161} INFO - Started process (PID=705) to work on /home/airflow/.local/lib/python3.8/site-packages/airflow/example_dags/example_branch_operator_decorator.py
[2024-02-22T14:29:42.457+0000] {processor.py:830} INFO - Processing file /home/airflow/.local/lib/python3.8/site-packages/airflow/example_dags/example_branch_operator_decorator.py for tasks to queue
[2024-02-22T14:29:42.460+0000] {logging_mixin.py:188} INFO - [2024-02-22T14:29:42.460+0000] {dagbag.py:538} INFO - Filling up the DagBag from /home/airflow/.local/lib/python3.8/site-packages/airflow/example_dags/example_branch_operator_decorator.py
[2024-02-22T14:29:42.498+0000] {processor.py:840} INFO - DAG(s) 'example_branch_python_operator_decorator' retrieved from /home/airflow/.local/lib/python3.8/site-packages/airflow/example_dags/example_branch_operator_decorator.py
[2024-02-22T14:29:42.550+0000] {logging_mixin.py:188} INFO - [2024-02-22T14:29:42.549+0000] {dag.py:3036} INFO - Sync 1 DAGs
[2024-02-22T14:29:42.590+0000] {logging_mixin.py:188} INFO - [2024-02-22T14:29:42.589+0000] {dag.py:3823} INFO - Setting next_dagrun for example_branch_python_operator_decorator to 2024-02-21 00:00:00+00:00, run_after=2024-02-22 00:00:00+00:00
[2024-02-22T14:29:42.621+0000] {processor.py:183} INFO - Processing /home/airflow/.local/lib/python3.8/site-packages/airflow/example_dags/example_branch_operator_decorator.py took 0.173 seconds
[2024-02-22T14:30:12.808+0000] {processor.py:161} INFO - Started process (PID=760) to work on /home/airflow/.local/lib/python3.8/site-packages/airflow/example_dags/example_branch_operator_decorator.py
[2024-02-22T14:30:12.811+0000] {processor.py:830} INFO - Processing file /home/airflow/.local/lib/python3.8/site-packages/airflow/example_dags/example_branch_operator_decorator.py for tasks to queue
[2024-02-22T14:30:12.815+0000] {logging_mixin.py:188} INFO - [2024-02-22T14:30:12.814+0000] {dagbag.py:538} INFO - Filling up the DagBag from /home/airflow/.local/lib/python3.8/site-packages/airflow/example_dags/example_branch_operator_decorator.py
[2024-02-22T14:30:12.856+0000] {processor.py:840} INFO - DAG(s) 'example_branch_python_operator_decorator' retrieved from /home/airflow/.local/lib/python3.8/site-packages/airflow/example_dags/example_branch_operator_decorator.py
[2024-02-22T14:30:12.907+0000] {logging_mixin.py:188} INFO - [2024-02-22T14:30:12.906+0000] {dag.py:3036} INFO - Sync 1 DAGs
[2024-02-22T14:30:12.946+0000] {logging_mixin.py:188} INFO - [2024-02-22T14:30:12.945+0000] {dag.py:3823} INFO - Setting next_dagrun for example_branch_python_operator_decorator to 2024-02-21 00:00:00+00:00, run_after=2024-02-22 00:00:00+00:00
[2024-02-22T14:30:12.977+0000] {processor.py:183} INFO - Processing /home/airflow/.local/lib/python3.8/site-packages/airflow/example_dags/example_branch_operator_decorator.py took 0.176 seconds
[2024-02-22T14:30:43.778+0000] {processor.py:161} INFO - Started process (PID=815) to work on /home/airflow/.local/lib/python3.8/site-packages/airflow/example_dags/example_branch_operator_decorator.py
[2024-02-22T14:30:43.779+0000] {processor.py:830} INFO - Processing file /home/airflow/.local/lib/python3.8/site-packages/airflow/example_dags/example_branch_operator_decorator.py for tasks to queue
[2024-02-22T14:30:43.783+0000] {logging_mixin.py:188} INFO - [2024-02-22T14:30:43.782+0000] {dagbag.py:538} INFO - Filling up the DagBag from /home/airflow/.local/lib/python3.8/site-packages/airflow/example_dags/example_branch_operator_decorator.py
[2024-02-22T14:30:43.821+0000] {processor.py:840} INFO - DAG(s) 'example_branch_python_operator_decorator' retrieved from /home/airflow/.local/lib/python3.8/site-packages/airflow/example_dags/example_branch_operator_decorator.py
[2024-02-22T14:30:43.890+0000] {logging_mixin.py:188} INFO - [2024-02-22T14:30:43.889+0000] {dag.py:3036} INFO - Sync 1 DAGs
[2024-02-22T14:30:43.944+0000] {logging_mixin.py:188} INFO - [2024-02-22T14:30:43.944+0000] {dag.py:3823} INFO - Setting next_dagrun for example_branch_python_operator_decorator to 2024-02-21 00:00:00+00:00, run_after=2024-02-22 00:00:00+00:00
[2024-02-22T14:30:43.985+0000] {processor.py:183} INFO - Processing /home/airflow/.local/lib/python3.8/site-packages/airflow/example_dags/example_branch_operator_decorator.py took 0.213 seconds
[2024-02-22T14:31:14.745+0000] {processor.py:161} INFO - Started process (PID=871) to work on /home/airflow/.local/lib/python3.8/site-packages/airflow/example_dags/example_branch_operator_decorator.py
[2024-02-22T14:31:14.748+0000] {processor.py:830} INFO - Processing file /home/airflow/.local/lib/python3.8/site-packages/airflow/example_dags/example_branch_operator_decorator.py for tasks to queue
[2024-02-22T14:31:14.754+0000] {logging_mixin.py:188} INFO - [2024-02-22T14:31:14.753+0000] {dagbag.py:538} INFO - Filling up the DagBag from /home/airflow/.local/lib/python3.8/site-packages/airflow/example_dags/example_branch_operator_decorator.py
[2024-02-22T14:31:14.797+0000] {processor.py:840} INFO - DAG(s) 'example_branch_python_operator_decorator' retrieved from /home/airflow/.local/lib/python3.8/site-packages/airflow/example_dags/example_branch_operator_decorator.py
[2024-02-22T14:31:14.850+0000] {logging_mixin.py:188} INFO - [2024-02-22T14:31:14.849+0000] {dag.py:3036} INFO - Sync 1 DAGs
[2024-02-22T14:31:14.893+0000] {logging_mixin.py:188} INFO - [2024-02-22T14:31:14.893+0000] {dag.py:3823} INFO - Setting next_dagrun for example_branch_python_operator_decorator to 2024-02-21 00:00:00+00:00, run_after=2024-02-22 00:00:00+00:00
[2024-02-22T14:31:14.926+0000] {processor.py:183} INFO - Processing /home/airflow/.local/lib/python3.8/site-packages/airflow/example_dags/example_branch_operator_decorator.py took 0.189 seconds
[2024-02-22T14:31:45.395+0000] {processor.py:161} INFO - Started process (PID=926) to work on /home/airflow/.local/lib/python3.8/site-packages/airflow/example_dags/example_branch_operator_decorator.py
[2024-02-22T14:31:45.397+0000] {processor.py:830} INFO - Processing file /home/airflow/.local/lib/python3.8/site-packages/airflow/example_dags/example_branch_operator_decorator.py for tasks to queue
[2024-02-22T14:31:45.401+0000] {logging_mixin.py:188} INFO - [2024-02-22T14:31:45.400+0000] {dagbag.py:538} INFO - Filling up the DagBag from /home/airflow/.local/lib/python3.8/site-packages/airflow/example_dags/example_branch_operator_decorator.py
[2024-02-22T14:31:45.441+0000] {processor.py:840} INFO - DAG(s) 'example_branch_python_operator_decorator' retrieved from /home/airflow/.local/lib/python3.8/site-packages/airflow/example_dags/example_branch_operator_decorator.py
[2024-02-22T14:31:45.498+0000] {logging_mixin.py:188} INFO - [2024-02-22T14:31:45.495+0000] {dag.py:3036} INFO - Sync 1 DAGs
[2024-02-22T14:31:45.544+0000] {logging_mixin.py:188} INFO - [2024-02-22T14:31:45.543+0000] {dag.py:3823} INFO - Setting next_dagrun for example_branch_python_operator_decorator to 2024-02-21 00:00:00+00:00, run_after=2024-02-22 00:00:00+00:00
[2024-02-22T14:31:45.576+0000] {processor.py:183} INFO - Processing /home/airflow/.local/lib/python3.8/site-packages/airflow/example_dags/example_branch_operator_decorator.py took 0.187 seconds
