[2024-02-22T14:23:40.464+0000] {processor.py:161} INFO - Started process (PID=76) to work on /home/airflow/.local/lib/python3.8/site-packages/airflow/example_dags/tutorial_dag.py
[2024-02-22T14:23:40.466+0000] {processor.py:830} INFO - Processing file /home/airflow/.local/lib/python3.8/site-packages/airflow/example_dags/tutorial_dag.py for tasks to queue
[2024-02-22T14:23:40.470+0000] {logging_mixin.py:188} INFO - [2024-02-22T14:23:40.469+0000] {dagbag.py:538} INFO - Filling up the DagBag from /home/airflow/.local/lib/python3.8/site-packages/airflow/example_dags/tutorial_dag.py
[2024-02-22T14:23:40.482+0000] {processor.py:840} INFO - DAG(s) 'tutorial_dag' retrieved from /home/airflow/.local/lib/python3.8/site-packages/airflow/example_dags/tutorial_dag.py
[2024-02-22T14:23:40.526+0000] {logging_mixin.py:188} INFO - [2024-02-22T14:23:40.525+0000] {dag.py:3036} INFO - Sync 1 DAGs
[2024-02-22T14:23:40.555+0000] {logging_mixin.py:188} INFO - [2024-02-22T14:23:40.554+0000] {dag.py:3823} INFO - Setting next_dagrun for tutorial_dag to None, run_after=None
[2024-02-22T14:23:40.617+0000] {processor.py:183} INFO - Processing /home/airflow/.local/lib/python3.8/site-packages/airflow/example_dags/tutorial_dag.py took 0.161 seconds
[2024-02-22T14:24:11.442+0000] {processor.py:161} INFO - Started process (PID=131) to work on /home/airflow/.local/lib/python3.8/site-packages/airflow/example_dags/tutorial_dag.py
[2024-02-22T14:24:11.445+0000] {processor.py:830} INFO - Processing file /home/airflow/.local/lib/python3.8/site-packages/airflow/example_dags/tutorial_dag.py for tasks to queue
[2024-02-22T14:24:11.449+0000] {logging_mixin.py:188} INFO - [2024-02-22T14:24:11.448+0000] {dagbag.py:538} INFO - Filling up the DagBag from /home/airflow/.local/lib/python3.8/site-packages/airflow/example_dags/tutorial_dag.py
[2024-02-22T14:24:11.462+0000] {processor.py:840} INFO - DAG(s) 'tutorial_dag' retrieved from /home/airflow/.local/lib/python3.8/site-packages/airflow/example_dags/tutorial_dag.py
[2024-02-22T14:24:11.505+0000] {logging_mixin.py:188} INFO - [2024-02-22T14:24:11.504+0000] {dag.py:3036} INFO - Sync 1 DAGs
[2024-02-22T14:24:11.534+0000] {logging_mixin.py:188} INFO - [2024-02-22T14:24:11.534+0000] {dag.py:3823} INFO - Setting next_dagrun for tutorial_dag to None, run_after=None
[2024-02-22T14:24:11.569+0000] {processor.py:183} INFO - Processing /home/airflow/.local/lib/python3.8/site-packages/airflow/example_dags/tutorial_dag.py took 0.137 seconds
[2024-02-22T14:24:41.677+0000] {processor.py:161} INFO - Started process (PID=186) to work on /home/airflow/.local/lib/python3.8/site-packages/airflow/example_dags/tutorial_dag.py
[2024-02-22T14:24:41.680+0000] {processor.py:830} INFO - Processing file /home/airflow/.local/lib/python3.8/site-packages/airflow/example_dags/tutorial_dag.py for tasks to queue
[2024-02-22T14:24:41.683+0000] {logging_mixin.py:188} INFO - [2024-02-22T14:24:41.682+0000] {dagbag.py:538} INFO - Filling up the DagBag from /home/airflow/.local/lib/python3.8/site-packages/airflow/example_dags/tutorial_dag.py
[2024-02-22T14:24:41.693+0000] {processor.py:840} INFO - DAG(s) 'tutorial_dag' retrieved from /home/airflow/.local/lib/python3.8/site-packages/airflow/example_dags/tutorial_dag.py
[2024-02-22T14:24:41.726+0000] {logging_mixin.py:188} INFO - [2024-02-22T14:24:41.725+0000] {dag.py:3036} INFO - Sync 1 DAGs
[2024-02-22T14:24:41.744+0000] {logging_mixin.py:188} INFO - [2024-02-22T14:24:41.744+0000] {dag.py:3823} INFO - Setting next_dagrun for tutorial_dag to None, run_after=None
[2024-02-22T14:24:41.770+0000] {processor.py:183} INFO - Processing /home/airflow/.local/lib/python3.8/site-packages/airflow/example_dags/tutorial_dag.py took 0.098 seconds
[2024-02-22T14:25:12.162+0000] {processor.py:161} INFO - Started process (PID=241) to work on /home/airflow/.local/lib/python3.8/site-packages/airflow/example_dags/tutorial_dag.py
[2024-02-22T14:25:12.163+0000] {processor.py:830} INFO - Processing file /home/airflow/.local/lib/python3.8/site-packages/airflow/example_dags/tutorial_dag.py for tasks to queue
[2024-02-22T14:25:12.167+0000] {logging_mixin.py:188} INFO - [2024-02-22T14:25:12.166+0000] {dagbag.py:538} INFO - Filling up the DagBag from /home/airflow/.local/lib/python3.8/site-packages/airflow/example_dags/tutorial_dag.py
[2024-02-22T14:25:12.177+0000] {processor.py:840} INFO - DAG(s) 'tutorial_dag' retrieved from /home/airflow/.local/lib/python3.8/site-packages/airflow/example_dags/tutorial_dag.py
[2024-02-22T14:25:12.212+0000] {logging_mixin.py:188} INFO - [2024-02-22T14:25:12.211+0000] {dag.py:3036} INFO - Sync 1 DAGs
[2024-02-22T14:25:12.232+0000] {logging_mixin.py:188} INFO - [2024-02-22T14:25:12.231+0000] {dag.py:3823} INFO - Setting next_dagrun for tutorial_dag to None, run_after=None
[2024-02-22T14:25:12.262+0000] {processor.py:183} INFO - Processing /home/airflow/.local/lib/python3.8/site-packages/airflow/example_dags/tutorial_dag.py took 0.106 seconds
[2024-02-22T14:25:43.263+0000] {processor.py:161} INFO - Started process (PID=296) to work on /home/airflow/.local/lib/python3.8/site-packages/airflow/example_dags/tutorial_dag.py
[2024-02-22T14:25:43.265+0000] {processor.py:830} INFO - Processing file /home/airflow/.local/lib/python3.8/site-packages/airflow/example_dags/tutorial_dag.py for tasks to queue
[2024-02-22T14:25:43.269+0000] {logging_mixin.py:188} INFO - [2024-02-22T14:25:43.268+0000] {dagbag.py:538} INFO - Filling up the DagBag from /home/airflow/.local/lib/python3.8/site-packages/airflow/example_dags/tutorial_dag.py
[2024-02-22T14:25:43.279+0000] {processor.py:840} INFO - DAG(s) 'tutorial_dag' retrieved from /home/airflow/.local/lib/python3.8/site-packages/airflow/example_dags/tutorial_dag.py
[2024-02-22T14:25:43.319+0000] {logging_mixin.py:188} INFO - [2024-02-22T14:25:43.319+0000] {dag.py:3036} INFO - Sync 1 DAGs
[2024-02-22T14:25:43.341+0000] {logging_mixin.py:188} INFO - [2024-02-22T14:25:43.340+0000] {dag.py:3823} INFO - Setting next_dagrun for tutorial_dag to None, run_after=None
[2024-02-22T14:25:43.374+0000] {processor.py:183} INFO - Processing /home/airflow/.local/lib/python3.8/site-packages/airflow/example_dags/tutorial_dag.py took 0.117 seconds
[2024-02-22T14:26:13.531+0000] {processor.py:161} INFO - Started process (PID=351) to work on /home/airflow/.local/lib/python3.8/site-packages/airflow/example_dags/tutorial_dag.py
[2024-02-22T14:26:13.534+0000] {processor.py:830} INFO - Processing file /home/airflow/.local/lib/python3.8/site-packages/airflow/example_dags/tutorial_dag.py for tasks to queue
[2024-02-22T14:26:13.537+0000] {logging_mixin.py:188} INFO - [2024-02-22T14:26:13.537+0000] {dagbag.py:538} INFO - Filling up the DagBag from /home/airflow/.local/lib/python3.8/site-packages/airflow/example_dags/tutorial_dag.py
[2024-02-22T14:26:13.546+0000] {processor.py:840} INFO - DAG(s) 'tutorial_dag' retrieved from /home/airflow/.local/lib/python3.8/site-packages/airflow/example_dags/tutorial_dag.py
[2024-02-22T14:26:13.583+0000] {logging_mixin.py:188} INFO - [2024-02-22T14:26:13.581+0000] {dag.py:3036} INFO - Sync 1 DAGs
[2024-02-22T14:26:13.610+0000] {logging_mixin.py:188} INFO - [2024-02-22T14:26:13.609+0000] {dag.py:3823} INFO - Setting next_dagrun for tutorial_dag to None, run_after=None
[2024-02-22T14:26:13.651+0000] {processor.py:183} INFO - Processing /home/airflow/.local/lib/python3.8/site-packages/airflow/example_dags/tutorial_dag.py took 0.128 seconds
[2024-02-22T14:26:44.057+0000] {processor.py:161} INFO - Started process (PID=407) to work on /home/airflow/.local/lib/python3.8/site-packages/airflow/example_dags/tutorial_dag.py
[2024-02-22T14:26:44.059+0000] {processor.py:830} INFO - Processing file /home/airflow/.local/lib/python3.8/site-packages/airflow/example_dags/tutorial_dag.py for tasks to queue
[2024-02-22T14:26:44.063+0000] {logging_mixin.py:188} INFO - [2024-02-22T14:26:44.062+0000] {dagbag.py:538} INFO - Filling up the DagBag from /home/airflow/.local/lib/python3.8/site-packages/airflow/example_dags/tutorial_dag.py
[2024-02-22T14:26:44.073+0000] {processor.py:840} INFO - DAG(s) 'tutorial_dag' retrieved from /home/airflow/.local/lib/python3.8/site-packages/airflow/example_dags/tutorial_dag.py
[2024-02-22T14:26:44.125+0000] {logging_mixin.py:188} INFO - [2024-02-22T14:26:44.124+0000] {dag.py:3036} INFO - Sync 1 DAGs
[2024-02-22T14:26:44.146+0000] {logging_mixin.py:188} INFO - [2024-02-22T14:26:44.145+0000] {dag.py:3823} INFO - Setting next_dagrun for tutorial_dag to None, run_after=None
[2024-02-22T14:26:44.179+0000] {processor.py:183} INFO - Processing /home/airflow/.local/lib/python3.8/site-packages/airflow/example_dags/tutorial_dag.py took 0.128 seconds
[2024-02-22T14:27:14.848+0000] {processor.py:161} INFO - Started process (PID=461) to work on /home/airflow/.local/lib/python3.8/site-packages/airflow/example_dags/tutorial_dag.py
[2024-02-22T14:27:14.850+0000] {processor.py:830} INFO - Processing file /home/airflow/.local/lib/python3.8/site-packages/airflow/example_dags/tutorial_dag.py for tasks to queue
[2024-02-22T14:27:14.854+0000] {logging_mixin.py:188} INFO - [2024-02-22T14:27:14.853+0000] {dagbag.py:538} INFO - Filling up the DagBag from /home/airflow/.local/lib/python3.8/site-packages/airflow/example_dags/tutorial_dag.py
[2024-02-22T14:27:14.867+0000] {processor.py:840} INFO - DAG(s) 'tutorial_dag' retrieved from /home/airflow/.local/lib/python3.8/site-packages/airflow/example_dags/tutorial_dag.py
[2024-02-22T14:27:14.909+0000] {logging_mixin.py:188} INFO - [2024-02-22T14:27:14.908+0000] {dag.py:3036} INFO - Sync 1 DAGs
[2024-02-22T14:27:14.930+0000] {logging_mixin.py:188} INFO - [2024-02-22T14:27:14.930+0000] {dag.py:3823} INFO - Setting next_dagrun for tutorial_dag to None, run_after=None
[2024-02-22T14:27:14.965+0000] {processor.py:183} INFO - Processing /home/airflow/.local/lib/python3.8/site-packages/airflow/example_dags/tutorial_dag.py took 0.126 seconds
[2024-02-22T14:27:45.374+0000] {processor.py:161} INFO - Started process (PID=516) to work on /home/airflow/.local/lib/python3.8/site-packages/airflow/example_dags/tutorial_dag.py
[2024-02-22T14:27:45.376+0000] {processor.py:830} INFO - Processing file /home/airflow/.local/lib/python3.8/site-packages/airflow/example_dags/tutorial_dag.py for tasks to queue
[2024-02-22T14:27:45.381+0000] {logging_mixin.py:188} INFO - [2024-02-22T14:27:45.381+0000] {dagbag.py:538} INFO - Filling up the DagBag from /home/airflow/.local/lib/python3.8/site-packages/airflow/example_dags/tutorial_dag.py
[2024-02-22T14:27:45.393+0000] {processor.py:840} INFO - DAG(s) 'tutorial_dag' retrieved from /home/airflow/.local/lib/python3.8/site-packages/airflow/example_dags/tutorial_dag.py
[2024-02-22T14:27:45.430+0000] {logging_mixin.py:188} INFO - [2024-02-22T14:27:45.429+0000] {dag.py:3036} INFO - Sync 1 DAGs
[2024-02-22T14:27:45.458+0000] {logging_mixin.py:188} INFO - [2024-02-22T14:27:45.458+0000] {dag.py:3823} INFO - Setting next_dagrun for tutorial_dag to None, run_after=None
[2024-02-22T14:27:45.495+0000] {processor.py:183} INFO - Processing /home/airflow/.local/lib/python3.8/site-packages/airflow/example_dags/tutorial_dag.py took 0.128 seconds
[2024-02-22T14:28:15.965+0000] {processor.py:161} INFO - Started process (PID=571) to work on /home/airflow/.local/lib/python3.8/site-packages/airflow/example_dags/tutorial_dag.py
[2024-02-22T14:28:15.968+0000] {processor.py:830} INFO - Processing file /home/airflow/.local/lib/python3.8/site-packages/airflow/example_dags/tutorial_dag.py for tasks to queue
[2024-02-22T14:28:15.976+0000] {logging_mixin.py:188} INFO - [2024-02-22T14:28:15.975+0000] {dagbag.py:538} INFO - Filling up the DagBag from /home/airflow/.local/lib/python3.8/site-packages/airflow/example_dags/tutorial_dag.py
[2024-02-22T14:28:16.001+0000] {processor.py:840} INFO - DAG(s) 'tutorial_dag' retrieved from /home/airflow/.local/lib/python3.8/site-packages/airflow/example_dags/tutorial_dag.py
[2024-02-22T14:28:16.053+0000] {logging_mixin.py:188} INFO - [2024-02-22T14:28:16.051+0000] {dag.py:3036} INFO - Sync 1 DAGs
[2024-02-22T14:28:16.086+0000] {logging_mixin.py:188} INFO - [2024-02-22T14:28:16.086+0000] {dag.py:3823} INFO - Setting next_dagrun for tutorial_dag to None, run_after=None
[2024-02-22T14:28:16.125+0000] {processor.py:183} INFO - Processing /home/airflow/.local/lib/python3.8/site-packages/airflow/example_dags/tutorial_dag.py took 0.169 seconds
[2024-02-22T14:28:46.280+0000] {processor.py:161} INFO - Started process (PID=625) to work on /home/airflow/.local/lib/python3.8/site-packages/airflow/example_dags/tutorial_dag.py
[2024-02-22T14:28:46.281+0000] {processor.py:830} INFO - Processing file /home/airflow/.local/lib/python3.8/site-packages/airflow/example_dags/tutorial_dag.py for tasks to queue
[2024-02-22T14:28:46.285+0000] {logging_mixin.py:188} INFO - [2024-02-22T14:28:46.284+0000] {dagbag.py:538} INFO - Filling up the DagBag from /home/airflow/.local/lib/python3.8/site-packages/airflow/example_dags/tutorial_dag.py
[2024-02-22T14:28:46.295+0000] {processor.py:840} INFO - DAG(s) 'tutorial_dag' retrieved from /home/airflow/.local/lib/python3.8/site-packages/airflow/example_dags/tutorial_dag.py
[2024-02-22T14:28:46.332+0000] {logging_mixin.py:188} INFO - [2024-02-22T14:28:46.331+0000] {dag.py:3036} INFO - Sync 1 DAGs
[2024-02-22T14:28:46.352+0000] {logging_mixin.py:188} INFO - [2024-02-22T14:28:46.352+0000] {dag.py:3823} INFO - Setting next_dagrun for tutorial_dag to None, run_after=None
[2024-02-22T14:28:46.384+0000] {processor.py:183} INFO - Processing /home/airflow/.local/lib/python3.8/site-packages/airflow/example_dags/tutorial_dag.py took 0.111 seconds
[2024-02-22T14:29:16.672+0000] {processor.py:161} INFO - Started process (PID=681) to work on /home/airflow/.local/lib/python3.8/site-packages/airflow/example_dags/tutorial_dag.py
[2024-02-22T14:29:16.675+0000] {processor.py:830} INFO - Processing file /home/airflow/.local/lib/python3.8/site-packages/airflow/example_dags/tutorial_dag.py for tasks to queue
[2024-02-22T14:29:16.680+0000] {logging_mixin.py:188} INFO - [2024-02-22T14:29:16.679+0000] {dagbag.py:538} INFO - Filling up the DagBag from /home/airflow/.local/lib/python3.8/site-packages/airflow/example_dags/tutorial_dag.py
[2024-02-22T14:29:16.694+0000] {processor.py:840} INFO - DAG(s) 'tutorial_dag' retrieved from /home/airflow/.local/lib/python3.8/site-packages/airflow/example_dags/tutorial_dag.py
[2024-02-22T14:29:16.733+0000] {logging_mixin.py:188} INFO - [2024-02-22T14:29:16.731+0000] {dag.py:3036} INFO - Sync 1 DAGs
[2024-02-22T14:29:16.754+0000] {logging_mixin.py:188} INFO - [2024-02-22T14:29:16.753+0000] {dag.py:3823} INFO - Setting next_dagrun for tutorial_dag to None, run_after=None
[2024-02-22T14:29:16.781+0000] {processor.py:183} INFO - Processing /home/airflow/.local/lib/python3.8/site-packages/airflow/example_dags/tutorial_dag.py took 0.116 seconds
[2024-02-22T14:29:46.979+0000] {processor.py:161} INFO - Started process (PID=737) to work on /home/airflow/.local/lib/python3.8/site-packages/airflow/example_dags/tutorial_dag.py
[2024-02-22T14:29:46.981+0000] {processor.py:830} INFO - Processing file /home/airflow/.local/lib/python3.8/site-packages/airflow/example_dags/tutorial_dag.py for tasks to queue
[2024-02-22T14:29:46.985+0000] {logging_mixin.py:188} INFO - [2024-02-22T14:29:46.984+0000] {dagbag.py:538} INFO - Filling up the DagBag from /home/airflow/.local/lib/python3.8/site-packages/airflow/example_dags/tutorial_dag.py
[2024-02-22T14:29:46.996+0000] {processor.py:840} INFO - DAG(s) 'tutorial_dag' retrieved from /home/airflow/.local/lib/python3.8/site-packages/airflow/example_dags/tutorial_dag.py
[2024-02-22T14:29:47.034+0000] {logging_mixin.py:188} INFO - [2024-02-22T14:29:47.033+0000] {dag.py:3036} INFO - Sync 1 DAGs
[2024-02-22T14:29:47.056+0000] {logging_mixin.py:188} INFO - [2024-02-22T14:29:47.055+0000] {dag.py:3823} INFO - Setting next_dagrun for tutorial_dag to None, run_after=None
[2024-02-22T14:29:47.090+0000] {processor.py:183} INFO - Processing /home/airflow/.local/lib/python3.8/site-packages/airflow/example_dags/tutorial_dag.py took 0.117 seconds
[2024-02-22T14:30:18.082+0000] {processor.py:161} INFO - Started process (PID=792) to work on /home/airflow/.local/lib/python3.8/site-packages/airflow/example_dags/tutorial_dag.py
[2024-02-22T14:30:18.085+0000] {processor.py:830} INFO - Processing file /home/airflow/.local/lib/python3.8/site-packages/airflow/example_dags/tutorial_dag.py for tasks to queue
[2024-02-22T14:30:18.089+0000] {logging_mixin.py:188} INFO - [2024-02-22T14:30:18.088+0000] {dagbag.py:538} INFO - Filling up the DagBag from /home/airflow/.local/lib/python3.8/site-packages/airflow/example_dags/tutorial_dag.py
[2024-02-22T14:30:18.099+0000] {processor.py:840} INFO - DAG(s) 'tutorial_dag' retrieved from /home/airflow/.local/lib/python3.8/site-packages/airflow/example_dags/tutorial_dag.py
[2024-02-22T14:30:18.136+0000] {logging_mixin.py:188} INFO - [2024-02-22T14:30:18.135+0000] {dag.py:3036} INFO - Sync 1 DAGs
[2024-02-22T14:30:18.165+0000] {logging_mixin.py:188} INFO - [2024-02-22T14:30:18.164+0000] {dag.py:3823} INFO - Setting next_dagrun for tutorial_dag to None, run_after=None
[2024-02-22T14:30:18.197+0000] {processor.py:183} INFO - Processing /home/airflow/.local/lib/python3.8/site-packages/airflow/example_dags/tutorial_dag.py took 0.124 seconds
[2024-02-22T14:30:48.970+0000] {processor.py:161} INFO - Started process (PID=847) to work on /home/airflow/.local/lib/python3.8/site-packages/airflow/example_dags/tutorial_dag.py
[2024-02-22T14:30:48.972+0000] {processor.py:830} INFO - Processing file /home/airflow/.local/lib/python3.8/site-packages/airflow/example_dags/tutorial_dag.py for tasks to queue
[2024-02-22T14:30:48.975+0000] {logging_mixin.py:188} INFO - [2024-02-22T14:30:48.975+0000] {dagbag.py:538} INFO - Filling up the DagBag from /home/airflow/.local/lib/python3.8/site-packages/airflow/example_dags/tutorial_dag.py
[2024-02-22T14:30:48.987+0000] {processor.py:840} INFO - DAG(s) 'tutorial_dag' retrieved from /home/airflow/.local/lib/python3.8/site-packages/airflow/example_dags/tutorial_dag.py
[2024-02-22T14:30:49.025+0000] {logging_mixin.py:188} INFO - [2024-02-22T14:30:49.024+0000] {dag.py:3036} INFO - Sync 1 DAGs
[2024-02-22T14:30:49.045+0000] {logging_mixin.py:188} INFO - [2024-02-22T14:30:49.045+0000] {dag.py:3823} INFO - Setting next_dagrun for tutorial_dag to None, run_after=None
[2024-02-22T14:30:49.078+0000] {processor.py:183} INFO - Processing /home/airflow/.local/lib/python3.8/site-packages/airflow/example_dags/tutorial_dag.py took 0.115 seconds
[2024-02-22T14:31:20.207+0000] {processor.py:161} INFO - Started process (PID=903) to work on /home/airflow/.local/lib/python3.8/site-packages/airflow/example_dags/tutorial_dag.py
[2024-02-22T14:31:20.209+0000] {processor.py:830} INFO - Processing file /home/airflow/.local/lib/python3.8/site-packages/airflow/example_dags/tutorial_dag.py for tasks to queue
[2024-02-22T14:31:20.213+0000] {logging_mixin.py:188} INFO - [2024-02-22T14:31:20.212+0000] {dagbag.py:538} INFO - Filling up the DagBag from /home/airflow/.local/lib/python3.8/site-packages/airflow/example_dags/tutorial_dag.py
[2024-02-22T14:31:20.224+0000] {processor.py:840} INFO - DAG(s) 'tutorial_dag' retrieved from /home/airflow/.local/lib/python3.8/site-packages/airflow/example_dags/tutorial_dag.py
[2024-02-22T14:31:20.263+0000] {logging_mixin.py:188} INFO - [2024-02-22T14:31:20.262+0000] {dag.py:3036} INFO - Sync 1 DAGs
[2024-02-22T14:31:20.290+0000] {logging_mixin.py:188} INFO - [2024-02-22T14:31:20.290+0000] {dag.py:3823} INFO - Setting next_dagrun for tutorial_dag to None, run_after=None
[2024-02-22T14:31:20.327+0000] {processor.py:183} INFO - Processing /home/airflow/.local/lib/python3.8/site-packages/airflow/example_dags/tutorial_dag.py took 0.127 seconds
