[2024-02-22T14:23:35.956+0000] {processor.py:161} INFO - Started process (PID=51) to work on /home/airflow/.local/lib/python3.8/site-packages/airflow/example_dags/tutorial_objectstorage.py
[2024-02-22T14:23:35.959+0000] {processor.py:830} INFO - Processing file /home/airflow/.local/lib/python3.8/site-packages/airflow/example_dags/tutorial_objectstorage.py for tasks to queue
[2024-02-22T14:23:35.963+0000] {logging_mixin.py:188} INFO - [2024-02-22T14:23:35.962+0000] {dagbag.py:538} INFO - Filling up the DagBag from /home/airflow/.local/lib/python3.8/site-packages/airflow/example_dags/tutorial_objectstorage.py
[2024-02-22T14:23:35.982+0000] {processor.py:840} INFO - DAG(s) 'tutorial_objectstorage' retrieved from /home/airflow/.local/lib/python3.8/site-packages/airflow/example_dags/tutorial_objectstorage.py
[2024-02-22T14:23:36.031+0000] {logging_mixin.py:188} INFO - [2024-02-22T14:23:36.030+0000] {dag.py:3036} INFO - Sync 1 DAGs
[2024-02-22T14:23:36.057+0000] {logging_mixin.py:188} INFO - [2024-02-22T14:23:36.057+0000] {dag.py:3823} INFO - Setting next_dagrun for tutorial_objectstorage to None, run_after=None
[2024-02-22T14:23:36.094+0000] {processor.py:183} INFO - Processing /home/airflow/.local/lib/python3.8/site-packages/airflow/example_dags/tutorial_objectstorage.py took 0.156 seconds
[2024-02-22T14:24:06.186+0000] {processor.py:161} INFO - Started process (PID=106) to work on /home/airflow/.local/lib/python3.8/site-packages/airflow/example_dags/tutorial_objectstorage.py
[2024-02-22T14:24:06.187+0000] {processor.py:830} INFO - Processing file /home/airflow/.local/lib/python3.8/site-packages/airflow/example_dags/tutorial_objectstorage.py for tasks to queue
[2024-02-22T14:24:06.190+0000] {logging_mixin.py:188} INFO - [2024-02-22T14:24:06.190+0000] {dagbag.py:538} INFO - Filling up the DagBag from /home/airflow/.local/lib/python3.8/site-packages/airflow/example_dags/tutorial_objectstorage.py
[2024-02-22T14:24:06.202+0000] {processor.py:840} INFO - DAG(s) 'tutorial_objectstorage' retrieved from /home/airflow/.local/lib/python3.8/site-packages/airflow/example_dags/tutorial_objectstorage.py
[2024-02-22T14:24:06.236+0000] {logging_mixin.py:188} INFO - [2024-02-22T14:24:06.235+0000] {dag.py:3036} INFO - Sync 1 DAGs
[2024-02-22T14:24:06.257+0000] {logging_mixin.py:188} INFO - [2024-02-22T14:24:06.256+0000] {dag.py:3823} INFO - Setting next_dagrun for tutorial_objectstorage to None, run_after=None
[2024-02-22T14:24:06.286+0000] {processor.py:183} INFO - Processing /home/airflow/.local/lib/python3.8/site-packages/airflow/example_dags/tutorial_objectstorage.py took 0.106 seconds
[2024-02-22T14:24:36.332+0000] {processor.py:161} INFO - Started process (PID=161) to work on /home/airflow/.local/lib/python3.8/site-packages/airflow/example_dags/tutorial_objectstorage.py
[2024-02-22T14:24:36.335+0000] {processor.py:830} INFO - Processing file /home/airflow/.local/lib/python3.8/site-packages/airflow/example_dags/tutorial_objectstorage.py for tasks to queue
[2024-02-22T14:24:36.338+0000] {logging_mixin.py:188} INFO - [2024-02-22T14:24:36.338+0000] {dagbag.py:538} INFO - Filling up the DagBag from /home/airflow/.local/lib/python3.8/site-packages/airflow/example_dags/tutorial_objectstorage.py
[2024-02-22T14:24:36.351+0000] {processor.py:840} INFO - DAG(s) 'tutorial_objectstorage' retrieved from /home/airflow/.local/lib/python3.8/site-packages/airflow/example_dags/tutorial_objectstorage.py
[2024-02-22T14:24:36.387+0000] {logging_mixin.py:188} INFO - [2024-02-22T14:24:36.386+0000] {dag.py:3036} INFO - Sync 1 DAGs
[2024-02-22T14:24:36.407+0000] {logging_mixin.py:188} INFO - [2024-02-22T14:24:36.407+0000] {dag.py:3823} INFO - Setting next_dagrun for tutorial_objectstorage to None, run_after=None
[2024-02-22T14:24:36.440+0000] {processor.py:183} INFO - Processing /home/airflow/.local/lib/python3.8/site-packages/airflow/example_dags/tutorial_objectstorage.py took 0.114 seconds
[2024-02-22T14:25:07.140+0000] {processor.py:161} INFO - Started process (PID=216) to work on /home/airflow/.local/lib/python3.8/site-packages/airflow/example_dags/tutorial_objectstorage.py
[2024-02-22T14:25:07.143+0000] {processor.py:830} INFO - Processing file /home/airflow/.local/lib/python3.8/site-packages/airflow/example_dags/tutorial_objectstorage.py for tasks to queue
[2024-02-22T14:25:07.146+0000] {logging_mixin.py:188} INFO - [2024-02-22T14:25:07.146+0000] {dagbag.py:538} INFO - Filling up the DagBag from /home/airflow/.local/lib/python3.8/site-packages/airflow/example_dags/tutorial_objectstorage.py
[2024-02-22T14:25:07.158+0000] {processor.py:840} INFO - DAG(s) 'tutorial_objectstorage' retrieved from /home/airflow/.local/lib/python3.8/site-packages/airflow/example_dags/tutorial_objectstorage.py
[2024-02-22T14:25:07.191+0000] {logging_mixin.py:188} INFO - [2024-02-22T14:25:07.190+0000] {dag.py:3036} INFO - Sync 1 DAGs
[2024-02-22T14:25:07.213+0000] {logging_mixin.py:188} INFO - [2024-02-22T14:25:07.212+0000] {dag.py:3823} INFO - Setting next_dagrun for tutorial_objectstorage to None, run_after=None
[2024-02-22T14:25:07.242+0000] {processor.py:183} INFO - Processing /home/airflow/.local/lib/python3.8/site-packages/airflow/example_dags/tutorial_objectstorage.py took 0.109 seconds
[2024-02-22T14:25:37.969+0000] {processor.py:161} INFO - Started process (PID=271) to work on /home/airflow/.local/lib/python3.8/site-packages/airflow/example_dags/tutorial_objectstorage.py
[2024-02-22T14:25:37.971+0000] {processor.py:830} INFO - Processing file /home/airflow/.local/lib/python3.8/site-packages/airflow/example_dags/tutorial_objectstorage.py for tasks to queue
[2024-02-22T14:25:37.975+0000] {logging_mixin.py:188} INFO - [2024-02-22T14:25:37.974+0000] {dagbag.py:538} INFO - Filling up the DagBag from /home/airflow/.local/lib/python3.8/site-packages/airflow/example_dags/tutorial_objectstorage.py
[2024-02-22T14:25:37.988+0000] {processor.py:840} INFO - DAG(s) 'tutorial_objectstorage' retrieved from /home/airflow/.local/lib/python3.8/site-packages/airflow/example_dags/tutorial_objectstorage.py
[2024-02-22T14:25:38.021+0000] {logging_mixin.py:188} INFO - [2024-02-22T14:25:38.020+0000] {dag.py:3036} INFO - Sync 1 DAGs
[2024-02-22T14:25:38.041+0000] {logging_mixin.py:188} INFO - [2024-02-22T14:25:38.040+0000] {dag.py:3823} INFO - Setting next_dagrun for tutorial_objectstorage to None, run_after=None
[2024-02-22T14:25:38.069+0000] {processor.py:183} INFO - Processing /home/airflow/.local/lib/python3.8/site-packages/airflow/example_dags/tutorial_objectstorage.py took 0.106 seconds
[2024-02-22T14:26:09.021+0000] {processor.py:161} INFO - Started process (PID=326) to work on /home/airflow/.local/lib/python3.8/site-packages/airflow/example_dags/tutorial_objectstorage.py
[2024-02-22T14:26:09.024+0000] {processor.py:830} INFO - Processing file /home/airflow/.local/lib/python3.8/site-packages/airflow/example_dags/tutorial_objectstorage.py for tasks to queue
[2024-02-22T14:26:09.029+0000] {logging_mixin.py:188} INFO - [2024-02-22T14:26:09.028+0000] {dagbag.py:538} INFO - Filling up the DagBag from /home/airflow/.local/lib/python3.8/site-packages/airflow/example_dags/tutorial_objectstorage.py
[2024-02-22T14:26:09.045+0000] {processor.py:840} INFO - DAG(s) 'tutorial_objectstorage' retrieved from /home/airflow/.local/lib/python3.8/site-packages/airflow/example_dags/tutorial_objectstorage.py
[2024-02-22T14:26:09.079+0000] {logging_mixin.py:188} INFO - [2024-02-22T14:26:09.079+0000] {dag.py:3036} INFO - Sync 1 DAGs
[2024-02-22T14:26:09.100+0000] {logging_mixin.py:188} INFO - [2024-02-22T14:26:09.100+0000] {dag.py:3823} INFO - Setting next_dagrun for tutorial_objectstorage to None, run_after=None
[2024-02-22T14:26:09.136+0000] {processor.py:183} INFO - Processing /home/airflow/.local/lib/python3.8/site-packages/airflow/example_dags/tutorial_objectstorage.py took 0.122 seconds
