[2024-02-22T14:23:40.407+0000] {processor.py:161} INFO - Started process (PID=75) to work on /home/airflow/.local/lib/python3.8/site-packages/airflow/example_dags/tutorial.py
[2024-02-22T14:23:40.409+0000] {processor.py:830} INFO - Processing file /home/airflow/.local/lib/python3.8/site-packages/airflow/example_dags/tutorial.py for tasks to queue
[2024-02-22T14:23:40.413+0000] {logging_mixin.py:188} INFO - [2024-02-22T14:23:40.413+0000] {dagbag.py:538} INFO - Filling up the DagBag from /home/airflow/.local/lib/python3.8/site-packages/airflow/example_dags/tutorial.py
[2024-02-22T14:23:40.433+0000] {processor.py:840} INFO - DAG(s) 'tutorial' retrieved from /home/airflow/.local/lib/python3.8/site-packages/airflow/example_dags/tutorial.py
[2024-02-22T14:23:40.473+0000] {logging_mixin.py:188} INFO - [2024-02-22T14:23:40.472+0000] {dag.py:3036} INFO - Sync 1 DAGs
[2024-02-22T14:23:40.520+0000] {logging_mixin.py:188} INFO - [2024-02-22T14:23:40.520+0000] {dag.py:3823} INFO - Setting next_dagrun for tutorial to 2024-02-21 00:00:00+00:00, run_after=2024-02-22 00:00:00+00:00
[2024-02-22T14:23:40.565+0000] {processor.py:183} INFO - Processing /home/airflow/.local/lib/python3.8/site-packages/airflow/example_dags/tutorial.py took 0.166 seconds
[2024-02-22T14:24:11.390+0000] {processor.py:161} INFO - Started process (PID=130) to work on /home/airflow/.local/lib/python3.8/site-packages/airflow/example_dags/tutorial.py
[2024-02-22T14:24:11.393+0000] {processor.py:830} INFO - Processing file /home/airflow/.local/lib/python3.8/site-packages/airflow/example_dags/tutorial.py for tasks to queue
[2024-02-22T14:24:11.397+0000] {logging_mixin.py:188} INFO - [2024-02-22T14:24:11.396+0000] {dagbag.py:538} INFO - Filling up the DagBag from /home/airflow/.local/lib/python3.8/site-packages/airflow/example_dags/tutorial.py
[2024-02-22T14:24:11.414+0000] {processor.py:840} INFO - DAG(s) 'tutorial' retrieved from /home/airflow/.local/lib/python3.8/site-packages/airflow/example_dags/tutorial.py
[2024-02-22T14:24:11.456+0000] {logging_mixin.py:188} INFO - [2024-02-22T14:24:11.456+0000] {dag.py:3036} INFO - Sync 1 DAGs
[2024-02-22T14:24:11.509+0000] {logging_mixin.py:188} INFO - [2024-02-22T14:24:11.508+0000] {dag.py:3823} INFO - Setting next_dagrun for tutorial to 2024-02-21 00:00:00+00:00, run_after=2024-02-22 00:00:00+00:00
[2024-02-22T14:24:11.545+0000] {processor.py:183} INFO - Processing /home/airflow/.local/lib/python3.8/site-packages/airflow/example_dags/tutorial.py took 0.163 seconds
[2024-02-22T14:24:41.664+0000] {processor.py:161} INFO - Started process (PID=185) to work on /home/airflow/.local/lib/python3.8/site-packages/airflow/example_dags/tutorial.py
[2024-02-22T14:24:41.666+0000] {processor.py:830} INFO - Processing file /home/airflow/.local/lib/python3.8/site-packages/airflow/example_dags/tutorial.py for tasks to queue
[2024-02-22T14:24:41.670+0000] {logging_mixin.py:188} INFO - [2024-02-22T14:24:41.669+0000] {dagbag.py:538} INFO - Filling up the DagBag from /home/airflow/.local/lib/python3.8/site-packages/airflow/example_dags/tutorial.py
[2024-02-22T14:24:41.681+0000] {processor.py:840} INFO - DAG(s) 'tutorial' retrieved from /home/airflow/.local/lib/python3.8/site-packages/airflow/example_dags/tutorial.py
[2024-02-22T14:24:41.715+0000] {logging_mixin.py:188} INFO - [2024-02-22T14:24:41.715+0000] {dag.py:3036} INFO - Sync 1 DAGs
[2024-02-22T14:24:41.749+0000] {logging_mixin.py:188} INFO - [2024-02-22T14:24:41.748+0000] {dag.py:3823} INFO - Setting next_dagrun for tutorial to 2024-02-21 00:00:00+00:00, run_after=2024-02-22 00:00:00+00:00
[2024-02-22T14:24:41.775+0000] {processor.py:183} INFO - Processing /home/airflow/.local/lib/python3.8/site-packages/airflow/example_dags/tutorial.py took 0.118 seconds
[2024-02-22T14:25:12.138+0000] {processor.py:161} INFO - Started process (PID=240) to work on /home/airflow/.local/lib/python3.8/site-packages/airflow/example_dags/tutorial.py
[2024-02-22T14:25:12.140+0000] {processor.py:830} INFO - Processing file /home/airflow/.local/lib/python3.8/site-packages/airflow/example_dags/tutorial.py for tasks to queue
[2024-02-22T14:25:12.144+0000] {logging_mixin.py:188} INFO - [2024-02-22T14:25:12.143+0000] {dagbag.py:538} INFO - Filling up the DagBag from /home/airflow/.local/lib/python3.8/site-packages/airflow/example_dags/tutorial.py
[2024-02-22T14:25:12.155+0000] {processor.py:840} INFO - DAG(s) 'tutorial' retrieved from /home/airflow/.local/lib/python3.8/site-packages/airflow/example_dags/tutorial.py
[2024-02-22T14:25:12.188+0000] {logging_mixin.py:188} INFO - [2024-02-22T14:25:12.188+0000] {dag.py:3036} INFO - Sync 1 DAGs
[2024-02-22T14:25:12.223+0000] {logging_mixin.py:188} INFO - [2024-02-22T14:25:12.223+0000] {dag.py:3823} INFO - Setting next_dagrun for tutorial to 2024-02-21 00:00:00+00:00, run_after=2024-02-22 00:00:00+00:00
[2024-02-22T14:25:12.254+0000] {processor.py:183} INFO - Processing /home/airflow/.local/lib/python3.8/site-packages/airflow/example_dags/tutorial.py took 0.124 seconds
[2024-02-22T14:25:43.114+0000] {processor.py:161} INFO - Started process (PID=295) to work on /home/airflow/.local/lib/python3.8/site-packages/airflow/example_dags/tutorial.py
[2024-02-22T14:25:43.116+0000] {processor.py:830} INFO - Processing file /home/airflow/.local/lib/python3.8/site-packages/airflow/example_dags/tutorial.py for tasks to queue
[2024-02-22T14:25:43.119+0000] {logging_mixin.py:188} INFO - [2024-02-22T14:25:43.119+0000] {dagbag.py:538} INFO - Filling up the DagBag from /home/airflow/.local/lib/python3.8/site-packages/airflow/example_dags/tutorial.py
[2024-02-22T14:25:43.130+0000] {processor.py:840} INFO - DAG(s) 'tutorial' retrieved from /home/airflow/.local/lib/python3.8/site-packages/airflow/example_dags/tutorial.py
[2024-02-22T14:25:43.164+0000] {logging_mixin.py:188} INFO - [2024-02-22T14:25:43.163+0000] {dag.py:3036} INFO - Sync 1 DAGs
[2024-02-22T14:25:43.200+0000] {logging_mixin.py:188} INFO - [2024-02-22T14:25:43.200+0000] {dag.py:3823} INFO - Setting next_dagrun for tutorial to 2024-02-21 00:00:00+00:00, run_after=2024-02-22 00:00:00+00:00
[2024-02-22T14:25:43.229+0000] {processor.py:183} INFO - Processing /home/airflow/.local/lib/python3.8/site-packages/airflow/example_dags/tutorial.py took 0.121 seconds
[2024-02-22T14:26:13.367+0000] {processor.py:161} INFO - Started process (PID=350) to work on /home/airflow/.local/lib/python3.8/site-packages/airflow/example_dags/tutorial.py
[2024-02-22T14:26:13.369+0000] {processor.py:830} INFO - Processing file /home/airflow/.local/lib/python3.8/site-packages/airflow/example_dags/tutorial.py for tasks to queue
[2024-02-22T14:26:13.372+0000] {logging_mixin.py:188} INFO - [2024-02-22T14:26:13.372+0000] {dagbag.py:538} INFO - Filling up the DagBag from /home/airflow/.local/lib/python3.8/site-packages/airflow/example_dags/tutorial.py
[2024-02-22T14:26:13.383+0000] {processor.py:840} INFO - DAG(s) 'tutorial' retrieved from /home/airflow/.local/lib/python3.8/site-packages/airflow/example_dags/tutorial.py
[2024-02-22T14:26:13.423+0000] {logging_mixin.py:188} INFO - [2024-02-22T14:26:13.423+0000] {dag.py:3036} INFO - Sync 1 DAGs
[2024-02-22T14:26:13.465+0000] {logging_mixin.py:188} INFO - [2024-02-22T14:26:13.464+0000] {dag.py:3823} INFO - Setting next_dagrun for tutorial to 2024-02-21 00:00:00+00:00, run_after=2024-02-22 00:00:00+00:00
[2024-02-22T14:26:13.492+0000] {processor.py:183} INFO - Processing /home/airflow/.local/lib/python3.8/site-packages/airflow/example_dags/tutorial.py took 0.131 seconds
