[2024-04-03T20:46:45.963+0000] {processor.py:161} INFO - Started process (PID=82737) to work on /home/datatalks_jan/anaconda3/lib/python3.11/site-packages/airflow/example_dags/example_datasets.py
[2024-04-03T20:46:45.965+0000] {processor.py:830} INFO - Processing file /home/datatalks_jan/anaconda3/lib/python3.11/site-packages/airflow/example_dags/example_datasets.py for tasks to queue
[2024-04-03T20:46:45.966+0000] {logging_mixin.py:188} INFO - [2024-04-03T20:46:45.965+0000] {dagbag.py:540} INFO - Filling up the DagBag from /home/datatalks_jan/anaconda3/lib/python3.11/site-packages/airflow/example_dags/example_datasets.py
[2024-04-03T20:46:45.983+0000] {processor.py:840} INFO - DAG(s) 'dataset_consumes_unknown_never_scheduled', 'dataset_consumes_1', 'dataset_produces_2', 'dataset_produces_1', 'dataset_consumes_1_never_scheduled', 'dataset_consumes_1_and_2' retrieved from /home/datatalks_jan/anaconda3/lib/python3.11/site-packages/airflow/example_dags/example_datasets.py
[2024-04-03T20:46:46.141+0000] {logging_mixin.py:188} INFO - [2024-04-03T20:46:46.140+0000] {dag.py:3047} INFO - Sync 6 DAGs
[2024-04-03T20:46:46.164+0000] {logging_mixin.py:188} INFO - [2024-04-03T20:46:46.163+0000] {dag.py:3834} INFO - Setting next_dagrun for dataset_consumes_1 to None, run_after=None
[2024-04-03T20:46:46.167+0000] {logging_mixin.py:188} INFO - [2024-04-03T20:46:46.166+0000] {dag.py:3834} INFO - Setting next_dagrun for dataset_consumes_1_and_2 to None, run_after=None
[2024-04-03T20:46:46.168+0000] {logging_mixin.py:188} INFO - [2024-04-03T20:46:46.168+0000] {dag.py:3834} INFO - Setting next_dagrun for dataset_consumes_1_never_scheduled to None, run_after=None
[2024-04-03T20:46:46.169+0000] {logging_mixin.py:188} INFO - [2024-04-03T20:46:46.169+0000] {dag.py:3834} INFO - Setting next_dagrun for dataset_consumes_unknown_never_scheduled to None, run_after=None
[2024-04-03T20:46:46.172+0000] {logging_mixin.py:188} INFO - [2024-04-03T20:46:46.172+0000] {dag.py:3834} INFO - Setting next_dagrun for dataset_produces_1 to 2024-04-02 00:00:00+00:00, run_after=2024-04-03 00:00:00+00:00
[2024-04-03T20:46:46.173+0000] {logging_mixin.py:188} INFO - [2024-04-03T20:46:46.173+0000] {dag.py:3834} INFO - Setting next_dagrun for dataset_produces_2 to None, run_after=None
[2024-04-03T20:46:46.477+0000] {processor.py:183} INFO - Processing /home/datatalks_jan/anaconda3/lib/python3.11/site-packages/airflow/example_dags/example_datasets.py took 0.520 seconds
[2024-04-03T20:48:06.281+0000] {processor.py:161} INFO - Started process (PID=83275) to work on /home/datatalks_jan/anaconda3/lib/python3.11/site-packages/airflow/example_dags/example_datasets.py
[2024-04-03T20:48:06.284+0000] {processor.py:830} INFO - Processing file /home/datatalks_jan/anaconda3/lib/python3.11/site-packages/airflow/example_dags/example_datasets.py for tasks to queue
[2024-04-03T20:48:06.285+0000] {logging_mixin.py:188} INFO - [2024-04-03T20:48:06.285+0000] {dagbag.py:540} INFO - Filling up the DagBag from /home/datatalks_jan/anaconda3/lib/python3.11/site-packages/airflow/example_dags/example_datasets.py
[2024-04-03T20:48:06.305+0000] {processor.py:840} INFO - DAG(s) 'dataset_produces_1', 'dataset_consumes_unknown_never_scheduled', 'dataset_consumes_1_never_scheduled', 'dataset_consumes_1', 'dataset_consumes_1_and_2', 'dataset_produces_2' retrieved from /home/datatalks_jan/anaconda3/lib/python3.11/site-packages/airflow/example_dags/example_datasets.py
[2024-04-03T20:48:06.344+0000] {logging_mixin.py:188} INFO - [2024-04-03T20:48:06.344+0000] {dag.py:3047} INFO - Sync 6 DAGs
[2024-04-03T20:48:06.371+0000] {logging_mixin.py:188} INFO - [2024-04-03T20:48:06.371+0000] {dag.py:3834} INFO - Setting next_dagrun for dataset_consumes_1 to None, run_after=None
[2024-04-03T20:48:06.375+0000] {logging_mixin.py:188} INFO - [2024-04-03T20:48:06.375+0000] {dag.py:3834} INFO - Setting next_dagrun for dataset_consumes_1_and_2 to None, run_after=None
[2024-04-03T20:48:06.376+0000] {logging_mixin.py:188} INFO - [2024-04-03T20:48:06.376+0000] {dag.py:3834} INFO - Setting next_dagrun for dataset_consumes_1_never_scheduled to None, run_after=None
[2024-04-03T20:48:06.377+0000] {logging_mixin.py:188} INFO - [2024-04-03T20:48:06.377+0000] {dag.py:3834} INFO - Setting next_dagrun for dataset_consumes_unknown_never_scheduled to None, run_after=None
[2024-04-03T20:48:06.380+0000] {logging_mixin.py:188} INFO - [2024-04-03T20:48:06.380+0000] {dag.py:3834} INFO - Setting next_dagrun for dataset_produces_1 to 2024-04-02 00:00:00+00:00, run_after=2024-04-03 00:00:00+00:00
[2024-04-03T20:48:06.381+0000] {logging_mixin.py:188} INFO - [2024-04-03T20:48:06.381+0000] {dag.py:3834} INFO - Setting next_dagrun for dataset_produces_2 to None, run_after=None
[2024-04-03T20:48:06.418+0000] {processor.py:183} INFO - Processing /home/datatalks_jan/anaconda3/lib/python3.11/site-packages/airflow/example_dags/example_datasets.py took 0.143 seconds
[2024-04-03T20:49:12.529+0000] {processor.py:161} INFO - Started process (PID=83596) to work on /home/datatalks_jan/anaconda3/lib/python3.11/site-packages/airflow/example_dags/example_datasets.py
[2024-04-03T20:49:12.532+0000] {processor.py:830} INFO - Processing file /home/datatalks_jan/anaconda3/lib/python3.11/site-packages/airflow/example_dags/example_datasets.py for tasks to queue
[2024-04-03T20:49:12.538+0000] {logging_mixin.py:188} INFO - [2024-04-03T20:49:12.537+0000] {dagbag.py:540} INFO - Filling up the DagBag from /home/datatalks_jan/anaconda3/lib/python3.11/site-packages/airflow/example_dags/example_datasets.py
[2024-04-03T20:49:12.558+0000] {processor.py:840} INFO - DAG(s) 'dataset_produces_2', 'dataset_consumes_1_never_scheduled', 'dataset_consumes_1_and_2', 'dataset_consumes_1', 'dataset_produces_1', 'dataset_consumes_unknown_never_scheduled' retrieved from /home/datatalks_jan/anaconda3/lib/python3.11/site-packages/airflow/example_dags/example_datasets.py
[2024-04-03T20:49:12.879+0000] {logging_mixin.py:188} INFO - [2024-04-03T20:49:12.879+0000] {dag.py:3047} INFO - Sync 6 DAGs
[2024-04-03T20:49:12.943+0000] {logging_mixin.py:188} INFO - [2024-04-03T20:49:12.942+0000] {dag.py:3834} INFO - Setting next_dagrun for dataset_consumes_1 to None, run_after=None
[2024-04-03T20:49:12.951+0000] {logging_mixin.py:188} INFO - [2024-04-03T20:49:12.950+0000] {dag.py:3834} INFO - Setting next_dagrun for dataset_consumes_1_and_2 to None, run_after=None
[2024-04-03T20:49:12.954+0000] {logging_mixin.py:188} INFO - [2024-04-03T20:49:12.953+0000] {dag.py:3834} INFO - Setting next_dagrun for dataset_consumes_1_never_scheduled to None, run_after=None
[2024-04-03T20:49:12.955+0000] {logging_mixin.py:188} INFO - [2024-04-03T20:49:12.955+0000] {dag.py:3834} INFO - Setting next_dagrun for dataset_consumes_unknown_never_scheduled to None, run_after=None
[2024-04-03T20:49:12.958+0000] {logging_mixin.py:188} INFO - [2024-04-03T20:49:12.958+0000] {dag.py:3834} INFO - Setting next_dagrun for dataset_produces_1 to 2024-04-02 00:00:00+00:00, run_after=2024-04-03 00:00:00+00:00
[2024-04-03T20:49:12.960+0000] {logging_mixin.py:188} INFO - [2024-04-03T20:49:12.959+0000] {dag.py:3834} INFO - Setting next_dagrun for dataset_produces_2 to None, run_after=None
[2024-04-03T20:49:12.995+0000] {processor.py:183} INFO - Processing /home/datatalks_jan/anaconda3/lib/python3.11/site-packages/airflow/example_dags/example_datasets.py took 0.471 seconds
[2024-04-03T20:50:21.882+0000] {processor.py:161} INFO - Started process (PID=83839) to work on /home/datatalks_jan/anaconda3/lib/python3.11/site-packages/airflow/example_dags/example_datasets.py
[2024-04-03T20:50:21.885+0000] {processor.py:830} INFO - Processing file /home/datatalks_jan/anaconda3/lib/python3.11/site-packages/airflow/example_dags/example_datasets.py for tasks to queue
[2024-04-03T20:50:21.886+0000] {logging_mixin.py:188} INFO - [2024-04-03T20:50:21.885+0000] {dagbag.py:540} INFO - Filling up the DagBag from /home/datatalks_jan/anaconda3/lib/python3.11/site-packages/airflow/example_dags/example_datasets.py
[2024-04-03T20:50:21.906+0000] {processor.py:840} INFO - DAG(s) 'dataset_consumes_1', 'dataset_produces_1', 'dataset_consumes_1_and_2', 'dataset_produces_2', 'dataset_consumes_1_never_scheduled', 'dataset_consumes_unknown_never_scheduled' retrieved from /home/datatalks_jan/anaconda3/lib/python3.11/site-packages/airflow/example_dags/example_datasets.py
[2024-04-03T20:50:21.946+0000] {logging_mixin.py:188} INFO - [2024-04-03T20:50:21.945+0000] {dag.py:3047} INFO - Sync 6 DAGs
[2024-04-03T20:50:21.973+0000] {logging_mixin.py:188} INFO - [2024-04-03T20:50:21.972+0000] {dag.py:3834} INFO - Setting next_dagrun for dataset_consumes_1 to None, run_after=None
[2024-04-03T20:50:21.977+0000] {logging_mixin.py:188} INFO - [2024-04-03T20:50:21.977+0000] {dag.py:3834} INFO - Setting next_dagrun for dataset_consumes_1_and_2 to None, run_after=None
[2024-04-03T20:50:21.978+0000] {logging_mixin.py:188} INFO - [2024-04-03T20:50:21.978+0000] {dag.py:3834} INFO - Setting next_dagrun for dataset_consumes_1_never_scheduled to None, run_after=None
[2024-04-03T20:50:21.979+0000] {logging_mixin.py:188} INFO - [2024-04-03T20:50:21.979+0000] {dag.py:3834} INFO - Setting next_dagrun for dataset_consumes_unknown_never_scheduled to None, run_after=None
[2024-04-03T20:50:21.982+0000] {logging_mixin.py:188} INFO - [2024-04-03T20:50:21.982+0000] {dag.py:3834} INFO - Setting next_dagrun for dataset_produces_1 to 2024-04-02 00:00:00+00:00, run_after=2024-04-03 00:00:00+00:00
[2024-04-03T20:50:21.983+0000] {logging_mixin.py:188} INFO - [2024-04-03T20:50:21.983+0000] {dag.py:3834} INFO - Setting next_dagrun for dataset_produces_2 to None, run_after=None
[2024-04-03T20:50:22.025+0000] {processor.py:183} INFO - Processing /home/datatalks_jan/anaconda3/lib/python3.11/site-packages/airflow/example_dags/example_datasets.py took 0.149 seconds
