[2024-04-03T20:46:25.225+0000] {processor.py:161} INFO - Started process (PID=82626) to work on /home/datatalks_jan/anaconda3/lib/python3.11/site-packages/airflow/example_dags/example_skip_dag.py
[2024-04-03T20:46:25.226+0000] {processor.py:830} INFO - Processing file /home/datatalks_jan/anaconda3/lib/python3.11/site-packages/airflow/example_dags/example_skip_dag.py for tasks to queue
[2024-04-03T20:46:25.227+0000] {logging_mixin.py:188} INFO - [2024-04-03T20:46:25.227+0000] {dagbag.py:540} INFO - Filling up the DagBag from /home/datatalks_jan/anaconda3/lib/python3.11/site-packages/airflow/example_dags/example_skip_dag.py
[2024-04-03T20:46:25.239+0000] {processor.py:840} INFO - DAG(s) 'example_skip_dag' retrieved from /home/datatalks_jan/anaconda3/lib/python3.11/site-packages/airflow/example_dags/example_skip_dag.py
[2024-04-03T20:46:25.354+0000] {logging_mixin.py:188} INFO - [2024-04-03T20:46:25.354+0000] {dag.py:3047} INFO - Sync 1 DAGs
[2024-04-03T20:46:25.375+0000] {logging_mixin.py:188} INFO - [2024-04-03T20:46:25.375+0000] {dag.py:3834} INFO - Setting next_dagrun for example_skip_dag to 2024-04-02 00:00:00+00:00, run_after=2024-04-03 00:00:00+00:00
[2024-04-03T20:46:25.401+0000] {processor.py:183} INFO - Processing /home/datatalks_jan/anaconda3/lib/python3.11/site-packages/airflow/example_dags/example_skip_dag.py took 0.182 seconds
[2024-04-03T20:47:47.849+0000] {processor.py:161} INFO - Started process (PID=83230) to work on /home/datatalks_jan/anaconda3/lib/python3.11/site-packages/airflow/example_dags/example_skip_dag.py
[2024-04-03T20:47:47.852+0000] {processor.py:830} INFO - Processing file /home/datatalks_jan/anaconda3/lib/python3.11/site-packages/airflow/example_dags/example_skip_dag.py for tasks to queue
[2024-04-03T20:47:47.853+0000] {logging_mixin.py:188} INFO - [2024-04-03T20:47:47.852+0000] {dagbag.py:540} INFO - Filling up the DagBag from /home/datatalks_jan/anaconda3/lib/python3.11/site-packages/airflow/example_dags/example_skip_dag.py
[2024-04-03T20:47:47.865+0000] {processor.py:840} INFO - DAG(s) 'example_skip_dag' retrieved from /home/datatalks_jan/anaconda3/lib/python3.11/site-packages/airflow/example_dags/example_skip_dag.py
[2024-04-03T20:47:47.891+0000] {logging_mixin.py:188} INFO - [2024-04-03T20:47:47.890+0000] {dag.py:3047} INFO - Sync 1 DAGs
[2024-04-03T20:47:47.914+0000] {logging_mixin.py:188} INFO - [2024-04-03T20:47:47.914+0000] {dag.py:3834} INFO - Setting next_dagrun for example_skip_dag to 2024-04-02 00:00:00+00:00, run_after=2024-04-03 00:00:00+00:00
[2024-04-03T20:47:47.941+0000] {processor.py:183} INFO - Processing /home/datatalks_jan/anaconda3/lib/python3.11/site-packages/airflow/example_dags/example_skip_dag.py took 0.097 seconds
[2024-04-03T20:48:49.462+0000] {processor.py:161} INFO - Started process (PID=83514) to work on /home/datatalks_jan/anaconda3/lib/python3.11/site-packages/airflow/example_dags/example_skip_dag.py
[2024-04-03T20:48:49.464+0000] {processor.py:830} INFO - Processing file /home/datatalks_jan/anaconda3/lib/python3.11/site-packages/airflow/example_dags/example_skip_dag.py for tasks to queue
[2024-04-03T20:48:49.465+0000] {logging_mixin.py:188} INFO - [2024-04-03T20:48:49.465+0000] {dagbag.py:540} INFO - Filling up the DagBag from /home/datatalks_jan/anaconda3/lib/python3.11/site-packages/airflow/example_dags/example_skip_dag.py
[2024-04-03T20:48:49.476+0000] {processor.py:840} INFO - DAG(s) 'example_skip_dag' retrieved from /home/datatalks_jan/anaconda3/lib/python3.11/site-packages/airflow/example_dags/example_skip_dag.py
[2024-04-03T20:48:49.503+0000] {logging_mixin.py:188} INFO - [2024-04-03T20:48:49.502+0000] {dag.py:3047} INFO - Sync 1 DAGs
[2024-04-03T20:48:49.527+0000] {logging_mixin.py:188} INFO - [2024-04-03T20:48:49.527+0000] {dag.py:3834} INFO - Setting next_dagrun for example_skip_dag to 2024-04-02 00:00:00+00:00, run_after=2024-04-03 00:00:00+00:00
[2024-04-03T20:48:49.766+0000] {processor.py:183} INFO - Processing /home/datatalks_jan/anaconda3/lib/python3.11/site-packages/airflow/example_dags/example_skip_dag.py took 0.309 seconds
[2024-04-03T20:50:03.050+0000] {processor.py:161} INFO - Started process (PID=83821) to work on /home/datatalks_jan/anaconda3/lib/python3.11/site-packages/airflow/example_dags/example_skip_dag.py
[2024-04-03T20:50:03.053+0000] {processor.py:830} INFO - Processing file /home/datatalks_jan/anaconda3/lib/python3.11/site-packages/airflow/example_dags/example_skip_dag.py for tasks to queue
[2024-04-03T20:50:03.055+0000] {logging_mixin.py:188} INFO - [2024-04-03T20:50:03.054+0000] {dagbag.py:540} INFO - Filling up the DagBag from /home/datatalks_jan/anaconda3/lib/python3.11/site-packages/airflow/example_dags/example_skip_dag.py
[2024-04-03T20:50:03.068+0000] {processor.py:840} INFO - DAG(s) 'example_skip_dag' retrieved from /home/datatalks_jan/anaconda3/lib/python3.11/site-packages/airflow/example_dags/example_skip_dag.py
[2024-04-03T20:50:03.097+0000] {logging_mixin.py:188} INFO - [2024-04-03T20:50:03.096+0000] {dag.py:3047} INFO - Sync 1 DAGs
[2024-04-03T20:50:03.123+0000] {logging_mixin.py:188} INFO - [2024-04-03T20:50:03.123+0000] {dag.py:3834} INFO - Setting next_dagrun for example_skip_dag to 2024-04-02 00:00:00+00:00, run_after=2024-04-03 00:00:00+00:00
[2024-04-03T20:50:03.152+0000] {processor.py:183} INFO - Processing /home/datatalks_jan/anaconda3/lib/python3.11/site-packages/airflow/example_dags/example_skip_dag.py took 0.107 seconds
[2024-04-03T20:51:03.120+0000] {processor.py:161} INFO - Started process (PID=84094) to work on /home/datatalks_jan/anaconda3/lib/python3.11/site-packages/airflow/example_dags/example_skip_dag.py
[2024-04-03T20:51:03.123+0000] {processor.py:830} INFO - Processing file /home/datatalks_jan/anaconda3/lib/python3.11/site-packages/airflow/example_dags/example_skip_dag.py for tasks to queue
[2024-04-03T20:51:03.124+0000] {logging_mixin.py:188} INFO - [2024-04-03T20:51:03.124+0000] {dagbag.py:540} INFO - Filling up the DagBag from /home/datatalks_jan/anaconda3/lib/python3.11/site-packages/airflow/example_dags/example_skip_dag.py
[2024-04-03T20:51:03.137+0000] {processor.py:840} INFO - DAG(s) 'example_skip_dag' retrieved from /home/datatalks_jan/anaconda3/lib/python3.11/site-packages/airflow/example_dags/example_skip_dag.py
[2024-04-03T20:51:03.166+0000] {logging_mixin.py:188} INFO - [2024-04-03T20:51:03.166+0000] {dag.py:3047} INFO - Sync 1 DAGs
[2024-04-03T20:51:03.194+0000] {logging_mixin.py:188} INFO - [2024-04-03T20:51:03.194+0000] {dag.py:3834} INFO - Setting next_dagrun for example_skip_dag to 2024-04-02 00:00:00+00:00, run_after=2024-04-03 00:00:00+00:00
[2024-04-03T20:51:03.225+0000] {processor.py:183} INFO - Processing /home/datatalks_jan/anaconda3/lib/python3.11/site-packages/airflow/example_dags/example_skip_dag.py took 0.111 seconds
