[2024-04-03T20:46:21.260+0000] {processor.py:161} INFO - Started process (PID=82593) to work on /home/datatalks_jan/anaconda3/lib/python3.11/site-packages/airflow/example_dags/example_nested_branch_dag.py
[2024-04-03T20:46:21.261+0000] {processor.py:830} INFO - Processing file /home/datatalks_jan/anaconda3/lib/python3.11/site-packages/airflow/example_dags/example_nested_branch_dag.py for tasks to queue
[2024-04-03T20:46:21.263+0000] {logging_mixin.py:188} INFO - [2024-04-03T20:46:21.262+0000] {dagbag.py:540} INFO - Filling up the DagBag from /home/datatalks_jan/anaconda3/lib/python3.11/site-packages/airflow/example_dags/example_nested_branch_dag.py
[2024-04-03T20:46:21.277+0000] {processor.py:840} INFO - DAG(s) 'example_nested_branch_dag' retrieved from /home/datatalks_jan/anaconda3/lib/python3.11/site-packages/airflow/example_dags/example_nested_branch_dag.py
[2024-04-03T20:46:21.392+0000] {logging_mixin.py:188} INFO - [2024-04-03T20:46:21.392+0000] {dag.py:3047} INFO - Sync 1 DAGs
[2024-04-03T20:46:21.414+0000] {logging_mixin.py:188} INFO - [2024-04-03T20:46:21.414+0000] {dag.py:3834} INFO - Setting next_dagrun for example_nested_branch_dag to 2024-04-02 00:00:00+00:00, run_after=2024-04-03 00:00:00+00:00
[2024-04-03T20:46:21.440+0000] {processor.py:183} INFO - Processing /home/datatalks_jan/anaconda3/lib/python3.11/site-packages/airflow/example_dags/example_nested_branch_dag.py took 0.185 seconds
[2024-04-03T20:47:34.774+0000] {processor.py:161} INFO - Started process (PID=83095) to work on /home/datatalks_jan/anaconda3/lib/python3.11/site-packages/airflow/example_dags/example_nested_branch_dag.py
[2024-04-03T20:47:34.777+0000] {processor.py:830} INFO - Processing file /home/datatalks_jan/anaconda3/lib/python3.11/site-packages/airflow/example_dags/example_nested_branch_dag.py for tasks to queue
[2024-04-03T20:47:34.779+0000] {logging_mixin.py:188} INFO - [2024-04-03T20:47:34.778+0000] {dagbag.py:540} INFO - Filling up the DagBag from /home/datatalks_jan/anaconda3/lib/python3.11/site-packages/airflow/example_dags/example_nested_branch_dag.py
[2024-04-03T20:47:34.796+0000] {processor.py:840} INFO - DAG(s) 'example_nested_branch_dag' retrieved from /home/datatalks_jan/anaconda3/lib/python3.11/site-packages/airflow/example_dags/example_nested_branch_dag.py
[2024-04-03T20:47:34.826+0000] {logging_mixin.py:188} INFO - [2024-04-03T20:47:34.825+0000] {dag.py:3047} INFO - Sync 1 DAGs
[2024-04-03T20:47:34.855+0000] {logging_mixin.py:188} INFO - [2024-04-03T20:47:34.855+0000] {dag.py:3834} INFO - Setting next_dagrun for example_nested_branch_dag to 2024-04-02 00:00:00+00:00, run_after=2024-04-03 00:00:00+00:00
[2024-04-03T20:47:34.886+0000] {processor.py:183} INFO - Processing /home/datatalks_jan/anaconda3/lib/python3.11/site-packages/airflow/example_dags/example_nested_branch_dag.py took 0.117 seconds
[2024-04-03T20:48:35.439+0000] {processor.py:161} INFO - Started process (PID=83315) to work on /home/datatalks_jan/anaconda3/lib/python3.11/site-packages/airflow/example_dags/example_nested_branch_dag.py
[2024-04-03T20:48:35.442+0000] {processor.py:830} INFO - Processing file /home/datatalks_jan/anaconda3/lib/python3.11/site-packages/airflow/example_dags/example_nested_branch_dag.py for tasks to queue
[2024-04-03T20:48:35.443+0000] {logging_mixin.py:188} INFO - [2024-04-03T20:48:35.443+0000] {dagbag.py:540} INFO - Filling up the DagBag from /home/datatalks_jan/anaconda3/lib/python3.11/site-packages/airflow/example_dags/example_nested_branch_dag.py
[2024-04-03T20:48:35.462+0000] {processor.py:840} INFO - DAG(s) 'example_nested_branch_dag' retrieved from /home/datatalks_jan/anaconda3/lib/python3.11/site-packages/airflow/example_dags/example_nested_branch_dag.py
[2024-04-03T20:48:35.492+0000] {logging_mixin.py:188} INFO - [2024-04-03T20:48:35.491+0000] {dag.py:3047} INFO - Sync 1 DAGs
[2024-04-03T20:48:35.518+0000] {logging_mixin.py:188} INFO - [2024-04-03T20:48:35.518+0000] {dag.py:3834} INFO - Setting next_dagrun for example_nested_branch_dag to 2024-04-02 00:00:00+00:00, run_after=2024-04-03 00:00:00+00:00
[2024-04-03T20:48:35.548+0000] {processor.py:183} INFO - Processing /home/datatalks_jan/anaconda3/lib/python3.11/site-packages/airflow/example_dags/example_nested_branch_dag.py took 0.114 seconds
[2024-04-03T20:49:41.264+0000] {processor.py:161} INFO - Started process (PID=83651) to work on /home/datatalks_jan/anaconda3/lib/python3.11/site-packages/airflow/example_dags/example_nested_branch_dag.py
[2024-04-03T20:49:41.266+0000] {processor.py:830} INFO - Processing file /home/datatalks_jan/anaconda3/lib/python3.11/site-packages/airflow/example_dags/example_nested_branch_dag.py for tasks to queue
[2024-04-03T20:49:41.268+0000] {logging_mixin.py:188} INFO - [2024-04-03T20:49:41.267+0000] {dagbag.py:540} INFO - Filling up the DagBag from /home/datatalks_jan/anaconda3/lib/python3.11/site-packages/airflow/example_dags/example_nested_branch_dag.py
[2024-04-03T20:49:41.559+0000] {processor.py:840} INFO - DAG(s) 'example_nested_branch_dag' retrieved from /home/datatalks_jan/anaconda3/lib/python3.11/site-packages/airflow/example_dags/example_nested_branch_dag.py
[2024-04-03T20:49:41.576+0000] {logging_mixin.py:188} INFO - [2024-04-03T20:49:41.576+0000] {dag.py:3047} INFO - Sync 1 DAGs
[2024-04-03T20:49:41.597+0000] {logging_mixin.py:188} INFO - [2024-04-03T20:49:41.597+0000] {dag.py:3834} INFO - Setting next_dagrun for example_nested_branch_dag to 2024-04-02 00:00:00+00:00, run_after=2024-04-03 00:00:00+00:00
[2024-04-03T20:49:41.620+0000] {processor.py:183} INFO - Processing /home/datatalks_jan/anaconda3/lib/python3.11/site-packages/airflow/example_dags/example_nested_branch_dag.py took 0.362 seconds
[2024-04-03T20:50:42.557+0000] {processor.py:161} INFO - Started process (PID=83888) to work on /home/datatalks_jan/anaconda3/lib/python3.11/site-packages/airflow/example_dags/example_nested_branch_dag.py
[2024-04-03T20:50:42.559+0000] {processor.py:830} INFO - Processing file /home/datatalks_jan/anaconda3/lib/python3.11/site-packages/airflow/example_dags/example_nested_branch_dag.py for tasks to queue
[2024-04-03T20:50:42.561+0000] {logging_mixin.py:188} INFO - [2024-04-03T20:50:42.560+0000] {dagbag.py:540} INFO - Filling up the DagBag from /home/datatalks_jan/anaconda3/lib/python3.11/site-packages/airflow/example_dags/example_nested_branch_dag.py
[2024-04-03T20:50:42.577+0000] {processor.py:840} INFO - DAG(s) 'example_nested_branch_dag' retrieved from /home/datatalks_jan/anaconda3/lib/python3.11/site-packages/airflow/example_dags/example_nested_branch_dag.py
[2024-04-03T20:50:42.603+0000] {logging_mixin.py:188} INFO - [2024-04-03T20:50:42.603+0000] {dag.py:3047} INFO - Sync 1 DAGs
[2024-04-03T20:50:42.628+0000] {logging_mixin.py:188} INFO - [2024-04-03T20:50:42.628+0000] {dag.py:3834} INFO - Setting next_dagrun for example_nested_branch_dag to 2024-04-02 00:00:00+00:00, run_after=2024-04-03 00:00:00+00:00
[2024-04-03T20:50:42.653+0000] {processor.py:183} INFO - Processing /home/datatalks_jan/anaconda3/lib/python3.11/site-packages/airflow/example_dags/example_nested_branch_dag.py took 0.102 seconds
