[2024-04-03T20:46:26.468+0000] {processor.py:161} INFO - Started process (PID=82627) to work on /home/datatalks_jan/anaconda3/lib/python3.11/site-packages/airflow/example_dags/example_python_operator.py
[2024-04-03T20:46:26.470+0000] {processor.py:830} INFO - Processing file /home/datatalks_jan/anaconda3/lib/python3.11/site-packages/airflow/example_dags/example_python_operator.py for tasks to queue
[2024-04-03T20:46:26.471+0000] {logging_mixin.py:188} INFO - [2024-04-03T20:46:26.470+0000] {dagbag.py:540} INFO - Filling up the DagBag from /home/datatalks_jan/anaconda3/lib/python3.11/site-packages/airflow/example_dags/example_python_operator.py
[2024-04-03T20:46:26.483+0000] {logging_mixin.py:188} INFO - [2024-04-03T20:46:26.483+0000] {example_python_operator.py:88} WARNING - The virtalenv_python example task requires virtualenv, please install it.
[2024-04-03T20:46:26.484+0000] {processor.py:840} INFO - DAG(s) 'example_python_operator' retrieved from /home/datatalks_jan/anaconda3/lib/python3.11/site-packages/airflow/example_dags/example_python_operator.py
[2024-04-03T20:46:26.599+0000] {logging_mixin.py:188} INFO - [2024-04-03T20:46:26.598+0000] {dag.py:3047} INFO - Sync 1 DAGs
[2024-04-03T20:46:26.609+0000] {logging_mixin.py:188} INFO - [2024-04-03T20:46:26.609+0000] {dag.py:3834} INFO - Setting next_dagrun for example_python_operator to None, run_after=None
[2024-04-03T20:46:26.634+0000] {processor.py:183} INFO - Processing /home/datatalks_jan/anaconda3/lib/python3.11/site-packages/airflow/example_dags/example_python_operator.py took 0.171 seconds
[2024-04-03T20:47:49.098+0000] {processor.py:161} INFO - Started process (PID=83245) to work on /home/datatalks_jan/anaconda3/lib/python3.11/site-packages/airflow/example_dags/example_python_operator.py
[2024-04-03T20:47:49.100+0000] {processor.py:830} INFO - Processing file /home/datatalks_jan/anaconda3/lib/python3.11/site-packages/airflow/example_dags/example_python_operator.py for tasks to queue
[2024-04-03T20:47:49.102+0000] {logging_mixin.py:188} INFO - [2024-04-03T20:47:49.101+0000] {dagbag.py:540} INFO - Filling up the DagBag from /home/datatalks_jan/anaconda3/lib/python3.11/site-packages/airflow/example_dags/example_python_operator.py
[2024-04-03T20:47:49.115+0000] {logging_mixin.py:188} INFO - [2024-04-03T20:47:49.115+0000] {example_python_operator.py:88} WARNING - The virtalenv_python example task requires virtualenv, please install it.
[2024-04-03T20:47:49.116+0000] {processor.py:840} INFO - DAG(s) 'example_python_operator' retrieved from /home/datatalks_jan/anaconda3/lib/python3.11/site-packages/airflow/example_dags/example_python_operator.py
[2024-04-03T20:47:49.143+0000] {logging_mixin.py:188} INFO - [2024-04-03T20:47:49.143+0000] {dag.py:3047} INFO - Sync 1 DAGs
[2024-04-03T20:47:49.158+0000] {logging_mixin.py:188} INFO - [2024-04-03T20:47:49.158+0000] {dag.py:3834} INFO - Setting next_dagrun for example_python_operator to None, run_after=None
[2024-04-03T20:47:49.187+0000] {processor.py:183} INFO - Processing /home/datatalks_jan/anaconda3/lib/python3.11/site-packages/airflow/example_dags/example_python_operator.py took 0.094 seconds
[2024-04-03T20:48:50.687+0000] {processor.py:161} INFO - Started process (PID=83529) to work on /home/datatalks_jan/anaconda3/lib/python3.11/site-packages/airflow/example_dags/example_python_operator.py
[2024-04-03T20:48:50.689+0000] {processor.py:830} INFO - Processing file /home/datatalks_jan/anaconda3/lib/python3.11/site-packages/airflow/example_dags/example_python_operator.py for tasks to queue
[2024-04-03T20:48:50.690+0000] {logging_mixin.py:188} INFO - [2024-04-03T20:48:50.690+0000] {dagbag.py:540} INFO - Filling up the DagBag from /home/datatalks_jan/anaconda3/lib/python3.11/site-packages/airflow/example_dags/example_python_operator.py
[2024-04-03T20:48:50.703+0000] {logging_mixin.py:188} INFO - [2024-04-03T20:48:50.703+0000] {example_python_operator.py:88} WARNING - The virtalenv_python example task requires virtualenv, please install it.
[2024-04-03T20:48:50.704+0000] {processor.py:840} INFO - DAG(s) 'example_python_operator' retrieved from /home/datatalks_jan/anaconda3/lib/python3.11/site-packages/airflow/example_dags/example_python_operator.py
[2024-04-03T20:48:50.727+0000] {logging_mixin.py:188} INFO - [2024-04-03T20:48:50.726+0000] {dag.py:3047} INFO - Sync 1 DAGs
[2024-04-03T20:48:50.741+0000] {logging_mixin.py:188} INFO - [2024-04-03T20:48:50.740+0000] {dag.py:3834} INFO - Setting next_dagrun for example_python_operator to None, run_after=None
[2024-04-03T20:48:50.966+0000] {processor.py:183} INFO - Processing /home/datatalks_jan/anaconda3/lib/python3.11/site-packages/airflow/example_dags/example_python_operator.py took 0.284 seconds
[2024-04-03T20:50:03.592+0000] {processor.py:161} INFO - Started process (PID=83822) to work on /home/datatalks_jan/anaconda3/lib/python3.11/site-packages/airflow/example_dags/example_python_operator.py
[2024-04-03T20:50:03.595+0000] {processor.py:830} INFO - Processing file /home/datatalks_jan/anaconda3/lib/python3.11/site-packages/airflow/example_dags/example_python_operator.py for tasks to queue
[2024-04-03T20:50:03.596+0000] {logging_mixin.py:188} INFO - [2024-04-03T20:50:03.596+0000] {dagbag.py:540} INFO - Filling up the DagBag from /home/datatalks_jan/anaconda3/lib/python3.11/site-packages/airflow/example_dags/example_python_operator.py
[2024-04-03T20:50:03.611+0000] {logging_mixin.py:188} INFO - [2024-04-03T20:50:03.611+0000] {example_python_operator.py:88} WARNING - The virtalenv_python example task requires virtualenv, please install it.
[2024-04-03T20:50:03.612+0000] {processor.py:840} INFO - DAG(s) 'example_python_operator' retrieved from /home/datatalks_jan/anaconda3/lib/python3.11/site-packages/airflow/example_dags/example_python_operator.py
[2024-04-03T20:50:03.640+0000] {logging_mixin.py:188} INFO - [2024-04-03T20:50:03.640+0000] {dag.py:3047} INFO - Sync 1 DAGs
[2024-04-03T20:50:03.655+0000] {logging_mixin.py:188} INFO - [2024-04-03T20:50:03.655+0000] {dag.py:3834} INFO - Setting next_dagrun for example_python_operator to None, run_after=None
[2024-04-03T20:50:03.686+0000] {processor.py:183} INFO - Processing /home/datatalks_jan/anaconda3/lib/python3.11/site-packages/airflow/example_dags/example_python_operator.py took 0.101 seconds
[2024-04-03T20:51:04.316+0000] {processor.py:161} INFO - Started process (PID=84095) to work on /home/datatalks_jan/anaconda3/lib/python3.11/site-packages/airflow/example_dags/example_python_operator.py
[2024-04-03T20:51:04.318+0000] {processor.py:830} INFO - Processing file /home/datatalks_jan/anaconda3/lib/python3.11/site-packages/airflow/example_dags/example_python_operator.py for tasks to queue
[2024-04-03T20:51:04.320+0000] {logging_mixin.py:188} INFO - [2024-04-03T20:51:04.319+0000] {dagbag.py:540} INFO - Filling up the DagBag from /home/datatalks_jan/anaconda3/lib/python3.11/site-packages/airflow/example_dags/example_python_operator.py
[2024-04-03T20:51:04.336+0000] {logging_mixin.py:188} INFO - [2024-04-03T20:51:04.335+0000] {example_python_operator.py:88} WARNING - The virtalenv_python example task requires virtualenv, please install it.
[2024-04-03T20:51:04.336+0000] {processor.py:840} INFO - DAG(s) 'example_python_operator' retrieved from /home/datatalks_jan/anaconda3/lib/python3.11/site-packages/airflow/example_dags/example_python_operator.py
[2024-04-03T20:51:04.361+0000] {logging_mixin.py:188} INFO - [2024-04-03T20:51:04.361+0000] {dag.py:3047} INFO - Sync 1 DAGs
[2024-04-03T20:51:04.375+0000] {logging_mixin.py:188} INFO - [2024-04-03T20:51:04.375+0000] {dag.py:3834} INFO - Setting next_dagrun for example_python_operator to None, run_after=None
[2024-04-03T20:51:04.405+0000] {processor.py:183} INFO - Processing /home/datatalks_jan/anaconda3/lib/python3.11/site-packages/airflow/example_dags/example_python_operator.py took 0.097 seconds
