[2024-04-03T20:46:43.442+0000] {processor.py:161} INFO - Started process (PID=82735) to work on /home/datatalks_jan/anaconda3/lib/python3.11/site-packages/airflow/example_dags/example_latest_only.py
[2024-04-03T20:46:43.443+0000] {processor.py:830} INFO - Processing file /home/datatalks_jan/anaconda3/lib/python3.11/site-packages/airflow/example_dags/example_latest_only.py for tasks to queue
[2024-04-03T20:46:43.445+0000] {logging_mixin.py:188} INFO - [2024-04-03T20:46:43.444+0000] {dagbag.py:540} INFO - Filling up the DagBag from /home/datatalks_jan/anaconda3/lib/python3.11/site-packages/airflow/example_dags/example_latest_only.py
[2024-04-03T20:46:43.455+0000] {processor.py:840} INFO - DAG(s) 'latest_only' retrieved from /home/datatalks_jan/anaconda3/lib/python3.11/site-packages/airflow/example_dags/example_latest_only.py
[2024-04-03T20:46:43.575+0000] {logging_mixin.py:188} INFO - [2024-04-03T20:46:43.574+0000] {dag.py:3047} INFO - Sync 1 DAGs
[2024-04-03T20:46:43.596+0000] {logging_mixin.py:188} INFO - [2024-04-03T20:46:43.595+0000] {dag.py:3834} INFO - Setting next_dagrun for latest_only to 2024-04-03 16:00:00+00:00, run_after=2024-04-03 20:00:00+00:00
[2024-04-03T20:46:43.623+0000] {processor.py:183} INFO - Processing /home/datatalks_jan/anaconda3/lib/python3.11/site-packages/airflow/example_dags/example_latest_only.py took 0.187 seconds
[2024-04-03T20:48:04.873+0000] {processor.py:161} INFO - Started process (PID=83273) to work on /home/datatalks_jan/anaconda3/lib/python3.11/site-packages/airflow/example_dags/example_latest_only.py
[2024-04-03T20:48:04.876+0000] {processor.py:830} INFO - Processing file /home/datatalks_jan/anaconda3/lib/python3.11/site-packages/airflow/example_dags/example_latest_only.py for tasks to queue
[2024-04-03T20:48:04.878+0000] {logging_mixin.py:188} INFO - [2024-04-03T20:48:04.877+0000] {dagbag.py:540} INFO - Filling up the DagBag from /home/datatalks_jan/anaconda3/lib/python3.11/site-packages/airflow/example_dags/example_latest_only.py
[2024-04-03T20:48:04.887+0000] {processor.py:840} INFO - DAG(s) 'latest_only' retrieved from /home/datatalks_jan/anaconda3/lib/python3.11/site-packages/airflow/example_dags/example_latest_only.py
[2024-04-03T20:48:04.912+0000] {logging_mixin.py:188} INFO - [2024-04-03T20:48:04.912+0000] {dag.py:3047} INFO - Sync 1 DAGs
[2024-04-03T20:48:04.936+0000] {logging_mixin.py:188} INFO - [2024-04-03T20:48:04.935+0000] {dag.py:3834} INFO - Setting next_dagrun for latest_only to 2024-04-03 16:00:00+00:00, run_after=2024-04-03 20:00:00+00:00
[2024-04-03T20:48:04.961+0000] {processor.py:183} INFO - Processing /home/datatalks_jan/anaconda3/lib/python3.11/site-packages/airflow/example_dags/example_latest_only.py took 0.093 seconds
[2024-04-03T20:49:09.400+0000] {processor.py:161} INFO - Started process (PID=83564) to work on /home/datatalks_jan/anaconda3/lib/python3.11/site-packages/airflow/example_dags/example_latest_only.py
[2024-04-03T20:49:09.403+0000] {processor.py:830} INFO - Processing file /home/datatalks_jan/anaconda3/lib/python3.11/site-packages/airflow/example_dags/example_latest_only.py for tasks to queue
[2024-04-03T20:49:09.404+0000] {logging_mixin.py:188} INFO - [2024-04-03T20:49:09.404+0000] {dagbag.py:540} INFO - Filling up the DagBag from /home/datatalks_jan/anaconda3/lib/python3.11/site-packages/airflow/example_dags/example_latest_only.py
[2024-04-03T20:49:09.415+0000] {processor.py:840} INFO - DAG(s) 'latest_only' retrieved from /home/datatalks_jan/anaconda3/lib/python3.11/site-packages/airflow/example_dags/example_latest_only.py
[2024-04-03T20:49:09.723+0000] {logging_mixin.py:188} INFO - [2024-04-03T20:49:09.723+0000] {dag.py:3047} INFO - Sync 1 DAGs
[2024-04-03T20:49:09.758+0000] {logging_mixin.py:188} INFO - [2024-04-03T20:49:09.758+0000] {dag.py:3834} INFO - Setting next_dagrun for latest_only to 2024-04-03 16:00:00+00:00, run_after=2024-04-03 20:00:00+00:00
[2024-04-03T20:49:09.794+0000] {processor.py:183} INFO - Processing /home/datatalks_jan/anaconda3/lib/python3.11/site-packages/airflow/example_dags/example_latest_only.py took 0.400 seconds
[2024-04-03T20:50:19.371+0000] {processor.py:161} INFO - Started process (PID=83837) to work on /home/datatalks_jan/anaconda3/lib/python3.11/site-packages/airflow/example_dags/example_latest_only.py
[2024-04-03T20:50:19.373+0000] {processor.py:830} INFO - Processing file /home/datatalks_jan/anaconda3/lib/python3.11/site-packages/airflow/example_dags/example_latest_only.py for tasks to queue
[2024-04-03T20:50:19.375+0000] {logging_mixin.py:188} INFO - [2024-04-03T20:50:19.374+0000] {dagbag.py:540} INFO - Filling up the DagBag from /home/datatalks_jan/anaconda3/lib/python3.11/site-packages/airflow/example_dags/example_latest_only.py
[2024-04-03T20:50:19.386+0000] {processor.py:840} INFO - DAG(s) 'latest_only' retrieved from /home/datatalks_jan/anaconda3/lib/python3.11/site-packages/airflow/example_dags/example_latest_only.py
[2024-04-03T20:50:19.414+0000] {logging_mixin.py:188} INFO - [2024-04-03T20:50:19.414+0000] {dag.py:3047} INFO - Sync 1 DAGs
[2024-04-03T20:50:19.442+0000] {logging_mixin.py:188} INFO - [2024-04-03T20:50:19.442+0000] {dag.py:3834} INFO - Setting next_dagrun for latest_only to 2024-04-03 16:00:00+00:00, run_after=2024-04-03 20:00:00+00:00
[2024-04-03T20:50:19.472+0000] {processor.py:183} INFO - Processing /home/datatalks_jan/anaconda3/lib/python3.11/site-packages/airflow/example_dags/example_latest_only.py took 0.107 seconds
[2024-04-03T20:51:20.076+0000] {processor.py:161} INFO - Started process (PID=84111) to work on /home/datatalks_jan/anaconda3/lib/python3.11/site-packages/airflow/example_dags/example_latest_only.py
[2024-04-03T20:51:20.079+0000] {processor.py:830} INFO - Processing file /home/datatalks_jan/anaconda3/lib/python3.11/site-packages/airflow/example_dags/example_latest_only.py for tasks to queue
[2024-04-03T20:51:20.080+0000] {logging_mixin.py:188} INFO - [2024-04-03T20:51:20.080+0000] {dagbag.py:540} INFO - Filling up the DagBag from /home/datatalks_jan/anaconda3/lib/python3.11/site-packages/airflow/example_dags/example_latest_only.py
[2024-04-03T20:51:20.091+0000] {processor.py:840} INFO - DAG(s) 'latest_only' retrieved from /home/datatalks_jan/anaconda3/lib/python3.11/site-packages/airflow/example_dags/example_latest_only.py
[2024-04-03T20:51:20.120+0000] {logging_mixin.py:188} INFO - [2024-04-03T20:51:20.120+0000] {dag.py:3047} INFO - Sync 1 DAGs
[2024-04-03T20:51:20.150+0000] {logging_mixin.py:188} INFO - [2024-04-03T20:51:20.150+0000] {dag.py:3834} INFO - Setting next_dagrun for latest_only to 2024-04-03 16:00:00+00:00, run_after=2024-04-03 20:00:00+00:00
[2024-04-03T20:51:20.182+0000] {processor.py:183} INFO - Processing /home/datatalks_jan/anaconda3/lib/python3.11/site-packages/airflow/example_dags/example_latest_only.py took 0.112 seconds
