[2024-04-03T20:46:47.613+0000] {processor.py:161} INFO - Started process (PID=82738) to work on /home/datatalks_jan/anaconda3/lib/python3.11/site-packages/airflow/example_dags/example_branch_datetime_operator.py
[2024-04-03T20:46:47.614+0000] {processor.py:830} INFO - Processing file /home/datatalks_jan/anaconda3/lib/python3.11/site-packages/airflow/example_dags/example_branch_datetime_operator.py for tasks to queue
[2024-04-03T20:46:47.616+0000] {logging_mixin.py:188} INFO - [2024-04-03T20:46:47.615+0000] {dagbag.py:540} INFO - Filling up the DagBag from /home/datatalks_jan/anaconda3/lib/python3.11/site-packages/airflow/example_dags/example_branch_datetime_operator.py
[2024-04-03T20:46:47.630+0000] {processor.py:840} INFO - DAG(s) 'example_branch_datetime_operator_3', 'example_branch_datetime_operator_2', 'example_branch_datetime_operator' retrieved from /home/datatalks_jan/anaconda3/lib/python3.11/site-packages/airflow/example_dags/example_branch_datetime_operator.py
[2024-04-03T20:46:47.769+0000] {logging_mixin.py:188} INFO - [2024-04-03T20:46:47.769+0000] {dag.py:3047} INFO - Sync 3 DAGs
[2024-04-03T20:46:47.791+0000] {logging_mixin.py:188} INFO - [2024-04-03T20:46:47.791+0000] {dag.py:3834} INFO - Setting next_dagrun for example_branch_datetime_operator to 2024-04-02 00:00:00+00:00, run_after=2024-04-03 00:00:00+00:00
[2024-04-03T20:46:47.795+0000] {logging_mixin.py:188} INFO - [2024-04-03T20:46:47.795+0000] {dag.py:3834} INFO - Setting next_dagrun for example_branch_datetime_operator_2 to 2024-04-02 00:00:00+00:00, run_after=2024-04-03 00:00:00+00:00
[2024-04-03T20:46:47.798+0000] {logging_mixin.py:188} INFO - [2024-04-03T20:46:47.797+0000] {dag.py:3834} INFO - Setting next_dagrun for example_branch_datetime_operator_3 to 2024-04-02 00:00:00+00:00, run_after=2024-04-03 00:00:00+00:00
[2024-04-03T20:46:47.826+0000] {processor.py:183} INFO - Processing /home/datatalks_jan/anaconda3/lib/python3.11/site-packages/airflow/example_dags/example_branch_datetime_operator.py took 0.218 seconds
[2024-04-03T20:48:06.993+0000] {processor.py:161} INFO - Started process (PID=83276) to work on /home/datatalks_jan/anaconda3/lib/python3.11/site-packages/airflow/example_dags/example_branch_datetime_operator.py
[2024-04-03T20:48:06.996+0000] {processor.py:830} INFO - Processing file /home/datatalks_jan/anaconda3/lib/python3.11/site-packages/airflow/example_dags/example_branch_datetime_operator.py for tasks to queue
[2024-04-03T20:48:06.997+0000] {logging_mixin.py:188} INFO - [2024-04-03T20:48:06.997+0000] {dagbag.py:540} INFO - Filling up the DagBag from /home/datatalks_jan/anaconda3/lib/python3.11/site-packages/airflow/example_dags/example_branch_datetime_operator.py
[2024-04-03T20:48:07.012+0000] {processor.py:840} INFO - DAG(s) 'example_branch_datetime_operator_3', 'example_branch_datetime_operator_2', 'example_branch_datetime_operator' retrieved from /home/datatalks_jan/anaconda3/lib/python3.11/site-packages/airflow/example_dags/example_branch_datetime_operator.py
[2024-04-03T20:48:07.048+0000] {logging_mixin.py:188} INFO - [2024-04-03T20:48:07.048+0000] {dag.py:3047} INFO - Sync 3 DAGs
[2024-04-03T20:48:07.075+0000] {logging_mixin.py:188} INFO - [2024-04-03T20:48:07.075+0000] {dag.py:3834} INFO - Setting next_dagrun for example_branch_datetime_operator to 2024-04-02 00:00:00+00:00, run_after=2024-04-03 00:00:00+00:00
[2024-04-03T20:48:07.080+0000] {logging_mixin.py:188} INFO - [2024-04-03T20:48:07.080+0000] {dag.py:3834} INFO - Setting next_dagrun for example_branch_datetime_operator_2 to 2024-04-02 00:00:00+00:00, run_after=2024-04-03 00:00:00+00:00
[2024-04-03T20:48:07.083+0000] {logging_mixin.py:188} INFO - [2024-04-03T20:48:07.082+0000] {dag.py:3834} INFO - Setting next_dagrun for example_branch_datetime_operator_3 to 2024-04-02 00:00:00+00:00, run_after=2024-04-03 00:00:00+00:00
[2024-04-03T20:48:07.108+0000] {processor.py:183} INFO - Processing /home/datatalks_jan/anaconda3/lib/python3.11/site-packages/airflow/example_dags/example_branch_datetime_operator.py took 0.120 seconds
[2024-04-03T20:49:14.095+0000] {processor.py:161} INFO - Started process (PID=83597) to work on /home/datatalks_jan/anaconda3/lib/python3.11/site-packages/airflow/example_dags/example_branch_datetime_operator.py
[2024-04-03T20:49:14.097+0000] {processor.py:830} INFO - Processing file /home/datatalks_jan/anaconda3/lib/python3.11/site-packages/airflow/example_dags/example_branch_datetime_operator.py for tasks to queue
[2024-04-03T20:49:14.099+0000] {logging_mixin.py:188} INFO - [2024-04-03T20:49:14.098+0000] {dagbag.py:540} INFO - Filling up the DagBag from /home/datatalks_jan/anaconda3/lib/python3.11/site-packages/airflow/example_dags/example_branch_datetime_operator.py
[2024-04-03T20:49:14.114+0000] {processor.py:840} INFO - DAG(s) 'example_branch_datetime_operator_2', 'example_branch_datetime_operator_3', 'example_branch_datetime_operator' retrieved from /home/datatalks_jan/anaconda3/lib/python3.11/site-packages/airflow/example_dags/example_branch_datetime_operator.py
[2024-04-03T20:49:14.367+0000] {logging_mixin.py:188} INFO - [2024-04-03T20:49:14.367+0000] {dag.py:3047} INFO - Sync 3 DAGs
[2024-04-03T20:49:14.388+0000] {logging_mixin.py:188} INFO - [2024-04-03T20:49:14.387+0000] {dag.py:3834} INFO - Setting next_dagrun for example_branch_datetime_operator to 2024-04-02 00:00:00+00:00, run_after=2024-04-03 00:00:00+00:00
[2024-04-03T20:49:14.392+0000] {logging_mixin.py:188} INFO - [2024-04-03T20:49:14.392+0000] {dag.py:3834} INFO - Setting next_dagrun for example_branch_datetime_operator_2 to 2024-04-02 00:00:00+00:00, run_after=2024-04-03 00:00:00+00:00
[2024-04-03T20:49:14.394+0000] {logging_mixin.py:188} INFO - [2024-04-03T20:49:14.394+0000] {dag.py:3834} INFO - Setting next_dagrun for example_branch_datetime_operator_3 to 2024-04-02 00:00:00+00:00, run_after=2024-04-03 00:00:00+00:00
[2024-04-03T20:49:14.417+0000] {processor.py:183} INFO - Processing /home/datatalks_jan/anaconda3/lib/python3.11/site-packages/airflow/example_dags/example_branch_datetime_operator.py took 0.327 seconds
[2024-04-03T20:50:23.129+0000] {processor.py:161} INFO - Started process (PID=83840) to work on /home/datatalks_jan/anaconda3/lib/python3.11/site-packages/airflow/example_dags/example_branch_datetime_operator.py
[2024-04-03T20:50:23.132+0000] {processor.py:830} INFO - Processing file /home/datatalks_jan/anaconda3/lib/python3.11/site-packages/airflow/example_dags/example_branch_datetime_operator.py for tasks to queue
[2024-04-03T20:50:23.133+0000] {logging_mixin.py:188} INFO - [2024-04-03T20:50:23.133+0000] {dagbag.py:540} INFO - Filling up the DagBag from /home/datatalks_jan/anaconda3/lib/python3.11/site-packages/airflow/example_dags/example_branch_datetime_operator.py
[2024-04-03T20:50:23.148+0000] {processor.py:840} INFO - DAG(s) 'example_branch_datetime_operator_2', 'example_branch_datetime_operator', 'example_branch_datetime_operator_3' retrieved from /home/datatalks_jan/anaconda3/lib/python3.11/site-packages/airflow/example_dags/example_branch_datetime_operator.py
[2024-04-03T20:50:23.181+0000] {logging_mixin.py:188} INFO - [2024-04-03T20:50:23.180+0000] {dag.py:3047} INFO - Sync 3 DAGs
[2024-04-03T20:50:23.205+0000] {logging_mixin.py:188} INFO - [2024-04-03T20:50:23.205+0000] {dag.py:3834} INFO - Setting next_dagrun for example_branch_datetime_operator to 2024-04-02 00:00:00+00:00, run_after=2024-04-03 00:00:00+00:00
[2024-04-03T20:50:23.215+0000] {logging_mixin.py:188} INFO - [2024-04-03T20:50:23.214+0000] {dag.py:3834} INFO - Setting next_dagrun for example_branch_datetime_operator_2 to 2024-04-02 00:00:00+00:00, run_after=2024-04-03 00:00:00+00:00
[2024-04-03T20:50:23.218+0000] {logging_mixin.py:188} INFO - [2024-04-03T20:50:23.218+0000] {dag.py:3834} INFO - Setting next_dagrun for example_branch_datetime_operator_3 to 2024-04-02 00:00:00+00:00, run_after=2024-04-03 00:00:00+00:00
[2024-04-03T20:50:23.243+0000] {processor.py:183} INFO - Processing /home/datatalks_jan/anaconda3/lib/python3.11/site-packages/airflow/example_dags/example_branch_datetime_operator.py took 0.119 seconds
