[2024-04-03T20:46:44.705+0000] {processor.py:161} INFO - Started process (PID=82736) to work on /home/datatalks_jan/anaconda3/lib/python3.11/site-packages/airflow/example_dags/example_branch_python_dop_operator_3.py
[2024-04-03T20:46:44.706+0000] {processor.py:830} INFO - Processing file /home/datatalks_jan/anaconda3/lib/python3.11/site-packages/airflow/example_dags/example_branch_python_dop_operator_3.py for tasks to queue
[2024-04-03T20:46:44.708+0000] {logging_mixin.py:188} INFO - [2024-04-03T20:46:44.707+0000] {dagbag.py:540} INFO - Filling up the DagBag from /home/datatalks_jan/anaconda3/lib/python3.11/site-packages/airflow/example_dags/example_branch_python_dop_operator_3.py
[2024-04-03T20:46:44.721+0000] {processor.py:840} INFO - DAG(s) 'example_branch_dop_operator_v3' retrieved from /home/datatalks_jan/anaconda3/lib/python3.11/site-packages/airflow/example_dags/example_branch_python_dop_operator_3.py
[2024-04-03T20:46:44.836+0000] {logging_mixin.py:188} INFO - [2024-04-03T20:46:44.835+0000] {dag.py:3047} INFO - Sync 1 DAGs
[2024-04-03T20:46:44.859+0000] {logging_mixin.py:188} INFO - [2024-04-03T20:46:44.859+0000] {dag.py:3834} INFO - Setting next_dagrun for example_branch_dop_operator_v3 to 2024-04-03 20:45:00+00:00, run_after=2024-04-03 20:46:00+00:00
[2024-04-03T20:46:44.888+0000] {processor.py:183} INFO - Processing /home/datatalks_jan/anaconda3/lib/python3.11/site-packages/airflow/example_dags/example_branch_python_dop_operator_3.py took 0.188 seconds
[2024-04-03T20:48:05.027+0000] {processor.py:161} INFO - Started process (PID=83274) to work on /home/datatalks_jan/anaconda3/lib/python3.11/site-packages/airflow/example_dags/example_branch_python_dop_operator_3.py
[2024-04-03T20:48:05.030+0000] {processor.py:830} INFO - Processing file /home/datatalks_jan/anaconda3/lib/python3.11/site-packages/airflow/example_dags/example_branch_python_dop_operator_3.py for tasks to queue
[2024-04-03T20:48:05.031+0000] {logging_mixin.py:188} INFO - [2024-04-03T20:48:05.030+0000] {dagbag.py:540} INFO - Filling up the DagBag from /home/datatalks_jan/anaconda3/lib/python3.11/site-packages/airflow/example_dags/example_branch_python_dop_operator_3.py
[2024-04-03T20:48:05.043+0000] {processor.py:840} INFO - DAG(s) 'example_branch_dop_operator_v3' retrieved from /home/datatalks_jan/anaconda3/lib/python3.11/site-packages/airflow/example_dags/example_branch_python_dop_operator_3.py
[2024-04-03T20:48:05.067+0000] {logging_mixin.py:188} INFO - [2024-04-03T20:48:05.067+0000] {dag.py:3047} INFO - Sync 1 DAGs
[2024-04-03T20:48:05.094+0000] {logging_mixin.py:188} INFO - [2024-04-03T20:48:05.094+0000] {dag.py:3834} INFO - Setting next_dagrun for example_branch_dop_operator_v3 to 2024-04-03 20:47:00+00:00, run_after=2024-04-03 20:48:00+00:00
[2024-04-03T20:48:05.119+0000] {processor.py:183} INFO - Processing /home/datatalks_jan/anaconda3/lib/python3.11/site-packages/airflow/example_dags/example_branch_python_dop_operator_3.py took 0.097 seconds
[2024-04-03T20:49:10.975+0000] {processor.py:161} INFO - Started process (PID=83565) to work on /home/datatalks_jan/anaconda3/lib/python3.11/site-packages/airflow/example_dags/example_branch_python_dop_operator_3.py
[2024-04-03T20:49:10.978+0000] {processor.py:830} INFO - Processing file /home/datatalks_jan/anaconda3/lib/python3.11/site-packages/airflow/example_dags/example_branch_python_dop_operator_3.py for tasks to queue
[2024-04-03T20:49:10.979+0000] {logging_mixin.py:188} INFO - [2024-04-03T20:49:10.978+0000] {dagbag.py:540} INFO - Filling up the DagBag from /home/datatalks_jan/anaconda3/lib/python3.11/site-packages/airflow/example_dags/example_branch_python_dop_operator_3.py
[2024-04-03T20:49:10.993+0000] {processor.py:840} INFO - DAG(s) 'example_branch_dop_operator_v3' retrieved from /home/datatalks_jan/anaconda3/lib/python3.11/site-packages/airflow/example_dags/example_branch_python_dop_operator_3.py
[2024-04-03T20:49:11.403+0000] {logging_mixin.py:188} INFO - [2024-04-03T20:49:11.403+0000] {dag.py:3047} INFO - Sync 1 DAGs
[2024-04-03T20:49:11.427+0000] {logging_mixin.py:188} INFO - [2024-04-03T20:49:11.427+0000] {dag.py:3834} INFO - Setting next_dagrun for example_branch_dop_operator_v3 to 2024-04-03 20:48:00+00:00, run_after=2024-04-03 20:49:00+00:00
[2024-04-03T20:49:11.453+0000] {processor.py:183} INFO - Processing /home/datatalks_jan/anaconda3/lib/python3.11/site-packages/airflow/example_dags/example_branch_python_dop_operator_3.py took 0.484 seconds
[2024-04-03T20:50:20.635+0000] {processor.py:161} INFO - Started process (PID=83838) to work on /home/datatalks_jan/anaconda3/lib/python3.11/site-packages/airflow/example_dags/example_branch_python_dop_operator_3.py
[2024-04-03T20:50:20.638+0000] {processor.py:830} INFO - Processing file /home/datatalks_jan/anaconda3/lib/python3.11/site-packages/airflow/example_dags/example_branch_python_dop_operator_3.py for tasks to queue
[2024-04-03T20:50:20.639+0000] {logging_mixin.py:188} INFO - [2024-04-03T20:50:20.638+0000] {dagbag.py:540} INFO - Filling up the DagBag from /home/datatalks_jan/anaconda3/lib/python3.11/site-packages/airflow/example_dags/example_branch_python_dop_operator_3.py
[2024-04-03T20:50:20.654+0000] {processor.py:840} INFO - DAG(s) 'example_branch_dop_operator_v3' retrieved from /home/datatalks_jan/anaconda3/lib/python3.11/site-packages/airflow/example_dags/example_branch_python_dop_operator_3.py
[2024-04-03T20:50:20.684+0000] {logging_mixin.py:188} INFO - [2024-04-03T20:50:20.684+0000] {dag.py:3047} INFO - Sync 1 DAGs
[2024-04-03T20:50:20.715+0000] {logging_mixin.py:188} INFO - [2024-04-03T20:50:20.715+0000] {dag.py:3834} INFO - Setting next_dagrun for example_branch_dop_operator_v3 to 2024-04-03 20:49:00+00:00, run_after=2024-04-03 20:50:00+00:00
[2024-04-03T20:50:20.745+0000] {processor.py:183} INFO - Processing /home/datatalks_jan/anaconda3/lib/python3.11/site-packages/airflow/example_dags/example_branch_python_dop_operator_3.py took 0.117 seconds
