[2024-04-03T20:46:34.164+0000] {processor.py:161} INFO - Started process (PID=82666) to work on /home/datatalks_jan/anaconda3/lib/python3.11/site-packages/airflow/example_dags/example_params_trigger_ui.py
[2024-04-03T20:46:34.166+0000] {processor.py:830} INFO - Processing file /home/datatalks_jan/anaconda3/lib/python3.11/site-packages/airflow/example_dags/example_params_trigger_ui.py for tasks to queue
[2024-04-03T20:46:34.167+0000] {logging_mixin.py:188} INFO - [2024-04-03T20:46:34.167+0000] {dagbag.py:540} INFO - Filling up the DagBag from /home/datatalks_jan/anaconda3/lib/python3.11/site-packages/airflow/example_dags/example_params_trigger_ui.py
[2024-04-03T20:46:34.191+0000] {processor.py:840} INFO - DAG(s) 'example_params_trigger_ui' retrieved from /home/datatalks_jan/anaconda3/lib/python3.11/site-packages/airflow/example_dags/example_params_trigger_ui.py
[2024-04-03T20:46:34.323+0000] {logging_mixin.py:188} INFO - [2024-04-03T20:46:34.323+0000] {dag.py:3047} INFO - Sync 1 DAGs
[2024-04-03T20:46:34.333+0000] {logging_mixin.py:188} INFO - [2024-04-03T20:46:34.333+0000] {dag.py:3834} INFO - Setting next_dagrun for example_params_trigger_ui to None, run_after=None
[2024-04-03T20:46:34.358+0000] {processor.py:183} INFO - Processing /home/datatalks_jan/anaconda3/lib/python3.11/site-packages/airflow/example_dags/example_params_trigger_ui.py took 0.200 seconds
[2024-04-03T20:47:55.600+0000] {processor.py:161} INFO - Started process (PID=83264) to work on /home/datatalks_jan/anaconda3/lib/python3.11/site-packages/airflow/example_dags/example_params_trigger_ui.py
[2024-04-03T20:47:55.603+0000] {processor.py:830} INFO - Processing file /home/datatalks_jan/anaconda3/lib/python3.11/site-packages/airflow/example_dags/example_params_trigger_ui.py for tasks to queue
[2024-04-03T20:47:55.604+0000] {logging_mixin.py:188} INFO - [2024-04-03T20:47:55.603+0000] {dagbag.py:540} INFO - Filling up the DagBag from /home/datatalks_jan/anaconda3/lib/python3.11/site-packages/airflow/example_dags/example_params_trigger_ui.py
[2024-04-03T20:47:55.627+0000] {processor.py:840} INFO - DAG(s) 'example_params_trigger_ui' retrieved from /home/datatalks_jan/anaconda3/lib/python3.11/site-packages/airflow/example_dags/example_params_trigger_ui.py
[2024-04-03T20:47:55.672+0000] {logging_mixin.py:188} INFO - [2024-04-03T20:47:55.672+0000] {dag.py:3047} INFO - Sync 1 DAGs
[2024-04-03T20:47:55.686+0000] {logging_mixin.py:188} INFO - [2024-04-03T20:47:55.686+0000] {dag.py:3834} INFO - Setting next_dagrun for example_params_trigger_ui to None, run_after=None
[2024-04-03T20:47:55.713+0000] {processor.py:183} INFO - Processing /home/datatalks_jan/anaconda3/lib/python3.11/site-packages/airflow/example_dags/example_params_trigger_ui.py took 0.118 seconds
[2024-04-03T20:48:58.462+0000] {processor.py:161} INFO - Started process (PID=83548) to work on /home/datatalks_jan/anaconda3/lib/python3.11/site-packages/airflow/example_dags/example_params_trigger_ui.py
[2024-04-03T20:48:58.465+0000] {processor.py:830} INFO - Processing file /home/datatalks_jan/anaconda3/lib/python3.11/site-packages/airflow/example_dags/example_params_trigger_ui.py for tasks to queue
[2024-04-03T20:48:58.467+0000] {logging_mixin.py:188} INFO - [2024-04-03T20:48:58.466+0000] {dagbag.py:540} INFO - Filling up the DagBag from /home/datatalks_jan/anaconda3/lib/python3.11/site-packages/airflow/example_dags/example_params_trigger_ui.py
[2024-04-03T20:48:58.493+0000] {processor.py:840} INFO - DAG(s) 'example_params_trigger_ui' retrieved from /home/datatalks_jan/anaconda3/lib/python3.11/site-packages/airflow/example_dags/example_params_trigger_ui.py
[2024-04-03T20:48:58.810+0000] {logging_mixin.py:188} INFO - [2024-04-03T20:48:58.810+0000] {dag.py:3047} INFO - Sync 1 DAGs
[2024-04-03T20:48:58.822+0000] {logging_mixin.py:188} INFO - [2024-04-03T20:48:58.822+0000] {dag.py:3834} INFO - Setting next_dagrun for example_params_trigger_ui to None, run_after=None
[2024-04-03T20:48:58.849+0000] {processor.py:183} INFO - Processing /home/datatalks_jan/anaconda3/lib/python3.11/site-packages/airflow/example_dags/example_params_trigger_ui.py took 0.392 seconds
[2024-04-03T20:50:10.119+0000] {processor.py:161} INFO - Started process (PID=83828) to work on /home/datatalks_jan/anaconda3/lib/python3.11/site-packages/airflow/example_dags/example_params_trigger_ui.py
[2024-04-03T20:50:10.121+0000] {processor.py:830} INFO - Processing file /home/datatalks_jan/anaconda3/lib/python3.11/site-packages/airflow/example_dags/example_params_trigger_ui.py for tasks to queue
[2024-04-03T20:50:10.123+0000] {logging_mixin.py:188} INFO - [2024-04-03T20:50:10.122+0000] {dagbag.py:540} INFO - Filling up the DagBag from /home/datatalks_jan/anaconda3/lib/python3.11/site-packages/airflow/example_dags/example_params_trigger_ui.py
[2024-04-03T20:50:10.148+0000] {processor.py:840} INFO - DAG(s) 'example_params_trigger_ui' retrieved from /home/datatalks_jan/anaconda3/lib/python3.11/site-packages/airflow/example_dags/example_params_trigger_ui.py
[2024-04-03T20:50:10.195+0000] {logging_mixin.py:188} INFO - [2024-04-03T20:50:10.194+0000] {dag.py:3047} INFO - Sync 1 DAGs
[2024-04-03T20:50:10.211+0000] {logging_mixin.py:188} INFO - [2024-04-03T20:50:10.211+0000] {dag.py:3834} INFO - Setting next_dagrun for example_params_trigger_ui to None, run_after=None
[2024-04-03T20:50:10.239+0000] {processor.py:183} INFO - Processing /home/datatalks_jan/anaconda3/lib/python3.11/site-packages/airflow/example_dags/example_params_trigger_ui.py took 0.125 seconds
[2024-04-03T20:51:10.839+0000] {processor.py:161} INFO - Started process (PID=84102) to work on /home/datatalks_jan/anaconda3/lib/python3.11/site-packages/airflow/example_dags/example_params_trigger_ui.py
[2024-04-03T20:51:10.841+0000] {processor.py:830} INFO - Processing file /home/datatalks_jan/anaconda3/lib/python3.11/site-packages/airflow/example_dags/example_params_trigger_ui.py for tasks to queue
[2024-04-03T20:51:10.843+0000] {logging_mixin.py:188} INFO - [2024-04-03T20:51:10.842+0000] {dagbag.py:540} INFO - Filling up the DagBag from /home/datatalks_jan/anaconda3/lib/python3.11/site-packages/airflow/example_dags/example_params_trigger_ui.py
[2024-04-03T20:51:10.866+0000] {processor.py:840} INFO - DAG(s) 'example_params_trigger_ui' retrieved from /home/datatalks_jan/anaconda3/lib/python3.11/site-packages/airflow/example_dags/example_params_trigger_ui.py
[2024-04-03T20:51:10.910+0000] {logging_mixin.py:188} INFO - [2024-04-03T20:51:10.910+0000] {dag.py:3047} INFO - Sync 1 DAGs
[2024-04-03T20:51:10.924+0000] {logging_mixin.py:188} INFO - [2024-04-03T20:51:10.923+0000] {dag.py:3834} INFO - Setting next_dagrun for example_params_trigger_ui to None, run_after=None
[2024-04-03T20:51:10.951+0000] {processor.py:183} INFO - Processing /home/datatalks_jan/anaconda3/lib/python3.11/site-packages/airflow/example_dags/example_params_trigger_ui.py took 0.117 seconds
