[2024-04-03T20:46:23.878+0000] {processor.py:161} INFO - Started process (PID=82625) to work on /home/datatalks_jan/anaconda3/lib/python3.11/site-packages/airflow/example_dags/example_sla_dag.py
[2024-04-03T20:46:23.880+0000] {processor.py:830} INFO - Processing file /home/datatalks_jan/anaconda3/lib/python3.11/site-packages/airflow/example_dags/example_sla_dag.py for tasks to queue
[2024-04-03T20:46:23.881+0000] {logging_mixin.py:188} INFO - [2024-04-03T20:46:23.881+0000] {dagbag.py:540} INFO - Filling up the DagBag from /home/datatalks_jan/anaconda3/lib/python3.11/site-packages/airflow/example_dags/example_sla_dag.py
[2024-04-03T20:46:23.896+0000] {processor.py:840} INFO - DAG(s) 'example_sla_dag' retrieved from /home/datatalks_jan/anaconda3/lib/python3.11/site-packages/airflow/example_dags/example_sla_dag.py
[2024-04-03T20:46:24.022+0000] {logging_mixin.py:188} INFO - [2024-04-03T20:46:24.022+0000] {dag.py:3047} INFO - Sync 1 DAGs
[2024-04-03T20:46:24.049+0000] {logging_mixin.py:188} INFO - [2024-04-03T20:46:24.048+0000] {dag.py:3834} INFO - Setting next_dagrun for example_sla_dag to 2024-04-03 20:44:00+00:00, run_after=2024-04-03 20:46:00+00:00
[2024-04-03T20:46:24.078+0000] {processor.py:183} INFO - Processing /home/datatalks_jan/anaconda3/lib/python3.11/site-packages/airflow/example_dags/example_sla_dag.py took 0.206 seconds
[2024-04-03T20:47:37.189+0000] {processor.py:161} INFO - Started process (PID=83097) to work on /home/datatalks_jan/anaconda3/lib/python3.11/site-packages/airflow/example_dags/example_sla_dag.py
[2024-04-03T20:47:37.193+0000] {processor.py:830} INFO - Processing file /home/datatalks_jan/anaconda3/lib/python3.11/site-packages/airflow/example_dags/example_sla_dag.py for tasks to queue
[2024-04-03T20:47:37.194+0000] {logging_mixin.py:188} INFO - [2024-04-03T20:47:37.194+0000] {dagbag.py:540} INFO - Filling up the DagBag from /home/datatalks_jan/anaconda3/lib/python3.11/site-packages/airflow/example_dags/example_sla_dag.py
[2024-04-03T20:47:37.209+0000] {processor.py:840} INFO - DAG(s) 'example_sla_dag' retrieved from /home/datatalks_jan/anaconda3/lib/python3.11/site-packages/airflow/example_dags/example_sla_dag.py
[2024-04-03T20:47:37.236+0000] {logging_mixin.py:188} INFO - [2024-04-03T20:47:37.236+0000] {dag.py:3047} INFO - Sync 1 DAGs
[2024-04-03T20:47:37.265+0000] {logging_mixin.py:188} INFO - [2024-04-03T20:47:37.265+0000] {dag.py:3834} INFO - Setting next_dagrun for example_sla_dag to 2024-04-03 20:44:00+00:00, run_after=2024-04-03 20:46:00+00:00
[2024-04-03T20:47:37.295+0000] {processor.py:183} INFO - Processing /home/datatalks_jan/anaconda3/lib/python3.11/site-packages/airflow/example_dags/example_sla_dag.py took 0.113 seconds
[2024-04-03T20:48:37.664+0000] {processor.py:161} INFO - Started process (PID=83317) to work on /home/datatalks_jan/anaconda3/lib/python3.11/site-packages/airflow/example_dags/example_sla_dag.py
[2024-04-03T20:48:37.667+0000] {processor.py:830} INFO - Processing file /home/datatalks_jan/anaconda3/lib/python3.11/site-packages/airflow/example_dags/example_sla_dag.py for tasks to queue
[2024-04-03T20:48:37.668+0000] {logging_mixin.py:188} INFO - [2024-04-03T20:48:37.667+0000] {dagbag.py:540} INFO - Filling up the DagBag from /home/datatalks_jan/anaconda3/lib/python3.11/site-packages/airflow/example_dags/example_sla_dag.py
[2024-04-03T20:48:37.682+0000] {processor.py:840} INFO - DAG(s) 'example_sla_dag' retrieved from /home/datatalks_jan/anaconda3/lib/python3.11/site-packages/airflow/example_dags/example_sla_dag.py
[2024-04-03T20:48:37.709+0000] {logging_mixin.py:188} INFO - [2024-04-03T20:48:37.709+0000] {dag.py:3047} INFO - Sync 1 DAGs
[2024-04-03T20:48:37.738+0000] {logging_mixin.py:188} INFO - [2024-04-03T20:48:37.738+0000] {dag.py:3834} INFO - Setting next_dagrun for example_sla_dag to 2024-04-03 20:46:00+00:00, run_after=2024-04-03 20:48:00+00:00
[2024-04-03T20:48:38.025+0000] {processor.py:183} INFO - Processing /home/datatalks_jan/anaconda3/lib/python3.11/site-packages/airflow/example_dags/example_sla_dag.py took 0.366 seconds
[2024-04-03T20:49:43.255+0000] {processor.py:161} INFO - Started process (PID=83653) to work on /home/datatalks_jan/anaconda3/lib/python3.11/site-packages/airflow/example_dags/example_sla_dag.py
[2024-04-03T20:49:43.258+0000] {processor.py:830} INFO - Processing file /home/datatalks_jan/anaconda3/lib/python3.11/site-packages/airflow/example_dags/example_sla_dag.py for tasks to queue
[2024-04-03T20:49:43.260+0000] {logging_mixin.py:188} INFO - [2024-04-03T20:49:43.259+0000] {dagbag.py:540} INFO - Filling up the DagBag from /home/datatalks_jan/anaconda3/lib/python3.11/site-packages/airflow/example_dags/example_sla_dag.py
[2024-04-03T20:49:43.277+0000] {processor.py:840} INFO - DAG(s) 'example_sla_dag' retrieved from /home/datatalks_jan/anaconda3/lib/python3.11/site-packages/airflow/example_dags/example_sla_dag.py
[2024-04-03T20:49:43.307+0000] {logging_mixin.py:188} INFO - [2024-04-03T20:49:43.306+0000] {dag.py:3047} INFO - Sync 1 DAGs
[2024-04-03T20:49:43.336+0000] {logging_mixin.py:188} INFO - [2024-04-03T20:49:43.335+0000] {dag.py:3834} INFO - Setting next_dagrun for example_sla_dag to 2024-04-03 20:46:00+00:00, run_after=2024-04-03 20:48:00+00:00
[2024-04-03T20:49:43.362+0000] {processor.py:183} INFO - Processing /home/datatalks_jan/anaconda3/lib/python3.11/site-packages/airflow/example_dags/example_sla_dag.py took 0.112 seconds
[2024-04-03T20:50:44.298+0000] {processor.py:161} INFO - Started process (PID=83904) to work on /home/datatalks_jan/anaconda3/lib/python3.11/site-packages/airflow/example_dags/example_sla_dag.py
[2024-04-03T20:50:44.301+0000] {processor.py:830} INFO - Processing file /home/datatalks_jan/anaconda3/lib/python3.11/site-packages/airflow/example_dags/example_sla_dag.py for tasks to queue
[2024-04-03T20:50:44.302+0000] {logging_mixin.py:188} INFO - [2024-04-03T20:50:44.301+0000] {dagbag.py:540} INFO - Filling up the DagBag from /home/datatalks_jan/anaconda3/lib/python3.11/site-packages/airflow/example_dags/example_sla_dag.py
[2024-04-03T20:50:44.317+0000] {processor.py:840} INFO - DAG(s) 'example_sla_dag' retrieved from /home/datatalks_jan/anaconda3/lib/python3.11/site-packages/airflow/example_dags/example_sla_dag.py
[2024-04-03T20:50:44.345+0000] {logging_mixin.py:188} INFO - [2024-04-03T20:50:44.344+0000] {dag.py:3047} INFO - Sync 1 DAGs
[2024-04-03T20:50:44.374+0000] {logging_mixin.py:188} INFO - [2024-04-03T20:50:44.374+0000] {dag.py:3834} INFO - Setting next_dagrun for example_sla_dag to 2024-04-03 20:48:00+00:00, run_after=2024-04-03 20:50:00+00:00
[2024-04-03T20:50:44.409+0000] {processor.py:183} INFO - Processing /home/datatalks_jan/anaconda3/lib/python3.11/site-packages/airflow/example_dags/example_sla_dag.py took 0.116 seconds
