[2024-04-03T20:46:22.513+0000] {processor.py:161} INFO - Started process (PID=82609) to work on /home/datatalks_jan/anaconda3/lib/python3.11/site-packages/airflow/example_dags/example_sensors.py
[2024-04-03T20:46:22.515+0000] {processor.py:830} INFO - Processing file /home/datatalks_jan/anaconda3/lib/python3.11/site-packages/airflow/example_dags/example_sensors.py for tasks to queue
[2024-04-03T20:46:22.517+0000] {logging_mixin.py:188} INFO - [2024-04-03T20:46:22.516+0000] {dagbag.py:540} INFO - Filling up the DagBag from /home/datatalks_jan/anaconda3/lib/python3.11/site-packages/airflow/example_dags/example_sensors.py
[2024-04-03T20:46:22.533+0000] {processor.py:840} INFO - DAG(s) 'example_sensors' retrieved from /home/datatalks_jan/anaconda3/lib/python3.11/site-packages/airflow/example_dags/example_sensors.py
[2024-04-03T20:46:22.662+0000] {logging_mixin.py:188} INFO - [2024-04-03T20:46:22.661+0000] {dag.py:3047} INFO - Sync 1 DAGs
[2024-04-03T20:46:22.674+0000] {logging_mixin.py:188} INFO - [2024-04-03T20:46:22.674+0000] {dag.py:3834} INFO - Setting next_dagrun for example_sensors to None, run_after=None
[2024-04-03T20:46:22.710+0000] {processor.py:183} INFO - Processing /home/datatalks_jan/anaconda3/lib/python3.11/site-packages/airflow/example_dags/example_sensors.py took 0.202 seconds
[2024-04-03T20:47:36.035+0000] {processor.py:161} INFO - Started process (PID=83096) to work on /home/datatalks_jan/anaconda3/lib/python3.11/site-packages/airflow/example_dags/example_sensors.py
[2024-04-03T20:47:36.038+0000] {processor.py:830} INFO - Processing file /home/datatalks_jan/anaconda3/lib/python3.11/site-packages/airflow/example_dags/example_sensors.py for tasks to queue
[2024-04-03T20:47:36.039+0000] {logging_mixin.py:188} INFO - [2024-04-03T20:47:36.039+0000] {dagbag.py:540} INFO - Filling up the DagBag from /home/datatalks_jan/anaconda3/lib/python3.11/site-packages/airflow/example_dags/example_sensors.py
[2024-04-03T20:47:36.054+0000] {processor.py:840} INFO - DAG(s) 'example_sensors' retrieved from /home/datatalks_jan/anaconda3/lib/python3.11/site-packages/airflow/example_dags/example_sensors.py
[2024-04-03T20:47:36.081+0000] {logging_mixin.py:188} INFO - [2024-04-03T20:47:36.081+0000] {dag.py:3047} INFO - Sync 1 DAGs
[2024-04-03T20:47:36.095+0000] {logging_mixin.py:188} INFO - [2024-04-03T20:47:36.095+0000] {dag.py:3834} INFO - Setting next_dagrun for example_sensors to None, run_after=None
[2024-04-03T20:47:36.120+0000] {processor.py:183} INFO - Processing /home/datatalks_jan/anaconda3/lib/python3.11/site-packages/airflow/example_dags/example_sensors.py took 0.090 seconds
[2024-04-03T20:48:36.693+0000] {processor.py:161} INFO - Started process (PID=83316) to work on /home/datatalks_jan/anaconda3/lib/python3.11/site-packages/airflow/example_dags/example_sensors.py
[2024-04-03T20:48:36.696+0000] {processor.py:830} INFO - Processing file /home/datatalks_jan/anaconda3/lib/python3.11/site-packages/airflow/example_dags/example_sensors.py for tasks to queue
[2024-04-03T20:48:36.698+0000] {logging_mixin.py:188} INFO - [2024-04-03T20:48:36.697+0000] {dagbag.py:540} INFO - Filling up the DagBag from /home/datatalks_jan/anaconda3/lib/python3.11/site-packages/airflow/example_dags/example_sensors.py
[2024-04-03T20:48:36.713+0000] {processor.py:840} INFO - DAG(s) 'example_sensors' retrieved from /home/datatalks_jan/anaconda3/lib/python3.11/site-packages/airflow/example_dags/example_sensors.py
[2024-04-03T20:48:36.745+0000] {logging_mixin.py:188} INFO - [2024-04-03T20:48:36.745+0000] {dag.py:3047} INFO - Sync 1 DAGs
[2024-04-03T20:48:36.761+0000] {logging_mixin.py:188} INFO - [2024-04-03T20:48:36.760+0000] {dag.py:3834} INFO - Setting next_dagrun for example_sensors to None, run_after=None
[2024-04-03T20:48:36.791+0000] {processor.py:183} INFO - Processing /home/datatalks_jan/anaconda3/lib/python3.11/site-packages/airflow/example_dags/example_sensors.py took 0.104 seconds
[2024-04-03T20:49:41.994+0000] {processor.py:161} INFO - Started process (PID=83652) to work on /home/datatalks_jan/anaconda3/lib/python3.11/site-packages/airflow/example_dags/example_sensors.py
[2024-04-03T20:49:41.996+0000] {processor.py:830} INFO - Processing file /home/datatalks_jan/anaconda3/lib/python3.11/site-packages/airflow/example_dags/example_sensors.py for tasks to queue
[2024-04-03T20:49:41.998+0000] {logging_mixin.py:188} INFO - [2024-04-03T20:49:41.997+0000] {dagbag.py:540} INFO - Filling up the DagBag from /home/datatalks_jan/anaconda3/lib/python3.11/site-packages/airflow/example_dags/example_sensors.py
[2024-04-03T20:49:42.014+0000] {processor.py:840} INFO - DAG(s) 'example_sensors' retrieved from /home/datatalks_jan/anaconda3/lib/python3.11/site-packages/airflow/example_dags/example_sensors.py
[2024-04-03T20:49:42.045+0000] {logging_mixin.py:188} INFO - [2024-04-03T20:49:42.044+0000] {dag.py:3047} INFO - Sync 1 DAGs
[2024-04-03T20:49:42.060+0000] {logging_mixin.py:188} INFO - [2024-04-03T20:49:42.059+0000] {dag.py:3834} INFO - Setting next_dagrun for example_sensors to None, run_after=None
[2024-04-03T20:49:42.088+0000] {processor.py:183} INFO - Processing /home/datatalks_jan/anaconda3/lib/python3.11/site-packages/airflow/example_dags/example_sensors.py took 0.099 seconds
[2024-04-03T20:50:43.805+0000] {processor.py:161} INFO - Started process (PID=83889) to work on /home/datatalks_jan/anaconda3/lib/python3.11/site-packages/airflow/example_dags/example_sensors.py
[2024-04-03T20:50:43.808+0000] {processor.py:830} INFO - Processing file /home/datatalks_jan/anaconda3/lib/python3.11/site-packages/airflow/example_dags/example_sensors.py for tasks to queue
[2024-04-03T20:50:43.810+0000] {logging_mixin.py:188} INFO - [2024-04-03T20:50:43.809+0000] {dagbag.py:540} INFO - Filling up the DagBag from /home/datatalks_jan/anaconda3/lib/python3.11/site-packages/airflow/example_dags/example_sensors.py
[2024-04-03T20:50:43.826+0000] {processor.py:840} INFO - DAG(s) 'example_sensors' retrieved from /home/datatalks_jan/anaconda3/lib/python3.11/site-packages/airflow/example_dags/example_sensors.py
[2024-04-03T20:50:43.858+0000] {logging_mixin.py:188} INFO - [2024-04-03T20:50:43.857+0000] {dag.py:3047} INFO - Sync 1 DAGs
[2024-04-03T20:50:43.874+0000] {logging_mixin.py:188} INFO - [2024-04-03T20:50:43.873+0000] {dag.py:3834} INFO - Setting next_dagrun for example_sensors to None, run_after=None
[2024-04-03T20:50:43.903+0000] {processor.py:183} INFO - Processing /home/datatalks_jan/anaconda3/lib/python3.11/site-packages/airflow/example_dags/example_sensors.py took 0.103 seconds
