[2024-04-03T20:46:31.524+0000] {processor.py:161} INFO - Started process (PID=82647) to work on /home/datatalks_jan/anaconda3/lib/python3.11/site-packages/airflow/example_dags/example_short_circuit_operator.py
[2024-04-03T20:46:31.525+0000] {processor.py:830} INFO - Processing file /home/datatalks_jan/anaconda3/lib/python3.11/site-packages/airflow/example_dags/example_short_circuit_operator.py for tasks to queue
[2024-04-03T20:46:31.527+0000] {logging_mixin.py:188} INFO - [2024-04-03T20:46:31.526+0000] {dagbag.py:540} INFO - Filling up the DagBag from /home/datatalks_jan/anaconda3/lib/python3.11/site-packages/airflow/example_dags/example_short_circuit_operator.py
[2024-04-03T20:46:31.540+0000] {processor.py:840} INFO - DAG(s) 'example_short_circuit_operator' retrieved from /home/datatalks_jan/anaconda3/lib/python3.11/site-packages/airflow/example_dags/example_short_circuit_operator.py
[2024-04-03T20:46:31.660+0000] {logging_mixin.py:188} INFO - [2024-04-03T20:46:31.659+0000] {dag.py:3047} INFO - Sync 1 DAGs
[2024-04-03T20:46:31.679+0000] {logging_mixin.py:188} INFO - [2024-04-03T20:46:31.679+0000] {dag.py:3834} INFO - Setting next_dagrun for example_short_circuit_operator to 2024-04-02 00:00:00+00:00, run_after=2024-04-03 00:00:00+00:00
[2024-04-03T20:46:31.705+0000] {processor.py:183} INFO - Processing /home/datatalks_jan/anaconda3/lib/python3.11/site-packages/airflow/example_dags/example_short_circuit_operator.py took 0.186 seconds
[2024-04-03T20:47:53.100+0000] {processor.py:161} INFO - Started process (PID=83262) to work on /home/datatalks_jan/anaconda3/lib/python3.11/site-packages/airflow/example_dags/example_short_circuit_operator.py
[2024-04-03T20:47:53.103+0000] {processor.py:830} INFO - Processing file /home/datatalks_jan/anaconda3/lib/python3.11/site-packages/airflow/example_dags/example_short_circuit_operator.py for tasks to queue
[2024-04-03T20:47:53.104+0000] {logging_mixin.py:188} INFO - [2024-04-03T20:47:53.104+0000] {dagbag.py:540} INFO - Filling up the DagBag from /home/datatalks_jan/anaconda3/lib/python3.11/site-packages/airflow/example_dags/example_short_circuit_operator.py
[2024-04-03T20:47:53.118+0000] {processor.py:840} INFO - DAG(s) 'example_short_circuit_operator' retrieved from /home/datatalks_jan/anaconda3/lib/python3.11/site-packages/airflow/example_dags/example_short_circuit_operator.py
[2024-04-03T20:47:53.145+0000] {logging_mixin.py:188} INFO - [2024-04-03T20:47:53.144+0000] {dag.py:3047} INFO - Sync 1 DAGs
[2024-04-03T20:47:53.168+0000] {logging_mixin.py:188} INFO - [2024-04-03T20:47:53.168+0000] {dag.py:3834} INFO - Setting next_dagrun for example_short_circuit_operator to 2024-04-02 00:00:00+00:00, run_after=2024-04-03 00:00:00+00:00
[2024-04-03T20:47:53.194+0000] {processor.py:183} INFO - Processing /home/datatalks_jan/anaconda3/lib/python3.11/site-packages/airflow/example_dags/example_short_circuit_operator.py took 0.099 seconds
[2024-04-03T20:48:56.336+0000] {processor.py:161} INFO - Started process (PID=83546) to work on /home/datatalks_jan/anaconda3/lib/python3.11/site-packages/airflow/example_dags/example_short_circuit_operator.py
[2024-04-03T20:48:56.339+0000] {processor.py:830} INFO - Processing file /home/datatalks_jan/anaconda3/lib/python3.11/site-packages/airflow/example_dags/example_short_circuit_operator.py for tasks to queue
[2024-04-03T20:48:56.340+0000] {logging_mixin.py:188} INFO - [2024-04-03T20:48:56.339+0000] {dagbag.py:540} INFO - Filling up the DagBag from /home/datatalks_jan/anaconda3/lib/python3.11/site-packages/airflow/example_dags/example_short_circuit_operator.py
[2024-04-03T20:48:56.354+0000] {processor.py:840} INFO - DAG(s) 'example_short_circuit_operator' retrieved from /home/datatalks_jan/anaconda3/lib/python3.11/site-packages/airflow/example_dags/example_short_circuit_operator.py
[2024-04-03T20:48:56.385+0000] {logging_mixin.py:188} INFO - [2024-04-03T20:48:56.385+0000] {dag.py:3047} INFO - Sync 1 DAGs
[2024-04-03T20:48:56.693+0000] {logging_mixin.py:188} INFO - [2024-04-03T20:48:56.692+0000] {dag.py:3834} INFO - Setting next_dagrun for example_short_circuit_operator to 2024-04-02 00:00:00+00:00, run_after=2024-04-03 00:00:00+00:00
[2024-04-03T20:48:56.720+0000] {processor.py:183} INFO - Processing /home/datatalks_jan/anaconda3/lib/python3.11/site-packages/airflow/example_dags/example_short_circuit_operator.py took 0.389 seconds
[2024-04-03T20:50:08.514+0000] {processor.py:161} INFO - Started process (PID=83826) to work on /home/datatalks_jan/anaconda3/lib/python3.11/site-packages/airflow/example_dags/example_short_circuit_operator.py
[2024-04-03T20:50:08.517+0000] {processor.py:830} INFO - Processing file /home/datatalks_jan/anaconda3/lib/python3.11/site-packages/airflow/example_dags/example_short_circuit_operator.py for tasks to queue
[2024-04-03T20:50:08.519+0000] {logging_mixin.py:188} INFO - [2024-04-03T20:50:08.518+0000] {dagbag.py:540} INFO - Filling up the DagBag from /home/datatalks_jan/anaconda3/lib/python3.11/site-packages/airflow/example_dags/example_short_circuit_operator.py
[2024-04-03T20:50:08.534+0000] {processor.py:840} INFO - DAG(s) 'example_short_circuit_operator' retrieved from /home/datatalks_jan/anaconda3/lib/python3.11/site-packages/airflow/example_dags/example_short_circuit_operator.py
[2024-04-03T20:50:08.563+0000] {logging_mixin.py:188} INFO - [2024-04-03T20:50:08.562+0000] {dag.py:3047} INFO - Sync 1 DAGs
[2024-04-03T20:50:08.591+0000] {logging_mixin.py:188} INFO - [2024-04-03T20:50:08.591+0000] {dag.py:3834} INFO - Setting next_dagrun for example_short_circuit_operator to 2024-04-02 00:00:00+00:00, run_after=2024-04-03 00:00:00+00:00
[2024-04-03T20:50:08.621+0000] {processor.py:183} INFO - Processing /home/datatalks_jan/anaconda3/lib/python3.11/site-packages/airflow/example_dags/example_short_circuit_operator.py took 0.113 seconds
[2024-04-03T20:51:09.119+0000] {processor.py:161} INFO - Started process (PID=84100) to work on /home/datatalks_jan/anaconda3/lib/python3.11/site-packages/airflow/example_dags/example_short_circuit_operator.py
[2024-04-03T20:51:09.122+0000] {processor.py:830} INFO - Processing file /home/datatalks_jan/anaconda3/lib/python3.11/site-packages/airflow/example_dags/example_short_circuit_operator.py for tasks to queue
[2024-04-03T20:51:09.123+0000] {logging_mixin.py:188} INFO - [2024-04-03T20:51:09.122+0000] {dagbag.py:540} INFO - Filling up the DagBag from /home/datatalks_jan/anaconda3/lib/python3.11/site-packages/airflow/example_dags/example_short_circuit_operator.py
[2024-04-03T20:51:09.138+0000] {processor.py:840} INFO - DAG(s) 'example_short_circuit_operator' retrieved from /home/datatalks_jan/anaconda3/lib/python3.11/site-packages/airflow/example_dags/example_short_circuit_operator.py
[2024-04-03T20:51:09.168+0000] {logging_mixin.py:188} INFO - [2024-04-03T20:51:09.167+0000] {dag.py:3047} INFO - Sync 1 DAGs
[2024-04-03T20:51:09.198+0000] {logging_mixin.py:188} INFO - [2024-04-03T20:51:09.197+0000] {dag.py:3834} INFO - Setting next_dagrun for example_short_circuit_operator to 2024-04-02 00:00:00+00:00, run_after=2024-04-03 00:00:00+00:00
[2024-04-03T20:51:09.228+0000] {processor.py:183} INFO - Processing /home/datatalks_jan/anaconda3/lib/python3.11/site-packages/airflow/example_dags/example_short_circuit_operator.py took 0.115 seconds
