[2024-04-03T20:46:53.974+0000] {processor.py:161} INFO - Started process (PID=82744) to work on /home/datatalks_jan/anaconda3/lib/python3.11/site-packages/airflow/example_dags/example_branch_labels.py
[2024-04-03T20:46:53.976+0000] {processor.py:830} INFO - Processing file /home/datatalks_jan/anaconda3/lib/python3.11/site-packages/airflow/example_dags/example_branch_labels.py for tasks to queue
[2024-04-03T20:46:53.977+0000] {logging_mixin.py:188} INFO - [2024-04-03T20:46:53.976+0000] {dagbag.py:540} INFO - Filling up the DagBag from /home/datatalks_jan/anaconda3/lib/python3.11/site-packages/airflow/example_dags/example_branch_labels.py
[2024-04-03T20:46:53.989+0000] {processor.py:840} INFO - DAG(s) 'example_branch_labels' retrieved from /home/datatalks_jan/anaconda3/lib/python3.11/site-packages/airflow/example_dags/example_branch_labels.py
[2024-04-03T20:46:54.105+0000] {logging_mixin.py:188} INFO - [2024-04-03T20:46:54.105+0000] {dag.py:3047} INFO - Sync 1 DAGs
[2024-04-03T20:46:54.124+0000] {logging_mixin.py:188} INFO - [2024-04-03T20:46:54.124+0000] {dag.py:3834} INFO - Setting next_dagrun for example_branch_labels to 2024-04-02 00:00:00+00:00, run_after=2024-04-03 00:00:00+00:00
[2024-04-03T20:46:54.149+0000] {processor.py:183} INFO - Processing /home/datatalks_jan/anaconda3/lib/python3.11/site-packages/airflow/example_dags/example_branch_labels.py took 0.179 seconds
[2024-04-03T20:48:14.077+0000] {processor.py:161} INFO - Started process (PID=83285) to work on /home/datatalks_jan/anaconda3/lib/python3.11/site-packages/airflow/example_dags/example_branch_labels.py
[2024-04-03T20:48:14.079+0000] {processor.py:830} INFO - Processing file /home/datatalks_jan/anaconda3/lib/python3.11/site-packages/airflow/example_dags/example_branch_labels.py for tasks to queue
[2024-04-03T20:48:14.080+0000] {logging_mixin.py:188} INFO - [2024-04-03T20:48:14.079+0000] {dagbag.py:540} INFO - Filling up the DagBag from /home/datatalks_jan/anaconda3/lib/python3.11/site-packages/airflow/example_dags/example_branch_labels.py
[2024-04-03T20:48:14.091+0000] {processor.py:840} INFO - DAG(s) 'example_branch_labels' retrieved from /home/datatalks_jan/anaconda3/lib/python3.11/site-packages/airflow/example_dags/example_branch_labels.py
[2024-04-03T20:48:14.119+0000] {logging_mixin.py:188} INFO - [2024-04-03T20:48:14.119+0000] {dag.py:3047} INFO - Sync 1 DAGs
[2024-04-03T20:48:14.142+0000] {logging_mixin.py:188} INFO - [2024-04-03T20:48:14.142+0000] {dag.py:3834} INFO - Setting next_dagrun for example_branch_labels to 2024-04-02 00:00:00+00:00, run_after=2024-04-03 00:00:00+00:00
[2024-04-03T20:48:14.167+0000] {processor.py:183} INFO - Processing /home/datatalks_jan/anaconda3/lib/python3.11/site-packages/airflow/example_dags/example_branch_labels.py took 0.095 seconds
[2024-04-03T20:49:48.439+0000] {processor.py:161} INFO - Started process (PID=83658) to work on /home/datatalks_jan/anaconda3/lib/python3.11/site-packages/airflow/example_dags/example_branch_labels.py
[2024-04-03T20:49:48.442+0000] {processor.py:830} INFO - Processing file /home/datatalks_jan/anaconda3/lib/python3.11/site-packages/airflow/example_dags/example_branch_labels.py for tasks to queue
[2024-04-03T20:49:48.443+0000] {logging_mixin.py:188} INFO - [2024-04-03T20:49:48.443+0000] {dagbag.py:540} INFO - Filling up the DagBag from /home/datatalks_jan/anaconda3/lib/python3.11/site-packages/airflow/example_dags/example_branch_labels.py
[2024-04-03T20:49:48.457+0000] {processor.py:840} INFO - DAG(s) 'example_branch_labels' retrieved from /home/datatalks_jan/anaconda3/lib/python3.11/site-packages/airflow/example_dags/example_branch_labels.py
[2024-04-03T20:49:48.487+0000] {logging_mixin.py:188} INFO - [2024-04-03T20:49:48.487+0000] {dag.py:3047} INFO - Sync 1 DAGs
[2024-04-03T20:49:48.518+0000] {logging_mixin.py:188} INFO - [2024-04-03T20:49:48.517+0000] {dag.py:3834} INFO - Setting next_dagrun for example_branch_labels to 2024-04-02 00:00:00+00:00, run_after=2024-04-03 00:00:00+00:00
[2024-04-03T20:49:48.547+0000] {processor.py:183} INFO - Processing /home/datatalks_jan/anaconda3/lib/python3.11/site-packages/airflow/example_dags/example_branch_labels.py took 0.114 seconds
[2024-04-03T20:50:49.310+0000] {processor.py:161} INFO - Started process (PID=83931) to work on /home/datatalks_jan/anaconda3/lib/python3.11/site-packages/airflow/example_dags/example_branch_labels.py
[2024-04-03T20:50:49.312+0000] {processor.py:830} INFO - Processing file /home/datatalks_jan/anaconda3/lib/python3.11/site-packages/airflow/example_dags/example_branch_labels.py for tasks to queue
[2024-04-03T20:50:49.314+0000] {logging_mixin.py:188} INFO - [2024-04-03T20:50:49.313+0000] {dagbag.py:540} INFO - Filling up the DagBag from /home/datatalks_jan/anaconda3/lib/python3.11/site-packages/airflow/example_dags/example_branch_labels.py
[2024-04-03T20:50:49.327+0000] {processor.py:840} INFO - DAG(s) 'example_branch_labels' retrieved from /home/datatalks_jan/anaconda3/lib/python3.11/site-packages/airflow/example_dags/example_branch_labels.py
[2024-04-03T20:50:49.360+0000] {logging_mixin.py:188} INFO - [2024-04-03T20:50:49.360+0000] {dag.py:3047} INFO - Sync 1 DAGs
[2024-04-03T20:50:49.390+0000] {logging_mixin.py:188} INFO - [2024-04-03T20:50:49.390+0000] {dag.py:3834} INFO - Setting next_dagrun for example_branch_labels to 2024-04-02 00:00:00+00:00, run_after=2024-04-03 00:00:00+00:00
[2024-04-03T20:50:49.420+0000] {processor.py:183} INFO - Processing /home/datatalks_jan/anaconda3/lib/python3.11/site-packages/airflow/example_dags/example_branch_labels.py took 0.116 seconds
