[2024-04-03T20:46:52.382+0000] {processor.py:161} INFO - Started process (PID=82743) to work on /home/datatalks_jan/anaconda3/lib/python3.11/site-packages/airflow/example_dags/example_dag_decorator.py
[2024-04-03T20:46:52.384+0000] {processor.py:830} INFO - Processing file /home/datatalks_jan/anaconda3/lib/python3.11/site-packages/airflow/example_dags/example_dag_decorator.py for tasks to queue
[2024-04-03T20:46:52.385+0000] {logging_mixin.py:188} INFO - [2024-04-03T20:46:52.385+0000] {dagbag.py:540} INFO - Filling up the DagBag from /home/datatalks_jan/anaconda3/lib/python3.11/site-packages/airflow/example_dags/example_dag_decorator.py
[2024-04-03T20:46:52.492+0000] {processor.py:840} INFO - DAG(s) 'example_dag_decorator' retrieved from /home/datatalks_jan/anaconda3/lib/python3.11/site-packages/airflow/example_dags/example_dag_decorator.py
[2024-04-03T20:46:52.906+0000] {logging_mixin.py:188} INFO - [2024-04-03T20:46:52.906+0000] {dag.py:3047} INFO - Sync 1 DAGs
[2024-04-03T20:46:52.919+0000] {logging_mixin.py:188} INFO - [2024-04-03T20:46:52.919+0000] {dag.py:3834} INFO - Setting next_dagrun for example_dag_decorator to None, run_after=None
[2024-04-03T20:46:52.950+0000] {processor.py:183} INFO - Processing /home/datatalks_jan/anaconda3/lib/python3.11/site-packages/airflow/example_dags/example_dag_decorator.py took 0.574 seconds
[2024-04-03T20:48:12.517+0000] {processor.py:161} INFO - Started process (PID=83284) to work on /home/datatalks_jan/anaconda3/lib/python3.11/site-packages/airflow/example_dags/example_dag_decorator.py
[2024-04-03T20:48:12.520+0000] {processor.py:830} INFO - Processing file /home/datatalks_jan/anaconda3/lib/python3.11/site-packages/airflow/example_dags/example_dag_decorator.py for tasks to queue
[2024-04-03T20:48:12.521+0000] {logging_mixin.py:188} INFO - [2024-04-03T20:48:12.520+0000] {dagbag.py:540} INFO - Filling up the DagBag from /home/datatalks_jan/anaconda3/lib/python3.11/site-packages/airflow/example_dags/example_dag_decorator.py
[2024-04-03T20:48:12.837+0000] {processor.py:840} INFO - DAG(s) 'example_dag_decorator' retrieved from /home/datatalks_jan/anaconda3/lib/python3.11/site-packages/airflow/example_dags/example_dag_decorator.py
[2024-04-03T20:48:12.943+0000] {logging_mixin.py:188} INFO - [2024-04-03T20:48:12.943+0000] {dag.py:3047} INFO - Sync 1 DAGs
[2024-04-03T20:48:12.952+0000] {logging_mixin.py:188} INFO - [2024-04-03T20:48:12.952+0000] {dag.py:3834} INFO - Setting next_dagrun for example_dag_decorator to None, run_after=None
[2024-04-03T20:48:12.975+0000] {processor.py:183} INFO - Processing /home/datatalks_jan/anaconda3/lib/python3.11/site-packages/airflow/example_dags/example_dag_decorator.py took 0.463 seconds
[2024-04-03T20:49:47.250+0000] {processor.py:161} INFO - Started process (PID=83657) to work on /home/datatalks_jan/anaconda3/lib/python3.11/site-packages/airflow/example_dags/example_dag_decorator.py
[2024-04-03T20:49:47.252+0000] {processor.py:830} INFO - Processing file /home/datatalks_jan/anaconda3/lib/python3.11/site-packages/airflow/example_dags/example_dag_decorator.py for tasks to queue
[2024-04-03T20:49:47.254+0000] {logging_mixin.py:188} INFO - [2024-04-03T20:49:47.253+0000] {dagbag.py:540} INFO - Filling up the DagBag from /home/datatalks_jan/anaconda3/lib/python3.11/site-packages/airflow/example_dags/example_dag_decorator.py
[2024-04-03T20:49:47.365+0000] {processor.py:840} INFO - DAG(s) 'example_dag_decorator' retrieved from /home/datatalks_jan/anaconda3/lib/python3.11/site-packages/airflow/example_dags/example_dag_decorator.py
[2024-04-03T20:49:47.469+0000] {logging_mixin.py:188} INFO - [2024-04-03T20:49:47.469+0000] {dag.py:3047} INFO - Sync 1 DAGs
[2024-04-03T20:49:47.479+0000] {logging_mixin.py:188} INFO - [2024-04-03T20:49:47.479+0000] {dag.py:3834} INFO - Setting next_dagrun for example_dag_decorator to None, run_after=None
[2024-04-03T20:49:47.504+0000] {processor.py:183} INFO - Processing /home/datatalks_jan/anaconda3/lib/python3.11/site-packages/airflow/example_dags/example_dag_decorator.py took 0.258 seconds
[2024-04-03T20:50:48.693+0000] {processor.py:161} INFO - Started process (PID=83930) to work on /home/datatalks_jan/anaconda3/lib/python3.11/site-packages/airflow/example_dags/example_dag_decorator.py
[2024-04-03T20:50:48.696+0000] {processor.py:830} INFO - Processing file /home/datatalks_jan/anaconda3/lib/python3.11/site-packages/airflow/example_dags/example_dag_decorator.py for tasks to queue
[2024-04-03T20:50:48.697+0000] {logging_mixin.py:188} INFO - [2024-04-03T20:50:48.697+0000] {dagbag.py:540} INFO - Filling up the DagBag from /home/datatalks_jan/anaconda3/lib/python3.11/site-packages/airflow/example_dags/example_dag_decorator.py
[2024-04-03T20:50:48.822+0000] {processor.py:840} INFO - DAG(s) 'example_dag_decorator' retrieved from /home/datatalks_jan/anaconda3/lib/python3.11/site-packages/airflow/example_dags/example_dag_decorator.py
[2024-04-03T20:50:48.941+0000] {logging_mixin.py:188} INFO - [2024-04-03T20:50:48.940+0000] {dag.py:3047} INFO - Sync 1 DAGs
[2024-04-03T20:50:48.952+0000] {logging_mixin.py:188} INFO - [2024-04-03T20:50:48.952+0000] {dag.py:3834} INFO - Setting next_dagrun for example_dag_decorator to None, run_after=None
[2024-04-03T20:50:48.984+0000] {processor.py:183} INFO - Processing /home/datatalks_jan/anaconda3/lib/python3.11/site-packages/airflow/example_dags/example_dag_decorator.py took 0.297 seconds
