[2024-04-03T20:46:28.924+0000] {processor.py:161} INFO - Started process (PID=82629) to work on /home/datatalks_jan/anaconda3/lib/python3.11/site-packages/airflow/example_dags/example_time_delta_sensor_async.py
[2024-04-03T20:46:28.926+0000] {processor.py:830} INFO - Processing file /home/datatalks_jan/anaconda3/lib/python3.11/site-packages/airflow/example_dags/example_time_delta_sensor_async.py for tasks to queue
[2024-04-03T20:46:28.927+0000] {logging_mixin.py:188} INFO - [2024-04-03T20:46:28.926+0000] {dagbag.py:540} INFO - Filling up the DagBag from /home/datatalks_jan/anaconda3/lib/python3.11/site-packages/airflow/example_dags/example_time_delta_sensor_async.py
[2024-04-03T20:46:28.938+0000] {processor.py:840} INFO - DAG(s) 'example_time_delta_sensor_async' retrieved from /home/datatalks_jan/anaconda3/lib/python3.11/site-packages/airflow/example_dags/example_time_delta_sensor_async.py
[2024-04-03T20:46:29.061+0000] {logging_mixin.py:188} INFO - [2024-04-03T20:46:29.061+0000] {dag.py:3047} INFO - Sync 1 DAGs
[2024-04-03T20:46:29.073+0000] {logging_mixin.py:188} INFO - [2024-04-03T20:46:29.072+0000] {dag.py:3834} INFO - Setting next_dagrun for example_time_delta_sensor_async to None, run_after=None
[2024-04-03T20:46:29.099+0000] {processor.py:183} INFO - Processing /home/datatalks_jan/anaconda3/lib/python3.11/site-packages/airflow/example_dags/example_time_delta_sensor_async.py took 0.181 seconds
[2024-04-03T20:47:51.031+0000] {processor.py:161} INFO - Started process (PID=83260) to work on /home/datatalks_jan/anaconda3/lib/python3.11/site-packages/airflow/example_dags/example_time_delta_sensor_async.py
[2024-04-03T20:47:51.034+0000] {processor.py:830} INFO - Processing file /home/datatalks_jan/anaconda3/lib/python3.11/site-packages/airflow/example_dags/example_time_delta_sensor_async.py for tasks to queue
[2024-04-03T20:47:51.035+0000] {logging_mixin.py:188} INFO - [2024-04-03T20:47:51.035+0000] {dagbag.py:540} INFO - Filling up the DagBag from /home/datatalks_jan/anaconda3/lib/python3.11/site-packages/airflow/example_dags/example_time_delta_sensor_async.py
[2024-04-03T20:47:51.046+0000] {processor.py:840} INFO - DAG(s) 'example_time_delta_sensor_async' retrieved from /home/datatalks_jan/anaconda3/lib/python3.11/site-packages/airflow/example_dags/example_time_delta_sensor_async.py
[2024-04-03T20:47:51.073+0000] {logging_mixin.py:188} INFO - [2024-04-03T20:47:51.072+0000] {dag.py:3047} INFO - Sync 1 DAGs
[2024-04-03T20:47:51.088+0000] {logging_mixin.py:188} INFO - [2024-04-03T20:47:51.087+0000] {dag.py:3834} INFO - Setting next_dagrun for example_time_delta_sensor_async to None, run_after=None
[2024-04-03T20:47:51.116+0000] {processor.py:183} INFO - Processing /home/datatalks_jan/anaconda3/lib/python3.11/site-packages/airflow/example_dags/example_time_delta_sensor_async.py took 0.091 seconds
[2024-04-03T20:48:53.422+0000] {processor.py:161} INFO - Started process (PID=83544) to work on /home/datatalks_jan/anaconda3/lib/python3.11/site-packages/airflow/example_dags/example_time_delta_sensor_async.py
[2024-04-03T20:48:53.425+0000] {processor.py:830} INFO - Processing file /home/datatalks_jan/anaconda3/lib/python3.11/site-packages/airflow/example_dags/example_time_delta_sensor_async.py for tasks to queue
[2024-04-03T20:48:53.426+0000] {logging_mixin.py:188} INFO - [2024-04-03T20:48:53.425+0000] {dagbag.py:540} INFO - Filling up the DagBag from /home/datatalks_jan/anaconda3/lib/python3.11/site-packages/airflow/example_dags/example_time_delta_sensor_async.py
[2024-04-03T20:48:53.437+0000] {processor.py:840} INFO - DAG(s) 'example_time_delta_sensor_async' retrieved from /home/datatalks_jan/anaconda3/lib/python3.11/site-packages/airflow/example_dags/example_time_delta_sensor_async.py
[2024-04-03T20:48:53.471+0000] {logging_mixin.py:188} INFO - [2024-04-03T20:48:53.470+0000] {dag.py:3047} INFO - Sync 1 DAGs
[2024-04-03T20:48:53.489+0000] {logging_mixin.py:188} INFO - [2024-04-03T20:48:53.489+0000] {dag.py:3834} INFO - Setting next_dagrun for example_time_delta_sensor_async to None, run_after=None
[2024-04-03T20:48:53.792+0000] {processor.py:183} INFO - Processing /home/datatalks_jan/anaconda3/lib/python3.11/site-packages/airflow/example_dags/example_time_delta_sensor_async.py took 0.375 seconds
[2024-04-03T20:50:06.108+0000] {processor.py:161} INFO - Started process (PID=83824) to work on /home/datatalks_jan/anaconda3/lib/python3.11/site-packages/airflow/example_dags/example_time_delta_sensor_async.py
[2024-04-03T20:50:06.110+0000] {processor.py:830} INFO - Processing file /home/datatalks_jan/anaconda3/lib/python3.11/site-packages/airflow/example_dags/example_time_delta_sensor_async.py for tasks to queue
[2024-04-03T20:50:06.112+0000] {logging_mixin.py:188} INFO - [2024-04-03T20:50:06.111+0000] {dagbag.py:540} INFO - Filling up the DagBag from /home/datatalks_jan/anaconda3/lib/python3.11/site-packages/airflow/example_dags/example_time_delta_sensor_async.py
[2024-04-03T20:50:06.122+0000] {processor.py:840} INFO - DAG(s) 'example_time_delta_sensor_async' retrieved from /home/datatalks_jan/anaconda3/lib/python3.11/site-packages/airflow/example_dags/example_time_delta_sensor_async.py
[2024-04-03T20:50:06.149+0000] {logging_mixin.py:188} INFO - [2024-04-03T20:50:06.149+0000] {dag.py:3047} INFO - Sync 1 DAGs
[2024-04-03T20:50:06.165+0000] {logging_mixin.py:188} INFO - [2024-04-03T20:50:06.164+0000] {dag.py:3834} INFO - Setting next_dagrun for example_time_delta_sensor_async to None, run_after=None
[2024-04-03T20:50:06.195+0000] {processor.py:183} INFO - Processing /home/datatalks_jan/anaconda3/lib/python3.11/site-packages/airflow/example_dags/example_time_delta_sensor_async.py took 0.093 seconds
[2024-04-03T20:51:06.819+0000] {processor.py:161} INFO - Started process (PID=84098) to work on /home/datatalks_jan/anaconda3/lib/python3.11/site-packages/airflow/example_dags/example_time_delta_sensor_async.py
[2024-04-03T20:51:06.821+0000] {processor.py:830} INFO - Processing file /home/datatalks_jan/anaconda3/lib/python3.11/site-packages/airflow/example_dags/example_time_delta_sensor_async.py for tasks to queue
[2024-04-03T20:51:06.823+0000] {logging_mixin.py:188} INFO - [2024-04-03T20:51:06.822+0000] {dagbag.py:540} INFO - Filling up the DagBag from /home/datatalks_jan/anaconda3/lib/python3.11/site-packages/airflow/example_dags/example_time_delta_sensor_async.py
[2024-04-03T20:51:06.832+0000] {processor.py:840} INFO - DAG(s) 'example_time_delta_sensor_async' retrieved from /home/datatalks_jan/anaconda3/lib/python3.11/site-packages/airflow/example_dags/example_time_delta_sensor_async.py
[2024-04-03T20:51:06.857+0000] {logging_mixin.py:188} INFO - [2024-04-03T20:51:06.857+0000] {dag.py:3047} INFO - Sync 1 DAGs
[2024-04-03T20:51:06.871+0000] {logging_mixin.py:188} INFO - [2024-04-03T20:51:06.871+0000] {dag.py:3834} INFO - Setting next_dagrun for example_time_delta_sensor_async to None, run_after=None
[2024-04-03T20:51:06.898+0000] {processor.py:183} INFO - Processing /home/datatalks_jan/anaconda3/lib/python3.11/site-packages/airflow/example_dags/example_time_delta_sensor_async.py took 0.084 seconds
