[2024-04-03T20:46:14.915+0000] {processor.py:161} INFO - Started process (PID=82557) to work on /home/datatalks_jan/anaconda3/lib/python3.11/site-packages/airflow/example_dags/example_task_group.py
[2024-04-03T20:46:14.917+0000] {processor.py:830} INFO - Processing file /home/datatalks_jan/anaconda3/lib/python3.11/site-packages/airflow/example_dags/example_task_group.py for tasks to queue
[2024-04-03T20:46:14.918+0000] {logging_mixin.py:188} INFO - [2024-04-03T20:46:14.918+0000] {dagbag.py:540} INFO - Filling up the DagBag from /home/datatalks_jan/anaconda3/lib/python3.11/site-packages/airflow/example_dags/example_task_group.py
[2024-04-03T20:46:14.932+0000] {processor.py:840} INFO - DAG(s) 'example_task_group' retrieved from /home/datatalks_jan/anaconda3/lib/python3.11/site-packages/airflow/example_dags/example_task_group.py
[2024-04-03T20:46:15.049+0000] {logging_mixin.py:188} INFO - [2024-04-03T20:46:15.049+0000] {dag.py:3047} INFO - Sync 1 DAGs
[2024-04-03T20:46:15.071+0000] {logging_mixin.py:188} INFO - [2024-04-03T20:46:15.071+0000] {dag.py:3834} INFO - Setting next_dagrun for example_task_group to 2024-04-02 00:00:00+00:00, run_after=2024-04-03 00:00:00+00:00
[2024-04-03T20:46:15.096+0000] {processor.py:183} INFO - Processing /home/datatalks_jan/anaconda3/lib/python3.11/site-packages/airflow/example_dags/example_task_group.py took 0.186 seconds
[2024-04-03T20:47:29.516+0000] {processor.py:161} INFO - Started process (PID=83090) to work on /home/datatalks_jan/anaconda3/lib/python3.11/site-packages/airflow/example_dags/example_task_group.py
[2024-04-03T20:47:29.518+0000] {processor.py:830} INFO - Processing file /home/datatalks_jan/anaconda3/lib/python3.11/site-packages/airflow/example_dags/example_task_group.py for tasks to queue
[2024-04-03T20:47:29.519+0000] {logging_mixin.py:188} INFO - [2024-04-03T20:47:29.519+0000] {dagbag.py:540} INFO - Filling up the DagBag from /home/datatalks_jan/anaconda3/lib/python3.11/site-packages/airflow/example_dags/example_task_group.py
[2024-04-03T20:47:29.533+0000] {processor.py:840} INFO - DAG(s) 'example_task_group' retrieved from /home/datatalks_jan/anaconda3/lib/python3.11/site-packages/airflow/example_dags/example_task_group.py
[2024-04-03T20:47:29.558+0000] {logging_mixin.py:188} INFO - [2024-04-03T20:47:29.557+0000] {dag.py:3047} INFO - Sync 1 DAGs
[2024-04-03T20:47:29.583+0000] {logging_mixin.py:188} INFO - [2024-04-03T20:47:29.583+0000] {dag.py:3834} INFO - Setting next_dagrun for example_task_group to 2024-04-02 00:00:00+00:00, run_after=2024-04-03 00:00:00+00:00
[2024-04-03T20:47:29.610+0000] {processor.py:183} INFO - Processing /home/datatalks_jan/anaconda3/lib/python3.11/site-packages/airflow/example_dags/example_task_group.py took 0.100 seconds
[2024-04-03T20:48:30.959+0000] {processor.py:161} INFO - Started process (PID=83309) to work on /home/datatalks_jan/anaconda3/lib/python3.11/site-packages/airflow/example_dags/example_task_group.py
[2024-04-03T20:48:30.961+0000] {processor.py:830} INFO - Processing file /home/datatalks_jan/anaconda3/lib/python3.11/site-packages/airflow/example_dags/example_task_group.py for tasks to queue
[2024-04-03T20:48:30.963+0000] {logging_mixin.py:188} INFO - [2024-04-03T20:48:30.962+0000] {dagbag.py:540} INFO - Filling up the DagBag from /home/datatalks_jan/anaconda3/lib/python3.11/site-packages/airflow/example_dags/example_task_group.py
[2024-04-03T20:48:30.977+0000] {processor.py:840} INFO - DAG(s) 'example_task_group' retrieved from /home/datatalks_jan/anaconda3/lib/python3.11/site-packages/airflow/example_dags/example_task_group.py
[2024-04-03T20:48:31.004+0000] {logging_mixin.py:188} INFO - [2024-04-03T20:48:31.004+0000] {dag.py:3047} INFO - Sync 1 DAGs
[2024-04-03T20:48:31.029+0000] {logging_mixin.py:188} INFO - [2024-04-03T20:48:31.029+0000] {dag.py:3834} INFO - Setting next_dagrun for example_task_group to 2024-04-02 00:00:00+00:00, run_after=2024-04-03 00:00:00+00:00
[2024-04-03T20:48:31.058+0000] {processor.py:183} INFO - Processing /home/datatalks_jan/anaconda3/lib/python3.11/site-packages/airflow/example_dags/example_task_group.py took 0.105 seconds
[2024-04-03T20:49:35.072+0000] {processor.py:161} INFO - Started process (PID=83646) to work on /home/datatalks_jan/anaconda3/lib/python3.11/site-packages/airflow/example_dags/example_task_group.py
[2024-04-03T20:49:35.074+0000] {processor.py:830} INFO - Processing file /home/datatalks_jan/anaconda3/lib/python3.11/site-packages/airflow/example_dags/example_task_group.py for tasks to queue
[2024-04-03T20:49:35.076+0000] {logging_mixin.py:188} INFO - [2024-04-03T20:49:35.075+0000] {dagbag.py:540} INFO - Filling up the DagBag from /home/datatalks_jan/anaconda3/lib/python3.11/site-packages/airflow/example_dags/example_task_group.py
[2024-04-03T20:49:35.366+0000] {processor.py:840} INFO - DAG(s) 'example_task_group' retrieved from /home/datatalks_jan/anaconda3/lib/python3.11/site-packages/airflow/example_dags/example_task_group.py
[2024-04-03T20:49:35.385+0000] {logging_mixin.py:188} INFO - [2024-04-03T20:49:35.384+0000] {dag.py:3047} INFO - Sync 1 DAGs
[2024-04-03T20:49:35.405+0000] {logging_mixin.py:188} INFO - [2024-04-03T20:49:35.405+0000] {dag.py:3834} INFO - Setting next_dagrun for example_task_group to 2024-04-02 00:00:00+00:00, run_after=2024-04-03 00:00:00+00:00
[2024-04-03T20:49:35.431+0000] {processor.py:183} INFO - Processing /home/datatalks_jan/anaconda3/lib/python3.11/site-packages/airflow/example_dags/example_task_group.py took 0.365 seconds
[2024-04-03T20:50:37.303+0000] {processor.py:161} INFO - Started process (PID=83856) to work on /home/datatalks_jan/anaconda3/lib/python3.11/site-packages/airflow/example_dags/example_task_group.py
[2024-04-03T20:50:37.306+0000] {processor.py:830} INFO - Processing file /home/datatalks_jan/anaconda3/lib/python3.11/site-packages/airflow/example_dags/example_task_group.py for tasks to queue
[2024-04-03T20:50:37.307+0000] {logging_mixin.py:188} INFO - [2024-04-03T20:50:37.307+0000] {dagbag.py:540} INFO - Filling up the DagBag from /home/datatalks_jan/anaconda3/lib/python3.11/site-packages/airflow/example_dags/example_task_group.py
[2024-04-03T20:50:37.324+0000] {processor.py:840} INFO - DAG(s) 'example_task_group' retrieved from /home/datatalks_jan/anaconda3/lib/python3.11/site-packages/airflow/example_dags/example_task_group.py
[2024-04-03T20:50:37.360+0000] {logging_mixin.py:188} INFO - [2024-04-03T20:50:37.359+0000] {dag.py:3047} INFO - Sync 1 DAGs
[2024-04-03T20:50:37.388+0000] {logging_mixin.py:188} INFO - [2024-04-03T20:50:37.388+0000] {dag.py:3834} INFO - Setting next_dagrun for example_task_group to 2024-04-02 00:00:00+00:00, run_after=2024-04-03 00:00:00+00:00
[2024-04-03T20:50:37.417+0000] {processor.py:183} INFO - Processing /home/datatalks_jan/anaconda3/lib/python3.11/site-packages/airflow/example_dags/example_task_group.py took 0.119 seconds
