[2024-04-03T20:46:20.015+0000] {processor.py:161} INFO - Started process (PID=82591) to work on /home/datatalks_jan/anaconda3/lib/python3.11/site-packages/airflow/example_dags/example_local_kubernetes_executor.py
[2024-04-03T20:46:20.017+0000] {processor.py:830} INFO - Processing file /home/datatalks_jan/anaconda3/lib/python3.11/site-packages/airflow/example_dags/example_local_kubernetes_executor.py for tasks to queue
[2024-04-03T20:46:20.018+0000] {logging_mixin.py:188} INFO - [2024-04-03T20:46:20.018+0000] {dagbag.py:540} INFO - Filling up the DagBag from /home/datatalks_jan/anaconda3/lib/python3.11/site-packages/airflow/example_dags/example_local_kubernetes_executor.py
[2024-04-03T20:46:20.031+0000] {processor.py:840} INFO - DAG(s) 'example_local_kubernetes_executor' retrieved from /home/datatalks_jan/anaconda3/lib/python3.11/site-packages/airflow/example_dags/example_local_kubernetes_executor.py
[2024-04-03T20:46:20.158+0000] {logging_mixin.py:188} INFO - [2024-04-03T20:46:20.158+0000] {dag.py:3047} INFO - Sync 1 DAGs
[2024-04-03T20:46:20.170+0000] {logging_mixin.py:188} INFO - [2024-04-03T20:46:20.170+0000] {dag.py:3834} INFO - Setting next_dagrun for example_local_kubernetes_executor to None, run_after=None
[2024-04-03T20:46:20.195+0000] {processor.py:183} INFO - Processing /home/datatalks_jan/anaconda3/lib/python3.11/site-packages/airflow/example_dags/example_local_kubernetes_executor.py took 0.185 seconds
[2024-04-03T20:47:34.519+0000] {processor.py:161} INFO - Started process (PID=83094) to work on /home/datatalks_jan/anaconda3/lib/python3.11/site-packages/airflow/example_dags/example_local_kubernetes_executor.py
[2024-04-03T20:47:34.521+0000] {processor.py:830} INFO - Processing file /home/datatalks_jan/anaconda3/lib/python3.11/site-packages/airflow/example_dags/example_local_kubernetes_executor.py for tasks to queue
[2024-04-03T20:47:34.523+0000] {logging_mixin.py:188} INFO - [2024-04-03T20:47:34.522+0000] {dagbag.py:540} INFO - Filling up the DagBag from /home/datatalks_jan/anaconda3/lib/python3.11/site-packages/airflow/example_dags/example_local_kubernetes_executor.py
[2024-04-03T20:47:34.538+0000] {processor.py:840} INFO - DAG(s) 'example_local_kubernetes_executor' retrieved from /home/datatalks_jan/anaconda3/lib/python3.11/site-packages/airflow/example_dags/example_local_kubernetes_executor.py
[2024-04-03T20:47:34.583+0000] {logging_mixin.py:188} INFO - [2024-04-03T20:47:34.583+0000] {dag.py:3047} INFO - Sync 1 DAGs
[2024-04-03T20:47:34.599+0000] {logging_mixin.py:188} INFO - [2024-04-03T20:47:34.598+0000] {dag.py:3834} INFO - Setting next_dagrun for example_local_kubernetes_executor to None, run_after=None
[2024-04-03T20:47:34.629+0000] {processor.py:183} INFO - Processing /home/datatalks_jan/anaconda3/lib/python3.11/site-packages/airflow/example_dags/example_local_kubernetes_executor.py took 0.115 seconds
[2024-04-03T20:48:34.874+0000] {processor.py:161} INFO - Started process (PID=83314) to work on /home/datatalks_jan/anaconda3/lib/python3.11/site-packages/airflow/example_dags/example_local_kubernetes_executor.py
[2024-04-03T20:48:34.877+0000] {processor.py:830} INFO - Processing file /home/datatalks_jan/anaconda3/lib/python3.11/site-packages/airflow/example_dags/example_local_kubernetes_executor.py for tasks to queue
[2024-04-03T20:48:34.879+0000] {logging_mixin.py:188} INFO - [2024-04-03T20:48:34.878+0000] {dagbag.py:540} INFO - Filling up the DagBag from /home/datatalks_jan/anaconda3/lib/python3.11/site-packages/airflow/example_dags/example_local_kubernetes_executor.py
[2024-04-03T20:48:34.896+0000] {processor.py:840} INFO - DAG(s) 'example_local_kubernetes_executor' retrieved from /home/datatalks_jan/anaconda3/lib/python3.11/site-packages/airflow/example_dags/example_local_kubernetes_executor.py
[2024-04-03T20:48:34.940+0000] {logging_mixin.py:188} INFO - [2024-04-03T20:48:34.940+0000] {dag.py:3047} INFO - Sync 1 DAGs
[2024-04-03T20:48:34.955+0000] {logging_mixin.py:188} INFO - [2024-04-03T20:48:34.955+0000] {dag.py:3834} INFO - Setting next_dagrun for example_local_kubernetes_executor to None, run_after=None
[2024-04-03T20:48:34.988+0000] {processor.py:183} INFO - Processing /home/datatalks_jan/anaconda3/lib/python3.11/site-packages/airflow/example_dags/example_local_kubernetes_executor.py took 0.119 seconds
[2024-04-03T20:49:39.811+0000] {processor.py:161} INFO - Started process (PID=83650) to work on /home/datatalks_jan/anaconda3/lib/python3.11/site-packages/airflow/example_dags/example_local_kubernetes_executor.py
[2024-04-03T20:49:39.814+0000] {processor.py:830} INFO - Processing file /home/datatalks_jan/anaconda3/lib/python3.11/site-packages/airflow/example_dags/example_local_kubernetes_executor.py for tasks to queue
[2024-04-03T20:49:39.815+0000] {logging_mixin.py:188} INFO - [2024-04-03T20:49:39.814+0000] {dagbag.py:540} INFO - Filling up the DagBag from /home/datatalks_jan/anaconda3/lib/python3.11/site-packages/airflow/example_dags/example_local_kubernetes_executor.py
[2024-04-03T20:49:40.103+0000] {processor.py:840} INFO - DAG(s) 'example_local_kubernetes_executor' retrieved from /home/datatalks_jan/anaconda3/lib/python3.11/site-packages/airflow/example_dags/example_local_kubernetes_executor.py
[2024-04-03T20:49:40.135+0000] {logging_mixin.py:188} INFO - [2024-04-03T20:49:40.134+0000] {dag.py:3047} INFO - Sync 1 DAGs
[2024-04-03T20:49:40.146+0000] {logging_mixin.py:188} INFO - [2024-04-03T20:49:40.146+0000] {dag.py:3834} INFO - Setting next_dagrun for example_local_kubernetes_executor to None, run_after=None
[2024-04-03T20:49:40.172+0000] {processor.py:183} INFO - Processing /home/datatalks_jan/anaconda3/lib/python3.11/site-packages/airflow/example_dags/example_local_kubernetes_executor.py took 0.367 seconds
[2024-04-03T20:50:41.310+0000] {processor.py:161} INFO - Started process (PID=83887) to work on /home/datatalks_jan/anaconda3/lib/python3.11/site-packages/airflow/example_dags/example_local_kubernetes_executor.py
[2024-04-03T20:50:41.313+0000] {processor.py:830} INFO - Processing file /home/datatalks_jan/anaconda3/lib/python3.11/site-packages/airflow/example_dags/example_local_kubernetes_executor.py for tasks to queue
[2024-04-03T20:50:41.314+0000] {logging_mixin.py:188} INFO - [2024-04-03T20:50:41.314+0000] {dagbag.py:540} INFO - Filling up the DagBag from /home/datatalks_jan/anaconda3/lib/python3.11/site-packages/airflow/example_dags/example_local_kubernetes_executor.py
[2024-04-03T20:50:41.330+0000] {processor.py:840} INFO - DAG(s) 'example_local_kubernetes_executor' retrieved from /home/datatalks_jan/anaconda3/lib/python3.11/site-packages/airflow/example_dags/example_local_kubernetes_executor.py
[2024-04-03T20:50:41.379+0000] {logging_mixin.py:188} INFO - [2024-04-03T20:50:41.379+0000] {dag.py:3047} INFO - Sync 1 DAGs
[2024-04-03T20:50:41.394+0000] {logging_mixin.py:188} INFO - [2024-04-03T20:50:41.394+0000] {dag.py:3834} INFO - Setting next_dagrun for example_local_kubernetes_executor to None, run_after=None
[2024-04-03T20:50:41.423+0000] {processor.py:183} INFO - Processing /home/datatalks_jan/anaconda3/lib/python3.11/site-packages/airflow/example_dags/example_local_kubernetes_executor.py took 0.118 seconds
