[2024-04-03T20:46:35.533+0000] {processor.py:161} INFO - Started process (PID=82667) to work on /home/datatalks_jan/anaconda3/lib/python3.11/site-packages/airflow/example_dags/example_python_decorator.py
[2024-04-03T20:46:35.535+0000] {processor.py:830} INFO - Processing file /home/datatalks_jan/anaconda3/lib/python3.11/site-packages/airflow/example_dags/example_python_decorator.py for tasks to queue
[2024-04-03T20:46:35.537+0000] {logging_mixin.py:188} INFO - [2024-04-03T20:46:35.536+0000] {dagbag.py:540} INFO - Filling up the DagBag from /home/datatalks_jan/anaconda3/lib/python3.11/site-packages/airflow/example_dags/example_python_decorator.py
[2024-04-03T20:46:35.563+0000] {logging_mixin.py:188} INFO - [2024-04-03T20:46:35.563+0000] {example_python_decorator.py:79} WARNING - The virtalenv_python example task requires virtualenv, please install it.
[2024-04-03T20:46:35.564+0000] {processor.py:840} INFO - DAG(s) 'example_python_decorator' retrieved from /home/datatalks_jan/anaconda3/lib/python3.11/site-packages/airflow/example_dags/example_python_decorator.py
[2024-04-03T20:46:35.688+0000] {logging_mixin.py:188} INFO - [2024-04-03T20:46:35.688+0000] {dag.py:3047} INFO - Sync 1 DAGs
[2024-04-03T20:46:35.700+0000] {logging_mixin.py:188} INFO - [2024-04-03T20:46:35.700+0000] {dag.py:3834} INFO - Setting next_dagrun for example_python_decorator to None, run_after=None
[2024-04-03T20:46:35.729+0000] {processor.py:183} INFO - Processing /home/datatalks_jan/anaconda3/lib/python3.11/site-packages/airflow/example_dags/example_python_decorator.py took 0.214 seconds
[2024-04-03T20:47:56.844+0000] {processor.py:161} INFO - Started process (PID=83265) to work on /home/datatalks_jan/anaconda3/lib/python3.11/site-packages/airflow/example_dags/example_python_decorator.py
[2024-04-03T20:47:56.846+0000] {processor.py:830} INFO - Processing file /home/datatalks_jan/anaconda3/lib/python3.11/site-packages/airflow/example_dags/example_python_decorator.py for tasks to queue
[2024-04-03T20:47:56.847+0000] {logging_mixin.py:188} INFO - [2024-04-03T20:47:56.847+0000] {dagbag.py:540} INFO - Filling up the DagBag from /home/datatalks_jan/anaconda3/lib/python3.11/site-packages/airflow/example_dags/example_python_decorator.py
[2024-04-03T20:47:56.863+0000] {logging_mixin.py:188} INFO - [2024-04-03T20:47:56.862+0000] {example_python_decorator.py:79} WARNING - The virtalenv_python example task requires virtualenv, please install it.
[2024-04-03T20:47:56.863+0000] {processor.py:840} INFO - DAG(s) 'example_python_decorator' retrieved from /home/datatalks_jan/anaconda3/lib/python3.11/site-packages/airflow/example_dags/example_python_decorator.py
[2024-04-03T20:47:56.887+0000] {logging_mixin.py:188} INFO - [2024-04-03T20:47:56.887+0000] {dag.py:3047} INFO - Sync 1 DAGs
[2024-04-03T20:47:56.901+0000] {logging_mixin.py:188} INFO - [2024-04-03T20:47:56.900+0000] {dag.py:3834} INFO - Setting next_dagrun for example_python_decorator to None, run_after=None
[2024-04-03T20:47:56.926+0000] {processor.py:183} INFO - Processing /home/datatalks_jan/anaconda3/lib/python3.11/site-packages/airflow/example_dags/example_python_decorator.py took 0.087 seconds
[2024-04-03T20:48:59.940+0000] {processor.py:161} INFO - Started process (PID=83549) to work on /home/datatalks_jan/anaconda3/lib/python3.11/site-packages/airflow/example_dags/example_python_decorator.py
[2024-04-03T20:48:59.943+0000] {processor.py:830} INFO - Processing file /home/datatalks_jan/anaconda3/lib/python3.11/site-packages/airflow/example_dags/example_python_decorator.py for tasks to queue
[2024-04-03T20:48:59.945+0000] {logging_mixin.py:188} INFO - [2024-04-03T20:48:59.944+0000] {dagbag.py:540} INFO - Filling up the DagBag from /home/datatalks_jan/anaconda3/lib/python3.11/site-packages/airflow/example_dags/example_python_decorator.py
[2024-04-03T20:48:59.962+0000] {logging_mixin.py:188} INFO - [2024-04-03T20:48:59.961+0000] {example_python_decorator.py:79} WARNING - The virtalenv_python example task requires virtualenv, please install it.
[2024-04-03T20:48:59.963+0000] {processor.py:840} INFO - DAG(s) 'example_python_decorator' retrieved from /home/datatalks_jan/anaconda3/lib/python3.11/site-packages/airflow/example_dags/example_python_decorator.py
[2024-04-03T20:48:59.992+0000] {logging_mixin.py:188} INFO - [2024-04-03T20:48:59.992+0000] {dag.py:3047} INFO - Sync 1 DAGs
[2024-04-03T20:49:00.278+0000] {logging_mixin.py:188} INFO - [2024-04-03T20:49:00.277+0000] {dag.py:3834} INFO - Setting next_dagrun for example_python_decorator to None, run_after=None
[2024-04-03T20:49:00.304+0000] {processor.py:183} INFO - Processing /home/datatalks_jan/anaconda3/lib/python3.11/site-packages/airflow/example_dags/example_python_decorator.py took 0.369 seconds
[2024-04-03T20:50:11.363+0000] {processor.py:161} INFO - Started process (PID=83829) to work on /home/datatalks_jan/anaconda3/lib/python3.11/site-packages/airflow/example_dags/example_python_decorator.py
[2024-04-03T20:50:11.366+0000] {processor.py:830} INFO - Processing file /home/datatalks_jan/anaconda3/lib/python3.11/site-packages/airflow/example_dags/example_python_decorator.py for tasks to queue
[2024-04-03T20:50:11.367+0000] {logging_mixin.py:188} INFO - [2024-04-03T20:50:11.366+0000] {dagbag.py:540} INFO - Filling up the DagBag from /home/datatalks_jan/anaconda3/lib/python3.11/site-packages/airflow/example_dags/example_python_decorator.py
[2024-04-03T20:50:11.383+0000] {logging_mixin.py:188} INFO - [2024-04-03T20:50:11.383+0000] {example_python_decorator.py:79} WARNING - The virtalenv_python example task requires virtualenv, please install it.
[2024-04-03T20:50:11.384+0000] {processor.py:840} INFO - DAG(s) 'example_python_decorator' retrieved from /home/datatalks_jan/anaconda3/lib/python3.11/site-packages/airflow/example_dags/example_python_decorator.py
[2024-04-03T20:50:11.410+0000] {logging_mixin.py:188} INFO - [2024-04-03T20:50:11.410+0000] {dag.py:3047} INFO - Sync 1 DAGs
[2024-04-03T20:50:11.425+0000] {logging_mixin.py:188} INFO - [2024-04-03T20:50:11.424+0000] {dag.py:3834} INFO - Setting next_dagrun for example_python_decorator to None, run_after=None
[2024-04-03T20:50:11.451+0000] {processor.py:183} INFO - Processing /home/datatalks_jan/anaconda3/lib/python3.11/site-packages/airflow/example_dags/example_python_decorator.py took 0.093 seconds
[2024-04-03T20:51:12.088+0000] {processor.py:161} INFO - Started process (PID=84103) to work on /home/datatalks_jan/anaconda3/lib/python3.11/site-packages/airflow/example_dags/example_python_decorator.py
[2024-04-03T20:51:12.091+0000] {processor.py:830} INFO - Processing file /home/datatalks_jan/anaconda3/lib/python3.11/site-packages/airflow/example_dags/example_python_decorator.py for tasks to queue
[2024-04-03T20:51:12.092+0000] {logging_mixin.py:188} INFO - [2024-04-03T20:51:12.091+0000] {dagbag.py:540} INFO - Filling up the DagBag from /home/datatalks_jan/anaconda3/lib/python3.11/site-packages/airflow/example_dags/example_python_decorator.py
[2024-04-03T20:51:12.110+0000] {logging_mixin.py:188} INFO - [2024-04-03T20:51:12.110+0000] {example_python_decorator.py:79} WARNING - The virtalenv_python example task requires virtualenv, please install it.
[2024-04-03T20:51:12.111+0000] {processor.py:840} INFO - DAG(s) 'example_python_decorator' retrieved from /home/datatalks_jan/anaconda3/lib/python3.11/site-packages/airflow/example_dags/example_python_decorator.py
[2024-04-03T20:51:12.137+0000] {logging_mixin.py:188} INFO - [2024-04-03T20:51:12.137+0000] {dag.py:3047} INFO - Sync 1 DAGs
[2024-04-03T20:51:12.152+0000] {logging_mixin.py:188} INFO - [2024-04-03T20:51:12.151+0000] {dag.py:3834} INFO - Setting next_dagrun for example_python_decorator to None, run_after=None
[2024-04-03T20:51:12.182+0000] {processor.py:183} INFO - Processing /home/datatalks_jan/anaconda3/lib/python3.11/site-packages/airflow/example_dags/example_python_decorator.py took 0.100 seconds
