[2024-04-03T20:46:02.018+0000] {processor.py:161} INFO - Started process (PID=82513) to work on /home/datatalks_jan/anaconda3/lib/python3.11/site-packages/airflow/example_dags/example_xcomargs.py
[2024-04-03T20:46:02.019+0000] {processor.py:830} INFO - Processing file /home/datatalks_jan/anaconda3/lib/python3.11/site-packages/airflow/example_dags/example_xcomargs.py for tasks to queue
[2024-04-03T20:46:02.021+0000] {logging_mixin.py:188} INFO - [2024-04-03T20:46:02.020+0000] {dagbag.py:540} INFO - Filling up the DagBag from /home/datatalks_jan/anaconda3/lib/python3.11/site-packages/airflow/example_dags/example_xcomargs.py
[2024-04-03T20:46:02.040+0000] {processor.py:840} INFO - DAG(s) 'example_xcom_args_with_operators', 'example_xcom_args' retrieved from /home/datatalks_jan/anaconda3/lib/python3.11/site-packages/airflow/example_dags/example_xcomargs.py
[2024-04-03T20:46:02.175+0000] {logging_mixin.py:188} INFO - [2024-04-03T20:46:02.175+0000] {dag.py:3047} INFO - Sync 2 DAGs
[2024-04-03T20:46:02.187+0000] {logging_mixin.py:188} INFO - [2024-04-03T20:46:02.186+0000] {dag.py:3834} INFO - Setting next_dagrun for example_xcom_args to None, run_after=None
[2024-04-03T20:46:02.190+0000] {logging_mixin.py:188} INFO - [2024-04-03T20:46:02.190+0000] {dag.py:3834} INFO - Setting next_dagrun for example_xcom_args_with_operators to None, run_after=None
[2024-04-03T20:46:02.217+0000] {processor.py:183} INFO - Processing /home/datatalks_jan/anaconda3/lib/python3.11/site-packages/airflow/example_dags/example_xcomargs.py took 0.204 seconds
[2024-04-03T20:47:17.938+0000] {processor.py:161} INFO - Started process (PID=83076) to work on /home/datatalks_jan/anaconda3/lib/python3.11/site-packages/airflow/example_dags/example_xcomargs.py
[2024-04-03T20:47:17.941+0000] {processor.py:830} INFO - Processing file /home/datatalks_jan/anaconda3/lib/python3.11/site-packages/airflow/example_dags/example_xcomargs.py for tasks to queue
[2024-04-03T20:47:17.942+0000] {logging_mixin.py:188} INFO - [2024-04-03T20:47:17.941+0000] {dagbag.py:540} INFO - Filling up the DagBag from /home/datatalks_jan/anaconda3/lib/python3.11/site-packages/airflow/example_dags/example_xcomargs.py
[2024-04-03T20:47:17.957+0000] {processor.py:840} INFO - DAG(s) 'example_xcom_args_with_operators', 'example_xcom_args' retrieved from /home/datatalks_jan/anaconda3/lib/python3.11/site-packages/airflow/example_dags/example_xcomargs.py
[2024-04-03T20:47:17.982+0000] {logging_mixin.py:188} INFO - [2024-04-03T20:47:17.982+0000] {dag.py:3047} INFO - Sync 2 DAGs
[2024-04-03T20:47:17.997+0000] {logging_mixin.py:188} INFO - [2024-04-03T20:47:17.997+0000] {dag.py:3834} INFO - Setting next_dagrun for example_xcom_args to None, run_after=None
[2024-04-03T20:47:18.000+0000] {logging_mixin.py:188} INFO - [2024-04-03T20:47:18.000+0000] {dag.py:3834} INFO - Setting next_dagrun for example_xcom_args_with_operators to None, run_after=None
[2024-04-03T20:47:18.023+0000] {processor.py:183} INFO - Processing /home/datatalks_jan/anaconda3/lib/python3.11/site-packages/airflow/example_dags/example_xcomargs.py took 0.090 seconds
[2024-04-03T20:48:18.075+0000] {processor.py:161} INFO - Started process (PID=83292) to work on /home/datatalks_jan/anaconda3/lib/python3.11/site-packages/airflow/example_dags/example_xcomargs.py
[2024-04-03T20:48:18.078+0000] {processor.py:830} INFO - Processing file /home/datatalks_jan/anaconda3/lib/python3.11/site-packages/airflow/example_dags/example_xcomargs.py for tasks to queue
[2024-04-03T20:48:18.079+0000] {logging_mixin.py:188} INFO - [2024-04-03T20:48:18.079+0000] {dagbag.py:540} INFO - Filling up the DagBag from /home/datatalks_jan/anaconda3/lib/python3.11/site-packages/airflow/example_dags/example_xcomargs.py
[2024-04-03T20:48:18.096+0000] {processor.py:840} INFO - DAG(s) 'example_xcom_args', 'example_xcom_args_with_operators' retrieved from /home/datatalks_jan/anaconda3/lib/python3.11/site-packages/airflow/example_dags/example_xcomargs.py
[2024-04-03T20:48:18.125+0000] {logging_mixin.py:188} INFO - [2024-04-03T20:48:18.124+0000] {dag.py:3047} INFO - Sync 2 DAGs
[2024-04-03T20:48:18.140+0000] {logging_mixin.py:188} INFO - [2024-04-03T20:48:18.139+0000] {dag.py:3834} INFO - Setting next_dagrun for example_xcom_args to None, run_after=None
[2024-04-03T20:48:18.144+0000] {logging_mixin.py:188} INFO - [2024-04-03T20:48:18.143+0000] {dag.py:3834} INFO - Setting next_dagrun for example_xcom_args_with_operators to None, run_after=None
[2024-04-03T20:48:18.170+0000] {processor.py:183} INFO - Processing /home/datatalks_jan/anaconda3/lib/python3.11/site-packages/airflow/example_dags/example_xcomargs.py took 0.100 seconds
[2024-04-03T20:49:20.434+0000] {processor.py:161} INFO - Started process (PID=83632) to work on /home/datatalks_jan/anaconda3/lib/python3.11/site-packages/airflow/example_dags/example_xcomargs.py
[2024-04-03T20:49:20.437+0000] {processor.py:830} INFO - Processing file /home/datatalks_jan/anaconda3/lib/python3.11/site-packages/airflow/example_dags/example_xcomargs.py for tasks to queue
[2024-04-03T20:49:20.439+0000] {logging_mixin.py:188} INFO - [2024-04-03T20:49:20.438+0000] {dagbag.py:540} INFO - Filling up the DagBag from /home/datatalks_jan/anaconda3/lib/python3.11/site-packages/airflow/example_dags/example_xcomargs.py
[2024-04-03T20:49:20.458+0000] {processor.py:840} INFO - DAG(s) 'example_xcom_args_with_operators', 'example_xcom_args' retrieved from /home/datatalks_jan/anaconda3/lib/python3.11/site-packages/airflow/example_dags/example_xcomargs.py
[2024-04-03T20:49:20.764+0000] {logging_mixin.py:188} INFO - [2024-04-03T20:49:20.764+0000] {dag.py:3047} INFO - Sync 2 DAGs
[2024-04-03T20:49:20.776+0000] {logging_mixin.py:188} INFO - [2024-04-03T20:49:20.776+0000] {dag.py:3834} INFO - Setting next_dagrun for example_xcom_args to None, run_after=None
[2024-04-03T20:49:20.780+0000] {logging_mixin.py:188} INFO - [2024-04-03T20:49:20.779+0000] {dag.py:3834} INFO - Setting next_dagrun for example_xcom_args_with_operators to None, run_after=None
[2024-04-03T20:49:20.803+0000] {processor.py:183} INFO - Processing /home/datatalks_jan/anaconda3/lib/python3.11/site-packages/airflow/example_dags/example_xcomargs.py took 0.374 seconds
[2024-04-03T20:50:25.638+0000] {processor.py:161} INFO - Started process (PID=83842) to work on /home/datatalks_jan/anaconda3/lib/python3.11/site-packages/airflow/example_dags/example_xcomargs.py
[2024-04-03T20:50:25.641+0000] {processor.py:830} INFO - Processing file /home/datatalks_jan/anaconda3/lib/python3.11/site-packages/airflow/example_dags/example_xcomargs.py for tasks to queue
[2024-04-03T20:50:25.642+0000] {logging_mixin.py:188} INFO - [2024-04-03T20:50:25.642+0000] {dagbag.py:540} INFO - Filling up the DagBag from /home/datatalks_jan/anaconda3/lib/python3.11/site-packages/airflow/example_dags/example_xcomargs.py
[2024-04-03T20:50:25.660+0000] {processor.py:840} INFO - DAG(s) 'example_xcom_args', 'example_xcom_args_with_operators' retrieved from /home/datatalks_jan/anaconda3/lib/python3.11/site-packages/airflow/example_dags/example_xcomargs.py
[2024-04-03T20:50:25.691+0000] {logging_mixin.py:188} INFO - [2024-04-03T20:50:25.690+0000] {dag.py:3047} INFO - Sync 2 DAGs
[2024-04-03T20:50:25.706+0000] {logging_mixin.py:188} INFO - [2024-04-03T20:50:25.706+0000] {dag.py:3834} INFO - Setting next_dagrun for example_xcom_args to None, run_after=None
[2024-04-03T20:50:25.711+0000] {logging_mixin.py:188} INFO - [2024-04-03T20:50:25.710+0000] {dag.py:3834} INFO - Setting next_dagrun for example_xcom_args_with_operators to None, run_after=None
[2024-04-03T20:50:25.737+0000] {processor.py:183} INFO - Processing /home/datatalks_jan/anaconda3/lib/python3.11/site-packages/airflow/example_dags/example_xcomargs.py took 0.104 seconds
