[2024-04-03T20:46:09.692+0000] {processor.py:161} INFO - Started process (PID=82523) to work on /home/datatalks_jan/anaconda3/lib/python3.11/site-packages/airflow/example_dags/example_trigger_controller_dag.py
[2024-04-03T20:46:09.693+0000] {processor.py:830} INFO - Processing file /home/datatalks_jan/anaconda3/lib/python3.11/site-packages/airflow/example_dags/example_trigger_controller_dag.py for tasks to queue
[2024-04-03T20:46:09.695+0000] {logging_mixin.py:188} INFO - [2024-04-03T20:46:09.694+0000] {dagbag.py:540} INFO - Filling up the DagBag from /home/datatalks_jan/anaconda3/lib/python3.11/site-packages/airflow/example_dags/example_trigger_controller_dag.py
[2024-04-03T20:46:09.704+0000] {processor.py:840} INFO - DAG(s) 'example_trigger_controller_dag' retrieved from /home/datatalks_jan/anaconda3/lib/python3.11/site-packages/airflow/example_dags/example_trigger_controller_dag.py
[2024-04-03T20:46:09.814+0000] {logging_mixin.py:188} INFO - [2024-04-03T20:46:09.814+0000] {dag.py:3047} INFO - Sync 1 DAGs
[2024-04-03T20:46:09.835+0000] {logging_mixin.py:188} INFO - [2024-04-03T20:46:09.834+0000] {dag.py:3834} INFO - Setting next_dagrun for example_trigger_controller_dag to 2021-01-01 00:00:00+00:00, run_after=2021-01-01 00:00:00+00:00
[2024-04-03T20:46:09.861+0000] {processor.py:183} INFO - Processing /home/datatalks_jan/anaconda3/lib/python3.11/site-packages/airflow/example_dags/example_trigger_controller_dag.py took 0.175 seconds
[2024-04-03T20:47:24.636+0000] {processor.py:161} INFO - Started process (PID=83086) to work on /home/datatalks_jan/anaconda3/lib/python3.11/site-packages/airflow/example_dags/example_trigger_controller_dag.py
[2024-04-03T20:47:24.639+0000] {processor.py:830} INFO - Processing file /home/datatalks_jan/anaconda3/lib/python3.11/site-packages/airflow/example_dags/example_trigger_controller_dag.py for tasks to queue
[2024-04-03T20:47:24.640+0000] {logging_mixin.py:188} INFO - [2024-04-03T20:47:24.640+0000] {dagbag.py:540} INFO - Filling up the DagBag from /home/datatalks_jan/anaconda3/lib/python3.11/site-packages/airflow/example_dags/example_trigger_controller_dag.py
[2024-04-03T20:47:24.649+0000] {processor.py:840} INFO - DAG(s) 'example_trigger_controller_dag' retrieved from /home/datatalks_jan/anaconda3/lib/python3.11/site-packages/airflow/example_dags/example_trigger_controller_dag.py
[2024-04-03T20:47:24.678+0000] {logging_mixin.py:188} INFO - [2024-04-03T20:47:24.678+0000] {dag.py:3047} INFO - Sync 1 DAGs
[2024-04-03T20:47:24.705+0000] {logging_mixin.py:188} INFO - [2024-04-03T20:47:24.704+0000] {dag.py:3834} INFO - Setting next_dagrun for example_trigger_controller_dag to 2021-01-01 00:00:00+00:00, run_after=2021-01-01 00:00:00+00:00
[2024-04-03T20:47:24.735+0000] {processor.py:183} INFO - Processing /home/datatalks_jan/anaconda3/lib/python3.11/site-packages/airflow/example_dags/example_trigger_controller_dag.py took 0.104 seconds
[2024-04-03T20:48:26.651+0000] {processor.py:161} INFO - Started process (PID=83302) to work on /home/datatalks_jan/anaconda3/lib/python3.11/site-packages/airflow/example_dags/example_trigger_controller_dag.py
[2024-04-03T20:48:26.654+0000] {processor.py:830} INFO - Processing file /home/datatalks_jan/anaconda3/lib/python3.11/site-packages/airflow/example_dags/example_trigger_controller_dag.py for tasks to queue
[2024-04-03T20:48:26.656+0000] {logging_mixin.py:188} INFO - [2024-04-03T20:48:26.655+0000] {dagbag.py:540} INFO - Filling up the DagBag from /home/datatalks_jan/anaconda3/lib/python3.11/site-packages/airflow/example_dags/example_trigger_controller_dag.py
[2024-04-03T20:48:26.664+0000] {processor.py:840} INFO - DAG(s) 'example_trigger_controller_dag' retrieved from /home/datatalks_jan/anaconda3/lib/python3.11/site-packages/airflow/example_dags/example_trigger_controller_dag.py
[2024-04-03T20:48:26.693+0000] {logging_mixin.py:188} INFO - [2024-04-03T20:48:26.692+0000] {dag.py:3047} INFO - Sync 1 DAGs
[2024-04-03T20:48:26.719+0000] {logging_mixin.py:188} INFO - [2024-04-03T20:48:26.719+0000] {dag.py:3834} INFO - Setting next_dagrun for example_trigger_controller_dag to 2021-01-01 00:00:00+00:00, run_after=2021-01-01 00:00:00+00:00
[2024-04-03T20:48:26.749+0000] {processor.py:183} INFO - Processing /home/datatalks_jan/anaconda3/lib/python3.11/site-packages/airflow/example_dags/example_trigger_controller_dag.py took 0.103 seconds
[2024-04-03T20:49:29.358+0000] {processor.py:161} INFO - Started process (PID=83642) to work on /home/datatalks_jan/anaconda3/lib/python3.11/site-packages/airflow/example_dags/example_trigger_controller_dag.py
[2024-04-03T20:49:29.361+0000] {processor.py:830} INFO - Processing file /home/datatalks_jan/anaconda3/lib/python3.11/site-packages/airflow/example_dags/example_trigger_controller_dag.py for tasks to queue
[2024-04-03T20:49:29.362+0000] {logging_mixin.py:188} INFO - [2024-04-03T20:49:29.362+0000] {dagbag.py:540} INFO - Filling up the DagBag from /home/datatalks_jan/anaconda3/lib/python3.11/site-packages/airflow/example_dags/example_trigger_controller_dag.py
[2024-04-03T20:49:29.370+0000] {processor.py:840} INFO - DAG(s) 'example_trigger_controller_dag' retrieved from /home/datatalks_jan/anaconda3/lib/python3.11/site-packages/airflow/example_dags/example_trigger_controller_dag.py
[2024-04-03T20:49:29.665+0000] {logging_mixin.py:188} INFO - [2024-04-03T20:49:29.665+0000] {dag.py:3047} INFO - Sync 1 DAGs
[2024-04-03T20:49:29.686+0000] {logging_mixin.py:188} INFO - [2024-04-03T20:49:29.685+0000] {dag.py:3834} INFO - Setting next_dagrun for example_trigger_controller_dag to 2021-01-01 00:00:00+00:00, run_after=2021-01-01 00:00:00+00:00
[2024-04-03T20:49:29.716+0000] {processor.py:183} INFO - Processing /home/datatalks_jan/anaconda3/lib/python3.11/site-packages/airflow/example_dags/example_trigger_controller_dag.py took 0.363 seconds
[2024-04-03T20:50:33.078+0000] {processor.py:161} INFO - Started process (PID=83852) to work on /home/datatalks_jan/anaconda3/lib/python3.11/site-packages/airflow/example_dags/example_trigger_controller_dag.py
[2024-04-03T20:50:33.080+0000] {processor.py:830} INFO - Processing file /home/datatalks_jan/anaconda3/lib/python3.11/site-packages/airflow/example_dags/example_trigger_controller_dag.py for tasks to queue
[2024-04-03T20:50:33.081+0000] {logging_mixin.py:188} INFO - [2024-04-03T20:50:33.080+0000] {dagbag.py:540} INFO - Filling up the DagBag from /home/datatalks_jan/anaconda3/lib/python3.11/site-packages/airflow/example_dags/example_trigger_controller_dag.py
[2024-04-03T20:50:33.089+0000] {processor.py:840} INFO - DAG(s) 'example_trigger_controller_dag' retrieved from /home/datatalks_jan/anaconda3/lib/python3.11/site-packages/airflow/example_dags/example_trigger_controller_dag.py
[2024-04-03T20:50:33.115+0000] {logging_mixin.py:188} INFO - [2024-04-03T20:50:33.114+0000] {dag.py:3047} INFO - Sync 1 DAGs
[2024-04-03T20:50:33.137+0000] {logging_mixin.py:188} INFO - [2024-04-03T20:50:33.137+0000] {dag.py:3834} INFO - Setting next_dagrun for example_trigger_controller_dag to 2021-01-01 00:00:00+00:00, run_after=2021-01-01 00:00:00+00:00
[2024-04-03T20:50:33.164+0000] {processor.py:183} INFO - Processing /home/datatalks_jan/anaconda3/lib/python3.11/site-packages/airflow/example_dags/example_trigger_controller_dag.py took 0.092 seconds
