[2024-04-03T20:46:36.876+0000] {processor.py:161} INFO - Started process (PID=82683) to work on /home/datatalks_jan/anaconda3/lib/python3.11/site-packages/airflow/example_dags/example_task_group_decorator.py
[2024-04-03T20:46:36.878+0000] {processor.py:830} INFO - Processing file /home/datatalks_jan/anaconda3/lib/python3.11/site-packages/airflow/example_dags/example_task_group_decorator.py for tasks to queue
[2024-04-03T20:46:36.880+0000] {logging_mixin.py:188} INFO - [2024-04-03T20:46:36.879+0000] {dagbag.py:540} INFO - Filling up the DagBag from /home/datatalks_jan/anaconda3/lib/python3.11/site-packages/airflow/example_dags/example_task_group_decorator.py
[2024-04-03T20:46:36.905+0000] {processor.py:840} INFO - DAG(s) 'example_task_group_decorator' retrieved from /home/datatalks_jan/anaconda3/lib/python3.11/site-packages/airflow/example_dags/example_task_group_decorator.py
[2024-04-03T20:46:37.030+0000] {logging_mixin.py:188} INFO - [2024-04-03T20:46:37.030+0000] {dag.py:3047} INFO - Sync 1 DAGs
[2024-04-03T20:46:37.059+0000] {logging_mixin.py:188} INFO - [2024-04-03T20:46:37.058+0000] {dag.py:3834} INFO - Setting next_dagrun for example_task_group_decorator to 2024-04-02 00:00:00+00:00, run_after=2024-04-03 00:00:00+00:00
[2024-04-03T20:46:37.180+0000] {processor.py:183} INFO - Processing /home/datatalks_jan/anaconda3/lib/python3.11/site-packages/airflow/example_dags/example_task_group_decorator.py took 0.309 seconds
[2024-04-03T20:47:57.103+0000] {processor.py:161} INFO - Started process (PID=83266) to work on /home/datatalks_jan/anaconda3/lib/python3.11/site-packages/airflow/example_dags/example_task_group_decorator.py
[2024-04-03T20:47:57.105+0000] {processor.py:830} INFO - Processing file /home/datatalks_jan/anaconda3/lib/python3.11/site-packages/airflow/example_dags/example_task_group_decorator.py for tasks to queue
[2024-04-03T20:47:57.107+0000] {logging_mixin.py:188} INFO - [2024-04-03T20:47:57.106+0000] {dagbag.py:540} INFO - Filling up the DagBag from /home/datatalks_jan/anaconda3/lib/python3.11/site-packages/airflow/example_dags/example_task_group_decorator.py
[2024-04-03T20:47:57.130+0000] {processor.py:840} INFO - DAG(s) 'example_task_group_decorator' retrieved from /home/datatalks_jan/anaconda3/lib/python3.11/site-packages/airflow/example_dags/example_task_group_decorator.py
[2024-04-03T20:47:57.159+0000] {logging_mixin.py:188} INFO - [2024-04-03T20:47:57.159+0000] {dag.py:3047} INFO - Sync 1 DAGs
[2024-04-03T20:47:57.187+0000] {logging_mixin.py:188} INFO - [2024-04-03T20:47:57.187+0000] {dag.py:3834} INFO - Setting next_dagrun for example_task_group_decorator to 2024-04-02 00:00:00+00:00, run_after=2024-04-03 00:00:00+00:00
[2024-04-03T20:47:57.218+0000] {processor.py:183} INFO - Processing /home/datatalks_jan/anaconda3/lib/python3.11/site-packages/airflow/example_dags/example_task_group_decorator.py took 0.121 seconds
[2024-04-03T20:49:01.388+0000] {processor.py:161} INFO - Started process (PID=83550) to work on /home/datatalks_jan/anaconda3/lib/python3.11/site-packages/airflow/example_dags/example_task_group_decorator.py
[2024-04-03T20:49:01.391+0000] {processor.py:830} INFO - Processing file /home/datatalks_jan/anaconda3/lib/python3.11/site-packages/airflow/example_dags/example_task_group_decorator.py for tasks to queue
[2024-04-03T20:49:01.392+0000] {logging_mixin.py:188} INFO - [2024-04-03T20:49:01.392+0000] {dagbag.py:540} INFO - Filling up the DagBag from /home/datatalks_jan/anaconda3/lib/python3.11/site-packages/airflow/example_dags/example_task_group_decorator.py
[2024-04-03T20:49:01.415+0000] {processor.py:840} INFO - DAG(s) 'example_task_group_decorator' retrieved from /home/datatalks_jan/anaconda3/lib/python3.11/site-packages/airflow/example_dags/example_task_group_decorator.py
[2024-04-03T20:49:01.451+0000] {logging_mixin.py:188} INFO - [2024-04-03T20:49:01.450+0000] {dag.py:3047} INFO - Sync 1 DAGs
[2024-04-03T20:49:01.741+0000] {logging_mixin.py:188} INFO - [2024-04-03T20:49:01.741+0000] {dag.py:3834} INFO - Setting next_dagrun for example_task_group_decorator to 2024-04-02 00:00:00+00:00, run_after=2024-04-03 00:00:00+00:00
[2024-04-03T20:49:01.766+0000] {processor.py:183} INFO - Processing /home/datatalks_jan/anaconda3/lib/python3.11/site-packages/airflow/example_dags/example_task_group_decorator.py took 0.383 seconds
[2024-04-03T20:50:12.519+0000] {processor.py:161} INFO - Started process (PID=83830) to work on /home/datatalks_jan/anaconda3/lib/python3.11/site-packages/airflow/example_dags/example_task_group_decorator.py
[2024-04-03T20:50:12.522+0000] {processor.py:830} INFO - Processing file /home/datatalks_jan/anaconda3/lib/python3.11/site-packages/airflow/example_dags/example_task_group_decorator.py for tasks to queue
[2024-04-03T20:50:12.523+0000] {logging_mixin.py:188} INFO - [2024-04-03T20:50:12.523+0000] {dagbag.py:540} INFO - Filling up the DagBag from /home/datatalks_jan/anaconda3/lib/python3.11/site-packages/airflow/example_dags/example_task_group_decorator.py
[2024-04-03T20:50:12.548+0000] {processor.py:840} INFO - DAG(s) 'example_task_group_decorator' retrieved from /home/datatalks_jan/anaconda3/lib/python3.11/site-packages/airflow/example_dags/example_task_group_decorator.py
[2024-04-03T20:50:12.577+0000] {logging_mixin.py:188} INFO - [2024-04-03T20:50:12.577+0000] {dag.py:3047} INFO - Sync 1 DAGs
[2024-04-03T20:50:12.605+0000] {logging_mixin.py:188} INFO - [2024-04-03T20:50:12.605+0000] {dag.py:3834} INFO - Setting next_dagrun for example_task_group_decorator to 2024-04-02 00:00:00+00:00, run_after=2024-04-03 00:00:00+00:00
[2024-04-03T20:50:12.635+0000] {processor.py:183} INFO - Processing /home/datatalks_jan/anaconda3/lib/python3.11/site-packages/airflow/example_dags/example_task_group_decorator.py took 0.123 seconds
[2024-04-03T20:51:13.337+0000] {processor.py:161} INFO - Started process (PID=84104) to work on /home/datatalks_jan/anaconda3/lib/python3.11/site-packages/airflow/example_dags/example_task_group_decorator.py
[2024-04-03T20:51:13.340+0000] {processor.py:830} INFO - Processing file /home/datatalks_jan/anaconda3/lib/python3.11/site-packages/airflow/example_dags/example_task_group_decorator.py for tasks to queue
[2024-04-03T20:51:13.341+0000] {logging_mixin.py:188} INFO - [2024-04-03T20:51:13.340+0000] {dagbag.py:540} INFO - Filling up the DagBag from /home/datatalks_jan/anaconda3/lib/python3.11/site-packages/airflow/example_dags/example_task_group_decorator.py
[2024-04-03T20:51:13.365+0000] {processor.py:840} INFO - DAG(s) 'example_task_group_decorator' retrieved from /home/datatalks_jan/anaconda3/lib/python3.11/site-packages/airflow/example_dags/example_task_group_decorator.py
[2024-04-03T20:51:13.393+0000] {logging_mixin.py:188} INFO - [2024-04-03T20:51:13.393+0000] {dag.py:3047} INFO - Sync 1 DAGs
[2024-04-03T20:51:13.422+0000] {logging_mixin.py:188} INFO - [2024-04-03T20:51:13.422+0000] {dag.py:3834} INFO - Setting next_dagrun for example_task_group_decorator to 2024-04-02 00:00:00+00:00, run_after=2024-04-03 00:00:00+00:00
[2024-04-03T20:51:13.452+0000] {processor.py:183} INFO - Processing /home/datatalks_jan/anaconda3/lib/python3.11/site-packages/airflow/example_dags/example_task_group_decorator.py took 0.120 seconds
