[2024-04-03T20:46:39.443+0000] {processor.py:161} INFO - Started process (PID=82701) to work on /home/datatalks_jan/anaconda3/lib/python3.11/site-packages/airflow/example_dags/example_branch_operator.py
[2024-04-03T20:46:39.445+0000] {processor.py:830} INFO - Processing file /home/datatalks_jan/anaconda3/lib/python3.11/site-packages/airflow/example_dags/example_branch_operator.py for tasks to queue
[2024-04-03T20:46:39.447+0000] {logging_mixin.py:188} INFO - [2024-04-03T20:46:39.446+0000] {dagbag.py:540} INFO - Filling up the DagBag from /home/datatalks_jan/anaconda3/lib/python3.11/site-packages/airflow/example_dags/example_branch_operator.py
[2024-04-03T20:46:39.452+0000] {processor.py:842} WARNING - No viable dags retrieved from /home/datatalks_jan/anaconda3/lib/python3.11/site-packages/airflow/example_dags/example_branch_operator.py
[2024-04-03T20:46:39.472+0000] {processor.py:183} INFO - Processing /home/datatalks_jan/anaconda3/lib/python3.11/site-packages/airflow/example_dags/example_branch_operator.py took 0.034 seconds
[2024-04-03T20:48:00.764+0000] {processor.py:161} INFO - Started process (PID=83269) to work on /home/datatalks_jan/anaconda3/lib/python3.11/site-packages/airflow/example_dags/example_branch_operator.py
[2024-04-03T20:48:00.767+0000] {processor.py:830} INFO - Processing file /home/datatalks_jan/anaconda3/lib/python3.11/site-packages/airflow/example_dags/example_branch_operator.py for tasks to queue
[2024-04-03T20:48:00.768+0000] {logging_mixin.py:188} INFO - [2024-04-03T20:48:00.768+0000] {dagbag.py:540} INFO - Filling up the DagBag from /home/datatalks_jan/anaconda3/lib/python3.11/site-packages/airflow/example_dags/example_branch_operator.py
[2024-04-03T20:48:00.774+0000] {processor.py:842} WARNING - No viable dags retrieved from /home/datatalks_jan/anaconda3/lib/python3.11/site-packages/airflow/example_dags/example_branch_operator.py
[2024-04-03T20:48:00.794+0000] {processor.py:183} INFO - Processing /home/datatalks_jan/anaconda3/lib/python3.11/site-packages/airflow/example_dags/example_branch_operator.py took 0.036 seconds
[2024-04-03T20:49:05.399+0000] {processor.py:161} INFO - Started process (PID=83553) to work on /home/datatalks_jan/anaconda3/lib/python3.11/site-packages/airflow/example_dags/example_branch_operator.py
[2024-04-03T20:49:05.402+0000] {processor.py:830} INFO - Processing file /home/datatalks_jan/anaconda3/lib/python3.11/site-packages/airflow/example_dags/example_branch_operator.py for tasks to queue
[2024-04-03T20:49:05.403+0000] {logging_mixin.py:188} INFO - [2024-04-03T20:49:05.402+0000] {dagbag.py:540} INFO - Filling up the DagBag from /home/datatalks_jan/anaconda3/lib/python3.11/site-packages/airflow/example_dags/example_branch_operator.py
[2024-04-03T20:49:05.408+0000] {processor.py:842} WARNING - No viable dags retrieved from /home/datatalks_jan/anaconda3/lib/python3.11/site-packages/airflow/example_dags/example_branch_operator.py
[2024-04-03T20:49:05.426+0000] {processor.py:183} INFO - Processing /home/datatalks_jan/anaconda3/lib/python3.11/site-packages/airflow/example_dags/example_branch_operator.py took 0.032 seconds
[2024-04-03T20:50:15.368+0000] {processor.py:161} INFO - Started process (PID=83833) to work on /home/datatalks_jan/anaconda3/lib/python3.11/site-packages/airflow/example_dags/example_branch_operator.py
[2024-04-03T20:50:15.370+0000] {processor.py:830} INFO - Processing file /home/datatalks_jan/anaconda3/lib/python3.11/site-packages/airflow/example_dags/example_branch_operator.py for tasks to queue
[2024-04-03T20:50:15.371+0000] {logging_mixin.py:188} INFO - [2024-04-03T20:50:15.370+0000] {dagbag.py:540} INFO - Filling up the DagBag from /home/datatalks_jan/anaconda3/lib/python3.11/site-packages/airflow/example_dags/example_branch_operator.py
[2024-04-03T20:50:15.376+0000] {processor.py:842} WARNING - No viable dags retrieved from /home/datatalks_jan/anaconda3/lib/python3.11/site-packages/airflow/example_dags/example_branch_operator.py
[2024-04-03T20:50:15.393+0000] {processor.py:183} INFO - Processing /home/datatalks_jan/anaconda3/lib/python3.11/site-packages/airflow/example_dags/example_branch_operator.py took 0.030 seconds
[2024-04-03T20:51:16.075+0000] {processor.py:161} INFO - Started process (PID=84107) to work on /home/datatalks_jan/anaconda3/lib/python3.11/site-packages/airflow/example_dags/example_branch_operator.py
[2024-04-03T20:51:16.077+0000] {processor.py:830} INFO - Processing file /home/datatalks_jan/anaconda3/lib/python3.11/site-packages/airflow/example_dags/example_branch_operator.py for tasks to queue
[2024-04-03T20:51:16.078+0000] {logging_mixin.py:188} INFO - [2024-04-03T20:51:16.078+0000] {dagbag.py:540} INFO - Filling up the DagBag from /home/datatalks_jan/anaconda3/lib/python3.11/site-packages/airflow/example_dags/example_branch_operator.py
[2024-04-03T20:51:16.083+0000] {processor.py:842} WARNING - No viable dags retrieved from /home/datatalks_jan/anaconda3/lib/python3.11/site-packages/airflow/example_dags/example_branch_operator.py
[2024-04-03T20:51:16.101+0000] {processor.py:183} INFO - Processing /home/datatalks_jan/anaconda3/lib/python3.11/site-packages/airflow/example_dags/example_branch_operator.py took 0.032 seconds
