[2024-04-03T20:46:42.924+0000] {processor.py:161} INFO - Started process (PID=82734) to work on /home/datatalks_jan/anaconda3/lib/python3.11/site-packages/airflow/example_dags/example_external_task_marker_dag.py
[2024-04-03T20:46:42.926+0000] {processor.py:830} INFO - Processing file /home/datatalks_jan/anaconda3/lib/python3.11/site-packages/airflow/example_dags/example_external_task_marker_dag.py for tasks to queue
[2024-04-03T20:46:42.928+0000] {logging_mixin.py:188} INFO - [2024-04-03T20:46:42.927+0000] {dagbag.py:540} INFO - Filling up the DagBag from /home/datatalks_jan/anaconda3/lib/python3.11/site-packages/airflow/example_dags/example_external_task_marker_dag.py
[2024-04-03T20:46:42.941+0000] {processor.py:840} INFO - DAG(s) 'example_external_task_marker_child', 'example_external_task_marker_parent' retrieved from /home/datatalks_jan/anaconda3/lib/python3.11/site-packages/airflow/example_dags/example_external_task_marker_dag.py
[2024-04-03T20:46:43.066+0000] {logging_mixin.py:188} INFO - [2024-04-03T20:46:43.066+0000] {dag.py:3047} INFO - Sync 2 DAGs
[2024-04-03T20:46:43.078+0000] {logging_mixin.py:188} INFO - [2024-04-03T20:46:43.078+0000] {dag.py:3834} INFO - Setting next_dagrun for example_external_task_marker_child to None, run_after=None
[2024-04-03T20:46:43.081+0000] {logging_mixin.py:188} INFO - [2024-04-03T20:46:43.081+0000] {dag.py:3834} INFO - Setting next_dagrun for example_external_task_marker_parent to None, run_after=None
[2024-04-03T20:46:43.106+0000] {processor.py:183} INFO - Processing /home/datatalks_jan/anaconda3/lib/python3.11/site-packages/airflow/example_dags/example_external_task_marker_dag.py took 0.188 seconds
[2024-04-03T20:48:03.622+0000] {processor.py:161} INFO - Started process (PID=83272) to work on /home/datatalks_jan/anaconda3/lib/python3.11/site-packages/airflow/example_dags/example_external_task_marker_dag.py
[2024-04-03T20:48:03.625+0000] {processor.py:830} INFO - Processing file /home/datatalks_jan/anaconda3/lib/python3.11/site-packages/airflow/example_dags/example_external_task_marker_dag.py for tasks to queue
[2024-04-03T20:48:03.627+0000] {logging_mixin.py:188} INFO - [2024-04-03T20:48:03.626+0000] {dagbag.py:540} INFO - Filling up the DagBag from /home/datatalks_jan/anaconda3/lib/python3.11/site-packages/airflow/example_dags/example_external_task_marker_dag.py
[2024-04-03T20:48:03.640+0000] {processor.py:840} INFO - DAG(s) 'example_external_task_marker_child', 'example_external_task_marker_parent' retrieved from /home/datatalks_jan/anaconda3/lib/python3.11/site-packages/airflow/example_dags/example_external_task_marker_dag.py
[2024-04-03T20:48:03.670+0000] {logging_mixin.py:188} INFO - [2024-04-03T20:48:03.669+0000] {dag.py:3047} INFO - Sync 2 DAGs
[2024-04-03T20:48:03.685+0000] {logging_mixin.py:188} INFO - [2024-04-03T20:48:03.685+0000] {dag.py:3834} INFO - Setting next_dagrun for example_external_task_marker_child to None, run_after=None
[2024-04-03T20:48:03.689+0000] {logging_mixin.py:188} INFO - [2024-04-03T20:48:03.689+0000] {dag.py:3834} INFO - Setting next_dagrun for example_external_task_marker_parent to None, run_after=None
[2024-04-03T20:48:03.717+0000] {processor.py:183} INFO - Processing /home/datatalks_jan/anaconda3/lib/python3.11/site-packages/airflow/example_dags/example_external_task_marker_dag.py took 0.101 seconds
[2024-04-03T20:49:08.937+0000] {processor.py:161} INFO - Started process (PID=83563) to work on /home/datatalks_jan/anaconda3/lib/python3.11/site-packages/airflow/example_dags/example_external_task_marker_dag.py
[2024-04-03T20:49:08.939+0000] {processor.py:830} INFO - Processing file /home/datatalks_jan/anaconda3/lib/python3.11/site-packages/airflow/example_dags/example_external_task_marker_dag.py for tasks to queue
[2024-04-03T20:49:08.941+0000] {logging_mixin.py:188} INFO - [2024-04-03T20:49:08.940+0000] {dagbag.py:540} INFO - Filling up the DagBag from /home/datatalks_jan/anaconda3/lib/python3.11/site-packages/airflow/example_dags/example_external_task_marker_dag.py
[2024-04-03T20:49:08.954+0000] {processor.py:840} INFO - DAG(s) 'example_external_task_marker_parent', 'example_external_task_marker_child' retrieved from /home/datatalks_jan/anaconda3/lib/python3.11/site-packages/airflow/example_dags/example_external_task_marker_dag.py
[2024-04-03T20:49:09.254+0000] {logging_mixin.py:188} INFO - [2024-04-03T20:49:09.254+0000] {dag.py:3047} INFO - Sync 2 DAGs
[2024-04-03T20:49:09.267+0000] {logging_mixin.py:188} INFO - [2024-04-03T20:49:09.266+0000] {dag.py:3834} INFO - Setting next_dagrun for example_external_task_marker_child to None, run_after=None
[2024-04-03T20:49:09.271+0000] {logging_mixin.py:188} INFO - [2024-04-03T20:49:09.271+0000] {dag.py:3834} INFO - Setting next_dagrun for example_external_task_marker_parent to None, run_after=None
[2024-04-03T20:49:09.294+0000] {processor.py:183} INFO - Processing /home/datatalks_jan/anaconda3/lib/python3.11/site-packages/airflow/example_dags/example_external_task_marker_dag.py took 0.363 seconds
[2024-04-03T20:50:18.767+0000] {processor.py:161} INFO - Started process (PID=83836) to work on /home/datatalks_jan/anaconda3/lib/python3.11/site-packages/airflow/example_dags/example_external_task_marker_dag.py
[2024-04-03T20:50:18.770+0000] {processor.py:830} INFO - Processing file /home/datatalks_jan/anaconda3/lib/python3.11/site-packages/airflow/example_dags/example_external_task_marker_dag.py for tasks to queue
[2024-04-03T20:50:18.771+0000] {logging_mixin.py:188} INFO - [2024-04-03T20:50:18.771+0000] {dagbag.py:540} INFO - Filling up the DagBag from /home/datatalks_jan/anaconda3/lib/python3.11/site-packages/airflow/example_dags/example_external_task_marker_dag.py
[2024-04-03T20:50:18.785+0000] {processor.py:840} INFO - DAG(s) 'example_external_task_marker_child', 'example_external_task_marker_parent' retrieved from /home/datatalks_jan/anaconda3/lib/python3.11/site-packages/airflow/example_dags/example_external_task_marker_dag.py
[2024-04-03T20:50:18.815+0000] {logging_mixin.py:188} INFO - [2024-04-03T20:50:18.815+0000] {dag.py:3047} INFO - Sync 2 DAGs
[2024-04-03T20:50:18.831+0000] {logging_mixin.py:188} INFO - [2024-04-03T20:50:18.830+0000] {dag.py:3834} INFO - Setting next_dagrun for example_external_task_marker_child to None, run_after=None
[2024-04-03T20:50:18.835+0000] {logging_mixin.py:188} INFO - [2024-04-03T20:50:18.834+0000] {dag.py:3834} INFO - Setting next_dagrun for example_external_task_marker_parent to None, run_after=None
[2024-04-03T20:50:18.860+0000] {processor.py:183} INFO - Processing /home/datatalks_jan/anaconda3/lib/python3.11/site-packages/airflow/example_dags/example_external_task_marker_dag.py took 0.098 seconds
[2024-04-03T20:51:19.630+0000] {processor.py:161} INFO - Started process (PID=84110) to work on /home/datatalks_jan/anaconda3/lib/python3.11/site-packages/airflow/example_dags/example_external_task_marker_dag.py
[2024-04-03T20:51:19.632+0000] {processor.py:830} INFO - Processing file /home/datatalks_jan/anaconda3/lib/python3.11/site-packages/airflow/example_dags/example_external_task_marker_dag.py for tasks to queue
[2024-04-03T20:51:19.633+0000] {logging_mixin.py:188} INFO - [2024-04-03T20:51:19.633+0000] {dagbag.py:540} INFO - Filling up the DagBag from /home/datatalks_jan/anaconda3/lib/python3.11/site-packages/airflow/example_dags/example_external_task_marker_dag.py
[2024-04-03T20:51:19.646+0000] {processor.py:840} INFO - DAG(s) 'example_external_task_marker_child', 'example_external_task_marker_parent' retrieved from /home/datatalks_jan/anaconda3/lib/python3.11/site-packages/airflow/example_dags/example_external_task_marker_dag.py
[2024-04-03T20:51:19.675+0000] {logging_mixin.py:188} INFO - [2024-04-03T20:51:19.674+0000] {dag.py:3047} INFO - Sync 2 DAGs
[2024-04-03T20:51:19.691+0000] {logging_mixin.py:188} INFO - [2024-04-03T20:51:19.691+0000] {dag.py:3834} INFO - Setting next_dagrun for example_external_task_marker_child to None, run_after=None
[2024-04-03T20:51:19.695+0000] {logging_mixin.py:188} INFO - [2024-04-03T20:51:19.695+0000] {dag.py:3834} INFO - Setting next_dagrun for example_external_task_marker_parent to None, run_after=None
[2024-04-03T20:51:19.719+0000] {processor.py:183} INFO - Processing /home/datatalks_jan/anaconda3/lib/python3.11/site-packages/airflow/example_dags/example_external_task_marker_dag.py took 0.095 seconds
