[2024-04-03T20:46:17.288+0000] {processor.py:161} INFO - Started process (PID=82574) to work on /home/datatalks_jan/anaconda3/lib/python3.11/site-packages/airflow/example_dags/example_setup_teardown_taskflow.py
[2024-04-03T20:46:17.290+0000] {processor.py:830} INFO - Processing file /home/datatalks_jan/anaconda3/lib/python3.11/site-packages/airflow/example_dags/example_setup_teardown_taskflow.py for tasks to queue
[2024-04-03T20:46:17.292+0000] {logging_mixin.py:188} INFO - [2024-04-03T20:46:17.291+0000] {dagbag.py:540} INFO - Filling up the DagBag from /home/datatalks_jan/anaconda3/lib/python3.11/site-packages/airflow/example_dags/example_setup_teardown_taskflow.py
[2024-04-03T20:46:17.309+0000] {processor.py:840} INFO - DAG(s) 'example_setup_teardown_taskflow' retrieved from /home/datatalks_jan/anaconda3/lib/python3.11/site-packages/airflow/example_dags/example_setup_teardown_taskflow.py
[2024-04-03T20:46:17.430+0000] {logging_mixin.py:188} INFO - [2024-04-03T20:46:17.430+0000] {dag.py:3047} INFO - Sync 1 DAGs
[2024-04-03T20:46:17.454+0000] {logging_mixin.py:188} INFO - [2024-04-03T20:46:17.454+0000] {dag.py:3834} INFO - Setting next_dagrun for example_setup_teardown_taskflow to 2024-04-02 00:00:00+00:00, run_after=2024-04-03 00:00:00+00:00
[2024-04-03T20:46:17.484+0000] {processor.py:183} INFO - Processing /home/datatalks_jan/anaconda3/lib/python3.11/site-packages/airflow/example_dags/example_setup_teardown_taskflow.py took 0.201 seconds
[2024-04-03T20:47:32.018+0000] {processor.py:161} INFO - Started process (PID=83092) to work on /home/datatalks_jan/anaconda3/lib/python3.11/site-packages/airflow/example_dags/example_setup_teardown_taskflow.py
[2024-04-03T20:47:32.022+0000] {processor.py:830} INFO - Processing file /home/datatalks_jan/anaconda3/lib/python3.11/site-packages/airflow/example_dags/example_setup_teardown_taskflow.py for tasks to queue
[2024-04-03T20:47:32.023+0000] {logging_mixin.py:188} INFO - [2024-04-03T20:47:32.023+0000] {dagbag.py:540} INFO - Filling up the DagBag from /home/datatalks_jan/anaconda3/lib/python3.11/site-packages/airflow/example_dags/example_setup_teardown_taskflow.py
[2024-04-03T20:47:32.040+0000] {processor.py:840} INFO - DAG(s) 'example_setup_teardown_taskflow' retrieved from /home/datatalks_jan/anaconda3/lib/python3.11/site-packages/airflow/example_dags/example_setup_teardown_taskflow.py
[2024-04-03T20:47:32.067+0000] {logging_mixin.py:188} INFO - [2024-04-03T20:47:32.067+0000] {dag.py:3047} INFO - Sync 1 DAGs
[2024-04-03T20:47:32.094+0000] {logging_mixin.py:188} INFO - [2024-04-03T20:47:32.094+0000] {dag.py:3834} INFO - Setting next_dagrun for example_setup_teardown_taskflow to 2024-04-02 00:00:00+00:00, run_after=2024-04-03 00:00:00+00:00
[2024-04-03T20:47:32.122+0000] {processor.py:183} INFO - Processing /home/datatalks_jan/anaconda3/lib/python3.11/site-packages/airflow/example_dags/example_setup_teardown_taskflow.py took 0.110 seconds
[2024-04-03T20:48:33.450+0000] {processor.py:161} INFO - Started process (PID=83312) to work on /home/datatalks_jan/anaconda3/lib/python3.11/site-packages/airflow/example_dags/example_setup_teardown_taskflow.py
[2024-04-03T20:48:33.452+0000] {processor.py:830} INFO - Processing file /home/datatalks_jan/anaconda3/lib/python3.11/site-packages/airflow/example_dags/example_setup_teardown_taskflow.py for tasks to queue
[2024-04-03T20:48:33.454+0000] {logging_mixin.py:188} INFO - [2024-04-03T20:48:33.453+0000] {dagbag.py:540} INFO - Filling up the DagBag from /home/datatalks_jan/anaconda3/lib/python3.11/site-packages/airflow/example_dags/example_setup_teardown_taskflow.py
[2024-04-03T20:48:33.469+0000] {processor.py:840} INFO - DAG(s) 'example_setup_teardown_taskflow' retrieved from /home/datatalks_jan/anaconda3/lib/python3.11/site-packages/airflow/example_dags/example_setup_teardown_taskflow.py
[2024-04-03T20:48:33.493+0000] {logging_mixin.py:188} INFO - [2024-04-03T20:48:33.493+0000] {dag.py:3047} INFO - Sync 1 DAGs
[2024-04-03T20:48:33.516+0000] {logging_mixin.py:188} INFO - [2024-04-03T20:48:33.516+0000] {dag.py:3834} INFO - Setting next_dagrun for example_setup_teardown_taskflow to 2024-04-02 00:00:00+00:00, run_after=2024-04-03 00:00:00+00:00
[2024-04-03T20:48:33.542+0000] {processor.py:183} INFO - Processing /home/datatalks_jan/anaconda3/lib/python3.11/site-packages/airflow/example_dags/example_setup_teardown_taskflow.py took 0.097 seconds
[2024-04-03T20:49:36.941+0000] {processor.py:161} INFO - Started process (PID=83648) to work on /home/datatalks_jan/anaconda3/lib/python3.11/site-packages/airflow/example_dags/example_setup_teardown_taskflow.py
[2024-04-03T20:49:36.943+0000] {processor.py:830} INFO - Processing file /home/datatalks_jan/anaconda3/lib/python3.11/site-packages/airflow/example_dags/example_setup_teardown_taskflow.py for tasks to queue
[2024-04-03T20:49:36.945+0000] {logging_mixin.py:188} INFO - [2024-04-03T20:49:36.944+0000] {dagbag.py:540} INFO - Filling up the DagBag from /home/datatalks_jan/anaconda3/lib/python3.11/site-packages/airflow/example_dags/example_setup_teardown_taskflow.py
[2024-04-03T20:49:37.235+0000] {processor.py:840} INFO - DAG(s) 'example_setup_teardown_taskflow' retrieved from /home/datatalks_jan/anaconda3/lib/python3.11/site-packages/airflow/example_dags/example_setup_teardown_taskflow.py
[2024-04-03T20:49:37.252+0000] {logging_mixin.py:188} INFO - [2024-04-03T20:49:37.252+0000] {dag.py:3047} INFO - Sync 1 DAGs
[2024-04-03T20:49:37.273+0000] {logging_mixin.py:188} INFO - [2024-04-03T20:49:37.272+0000] {dag.py:3834} INFO - Setting next_dagrun for example_setup_teardown_taskflow to 2024-04-02 00:00:00+00:00, run_after=2024-04-03 00:00:00+00:00
[2024-04-03T20:49:37.296+0000] {processor.py:183} INFO - Processing /home/datatalks_jan/anaconda3/lib/python3.11/site-packages/airflow/example_dags/example_setup_teardown_taskflow.py took 0.361 seconds
[2024-04-03T20:50:39.062+0000] {processor.py:161} INFO - Started process (PID=83862) to work on /home/datatalks_jan/anaconda3/lib/python3.11/site-packages/airflow/example_dags/example_setup_teardown_taskflow.py
[2024-04-03T20:50:39.065+0000] {processor.py:830} INFO - Processing file /home/datatalks_jan/anaconda3/lib/python3.11/site-packages/airflow/example_dags/example_setup_teardown_taskflow.py for tasks to queue
[2024-04-03T20:50:39.067+0000] {logging_mixin.py:188} INFO - [2024-04-03T20:50:39.066+0000] {dagbag.py:540} INFO - Filling up the DagBag from /home/datatalks_jan/anaconda3/lib/python3.11/site-packages/airflow/example_dags/example_setup_teardown_taskflow.py
[2024-04-03T20:50:39.086+0000] {processor.py:840} INFO - DAG(s) 'example_setup_teardown_taskflow' retrieved from /home/datatalks_jan/anaconda3/lib/python3.11/site-packages/airflow/example_dags/example_setup_teardown_taskflow.py
[2024-04-03T20:50:39.111+0000] {logging_mixin.py:188} INFO - [2024-04-03T20:50:39.110+0000] {dag.py:3047} INFO - Sync 1 DAGs
[2024-04-03T20:50:39.134+0000] {logging_mixin.py:188} INFO - [2024-04-03T20:50:39.133+0000] {dag.py:3834} INFO - Setting next_dagrun for example_setup_teardown_taskflow to 2024-04-02 00:00:00+00:00, run_after=2024-04-03 00:00:00+00:00
[2024-04-03T20:50:39.158+0000] {processor.py:183} INFO - Processing /home/datatalks_jan/anaconda3/lib/python3.11/site-packages/airflow/example_dags/example_setup_teardown_taskflow.py took 0.102 seconds
