[2024-04-03T20:46:49.979+0000] {processor.py:161} INFO - Started process (PID=82741) to work on /home/datatalks_jan/anaconda3/lib/python3.11/site-packages/airflow/example_dags/example_bash_operator.py
[2024-04-03T20:46:49.980+0000] {processor.py:830} INFO - Processing file /home/datatalks_jan/anaconda3/lib/python3.11/site-packages/airflow/example_dags/example_bash_operator.py for tasks to queue
[2024-04-03T20:46:49.982+0000] {logging_mixin.py:188} INFO - [2024-04-03T20:46:49.981+0000] {dagbag.py:540} INFO - Filling up the DagBag from /home/datatalks_jan/anaconda3/lib/python3.11/site-packages/airflow/example_dags/example_bash_operator.py
[2024-04-03T20:46:49.999+0000] {processor.py:840} INFO - DAG(s) 'example_bash_operator' retrieved from /home/datatalks_jan/anaconda3/lib/python3.11/site-packages/airflow/example_dags/example_bash_operator.py
[2024-04-03T20:46:50.116+0000] {logging_mixin.py:188} INFO - [2024-04-03T20:46:50.116+0000] {dag.py:3047} INFO - Sync 1 DAGs
[2024-04-03T20:46:50.137+0000] {logging_mixin.py:188} INFO - [2024-04-03T20:46:50.137+0000] {dag.py:3834} INFO - Setting next_dagrun for example_bash_operator to 2024-04-02 00:00:00+00:00, run_after=2024-04-03 00:00:00+00:00
[2024-04-03T20:46:50.163+0000] {processor.py:183} INFO - Processing /home/datatalks_jan/anaconda3/lib/python3.11/site-packages/airflow/example_dags/example_bash_operator.py took 0.189 seconds
[2024-04-03T20:48:10.124+0000] {processor.py:161} INFO - Started process (PID=83282) to work on /home/datatalks_jan/anaconda3/lib/python3.11/site-packages/airflow/example_dags/example_bash_operator.py
[2024-04-03T20:48:10.127+0000] {processor.py:830} INFO - Processing file /home/datatalks_jan/anaconda3/lib/python3.11/site-packages/airflow/example_dags/example_bash_operator.py for tasks to queue
[2024-04-03T20:48:10.129+0000] {logging_mixin.py:188} INFO - [2024-04-03T20:48:10.128+0000] {dagbag.py:540} INFO - Filling up the DagBag from /home/datatalks_jan/anaconda3/lib/python3.11/site-packages/airflow/example_dags/example_bash_operator.py
[2024-04-03T20:48:10.150+0000] {processor.py:840} INFO - DAG(s) 'example_bash_operator' retrieved from /home/datatalks_jan/anaconda3/lib/python3.11/site-packages/airflow/example_dags/example_bash_operator.py
[2024-04-03T20:48:10.188+0000] {logging_mixin.py:188} INFO - [2024-04-03T20:48:10.187+0000] {dag.py:3047} INFO - Sync 1 DAGs
[2024-04-03T20:48:10.217+0000] {logging_mixin.py:188} INFO - [2024-04-03T20:48:10.217+0000] {dag.py:3834} INFO - Setting next_dagrun for example_bash_operator to 2024-04-02 00:00:00+00:00, run_after=2024-04-03 00:00:00+00:00
[2024-04-03T20:48:10.247+0000] {processor.py:183} INFO - Processing /home/datatalks_jan/anaconda3/lib/python3.11/site-packages/airflow/example_dags/example_bash_operator.py took 0.130 seconds
[2024-04-03T20:49:45.755+0000] {processor.py:161} INFO - Started process (PID=83655) to work on /home/datatalks_jan/anaconda3/lib/python3.11/site-packages/airflow/example_dags/example_bash_operator.py
[2024-04-03T20:49:45.757+0000] {processor.py:830} INFO - Processing file /home/datatalks_jan/anaconda3/lib/python3.11/site-packages/airflow/example_dags/example_bash_operator.py for tasks to queue
[2024-04-03T20:49:45.759+0000] {logging_mixin.py:188} INFO - [2024-04-03T20:49:45.758+0000] {dagbag.py:540} INFO - Filling up the DagBag from /home/datatalks_jan/anaconda3/lib/python3.11/site-packages/airflow/example_dags/example_bash_operator.py
[2024-04-03T20:49:45.777+0000] {processor.py:840} INFO - DAG(s) 'example_bash_operator' retrieved from /home/datatalks_jan/anaconda3/lib/python3.11/site-packages/airflow/example_dags/example_bash_operator.py
[2024-04-03T20:49:45.808+0000] {logging_mixin.py:188} INFO - [2024-04-03T20:49:45.808+0000] {dag.py:3047} INFO - Sync 1 DAGs
[2024-04-03T20:49:45.833+0000] {logging_mixin.py:188} INFO - [2024-04-03T20:49:45.833+0000] {dag.py:3834} INFO - Setting next_dagrun for example_bash_operator to 2024-04-02 00:00:00+00:00, run_after=2024-04-03 00:00:00+00:00
[2024-04-03T20:49:45.866+0000] {processor.py:183} INFO - Processing /home/datatalks_jan/anaconda3/lib/python3.11/site-packages/airflow/example_dags/example_bash_operator.py took 0.116 seconds
[2024-04-03T20:50:46.565+0000] {processor.py:161} INFO - Started process (PID=83928) to work on /home/datatalks_jan/anaconda3/lib/python3.11/site-packages/airflow/example_dags/example_bash_operator.py
[2024-04-03T20:50:46.567+0000] {processor.py:830} INFO - Processing file /home/datatalks_jan/anaconda3/lib/python3.11/site-packages/airflow/example_dags/example_bash_operator.py for tasks to queue
[2024-04-03T20:50:46.568+0000] {logging_mixin.py:188} INFO - [2024-04-03T20:50:46.568+0000] {dagbag.py:540} INFO - Filling up the DagBag from /home/datatalks_jan/anaconda3/lib/python3.11/site-packages/airflow/example_dags/example_bash_operator.py
[2024-04-03T20:50:46.585+0000] {processor.py:840} INFO - DAG(s) 'example_bash_operator' retrieved from /home/datatalks_jan/anaconda3/lib/python3.11/site-packages/airflow/example_dags/example_bash_operator.py
[2024-04-03T20:50:46.617+0000] {logging_mixin.py:188} INFO - [2024-04-03T20:50:46.616+0000] {dag.py:3047} INFO - Sync 1 DAGs
[2024-04-03T20:50:46.641+0000] {logging_mixin.py:188} INFO - [2024-04-03T20:50:46.641+0000] {dag.py:3834} INFO - Setting next_dagrun for example_bash_operator to 2024-04-02 00:00:00+00:00, run_after=2024-04-03 00:00:00+00:00
[2024-04-03T20:50:46.667+0000] {processor.py:183} INFO - Processing /home/datatalks_jan/anaconda3/lib/python3.11/site-packages/airflow/example_dags/example_bash_operator.py took 0.106 seconds
