[2024-04-03T20:46:32.801+0000] {processor.py:161} INFO - Started process (PID=82664) to work on /home/datatalks_jan/anaconda3/lib/python3.11/site-packages/airflow/example_dags/example_setup_teardown.py
[2024-04-03T20:46:32.805+0000] {processor.py:830} INFO - Processing file /home/datatalks_jan/anaconda3/lib/python3.11/site-packages/airflow/example_dags/example_setup_teardown.py for tasks to queue
[2024-04-03T20:46:32.807+0000] {logging_mixin.py:188} INFO - [2024-04-03T20:46:32.806+0000] {dagbag.py:540} INFO - Filling up the DagBag from /home/datatalks_jan/anaconda3/lib/python3.11/site-packages/airflow/example_dags/example_setup_teardown.py
[2024-04-03T20:46:32.821+0000] {processor.py:840} INFO - DAG(s) 'example_setup_teardown' retrieved from /home/datatalks_jan/anaconda3/lib/python3.11/site-packages/airflow/example_dags/example_setup_teardown.py
[2024-04-03T20:46:32.948+0000] {logging_mixin.py:188} INFO - [2024-04-03T20:46:32.947+0000] {dag.py:3047} INFO - Sync 1 DAGs
[2024-04-03T20:46:32.969+0000] {logging_mixin.py:188} INFO - [2024-04-03T20:46:32.969+0000] {dag.py:3834} INFO - Setting next_dagrun for example_setup_teardown to 2024-04-02 00:00:00+00:00, run_after=2024-04-03 00:00:00+00:00
[2024-04-03T20:46:32.999+0000] {processor.py:183} INFO - Processing /home/datatalks_jan/anaconda3/lib/python3.11/site-packages/airflow/example_dags/example_setup_teardown.py took 0.207 seconds
[2024-04-03T20:47:54.349+0000] {processor.py:161} INFO - Started process (PID=83263) to work on /home/datatalks_jan/anaconda3/lib/python3.11/site-packages/airflow/example_dags/example_setup_teardown.py
[2024-04-03T20:47:54.351+0000] {processor.py:830} INFO - Processing file /home/datatalks_jan/anaconda3/lib/python3.11/site-packages/airflow/example_dags/example_setup_teardown.py for tasks to queue
[2024-04-03T20:47:54.353+0000] {logging_mixin.py:188} INFO - [2024-04-03T20:47:54.352+0000] {dagbag.py:540} INFO - Filling up the DagBag from /home/datatalks_jan/anaconda3/lib/python3.11/site-packages/airflow/example_dags/example_setup_teardown.py
[2024-04-03T20:47:54.367+0000] {processor.py:840} INFO - DAG(s) 'example_setup_teardown' retrieved from /home/datatalks_jan/anaconda3/lib/python3.11/site-packages/airflow/example_dags/example_setup_teardown.py
[2024-04-03T20:47:54.395+0000] {logging_mixin.py:188} INFO - [2024-04-03T20:47:54.395+0000] {dag.py:3047} INFO - Sync 1 DAGs
[2024-04-03T20:47:54.422+0000] {logging_mixin.py:188} INFO - [2024-04-03T20:47:54.422+0000] {dag.py:3834} INFO - Setting next_dagrun for example_setup_teardown to 2024-04-02 00:00:00+00:00, run_after=2024-04-03 00:00:00+00:00
[2024-04-03T20:47:54.453+0000] {processor.py:183} INFO - Processing /home/datatalks_jan/anaconda3/lib/python3.11/site-packages/airflow/example_dags/example_setup_teardown.py took 0.110 seconds
[2024-04-03T20:48:57.797+0000] {processor.py:161} INFO - Started process (PID=83547) to work on /home/datatalks_jan/anaconda3/lib/python3.11/site-packages/airflow/example_dags/example_setup_teardown.py
[2024-04-03T20:48:57.800+0000] {processor.py:830} INFO - Processing file /home/datatalks_jan/anaconda3/lib/python3.11/site-packages/airflow/example_dags/example_setup_teardown.py for tasks to queue
[2024-04-03T20:48:57.802+0000] {logging_mixin.py:188} INFO - [2024-04-03T20:48:57.801+0000] {dagbag.py:540} INFO - Filling up the DagBag from /home/datatalks_jan/anaconda3/lib/python3.11/site-packages/airflow/example_dags/example_setup_teardown.py
[2024-04-03T20:48:57.815+0000] {processor.py:840} INFO - DAG(s) 'example_setup_teardown' retrieved from /home/datatalks_jan/anaconda3/lib/python3.11/site-packages/airflow/example_dags/example_setup_teardown.py
[2024-04-03T20:48:57.844+0000] {logging_mixin.py:188} INFO - [2024-04-03T20:48:57.844+0000] {dag.py:3047} INFO - Sync 1 DAGs
[2024-04-03T20:48:58.139+0000] {logging_mixin.py:188} INFO - [2024-04-03T20:48:58.138+0000] {dag.py:3834} INFO - Setting next_dagrun for example_setup_teardown to 2024-04-02 00:00:00+00:00, run_after=2024-04-03 00:00:00+00:00
[2024-04-03T20:48:58.166+0000] {processor.py:183} INFO - Processing /home/datatalks_jan/anaconda3/lib/python3.11/site-packages/airflow/example_dags/example_setup_teardown.py took 0.374 seconds
[2024-04-03T20:50:08.852+0000] {processor.py:161} INFO - Started process (PID=83827) to work on /home/datatalks_jan/anaconda3/lib/python3.11/site-packages/airflow/example_dags/example_setup_teardown.py
[2024-04-03T20:50:08.854+0000] {processor.py:830} INFO - Processing file /home/datatalks_jan/anaconda3/lib/python3.11/site-packages/airflow/example_dags/example_setup_teardown.py for tasks to queue
[2024-04-03T20:50:08.856+0000] {logging_mixin.py:188} INFO - [2024-04-03T20:50:08.855+0000] {dagbag.py:540} INFO - Filling up the DagBag from /home/datatalks_jan/anaconda3/lib/python3.11/site-packages/airflow/example_dags/example_setup_teardown.py
[2024-04-03T20:50:08.870+0000] {processor.py:840} INFO - DAG(s) 'example_setup_teardown' retrieved from /home/datatalks_jan/anaconda3/lib/python3.11/site-packages/airflow/example_dags/example_setup_teardown.py
[2024-04-03T20:50:08.897+0000] {logging_mixin.py:188} INFO - [2024-04-03T20:50:08.897+0000] {dag.py:3047} INFO - Sync 1 DAGs
[2024-04-03T20:50:08.924+0000] {logging_mixin.py:188} INFO - [2024-04-03T20:50:08.924+0000] {dag.py:3834} INFO - Setting next_dagrun for example_setup_teardown to 2024-04-02 00:00:00+00:00, run_after=2024-04-03 00:00:00+00:00
[2024-04-03T20:50:08.952+0000] {processor.py:183} INFO - Processing /home/datatalks_jan/anaconda3/lib/python3.11/site-packages/airflow/example_dags/example_setup_teardown.py took 0.105 seconds
[2024-04-03T20:51:09.576+0000] {processor.py:161} INFO - Started process (PID=84101) to work on /home/datatalks_jan/anaconda3/lib/python3.11/site-packages/airflow/example_dags/example_setup_teardown.py
[2024-04-03T20:51:09.579+0000] {processor.py:830} INFO - Processing file /home/datatalks_jan/anaconda3/lib/python3.11/site-packages/airflow/example_dags/example_setup_teardown.py for tasks to queue
[2024-04-03T20:51:09.581+0000] {logging_mixin.py:188} INFO - [2024-04-03T20:51:09.580+0000] {dagbag.py:540} INFO - Filling up the DagBag from /home/datatalks_jan/anaconda3/lib/python3.11/site-packages/airflow/example_dags/example_setup_teardown.py
[2024-04-03T20:51:09.594+0000] {processor.py:840} INFO - DAG(s) 'example_setup_teardown' retrieved from /home/datatalks_jan/anaconda3/lib/python3.11/site-packages/airflow/example_dags/example_setup_teardown.py
[2024-04-03T20:51:09.622+0000] {logging_mixin.py:188} INFO - [2024-04-03T20:51:09.621+0000] {dag.py:3047} INFO - Sync 1 DAGs
[2024-04-03T20:51:09.646+0000] {logging_mixin.py:188} INFO - [2024-04-03T20:51:09.646+0000] {dag.py:3834} INFO - Setting next_dagrun for example_setup_teardown to 2024-04-02 00:00:00+00:00, run_after=2024-04-03 00:00:00+00:00
[2024-04-03T20:51:09.677+0000] {processor.py:183} INFO - Processing /home/datatalks_jan/anaconda3/lib/python3.11/site-packages/airflow/example_dags/example_setup_teardown.py took 0.106 seconds
