[2024-04-03T20:46:18.668+0000] {processor.py:161} INFO - Started process (PID=82590) to work on /home/datatalks_jan/anaconda3/lib/python3.11/site-packages/airflow/example_dags/example_xcom.py
[2024-04-03T20:46:18.670+0000] {processor.py:830} INFO - Processing file /home/datatalks_jan/anaconda3/lib/python3.11/site-packages/airflow/example_dags/example_xcom.py for tasks to queue
[2024-04-03T20:46:18.671+0000] {logging_mixin.py:188} INFO - [2024-04-03T20:46:18.671+0000] {dagbag.py:540} INFO - Filling up the DagBag from /home/datatalks_jan/anaconda3/lib/python3.11/site-packages/airflow/example_dags/example_xcom.py
[2024-04-03T20:46:18.684+0000] {processor.py:840} INFO - DAG(s) 'example_xcom' retrieved from /home/datatalks_jan/anaconda3/lib/python3.11/site-packages/airflow/example_dags/example_xcom.py
[2024-04-03T20:46:18.806+0000] {logging_mixin.py:188} INFO - [2024-04-03T20:46:18.806+0000] {dag.py:3047} INFO - Sync 1 DAGs
[2024-04-03T20:46:18.828+0000] {logging_mixin.py:188} INFO - [2024-04-03T20:46:18.828+0000] {dag.py:3834} INFO - Setting next_dagrun for example_xcom to 2021-01-01 00:00:00+00:00, run_after=2021-01-01 00:00:00+00:00
[2024-04-03T20:46:18.857+0000] {processor.py:183} INFO - Processing /home/datatalks_jan/anaconda3/lib/python3.11/site-packages/airflow/example_dags/example_xcom.py took 0.195 seconds
[2024-04-03T20:47:33.266+0000] {processor.py:161} INFO - Started process (PID=83093) to work on /home/datatalks_jan/anaconda3/lib/python3.11/site-packages/airflow/example_dags/example_xcom.py
[2024-04-03T20:47:33.269+0000] {processor.py:830} INFO - Processing file /home/datatalks_jan/anaconda3/lib/python3.11/site-packages/airflow/example_dags/example_xcom.py for tasks to queue
[2024-04-03T20:47:33.270+0000] {logging_mixin.py:188} INFO - [2024-04-03T20:47:33.269+0000] {dagbag.py:540} INFO - Filling up the DagBag from /home/datatalks_jan/anaconda3/lib/python3.11/site-packages/airflow/example_dags/example_xcom.py
[2024-04-03T20:47:33.283+0000] {processor.py:840} INFO - DAG(s) 'example_xcom' retrieved from /home/datatalks_jan/anaconda3/lib/python3.11/site-packages/airflow/example_dags/example_xcom.py
[2024-04-03T20:47:33.311+0000] {logging_mixin.py:188} INFO - [2024-04-03T20:47:33.311+0000] {dag.py:3047} INFO - Sync 1 DAGs
[2024-04-03T20:47:33.338+0000] {logging_mixin.py:188} INFO - [2024-04-03T20:47:33.337+0000] {dag.py:3834} INFO - Setting next_dagrun for example_xcom to 2021-01-01 00:00:00+00:00, run_after=2021-01-01 00:00:00+00:00
[2024-04-03T20:47:33.366+0000] {processor.py:183} INFO - Processing /home/datatalks_jan/anaconda3/lib/python3.11/site-packages/airflow/example_dags/example_xcom.py took 0.105 seconds
[2024-04-03T20:48:33.706+0000] {processor.py:161} INFO - Started process (PID=83313) to work on /home/datatalks_jan/anaconda3/lib/python3.11/site-packages/airflow/example_dags/example_xcom.py
[2024-04-03T20:48:33.708+0000] {processor.py:830} INFO - Processing file /home/datatalks_jan/anaconda3/lib/python3.11/site-packages/airflow/example_dags/example_xcom.py for tasks to queue
[2024-04-03T20:48:33.710+0000] {logging_mixin.py:188} INFO - [2024-04-03T20:48:33.709+0000] {dagbag.py:540} INFO - Filling up the DagBag from /home/datatalks_jan/anaconda3/lib/python3.11/site-packages/airflow/example_dags/example_xcom.py
[2024-04-03T20:48:33.722+0000] {processor.py:840} INFO - DAG(s) 'example_xcom' retrieved from /home/datatalks_jan/anaconda3/lib/python3.11/site-packages/airflow/example_dags/example_xcom.py
[2024-04-03T20:48:33.747+0000] {logging_mixin.py:188} INFO - [2024-04-03T20:48:33.746+0000] {dag.py:3047} INFO - Sync 1 DAGs
[2024-04-03T20:48:33.769+0000] {logging_mixin.py:188} INFO - [2024-04-03T20:48:33.769+0000] {dag.py:3834} INFO - Setting next_dagrun for example_xcom to 2021-01-01 00:00:00+00:00, run_after=2021-01-01 00:00:00+00:00
[2024-04-03T20:48:33.795+0000] {processor.py:183} INFO - Processing /home/datatalks_jan/anaconda3/lib/python3.11/site-packages/airflow/example_dags/example_xcom.py took 0.093 seconds
[2024-04-03T20:49:38.393+0000] {processor.py:161} INFO - Started process (PID=83649) to work on /home/datatalks_jan/anaconda3/lib/python3.11/site-packages/airflow/example_dags/example_xcom.py
[2024-04-03T20:49:38.396+0000] {processor.py:830} INFO - Processing file /home/datatalks_jan/anaconda3/lib/python3.11/site-packages/airflow/example_dags/example_xcom.py for tasks to queue
[2024-04-03T20:49:38.397+0000] {logging_mixin.py:188} INFO - [2024-04-03T20:49:38.397+0000] {dagbag.py:540} INFO - Filling up the DagBag from /home/datatalks_jan/anaconda3/lib/python3.11/site-packages/airflow/example_dags/example_xcom.py
[2024-04-03T20:49:38.689+0000] {processor.py:840} INFO - DAG(s) 'example_xcom' retrieved from /home/datatalks_jan/anaconda3/lib/python3.11/site-packages/airflow/example_dags/example_xcom.py
[2024-04-03T20:49:38.707+0000] {logging_mixin.py:188} INFO - [2024-04-03T20:49:38.707+0000] {dag.py:3047} INFO - Sync 1 DAGs
[2024-04-03T20:49:38.728+0000] {logging_mixin.py:188} INFO - [2024-04-03T20:49:38.728+0000] {dag.py:3834} INFO - Setting next_dagrun for example_xcom to 2021-01-01 00:00:00+00:00, run_after=2021-01-01 00:00:00+00:00
[2024-04-03T20:49:38.753+0000] {processor.py:183} INFO - Processing /home/datatalks_jan/anaconda3/lib/python3.11/site-packages/airflow/example_dags/example_xcom.py took 0.365 seconds
[2024-04-03T20:50:40.053+0000] {processor.py:161} INFO - Started process (PID=83873) to work on /home/datatalks_jan/anaconda3/lib/python3.11/site-packages/airflow/example_dags/example_xcom.py
[2024-04-03T20:50:40.056+0000] {processor.py:830} INFO - Processing file /home/datatalks_jan/anaconda3/lib/python3.11/site-packages/airflow/example_dags/example_xcom.py for tasks to queue
[2024-04-03T20:50:40.058+0000] {logging_mixin.py:188} INFO - [2024-04-03T20:50:40.057+0000] {dagbag.py:540} INFO - Filling up the DagBag from /home/datatalks_jan/anaconda3/lib/python3.11/site-packages/airflow/example_dags/example_xcom.py
[2024-04-03T20:50:40.071+0000] {processor.py:840} INFO - DAG(s) 'example_xcom' retrieved from /home/datatalks_jan/anaconda3/lib/python3.11/site-packages/airflow/example_dags/example_xcom.py
[2024-04-03T20:50:40.105+0000] {logging_mixin.py:188} INFO - [2024-04-03T20:50:40.105+0000] {dag.py:3047} INFO - Sync 1 DAGs
[2024-04-03T20:50:40.129+0000] {logging_mixin.py:188} INFO - [2024-04-03T20:50:40.129+0000] {dag.py:3834} INFO - Setting next_dagrun for example_xcom to 2021-01-01 00:00:00+00:00, run_after=2021-01-01 00:00:00+00:00
[2024-04-03T20:50:40.154+0000] {processor.py:183} INFO - Processing /home/datatalks_jan/anaconda3/lib/python3.11/site-packages/airflow/example_dags/example_xcom.py took 0.107 seconds
