[2024-04-03T20:46:38.170+0000] {processor.py:161} INFO - Started process (PID=82700) to work on /home/datatalks_jan/anaconda3/lib/python3.11/site-packages/airflow/example_dags/example_dynamic_task_mapping.py
[2024-04-03T20:46:38.172+0000] {processor.py:830} INFO - Processing file /home/datatalks_jan/anaconda3/lib/python3.11/site-packages/airflow/example_dags/example_dynamic_task_mapping.py for tasks to queue
[2024-04-03T20:46:38.174+0000] {logging_mixin.py:188} INFO - [2024-04-03T20:46:38.173+0000] {dagbag.py:540} INFO - Filling up the DagBag from /home/datatalks_jan/anaconda3/lib/python3.11/site-packages/airflow/example_dags/example_dynamic_task_mapping.py
[2024-04-03T20:46:38.189+0000] {processor.py:840} INFO - DAG(s) 'example_dynamic_task_mapping' retrieved from /home/datatalks_jan/anaconda3/lib/python3.11/site-packages/airflow/example_dags/example_dynamic_task_mapping.py
[2024-04-03T20:46:38.311+0000] {logging_mixin.py:188} INFO - [2024-04-03T20:46:38.310+0000] {dag.py:3047} INFO - Sync 1 DAGs
[2024-04-03T20:46:38.332+0000] {logging_mixin.py:188} INFO - [2024-04-03T20:46:38.332+0000] {dag.py:3834} INFO - Setting next_dagrun for example_dynamic_task_mapping to 2022-03-04 00:00:00+00:00, run_after=2022-03-05 00:00:00+00:00
[2024-04-03T20:46:38.358+0000] {processor.py:183} INFO - Processing /home/datatalks_jan/anaconda3/lib/python3.11/site-packages/airflow/example_dags/example_dynamic_task_mapping.py took 0.194 seconds
[2024-04-03T20:47:59.609+0000] {processor.py:161} INFO - Started process (PID=83268) to work on /home/datatalks_jan/anaconda3/lib/python3.11/site-packages/airflow/example_dags/example_dynamic_task_mapping.py
[2024-04-03T20:47:59.611+0000] {processor.py:830} INFO - Processing file /home/datatalks_jan/anaconda3/lib/python3.11/site-packages/airflow/example_dags/example_dynamic_task_mapping.py for tasks to queue
[2024-04-03T20:47:59.613+0000] {logging_mixin.py:188} INFO - [2024-04-03T20:47:59.612+0000] {dagbag.py:540} INFO - Filling up the DagBag from /home/datatalks_jan/anaconda3/lib/python3.11/site-packages/airflow/example_dags/example_dynamic_task_mapping.py
[2024-04-03T20:47:59.625+0000] {processor.py:840} INFO - DAG(s) 'example_dynamic_task_mapping' retrieved from /home/datatalks_jan/anaconda3/lib/python3.11/site-packages/airflow/example_dags/example_dynamic_task_mapping.py
[2024-04-03T20:47:59.648+0000] {logging_mixin.py:188} INFO - [2024-04-03T20:47:59.648+0000] {dag.py:3047} INFO - Sync 1 DAGs
[2024-04-03T20:47:59.671+0000] {logging_mixin.py:188} INFO - [2024-04-03T20:47:59.671+0000] {dag.py:3834} INFO - Setting next_dagrun for example_dynamic_task_mapping to 2022-03-04 00:00:00+00:00, run_after=2022-03-05 00:00:00+00:00
[2024-04-03T20:47:59.697+0000] {processor.py:183} INFO - Processing /home/datatalks_jan/anaconda3/lib/python3.11/site-packages/airflow/example_dags/example_dynamic_task_mapping.py took 0.093 seconds
[2024-04-03T20:49:03.940+0000] {processor.py:161} INFO - Started process (PID=83552) to work on /home/datatalks_jan/anaconda3/lib/python3.11/site-packages/airflow/example_dags/example_dynamic_task_mapping.py
[2024-04-03T20:49:03.943+0000] {processor.py:830} INFO - Processing file /home/datatalks_jan/anaconda3/lib/python3.11/site-packages/airflow/example_dags/example_dynamic_task_mapping.py for tasks to queue
[2024-04-03T20:49:03.944+0000] {logging_mixin.py:188} INFO - [2024-04-03T20:49:03.944+0000] {dagbag.py:540} INFO - Filling up the DagBag from /home/datatalks_jan/anaconda3/lib/python3.11/site-packages/airflow/example_dags/example_dynamic_task_mapping.py
[2024-04-03T20:49:03.958+0000] {processor.py:840} INFO - DAG(s) 'example_dynamic_task_mapping' retrieved from /home/datatalks_jan/anaconda3/lib/python3.11/site-packages/airflow/example_dags/example_dynamic_task_mapping.py
[2024-04-03T20:49:03.984+0000] {logging_mixin.py:188} INFO - [2024-04-03T20:49:03.984+0000] {dag.py:3047} INFO - Sync 1 DAGs
[2024-04-03T20:49:04.279+0000] {logging_mixin.py:188} INFO - [2024-04-03T20:49:04.279+0000] {dag.py:3834} INFO - Setting next_dagrun for example_dynamic_task_mapping to 2022-03-04 00:00:00+00:00, run_after=2022-03-05 00:00:00+00:00
[2024-04-03T20:49:04.303+0000] {processor.py:183} INFO - Processing /home/datatalks_jan/anaconda3/lib/python3.11/site-packages/airflow/example_dags/example_dynamic_task_mapping.py took 0.369 seconds
[2024-04-03T20:50:14.106+0000] {processor.py:161} INFO - Started process (PID=83832) to work on /home/datatalks_jan/anaconda3/lib/python3.11/site-packages/airflow/example_dags/example_dynamic_task_mapping.py
[2024-04-03T20:50:14.108+0000] {processor.py:830} INFO - Processing file /home/datatalks_jan/anaconda3/lib/python3.11/site-packages/airflow/example_dags/example_dynamic_task_mapping.py for tasks to queue
[2024-04-03T20:50:14.109+0000] {logging_mixin.py:188} INFO - [2024-04-03T20:50:14.109+0000] {dagbag.py:540} INFO - Filling up the DagBag from /home/datatalks_jan/anaconda3/lib/python3.11/site-packages/airflow/example_dags/example_dynamic_task_mapping.py
[2024-04-03T20:50:14.121+0000] {processor.py:840} INFO - DAG(s) 'example_dynamic_task_mapping' retrieved from /home/datatalks_jan/anaconda3/lib/python3.11/site-packages/airflow/example_dags/example_dynamic_task_mapping.py
[2024-04-03T20:50:14.149+0000] {logging_mixin.py:188} INFO - [2024-04-03T20:50:14.148+0000] {dag.py:3047} INFO - Sync 1 DAGs
[2024-04-03T20:50:14.173+0000] {logging_mixin.py:188} INFO - [2024-04-03T20:50:14.172+0000] {dag.py:3834} INFO - Setting next_dagrun for example_dynamic_task_mapping to 2022-03-04 00:00:00+00:00, run_after=2022-03-05 00:00:00+00:00
[2024-04-03T20:50:14.199+0000] {processor.py:183} INFO - Processing /home/datatalks_jan/anaconda3/lib/python3.11/site-packages/airflow/example_dags/example_dynamic_task_mapping.py took 0.098 seconds
[2024-04-03T20:51:14.811+0000] {processor.py:161} INFO - Started process (PID=84106) to work on /home/datatalks_jan/anaconda3/lib/python3.11/site-packages/airflow/example_dags/example_dynamic_task_mapping.py
[2024-04-03T20:51:14.814+0000] {processor.py:830} INFO - Processing file /home/datatalks_jan/anaconda3/lib/python3.11/site-packages/airflow/example_dags/example_dynamic_task_mapping.py for tasks to queue
[2024-04-03T20:51:14.815+0000] {logging_mixin.py:188} INFO - [2024-04-03T20:51:14.814+0000] {dagbag.py:540} INFO - Filling up the DagBag from /home/datatalks_jan/anaconda3/lib/python3.11/site-packages/airflow/example_dags/example_dynamic_task_mapping.py
[2024-04-03T20:51:14.830+0000] {processor.py:840} INFO - DAG(s) 'example_dynamic_task_mapping' retrieved from /home/datatalks_jan/anaconda3/lib/python3.11/site-packages/airflow/example_dags/example_dynamic_task_mapping.py
[2024-04-03T20:51:14.857+0000] {logging_mixin.py:188} INFO - [2024-04-03T20:51:14.856+0000] {dag.py:3047} INFO - Sync 1 DAGs
[2024-04-03T20:51:14.883+0000] {logging_mixin.py:188} INFO - [2024-04-03T20:51:14.882+0000] {dag.py:3834} INFO - Setting next_dagrun for example_dynamic_task_mapping to 2022-03-04 00:00:00+00:00, run_after=2022-03-05 00:00:00+00:00
[2024-04-03T20:51:14.915+0000] {processor.py:183} INFO - Processing /home/datatalks_jan/anaconda3/lib/python3.11/site-packages/airflow/example_dags/example_dynamic_task_mapping.py took 0.109 seconds
