[2024-04-03T20:46:48.708+0000] {processor.py:161} INFO - Started process (PID=82740) to work on /home/datatalks_jan/anaconda3/lib/python3.11/site-packages/airflow/example_dags/example_complex.py
[2024-04-03T20:46:48.709+0000] {processor.py:830} INFO - Processing file /home/datatalks_jan/anaconda3/lib/python3.11/site-packages/airflow/example_dags/example_complex.py for tasks to queue
[2024-04-03T20:46:48.711+0000] {logging_mixin.py:188} INFO - [2024-04-03T20:46:48.710+0000] {dagbag.py:540} INFO - Filling up the DagBag from /home/datatalks_jan/anaconda3/lib/python3.11/site-packages/airflow/example_dags/example_complex.py
[2024-04-03T20:46:48.728+0000] {processor.py:840} INFO - DAG(s) 'example_complex' retrieved from /home/datatalks_jan/anaconda3/lib/python3.11/site-packages/airflow/example_dags/example_complex.py
[2024-04-03T20:46:48.854+0000] {logging_mixin.py:188} INFO - [2024-04-03T20:46:48.854+0000] {dag.py:3047} INFO - Sync 1 DAGs
[2024-04-03T20:46:48.866+0000] {logging_mixin.py:188} INFO - [2024-04-03T20:46:48.866+0000] {dag.py:3834} INFO - Setting next_dagrun for example_complex to None, run_after=None
[2024-04-03T20:46:48.896+0000] {processor.py:183} INFO - Processing /home/datatalks_jan/anaconda3/lib/python3.11/site-packages/airflow/example_dags/example_complex.py took 0.194 seconds
[2024-04-03T20:48:08.874+0000] {processor.py:161} INFO - Started process (PID=83281) to work on /home/datatalks_jan/anaconda3/lib/python3.11/site-packages/airflow/example_dags/example_complex.py
[2024-04-03T20:48:08.877+0000] {processor.py:830} INFO - Processing file /home/datatalks_jan/anaconda3/lib/python3.11/site-packages/airflow/example_dags/example_complex.py for tasks to queue
[2024-04-03T20:48:08.878+0000] {logging_mixin.py:188} INFO - [2024-04-03T20:48:08.878+0000] {dagbag.py:540} INFO - Filling up the DagBag from /home/datatalks_jan/anaconda3/lib/python3.11/site-packages/airflow/example_dags/example_complex.py
[2024-04-03T20:48:08.899+0000] {processor.py:840} INFO - DAG(s) 'example_complex' retrieved from /home/datatalks_jan/anaconda3/lib/python3.11/site-packages/airflow/example_dags/example_complex.py
[2024-04-03T20:48:08.930+0000] {logging_mixin.py:188} INFO - [2024-04-03T20:48:08.930+0000] {dag.py:3047} INFO - Sync 1 DAGs
[2024-04-03T20:48:08.944+0000] {logging_mixin.py:188} INFO - [2024-04-03T20:48:08.944+0000] {dag.py:3834} INFO - Setting next_dagrun for example_complex to None, run_after=None
[2024-04-03T20:48:08.969+0000] {processor.py:183} INFO - Processing /home/datatalks_jan/anaconda3/lib/python3.11/site-packages/airflow/example_dags/example_complex.py took 0.099 seconds
[2024-04-03T20:49:44.508+0000] {processor.py:161} INFO - Started process (PID=83654) to work on /home/datatalks_jan/anaconda3/lib/python3.11/site-packages/airflow/example_dags/example_complex.py
[2024-04-03T20:49:44.512+0000] {processor.py:830} INFO - Processing file /home/datatalks_jan/anaconda3/lib/python3.11/site-packages/airflow/example_dags/example_complex.py for tasks to queue
[2024-04-03T20:49:44.514+0000] {logging_mixin.py:188} INFO - [2024-04-03T20:49:44.513+0000] {dagbag.py:540} INFO - Filling up the DagBag from /home/datatalks_jan/anaconda3/lib/python3.11/site-packages/airflow/example_dags/example_complex.py
[2024-04-03T20:49:44.532+0000] {processor.py:840} INFO - DAG(s) 'example_complex' retrieved from /home/datatalks_jan/anaconda3/lib/python3.11/site-packages/airflow/example_dags/example_complex.py
[2024-04-03T20:49:44.568+0000] {logging_mixin.py:188} INFO - [2024-04-03T20:49:44.568+0000] {dag.py:3047} INFO - Sync 1 DAGs
[2024-04-03T20:49:44.584+0000] {logging_mixin.py:188} INFO - [2024-04-03T20:49:44.583+0000] {dag.py:3834} INFO - Setting next_dagrun for example_complex to None, run_after=None
[2024-04-03T20:49:44.614+0000] {processor.py:183} INFO - Processing /home/datatalks_jan/anaconda3/lib/python3.11/site-packages/airflow/example_dags/example_complex.py took 0.113 seconds
[2024-04-03T20:50:45.309+0000] {processor.py:161} INFO - Started process (PID=83927) to work on /home/datatalks_jan/anaconda3/lib/python3.11/site-packages/airflow/example_dags/example_complex.py
[2024-04-03T20:50:45.311+0000] {processor.py:830} INFO - Processing file /home/datatalks_jan/anaconda3/lib/python3.11/site-packages/airflow/example_dags/example_complex.py for tasks to queue
[2024-04-03T20:50:45.313+0000] {logging_mixin.py:188} INFO - [2024-04-03T20:50:45.312+0000] {dagbag.py:540} INFO - Filling up the DagBag from /home/datatalks_jan/anaconda3/lib/python3.11/site-packages/airflow/example_dags/example_complex.py
[2024-04-03T20:50:45.328+0000] {processor.py:840} INFO - DAG(s) 'example_complex' retrieved from /home/datatalks_jan/anaconda3/lib/python3.11/site-packages/airflow/example_dags/example_complex.py
[2024-04-03T20:50:45.361+0000] {logging_mixin.py:188} INFO - [2024-04-03T20:50:45.361+0000] {dag.py:3047} INFO - Sync 1 DAGs
[2024-04-03T20:50:45.375+0000] {logging_mixin.py:188} INFO - [2024-04-03T20:50:45.375+0000] {dag.py:3834} INFO - Setting next_dagrun for example_complex to None, run_after=None
[2024-04-03T20:50:45.402+0000] {processor.py:183} INFO - Processing /home/datatalks_jan/anaconda3/lib/python3.11/site-packages/airflow/example_dags/example_complex.py took 0.098 seconds
