[2024-04-03T20:46:13.567+0000] {processor.py:161} INFO - Started process (PID=82556) to work on /home/datatalks_jan/anaconda3/lib/python3.11/site-packages/airflow/example_dags/example_subdag_operator.py
[2024-04-03T20:46:13.568+0000] {processor.py:830} INFO - Processing file /home/datatalks_jan/anaconda3/lib/python3.11/site-packages/airflow/example_dags/example_subdag_operator.py for tasks to queue
[2024-04-03T20:46:13.570+0000] {logging_mixin.py:188} INFO - [2024-04-03T20:46:13.569+0000] {dagbag.py:540} INFO - Filling up the DagBag from /home/datatalks_jan/anaconda3/lib/python3.11/site-packages/airflow/example_dags/example_subdag_operator.py
[2024-04-03T20:46:13.611+0000] {processor.py:840} INFO - DAG(s) 'example_subdag_operator.section-1', 'example_subdag_operator.section-2', 'example_subdag_operator' retrieved from /home/datatalks_jan/anaconda3/lib/python3.11/site-packages/airflow/example_dags/example_subdag_operator.py
[2024-04-03T20:46:13.730+0000] {logging_mixin.py:188} INFO - [2024-04-03T20:46:13.730+0000] {dag.py:3047} INFO - Sync 3 DAGs
[2024-04-03T20:46:13.753+0000] {logging_mixin.py:188} INFO - [2024-04-03T20:46:13.752+0000] {dag.py:3834} INFO - Setting next_dagrun for example_subdag_operator to 2022-01-01 00:00:00+00:00, run_after=2022-01-01 00:00:00+00:00
[2024-04-03T20:46:13.756+0000] {logging_mixin.py:188} INFO - [2024-04-03T20:46:13.756+0000] {dag.py:3834} INFO - Setting next_dagrun for example_subdag_operator.section-1 to None, run_after=None
[2024-04-03T20:46:13.757+0000] {logging_mixin.py:188} INFO - [2024-04-03T20:46:13.757+0000] {dag.py:3834} INFO - Setting next_dagrun for example_subdag_operator.section-2 to None, run_after=None
[2024-04-03T20:46:13.766+0000] {logging_mixin.py:188} INFO - [2024-04-03T20:46:13.766+0000] {dag.py:3047} INFO - Sync 2 DAGs
[2024-04-03T20:46:13.771+0000] {logging_mixin.py:188} INFO - [2024-04-03T20:46:13.771+0000] {dag.py:3834} INFO - Setting next_dagrun for example_subdag_operator.section-1 to None, run_after=None
[2024-04-03T20:46:13.772+0000] {logging_mixin.py:188} INFO - [2024-04-03T20:46:13.772+0000] {dag.py:3834} INFO - Setting next_dagrun for example_subdag_operator.section-2 to None, run_after=None
[2024-04-03T20:46:13.791+0000] {processor.py:183} INFO - Processing /home/datatalks_jan/anaconda3/lib/python3.11/site-packages/airflow/example_dags/example_subdag_operator.py took 0.230 seconds
[2024-04-03T20:47:28.284+0000] {processor.py:161} INFO - Started process (PID=83089) to work on /home/datatalks_jan/anaconda3/lib/python3.11/site-packages/airflow/example_dags/example_subdag_operator.py
[2024-04-03T20:47:28.286+0000] {processor.py:830} INFO - Processing file /home/datatalks_jan/anaconda3/lib/python3.11/site-packages/airflow/example_dags/example_subdag_operator.py for tasks to queue
[2024-04-03T20:47:28.287+0000] {logging_mixin.py:188} INFO - [2024-04-03T20:47:28.287+0000] {dagbag.py:540} INFO - Filling up the DagBag from /home/datatalks_jan/anaconda3/lib/python3.11/site-packages/airflow/example_dags/example_subdag_operator.py
[2024-04-03T20:47:28.322+0000] {processor.py:840} INFO - DAG(s) 'example_subdag_operator.section-1', 'example_subdag_operator.section-2', 'example_subdag_operator' retrieved from /home/datatalks_jan/anaconda3/lib/python3.11/site-packages/airflow/example_dags/example_subdag_operator.py
[2024-04-03T20:47:28.343+0000] {logging_mixin.py:188} INFO - [2024-04-03T20:47:28.343+0000] {dag.py:3047} INFO - Sync 3 DAGs
[2024-04-03T20:47:28.369+0000] {logging_mixin.py:188} INFO - [2024-04-03T20:47:28.368+0000] {dag.py:3834} INFO - Setting next_dagrun for example_subdag_operator to 2022-01-01 00:00:00+00:00, run_after=2022-01-01 00:00:00+00:00
[2024-04-03T20:47:28.372+0000] {logging_mixin.py:188} INFO - [2024-04-03T20:47:28.372+0000] {dag.py:3834} INFO - Setting next_dagrun for example_subdag_operator.section-1 to None, run_after=None
[2024-04-03T20:47:28.373+0000] {logging_mixin.py:188} INFO - [2024-04-03T20:47:28.373+0000] {dag.py:3834} INFO - Setting next_dagrun for example_subdag_operator.section-2 to None, run_after=None
[2024-04-03T20:47:28.381+0000] {logging_mixin.py:188} INFO - [2024-04-03T20:47:28.381+0000] {dag.py:3047} INFO - Sync 2 DAGs
[2024-04-03T20:47:28.386+0000] {logging_mixin.py:188} INFO - [2024-04-03T20:47:28.386+0000] {dag.py:3834} INFO - Setting next_dagrun for example_subdag_operator.section-1 to None, run_after=None
[2024-04-03T20:47:28.386+0000] {logging_mixin.py:188} INFO - [2024-04-03T20:47:28.386+0000] {dag.py:3834} INFO - Setting next_dagrun for example_subdag_operator.section-2 to None, run_after=None
[2024-04-03T20:47:28.407+0000] {processor.py:183} INFO - Processing /home/datatalks_jan/anaconda3/lib/python3.11/site-packages/airflow/example_dags/example_subdag_operator.py took 0.128 seconds
[2024-04-03T20:48:29.710+0000] {processor.py:161} INFO - Started process (PID=83308) to work on /home/datatalks_jan/anaconda3/lib/python3.11/site-packages/airflow/example_dags/example_subdag_operator.py
[2024-04-03T20:48:29.713+0000] {processor.py:830} INFO - Processing file /home/datatalks_jan/anaconda3/lib/python3.11/site-packages/airflow/example_dags/example_subdag_operator.py for tasks to queue
[2024-04-03T20:48:29.714+0000] {logging_mixin.py:188} INFO - [2024-04-03T20:48:29.713+0000] {dagbag.py:540} INFO - Filling up the DagBag from /home/datatalks_jan/anaconda3/lib/python3.11/site-packages/airflow/example_dags/example_subdag_operator.py
[2024-04-03T20:48:29.748+0000] {processor.py:840} INFO - DAG(s) 'example_subdag_operator.section-1', 'example_subdag_operator.section-2', 'example_subdag_operator' retrieved from /home/datatalks_jan/anaconda3/lib/python3.11/site-packages/airflow/example_dags/example_subdag_operator.py
[2024-04-03T20:48:29.769+0000] {logging_mixin.py:188} INFO - [2024-04-03T20:48:29.768+0000] {dag.py:3047} INFO - Sync 3 DAGs
[2024-04-03T20:48:29.792+0000] {logging_mixin.py:188} INFO - [2024-04-03T20:48:29.791+0000] {dag.py:3834} INFO - Setting next_dagrun for example_subdag_operator to 2022-01-01 00:00:00+00:00, run_after=2022-01-01 00:00:00+00:00
[2024-04-03T20:48:29.795+0000] {logging_mixin.py:188} INFO - [2024-04-03T20:48:29.795+0000] {dag.py:3834} INFO - Setting next_dagrun for example_subdag_operator.section-1 to None, run_after=None
[2024-04-03T20:48:29.796+0000] {logging_mixin.py:188} INFO - [2024-04-03T20:48:29.796+0000] {dag.py:3834} INFO - Setting next_dagrun for example_subdag_operator.section-2 to None, run_after=None
[2024-04-03T20:48:29.804+0000] {logging_mixin.py:188} INFO - [2024-04-03T20:48:29.804+0000] {dag.py:3047} INFO - Sync 2 DAGs
[2024-04-03T20:48:29.809+0000] {logging_mixin.py:188} INFO - [2024-04-03T20:48:29.808+0000] {dag.py:3834} INFO - Setting next_dagrun for example_subdag_operator.section-1 to None, run_after=None
[2024-04-03T20:48:29.809+0000] {logging_mixin.py:188} INFO - [2024-04-03T20:48:29.809+0000] {dag.py:3834} INFO - Setting next_dagrun for example_subdag_operator.section-2 to None, run_after=None
[2024-04-03T20:48:29.829+0000] {processor.py:183} INFO - Processing /home/datatalks_jan/anaconda3/lib/python3.11/site-packages/airflow/example_dags/example_subdag_operator.py took 0.125 seconds
[2024-04-03T20:49:33.623+0000] {processor.py:161} INFO - Started process (PID=83645) to work on /home/datatalks_jan/anaconda3/lib/python3.11/site-packages/airflow/example_dags/example_subdag_operator.py
[2024-04-03T20:49:33.625+0000] {processor.py:830} INFO - Processing file /home/datatalks_jan/anaconda3/lib/python3.11/site-packages/airflow/example_dags/example_subdag_operator.py for tasks to queue
[2024-04-03T20:49:33.626+0000] {logging_mixin.py:188} INFO - [2024-04-03T20:49:33.626+0000] {dagbag.py:540} INFO - Filling up the DagBag from /home/datatalks_jan/anaconda3/lib/python3.11/site-packages/airflow/example_dags/example_subdag_operator.py
[2024-04-03T20:49:33.868+0000] {processor.py:840} INFO - DAG(s) 'example_subdag_operator.section-1', 'example_subdag_operator.section-2', 'example_subdag_operator' retrieved from /home/datatalks_jan/anaconda3/lib/python3.11/site-packages/airflow/example_dags/example_subdag_operator.py
[2024-04-03T20:49:33.883+0000] {logging_mixin.py:188} INFO - [2024-04-03T20:49:33.883+0000] {dag.py:3047} INFO - Sync 3 DAGs
[2024-04-03T20:49:33.900+0000] {logging_mixin.py:188} INFO - [2024-04-03T20:49:33.900+0000] {dag.py:3834} INFO - Setting next_dagrun for example_subdag_operator to 2022-01-01 00:00:00+00:00, run_after=2022-01-01 00:00:00+00:00
[2024-04-03T20:49:33.904+0000] {logging_mixin.py:188} INFO - [2024-04-03T20:49:33.903+0000] {dag.py:3834} INFO - Setting next_dagrun for example_subdag_operator.section-1 to None, run_after=None
[2024-04-03T20:49:33.904+0000] {logging_mixin.py:188} INFO - [2024-04-03T20:49:33.904+0000] {dag.py:3834} INFO - Setting next_dagrun for example_subdag_operator.section-2 to None, run_after=None
[2024-04-03T20:49:33.910+0000] {logging_mixin.py:188} INFO - [2024-04-03T20:49:33.910+0000] {dag.py:3047} INFO - Sync 2 DAGs
[2024-04-03T20:49:33.914+0000] {logging_mixin.py:188} INFO - [2024-04-03T20:49:33.914+0000] {dag.py:3834} INFO - Setting next_dagrun for example_subdag_operator.section-1 to None, run_after=None
[2024-04-03T20:49:33.914+0000] {logging_mixin.py:188} INFO - [2024-04-03T20:49:33.914+0000] {dag.py:3834} INFO - Setting next_dagrun for example_subdag_operator.section-2 to None, run_after=None
[2024-04-03T20:49:33.931+0000] {processor.py:183} INFO - Processing /home/datatalks_jan/anaconda3/lib/python3.11/site-packages/airflow/example_dags/example_subdag_operator.py took 0.312 seconds
[2024-04-03T20:50:36.054+0000] {processor.py:161} INFO - Started process (PID=83855) to work on /home/datatalks_jan/anaconda3/lib/python3.11/site-packages/airflow/example_dags/example_subdag_operator.py
[2024-04-03T20:50:36.057+0000] {processor.py:830} INFO - Processing file /home/datatalks_jan/anaconda3/lib/python3.11/site-packages/airflow/example_dags/example_subdag_operator.py for tasks to queue
[2024-04-03T20:50:36.058+0000] {logging_mixin.py:188} INFO - [2024-04-03T20:50:36.058+0000] {dagbag.py:540} INFO - Filling up the DagBag from /home/datatalks_jan/anaconda3/lib/python3.11/site-packages/airflow/example_dags/example_subdag_operator.py
[2024-04-03T20:50:36.098+0000] {processor.py:840} INFO - DAG(s) 'example_subdag_operator.section-1', 'example_subdag_operator.section-2', 'example_subdag_operator' retrieved from /home/datatalks_jan/anaconda3/lib/python3.11/site-packages/airflow/example_dags/example_subdag_operator.py
[2024-04-03T20:50:36.122+0000] {logging_mixin.py:188} INFO - [2024-04-03T20:50:36.122+0000] {dag.py:3047} INFO - Sync 3 DAGs
[2024-04-03T20:50:36.149+0000] {logging_mixin.py:188} INFO - [2024-04-03T20:50:36.148+0000] {dag.py:3834} INFO - Setting next_dagrun for example_subdag_operator to 2022-01-01 00:00:00+00:00, run_after=2022-01-01 00:00:00+00:00
[2024-04-03T20:50:36.153+0000] {logging_mixin.py:188} INFO - [2024-04-03T20:50:36.153+0000] {dag.py:3834} INFO - Setting next_dagrun for example_subdag_operator.section-1 to None, run_after=None
[2024-04-03T20:50:36.154+0000] {logging_mixin.py:188} INFO - [2024-04-03T20:50:36.154+0000] {dag.py:3834} INFO - Setting next_dagrun for example_subdag_operator.section-2 to None, run_after=None
[2024-04-03T20:50:36.162+0000] {logging_mixin.py:188} INFO - [2024-04-03T20:50:36.162+0000] {dag.py:3047} INFO - Sync 2 DAGs
[2024-04-03T20:50:36.168+0000] {logging_mixin.py:188} INFO - [2024-04-03T20:50:36.168+0000] {dag.py:3834} INFO - Setting next_dagrun for example_subdag_operator.section-1 to None, run_after=None
[2024-04-03T20:50:36.169+0000] {logging_mixin.py:188} INFO - [2024-04-03T20:50:36.168+0000] {dag.py:3834} INFO - Setting next_dagrun for example_subdag_operator.section-2 to None, run_after=None
[2024-04-03T20:50:36.187+0000] {processor.py:183} INFO - Processing /home/datatalks_jan/anaconda3/lib/python3.11/site-packages/airflow/example_dags/example_subdag_operator.py took 0.138 seconds
