[2024-04-03T20:46:10.935+0000] {processor.py:161} INFO - Started process (PID=82524) to work on /home/datatalks_jan/anaconda3/lib/python3.11/site-packages/airflow/example_dags/example_short_circuit_decorator.py
[2024-04-03T20:46:10.937+0000] {processor.py:830} INFO - Processing file /home/datatalks_jan/anaconda3/lib/python3.11/site-packages/airflow/example_dags/example_short_circuit_decorator.py for tasks to queue
[2024-04-03T20:46:10.938+0000] {logging_mixin.py:188} INFO - [2024-04-03T20:46:10.937+0000] {dagbag.py:540} INFO - Filling up the DagBag from /home/datatalks_jan/anaconda3/lib/python3.11/site-packages/airflow/example_dags/example_short_circuit_decorator.py
[2024-04-03T20:46:10.954+0000] {processor.py:840} INFO - DAG(s) 'example_short_circuit_decorator' retrieved from /home/datatalks_jan/anaconda3/lib/python3.11/site-packages/airflow/example_dags/example_short_circuit_decorator.py
[2024-04-03T20:46:11.100+0000] {logging_mixin.py:188} INFO - [2024-04-03T20:46:11.099+0000] {dag.py:3047} INFO - Sync 1 DAGs
[2024-04-03T20:46:11.121+0000] {logging_mixin.py:188} INFO - [2024-04-03T20:46:11.121+0000] {dag.py:3834} INFO - Setting next_dagrun for example_short_circuit_decorator to 2024-04-02 00:00:00+00:00, run_after=2024-04-03 00:00:00+00:00
[2024-04-03T20:46:11.148+0000] {processor.py:183} INFO - Processing /home/datatalks_jan/anaconda3/lib/python3.11/site-packages/airflow/example_dags/example_short_circuit_decorator.py took 0.217 seconds
[2024-04-03T20:47:25.891+0000] {processor.py:161} INFO - Started process (PID=83087) to work on /home/datatalks_jan/anaconda3/lib/python3.11/site-packages/airflow/example_dags/example_short_circuit_decorator.py
[2024-04-03T20:47:25.894+0000] {processor.py:830} INFO - Processing file /home/datatalks_jan/anaconda3/lib/python3.11/site-packages/airflow/example_dags/example_short_circuit_decorator.py for tasks to queue
[2024-04-03T20:47:25.895+0000] {logging_mixin.py:188} INFO - [2024-04-03T20:47:25.894+0000] {dagbag.py:540} INFO - Filling up the DagBag from /home/datatalks_jan/anaconda3/lib/python3.11/site-packages/airflow/example_dags/example_short_circuit_decorator.py
[2024-04-03T20:47:25.912+0000] {processor.py:840} INFO - DAG(s) 'example_short_circuit_decorator' retrieved from /home/datatalks_jan/anaconda3/lib/python3.11/site-packages/airflow/example_dags/example_short_circuit_decorator.py
[2024-04-03T20:47:25.941+0000] {logging_mixin.py:188} INFO - [2024-04-03T20:47:25.940+0000] {dag.py:3047} INFO - Sync 1 DAGs
[2024-04-03T20:47:25.967+0000] {logging_mixin.py:188} INFO - [2024-04-03T20:47:25.966+0000] {dag.py:3834} INFO - Setting next_dagrun for example_short_circuit_decorator to 2024-04-02 00:00:00+00:00, run_after=2024-04-03 00:00:00+00:00
[2024-04-03T20:47:25.995+0000] {processor.py:183} INFO - Processing /home/datatalks_jan/anaconda3/lib/python3.11/site-packages/airflow/example_dags/example_short_circuit_decorator.py took 0.109 seconds
[2024-04-03T20:48:27.413+0000] {processor.py:161} INFO - Started process (PID=83303) to work on /home/datatalks_jan/anaconda3/lib/python3.11/site-packages/airflow/example_dags/example_short_circuit_decorator.py
[2024-04-03T20:48:27.415+0000] {processor.py:830} INFO - Processing file /home/datatalks_jan/anaconda3/lib/python3.11/site-packages/airflow/example_dags/example_short_circuit_decorator.py for tasks to queue
[2024-04-03T20:48:27.417+0000] {logging_mixin.py:188} INFO - [2024-04-03T20:48:27.416+0000] {dagbag.py:540} INFO - Filling up the DagBag from /home/datatalks_jan/anaconda3/lib/python3.11/site-packages/airflow/example_dags/example_short_circuit_decorator.py
[2024-04-03T20:48:27.433+0000] {processor.py:840} INFO - DAG(s) 'example_short_circuit_decorator' retrieved from /home/datatalks_jan/anaconda3/lib/python3.11/site-packages/airflow/example_dags/example_short_circuit_decorator.py
[2024-04-03T20:48:27.463+0000] {logging_mixin.py:188} INFO - [2024-04-03T20:48:27.463+0000] {dag.py:3047} INFO - Sync 1 DAGs
[2024-04-03T20:48:27.489+0000] {logging_mixin.py:188} INFO - [2024-04-03T20:48:27.488+0000] {dag.py:3834} INFO - Setting next_dagrun for example_short_circuit_decorator to 2024-04-02 00:00:00+00:00, run_after=2024-04-03 00:00:00+00:00
[2024-04-03T20:48:27.519+0000] {processor.py:183} INFO - Processing /home/datatalks_jan/anaconda3/lib/python3.11/site-packages/airflow/example_dags/example_short_circuit_decorator.py took 0.112 seconds
[2024-04-03T20:49:30.809+0000] {processor.py:161} INFO - Started process (PID=83643) to work on /home/datatalks_jan/anaconda3/lib/python3.11/site-packages/airflow/example_dags/example_short_circuit_decorator.py
[2024-04-03T20:49:30.814+0000] {processor.py:830} INFO - Processing file /home/datatalks_jan/anaconda3/lib/python3.11/site-packages/airflow/example_dags/example_short_circuit_decorator.py for tasks to queue
[2024-04-03T20:49:30.815+0000] {logging_mixin.py:188} INFO - [2024-04-03T20:49:30.815+0000] {dagbag.py:540} INFO - Filling up the DagBag from /home/datatalks_jan/anaconda3/lib/python3.11/site-packages/airflow/example_dags/example_short_circuit_decorator.py
[2024-04-03T20:49:31.109+0000] {processor.py:840} INFO - DAG(s) 'example_short_circuit_decorator' retrieved from /home/datatalks_jan/anaconda3/lib/python3.11/site-packages/airflow/example_dags/example_short_circuit_decorator.py
[2024-04-03T20:49:31.127+0000] {logging_mixin.py:188} INFO - [2024-04-03T20:49:31.127+0000] {dag.py:3047} INFO - Sync 1 DAGs
[2024-04-03T20:49:31.148+0000] {logging_mixin.py:188} INFO - [2024-04-03T20:49:31.148+0000] {dag.py:3834} INFO - Setting next_dagrun for example_short_circuit_decorator to 2024-04-02 00:00:00+00:00, run_after=2024-04-03 00:00:00+00:00
[2024-04-03T20:49:31.173+0000] {processor.py:183} INFO - Processing /home/datatalks_jan/anaconda3/lib/python3.11/site-packages/airflow/example_dags/example_short_circuit_decorator.py took 0.369 seconds
[2024-04-03T20:50:34.232+0000] {processor.py:161} INFO - Started process (PID=83853) to work on /home/datatalks_jan/anaconda3/lib/python3.11/site-packages/airflow/example_dags/example_short_circuit_decorator.py
[2024-04-03T20:50:34.235+0000] {processor.py:830} INFO - Processing file /home/datatalks_jan/anaconda3/lib/python3.11/site-packages/airflow/example_dags/example_short_circuit_decorator.py for tasks to queue
[2024-04-03T20:50:34.236+0000] {logging_mixin.py:188} INFO - [2024-04-03T20:50:34.235+0000] {dagbag.py:540} INFO - Filling up the DagBag from /home/datatalks_jan/anaconda3/lib/python3.11/site-packages/airflow/example_dags/example_short_circuit_decorator.py
[2024-04-03T20:50:34.253+0000] {processor.py:840} INFO - DAG(s) 'example_short_circuit_decorator' retrieved from /home/datatalks_jan/anaconda3/lib/python3.11/site-packages/airflow/example_dags/example_short_circuit_decorator.py
[2024-04-03T20:50:34.282+0000] {logging_mixin.py:188} INFO - [2024-04-03T20:50:34.282+0000] {dag.py:3047} INFO - Sync 1 DAGs
[2024-04-03T20:50:34.314+0000] {logging_mixin.py:188} INFO - [2024-04-03T20:50:34.313+0000] {dag.py:3834} INFO - Setting next_dagrun for example_short_circuit_decorator to 2024-04-02 00:00:00+00:00, run_after=2024-04-03 00:00:00+00:00
[2024-04-03T20:50:34.343+0000] {processor.py:183} INFO - Processing /home/datatalks_jan/anaconda3/lib/python3.11/site-packages/airflow/example_dags/example_short_circuit_decorator.py took 0.116 seconds
