[2024-04-03T20:46:27.558+0000] {processor.py:161} INFO - Started process (PID=82628) to work on /home/datatalks_jan/anaconda3/lib/python3.11/site-packages/airflow/example_dags/example_params_ui_tutorial.py
[2024-04-03T20:46:27.560+0000] {processor.py:830} INFO - Processing file /home/datatalks_jan/anaconda3/lib/python3.11/site-packages/airflow/example_dags/example_params_ui_tutorial.py for tasks to queue
[2024-04-03T20:46:27.561+0000] {logging_mixin.py:188} INFO - [2024-04-03T20:46:27.561+0000] {dagbag.py:540} INFO - Filling up the DagBag from /home/datatalks_jan/anaconda3/lib/python3.11/site-packages/airflow/example_dags/example_params_ui_tutorial.py
[2024-04-03T20:46:27.584+0000] {processor.py:840} INFO - DAG(s) 'example_params_ui_tutorial' retrieved from /home/datatalks_jan/anaconda3/lib/python3.11/site-packages/airflow/example_dags/example_params_ui_tutorial.py
[2024-04-03T20:46:27.736+0000] {logging_mixin.py:188} INFO - [2024-04-03T20:46:27.736+0000] {dag.py:3047} INFO - Sync 1 DAGs
[2024-04-03T20:46:27.749+0000] {logging_mixin.py:188} INFO - [2024-04-03T20:46:27.749+0000] {dag.py:3834} INFO - Setting next_dagrun for example_params_ui_tutorial to None, run_after=None
[2024-04-03T20:46:27.779+0000] {processor.py:183} INFO - Processing /home/datatalks_jan/anaconda3/lib/python3.11/site-packages/airflow/example_dags/example_params_ui_tutorial.py took 0.226 seconds
[2024-04-03T20:47:49.779+0000] {processor.py:161} INFO - Started process (PID=83258) to work on /home/datatalks_jan/anaconda3/lib/python3.11/site-packages/airflow/example_dags/example_params_ui_tutorial.py
[2024-04-03T20:47:49.784+0000] {processor.py:830} INFO - Processing file /home/datatalks_jan/anaconda3/lib/python3.11/site-packages/airflow/example_dags/example_params_ui_tutorial.py for tasks to queue
[2024-04-03T20:47:49.785+0000] {logging_mixin.py:188} INFO - [2024-04-03T20:47:49.785+0000] {dagbag.py:540} INFO - Filling up the DagBag from /home/datatalks_jan/anaconda3/lib/python3.11/site-packages/airflow/example_dags/example_params_ui_tutorial.py
[2024-04-03T20:47:49.811+0000] {processor.py:840} INFO - DAG(s) 'example_params_ui_tutorial' retrieved from /home/datatalks_jan/anaconda3/lib/python3.11/site-packages/airflow/example_dags/example_params_ui_tutorial.py
[2024-04-03T20:47:49.864+0000] {logging_mixin.py:188} INFO - [2024-04-03T20:47:49.863+0000] {dag.py:3047} INFO - Sync 1 DAGs
[2024-04-03T20:47:49.880+0000] {logging_mixin.py:188} INFO - [2024-04-03T20:47:49.880+0000] {dag.py:3834} INFO - Setting next_dagrun for example_params_ui_tutorial to None, run_after=None
[2024-04-03T20:47:49.910+0000] {processor.py:183} INFO - Processing /home/datatalks_jan/anaconda3/lib/python3.11/site-packages/airflow/example_dags/example_params_ui_tutorial.py took 0.137 seconds
[2024-04-03T20:48:52.034+0000] {processor.py:161} INFO - Started process (PID=83543) to work on /home/datatalks_jan/anaconda3/lib/python3.11/site-packages/airflow/example_dags/example_params_ui_tutorial.py
[2024-04-03T20:48:52.037+0000] {processor.py:830} INFO - Processing file /home/datatalks_jan/anaconda3/lib/python3.11/site-packages/airflow/example_dags/example_params_ui_tutorial.py for tasks to queue
[2024-04-03T20:48:52.038+0000] {logging_mixin.py:188} INFO - [2024-04-03T20:48:52.037+0000] {dagbag.py:540} INFO - Filling up the DagBag from /home/datatalks_jan/anaconda3/lib/python3.11/site-packages/airflow/example_dags/example_params_ui_tutorial.py
[2024-04-03T20:48:52.057+0000] {processor.py:840} INFO - DAG(s) 'example_params_ui_tutorial' retrieved from /home/datatalks_jan/anaconda3/lib/python3.11/site-packages/airflow/example_dags/example_params_ui_tutorial.py
[2024-04-03T20:48:52.103+0000] {logging_mixin.py:188} INFO - [2024-04-03T20:48:52.103+0000] {dag.py:3047} INFO - Sync 1 DAGs
[2024-04-03T20:48:52.327+0000] {logging_mixin.py:188} INFO - [2024-04-03T20:48:52.327+0000] {dag.py:3834} INFO - Setting next_dagrun for example_params_ui_tutorial to None, run_after=None
[2024-04-03T20:48:52.357+0000] {processor.py:183} INFO - Processing /home/datatalks_jan/anaconda3/lib/python3.11/site-packages/airflow/example_dags/example_params_ui_tutorial.py took 0.328 seconds
[2024-04-03T20:50:04.854+0000] {processor.py:161} INFO - Started process (PID=83823) to work on /home/datatalks_jan/anaconda3/lib/python3.11/site-packages/airflow/example_dags/example_params_ui_tutorial.py
[2024-04-03T20:50:04.857+0000] {processor.py:830} INFO - Processing file /home/datatalks_jan/anaconda3/lib/python3.11/site-packages/airflow/example_dags/example_params_ui_tutorial.py for tasks to queue
[2024-04-03T20:50:04.859+0000] {logging_mixin.py:188} INFO - [2024-04-03T20:50:04.858+0000] {dagbag.py:540} INFO - Filling up the DagBag from /home/datatalks_jan/anaconda3/lib/python3.11/site-packages/airflow/example_dags/example_params_ui_tutorial.py
[2024-04-03T20:50:04.882+0000] {processor.py:840} INFO - DAG(s) 'example_params_ui_tutorial' retrieved from /home/datatalks_jan/anaconda3/lib/python3.11/site-packages/airflow/example_dags/example_params_ui_tutorial.py
[2024-04-03T20:50:04.934+0000] {logging_mixin.py:188} INFO - [2024-04-03T20:50:04.933+0000] {dag.py:3047} INFO - Sync 1 DAGs
[2024-04-03T20:50:04.950+0000] {logging_mixin.py:188} INFO - [2024-04-03T20:50:04.950+0000] {dag.py:3834} INFO - Setting next_dagrun for example_params_ui_tutorial to None, run_after=None
[2024-04-03T20:50:04.979+0000] {processor.py:183} INFO - Processing /home/datatalks_jan/anaconda3/lib/python3.11/site-packages/airflow/example_dags/example_params_ui_tutorial.py took 0.130 seconds
[2024-04-03T20:51:05.574+0000] {processor.py:161} INFO - Started process (PID=84097) to work on /home/datatalks_jan/anaconda3/lib/python3.11/site-packages/airflow/example_dags/example_params_ui_tutorial.py
[2024-04-03T20:51:05.577+0000] {processor.py:830} INFO - Processing file /home/datatalks_jan/anaconda3/lib/python3.11/site-packages/airflow/example_dags/example_params_ui_tutorial.py for tasks to queue
[2024-04-03T20:51:05.578+0000] {logging_mixin.py:188} INFO - [2024-04-03T20:51:05.577+0000] {dagbag.py:540} INFO - Filling up the DagBag from /home/datatalks_jan/anaconda3/lib/python3.11/site-packages/airflow/example_dags/example_params_ui_tutorial.py
[2024-04-03T20:51:05.598+0000] {processor.py:840} INFO - DAG(s) 'example_params_ui_tutorial' retrieved from /home/datatalks_jan/anaconda3/lib/python3.11/site-packages/airflow/example_dags/example_params_ui_tutorial.py
[2024-04-03T20:51:05.658+0000] {logging_mixin.py:188} INFO - [2024-04-03T20:51:05.658+0000] {dag.py:3047} INFO - Sync 1 DAGs
[2024-04-03T20:51:05.673+0000] {logging_mixin.py:188} INFO - [2024-04-03T20:51:05.672+0000] {dag.py:3834} INFO - Setting next_dagrun for example_params_ui_tutorial to None, run_after=None
[2024-04-03T20:51:05.699+0000] {processor.py:183} INFO - Processing /home/datatalks_jan/anaconda3/lib/python3.11/site-packages/airflow/example_dags/example_params_ui_tutorial.py took 0.130 seconds
