[2024-04-03T20:46:41.840+0000] {processor.py:161} INFO - Started process (PID=82718) to work on /home/datatalks_jan/anaconda3/lib/python3.11/site-packages/airflow/example_dags/example_kubernetes_executor.py
[2024-04-03T20:46:41.841+0000] {processor.py:830} INFO - Processing file /home/datatalks_jan/anaconda3/lib/python3.11/site-packages/airflow/example_dags/example_kubernetes_executor.py for tasks to queue
[2024-04-03T20:46:41.843+0000] {logging_mixin.py:188} INFO - [2024-04-03T20:46:41.842+0000] {dagbag.py:540} INFO - Filling up the DagBag from /home/datatalks_jan/anaconda3/lib/python3.11/site-packages/airflow/example_dags/example_kubernetes_executor.py
[2024-04-03T20:46:41.863+0000] {processor.py:840} INFO - DAG(s) 'example_kubernetes_executor' retrieved from /home/datatalks_jan/anaconda3/lib/python3.11/site-packages/airflow/example_dags/example_kubernetes_executor.py
[2024-04-03T20:46:42.008+0000] {logging_mixin.py:188} INFO - [2024-04-03T20:46:42.008+0000] {dag.py:3047} INFO - Sync 1 DAGs
[2024-04-03T20:46:42.020+0000] {logging_mixin.py:188} INFO - [2024-04-03T20:46:42.019+0000] {dag.py:3834} INFO - Setting next_dagrun for example_kubernetes_executor to None, run_after=None
[2024-04-03T20:46:42.055+0000] {processor.py:183} INFO - Processing /home/datatalks_jan/anaconda3/lib/python3.11/site-packages/airflow/example_dags/example_kubernetes_executor.py took 0.221 seconds
[2024-04-03T20:48:02.362+0000] {processor.py:161} INFO - Started process (PID=83271) to work on /home/datatalks_jan/anaconda3/lib/python3.11/site-packages/airflow/example_dags/example_kubernetes_executor.py
[2024-04-03T20:48:02.364+0000] {processor.py:830} INFO - Processing file /home/datatalks_jan/anaconda3/lib/python3.11/site-packages/airflow/example_dags/example_kubernetes_executor.py for tasks to queue
[2024-04-03T20:48:02.366+0000] {logging_mixin.py:188} INFO - [2024-04-03T20:48:02.365+0000] {dagbag.py:540} INFO - Filling up the DagBag from /home/datatalks_jan/anaconda3/lib/python3.11/site-packages/airflow/example_dags/example_kubernetes_executor.py
[2024-04-03T20:48:02.388+0000] {processor.py:840} INFO - DAG(s) 'example_kubernetes_executor' retrieved from /home/datatalks_jan/anaconda3/lib/python3.11/site-packages/airflow/example_dags/example_kubernetes_executor.py
[2024-04-03T20:48:02.435+0000] {logging_mixin.py:188} INFO - [2024-04-03T20:48:02.435+0000] {dag.py:3047} INFO - Sync 1 DAGs
[2024-04-03T20:48:02.450+0000] {logging_mixin.py:188} INFO - [2024-04-03T20:48:02.450+0000] {dag.py:3834} INFO - Setting next_dagrun for example_kubernetes_executor to None, run_after=None
[2024-04-03T20:48:02.480+0000] {processor.py:183} INFO - Processing /home/datatalks_jan/anaconda3/lib/python3.11/site-packages/airflow/example_dags/example_kubernetes_executor.py took 0.123 seconds
[2024-04-03T20:49:07.490+0000] {processor.py:161} INFO - Started process (PID=83561) to work on /home/datatalks_jan/anaconda3/lib/python3.11/site-packages/airflow/example_dags/example_kubernetes_executor.py
[2024-04-03T20:49:07.493+0000] {processor.py:830} INFO - Processing file /home/datatalks_jan/anaconda3/lib/python3.11/site-packages/airflow/example_dags/example_kubernetes_executor.py for tasks to queue
[2024-04-03T20:49:07.494+0000] {logging_mixin.py:188} INFO - [2024-04-03T20:49:07.494+0000] {dagbag.py:540} INFO - Filling up the DagBag from /home/datatalks_jan/anaconda3/lib/python3.11/site-packages/airflow/example_dags/example_kubernetes_executor.py
[2024-04-03T20:49:07.516+0000] {processor.py:840} INFO - DAG(s) 'example_kubernetes_executor' retrieved from /home/datatalks_jan/anaconda3/lib/python3.11/site-packages/airflow/example_dags/example_kubernetes_executor.py
[2024-04-03T20:49:07.824+0000] {logging_mixin.py:188} INFO - [2024-04-03T20:49:07.823+0000] {dag.py:3047} INFO - Sync 1 DAGs
[2024-04-03T20:49:07.836+0000] {logging_mixin.py:188} INFO - [2024-04-03T20:49:07.836+0000] {dag.py:3834} INFO - Setting next_dagrun for example_kubernetes_executor to None, run_after=None
[2024-04-03T20:49:07.861+0000] {processor.py:183} INFO - Processing /home/datatalks_jan/anaconda3/lib/python3.11/site-packages/airflow/example_dags/example_kubernetes_executor.py took 0.378 seconds
[2024-04-03T20:50:17.765+0000] {processor.py:161} INFO - Started process (PID=83835) to work on /home/datatalks_jan/anaconda3/lib/python3.11/site-packages/airflow/example_dags/example_kubernetes_executor.py
[2024-04-03T20:50:17.767+0000] {processor.py:830} INFO - Processing file /home/datatalks_jan/anaconda3/lib/python3.11/site-packages/airflow/example_dags/example_kubernetes_executor.py for tasks to queue
[2024-04-03T20:50:17.769+0000] {logging_mixin.py:188} INFO - [2024-04-03T20:50:17.768+0000] {dagbag.py:540} INFO - Filling up the DagBag from /home/datatalks_jan/anaconda3/lib/python3.11/site-packages/airflow/example_dags/example_kubernetes_executor.py
[2024-04-03T20:50:17.790+0000] {processor.py:840} INFO - DAG(s) 'example_kubernetes_executor' retrieved from /home/datatalks_jan/anaconda3/lib/python3.11/site-packages/airflow/example_dags/example_kubernetes_executor.py
[2024-04-03T20:50:17.836+0000] {logging_mixin.py:188} INFO - [2024-04-03T20:50:17.836+0000] {dag.py:3047} INFO - Sync 1 DAGs
[2024-04-03T20:50:17.849+0000] {logging_mixin.py:188} INFO - [2024-04-03T20:50:17.849+0000] {dag.py:3834} INFO - Setting next_dagrun for example_kubernetes_executor to None, run_after=None
[2024-04-03T20:50:17.876+0000] {processor.py:183} INFO - Processing /home/datatalks_jan/anaconda3/lib/python3.11/site-packages/airflow/example_dags/example_kubernetes_executor.py took 0.116 seconds
[2024-04-03T20:51:18.372+0000] {processor.py:161} INFO - Started process (PID=84109) to work on /home/datatalks_jan/anaconda3/lib/python3.11/site-packages/airflow/example_dags/example_kubernetes_executor.py
[2024-04-03T20:51:18.374+0000] {processor.py:830} INFO - Processing file /home/datatalks_jan/anaconda3/lib/python3.11/site-packages/airflow/example_dags/example_kubernetes_executor.py for tasks to queue
[2024-04-03T20:51:18.376+0000] {logging_mixin.py:188} INFO - [2024-04-03T20:51:18.375+0000] {dagbag.py:540} INFO - Filling up the DagBag from /home/datatalks_jan/anaconda3/lib/python3.11/site-packages/airflow/example_dags/example_kubernetes_executor.py
[2024-04-03T20:51:18.408+0000] {processor.py:840} INFO - DAG(s) 'example_kubernetes_executor' retrieved from /home/datatalks_jan/anaconda3/lib/python3.11/site-packages/airflow/example_dags/example_kubernetes_executor.py
[2024-04-03T20:51:18.464+0000] {logging_mixin.py:188} INFO - [2024-04-03T20:51:18.463+0000] {dag.py:3047} INFO - Sync 1 DAGs
[2024-04-03T20:51:18.480+0000] {logging_mixin.py:188} INFO - [2024-04-03T20:51:18.479+0000] {dag.py:3834} INFO - Setting next_dagrun for example_kubernetes_executor to None, run_after=None
[2024-04-03T20:51:18.507+0000] {processor.py:183} INFO - Processing /home/datatalks_jan/anaconda3/lib/python3.11/site-packages/airflow/example_dags/example_kubernetes_executor.py took 0.141 seconds
