[2024-04-03T20:46:12.153+0000] {processor.py:161} INFO - Started process (PID=82532) to work on /home/datatalks_jan/anaconda3/lib/python3.11/site-packages/airflow/example_dags/example_trigger_target_dag.py
[2024-04-03T20:46:12.156+0000] {processor.py:830} INFO - Processing file /home/datatalks_jan/anaconda3/lib/python3.11/site-packages/airflow/example_dags/example_trigger_target_dag.py for tasks to queue
[2024-04-03T20:46:12.157+0000] {logging_mixin.py:188} INFO - [2024-04-03T20:46:12.157+0000] {dagbag.py:540} INFO - Filling up the DagBag from /home/datatalks_jan/anaconda3/lib/python3.11/site-packages/airflow/example_dags/example_trigger_target_dag.py
[2024-04-03T20:46:12.175+0000] {processor.py:840} INFO - DAG(s) 'example_trigger_target_dag' retrieved from /home/datatalks_jan/anaconda3/lib/python3.11/site-packages/airflow/example_dags/example_trigger_target_dag.py
[2024-04-03T20:46:12.298+0000] {logging_mixin.py:188} INFO - [2024-04-03T20:46:12.297+0000] {dag.py:3047} INFO - Sync 1 DAGs
[2024-04-03T20:46:12.312+0000] {logging_mixin.py:188} INFO - [2024-04-03T20:46:12.312+0000] {dag.py:3834} INFO - Setting next_dagrun for example_trigger_target_dag to None, run_after=None
[2024-04-03T20:46:12.340+0000] {processor.py:183} INFO - Processing /home/datatalks_jan/anaconda3/lib/python3.11/site-packages/airflow/example_dags/example_trigger_target_dag.py took 0.195 seconds
[2024-04-03T20:47:27.137+0000] {processor.py:161} INFO - Started process (PID=83088) to work on /home/datatalks_jan/anaconda3/lib/python3.11/site-packages/airflow/example_dags/example_trigger_target_dag.py
[2024-04-03T20:47:27.139+0000] {processor.py:830} INFO - Processing file /home/datatalks_jan/anaconda3/lib/python3.11/site-packages/airflow/example_dags/example_trigger_target_dag.py for tasks to queue
[2024-04-03T20:47:27.141+0000] {logging_mixin.py:188} INFO - [2024-04-03T20:47:27.140+0000] {dagbag.py:540} INFO - Filling up the DagBag from /home/datatalks_jan/anaconda3/lib/python3.11/site-packages/airflow/example_dags/example_trigger_target_dag.py
[2024-04-03T20:47:27.153+0000] {processor.py:840} INFO - DAG(s) 'example_trigger_target_dag' retrieved from /home/datatalks_jan/anaconda3/lib/python3.11/site-packages/airflow/example_dags/example_trigger_target_dag.py
[2024-04-03T20:47:27.177+0000] {logging_mixin.py:188} INFO - [2024-04-03T20:47:27.177+0000] {dag.py:3047} INFO - Sync 1 DAGs
[2024-04-03T20:47:27.192+0000] {logging_mixin.py:188} INFO - [2024-04-03T20:47:27.192+0000] {dag.py:3834} INFO - Setting next_dagrun for example_trigger_target_dag to None, run_after=None
[2024-04-03T20:47:27.218+0000] {processor.py:183} INFO - Processing /home/datatalks_jan/anaconda3/lib/python3.11/site-packages/airflow/example_dags/example_trigger_target_dag.py took 0.087 seconds
[2024-04-03T20:48:28.352+0000] {processor.py:161} INFO - Started process (PID=83307) to work on /home/datatalks_jan/anaconda3/lib/python3.11/site-packages/airflow/example_dags/example_trigger_target_dag.py
[2024-04-03T20:48:28.354+0000] {processor.py:830} INFO - Processing file /home/datatalks_jan/anaconda3/lib/python3.11/site-packages/airflow/example_dags/example_trigger_target_dag.py for tasks to queue
[2024-04-03T20:48:28.356+0000] {logging_mixin.py:188} INFO - [2024-04-03T20:48:28.355+0000] {dagbag.py:540} INFO - Filling up the DagBag from /home/datatalks_jan/anaconda3/lib/python3.11/site-packages/airflow/example_dags/example_trigger_target_dag.py
[2024-04-03T20:48:28.370+0000] {processor.py:840} INFO - DAG(s) 'example_trigger_target_dag' retrieved from /home/datatalks_jan/anaconda3/lib/python3.11/site-packages/airflow/example_dags/example_trigger_target_dag.py
[2024-04-03T20:48:28.393+0000] {logging_mixin.py:188} INFO - [2024-04-03T20:48:28.393+0000] {dag.py:3047} INFO - Sync 1 DAGs
[2024-04-03T20:48:28.407+0000] {logging_mixin.py:188} INFO - [2024-04-03T20:48:28.407+0000] {dag.py:3834} INFO - Setting next_dagrun for example_trigger_target_dag to None, run_after=None
[2024-04-03T20:48:28.434+0000] {processor.py:183} INFO - Processing /home/datatalks_jan/anaconda3/lib/python3.11/site-packages/airflow/example_dags/example_trigger_target_dag.py took 0.087 seconds
[2024-04-03T20:49:32.267+0000] {processor.py:161} INFO - Started process (PID=83644) to work on /home/datatalks_jan/anaconda3/lib/python3.11/site-packages/airflow/example_dags/example_trigger_target_dag.py
[2024-04-03T20:49:32.271+0000] {processor.py:830} INFO - Processing file /home/datatalks_jan/anaconda3/lib/python3.11/site-packages/airflow/example_dags/example_trigger_target_dag.py for tasks to queue
[2024-04-03T20:49:32.273+0000] {logging_mixin.py:188} INFO - [2024-04-03T20:49:32.272+0000] {dagbag.py:540} INFO - Filling up the DagBag from /home/datatalks_jan/anaconda3/lib/python3.11/site-packages/airflow/example_dags/example_trigger_target_dag.py
[2024-04-03T20:49:32.510+0000] {processor.py:840} INFO - DAG(s) 'example_trigger_target_dag' retrieved from /home/datatalks_jan/anaconda3/lib/python3.11/site-packages/airflow/example_dags/example_trigger_target_dag.py
[2024-04-03T20:49:32.524+0000] {logging_mixin.py:188} INFO - [2024-04-03T20:49:32.524+0000] {dag.py:3047} INFO - Sync 1 DAGs
[2024-04-03T20:49:32.534+0000] {logging_mixin.py:188} INFO - [2024-04-03T20:49:32.534+0000] {dag.py:3834} INFO - Setting next_dagrun for example_trigger_target_dag to None, run_after=None
[2024-04-03T20:49:32.557+0000] {processor.py:183} INFO - Processing /home/datatalks_jan/anaconda3/lib/python3.11/site-packages/airflow/example_dags/example_trigger_target_dag.py took 0.294 seconds
[2024-04-03T20:50:34.795+0000] {processor.py:161} INFO - Started process (PID=83854) to work on /home/datatalks_jan/anaconda3/lib/python3.11/site-packages/airflow/example_dags/example_trigger_target_dag.py
[2024-04-03T20:50:34.798+0000] {processor.py:830} INFO - Processing file /home/datatalks_jan/anaconda3/lib/python3.11/site-packages/airflow/example_dags/example_trigger_target_dag.py for tasks to queue
[2024-04-03T20:50:34.800+0000] {logging_mixin.py:188} INFO - [2024-04-03T20:50:34.799+0000] {dagbag.py:540} INFO - Filling up the DagBag from /home/datatalks_jan/anaconda3/lib/python3.11/site-packages/airflow/example_dags/example_trigger_target_dag.py
[2024-04-03T20:50:34.814+0000] {processor.py:840} INFO - DAG(s) 'example_trigger_target_dag' retrieved from /home/datatalks_jan/anaconda3/lib/python3.11/site-packages/airflow/example_dags/example_trigger_target_dag.py
[2024-04-03T20:50:34.842+0000] {logging_mixin.py:188} INFO - [2024-04-03T20:50:34.841+0000] {dag.py:3047} INFO - Sync 1 DAGs
[2024-04-03T20:50:34.859+0000] {logging_mixin.py:188} INFO - [2024-04-03T20:50:34.859+0000] {dag.py:3834} INFO - Setting next_dagrun for example_trigger_target_dag to None, run_after=None
[2024-04-03T20:50:34.889+0000] {processor.py:183} INFO - Processing /home/datatalks_jan/anaconda3/lib/python3.11/site-packages/airflow/example_dags/example_trigger_target_dag.py took 0.100 seconds
