[2024-04-03T20:46:48.039+0000] {processor.py:161} INFO - Started process (PID=82739) to work on /home/datatalks_jan/anaconda3/lib/python3.11/site-packages/airflow/example_dags/example_branch_day_of_week_operator.py
[2024-04-03T20:46:48.041+0000] {processor.py:830} INFO - Processing file /home/datatalks_jan/anaconda3/lib/python3.11/site-packages/airflow/example_dags/example_branch_day_of_week_operator.py for tasks to queue
[2024-04-03T20:46:48.043+0000] {logging_mixin.py:188} INFO - [2024-04-03T20:46:48.042+0000] {dagbag.py:540} INFO - Filling up the DagBag from /home/datatalks_jan/anaconda3/lib/python3.11/site-packages/airflow/example_dags/example_branch_day_of_week_operator.py
[2024-04-03T20:46:48.055+0000] {processor.py:840} INFO - DAG(s) 'example_weekday_branch_operator' retrieved from /home/datatalks_jan/anaconda3/lib/python3.11/site-packages/airflow/example_dags/example_branch_day_of_week_operator.py
[2024-04-03T20:46:48.178+0000] {logging_mixin.py:188} INFO - [2024-04-03T20:46:48.178+0000] {dag.py:3047} INFO - Sync 1 DAGs
[2024-04-03T20:46:48.200+0000] {logging_mixin.py:188} INFO - [2024-04-03T20:46:48.200+0000] {dag.py:3834} INFO - Setting next_dagrun for example_weekday_branch_operator to 2024-04-02 00:00:00+00:00, run_after=2024-04-03 00:00:00+00:00
[2024-04-03T20:46:48.230+0000] {processor.py:183} INFO - Processing /home/datatalks_jan/anaconda3/lib/python3.11/site-packages/airflow/example_dags/example_branch_day_of_week_operator.py took 0.196 seconds
[2024-04-03T20:48:07.619+0000] {processor.py:161} INFO - Started process (PID=83280) to work on /home/datatalks_jan/anaconda3/lib/python3.11/site-packages/airflow/example_dags/example_branch_day_of_week_operator.py
[2024-04-03T20:48:07.621+0000] {processor.py:830} INFO - Processing file /home/datatalks_jan/anaconda3/lib/python3.11/site-packages/airflow/example_dags/example_branch_day_of_week_operator.py for tasks to queue
[2024-04-03T20:48:07.623+0000] {logging_mixin.py:188} INFO - [2024-04-03T20:48:07.622+0000] {dagbag.py:540} INFO - Filling up the DagBag from /home/datatalks_jan/anaconda3/lib/python3.11/site-packages/airflow/example_dags/example_branch_day_of_week_operator.py
[2024-04-03T20:48:07.635+0000] {processor.py:840} INFO - DAG(s) 'example_weekday_branch_operator' retrieved from /home/datatalks_jan/anaconda3/lib/python3.11/site-packages/airflow/example_dags/example_branch_day_of_week_operator.py
[2024-04-03T20:48:07.662+0000] {logging_mixin.py:188} INFO - [2024-04-03T20:48:07.662+0000] {dag.py:3047} INFO - Sync 1 DAGs
[2024-04-03T20:48:07.686+0000] {logging_mixin.py:188} INFO - [2024-04-03T20:48:07.686+0000] {dag.py:3834} INFO - Setting next_dagrun for example_weekday_branch_operator to 2024-04-02 00:00:00+00:00, run_after=2024-04-03 00:00:00+00:00
[2024-04-03T20:48:07.711+0000] {processor.py:183} INFO - Processing /home/datatalks_jan/anaconda3/lib/python3.11/site-packages/airflow/example_dags/example_branch_day_of_week_operator.py took 0.097 seconds
[2024-04-03T20:49:14.976+0000] {processor.py:161} INFO - Started process (PID=83598) to work on /home/datatalks_jan/anaconda3/lib/python3.11/site-packages/airflow/example_dags/example_branch_day_of_week_operator.py
[2024-04-03T20:49:14.978+0000] {processor.py:830} INFO - Processing file /home/datatalks_jan/anaconda3/lib/python3.11/site-packages/airflow/example_dags/example_branch_day_of_week_operator.py for tasks to queue
[2024-04-03T20:49:14.980+0000] {logging_mixin.py:188} INFO - [2024-04-03T20:49:14.979+0000] {dagbag.py:540} INFO - Filling up the DagBag from /home/datatalks_jan/anaconda3/lib/python3.11/site-packages/airflow/example_dags/example_branch_day_of_week_operator.py
[2024-04-03T20:49:14.995+0000] {processor.py:840} INFO - DAG(s) 'example_weekday_branch_operator' retrieved from /home/datatalks_jan/anaconda3/lib/python3.11/site-packages/airflow/example_dags/example_branch_day_of_week_operator.py
[2024-04-03T20:49:15.289+0000] {logging_mixin.py:188} INFO - [2024-04-03T20:49:15.289+0000] {dag.py:3047} INFO - Sync 1 DAGs
[2024-04-03T20:49:15.311+0000] {logging_mixin.py:188} INFO - [2024-04-03T20:49:15.310+0000] {dag.py:3834} INFO - Setting next_dagrun for example_weekday_branch_operator to 2024-04-02 00:00:00+00:00, run_after=2024-04-03 00:00:00+00:00
[2024-04-03T20:49:15.335+0000] {processor.py:183} INFO - Processing /home/datatalks_jan/anaconda3/lib/python3.11/site-packages/airflow/example_dags/example_branch_day_of_week_operator.py took 0.365 seconds
[2024-04-03T20:50:24.375+0000] {processor.py:161} INFO - Started process (PID=83841) to work on /home/datatalks_jan/anaconda3/lib/python3.11/site-packages/airflow/example_dags/example_branch_day_of_week_operator.py
[2024-04-03T20:50:24.377+0000] {processor.py:830} INFO - Processing file /home/datatalks_jan/anaconda3/lib/python3.11/site-packages/airflow/example_dags/example_branch_day_of_week_operator.py for tasks to queue
[2024-04-03T20:50:24.378+0000] {logging_mixin.py:188} INFO - [2024-04-03T20:50:24.377+0000] {dagbag.py:540} INFO - Filling up the DagBag from /home/datatalks_jan/anaconda3/lib/python3.11/site-packages/airflow/example_dags/example_branch_day_of_week_operator.py
[2024-04-03T20:50:24.389+0000] {processor.py:840} INFO - DAG(s) 'example_weekday_branch_operator' retrieved from /home/datatalks_jan/anaconda3/lib/python3.11/site-packages/airflow/example_dags/example_branch_day_of_week_operator.py
[2024-04-03T20:50:24.416+0000] {logging_mixin.py:188} INFO - [2024-04-03T20:50:24.415+0000] {dag.py:3047} INFO - Sync 1 DAGs
[2024-04-03T20:50:24.440+0000] {logging_mixin.py:188} INFO - [2024-04-03T20:50:24.440+0000] {dag.py:3834} INFO - Setting next_dagrun for example_weekday_branch_operator to 2024-04-02 00:00:00+00:00, run_after=2024-04-03 00:00:00+00:00
[2024-04-03T20:50:24.471+0000] {processor.py:183} INFO - Processing /home/datatalks_jan/anaconda3/lib/python3.11/site-packages/airflow/example_dags/example_branch_day_of_week_operator.py took 0.101 seconds
