[2024-04-03T20:46:30.174+0000] {processor.py:161} INFO - Started process (PID=82631) to work on /home/datatalks_jan/anaconda3/lib/python3.11/site-packages/airflow/example_dags/example_latest_only_with_trigger.py
[2024-04-03T20:46:30.176+0000] {processor.py:830} INFO - Processing file /home/datatalks_jan/anaconda3/lib/python3.11/site-packages/airflow/example_dags/example_latest_only_with_trigger.py for tasks to queue
[2024-04-03T20:46:30.178+0000] {logging_mixin.py:188} INFO - [2024-04-03T20:46:30.177+0000] {dagbag.py:540} INFO - Filling up the DagBag from /home/datatalks_jan/anaconda3/lib/python3.11/site-packages/airflow/example_dags/example_latest_only_with_trigger.py
[2024-04-03T20:46:30.189+0000] {processor.py:840} INFO - DAG(s) 'latest_only_with_trigger' retrieved from /home/datatalks_jan/anaconda3/lib/python3.11/site-packages/airflow/example_dags/example_latest_only_with_trigger.py
[2024-04-03T20:46:30.315+0000] {logging_mixin.py:188} INFO - [2024-04-03T20:46:30.314+0000] {dag.py:3047} INFO - Sync 1 DAGs
[2024-04-03T20:46:30.337+0000] {logging_mixin.py:188} INFO - [2024-04-03T20:46:30.337+0000] {dag.py:3834} INFO - Setting next_dagrun for latest_only_with_trigger to 2024-04-03 16:00:00+00:00, run_after=2024-04-03 20:00:00+00:00
[2024-04-03T20:46:30.364+0000] {processor.py:183} INFO - Processing /home/datatalks_jan/anaconda3/lib/python3.11/site-packages/airflow/example_dags/example_latest_only_with_trigger.py took 0.197 seconds
[2024-04-03T20:47:51.842+0000] {processor.py:161} INFO - Started process (PID=83261) to work on /home/datatalks_jan/anaconda3/lib/python3.11/site-packages/airflow/example_dags/example_latest_only_with_trigger.py
[2024-04-03T20:47:51.845+0000] {processor.py:830} INFO - Processing file /home/datatalks_jan/anaconda3/lib/python3.11/site-packages/airflow/example_dags/example_latest_only_with_trigger.py for tasks to queue
[2024-04-03T20:47:51.847+0000] {logging_mixin.py:188} INFO - [2024-04-03T20:47:51.846+0000] {dagbag.py:540} INFO - Filling up the DagBag from /home/datatalks_jan/anaconda3/lib/python3.11/site-packages/airflow/example_dags/example_latest_only_with_trigger.py
[2024-04-03T20:47:51.858+0000] {processor.py:840} INFO - DAG(s) 'latest_only_with_trigger' retrieved from /home/datatalks_jan/anaconda3/lib/python3.11/site-packages/airflow/example_dags/example_latest_only_with_trigger.py
[2024-04-03T20:47:51.888+0000] {logging_mixin.py:188} INFO - [2024-04-03T20:47:51.887+0000] {dag.py:3047} INFO - Sync 1 DAGs
[2024-04-03T20:47:51.915+0000] {logging_mixin.py:188} INFO - [2024-04-03T20:47:51.914+0000] {dag.py:3834} INFO - Setting next_dagrun for latest_only_with_trigger to 2024-04-03 16:00:00+00:00, run_after=2024-04-03 20:00:00+00:00
[2024-04-03T20:47:51.945+0000] {processor.py:183} INFO - Processing /home/datatalks_jan/anaconda3/lib/python3.11/site-packages/airflow/example_dags/example_latest_only_with_trigger.py took 0.108 seconds
[2024-04-03T20:48:54.886+0000] {processor.py:161} INFO - Started process (PID=83545) to work on /home/datatalks_jan/anaconda3/lib/python3.11/site-packages/airflow/example_dags/example_latest_only_with_trigger.py
[2024-04-03T20:48:54.889+0000] {processor.py:830} INFO - Processing file /home/datatalks_jan/anaconda3/lib/python3.11/site-packages/airflow/example_dags/example_latest_only_with_trigger.py for tasks to queue
[2024-04-03T20:48:54.891+0000] {logging_mixin.py:188} INFO - [2024-04-03T20:48:54.890+0000] {dagbag.py:540} INFO - Filling up the DagBag from /home/datatalks_jan/anaconda3/lib/python3.11/site-packages/airflow/example_dags/example_latest_only_with_trigger.py
[2024-04-03T20:48:54.902+0000] {processor.py:840} INFO - DAG(s) 'latest_only_with_trigger' retrieved from /home/datatalks_jan/anaconda3/lib/python3.11/site-packages/airflow/example_dags/example_latest_only_with_trigger.py
[2024-04-03T20:48:54.932+0000] {logging_mixin.py:188} INFO - [2024-04-03T20:48:54.931+0000] {dag.py:3047} INFO - Sync 1 DAGs
[2024-04-03T20:48:55.231+0000] {logging_mixin.py:188} INFO - [2024-04-03T20:48:55.231+0000] {dag.py:3834} INFO - Setting next_dagrun for latest_only_with_trigger to 2024-04-03 16:00:00+00:00, run_after=2024-04-03 20:00:00+00:00
[2024-04-03T20:48:55.258+0000] {processor.py:183} INFO - Processing /home/datatalks_jan/anaconda3/lib/python3.11/site-packages/airflow/example_dags/example_latest_only_with_trigger.py took 0.378 seconds
[2024-04-03T20:50:07.265+0000] {processor.py:161} INFO - Started process (PID=83825) to work on /home/datatalks_jan/anaconda3/lib/python3.11/site-packages/airflow/example_dags/example_latest_only_with_trigger.py
[2024-04-03T20:50:07.268+0000] {processor.py:830} INFO - Processing file /home/datatalks_jan/anaconda3/lib/python3.11/site-packages/airflow/example_dags/example_latest_only_with_trigger.py for tasks to queue
[2024-04-03T20:50:07.269+0000] {logging_mixin.py:188} INFO - [2024-04-03T20:50:07.269+0000] {dagbag.py:540} INFO - Filling up the DagBag from /home/datatalks_jan/anaconda3/lib/python3.11/site-packages/airflow/example_dags/example_latest_only_with_trigger.py
[2024-04-03T20:50:07.280+0000] {processor.py:840} INFO - DAG(s) 'latest_only_with_trigger' retrieved from /home/datatalks_jan/anaconda3/lib/python3.11/site-packages/airflow/example_dags/example_latest_only_with_trigger.py
[2024-04-03T20:50:07.306+0000] {logging_mixin.py:188} INFO - [2024-04-03T20:50:07.306+0000] {dag.py:3047} INFO - Sync 1 DAGs
[2024-04-03T20:50:07.331+0000] {logging_mixin.py:188} INFO - [2024-04-03T20:50:07.330+0000] {dag.py:3834} INFO - Setting next_dagrun for latest_only_with_trigger to 2024-04-03 16:00:00+00:00, run_after=2024-04-03 20:00:00+00:00
[2024-04-03T20:50:07.357+0000] {processor.py:183} INFO - Processing /home/datatalks_jan/anaconda3/lib/python3.11/site-packages/airflow/example_dags/example_latest_only_with_trigger.py took 0.098 seconds
[2024-04-03T20:51:07.962+0000] {processor.py:161} INFO - Started process (PID=84099) to work on /home/datatalks_jan/anaconda3/lib/python3.11/site-packages/airflow/example_dags/example_latest_only_with_trigger.py
[2024-04-03T20:51:07.965+0000] {processor.py:830} INFO - Processing file /home/datatalks_jan/anaconda3/lib/python3.11/site-packages/airflow/example_dags/example_latest_only_with_trigger.py for tasks to queue
[2024-04-03T20:51:07.966+0000] {logging_mixin.py:188} INFO - [2024-04-03T20:51:07.965+0000] {dagbag.py:540} INFO - Filling up the DagBag from /home/datatalks_jan/anaconda3/lib/python3.11/site-packages/airflow/example_dags/example_latest_only_with_trigger.py
[2024-04-03T20:51:07.976+0000] {processor.py:840} INFO - DAG(s) 'latest_only_with_trigger' retrieved from /home/datatalks_jan/anaconda3/lib/python3.11/site-packages/airflow/example_dags/example_latest_only_with_trigger.py
[2024-04-03T20:51:08.001+0000] {logging_mixin.py:188} INFO - [2024-04-03T20:51:08.000+0000] {dag.py:3047} INFO - Sync 1 DAGs
[2024-04-03T20:51:08.024+0000] {logging_mixin.py:188} INFO - [2024-04-03T20:51:08.023+0000] {dag.py:3834} INFO - Setting next_dagrun for latest_only_with_trigger to 2024-04-03 16:00:00+00:00, run_after=2024-04-03 20:00:00+00:00
[2024-04-03T20:51:08.051+0000] {processor.py:183} INFO - Processing /home/datatalks_jan/anaconda3/lib/python3.11/site-packages/airflow/example_dags/example_latest_only_with_trigger.py took 0.094 seconds
