[2024-04-03T20:46:37.768+0000] {processor.py:161} INFO - Started process (PID=82699) to work on /home/datatalks_jan/anaconda3/lib/python3.11/site-packages/airflow/example_dags/example_sensor_decorator.py
[2024-04-03T20:46:37.770+0000] {processor.py:830} INFO - Processing file /home/datatalks_jan/anaconda3/lib/python3.11/site-packages/airflow/example_dags/example_sensor_decorator.py for tasks to queue
[2024-04-03T20:46:37.771+0000] {logging_mixin.py:188} INFO - [2024-04-03T20:46:37.771+0000] {dagbag.py:540} INFO - Filling up the DagBag from /home/datatalks_jan/anaconda3/lib/python3.11/site-packages/airflow/example_dags/example_sensor_decorator.py
[2024-04-03T20:46:37.786+0000] {processor.py:840} INFO - DAG(s) 'example_sensor_decorator' retrieved from /home/datatalks_jan/anaconda3/lib/python3.11/site-packages/airflow/example_dags/example_sensor_decorator.py
[2024-04-03T20:46:37.914+0000] {logging_mixin.py:188} INFO - [2024-04-03T20:46:37.914+0000] {dag.py:3047} INFO - Sync 1 DAGs
[2024-04-03T20:46:37.926+0000] {logging_mixin.py:188} INFO - [2024-04-03T20:46:37.925+0000] {dag.py:3834} INFO - Setting next_dagrun for example_sensor_decorator to None, run_after=None
[2024-04-03T20:46:37.955+0000] {processor.py:183} INFO - Processing /home/datatalks_jan/anaconda3/lib/python3.11/site-packages/airflow/example_dags/example_sensor_decorator.py took 0.192 seconds
[2024-04-03T20:47:58.362+0000] {processor.py:161} INFO - Started process (PID=83267) to work on /home/datatalks_jan/anaconda3/lib/python3.11/site-packages/airflow/example_dags/example_sensor_decorator.py
[2024-04-03T20:47:58.365+0000] {processor.py:830} INFO - Processing file /home/datatalks_jan/anaconda3/lib/python3.11/site-packages/airflow/example_dags/example_sensor_decorator.py for tasks to queue
[2024-04-03T20:47:58.366+0000] {logging_mixin.py:188} INFO - [2024-04-03T20:47:58.365+0000] {dagbag.py:540} INFO - Filling up the DagBag from /home/datatalks_jan/anaconda3/lib/python3.11/site-packages/airflow/example_dags/example_sensor_decorator.py
[2024-04-03T20:47:58.382+0000] {processor.py:840} INFO - DAG(s) 'example_sensor_decorator' retrieved from /home/datatalks_jan/anaconda3/lib/python3.11/site-packages/airflow/example_dags/example_sensor_decorator.py
[2024-04-03T20:47:58.412+0000] {logging_mixin.py:188} INFO - [2024-04-03T20:47:58.411+0000] {dag.py:3047} INFO - Sync 1 DAGs
[2024-04-03T20:47:58.429+0000] {logging_mixin.py:188} INFO - [2024-04-03T20:47:58.428+0000] {dag.py:3834} INFO - Setting next_dagrun for example_sensor_decorator to None, run_after=None
[2024-04-03T20:47:58.460+0000] {processor.py:183} INFO - Processing /home/datatalks_jan/anaconda3/lib/python3.11/site-packages/airflow/example_dags/example_sensor_decorator.py took 0.103 seconds
[2024-04-03T20:49:02.838+0000] {processor.py:161} INFO - Started process (PID=83551) to work on /home/datatalks_jan/anaconda3/lib/python3.11/site-packages/airflow/example_dags/example_sensor_decorator.py
[2024-04-03T20:49:02.841+0000] {processor.py:830} INFO - Processing file /home/datatalks_jan/anaconda3/lib/python3.11/site-packages/airflow/example_dags/example_sensor_decorator.py for tasks to queue
[2024-04-03T20:49:02.842+0000] {logging_mixin.py:188} INFO - [2024-04-03T20:49:02.842+0000] {dagbag.py:540} INFO - Filling up the DagBag from /home/datatalks_jan/anaconda3/lib/python3.11/site-packages/airflow/example_dags/example_sensor_decorator.py
[2024-04-03T20:49:02.855+0000] {processor.py:840} INFO - DAG(s) 'example_sensor_decorator' retrieved from /home/datatalks_jan/anaconda3/lib/python3.11/site-packages/airflow/example_dags/example_sensor_decorator.py
[2024-04-03T20:49:02.879+0000] {logging_mixin.py:188} INFO - [2024-04-03T20:49:02.878+0000] {dag.py:3047} INFO - Sync 1 DAGs
[2024-04-03T20:49:03.102+0000] {logging_mixin.py:188} INFO - [2024-04-03T20:49:03.102+0000] {dag.py:3834} INFO - Setting next_dagrun for example_sensor_decorator to None, run_after=None
[2024-04-03T20:49:03.125+0000] {processor.py:183} INFO - Processing /home/datatalks_jan/anaconda3/lib/python3.11/site-packages/airflow/example_dags/example_sensor_decorator.py took 0.292 seconds
[2024-04-03T20:50:13.584+0000] {processor.py:161} INFO - Started process (PID=83831) to work on /home/datatalks_jan/anaconda3/lib/python3.11/site-packages/airflow/example_dags/example_sensor_decorator.py
[2024-04-03T20:50:13.586+0000] {processor.py:830} INFO - Processing file /home/datatalks_jan/anaconda3/lib/python3.11/site-packages/airflow/example_dags/example_sensor_decorator.py for tasks to queue
[2024-04-03T20:50:13.587+0000] {logging_mixin.py:188} INFO - [2024-04-03T20:50:13.587+0000] {dagbag.py:540} INFO - Filling up the DagBag from /home/datatalks_jan/anaconda3/lib/python3.11/site-packages/airflow/example_dags/example_sensor_decorator.py
[2024-04-03T20:50:13.600+0000] {processor.py:840} INFO - DAG(s) 'example_sensor_decorator' retrieved from /home/datatalks_jan/anaconda3/lib/python3.11/site-packages/airflow/example_dags/example_sensor_decorator.py
[2024-04-03T20:50:13.623+0000] {logging_mixin.py:188} INFO - [2024-04-03T20:50:13.623+0000] {dag.py:3047} INFO - Sync 1 DAGs
[2024-04-03T20:50:13.638+0000] {logging_mixin.py:188} INFO - [2024-04-03T20:50:13.637+0000] {dag.py:3834} INFO - Setting next_dagrun for example_sensor_decorator to None, run_after=None
[2024-04-03T20:50:13.664+0000] {processor.py:183} INFO - Processing /home/datatalks_jan/anaconda3/lib/python3.11/site-packages/airflow/example_dags/example_sensor_decorator.py took 0.085 seconds
[2024-04-03T20:51:14.587+0000] {processor.py:161} INFO - Started process (PID=84105) to work on /home/datatalks_jan/anaconda3/lib/python3.11/site-packages/airflow/example_dags/example_sensor_decorator.py
[2024-04-03T20:51:14.590+0000] {processor.py:830} INFO - Processing file /home/datatalks_jan/anaconda3/lib/python3.11/site-packages/airflow/example_dags/example_sensor_decorator.py for tasks to queue
[2024-04-03T20:51:14.591+0000] {logging_mixin.py:188} INFO - [2024-04-03T20:51:14.591+0000] {dagbag.py:540} INFO - Filling up the DagBag from /home/datatalks_jan/anaconda3/lib/python3.11/site-packages/airflow/example_dags/example_sensor_decorator.py
[2024-04-03T20:51:14.605+0000] {processor.py:840} INFO - DAG(s) 'example_sensor_decorator' retrieved from /home/datatalks_jan/anaconda3/lib/python3.11/site-packages/airflow/example_dags/example_sensor_decorator.py
[2024-04-03T20:51:14.631+0000] {logging_mixin.py:188} INFO - [2024-04-03T20:51:14.630+0000] {dag.py:3047} INFO - Sync 1 DAGs
[2024-04-03T20:51:14.646+0000] {logging_mixin.py:188} INFO - [2024-04-03T20:51:14.646+0000] {dag.py:3834} INFO - Setting next_dagrun for example_sensor_decorator to None, run_after=None
[2024-04-03T20:51:14.676+0000] {processor.py:183} INFO - Processing /home/datatalks_jan/anaconda3/lib/python3.11/site-packages/airflow/example_dags/example_sensor_decorator.py took 0.094 seconds
