[2024-04-03T20:45:59.519+0000] {processor.py:161} INFO - Started process (PID=82498) to work on /home/datatalks_jan/anaconda3/lib/python3.11/site-packages/airflow/example_dags/tutorial_dag.py
[2024-04-03T20:45:59.520+0000] {processor.py:830} INFO - Processing file /home/datatalks_jan/anaconda3/lib/python3.11/site-packages/airflow/example_dags/tutorial_dag.py for tasks to queue
[2024-04-03T20:45:59.522+0000] {logging_mixin.py:188} INFO - [2024-04-03T20:45:59.521+0000] {dagbag.py:540} INFO - Filling up the DagBag from /home/datatalks_jan/anaconda3/lib/python3.11/site-packages/airflow/example_dags/tutorial_dag.py
[2024-04-03T20:45:59.536+0000] {processor.py:840} INFO - DAG(s) 'tutorial_dag' retrieved from /home/datatalks_jan/anaconda3/lib/python3.11/site-packages/airflow/example_dags/tutorial_dag.py
[2024-04-03T20:45:59.672+0000] {logging_mixin.py:188} INFO - [2024-04-03T20:45:59.671+0000] {dag.py:3047} INFO - Sync 1 DAGs
[2024-04-03T20:45:59.686+0000] {logging_mixin.py:188} INFO - [2024-04-03T20:45:59.686+0000] {dag.py:3834} INFO - Setting next_dagrun for tutorial_dag to None, run_after=None
[2024-04-03T20:45:59.715+0000] {processor.py:183} INFO - Processing /home/datatalks_jan/anaconda3/lib/python3.11/site-packages/airflow/example_dags/tutorial_dag.py took 0.202 seconds
[2024-04-03T20:47:15.636+0000] {processor.py:161} INFO - Started process (PID=83047) to work on /home/datatalks_jan/anaconda3/lib/python3.11/site-packages/airflow/example_dags/tutorial_dag.py
[2024-04-03T20:47:15.639+0000] {processor.py:830} INFO - Processing file /home/datatalks_jan/anaconda3/lib/python3.11/site-packages/airflow/example_dags/tutorial_dag.py for tasks to queue
[2024-04-03T20:47:15.640+0000] {logging_mixin.py:188} INFO - [2024-04-03T20:47:15.640+0000] {dagbag.py:540} INFO - Filling up the DagBag from /home/datatalks_jan/anaconda3/lib/python3.11/site-packages/airflow/example_dags/tutorial_dag.py
[2024-04-03T20:47:15.652+0000] {processor.py:840} INFO - DAG(s) 'tutorial_dag' retrieved from /home/datatalks_jan/anaconda3/lib/python3.11/site-packages/airflow/example_dags/tutorial_dag.py
[2024-04-03T20:47:15.678+0000] {logging_mixin.py:188} INFO - [2024-04-03T20:47:15.678+0000] {dag.py:3047} INFO - Sync 1 DAGs
[2024-04-03T20:47:15.693+0000] {logging_mixin.py:188} INFO - [2024-04-03T20:47:15.693+0000] {dag.py:3834} INFO - Setting next_dagrun for tutorial_dag to None, run_after=None
[2024-04-03T20:47:15.724+0000] {processor.py:183} INFO - Processing /home/datatalks_jan/anaconda3/lib/python3.11/site-packages/airflow/example_dags/tutorial_dag.py took 0.093 seconds
[2024-04-03T20:48:16.377+0000] {processor.py:161} INFO - Started process (PID=83290) to work on /home/datatalks_jan/anaconda3/lib/python3.11/site-packages/airflow/example_dags/tutorial_dag.py
[2024-04-03T20:48:16.379+0000] {processor.py:830} INFO - Processing file /home/datatalks_jan/anaconda3/lib/python3.11/site-packages/airflow/example_dags/tutorial_dag.py for tasks to queue
[2024-04-03T20:48:16.381+0000] {logging_mixin.py:188} INFO - [2024-04-03T20:48:16.380+0000] {dagbag.py:540} INFO - Filling up the DagBag from /home/datatalks_jan/anaconda3/lib/python3.11/site-packages/airflow/example_dags/tutorial_dag.py
[2024-04-03T20:48:16.393+0000] {processor.py:840} INFO - DAG(s) 'tutorial_dag' retrieved from /home/datatalks_jan/anaconda3/lib/python3.11/site-packages/airflow/example_dags/tutorial_dag.py
[2024-04-03T20:48:16.420+0000] {logging_mixin.py:188} INFO - [2024-04-03T20:48:16.420+0000] {dag.py:3047} INFO - Sync 1 DAGs
[2024-04-03T20:48:16.435+0000] {logging_mixin.py:188} INFO - [2024-04-03T20:48:16.435+0000] {dag.py:3834} INFO - Setting next_dagrun for tutorial_dag to None, run_after=None
[2024-04-03T20:48:16.465+0000] {processor.py:183} INFO - Processing /home/datatalks_jan/anaconda3/lib/python3.11/site-packages/airflow/example_dags/tutorial_dag.py took 0.094 seconds
[2024-04-03T20:49:17.877+0000] {processor.py:161} INFO - Started process (PID=83630) to work on /home/datatalks_jan/anaconda3/lib/python3.11/site-packages/airflow/example_dags/tutorial_dag.py
[2024-04-03T20:49:17.879+0000] {processor.py:830} INFO - Processing file /home/datatalks_jan/anaconda3/lib/python3.11/site-packages/airflow/example_dags/tutorial_dag.py for tasks to queue
[2024-04-03T20:49:17.881+0000] {logging_mixin.py:188} INFO - [2024-04-03T20:49:17.880+0000] {dagbag.py:540} INFO - Filling up the DagBag from /home/datatalks_jan/anaconda3/lib/python3.11/site-packages/airflow/example_dags/tutorial_dag.py
[2024-04-03T20:49:17.892+0000] {processor.py:840} INFO - DAG(s) 'tutorial_dag' retrieved from /home/datatalks_jan/anaconda3/lib/python3.11/site-packages/airflow/example_dags/tutorial_dag.py
[2024-04-03T20:49:18.187+0000] {logging_mixin.py:188} INFO - [2024-04-03T20:49:18.187+0000] {dag.py:3047} INFO - Sync 1 DAGs
[2024-04-03T20:49:18.199+0000] {logging_mixin.py:188} INFO - [2024-04-03T20:49:18.198+0000] {dag.py:3834} INFO - Setting next_dagrun for tutorial_dag to None, run_after=None
[2024-04-03T20:49:18.225+0000] {processor.py:183} INFO - Processing /home/datatalks_jan/anaconda3/lib/python3.11/site-packages/airflow/example_dags/tutorial_dag.py took 0.352 seconds
[2024-04-03T20:50:00.737+0000] {processor.py:161} INFO - Started process (PID=83806) to work on /home/datatalks_jan/anaconda3/lib/python3.11/site-packages/airflow/example_dags/tutorial_dag.py
[2024-04-03T20:50:00.739+0000] {processor.py:830} INFO - Processing file /home/datatalks_jan/anaconda3/lib/python3.11/site-packages/airflow/example_dags/tutorial_dag.py for tasks to queue
[2024-04-03T20:50:00.741+0000] {logging_mixin.py:188} INFO - [2024-04-03T20:50:00.740+0000] {dagbag.py:540} INFO - Filling up the DagBag from /home/datatalks_jan/anaconda3/lib/python3.11/site-packages/airflow/example_dags/tutorial_dag.py
[2024-04-03T20:50:00.754+0000] {processor.py:840} INFO - DAG(s) 'tutorial_dag' retrieved from /home/datatalks_jan/anaconda3/lib/python3.11/site-packages/airflow/example_dags/tutorial_dag.py
[2024-04-03T20:50:00.780+0000] {logging_mixin.py:188} INFO - [2024-04-03T20:50:00.780+0000] {dag.py:3047} INFO - Sync 1 DAGs
[2024-04-03T20:50:00.797+0000] {logging_mixin.py:188} INFO - [2024-04-03T20:50:00.796+0000] {dag.py:3834} INFO - Setting next_dagrun for tutorial_dag to None, run_after=None
[2024-04-03T20:50:00.825+0000] {processor.py:183} INFO - Processing /home/datatalks_jan/anaconda3/lib/python3.11/site-packages/airflow/example_dags/tutorial_dag.py took 0.094 seconds
[2024-04-03T20:51:00.814+0000] {processor.py:161} INFO - Started process (PID=84065) to work on /home/datatalks_jan/anaconda3/lib/python3.11/site-packages/airflow/example_dags/tutorial_dag.py
[2024-04-03T20:51:00.816+0000] {processor.py:830} INFO - Processing file /home/datatalks_jan/anaconda3/lib/python3.11/site-packages/airflow/example_dags/tutorial_dag.py for tasks to queue
[2024-04-03T20:51:00.818+0000] {logging_mixin.py:188} INFO - [2024-04-03T20:51:00.817+0000] {dagbag.py:540} INFO - Filling up the DagBag from /home/datatalks_jan/anaconda3/lib/python3.11/site-packages/airflow/example_dags/tutorial_dag.py
[2024-04-03T20:51:00.830+0000] {processor.py:840} INFO - DAG(s) 'tutorial_dag' retrieved from /home/datatalks_jan/anaconda3/lib/python3.11/site-packages/airflow/example_dags/tutorial_dag.py
[2024-04-03T20:51:00.856+0000] {logging_mixin.py:188} INFO - [2024-04-03T20:51:00.856+0000] {dag.py:3047} INFO - Sync 1 DAGs
[2024-04-03T20:51:00.872+0000] {logging_mixin.py:188} INFO - [2024-04-03T20:51:00.871+0000] {dag.py:3834} INFO - Setting next_dagrun for tutorial_dag to None, run_after=None
[2024-04-03T20:51:00.900+0000] {processor.py:183} INFO - Processing /home/datatalks_jan/anaconda3/lib/python3.11/site-packages/airflow/example_dags/tutorial_dag.py took 0.092 seconds
