[2024-04-03T20:46:04.795+0000] {processor.py:161} INFO - Started process (PID=82515) to work on /home/datatalks_jan/anaconda3/lib/python3.11/site-packages/airflow/example_dags/tutorial_objectstorage.py
[2024-04-03T20:46:04.797+0000] {processor.py:830} INFO - Processing file /home/datatalks_jan/anaconda3/lib/python3.11/site-packages/airflow/example_dags/tutorial_objectstorage.py for tasks to queue
[2024-04-03T20:46:04.798+0000] {logging_mixin.py:188} INFO - [2024-04-03T20:46:04.798+0000] {dagbag.py:540} INFO - Filling up the DagBag from /home/datatalks_jan/anaconda3/lib/python3.11/site-packages/airflow/example_dags/tutorial_objectstorage.py
[2024-04-03T20:46:04.816+0000] {processor.py:840} INFO - DAG(s) 'tutorial_objectstorage' retrieved from /home/datatalks_jan/anaconda3/lib/python3.11/site-packages/airflow/example_dags/tutorial_objectstorage.py
[2024-04-03T20:46:04.937+0000] {logging_mixin.py:188} INFO - [2024-04-03T20:46:04.937+0000] {dag.py:3047} INFO - Sync 1 DAGs
[2024-04-03T20:46:04.949+0000] {logging_mixin.py:188} INFO - [2024-04-03T20:46:04.949+0000] {dag.py:3834} INFO - Setting next_dagrun for tutorial_objectstorage to None, run_after=None
[2024-04-03T20:46:04.977+0000] {processor.py:183} INFO - Processing /home/datatalks_jan/anaconda3/lib/python3.11/site-packages/airflow/example_dags/tutorial_objectstorage.py took 0.187 seconds
[2024-04-03T20:47:19.358+0000] {processor.py:161} INFO - Started process (PID=83078) to work on /home/datatalks_jan/anaconda3/lib/python3.11/site-packages/airflow/example_dags/tutorial_objectstorage.py
[2024-04-03T20:47:19.360+0000] {processor.py:830} INFO - Processing file /home/datatalks_jan/anaconda3/lib/python3.11/site-packages/airflow/example_dags/tutorial_objectstorage.py for tasks to queue
[2024-04-03T20:47:19.362+0000] {logging_mixin.py:188} INFO - [2024-04-03T20:47:19.361+0000] {dagbag.py:540} INFO - Filling up the DagBag from /home/datatalks_jan/anaconda3/lib/python3.11/site-packages/airflow/example_dags/tutorial_objectstorage.py
[2024-04-03T20:47:19.380+0000] {processor.py:840} INFO - DAG(s) 'tutorial_objectstorage' retrieved from /home/datatalks_jan/anaconda3/lib/python3.11/site-packages/airflow/example_dags/tutorial_objectstorage.py
[2024-04-03T20:47:19.407+0000] {logging_mixin.py:188} INFO - [2024-04-03T20:47:19.406+0000] {dag.py:3047} INFO - Sync 1 DAGs
[2024-04-03T20:47:19.423+0000] {logging_mixin.py:188} INFO - [2024-04-03T20:47:19.422+0000] {dag.py:3834} INFO - Setting next_dagrun for tutorial_objectstorage to None, run_after=None
[2024-04-03T20:47:19.453+0000] {processor.py:183} INFO - Processing /home/datatalks_jan/anaconda3/lib/python3.11/site-packages/airflow/example_dags/tutorial_objectstorage.py took 0.101 seconds
[2024-04-03T20:48:20.280+0000] {processor.py:161} INFO - Started process (PID=83294) to work on /home/datatalks_jan/anaconda3/lib/python3.11/site-packages/airflow/example_dags/tutorial_objectstorage.py
[2024-04-03T20:48:20.283+0000] {processor.py:830} INFO - Processing file /home/datatalks_jan/anaconda3/lib/python3.11/site-packages/airflow/example_dags/tutorial_objectstorage.py for tasks to queue
[2024-04-03T20:48:20.284+0000] {logging_mixin.py:188} INFO - [2024-04-03T20:48:20.283+0000] {dagbag.py:540} INFO - Filling up the DagBag from /home/datatalks_jan/anaconda3/lib/python3.11/site-packages/airflow/example_dags/tutorial_objectstorage.py
[2024-04-03T20:48:20.299+0000] {processor.py:840} INFO - DAG(s) 'tutorial_objectstorage' retrieved from /home/datatalks_jan/anaconda3/lib/python3.11/site-packages/airflow/example_dags/tutorial_objectstorage.py
[2024-04-03T20:48:20.324+0000] {logging_mixin.py:188} INFO - [2024-04-03T20:48:20.323+0000] {dag.py:3047} INFO - Sync 1 DAGs
[2024-04-03T20:48:20.339+0000] {logging_mixin.py:188} INFO - [2024-04-03T20:48:20.339+0000] {dag.py:3834} INFO - Setting next_dagrun for tutorial_objectstorage to None, run_after=None
[2024-04-03T20:48:20.367+0000] {processor.py:183} INFO - Processing /home/datatalks_jan/anaconda3/lib/python3.11/site-packages/airflow/example_dags/tutorial_objectstorage.py took 0.093 seconds
[2024-04-03T20:49:22.943+0000] {processor.py:161} INFO - Started process (PID=83634) to work on /home/datatalks_jan/anaconda3/lib/python3.11/site-packages/airflow/example_dags/tutorial_objectstorage.py
[2024-04-03T20:49:22.946+0000] {processor.py:830} INFO - Processing file /home/datatalks_jan/anaconda3/lib/python3.11/site-packages/airflow/example_dags/tutorial_objectstorage.py for tasks to queue
[2024-04-03T20:49:22.948+0000] {logging_mixin.py:188} INFO - [2024-04-03T20:49:22.947+0000] {dagbag.py:540} INFO - Filling up the DagBag from /home/datatalks_jan/anaconda3/lib/python3.11/site-packages/airflow/example_dags/tutorial_objectstorage.py
[2024-04-03T20:49:23.187+0000] {processor.py:840} INFO - DAG(s) 'tutorial_objectstorage' retrieved from /home/datatalks_jan/anaconda3/lib/python3.11/site-packages/airflow/example_dags/tutorial_objectstorage.py
[2024-04-03T20:49:23.201+0000] {logging_mixin.py:188} INFO - [2024-04-03T20:49:23.201+0000] {dag.py:3047} INFO - Sync 1 DAGs
[2024-04-03T20:49:23.211+0000] {logging_mixin.py:188} INFO - [2024-04-03T20:49:23.210+0000] {dag.py:3834} INFO - Setting next_dagrun for tutorial_objectstorage to None, run_after=None
[2024-04-03T20:49:23.233+0000] {processor.py:183} INFO - Processing /home/datatalks_jan/anaconda3/lib/python3.11/site-packages/airflow/example_dags/tutorial_objectstorage.py took 0.296 seconds
[2024-04-03T20:50:28.037+0000] {processor.py:161} INFO - Started process (PID=83844) to work on /home/datatalks_jan/anaconda3/lib/python3.11/site-packages/airflow/example_dags/tutorial_objectstorage.py
[2024-04-03T20:50:28.039+0000] {processor.py:830} INFO - Processing file /home/datatalks_jan/anaconda3/lib/python3.11/site-packages/airflow/example_dags/tutorial_objectstorage.py for tasks to queue
[2024-04-03T20:50:28.040+0000] {logging_mixin.py:188} INFO - [2024-04-03T20:50:28.040+0000] {dagbag.py:540} INFO - Filling up the DagBag from /home/datatalks_jan/anaconda3/lib/python3.11/site-packages/airflow/example_dags/tutorial_objectstorage.py
[2024-04-03T20:50:28.053+0000] {processor.py:840} INFO - DAG(s) 'tutorial_objectstorage' retrieved from /home/datatalks_jan/anaconda3/lib/python3.11/site-packages/airflow/example_dags/tutorial_objectstorage.py
[2024-04-03T20:50:28.075+0000] {logging_mixin.py:188} INFO - [2024-04-03T20:50:28.075+0000] {dag.py:3047} INFO - Sync 1 DAGs
[2024-04-03T20:50:28.089+0000] {logging_mixin.py:188} INFO - [2024-04-03T20:50:28.088+0000] {dag.py:3834} INFO - Setting next_dagrun for tutorial_objectstorage to None, run_after=None
[2024-04-03T20:50:28.115+0000] {processor.py:183} INFO - Processing /home/datatalks_jan/anaconda3/lib/python3.11/site-packages/airflow/example_dags/tutorial_objectstorage.py took 0.083 seconds
