[2024-04-03T20:45:58.165+0000] {processor.py:161} INFO - Started process (PID=82483) to work on /home/datatalks_jan/anaconda3/lib/python3.11/site-packages/airflow/example_dags/tutorial_taskflow_api.py
[2024-04-03T20:45:58.167+0000] {processor.py:830} INFO - Processing file /home/datatalks_jan/anaconda3/lib/python3.11/site-packages/airflow/example_dags/tutorial_taskflow_api.py for tasks to queue
[2024-04-03T20:45:58.168+0000] {logging_mixin.py:188} INFO - [2024-04-03T20:45:58.167+0000] {dagbag.py:540} INFO - Filling up the DagBag from /home/datatalks_jan/anaconda3/lib/python3.11/site-packages/airflow/example_dags/tutorial_taskflow_api.py
[2024-04-03T20:45:58.185+0000] {processor.py:840} INFO - DAG(s) 'tutorial_taskflow_api' retrieved from /home/datatalks_jan/anaconda3/lib/python3.11/site-packages/airflow/example_dags/tutorial_taskflow_api.py
[2024-04-03T20:45:58.313+0000] {logging_mixin.py:188} INFO - [2024-04-03T20:45:58.313+0000] {dag.py:3047} INFO - Sync 1 DAGs
[2024-04-03T20:45:58.327+0000] {logging_mixin.py:188} INFO - [2024-04-03T20:45:58.326+0000] {dag.py:3834} INFO - Setting next_dagrun for tutorial_taskflow_api to None, run_after=None
[2024-04-03T20:45:58.355+0000] {processor.py:183} INFO - Processing /home/datatalks_jan/anaconda3/lib/python3.11/site-packages/airflow/example_dags/tutorial_taskflow_api.py took 0.196 seconds
[2024-04-03T20:47:14.390+0000] {processor.py:161} INFO - Started process (PID=83038) to work on /home/datatalks_jan/anaconda3/lib/python3.11/site-packages/airflow/example_dags/tutorial_taskflow_api.py
[2024-04-03T20:47:14.393+0000] {processor.py:830} INFO - Processing file /home/datatalks_jan/anaconda3/lib/python3.11/site-packages/airflow/example_dags/tutorial_taskflow_api.py for tasks to queue
[2024-04-03T20:47:14.396+0000] {logging_mixin.py:188} INFO - [2024-04-03T20:47:14.395+0000] {dagbag.py:540} INFO - Filling up the DagBag from /home/datatalks_jan/anaconda3/lib/python3.11/site-packages/airflow/example_dags/tutorial_taskflow_api.py
[2024-04-03T20:47:14.415+0000] {processor.py:840} INFO - DAG(s) 'tutorial_taskflow_api' retrieved from /home/datatalks_jan/anaconda3/lib/python3.11/site-packages/airflow/example_dags/tutorial_taskflow_api.py
[2024-04-03T20:47:14.466+0000] {logging_mixin.py:188} INFO - [2024-04-03T20:47:14.465+0000] {dag.py:3047} INFO - Sync 1 DAGs
[2024-04-03T20:47:14.492+0000] {logging_mixin.py:188} INFO - [2024-04-03T20:47:14.492+0000] {dag.py:3834} INFO - Setting next_dagrun for tutorial_taskflow_api to None, run_after=None
[2024-04-03T20:47:14.525+0000] {processor.py:183} INFO - Processing /home/datatalks_jan/anaconda3/lib/python3.11/site-packages/airflow/example_dags/tutorial_taskflow_api.py took 0.143 seconds
[2024-04-03T20:48:15.230+0000] {processor.py:161} INFO - Started process (PID=83289) to work on /home/datatalks_jan/anaconda3/lib/python3.11/site-packages/airflow/example_dags/tutorial_taskflow_api.py
[2024-04-03T20:48:15.232+0000] {processor.py:830} INFO - Processing file /home/datatalks_jan/anaconda3/lib/python3.11/site-packages/airflow/example_dags/tutorial_taskflow_api.py for tasks to queue
[2024-04-03T20:48:15.233+0000] {logging_mixin.py:188} INFO - [2024-04-03T20:48:15.233+0000] {dagbag.py:540} INFO - Filling up the DagBag from /home/datatalks_jan/anaconda3/lib/python3.11/site-packages/airflow/example_dags/tutorial_taskflow_api.py
[2024-04-03T20:48:15.246+0000] {processor.py:840} INFO - DAG(s) 'tutorial_taskflow_api' retrieved from /home/datatalks_jan/anaconda3/lib/python3.11/site-packages/airflow/example_dags/tutorial_taskflow_api.py
[2024-04-03T20:48:15.268+0000] {logging_mixin.py:188} INFO - [2024-04-03T20:48:15.268+0000] {dag.py:3047} INFO - Sync 1 DAGs
[2024-04-03T20:48:15.281+0000] {logging_mixin.py:188} INFO - [2024-04-03T20:48:15.281+0000] {dag.py:3834} INFO - Setting next_dagrun for tutorial_taskflow_api to None, run_after=None
[2024-04-03T20:48:15.307+0000] {processor.py:183} INFO - Processing /home/datatalks_jan/anaconda3/lib/python3.11/site-packages/airflow/example_dags/tutorial_taskflow_api.py took 0.082 seconds
[2024-04-03T20:49:16.433+0000] {processor.py:161} INFO - Started process (PID=83614) to work on /home/datatalks_jan/anaconda3/lib/python3.11/site-packages/airflow/example_dags/tutorial_taskflow_api.py
[2024-04-03T20:49:16.435+0000] {processor.py:830} INFO - Processing file /home/datatalks_jan/anaconda3/lib/python3.11/site-packages/airflow/example_dags/tutorial_taskflow_api.py for tasks to queue
[2024-04-03T20:49:16.437+0000] {logging_mixin.py:188} INFO - [2024-04-03T20:49:16.436+0000] {dagbag.py:540} INFO - Filling up the DagBag from /home/datatalks_jan/anaconda3/lib/python3.11/site-packages/airflow/example_dags/tutorial_taskflow_api.py
[2024-04-03T20:49:16.450+0000] {processor.py:840} INFO - DAG(s) 'tutorial_taskflow_api' retrieved from /home/datatalks_jan/anaconda3/lib/python3.11/site-packages/airflow/example_dags/tutorial_taskflow_api.py
[2024-04-03T20:49:16.693+0000] {logging_mixin.py:188} INFO - [2024-04-03T20:49:16.692+0000] {dag.py:3047} INFO - Sync 1 DAGs
[2024-04-03T20:49:16.703+0000] {logging_mixin.py:188} INFO - [2024-04-03T20:49:16.703+0000] {dag.py:3834} INFO - Setting next_dagrun for tutorial_taskflow_api to None, run_after=None
[2024-04-03T20:49:16.726+0000] {processor.py:183} INFO - Processing /home/datatalks_jan/anaconda3/lib/python3.11/site-packages/airflow/example_dags/tutorial_taskflow_api.py took 0.298 seconds
[2024-04-03T20:49:59.588+0000] {processor.py:161} INFO - Started process (PID=83791) to work on /home/datatalks_jan/anaconda3/lib/python3.11/site-packages/airflow/example_dags/tutorial_taskflow_api.py
[2024-04-03T20:49:59.590+0000] {processor.py:830} INFO - Processing file /home/datatalks_jan/anaconda3/lib/python3.11/site-packages/airflow/example_dags/tutorial_taskflow_api.py for tasks to queue
[2024-04-03T20:49:59.591+0000] {logging_mixin.py:188} INFO - [2024-04-03T20:49:59.591+0000] {dagbag.py:540} INFO - Filling up the DagBag from /home/datatalks_jan/anaconda3/lib/python3.11/site-packages/airflow/example_dags/tutorial_taskflow_api.py
[2024-04-03T20:49:59.604+0000] {processor.py:840} INFO - DAG(s) 'tutorial_taskflow_api' retrieved from /home/datatalks_jan/anaconda3/lib/python3.11/site-packages/airflow/example_dags/tutorial_taskflow_api.py
[2024-04-03T20:49:59.629+0000] {logging_mixin.py:188} INFO - [2024-04-03T20:49:59.629+0000] {dag.py:3047} INFO - Sync 1 DAGs
[2024-04-03T20:49:59.643+0000] {logging_mixin.py:188} INFO - [2024-04-03T20:49:59.642+0000] {dag.py:3834} INFO - Setting next_dagrun for tutorial_taskflow_api to None, run_after=None
[2024-04-03T20:49:59.669+0000] {processor.py:183} INFO - Processing /home/datatalks_jan/anaconda3/lib/python3.11/site-packages/airflow/example_dags/tutorial_taskflow_api.py took 0.086 seconds
[2024-04-03T20:50:59.551+0000] {processor.py:161} INFO - Started process (PID=84064) to work on /home/datatalks_jan/anaconda3/lib/python3.11/site-packages/airflow/example_dags/tutorial_taskflow_api.py
[2024-04-03T20:50:59.554+0000] {processor.py:830} INFO - Processing file /home/datatalks_jan/anaconda3/lib/python3.11/site-packages/airflow/example_dags/tutorial_taskflow_api.py for tasks to queue
[2024-04-03T20:50:59.556+0000] {logging_mixin.py:188} INFO - [2024-04-03T20:50:59.555+0000] {dagbag.py:540} INFO - Filling up the DagBag from /home/datatalks_jan/anaconda3/lib/python3.11/site-packages/airflow/example_dags/tutorial_taskflow_api.py
[2024-04-03T20:50:59.570+0000] {processor.py:840} INFO - DAG(s) 'tutorial_taskflow_api' retrieved from /home/datatalks_jan/anaconda3/lib/python3.11/site-packages/airflow/example_dags/tutorial_taskflow_api.py
[2024-04-03T20:50:59.598+0000] {logging_mixin.py:188} INFO - [2024-04-03T20:50:59.598+0000] {dag.py:3047} INFO - Sync 1 DAGs
[2024-04-03T20:50:59.618+0000] {logging_mixin.py:188} INFO - [2024-04-03T20:50:59.617+0000] {dag.py:3834} INFO - Setting next_dagrun for tutorial_taskflow_api to None, run_after=None
[2024-04-03T20:50:59.646+0000] {processor.py:183} INFO - Processing /home/datatalks_jan/anaconda3/lib/python3.11/site-packages/airflow/example_dags/tutorial_taskflow_api.py took 0.101 seconds
