[2024-04-03T20:46:03.377+0000] {processor.py:161} INFO - Started process (PID=82514) to work on /home/datatalks_jan/anaconda3/lib/python3.11/site-packages/airflow/example_dags/tutorial.py
[2024-04-03T20:46:03.379+0000] {processor.py:830} INFO - Processing file /home/datatalks_jan/anaconda3/lib/python3.11/site-packages/airflow/example_dags/tutorial.py for tasks to queue
[2024-04-03T20:46:03.380+0000] {logging_mixin.py:188} INFO - [2024-04-03T20:46:03.379+0000] {dagbag.py:540} INFO - Filling up the DagBag from /home/datatalks_jan/anaconda3/lib/python3.11/site-packages/airflow/example_dags/tutorial.py
[2024-04-03T20:46:03.395+0000] {processor.py:840} INFO - DAG(s) 'tutorial' retrieved from /home/datatalks_jan/anaconda3/lib/python3.11/site-packages/airflow/example_dags/tutorial.py
[2024-04-03T20:46:03.532+0000] {logging_mixin.py:188} INFO - [2024-04-03T20:46:03.532+0000] {dag.py:3047} INFO - Sync 1 DAGs
[2024-04-03T20:46:03.554+0000] {logging_mixin.py:188} INFO - [2024-04-03T20:46:03.554+0000] {dag.py:3834} INFO - Setting next_dagrun for tutorial to 2024-04-02 00:00:00+00:00, run_after=2024-04-03 00:00:00+00:00
[2024-04-03T20:46:03.582+0000] {processor.py:183} INFO - Processing /home/datatalks_jan/anaconda3/lib/python3.11/site-packages/airflow/example_dags/tutorial.py took 0.211 seconds
[2024-04-03T20:47:19.093+0000] {processor.py:161} INFO - Started process (PID=83077) to work on /home/datatalks_jan/anaconda3/lib/python3.11/site-packages/airflow/example_dags/tutorial.py
[2024-04-03T20:47:19.095+0000] {processor.py:830} INFO - Processing file /home/datatalks_jan/anaconda3/lib/python3.11/site-packages/airflow/example_dags/tutorial.py for tasks to queue
[2024-04-03T20:47:19.097+0000] {logging_mixin.py:188} INFO - [2024-04-03T20:47:19.096+0000] {dagbag.py:540} INFO - Filling up the DagBag from /home/datatalks_jan/anaconda3/lib/python3.11/site-packages/airflow/example_dags/tutorial.py
[2024-04-03T20:47:19.107+0000] {processor.py:840} INFO - DAG(s) 'tutorial' retrieved from /home/datatalks_jan/anaconda3/lib/python3.11/site-packages/airflow/example_dags/tutorial.py
[2024-04-03T20:47:19.138+0000] {logging_mixin.py:188} INFO - [2024-04-03T20:47:19.138+0000] {dag.py:3047} INFO - Sync 1 DAGs
[2024-04-03T20:47:19.166+0000] {logging_mixin.py:188} INFO - [2024-04-03T20:47:19.166+0000] {dag.py:3834} INFO - Setting next_dagrun for tutorial to 2024-04-02 00:00:00+00:00, run_after=2024-04-03 00:00:00+00:00
[2024-04-03T20:47:19.195+0000] {processor.py:183} INFO - Processing /home/datatalks_jan/anaconda3/lib/python3.11/site-packages/airflow/example_dags/tutorial.py took 0.107 seconds
[2024-04-03T20:48:19.334+0000] {processor.py:161} INFO - Started process (PID=83293) to work on /home/datatalks_jan/anaconda3/lib/python3.11/site-packages/airflow/example_dags/tutorial.py
[2024-04-03T20:48:19.336+0000] {processor.py:830} INFO - Processing file /home/datatalks_jan/anaconda3/lib/python3.11/site-packages/airflow/example_dags/tutorial.py for tasks to queue
[2024-04-03T20:48:19.337+0000] {logging_mixin.py:188} INFO - [2024-04-03T20:48:19.337+0000] {dagbag.py:540} INFO - Filling up the DagBag from /home/datatalks_jan/anaconda3/lib/python3.11/site-packages/airflow/example_dags/tutorial.py
[2024-04-03T20:48:19.349+0000] {processor.py:840} INFO - DAG(s) 'tutorial' retrieved from /home/datatalks_jan/anaconda3/lib/python3.11/site-packages/airflow/example_dags/tutorial.py
[2024-04-03T20:48:19.372+0000] {logging_mixin.py:188} INFO - [2024-04-03T20:48:19.371+0000] {dag.py:3047} INFO - Sync 1 DAGs
[2024-04-03T20:48:19.394+0000] {logging_mixin.py:188} INFO - [2024-04-03T20:48:19.394+0000] {dag.py:3834} INFO - Setting next_dagrun for tutorial to 2024-04-02 00:00:00+00:00, run_after=2024-04-03 00:00:00+00:00
[2024-04-03T20:48:19.419+0000] {processor.py:183} INFO - Processing /home/datatalks_jan/anaconda3/lib/python3.11/site-packages/airflow/example_dags/tutorial.py took 0.090 seconds
[2024-04-03T20:49:21.487+0000] {processor.py:161} INFO - Started process (PID=83633) to work on /home/datatalks_jan/anaconda3/lib/python3.11/site-packages/airflow/example_dags/tutorial.py
[2024-04-03T20:49:21.490+0000] {processor.py:830} INFO - Processing file /home/datatalks_jan/anaconda3/lib/python3.11/site-packages/airflow/example_dags/tutorial.py for tasks to queue
[2024-04-03T20:49:21.491+0000] {logging_mixin.py:188} INFO - [2024-04-03T20:49:21.490+0000] {dagbag.py:540} INFO - Filling up the DagBag from /home/datatalks_jan/anaconda3/lib/python3.11/site-packages/airflow/example_dags/tutorial.py
[2024-04-03T20:49:21.504+0000] {processor.py:840} INFO - DAG(s) 'tutorial' retrieved from /home/datatalks_jan/anaconda3/lib/python3.11/site-packages/airflow/example_dags/tutorial.py
[2024-04-03T20:49:21.808+0000] {logging_mixin.py:188} INFO - [2024-04-03T20:49:21.808+0000] {dag.py:3047} INFO - Sync 1 DAGs
[2024-04-03T20:49:21.829+0000] {logging_mixin.py:188} INFO - [2024-04-03T20:49:21.829+0000] {dag.py:3834} INFO - Setting next_dagrun for tutorial to 2024-04-02 00:00:00+00:00, run_after=2024-04-03 00:00:00+00:00
[2024-04-03T20:49:21.856+0000] {processor.py:183} INFO - Processing /home/datatalks_jan/anaconda3/lib/python3.11/site-packages/airflow/example_dags/tutorial.py took 0.375 seconds
[2024-04-03T20:50:26.887+0000] {processor.py:161} INFO - Started process (PID=83843) to work on /home/datatalks_jan/anaconda3/lib/python3.11/site-packages/airflow/example_dags/tutorial.py
[2024-04-03T20:50:26.889+0000] {processor.py:830} INFO - Processing file /home/datatalks_jan/anaconda3/lib/python3.11/site-packages/airflow/example_dags/tutorial.py for tasks to queue
[2024-04-03T20:50:26.890+0000] {logging_mixin.py:188} INFO - [2024-04-03T20:50:26.890+0000] {dagbag.py:540} INFO - Filling up the DagBag from /home/datatalks_jan/anaconda3/lib/python3.11/site-packages/airflow/example_dags/tutorial.py
[2024-04-03T20:50:26.902+0000] {processor.py:840} INFO - DAG(s) 'tutorial' retrieved from /home/datatalks_jan/anaconda3/lib/python3.11/site-packages/airflow/example_dags/tutorial.py
[2024-04-03T20:50:26.926+0000] {logging_mixin.py:188} INFO - [2024-04-03T20:50:26.926+0000] {dag.py:3047} INFO - Sync 1 DAGs
[2024-04-03T20:50:26.949+0000] {logging_mixin.py:188} INFO - [2024-04-03T20:50:26.949+0000] {dag.py:3834} INFO - Setting next_dagrun for tutorial to 2024-04-02 00:00:00+00:00, run_after=2024-04-03 00:00:00+00:00
[2024-04-03T20:50:26.974+0000] {processor.py:183} INFO - Processing /home/datatalks_jan/anaconda3/lib/python3.11/site-packages/airflow/example_dags/tutorial.py took 0.093 seconds
