[2024-04-04T00:06:19.166+0000] {processor.py:161} INFO - Started process (PID=99551) to work on /home/datatalks_jan/anaconda3/lib/python3.11/site-packages/airflow/example_dags/example_latest_only_with_trigger.py
[2024-04-04T00:06:19.168+0000] {processor.py:830} INFO - Processing file /home/datatalks_jan/anaconda3/lib/python3.11/site-packages/airflow/example_dags/example_latest_only_with_trigger.py for tasks to queue
[2024-04-04T00:06:19.169+0000] {logging_mixin.py:188} INFO - [2024-04-04T00:06:19.169+0000] {dagbag.py:540} INFO - Filling up the DagBag from /home/datatalks_jan/anaconda3/lib/python3.11/site-packages/airflow/example_dags/example_latest_only_with_trigger.py
[2024-04-04T00:06:19.179+0000] {processor.py:840} INFO - DAG(s) 'latest_only_with_trigger' retrieved from /home/datatalks_jan/anaconda3/lib/python3.11/site-packages/airflow/example_dags/example_latest_only_with_trigger.py
[2024-04-04T00:06:19.211+0000] {logging_mixin.py:188} INFO - [2024-04-04T00:06:19.211+0000] {dag.py:3047} INFO - Sync 1 DAGs
[2024-04-04T00:06:19.235+0000] {logging_mixin.py:188} INFO - [2024-04-04T00:06:19.235+0000] {dag.py:3834} INFO - Setting next_dagrun for latest_only_with_trigger to 2024-04-03 20:00:00+00:00, run_after=2024-04-04 00:00:00+00:00
[2024-04-04T00:06:19.261+0000] {processor.py:183} INFO - Processing /home/datatalks_jan/anaconda3/lib/python3.11/site-packages/airflow/example_dags/example_latest_only_with_trigger.py took 0.099 seconds
[2024-04-04T00:07:24.645+0000] {processor.py:161} INFO - Started process (PID=99885) to work on /home/datatalks_jan/anaconda3/lib/python3.11/site-packages/airflow/example_dags/example_latest_only_with_trigger.py
[2024-04-04T00:07:24.648+0000] {processor.py:830} INFO - Processing file /home/datatalks_jan/anaconda3/lib/python3.11/site-packages/airflow/example_dags/example_latest_only_with_trigger.py for tasks to queue
[2024-04-04T00:07:24.650+0000] {logging_mixin.py:188} INFO - [2024-04-04T00:07:24.649+0000] {dagbag.py:540} INFO - Filling up the DagBag from /home/datatalks_jan/anaconda3/lib/python3.11/site-packages/airflow/example_dags/example_latest_only_with_trigger.py
[2024-04-04T00:07:24.661+0000] {processor.py:840} INFO - DAG(s) 'latest_only_with_trigger' retrieved from /home/datatalks_jan/anaconda3/lib/python3.11/site-packages/airflow/example_dags/example_latest_only_with_trigger.py
[2024-04-04T00:07:24.694+0000] {logging_mixin.py:188} INFO - [2024-04-04T00:07:24.694+0000] {dag.py:3047} INFO - Sync 1 DAGs
[2024-04-04T00:07:24.726+0000] {logging_mixin.py:188} INFO - [2024-04-04T00:07:24.726+0000] {dag.py:3834} INFO - Setting next_dagrun for latest_only_with_trigger to 2024-04-03 20:00:00+00:00, run_after=2024-04-04 00:00:00+00:00
[2024-04-04T00:07:24.760+0000] {processor.py:183} INFO - Processing /home/datatalks_jan/anaconda3/lib/python3.11/site-packages/airflow/example_dags/example_latest_only_with_trigger.py took 0.122 seconds
[2024-04-04T00:08:29.916+0000] {processor.py:161} INFO - Started process (PID=100258) to work on /home/datatalks_jan/anaconda3/lib/python3.11/site-packages/airflow/example_dags/example_latest_only_with_trigger.py
[2024-04-04T00:08:29.918+0000] {processor.py:830} INFO - Processing file /home/datatalks_jan/anaconda3/lib/python3.11/site-packages/airflow/example_dags/example_latest_only_with_trigger.py for tasks to queue
[2024-04-04T00:08:29.920+0000] {logging_mixin.py:188} INFO - [2024-04-04T00:08:29.919+0000] {dagbag.py:540} INFO - Filling up the DagBag from /home/datatalks_jan/anaconda3/lib/python3.11/site-packages/airflow/example_dags/example_latest_only_with_trigger.py
[2024-04-04T00:08:29.932+0000] {processor.py:840} INFO - DAG(s) 'latest_only_with_trigger' retrieved from /home/datatalks_jan/anaconda3/lib/python3.11/site-packages/airflow/example_dags/example_latest_only_with_trigger.py
[2024-04-04T00:08:29.959+0000] {logging_mixin.py:188} INFO - [2024-04-04T00:08:29.959+0000] {dag.py:3047} INFO - Sync 1 DAGs
[2024-04-04T00:08:29.984+0000] {logging_mixin.py:188} INFO - [2024-04-04T00:08:29.983+0000] {dag.py:3834} INFO - Setting next_dagrun for latest_only_with_trigger to 2024-04-03 20:00:00+00:00, run_after=2024-04-04 00:00:00+00:00
[2024-04-04T00:08:30.013+0000] {processor.py:183} INFO - Processing /home/datatalks_jan/anaconda3/lib/python3.11/site-packages/airflow/example_dags/example_latest_only_with_trigger.py took 0.103 seconds
[2024-04-04T00:09:35.646+0000] {processor.py:161} INFO - Started process (PID=100663) to work on /home/datatalks_jan/anaconda3/lib/python3.11/site-packages/airflow/example_dags/example_latest_only_with_trigger.py
[2024-04-04T00:09:35.650+0000] {processor.py:830} INFO - Processing file /home/datatalks_jan/anaconda3/lib/python3.11/site-packages/airflow/example_dags/example_latest_only_with_trigger.py for tasks to queue
[2024-04-04T00:09:35.651+0000] {logging_mixin.py:188} INFO - [2024-04-04T00:09:35.650+0000] {dagbag.py:540} INFO - Filling up the DagBag from /home/datatalks_jan/anaconda3/lib/python3.11/site-packages/airflow/example_dags/example_latest_only_with_trigger.py
[2024-04-04T00:09:35.665+0000] {processor.py:840} INFO - DAG(s) 'latest_only_with_trigger' retrieved from /home/datatalks_jan/anaconda3/lib/python3.11/site-packages/airflow/example_dags/example_latest_only_with_trigger.py
[2024-04-04T00:09:35.698+0000] {logging_mixin.py:188} INFO - [2024-04-04T00:09:35.698+0000] {dag.py:3047} INFO - Sync 1 DAGs
[2024-04-04T00:09:35.728+0000] {logging_mixin.py:188} INFO - [2024-04-04T00:09:35.728+0000] {dag.py:3834} INFO - Setting next_dagrun for latest_only_with_trigger to 2024-04-03 20:00:00+00:00, run_after=2024-04-04 00:00:00+00:00
[2024-04-04T00:09:35.763+0000] {processor.py:183} INFO - Processing /home/datatalks_jan/anaconda3/lib/python3.11/site-packages/airflow/example_dags/example_latest_only_with_trigger.py took 0.123 seconds
[2024-04-04T00:10:34.398+0000] {processor.py:161} INFO - Started process (PID=101191) to work on /home/datatalks_jan/anaconda3/lib/python3.11/site-packages/airflow/example_dags/example_latest_only_with_trigger.py
[2024-04-04T00:10:34.401+0000] {processor.py:830} INFO - Processing file /home/datatalks_jan/anaconda3/lib/python3.11/site-packages/airflow/example_dags/example_latest_only_with_trigger.py for tasks to queue
[2024-04-04T00:10:34.403+0000] {logging_mixin.py:188} INFO - [2024-04-04T00:10:34.402+0000] {dagbag.py:540} INFO - Filling up the DagBag from /home/datatalks_jan/anaconda3/lib/python3.11/site-packages/airflow/example_dags/example_latest_only_with_trigger.py
[2024-04-04T00:10:34.414+0000] {processor.py:840} INFO - DAG(s) 'latest_only_with_trigger' retrieved from /home/datatalks_jan/anaconda3/lib/python3.11/site-packages/airflow/example_dags/example_latest_only_with_trigger.py
[2024-04-04T00:10:34.444+0000] {logging_mixin.py:188} INFO - [2024-04-04T00:10:34.444+0000] {dag.py:3047} INFO - Sync 1 DAGs
[2024-04-04T00:10:34.472+0000] {logging_mixin.py:188} INFO - [2024-04-04T00:10:34.472+0000] {dag.py:3834} INFO - Setting next_dagrun for latest_only_with_trigger to 2024-04-03 20:00:00+00:00, run_after=2024-04-04 00:00:00+00:00
[2024-04-04T00:10:34.504+0000] {processor.py:183} INFO - Processing /home/datatalks_jan/anaconda3/lib/python3.11/site-packages/airflow/example_dags/example_latest_only_with_trigger.py took 0.111 seconds
[2024-04-04T00:11:27.827+0000] {processor.py:161} INFO - Started process (PID=101600) to work on /home/datatalks_jan/anaconda3/lib/python3.11/site-packages/airflow/example_dags/example_latest_only_with_trigger.py
[2024-04-04T00:11:27.831+0000] {processor.py:830} INFO - Processing file /home/datatalks_jan/anaconda3/lib/python3.11/site-packages/airflow/example_dags/example_latest_only_with_trigger.py for tasks to queue
[2024-04-04T00:11:27.833+0000] {logging_mixin.py:188} INFO - [2024-04-04T00:11:27.832+0000] {dagbag.py:540} INFO - Filling up the DagBag from /home/datatalks_jan/anaconda3/lib/python3.11/site-packages/airflow/example_dags/example_latest_only_with_trigger.py
[2024-04-04T00:11:27.847+0000] {processor.py:840} INFO - DAG(s) 'latest_only_with_trigger' retrieved from /home/datatalks_jan/anaconda3/lib/python3.11/site-packages/airflow/example_dags/example_latest_only_with_trigger.py
[2024-04-04T00:11:27.882+0000] {logging_mixin.py:188} INFO - [2024-04-04T00:11:27.882+0000] {dag.py:3047} INFO - Sync 1 DAGs
[2024-04-04T00:11:27.919+0000] {logging_mixin.py:188} INFO - [2024-04-04T00:11:27.918+0000] {dag.py:3834} INFO - Setting next_dagrun for latest_only_with_trigger to 2024-04-03 20:00:00+00:00, run_after=2024-04-04 00:00:00+00:00
[2024-04-04T00:11:27.959+0000] {processor.py:183} INFO - Processing /home/datatalks_jan/anaconda3/lib/python3.11/site-packages/airflow/example_dags/example_latest_only_with_trigger.py took 0.142 seconds
[2024-04-04T00:12:21.168+0000] {processor.py:161} INFO - Started process (PID=101980) to work on /home/datatalks_jan/anaconda3/lib/python3.11/site-packages/airflow/example_dags/example_latest_only_with_trigger.py
[2024-04-04T00:12:21.171+0000] {processor.py:830} INFO - Processing file /home/datatalks_jan/anaconda3/lib/python3.11/site-packages/airflow/example_dags/example_latest_only_with_trigger.py for tasks to queue
[2024-04-04T00:12:21.172+0000] {logging_mixin.py:188} INFO - [2024-04-04T00:12:21.171+0000] {dagbag.py:540} INFO - Filling up the DagBag from /home/datatalks_jan/anaconda3/lib/python3.11/site-packages/airflow/example_dags/example_latest_only_with_trigger.py
[2024-04-04T00:12:21.182+0000] {processor.py:840} INFO - DAG(s) 'latest_only_with_trigger' retrieved from /home/datatalks_jan/anaconda3/lib/python3.11/site-packages/airflow/example_dags/example_latest_only_with_trigger.py
[2024-04-04T00:12:21.208+0000] {logging_mixin.py:188} INFO - [2024-04-04T00:12:21.207+0000] {dag.py:3047} INFO - Sync 1 DAGs
[2024-04-04T00:12:21.233+0000] {logging_mixin.py:188} INFO - [2024-04-04T00:12:21.233+0000] {dag.py:3834} INFO - Setting next_dagrun for latest_only_with_trigger to 2024-04-03 20:00:00+00:00, run_after=2024-04-04 00:00:00+00:00
[2024-04-04T00:12:21.260+0000] {processor.py:183} INFO - Processing /home/datatalks_jan/anaconda3/lib/python3.11/site-packages/airflow/example_dags/example_latest_only_with_trigger.py took 0.097 seconds
