[2024-04-04T00:06:30.250+0000] {processor.py:161} INFO - Started process (PID=99566) to work on /home/datatalks_jan/anaconda3/lib/python3.11/site-packages/airflow/example_dags/example_latest_only.py
[2024-04-04T00:06:30.251+0000] {processor.py:830} INFO - Processing file /home/datatalks_jan/anaconda3/lib/python3.11/site-packages/airflow/example_dags/example_latest_only.py for tasks to queue
[2024-04-04T00:06:30.252+0000] {logging_mixin.py:188} INFO - [2024-04-04T00:06:30.252+0000] {dagbag.py:540} INFO - Filling up the DagBag from /home/datatalks_jan/anaconda3/lib/python3.11/site-packages/airflow/example_dags/example_latest_only.py
[2024-04-04T00:06:30.261+0000] {processor.py:840} INFO - DAG(s) 'latest_only' retrieved from /home/datatalks_jan/anaconda3/lib/python3.11/site-packages/airflow/example_dags/example_latest_only.py
[2024-04-04T00:06:30.285+0000] {logging_mixin.py:188} INFO - [2024-04-04T00:06:30.285+0000] {dag.py:3047} INFO - Sync 1 DAGs
[2024-04-04T00:06:30.313+0000] {logging_mixin.py:188} INFO - [2024-04-04T00:06:30.313+0000] {dag.py:3834} INFO - Setting next_dagrun for latest_only to 2024-04-03 20:00:00+00:00, run_after=2024-04-04 00:00:00+00:00
[2024-04-04T00:06:30.339+0000] {processor.py:183} INFO - Processing /home/datatalks_jan/anaconda3/lib/python3.11/site-packages/airflow/example_dags/example_latest_only.py took 0.094 seconds
[2024-04-04T00:07:37.373+0000] {processor.py:161} INFO - Started process (PID=99957) to work on /home/datatalks_jan/anaconda3/lib/python3.11/site-packages/airflow/example_dags/example_latest_only.py
[2024-04-04T00:07:37.375+0000] {processor.py:830} INFO - Processing file /home/datatalks_jan/anaconda3/lib/python3.11/site-packages/airflow/example_dags/example_latest_only.py for tasks to queue
[2024-04-04T00:07:37.377+0000] {logging_mixin.py:188} INFO - [2024-04-04T00:07:37.376+0000] {dagbag.py:540} INFO - Filling up the DagBag from /home/datatalks_jan/anaconda3/lib/python3.11/site-packages/airflow/example_dags/example_latest_only.py
[2024-04-04T00:07:37.387+0000] {processor.py:840} INFO - DAG(s) 'latest_only' retrieved from /home/datatalks_jan/anaconda3/lib/python3.11/site-packages/airflow/example_dags/example_latest_only.py
[2024-04-04T00:07:37.416+0000] {logging_mixin.py:188} INFO - [2024-04-04T00:07:37.416+0000] {dag.py:3047} INFO - Sync 1 DAGs
[2024-04-04T00:07:37.444+0000] {logging_mixin.py:188} INFO - [2024-04-04T00:07:37.444+0000] {dag.py:3834} INFO - Setting next_dagrun for latest_only to 2024-04-03 20:00:00+00:00, run_after=2024-04-04 00:00:00+00:00
[2024-04-04T00:07:37.480+0000] {processor.py:183} INFO - Processing /home/datatalks_jan/anaconda3/lib/python3.11/site-packages/airflow/example_dags/example_latest_only.py took 0.113 seconds
[2024-04-04T00:08:44.098+0000] {processor.py:161} INFO - Started process (PID=100360) to work on /home/datatalks_jan/anaconda3/lib/python3.11/site-packages/airflow/example_dags/example_latest_only.py
[2024-04-04T00:08:44.100+0000] {processor.py:830} INFO - Processing file /home/datatalks_jan/anaconda3/lib/python3.11/site-packages/airflow/example_dags/example_latest_only.py for tasks to queue
[2024-04-04T00:08:44.102+0000] {logging_mixin.py:188} INFO - [2024-04-04T00:08:44.101+0000] {dagbag.py:540} INFO - Filling up the DagBag from /home/datatalks_jan/anaconda3/lib/python3.11/site-packages/airflow/example_dags/example_latest_only.py
[2024-04-04T00:08:44.112+0000] {processor.py:840} INFO - DAG(s) 'latest_only' retrieved from /home/datatalks_jan/anaconda3/lib/python3.11/site-packages/airflow/example_dags/example_latest_only.py
[2024-04-04T00:08:44.139+0000] {logging_mixin.py:188} INFO - [2024-04-04T00:08:44.138+0000] {dag.py:3047} INFO - Sync 1 DAGs
[2024-04-04T00:08:44.422+0000] {logging_mixin.py:188} INFO - [2024-04-04T00:08:44.422+0000] {dag.py:3834} INFO - Setting next_dagrun for latest_only to 2024-04-03 20:00:00+00:00, run_after=2024-04-04 00:00:00+00:00
[2024-04-04T00:08:44.445+0000] {processor.py:183} INFO - Processing /home/datatalks_jan/anaconda3/lib/python3.11/site-packages/airflow/example_dags/example_latest_only.py took 0.353 seconds
