[2024-04-04T00:06:16.683+0000] {processor.py:161} INFO - Started process (PID=99549) to work on /home/datatalks_jan/anaconda3/lib/python3.11/site-packages/airflow/example_dags/example_params_ui_tutorial.py
[2024-04-04T00:06:16.684+0000] {processor.py:830} INFO - Processing file /home/datatalks_jan/anaconda3/lib/python3.11/site-packages/airflow/example_dags/example_params_ui_tutorial.py for tasks to queue
[2024-04-04T00:06:16.686+0000] {logging_mixin.py:188} INFO - [2024-04-04T00:06:16.685+0000] {dagbag.py:540} INFO - Filling up the DagBag from /home/datatalks_jan/anaconda3/lib/python3.11/site-packages/airflow/example_dags/example_params_ui_tutorial.py
[2024-04-04T00:06:16.707+0000] {processor.py:840} INFO - DAG(s) 'example_params_ui_tutorial' retrieved from /home/datatalks_jan/anaconda3/lib/python3.11/site-packages/airflow/example_dags/example_params_ui_tutorial.py
[2024-04-04T00:06:16.859+0000] {logging_mixin.py:188} INFO - [2024-04-04T00:06:16.859+0000] {dag.py:3047} INFO - Sync 1 DAGs
[2024-04-04T00:06:16.873+0000] {logging_mixin.py:188} INFO - [2024-04-04T00:06:16.872+0000] {dag.py:3834} INFO - Setting next_dagrun for example_params_ui_tutorial to None, run_after=None
[2024-04-04T00:06:16.906+0000] {processor.py:183} INFO - Processing /home/datatalks_jan/anaconda3/lib/python3.11/site-packages/airflow/example_dags/example_params_ui_tutorial.py took 0.229 seconds
[2024-04-04T00:07:22.094+0000] {processor.py:161} INFO - Started process (PID=99868) to work on /home/datatalks_jan/anaconda3/lib/python3.11/site-packages/airflow/example_dags/example_params_ui_tutorial.py
[2024-04-04T00:07:22.097+0000] {processor.py:830} INFO - Processing file /home/datatalks_jan/anaconda3/lib/python3.11/site-packages/airflow/example_dags/example_params_ui_tutorial.py for tasks to queue
[2024-04-04T00:07:22.098+0000] {logging_mixin.py:188} INFO - [2024-04-04T00:07:22.098+0000] {dagbag.py:540} INFO - Filling up the DagBag from /home/datatalks_jan/anaconda3/lib/python3.11/site-packages/airflow/example_dags/example_params_ui_tutorial.py
[2024-04-04T00:07:22.122+0000] {processor.py:840} INFO - DAG(s) 'example_params_ui_tutorial' retrieved from /home/datatalks_jan/anaconda3/lib/python3.11/site-packages/airflow/example_dags/example_params_ui_tutorial.py
[2024-04-04T00:07:22.175+0000] {logging_mixin.py:188} INFO - [2024-04-04T00:07:22.174+0000] {dag.py:3047} INFO - Sync 1 DAGs
[2024-04-04T00:07:22.191+0000] {logging_mixin.py:188} INFO - [2024-04-04T00:07:22.190+0000] {dag.py:3834} INFO - Setting next_dagrun for example_params_ui_tutorial to None, run_after=None
[2024-04-04T00:07:22.222+0000] {processor.py:183} INFO - Processing /home/datatalks_jan/anaconda3/lib/python3.11/site-packages/airflow/example_dags/example_params_ui_tutorial.py took 0.133 seconds
[2024-04-04T00:08:27.919+0000] {processor.py:161} INFO - Started process (PID=100255) to work on /home/datatalks_jan/anaconda3/lib/python3.11/site-packages/airflow/example_dags/example_params_ui_tutorial.py
[2024-04-04T00:08:27.921+0000] {processor.py:830} INFO - Processing file /home/datatalks_jan/anaconda3/lib/python3.11/site-packages/airflow/example_dags/example_params_ui_tutorial.py for tasks to queue
[2024-04-04T00:08:27.923+0000] {logging_mixin.py:188} INFO - [2024-04-04T00:08:27.922+0000] {dagbag.py:540} INFO - Filling up the DagBag from /home/datatalks_jan/anaconda3/lib/python3.11/site-packages/airflow/example_dags/example_params_ui_tutorial.py
[2024-04-04T00:08:27.945+0000] {processor.py:840} INFO - DAG(s) 'example_params_ui_tutorial' retrieved from /home/datatalks_jan/anaconda3/lib/python3.11/site-packages/airflow/example_dags/example_params_ui_tutorial.py
[2024-04-04T00:08:27.996+0000] {logging_mixin.py:188} INFO - [2024-04-04T00:08:27.996+0000] {dag.py:3047} INFO - Sync 1 DAGs
[2024-04-04T00:08:28.010+0000] {logging_mixin.py:188} INFO - [2024-04-04T00:08:28.009+0000] {dag.py:3834} INFO - Setting next_dagrun for example_params_ui_tutorial to None, run_after=None
[2024-04-04T00:08:28.039+0000] {processor.py:183} INFO - Processing /home/datatalks_jan/anaconda3/lib/python3.11/site-packages/airflow/example_dags/example_params_ui_tutorial.py took 0.126 seconds
[2024-04-04T00:09:34.865+0000] {processor.py:161} INFO - Started process (PID=100661) to work on /home/datatalks_jan/anaconda3/lib/python3.11/site-packages/airflow/example_dags/example_params_ui_tutorial.py
[2024-04-04T00:09:34.868+0000] {processor.py:830} INFO - Processing file /home/datatalks_jan/anaconda3/lib/python3.11/site-packages/airflow/example_dags/example_params_ui_tutorial.py for tasks to queue
[2024-04-04T00:09:34.869+0000] {logging_mixin.py:188} INFO - [2024-04-04T00:09:34.869+0000] {dagbag.py:540} INFO - Filling up the DagBag from /home/datatalks_jan/anaconda3/lib/python3.11/site-packages/airflow/example_dags/example_params_ui_tutorial.py
[2024-04-04T00:09:34.890+0000] {processor.py:840} INFO - DAG(s) 'example_params_ui_tutorial' retrieved from /home/datatalks_jan/anaconda3/lib/python3.11/site-packages/airflow/example_dags/example_params_ui_tutorial.py
[2024-04-04T00:09:34.938+0000] {logging_mixin.py:188} INFO - [2024-04-04T00:09:34.937+0000] {dag.py:3047} INFO - Sync 1 DAGs
[2024-04-04T00:09:34.952+0000] {logging_mixin.py:188} INFO - [2024-04-04T00:09:34.952+0000] {dag.py:3834} INFO - Setting next_dagrun for example_params_ui_tutorial to None, run_after=None
[2024-04-04T00:09:34.981+0000] {processor.py:183} INFO - Processing /home/datatalks_jan/anaconda3/lib/python3.11/site-packages/airflow/example_dags/example_params_ui_tutorial.py took 0.120 seconds
