[2024-04-04T00:06:18.025+0000] {processor.py:161} INFO - Started process (PID=99550) to work on /home/datatalks_jan/anaconda3/lib/python3.11/site-packages/airflow/example_dags/example_time_delta_sensor_async.py
[2024-04-04T00:06:18.026+0000] {processor.py:830} INFO - Processing file /home/datatalks_jan/anaconda3/lib/python3.11/site-packages/airflow/example_dags/example_time_delta_sensor_async.py for tasks to queue
[2024-04-04T00:06:18.027+0000] {logging_mixin.py:188} INFO - [2024-04-04T00:06:18.027+0000] {dagbag.py:540} INFO - Filling up the DagBag from /home/datatalks_jan/anaconda3/lib/python3.11/site-packages/airflow/example_dags/example_time_delta_sensor_async.py
[2024-04-04T00:06:18.037+0000] {processor.py:840} INFO - DAG(s) 'example_time_delta_sensor_async' retrieved from /home/datatalks_jan/anaconda3/lib/python3.11/site-packages/airflow/example_dags/example_time_delta_sensor_async.py
[2024-04-04T00:06:18.063+0000] {logging_mixin.py:188} INFO - [2024-04-04T00:06:18.063+0000] {dag.py:3047} INFO - Sync 1 DAGs
[2024-04-04T00:06:18.079+0000] {logging_mixin.py:188} INFO - [2024-04-04T00:06:18.079+0000] {dag.py:3834} INFO - Setting next_dagrun for example_time_delta_sensor_async to None, run_after=None
[2024-04-04T00:06:18.105+0000] {processor.py:183} INFO - Processing /home/datatalks_jan/anaconda3/lib/python3.11/site-packages/airflow/example_dags/example_time_delta_sensor_async.py took 0.086 seconds
[2024-04-04T00:07:23.397+0000] {processor.py:161} INFO - Started process (PID=99884) to work on /home/datatalks_jan/anaconda3/lib/python3.11/site-packages/airflow/example_dags/example_time_delta_sensor_async.py
[2024-04-04T00:07:23.400+0000] {processor.py:830} INFO - Processing file /home/datatalks_jan/anaconda3/lib/python3.11/site-packages/airflow/example_dags/example_time_delta_sensor_async.py for tasks to queue
[2024-04-04T00:07:23.402+0000] {logging_mixin.py:188} INFO - [2024-04-04T00:07:23.401+0000] {dagbag.py:540} INFO - Filling up the DagBag from /home/datatalks_jan/anaconda3/lib/python3.11/site-packages/airflow/example_dags/example_time_delta_sensor_async.py
[2024-04-04T00:07:23.413+0000] {processor.py:840} INFO - DAG(s) 'example_time_delta_sensor_async' retrieved from /home/datatalks_jan/anaconda3/lib/python3.11/site-packages/airflow/example_dags/example_time_delta_sensor_async.py
[2024-04-04T00:07:23.444+0000] {logging_mixin.py:188} INFO - [2024-04-04T00:07:23.444+0000] {dag.py:3047} INFO - Sync 1 DAGs
[2024-04-04T00:07:23.461+0000] {logging_mixin.py:188} INFO - [2024-04-04T00:07:23.460+0000] {dag.py:3834} INFO - Setting next_dagrun for example_time_delta_sensor_async to None, run_after=None
[2024-04-04T00:07:23.491+0000] {processor.py:183} INFO - Processing /home/datatalks_jan/anaconda3/lib/python3.11/site-packages/airflow/example_dags/example_time_delta_sensor_async.py took 0.099 seconds
[2024-04-04T00:08:29.162+0000] {processor.py:161} INFO - Started process (PID=100257) to work on /home/datatalks_jan/anaconda3/lib/python3.11/site-packages/airflow/example_dags/example_time_delta_sensor_async.py
[2024-04-04T00:08:29.164+0000] {processor.py:830} INFO - Processing file /home/datatalks_jan/anaconda3/lib/python3.11/site-packages/airflow/example_dags/example_time_delta_sensor_async.py for tasks to queue
[2024-04-04T00:08:29.166+0000] {logging_mixin.py:188} INFO - [2024-04-04T00:08:29.165+0000] {dagbag.py:540} INFO - Filling up the DagBag from /home/datatalks_jan/anaconda3/lib/python3.11/site-packages/airflow/example_dags/example_time_delta_sensor_async.py
[2024-04-04T00:08:29.176+0000] {processor.py:840} INFO - DAG(s) 'example_time_delta_sensor_async' retrieved from /home/datatalks_jan/anaconda3/lib/python3.11/site-packages/airflow/example_dags/example_time_delta_sensor_async.py
[2024-04-04T00:08:29.202+0000] {logging_mixin.py:188} INFO - [2024-04-04T00:08:29.202+0000] {dag.py:3047} INFO - Sync 1 DAGs
[2024-04-04T00:08:29.217+0000] {logging_mixin.py:188} INFO - [2024-04-04T00:08:29.216+0000] {dag.py:3834} INFO - Setting next_dagrun for example_time_delta_sensor_async to None, run_after=None
[2024-04-04T00:08:29.243+0000] {processor.py:183} INFO - Processing /home/datatalks_jan/anaconda3/lib/python3.11/site-packages/airflow/example_dags/example_time_delta_sensor_async.py took 0.087 seconds
[2024-04-04T00:09:35.193+0000] {processor.py:161} INFO - Started process (PID=100662) to work on /home/datatalks_jan/anaconda3/lib/python3.11/site-packages/airflow/example_dags/example_time_delta_sensor_async.py
[2024-04-04T00:09:35.195+0000] {processor.py:830} INFO - Processing file /home/datatalks_jan/anaconda3/lib/python3.11/site-packages/airflow/example_dags/example_time_delta_sensor_async.py for tasks to queue
[2024-04-04T00:09:35.197+0000] {logging_mixin.py:188} INFO - [2024-04-04T00:09:35.196+0000] {dagbag.py:540} INFO - Filling up the DagBag from /home/datatalks_jan/anaconda3/lib/python3.11/site-packages/airflow/example_dags/example_time_delta_sensor_async.py
[2024-04-04T00:09:35.206+0000] {processor.py:840} INFO - DAG(s) 'example_time_delta_sensor_async' retrieved from /home/datatalks_jan/anaconda3/lib/python3.11/site-packages/airflow/example_dags/example_time_delta_sensor_async.py
[2024-04-04T00:09:35.231+0000] {logging_mixin.py:188} INFO - [2024-04-04T00:09:35.231+0000] {dag.py:3047} INFO - Sync 1 DAGs
[2024-04-04T00:09:35.245+0000] {logging_mixin.py:188} INFO - [2024-04-04T00:09:35.244+0000] {dag.py:3834} INFO - Setting next_dagrun for example_time_delta_sensor_async to None, run_after=None
[2024-04-04T00:09:35.273+0000] {processor.py:183} INFO - Processing /home/datatalks_jan/anaconda3/lib/python3.11/site-packages/airflow/example_dags/example_time_delta_sensor_async.py took 0.084 seconds
[2024-04-04T00:10:33.138+0000] {processor.py:161} INFO - Started process (PID=101177) to work on /home/datatalks_jan/anaconda3/lib/python3.11/site-packages/airflow/example_dags/example_time_delta_sensor_async.py
[2024-04-04T00:10:33.140+0000] {processor.py:830} INFO - Processing file /home/datatalks_jan/anaconda3/lib/python3.11/site-packages/airflow/example_dags/example_time_delta_sensor_async.py for tasks to queue
[2024-04-04T00:10:33.142+0000] {logging_mixin.py:188} INFO - [2024-04-04T00:10:33.141+0000] {dagbag.py:540} INFO - Filling up the DagBag from /home/datatalks_jan/anaconda3/lib/python3.11/site-packages/airflow/example_dags/example_time_delta_sensor_async.py
[2024-04-04T00:10:33.152+0000] {processor.py:840} INFO - DAG(s) 'example_time_delta_sensor_async' retrieved from /home/datatalks_jan/anaconda3/lib/python3.11/site-packages/airflow/example_dags/example_time_delta_sensor_async.py
[2024-04-04T00:10:33.182+0000] {logging_mixin.py:188} INFO - [2024-04-04T00:10:33.181+0000] {dag.py:3047} INFO - Sync 1 DAGs
[2024-04-04T00:10:33.197+0000] {logging_mixin.py:188} INFO - [2024-04-04T00:10:33.197+0000] {dag.py:3834} INFO - Setting next_dagrun for example_time_delta_sensor_async to None, run_after=None
[2024-04-04T00:10:33.227+0000] {processor.py:183} INFO - Processing /home/datatalks_jan/anaconda3/lib/python3.11/site-packages/airflow/example_dags/example_time_delta_sensor_async.py took 0.095 seconds
[2024-04-04T00:11:26.548+0000] {processor.py:161} INFO - Started process (PID=101584) to work on /home/datatalks_jan/anaconda3/lib/python3.11/site-packages/airflow/example_dags/example_time_delta_sensor_async.py
[2024-04-04T00:11:26.551+0000] {processor.py:830} INFO - Processing file /home/datatalks_jan/anaconda3/lib/python3.11/site-packages/airflow/example_dags/example_time_delta_sensor_async.py for tasks to queue
[2024-04-04T00:11:26.554+0000] {logging_mixin.py:188} INFO - [2024-04-04T00:11:26.553+0000] {dagbag.py:540} INFO - Filling up the DagBag from /home/datatalks_jan/anaconda3/lib/python3.11/site-packages/airflow/example_dags/example_time_delta_sensor_async.py
[2024-04-04T00:11:26.568+0000] {processor.py:840} INFO - DAG(s) 'example_time_delta_sensor_async' retrieved from /home/datatalks_jan/anaconda3/lib/python3.11/site-packages/airflow/example_dags/example_time_delta_sensor_async.py
[2024-04-04T00:11:26.604+0000] {logging_mixin.py:188} INFO - [2024-04-04T00:11:26.603+0000] {dag.py:3047} INFO - Sync 1 DAGs
[2024-04-04T00:11:26.625+0000] {logging_mixin.py:188} INFO - [2024-04-04T00:11:26.625+0000] {dag.py:3834} INFO - Setting next_dagrun for example_time_delta_sensor_async to None, run_after=None
[2024-04-04T00:11:26.667+0000] {processor.py:183} INFO - Processing /home/datatalks_jan/anaconda3/lib/python3.11/site-packages/airflow/example_dags/example_time_delta_sensor_async.py took 0.125 seconds
[2024-04-04T00:12:20.572+0000] {processor.py:161} INFO - Started process (PID=101964) to work on /home/datatalks_jan/anaconda3/lib/python3.11/site-packages/airflow/example_dags/example_time_delta_sensor_async.py
[2024-04-04T00:12:20.575+0000] {processor.py:830} INFO - Processing file /home/datatalks_jan/anaconda3/lib/python3.11/site-packages/airflow/example_dags/example_time_delta_sensor_async.py for tasks to queue
[2024-04-04T00:12:20.576+0000] {logging_mixin.py:188} INFO - [2024-04-04T00:12:20.576+0000] {dagbag.py:540} INFO - Filling up the DagBag from /home/datatalks_jan/anaconda3/lib/python3.11/site-packages/airflow/example_dags/example_time_delta_sensor_async.py
[2024-04-04T00:12:20.586+0000] {processor.py:840} INFO - DAG(s) 'example_time_delta_sensor_async' retrieved from /home/datatalks_jan/anaconda3/lib/python3.11/site-packages/airflow/example_dags/example_time_delta_sensor_async.py
[2024-04-04T00:12:20.610+0000] {logging_mixin.py:188} INFO - [2024-04-04T00:12:20.610+0000] {dag.py:3047} INFO - Sync 1 DAGs
[2024-04-04T00:12:20.625+0000] {logging_mixin.py:188} INFO - [2024-04-04T00:12:20.625+0000] {dag.py:3834} INFO - Setting next_dagrun for example_time_delta_sensor_async to None, run_after=None
[2024-04-04T00:12:20.667+0000] {processor.py:183} INFO - Processing /home/datatalks_jan/anaconda3/lib/python3.11/site-packages/airflow/example_dags/example_time_delta_sensor_async.py took 0.100 seconds
[2024-04-04T00:13:09.628+0000] {processor.py:161} INFO - Started process (PID=102327) to work on /home/datatalks_jan/anaconda3/lib/python3.11/site-packages/airflow/example_dags/example_time_delta_sensor_async.py
[2024-04-04T00:13:09.632+0000] {processor.py:830} INFO - Processing file /home/datatalks_jan/anaconda3/lib/python3.11/site-packages/airflow/example_dags/example_time_delta_sensor_async.py for tasks to queue
[2024-04-04T00:13:09.635+0000] {logging_mixin.py:188} INFO - [2024-04-04T00:13:09.634+0000] {dagbag.py:540} INFO - Filling up the DagBag from /home/datatalks_jan/anaconda3/lib/python3.11/site-packages/airflow/example_dags/example_time_delta_sensor_async.py
[2024-04-04T00:13:09.646+0000] {processor.py:840} INFO - DAG(s) 'example_time_delta_sensor_async' retrieved from /home/datatalks_jan/anaconda3/lib/python3.11/site-packages/airflow/example_dags/example_time_delta_sensor_async.py
[2024-04-04T00:13:09.676+0000] {logging_mixin.py:188} INFO - [2024-04-04T00:13:09.676+0000] {dag.py:3047} INFO - Sync 1 DAGs
[2024-04-04T00:13:09.694+0000] {logging_mixin.py:188} INFO - [2024-04-04T00:13:09.694+0000] {dag.py:3834} INFO - Setting next_dagrun for example_time_delta_sensor_async to None, run_after=None
[2024-04-04T00:13:09.728+0000] {processor.py:183} INFO - Processing /home/datatalks_jan/anaconda3/lib/python3.11/site-packages/airflow/example_dags/example_time_delta_sensor_async.py took 0.107 seconds
[2024-04-04T00:14:01.388+0000] {processor.py:161} INFO - Started process (PID=102769) to work on /home/datatalks_jan/anaconda3/lib/python3.11/site-packages/airflow/example_dags/example_time_delta_sensor_async.py
[2024-04-04T00:14:01.391+0000] {processor.py:830} INFO - Processing file /home/datatalks_jan/anaconda3/lib/python3.11/site-packages/airflow/example_dags/example_time_delta_sensor_async.py for tasks to queue
[2024-04-04T00:14:01.394+0000] {logging_mixin.py:188} INFO - [2024-04-04T00:14:01.392+0000] {dagbag.py:540} INFO - Filling up the DagBag from /home/datatalks_jan/anaconda3/lib/python3.11/site-packages/airflow/example_dags/example_time_delta_sensor_async.py
[2024-04-04T00:14:01.407+0000] {processor.py:840} INFO - DAG(s) 'example_time_delta_sensor_async' retrieved from /home/datatalks_jan/anaconda3/lib/python3.11/site-packages/airflow/example_dags/example_time_delta_sensor_async.py
[2024-04-04T00:14:01.437+0000] {logging_mixin.py:188} INFO - [2024-04-04T00:14:01.436+0000] {dag.py:3047} INFO - Sync 1 DAGs
[2024-04-04T00:14:01.453+0000] {logging_mixin.py:188} INFO - [2024-04-04T00:14:01.453+0000] {dag.py:3834} INFO - Setting next_dagrun for example_time_delta_sensor_async to None, run_after=None
[2024-04-04T00:14:01.489+0000] {processor.py:183} INFO - Processing /home/datatalks_jan/anaconda3/lib/python3.11/site-packages/airflow/example_dags/example_time_delta_sensor_async.py took 0.108 seconds
[2024-04-04T00:14:52.877+0000] {processor.py:161} INFO - Started process (PID=103120) to work on /home/datatalks_jan/anaconda3/lib/python3.11/site-packages/airflow/example_dags/example_time_delta_sensor_async.py
[2024-04-04T00:14:52.880+0000] {processor.py:830} INFO - Processing file /home/datatalks_jan/anaconda3/lib/python3.11/site-packages/airflow/example_dags/example_time_delta_sensor_async.py for tasks to queue
[2024-04-04T00:14:52.881+0000] {logging_mixin.py:188} INFO - [2024-04-04T00:14:52.881+0000] {dagbag.py:540} INFO - Filling up the DagBag from /home/datatalks_jan/anaconda3/lib/python3.11/site-packages/airflow/example_dags/example_time_delta_sensor_async.py
[2024-04-04T00:14:52.891+0000] {processor.py:840} INFO - DAG(s) 'example_time_delta_sensor_async' retrieved from /home/datatalks_jan/anaconda3/lib/python3.11/site-packages/airflow/example_dags/example_time_delta_sensor_async.py
[2024-04-04T00:14:52.918+0000] {logging_mixin.py:188} INFO - [2024-04-04T00:14:52.918+0000] {dag.py:3047} INFO - Sync 1 DAGs
[2024-04-04T00:14:52.933+0000] {logging_mixin.py:188} INFO - [2024-04-04T00:14:52.933+0000] {dag.py:3834} INFO - Setting next_dagrun for example_time_delta_sensor_async to None, run_after=None
[2024-04-04T00:14:52.963+0000] {processor.py:183} INFO - Processing /home/datatalks_jan/anaconda3/lib/python3.11/site-packages/airflow/example_dags/example_time_delta_sensor_async.py took 0.091 seconds
[2024-04-04T00:15:43.529+0000] {processor.py:161} INFO - Started process (PID=103570) to work on /home/datatalks_jan/anaconda3/lib/python3.11/site-packages/airflow/example_dags/example_time_delta_sensor_async.py
[2024-04-04T00:15:43.531+0000] {processor.py:830} INFO - Processing file /home/datatalks_jan/anaconda3/lib/python3.11/site-packages/airflow/example_dags/example_time_delta_sensor_async.py for tasks to queue
[2024-04-04T00:15:43.533+0000] {logging_mixin.py:188} INFO - [2024-04-04T00:15:43.532+0000] {dagbag.py:540} INFO - Filling up the DagBag from /home/datatalks_jan/anaconda3/lib/python3.11/site-packages/airflow/example_dags/example_time_delta_sensor_async.py
[2024-04-04T00:15:43.542+0000] {processor.py:840} INFO - DAG(s) 'example_time_delta_sensor_async' retrieved from /home/datatalks_jan/anaconda3/lib/python3.11/site-packages/airflow/example_dags/example_time_delta_sensor_async.py
[2024-04-04T00:15:43.568+0000] {logging_mixin.py:188} INFO - [2024-04-04T00:15:43.567+0000] {dag.py:3047} INFO - Sync 1 DAGs
[2024-04-04T00:15:43.582+0000] {logging_mixin.py:188} INFO - [2024-04-04T00:15:43.582+0000] {dag.py:3834} INFO - Setting next_dagrun for example_time_delta_sensor_async to None, run_after=None
[2024-04-04T00:15:43.610+0000] {processor.py:183} INFO - Processing /home/datatalks_jan/anaconda3/lib/python3.11/site-packages/airflow/example_dags/example_time_delta_sensor_async.py took 0.086 seconds
[2024-04-04T00:16:35.613+0000] {processor.py:161} INFO - Started process (PID=103883) to work on /home/datatalks_jan/anaconda3/lib/python3.11/site-packages/airflow/example_dags/example_time_delta_sensor_async.py
[2024-04-04T00:16:35.615+0000] {processor.py:830} INFO - Processing file /home/datatalks_jan/anaconda3/lib/python3.11/site-packages/airflow/example_dags/example_time_delta_sensor_async.py for tasks to queue
[2024-04-04T00:16:35.616+0000] {logging_mixin.py:188} INFO - [2024-04-04T00:16:35.616+0000] {dagbag.py:540} INFO - Filling up the DagBag from /home/datatalks_jan/anaconda3/lib/python3.11/site-packages/airflow/example_dags/example_time_delta_sensor_async.py
[2024-04-04T00:16:35.627+0000] {processor.py:840} INFO - DAG(s) 'example_time_delta_sensor_async' retrieved from /home/datatalks_jan/anaconda3/lib/python3.11/site-packages/airflow/example_dags/example_time_delta_sensor_async.py
[2024-04-04T00:16:35.657+0000] {logging_mixin.py:188} INFO - [2024-04-04T00:16:35.656+0000] {dag.py:3047} INFO - Sync 1 DAGs
[2024-04-04T00:16:35.673+0000] {logging_mixin.py:188} INFO - [2024-04-04T00:16:35.673+0000] {dag.py:3834} INFO - Setting next_dagrun for example_time_delta_sensor_async to None, run_after=None
[2024-04-04T00:16:35.706+0000] {processor.py:183} INFO - Processing /home/datatalks_jan/anaconda3/lib/python3.11/site-packages/airflow/example_dags/example_time_delta_sensor_async.py took 0.099 seconds
[2024-04-04T00:17:21.006+0000] {processor.py:161} INFO - Started process (PID=103971) to work on /home/datatalks_jan/anaconda3/lib/python3.11/site-packages/airflow/example_dags/example_time_delta_sensor_async.py
[2024-04-04T00:17:21.009+0000] {processor.py:830} INFO - Processing file /home/datatalks_jan/anaconda3/lib/python3.11/site-packages/airflow/example_dags/example_time_delta_sensor_async.py for tasks to queue
[2024-04-04T00:17:21.010+0000] {logging_mixin.py:188} INFO - [2024-04-04T00:17:21.010+0000] {dagbag.py:540} INFO - Filling up the DagBag from /home/datatalks_jan/anaconda3/lib/python3.11/site-packages/airflow/example_dags/example_time_delta_sensor_async.py
[2024-04-04T00:17:21.020+0000] {processor.py:840} INFO - DAG(s) 'example_time_delta_sensor_async' retrieved from /home/datatalks_jan/anaconda3/lib/python3.11/site-packages/airflow/example_dags/example_time_delta_sensor_async.py
[2024-04-04T00:17:21.043+0000] {logging_mixin.py:188} INFO - [2024-04-04T00:17:21.043+0000] {dag.py:3047} INFO - Sync 1 DAGs
[2024-04-04T00:17:21.057+0000] {logging_mixin.py:188} INFO - [2024-04-04T00:17:21.057+0000] {dag.py:3834} INFO - Setting next_dagrun for example_time_delta_sensor_async to None, run_after=None
[2024-04-04T00:17:21.085+0000] {processor.py:183} INFO - Processing /home/datatalks_jan/anaconda3/lib/python3.11/site-packages/airflow/example_dags/example_time_delta_sensor_async.py took 0.084 seconds
[2024-04-04T00:18:07.653+0000] {processor.py:161} INFO - Started process (PID=104242) to work on /home/datatalks_jan/anaconda3/lib/python3.11/site-packages/airflow/example_dags/example_time_delta_sensor_async.py
[2024-04-04T00:18:07.656+0000] {processor.py:830} INFO - Processing file /home/datatalks_jan/anaconda3/lib/python3.11/site-packages/airflow/example_dags/example_time_delta_sensor_async.py for tasks to queue
[2024-04-04T00:18:07.657+0000] {logging_mixin.py:188} INFO - [2024-04-04T00:18:07.657+0000] {dagbag.py:540} INFO - Filling up the DagBag from /home/datatalks_jan/anaconda3/lib/python3.11/site-packages/airflow/example_dags/example_time_delta_sensor_async.py
[2024-04-04T00:18:07.669+0000] {processor.py:840} INFO - DAG(s) 'example_time_delta_sensor_async' retrieved from /home/datatalks_jan/anaconda3/lib/python3.11/site-packages/airflow/example_dags/example_time_delta_sensor_async.py
[2024-04-04T00:18:07.700+0000] {logging_mixin.py:188} INFO - [2024-04-04T00:18:07.699+0000] {dag.py:3047} INFO - Sync 1 DAGs
[2024-04-04T00:18:07.720+0000] {logging_mixin.py:188} INFO - [2024-04-04T00:18:07.719+0000] {dag.py:3834} INFO - Setting next_dagrun for example_time_delta_sensor_async to None, run_after=None
[2024-04-04T00:18:07.754+0000] {processor.py:183} INFO - Processing /home/datatalks_jan/anaconda3/lib/python3.11/site-packages/airflow/example_dags/example_time_delta_sensor_async.py took 0.107 seconds
[2024-04-04T00:19:04.296+0000] {processor.py:161} INFO - Started process (PID=104458) to work on /home/datatalks_jan/anaconda3/lib/python3.11/site-packages/airflow/example_dags/example_time_delta_sensor_async.py
[2024-04-04T00:19:04.299+0000] {processor.py:830} INFO - Processing file /home/datatalks_jan/anaconda3/lib/python3.11/site-packages/airflow/example_dags/example_time_delta_sensor_async.py for tasks to queue
[2024-04-04T00:19:04.301+0000] {logging_mixin.py:188} INFO - [2024-04-04T00:19:04.300+0000] {dagbag.py:540} INFO - Filling up the DagBag from /home/datatalks_jan/anaconda3/lib/python3.11/site-packages/airflow/example_dags/example_time_delta_sensor_async.py
[2024-04-04T00:19:04.312+0000] {processor.py:840} INFO - DAG(s) 'example_time_delta_sensor_async' retrieved from /home/datatalks_jan/anaconda3/lib/python3.11/site-packages/airflow/example_dags/example_time_delta_sensor_async.py
[2024-04-04T00:19:04.341+0000] {logging_mixin.py:188} INFO - [2024-04-04T00:19:04.341+0000] {dag.py:3047} INFO - Sync 1 DAGs
[2024-04-04T00:19:04.359+0000] {logging_mixin.py:188} INFO - [2024-04-04T00:19:04.358+0000] {dag.py:3834} INFO - Setting next_dagrun for example_time_delta_sensor_async to None, run_after=None
[2024-04-04T00:19:04.396+0000] {processor.py:183} INFO - Processing /home/datatalks_jan/anaconda3/lib/python3.11/site-packages/airflow/example_dags/example_time_delta_sensor_async.py took 0.106 seconds
[2024-04-04T00:19:54.919+0000] {processor.py:161} INFO - Started process (PID=104510) to work on /home/datatalks_jan/anaconda3/lib/python3.11/site-packages/airflow/example_dags/example_time_delta_sensor_async.py
[2024-04-04T00:19:54.921+0000] {processor.py:830} INFO - Processing file /home/datatalks_jan/anaconda3/lib/python3.11/site-packages/airflow/example_dags/example_time_delta_sensor_async.py for tasks to queue
[2024-04-04T00:19:54.923+0000] {logging_mixin.py:188} INFO - [2024-04-04T00:19:54.922+0000] {dagbag.py:540} INFO - Filling up the DagBag from /home/datatalks_jan/anaconda3/lib/python3.11/site-packages/airflow/example_dags/example_time_delta_sensor_async.py
[2024-04-04T00:19:54.933+0000] {processor.py:840} INFO - DAG(s) 'example_time_delta_sensor_async' retrieved from /home/datatalks_jan/anaconda3/lib/python3.11/site-packages/airflow/example_dags/example_time_delta_sensor_async.py
[2024-04-04T00:19:54.958+0000] {logging_mixin.py:188} INFO - [2024-04-04T00:19:54.958+0000] {dag.py:3047} INFO - Sync 1 DAGs
[2024-04-04T00:19:54.972+0000] {logging_mixin.py:188} INFO - [2024-04-04T00:19:54.972+0000] {dag.py:3834} INFO - Setting next_dagrun for example_time_delta_sensor_async to None, run_after=None
[2024-04-04T00:19:55.002+0000] {processor.py:183} INFO - Processing /home/datatalks_jan/anaconda3/lib/python3.11/site-packages/airflow/example_dags/example_time_delta_sensor_async.py took 0.089 seconds
[2024-04-04T00:20:59.982+0000] {processor.py:161} INFO - Started process (PID=104690) to work on /home/datatalks_jan/anaconda3/lib/python3.11/site-packages/airflow/example_dags/example_time_delta_sensor_async.py
[2024-04-04T00:20:59.986+0000] {processor.py:830} INFO - Processing file /home/datatalks_jan/anaconda3/lib/python3.11/site-packages/airflow/example_dags/example_time_delta_sensor_async.py for tasks to queue
[2024-04-04T00:20:59.987+0000] {logging_mixin.py:188} INFO - [2024-04-04T00:20:59.987+0000] {dagbag.py:540} INFO - Filling up the DagBag from /home/datatalks_jan/anaconda3/lib/python3.11/site-packages/airflow/example_dags/example_time_delta_sensor_async.py
[2024-04-04T00:21:00.000+0000] {processor.py:840} INFO - DAG(s) 'example_time_delta_sensor_async' retrieved from /home/datatalks_jan/anaconda3/lib/python3.11/site-packages/airflow/example_dags/example_time_delta_sensor_async.py
[2024-04-04T00:21:00.032+0000] {logging_mixin.py:188} INFO - [2024-04-04T00:21:00.031+0000] {dag.py:3047} INFO - Sync 1 DAGs
[2024-04-04T00:21:00.055+0000] {logging_mixin.py:188} INFO - [2024-04-04T00:21:00.054+0000] {dag.py:3834} INFO - Setting next_dagrun for example_time_delta_sensor_async to None, run_after=None
[2024-04-04T00:21:00.087+0000] {processor.py:183} INFO - Processing /home/datatalks_jan/anaconda3/lib/python3.11/site-packages/airflow/example_dags/example_time_delta_sensor_async.py took 0.111 seconds
[2024-04-04T00:21:45.600+0000] {processor.py:161} INFO - Started process (PID=104738) to work on /home/datatalks_jan/anaconda3/lib/python3.11/site-packages/airflow/example_dags/example_time_delta_sensor_async.py
[2024-04-04T00:21:45.602+0000] {processor.py:830} INFO - Processing file /home/datatalks_jan/anaconda3/lib/python3.11/site-packages/airflow/example_dags/example_time_delta_sensor_async.py for tasks to queue
[2024-04-04T00:21:45.604+0000] {logging_mixin.py:188} INFO - [2024-04-04T00:21:45.603+0000] {dagbag.py:540} INFO - Filling up the DagBag from /home/datatalks_jan/anaconda3/lib/python3.11/site-packages/airflow/example_dags/example_time_delta_sensor_async.py
[2024-04-04T00:21:45.613+0000] {processor.py:840} INFO - DAG(s) 'example_time_delta_sensor_async' retrieved from /home/datatalks_jan/anaconda3/lib/python3.11/site-packages/airflow/example_dags/example_time_delta_sensor_async.py
[2024-04-04T00:21:45.637+0000] {logging_mixin.py:188} INFO - [2024-04-04T00:21:45.636+0000] {dag.py:3047} INFO - Sync 1 DAGs
[2024-04-04T00:21:45.650+0000] {logging_mixin.py:188} INFO - [2024-04-04T00:21:45.650+0000] {dag.py:3834} INFO - Setting next_dagrun for example_time_delta_sensor_async to None, run_after=None
[2024-04-04T00:21:45.678+0000] {processor.py:183} INFO - Processing /home/datatalks_jan/anaconda3/lib/python3.11/site-packages/airflow/example_dags/example_time_delta_sensor_async.py took 0.082 seconds
[2024-04-04T00:22:32.252+0000] {processor.py:161} INFO - Started process (PID=104784) to work on /home/datatalks_jan/anaconda3/lib/python3.11/site-packages/airflow/example_dags/example_time_delta_sensor_async.py
[2024-04-04T00:22:32.254+0000] {processor.py:830} INFO - Processing file /home/datatalks_jan/anaconda3/lib/python3.11/site-packages/airflow/example_dags/example_time_delta_sensor_async.py for tasks to queue
[2024-04-04T00:22:32.255+0000] {logging_mixin.py:188} INFO - [2024-04-04T00:22:32.255+0000] {dagbag.py:540} INFO - Filling up the DagBag from /home/datatalks_jan/anaconda3/lib/python3.11/site-packages/airflow/example_dags/example_time_delta_sensor_async.py
[2024-04-04T00:22:32.265+0000] {processor.py:840} INFO - DAG(s) 'example_time_delta_sensor_async' retrieved from /home/datatalks_jan/anaconda3/lib/python3.11/site-packages/airflow/example_dags/example_time_delta_sensor_async.py
[2024-04-04T00:22:32.290+0000] {logging_mixin.py:188} INFO - [2024-04-04T00:22:32.289+0000] {dag.py:3047} INFO - Sync 1 DAGs
[2024-04-04T00:22:32.304+0000] {logging_mixin.py:188} INFO - [2024-04-04T00:22:32.303+0000] {dag.py:3834} INFO - Setting next_dagrun for example_time_delta_sensor_async to None, run_after=None
[2024-04-04T00:22:32.330+0000] {processor.py:183} INFO - Processing /home/datatalks_jan/anaconda3/lib/python3.11/site-packages/airflow/example_dags/example_time_delta_sensor_async.py took 0.084 seconds
[2024-04-04T00:23:19.392+0000] {processor.py:161} INFO - Started process (PID=104830) to work on /home/datatalks_jan/anaconda3/lib/python3.11/site-packages/airflow/example_dags/example_time_delta_sensor_async.py
[2024-04-04T00:23:19.394+0000] {processor.py:830} INFO - Processing file /home/datatalks_jan/anaconda3/lib/python3.11/site-packages/airflow/example_dags/example_time_delta_sensor_async.py for tasks to queue
[2024-04-04T00:23:19.396+0000] {logging_mixin.py:188} INFO - [2024-04-04T00:23:19.395+0000] {dagbag.py:540} INFO - Filling up the DagBag from /home/datatalks_jan/anaconda3/lib/python3.11/site-packages/airflow/example_dags/example_time_delta_sensor_async.py
[2024-04-04T00:23:19.406+0000] {processor.py:840} INFO - DAG(s) 'example_time_delta_sensor_async' retrieved from /home/datatalks_jan/anaconda3/lib/python3.11/site-packages/airflow/example_dags/example_time_delta_sensor_async.py
[2024-04-04T00:23:19.431+0000] {logging_mixin.py:188} INFO - [2024-04-04T00:23:19.430+0000] {dag.py:3047} INFO - Sync 1 DAGs
[2024-04-04T00:23:19.445+0000] {logging_mixin.py:188} INFO - [2024-04-04T00:23:19.444+0000] {dag.py:3834} INFO - Setting next_dagrun for example_time_delta_sensor_async to None, run_after=None
[2024-04-04T00:23:19.472+0000] {processor.py:183} INFO - Processing /home/datatalks_jan/anaconda3/lib/python3.11/site-packages/airflow/example_dags/example_time_delta_sensor_async.py took 0.085 seconds
[2024-04-04T00:24:07.544+0000] {processor.py:161} INFO - Started process (PID=104946) to work on /home/datatalks_jan/anaconda3/lib/python3.11/site-packages/airflow/example_dags/example_time_delta_sensor_async.py
[2024-04-04T00:24:07.549+0000] {processor.py:830} INFO - Processing file /home/datatalks_jan/anaconda3/lib/python3.11/site-packages/airflow/example_dags/example_time_delta_sensor_async.py for tasks to queue
[2024-04-04T00:24:07.552+0000] {logging_mixin.py:188} INFO - [2024-04-04T00:24:07.550+0000] {dagbag.py:540} INFO - Filling up the DagBag from /home/datatalks_jan/anaconda3/lib/python3.11/site-packages/airflow/example_dags/example_time_delta_sensor_async.py
[2024-04-04T00:24:07.571+0000] {processor.py:840} INFO - DAG(s) 'example_time_delta_sensor_async' retrieved from /home/datatalks_jan/anaconda3/lib/python3.11/site-packages/airflow/example_dags/example_time_delta_sensor_async.py
[2024-04-04T00:24:07.640+0000] {logging_mixin.py:188} INFO - [2024-04-04T00:24:07.640+0000] {dag.py:3047} INFO - Sync 1 DAGs
[2024-04-04T00:24:07.681+0000] {logging_mixin.py:188} INFO - [2024-04-04T00:24:07.681+0000] {dag.py:3834} INFO - Setting next_dagrun for example_time_delta_sensor_async to None, run_after=None
[2024-04-04T00:24:07.741+0000] {processor.py:183} INFO - Processing /home/datatalks_jan/anaconda3/lib/python3.11/site-packages/airflow/example_dags/example_time_delta_sensor_async.py took 0.208 seconds
[2024-04-04T00:24:57.392+0000] {processor.py:161} INFO - Started process (PID=104997) to work on /home/datatalks_jan/anaconda3/lib/python3.11/site-packages/airflow/example_dags/example_time_delta_sensor_async.py
[2024-04-04T00:24:57.395+0000] {processor.py:830} INFO - Processing file /home/datatalks_jan/anaconda3/lib/python3.11/site-packages/airflow/example_dags/example_time_delta_sensor_async.py for tasks to queue
[2024-04-04T00:24:57.396+0000] {logging_mixin.py:188} INFO - [2024-04-04T00:24:57.395+0000] {dagbag.py:540} INFO - Filling up the DagBag from /home/datatalks_jan/anaconda3/lib/python3.11/site-packages/airflow/example_dags/example_time_delta_sensor_async.py
[2024-04-04T00:24:57.407+0000] {processor.py:840} INFO - DAG(s) 'example_time_delta_sensor_async' retrieved from /home/datatalks_jan/anaconda3/lib/python3.11/site-packages/airflow/example_dags/example_time_delta_sensor_async.py
[2024-04-04T00:24:57.440+0000] {logging_mixin.py:188} INFO - [2024-04-04T00:24:57.440+0000] {dag.py:3047} INFO - Sync 1 DAGs
[2024-04-04T00:24:57.457+0000] {logging_mixin.py:188} INFO - [2024-04-04T00:24:57.457+0000] {dag.py:3834} INFO - Setting next_dagrun for example_time_delta_sensor_async to None, run_after=None
[2024-04-04T00:24:57.494+0000] {processor.py:183} INFO - Processing /home/datatalks_jan/anaconda3/lib/python3.11/site-packages/airflow/example_dags/example_time_delta_sensor_async.py took 0.108 seconds
[2024-04-04T00:25:45.431+0000] {processor.py:161} INFO - Started process (PID=105098) to work on /home/datatalks_jan/anaconda3/lib/python3.11/site-packages/airflow/example_dags/example_time_delta_sensor_async.py
[2024-04-04T00:25:45.433+0000] {processor.py:830} INFO - Processing file /home/datatalks_jan/anaconda3/lib/python3.11/site-packages/airflow/example_dags/example_time_delta_sensor_async.py for tasks to queue
[2024-04-04T00:25:45.435+0000] {logging_mixin.py:188} INFO - [2024-04-04T00:25:45.434+0000] {dagbag.py:540} INFO - Filling up the DagBag from /home/datatalks_jan/anaconda3/lib/python3.11/site-packages/airflow/example_dags/example_time_delta_sensor_async.py
[2024-04-04T00:25:45.445+0000] {processor.py:840} INFO - DAG(s) 'example_time_delta_sensor_async' retrieved from /home/datatalks_jan/anaconda3/lib/python3.11/site-packages/airflow/example_dags/example_time_delta_sensor_async.py
[2024-04-04T00:25:45.473+0000] {logging_mixin.py:188} INFO - [2024-04-04T00:25:45.473+0000] {dag.py:3047} INFO - Sync 1 DAGs
[2024-04-04T00:25:45.489+0000] {logging_mixin.py:188} INFO - [2024-04-04T00:25:45.489+0000] {dag.py:3834} INFO - Setting next_dagrun for example_time_delta_sensor_async to None, run_after=None
[2024-04-04T00:25:45.521+0000] {processor.py:183} INFO - Processing /home/datatalks_jan/anaconda3/lib/python3.11/site-packages/airflow/example_dags/example_time_delta_sensor_async.py took 0.096 seconds
[2024-04-04T00:26:31.628+0000] {processor.py:161} INFO - Started process (PID=105144) to work on /home/datatalks_jan/anaconda3/lib/python3.11/site-packages/airflow/example_dags/example_time_delta_sensor_async.py
[2024-04-04T00:26:31.630+0000] {processor.py:830} INFO - Processing file /home/datatalks_jan/anaconda3/lib/python3.11/site-packages/airflow/example_dags/example_time_delta_sensor_async.py for tasks to queue
[2024-04-04T00:26:31.632+0000] {logging_mixin.py:188} INFO - [2024-04-04T00:26:31.631+0000] {dagbag.py:540} INFO - Filling up the DagBag from /home/datatalks_jan/anaconda3/lib/python3.11/site-packages/airflow/example_dags/example_time_delta_sensor_async.py
[2024-04-04T00:26:31.642+0000] {processor.py:840} INFO - DAG(s) 'example_time_delta_sensor_async' retrieved from /home/datatalks_jan/anaconda3/lib/python3.11/site-packages/airflow/example_dags/example_time_delta_sensor_async.py
[2024-04-04T00:26:31.670+0000] {logging_mixin.py:188} INFO - [2024-04-04T00:26:31.670+0000] {dag.py:3047} INFO - Sync 1 DAGs
[2024-04-04T00:26:31.686+0000] {logging_mixin.py:188} INFO - [2024-04-04T00:26:31.686+0000] {dag.py:3834} INFO - Setting next_dagrun for example_time_delta_sensor_async to None, run_after=None
[2024-04-04T00:26:31.718+0000] {processor.py:183} INFO - Processing /home/datatalks_jan/anaconda3/lib/python3.11/site-packages/airflow/example_dags/example_time_delta_sensor_async.py took 0.096 seconds
[2024-04-04T00:27:37.767+0000] {processor.py:161} INFO - Started process (PID=105217) to work on /home/datatalks_jan/anaconda3/lib/python3.11/site-packages/airflow/example_dags/example_time_delta_sensor_async.py
[2024-04-04T00:27:37.769+0000] {processor.py:830} INFO - Processing file /home/datatalks_jan/anaconda3/lib/python3.11/site-packages/airflow/example_dags/example_time_delta_sensor_async.py for tasks to queue
[2024-04-04T00:27:37.771+0000] {logging_mixin.py:188} INFO - [2024-04-04T00:27:37.770+0000] {dagbag.py:540} INFO - Filling up the DagBag from /home/datatalks_jan/anaconda3/lib/python3.11/site-packages/airflow/example_dags/example_time_delta_sensor_async.py
[2024-04-04T00:27:37.781+0000] {processor.py:840} INFO - DAG(s) 'example_time_delta_sensor_async' retrieved from /home/datatalks_jan/anaconda3/lib/python3.11/site-packages/airflow/example_dags/example_time_delta_sensor_async.py
[2024-04-04T00:27:37.809+0000] {logging_mixin.py:188} INFO - [2024-04-04T00:27:37.809+0000] {dag.py:3047} INFO - Sync 1 DAGs
[2024-04-04T00:27:37.825+0000] {logging_mixin.py:188} INFO - [2024-04-04T00:27:37.825+0000] {dag.py:3834} INFO - Setting next_dagrun for example_time_delta_sensor_async to None, run_after=None
[2024-04-04T00:27:37.858+0000] {processor.py:183} INFO - Processing /home/datatalks_jan/anaconda3/lib/python3.11/site-packages/airflow/example_dags/example_time_delta_sensor_async.py took 0.097 seconds
[2024-04-04T00:28:26.652+0000] {processor.py:161} INFO - Started process (PID=105296) to work on /home/datatalks_jan/anaconda3/lib/python3.11/site-packages/airflow/example_dags/example_time_delta_sensor_async.py
[2024-04-04T00:28:26.654+0000] {processor.py:830} INFO - Processing file /home/datatalks_jan/anaconda3/lib/python3.11/site-packages/airflow/example_dags/example_time_delta_sensor_async.py for tasks to queue
[2024-04-04T00:28:26.655+0000] {logging_mixin.py:188} INFO - [2024-04-04T00:28:26.655+0000] {dagbag.py:540} INFO - Filling up the DagBag from /home/datatalks_jan/anaconda3/lib/python3.11/site-packages/airflow/example_dags/example_time_delta_sensor_async.py
[2024-04-04T00:28:26.665+0000] {processor.py:840} INFO - DAG(s) 'example_time_delta_sensor_async' retrieved from /home/datatalks_jan/anaconda3/lib/python3.11/site-packages/airflow/example_dags/example_time_delta_sensor_async.py
[2024-04-04T00:28:26.690+0000] {logging_mixin.py:188} INFO - [2024-04-04T00:28:26.690+0000] {dag.py:3047} INFO - Sync 1 DAGs
[2024-04-04T00:28:26.705+0000] {logging_mixin.py:188} INFO - [2024-04-04T00:28:26.705+0000] {dag.py:3834} INFO - Setting next_dagrun for example_time_delta_sensor_async to None, run_after=None
[2024-04-04T00:28:26.743+0000] {processor.py:183} INFO - Processing /home/datatalks_jan/anaconda3/lib/python3.11/site-packages/airflow/example_dags/example_time_delta_sensor_async.py took 0.096 seconds
[2024-04-04T00:29:20.631+0000] {processor.py:161} INFO - Started process (PID=105678) to work on /home/datatalks_jan/anaconda3/lib/python3.11/site-packages/airflow/example_dags/example_time_delta_sensor_async.py
[2024-04-04T00:29:20.634+0000] {processor.py:830} INFO - Processing file /home/datatalks_jan/anaconda3/lib/python3.11/site-packages/airflow/example_dags/example_time_delta_sensor_async.py for tasks to queue
[2024-04-04T00:29:20.636+0000] {logging_mixin.py:188} INFO - [2024-04-04T00:29:20.635+0000] {dagbag.py:540} INFO - Filling up the DagBag from /home/datatalks_jan/anaconda3/lib/python3.11/site-packages/airflow/example_dags/example_time_delta_sensor_async.py
[2024-04-04T00:29:20.647+0000] {processor.py:840} INFO - DAG(s) 'example_time_delta_sensor_async' retrieved from /home/datatalks_jan/anaconda3/lib/python3.11/site-packages/airflow/example_dags/example_time_delta_sensor_async.py
[2024-04-04T00:29:20.675+0000] {logging_mixin.py:188} INFO - [2024-04-04T00:29:20.675+0000] {dag.py:3047} INFO - Sync 1 DAGs
[2024-04-04T00:29:20.691+0000] {logging_mixin.py:188} INFO - [2024-04-04T00:29:20.691+0000] {dag.py:3834} INFO - Setting next_dagrun for example_time_delta_sensor_async to None, run_after=None
[2024-04-04T00:29:20.721+0000] {processor.py:183} INFO - Processing /home/datatalks_jan/anaconda3/lib/python3.11/site-packages/airflow/example_dags/example_time_delta_sensor_async.py took 0.095 seconds
[2024-04-04T00:30:05.029+0000] {processor.py:161} INFO - Started process (PID=105814) to work on /home/datatalks_jan/anaconda3/lib/python3.11/site-packages/airflow/example_dags/example_time_delta_sensor_async.py
[2024-04-04T00:30:05.031+0000] {processor.py:830} INFO - Processing file /home/datatalks_jan/anaconda3/lib/python3.11/site-packages/airflow/example_dags/example_time_delta_sensor_async.py for tasks to queue
[2024-04-04T00:30:05.033+0000] {logging_mixin.py:188} INFO - [2024-04-04T00:30:05.032+0000] {dagbag.py:540} INFO - Filling up the DagBag from /home/datatalks_jan/anaconda3/lib/python3.11/site-packages/airflow/example_dags/example_time_delta_sensor_async.py
[2024-04-04T00:30:05.044+0000] {processor.py:840} INFO - DAG(s) 'example_time_delta_sensor_async' retrieved from /home/datatalks_jan/anaconda3/lib/python3.11/site-packages/airflow/example_dags/example_time_delta_sensor_async.py
[2024-04-04T00:30:05.071+0000] {logging_mixin.py:188} INFO - [2024-04-04T00:30:05.071+0000] {dag.py:3047} INFO - Sync 1 DAGs
[2024-04-04T00:30:05.087+0000] {logging_mixin.py:188} INFO - [2024-04-04T00:30:05.086+0000] {dag.py:3834} INFO - Setting next_dagrun for example_time_delta_sensor_async to None, run_after=None
[2024-04-04T00:30:05.118+0000] {processor.py:183} INFO - Processing /home/datatalks_jan/anaconda3/lib/python3.11/site-packages/airflow/example_dags/example_time_delta_sensor_async.py took 0.094 seconds
[2024-04-04T00:31:07.403+0000] {processor.py:161} INFO - Started process (PID=105937) to work on /home/datatalks_jan/anaconda3/lib/python3.11/site-packages/airflow/example_dags/example_time_delta_sensor_async.py
[2024-04-04T00:31:07.405+0000] {processor.py:830} INFO - Processing file /home/datatalks_jan/anaconda3/lib/python3.11/site-packages/airflow/example_dags/example_time_delta_sensor_async.py for tasks to queue
[2024-04-04T00:31:07.406+0000] {logging_mixin.py:188} INFO - [2024-04-04T00:31:07.406+0000] {dagbag.py:540} INFO - Filling up the DagBag from /home/datatalks_jan/anaconda3/lib/python3.11/site-packages/airflow/example_dags/example_time_delta_sensor_async.py
[2024-04-04T00:31:07.416+0000] {processor.py:840} INFO - DAG(s) 'example_time_delta_sensor_async' retrieved from /home/datatalks_jan/anaconda3/lib/python3.11/site-packages/airflow/example_dags/example_time_delta_sensor_async.py
[2024-04-04T00:31:07.439+0000] {logging_mixin.py:188} INFO - [2024-04-04T00:31:07.439+0000] {dag.py:3047} INFO - Sync 1 DAGs
[2024-04-04T00:31:07.455+0000] {logging_mixin.py:188} INFO - [2024-04-04T00:31:07.454+0000] {dag.py:3834} INFO - Setting next_dagrun for example_time_delta_sensor_async to None, run_after=None
[2024-04-04T00:31:07.485+0000] {processor.py:183} INFO - Processing /home/datatalks_jan/anaconda3/lib/python3.11/site-packages/airflow/example_dags/example_time_delta_sensor_async.py took 0.087 seconds
