[2024-04-04T00:06:11.526+0000] {processor.py:161} INFO - Started process (PID=99539) to work on /home/datatalks_jan/anaconda3/lib/python3.11/site-packages/airflow/example_dags/example_nested_branch_dag.py
[2024-04-04T00:06:11.528+0000] {processor.py:830} INFO - Processing file /home/datatalks_jan/anaconda3/lib/python3.11/site-packages/airflow/example_dags/example_nested_branch_dag.py for tasks to queue
[2024-04-04T00:06:11.530+0000] {logging_mixin.py:188} INFO - [2024-04-04T00:06:11.529+0000] {dagbag.py:540} INFO - Filling up the DagBag from /home/datatalks_jan/anaconda3/lib/python3.11/site-packages/airflow/example_dags/example_nested_branch_dag.py
[2024-04-04T00:06:11.546+0000] {processor.py:840} INFO - DAG(s) 'example_nested_branch_dag' retrieved from /home/datatalks_jan/anaconda3/lib/python3.11/site-packages/airflow/example_dags/example_nested_branch_dag.py
[2024-04-04T00:06:11.580+0000] {logging_mixin.py:188} INFO - [2024-04-04T00:06:11.579+0000] {dag.py:3047} INFO - Sync 1 DAGs
[2024-04-04T00:06:11.611+0000] {logging_mixin.py:188} INFO - [2024-04-04T00:06:11.610+0000] {dag.py:3834} INFO - Setting next_dagrun for example_nested_branch_dag to 2024-04-03 00:00:00+00:00, run_after=2024-04-04 00:00:00+00:00
[2024-04-04T00:06:11.640+0000] {processor.py:183} INFO - Processing /home/datatalks_jan/anaconda3/lib/python3.11/site-packages/airflow/example_dags/example_nested_branch_dag.py took 0.120 seconds
[2024-04-04T00:07:16.025+0000] {processor.py:161} INFO - Started process (PID=99845) to work on /home/datatalks_jan/anaconda3/lib/python3.11/site-packages/airflow/example_dags/example_nested_branch_dag.py
[2024-04-04T00:07:16.028+0000] {processor.py:830} INFO - Processing file /home/datatalks_jan/anaconda3/lib/python3.11/site-packages/airflow/example_dags/example_nested_branch_dag.py for tasks to queue
[2024-04-04T00:07:16.029+0000] {logging_mixin.py:188} INFO - [2024-04-04T00:07:16.029+0000] {dagbag.py:540} INFO - Filling up the DagBag from /home/datatalks_jan/anaconda3/lib/python3.11/site-packages/airflow/example_dags/example_nested_branch_dag.py
[2024-04-04T00:07:16.046+0000] {processor.py:840} INFO - DAG(s) 'example_nested_branch_dag' retrieved from /home/datatalks_jan/anaconda3/lib/python3.11/site-packages/airflow/example_dags/example_nested_branch_dag.py
[2024-04-04T00:07:16.075+0000] {logging_mixin.py:188} INFO - [2024-04-04T00:07:16.075+0000] {dag.py:3047} INFO - Sync 1 DAGs
[2024-04-04T00:07:16.104+0000] {logging_mixin.py:188} INFO - [2024-04-04T00:07:16.103+0000] {dag.py:3834} INFO - Setting next_dagrun for example_nested_branch_dag to 2024-04-03 00:00:00+00:00, run_after=2024-04-04 00:00:00+00:00
[2024-04-04T00:07:16.133+0000] {processor.py:183} INFO - Processing /home/datatalks_jan/anaconda3/lib/python3.11/site-packages/airflow/example_dags/example_nested_branch_dag.py took 0.114 seconds
[2024-04-04T00:08:20.356+0000] {processor.py:161} INFO - Started process (PID=100249) to work on /home/datatalks_jan/anaconda3/lib/python3.11/site-packages/airflow/example_dags/example_nested_branch_dag.py
[2024-04-04T00:08:20.359+0000] {processor.py:830} INFO - Processing file /home/datatalks_jan/anaconda3/lib/python3.11/site-packages/airflow/example_dags/example_nested_branch_dag.py for tasks to queue
[2024-04-04T00:08:20.360+0000] {logging_mixin.py:188} INFO - [2024-04-04T00:08:20.360+0000] {dagbag.py:540} INFO - Filling up the DagBag from /home/datatalks_jan/anaconda3/lib/python3.11/site-packages/airflow/example_dags/example_nested_branch_dag.py
[2024-04-04T00:08:20.374+0000] {processor.py:840} INFO - DAG(s) 'example_nested_branch_dag' retrieved from /home/datatalks_jan/anaconda3/lib/python3.11/site-packages/airflow/example_dags/example_nested_branch_dag.py
[2024-04-04T00:08:20.399+0000] {logging_mixin.py:188} INFO - [2024-04-04T00:08:20.399+0000] {dag.py:3047} INFO - Sync 1 DAGs
[2024-04-04T00:08:20.423+0000] {logging_mixin.py:188} INFO - [2024-04-04T00:08:20.422+0000] {dag.py:3834} INFO - Setting next_dagrun for example_nested_branch_dag to 2024-04-03 00:00:00+00:00, run_after=2024-04-04 00:00:00+00:00
[2024-04-04T00:08:20.448+0000] {processor.py:183} INFO - Processing /home/datatalks_jan/anaconda3/lib/python3.11/site-packages/airflow/example_dags/example_nested_branch_dag.py took 0.096 seconds
[2024-04-04T00:09:28.155+0000] {processor.py:161} INFO - Started process (PID=100587) to work on /home/datatalks_jan/anaconda3/lib/python3.11/site-packages/airflow/example_dags/example_nested_branch_dag.py
[2024-04-04T00:09:28.157+0000] {processor.py:830} INFO - Processing file /home/datatalks_jan/anaconda3/lib/python3.11/site-packages/airflow/example_dags/example_nested_branch_dag.py for tasks to queue
[2024-04-04T00:09:28.158+0000] {logging_mixin.py:188} INFO - [2024-04-04T00:09:28.158+0000] {dagbag.py:540} INFO - Filling up the DagBag from /home/datatalks_jan/anaconda3/lib/python3.11/site-packages/airflow/example_dags/example_nested_branch_dag.py
[2024-04-04T00:09:28.176+0000] {processor.py:840} INFO - DAG(s) 'example_nested_branch_dag' retrieved from /home/datatalks_jan/anaconda3/lib/python3.11/site-packages/airflow/example_dags/example_nested_branch_dag.py
[2024-04-04T00:09:28.222+0000] {logging_mixin.py:188} INFO - [2024-04-04T00:09:28.221+0000] {dag.py:3047} INFO - Sync 1 DAGs
[2024-04-04T00:09:28.259+0000] {logging_mixin.py:188} INFO - [2024-04-04T00:09:28.258+0000] {dag.py:3834} INFO - Setting next_dagrun for example_nested_branch_dag to 2024-04-03 00:00:00+00:00, run_after=2024-04-04 00:00:00+00:00
[2024-04-04T00:09:28.291+0000] {processor.py:183} INFO - Processing /home/datatalks_jan/anaconda3/lib/python3.11/site-packages/airflow/example_dags/example_nested_branch_dag.py took 0.141 seconds
