[2024-04-04T00:06:28.340+0000] {processor.py:161} INFO - Started process (PID=99561) to work on /home/datatalks_jan/anaconda3/lib/python3.11/site-packages/airflow/example_dags/example_kubernetes_executor.py
[2024-04-04T00:06:28.341+0000] {processor.py:830} INFO - Processing file /home/datatalks_jan/anaconda3/lib/python3.11/site-packages/airflow/example_dags/example_kubernetes_executor.py for tasks to queue
[2024-04-04T00:06:28.343+0000] {logging_mixin.py:188} INFO - [2024-04-04T00:06:28.342+0000] {dagbag.py:540} INFO - Filling up the DagBag from /home/datatalks_jan/anaconda3/lib/python3.11/site-packages/airflow/example_dags/example_kubernetes_executor.py
[2024-04-04T00:06:28.363+0000] {processor.py:840} INFO - DAG(s) 'example_kubernetes_executor' retrieved from /home/datatalks_jan/anaconda3/lib/python3.11/site-packages/airflow/example_dags/example_kubernetes_executor.py
[2024-04-04T00:06:28.406+0000] {logging_mixin.py:188} INFO - [2024-04-04T00:06:28.405+0000] {dag.py:3047} INFO - Sync 1 DAGs
[2024-04-04T00:06:28.419+0000] {logging_mixin.py:188} INFO - [2024-04-04T00:06:28.419+0000] {dag.py:3834} INFO - Setting next_dagrun for example_kubernetes_executor to None, run_after=None
[2024-04-04T00:06:28.448+0000] {processor.py:183} INFO - Processing /home/datatalks_jan/anaconda3/lib/python3.11/site-packages/airflow/example_dags/example_kubernetes_executor.py took 0.114 seconds
[2024-04-04T00:07:34.946+0000] {processor.py:161} INFO - Started process (PID=99955) to work on /home/datatalks_jan/anaconda3/lib/python3.11/site-packages/airflow/example_dags/example_kubernetes_executor.py
[2024-04-04T00:07:34.949+0000] {processor.py:830} INFO - Processing file /home/datatalks_jan/anaconda3/lib/python3.11/site-packages/airflow/example_dags/example_kubernetes_executor.py for tasks to queue
[2024-04-04T00:07:34.950+0000] {logging_mixin.py:188} INFO - [2024-04-04T00:07:34.949+0000] {dagbag.py:540} INFO - Filling up the DagBag from /home/datatalks_jan/anaconda3/lib/python3.11/site-packages/airflow/example_dags/example_kubernetes_executor.py
[2024-04-04T00:07:34.969+0000] {processor.py:840} INFO - DAG(s) 'example_kubernetes_executor' retrieved from /home/datatalks_jan/anaconda3/lib/python3.11/site-packages/airflow/example_dags/example_kubernetes_executor.py
[2024-04-04T00:07:35.011+0000] {logging_mixin.py:188} INFO - [2024-04-04T00:07:35.010+0000] {dag.py:3047} INFO - Sync 1 DAGs
[2024-04-04T00:07:35.024+0000] {logging_mixin.py:188} INFO - [2024-04-04T00:07:35.023+0000] {dag.py:3834} INFO - Setting next_dagrun for example_kubernetes_executor to None, run_after=None
[2024-04-04T00:07:35.049+0000] {processor.py:183} INFO - Processing /home/datatalks_jan/anaconda3/lib/python3.11/site-packages/airflow/example_dags/example_kubernetes_executor.py took 0.107 seconds
[2024-04-04T00:08:41.198+0000] {processor.py:161} INFO - Started process (PID=100328) to work on /home/datatalks_jan/anaconda3/lib/python3.11/site-packages/airflow/example_dags/example_kubernetes_executor.py
[2024-04-04T00:08:41.200+0000] {processor.py:830} INFO - Processing file /home/datatalks_jan/anaconda3/lib/python3.11/site-packages/airflow/example_dags/example_kubernetes_executor.py for tasks to queue
[2024-04-04T00:08:41.202+0000] {logging_mixin.py:188} INFO - [2024-04-04T00:08:41.201+0000] {dagbag.py:540} INFO - Filling up the DagBag from /home/datatalks_jan/anaconda3/lib/python3.11/site-packages/airflow/example_dags/example_kubernetes_executor.py
[2024-04-04T00:08:41.223+0000] {processor.py:840} INFO - DAG(s) 'example_kubernetes_executor' retrieved from /home/datatalks_jan/anaconda3/lib/python3.11/site-packages/airflow/example_dags/example_kubernetes_executor.py
[2024-04-04T00:08:41.270+0000] {logging_mixin.py:188} INFO - [2024-04-04T00:08:41.269+0000] {dag.py:3047} INFO - Sync 1 DAGs
[2024-04-04T00:08:41.545+0000] {logging_mixin.py:188} INFO - [2024-04-04T00:08:41.545+0000] {dag.py:3834} INFO - Setting next_dagrun for example_kubernetes_executor to None, run_after=None
[2024-04-04T00:08:41.570+0000] {processor.py:183} INFO - Processing /home/datatalks_jan/anaconda3/lib/python3.11/site-packages/airflow/example_dags/example_kubernetes_executor.py took 0.378 seconds
[2024-04-04T00:09:47.653+0000] {processor.py:161} INFO - Started process (PID=100790) to work on /home/datatalks_jan/anaconda3/lib/python3.11/site-packages/airflow/example_dags/example_kubernetes_executor.py
[2024-04-04T00:09:47.655+0000] {processor.py:830} INFO - Processing file /home/datatalks_jan/anaconda3/lib/python3.11/site-packages/airflow/example_dags/example_kubernetes_executor.py for tasks to queue
[2024-04-04T00:09:47.657+0000] {logging_mixin.py:188} INFO - [2024-04-04T00:09:47.657+0000] {dagbag.py:540} INFO - Filling up the DagBag from /home/datatalks_jan/anaconda3/lib/python3.11/site-packages/airflow/example_dags/example_kubernetes_executor.py
[2024-04-04T00:09:47.680+0000] {processor.py:840} INFO - DAG(s) 'example_kubernetes_executor' retrieved from /home/datatalks_jan/anaconda3/lib/python3.11/site-packages/airflow/example_dags/example_kubernetes_executor.py
[2024-04-04T00:09:47.738+0000] {logging_mixin.py:188} INFO - [2024-04-04T00:09:47.738+0000] {dag.py:3047} INFO - Sync 1 DAGs
[2024-04-04T00:09:47.755+0000] {logging_mixin.py:188} INFO - [2024-04-04T00:09:47.754+0000] {dag.py:3834} INFO - Setting next_dagrun for example_kubernetes_executor to None, run_after=None
[2024-04-04T00:09:47.786+0000] {processor.py:183} INFO - Processing /home/datatalks_jan/anaconda3/lib/python3.11/site-packages/airflow/example_dags/example_kubernetes_executor.py took 0.140 seconds
[2024-04-04T00:10:44.977+0000] {processor.py:161} INFO - Started process (PID=101288) to work on /home/datatalks_jan/anaconda3/lib/python3.11/site-packages/airflow/example_dags/example_kubernetes_executor.py
[2024-04-04T00:10:44.980+0000] {processor.py:830} INFO - Processing file /home/datatalks_jan/anaconda3/lib/python3.11/site-packages/airflow/example_dags/example_kubernetes_executor.py for tasks to queue
[2024-04-04T00:10:44.982+0000] {logging_mixin.py:188} INFO - [2024-04-04T00:10:44.981+0000] {dagbag.py:540} INFO - Filling up the DagBag from /home/datatalks_jan/anaconda3/lib/python3.11/site-packages/airflow/example_dags/example_kubernetes_executor.py
[2024-04-04T00:10:45.003+0000] {processor.py:840} INFO - DAG(s) 'example_kubernetes_executor' retrieved from /home/datatalks_jan/anaconda3/lib/python3.11/site-packages/airflow/example_dags/example_kubernetes_executor.py
[2024-04-04T00:10:45.056+0000] {logging_mixin.py:188} INFO - [2024-04-04T00:10:45.055+0000] {dag.py:3047} INFO - Sync 1 DAGs
[2024-04-04T00:10:45.074+0000] {logging_mixin.py:188} INFO - [2024-04-04T00:10:45.073+0000] {dag.py:3834} INFO - Setting next_dagrun for example_kubernetes_executor to None, run_after=None
[2024-04-04T00:10:45.106+0000] {processor.py:183} INFO - Processing /home/datatalks_jan/anaconda3/lib/python3.11/site-packages/airflow/example_dags/example_kubernetes_executor.py took 0.134 seconds
[2024-04-04T00:11:38.491+0000] {processor.py:161} INFO - Started process (PID=101670) to work on /home/datatalks_jan/anaconda3/lib/python3.11/site-packages/airflow/example_dags/example_kubernetes_executor.py
[2024-04-04T00:11:38.494+0000] {processor.py:830} INFO - Processing file /home/datatalks_jan/anaconda3/lib/python3.11/site-packages/airflow/example_dags/example_kubernetes_executor.py for tasks to queue
[2024-04-04T00:11:38.496+0000] {logging_mixin.py:188} INFO - [2024-04-04T00:11:38.495+0000] {dagbag.py:540} INFO - Filling up the DagBag from /home/datatalks_jan/anaconda3/lib/python3.11/site-packages/airflow/example_dags/example_kubernetes_executor.py
[2024-04-04T00:11:38.519+0000] {processor.py:840} INFO - DAG(s) 'example_kubernetes_executor' retrieved from /home/datatalks_jan/anaconda3/lib/python3.11/site-packages/airflow/example_dags/example_kubernetes_executor.py
[2024-04-04T00:11:38.575+0000] {logging_mixin.py:188} INFO - [2024-04-04T00:11:38.575+0000] {dag.py:3047} INFO - Sync 1 DAGs
[2024-04-04T00:11:38.593+0000] {logging_mixin.py:188} INFO - [2024-04-04T00:11:38.593+0000] {dag.py:3834} INFO - Setting next_dagrun for example_kubernetes_executor to None, run_after=None
[2024-04-04T00:11:38.632+0000] {processor.py:183} INFO - Processing /home/datatalks_jan/anaconda3/lib/python3.11/site-packages/airflow/example_dags/example_kubernetes_executor.py took 0.146 seconds
[2024-04-04T00:12:31.707+0000] {processor.py:161} INFO - Started process (PID=102035) to work on /home/datatalks_jan/anaconda3/lib/python3.11/site-packages/airflow/example_dags/example_kubernetes_executor.py
[2024-04-04T00:12:31.709+0000] {processor.py:830} INFO - Processing file /home/datatalks_jan/anaconda3/lib/python3.11/site-packages/airflow/example_dags/example_kubernetes_executor.py for tasks to queue
[2024-04-04T00:12:31.711+0000] {logging_mixin.py:188} INFO - [2024-04-04T00:12:31.710+0000] {dagbag.py:540} INFO - Filling up the DagBag from /home/datatalks_jan/anaconda3/lib/python3.11/site-packages/airflow/example_dags/example_kubernetes_executor.py
[2024-04-04T00:12:31.731+0000] {processor.py:840} INFO - DAG(s) 'example_kubernetes_executor' retrieved from /home/datatalks_jan/anaconda3/lib/python3.11/site-packages/airflow/example_dags/example_kubernetes_executor.py
[2024-04-04T00:12:31.776+0000] {logging_mixin.py:188} INFO - [2024-04-04T00:12:31.776+0000] {dag.py:3047} INFO - Sync 1 DAGs
[2024-04-04T00:12:31.789+0000] {logging_mixin.py:188} INFO - [2024-04-04T00:12:31.789+0000] {dag.py:3834} INFO - Setting next_dagrun for example_kubernetes_executor to None, run_after=None
[2024-04-04T00:12:31.815+0000] {processor.py:183} INFO - Processing /home/datatalks_jan/anaconda3/lib/python3.11/site-packages/airflow/example_dags/example_kubernetes_executor.py took 0.113 seconds
[2024-04-04T00:13:46.020+0000] {processor.py:161} INFO - Started process (PID=102635) to work on /home/datatalks_jan/anaconda3/lib/python3.11/site-packages/airflow/example_dags/example_kubernetes_executor.py
[2024-04-04T00:13:46.023+0000] {processor.py:830} INFO - Processing file /home/datatalks_jan/anaconda3/lib/python3.11/site-packages/airflow/example_dags/example_kubernetes_executor.py for tasks to queue
[2024-04-04T00:13:46.025+0000] {logging_mixin.py:188} INFO - [2024-04-04T00:13:46.024+0000] {dagbag.py:540} INFO - Filling up the DagBag from /home/datatalks_jan/anaconda3/lib/python3.11/site-packages/airflow/example_dags/example_kubernetes_executor.py
[2024-04-04T00:13:46.047+0000] {processor.py:840} INFO - DAG(s) 'example_kubernetes_executor' retrieved from /home/datatalks_jan/anaconda3/lib/python3.11/site-packages/airflow/example_dags/example_kubernetes_executor.py
[2024-04-04T00:13:46.097+0000] {logging_mixin.py:188} INFO - [2024-04-04T00:13:46.097+0000] {dag.py:3047} INFO - Sync 1 DAGs
[2024-04-04T00:13:46.111+0000] {logging_mixin.py:188} INFO - [2024-04-04T00:13:46.111+0000] {dag.py:3834} INFO - Setting next_dagrun for example_kubernetes_executor to None, run_after=None
[2024-04-04T00:13:46.139+0000] {processor.py:183} INFO - Processing /home/datatalks_jan/anaconda3/lib/python3.11/site-packages/airflow/example_dags/example_kubernetes_executor.py took 0.125 seconds
[2024-04-04T00:14:39.597+0000] {processor.py:161} INFO - Started process (PID=103047) to work on /home/datatalks_jan/anaconda3/lib/python3.11/site-packages/airflow/example_dags/example_kubernetes_executor.py
[2024-04-04T00:14:39.600+0000] {processor.py:830} INFO - Processing file /home/datatalks_jan/anaconda3/lib/python3.11/site-packages/airflow/example_dags/example_kubernetes_executor.py for tasks to queue
[2024-04-04T00:14:39.601+0000] {logging_mixin.py:188} INFO - [2024-04-04T00:14:39.600+0000] {dagbag.py:540} INFO - Filling up the DagBag from /home/datatalks_jan/anaconda3/lib/python3.11/site-packages/airflow/example_dags/example_kubernetes_executor.py
[2024-04-04T00:14:39.623+0000] {processor.py:840} INFO - DAG(s) 'example_kubernetes_executor' retrieved from /home/datatalks_jan/anaconda3/lib/python3.11/site-packages/airflow/example_dags/example_kubernetes_executor.py
[2024-04-04T00:14:39.676+0000] {logging_mixin.py:188} INFO - [2024-04-04T00:14:39.675+0000] {dag.py:3047} INFO - Sync 1 DAGs
[2024-04-04T00:14:39.696+0000] {logging_mixin.py:188} INFO - [2024-04-04T00:14:39.696+0000] {dag.py:3834} INFO - Setting next_dagrun for example_kubernetes_executor to None, run_after=None
[2024-04-04T00:14:39.724+0000] {processor.py:183} INFO - Processing /home/datatalks_jan/anaconda3/lib/python3.11/site-packages/airflow/example_dags/example_kubernetes_executor.py took 0.132 seconds
[2024-04-04T00:15:54.784+0000] {processor.py:161} INFO - Started process (PID=103626) to work on /home/datatalks_jan/anaconda3/lib/python3.11/site-packages/airflow/example_dags/example_kubernetes_executor.py
[2024-04-04T00:15:54.787+0000] {processor.py:830} INFO - Processing file /home/datatalks_jan/anaconda3/lib/python3.11/site-packages/airflow/example_dags/example_kubernetes_executor.py for tasks to queue
[2024-04-04T00:15:54.789+0000] {logging_mixin.py:188} INFO - [2024-04-04T00:15:54.788+0000] {dagbag.py:540} INFO - Filling up the DagBag from /home/datatalks_jan/anaconda3/lib/python3.11/site-packages/airflow/example_dags/example_kubernetes_executor.py
[2024-04-04T00:15:54.814+0000] {processor.py:840} INFO - DAG(s) 'example_kubernetes_executor' retrieved from /home/datatalks_jan/anaconda3/lib/python3.11/site-packages/airflow/example_dags/example_kubernetes_executor.py
[2024-04-04T00:15:54.863+0000] {logging_mixin.py:188} INFO - [2024-04-04T00:15:54.862+0000] {dag.py:3047} INFO - Sync 1 DAGs
[2024-04-04T00:15:54.877+0000] {logging_mixin.py:188} INFO - [2024-04-04T00:15:54.877+0000] {dag.py:3834} INFO - Setting next_dagrun for example_kubernetes_executor to None, run_after=None
[2024-04-04T00:15:54.904+0000] {processor.py:183} INFO - Processing /home/datatalks_jan/anaconda3/lib/python3.11/site-packages/airflow/example_dags/example_kubernetes_executor.py took 0.125 seconds
[2024-04-04T00:17:02.886+0000] {processor.py:161} INFO - Started process (PID=103954) to work on /home/datatalks_jan/anaconda3/lib/python3.11/site-packages/airflow/example_dags/example_kubernetes_executor.py
[2024-04-04T00:17:02.888+0000] {processor.py:830} INFO - Processing file /home/datatalks_jan/anaconda3/lib/python3.11/site-packages/airflow/example_dags/example_kubernetes_executor.py for tasks to queue
[2024-04-04T00:17:02.889+0000] {logging_mixin.py:188} INFO - [2024-04-04T00:17:02.889+0000] {dagbag.py:540} INFO - Filling up the DagBag from /home/datatalks_jan/anaconda3/lib/python3.11/site-packages/airflow/example_dags/example_kubernetes_executor.py
[2024-04-04T00:17:02.908+0000] {processor.py:840} INFO - DAG(s) 'example_kubernetes_executor' retrieved from /home/datatalks_jan/anaconda3/lib/python3.11/site-packages/airflow/example_dags/example_kubernetes_executor.py
[2024-04-04T00:17:02.951+0000] {logging_mixin.py:188} INFO - [2024-04-04T00:17:02.951+0000] {dag.py:3047} INFO - Sync 1 DAGs
[2024-04-04T00:17:02.966+0000] {logging_mixin.py:188} INFO - [2024-04-04T00:17:02.966+0000] {dag.py:3834} INFO - Setting next_dagrun for example_kubernetes_executor to None, run_after=None
[2024-04-04T00:17:02.992+0000] {processor.py:183} INFO - Processing /home/datatalks_jan/anaconda3/lib/python3.11/site-packages/airflow/example_dags/example_kubernetes_executor.py took 0.111 seconds
[2024-04-04T00:18:11.932+0000] {processor.py:161} INFO - Started process (PID=104261) to work on /home/datatalks_jan/anaconda3/lib/python3.11/site-packages/airflow/example_dags/example_kubernetes_executor.py
[2024-04-04T00:18:11.935+0000] {processor.py:830} INFO - Processing file /home/datatalks_jan/anaconda3/lib/python3.11/site-packages/airflow/example_dags/example_kubernetes_executor.py for tasks to queue
[2024-04-04T00:18:11.936+0000] {logging_mixin.py:188} INFO - [2024-04-04T00:18:11.936+0000] {dagbag.py:540} INFO - Filling up the DagBag from /home/datatalks_jan/anaconda3/lib/python3.11/site-packages/airflow/example_dags/example_kubernetes_executor.py
[2024-04-04T00:18:11.956+0000] {processor.py:840} INFO - DAG(s) 'example_kubernetes_executor' retrieved from /home/datatalks_jan/anaconda3/lib/python3.11/site-packages/airflow/example_dags/example_kubernetes_executor.py
[2024-04-04T00:18:12.004+0000] {logging_mixin.py:188} INFO - [2024-04-04T00:18:12.004+0000] {dag.py:3047} INFO - Sync 1 DAGs
[2024-04-04T00:18:12.018+0000] {logging_mixin.py:188} INFO - [2024-04-04T00:18:12.018+0000] {dag.py:3834} INFO - Setting next_dagrun for example_kubernetes_executor to None, run_after=None
[2024-04-04T00:18:12.049+0000] {processor.py:183} INFO - Processing /home/datatalks_jan/anaconda3/lib/python3.11/site-packages/airflow/example_dags/example_kubernetes_executor.py took 0.122 seconds
[2024-04-04T00:19:13.228+0000] {processor.py:161} INFO - Started process (PID=104466) to work on /home/datatalks_jan/anaconda3/lib/python3.11/site-packages/airflow/example_dags/example_kubernetes_executor.py
[2024-04-04T00:19:13.231+0000] {processor.py:830} INFO - Processing file /home/datatalks_jan/anaconda3/lib/python3.11/site-packages/airflow/example_dags/example_kubernetes_executor.py for tasks to queue
[2024-04-04T00:19:13.233+0000] {logging_mixin.py:188} INFO - [2024-04-04T00:19:13.232+0000] {dagbag.py:540} INFO - Filling up the DagBag from /home/datatalks_jan/anaconda3/lib/python3.11/site-packages/airflow/example_dags/example_kubernetes_executor.py
[2024-04-04T00:19:13.258+0000] {processor.py:840} INFO - DAG(s) 'example_kubernetes_executor' retrieved from /home/datatalks_jan/anaconda3/lib/python3.11/site-packages/airflow/example_dags/example_kubernetes_executor.py
[2024-04-04T00:19:13.313+0000] {logging_mixin.py:188} INFO - [2024-04-04T00:19:13.312+0000] {dag.py:3047} INFO - Sync 1 DAGs
[2024-04-04T00:19:13.330+0000] {logging_mixin.py:188} INFO - [2024-04-04T00:19:13.329+0000] {dag.py:3834} INFO - Setting next_dagrun for example_kubernetes_executor to None, run_after=None
[2024-04-04T00:19:13.364+0000] {processor.py:183} INFO - Processing /home/datatalks_jan/anaconda3/lib/python3.11/site-packages/airflow/example_dags/example_kubernetes_executor.py took 0.142 seconds
[2024-04-04T00:20:18.079+0000] {processor.py:161} INFO - Started process (PID=104534) to work on /home/datatalks_jan/anaconda3/lib/python3.11/site-packages/airflow/example_dags/example_kubernetes_executor.py
[2024-04-04T00:20:18.082+0000] {processor.py:830} INFO - Processing file /home/datatalks_jan/anaconda3/lib/python3.11/site-packages/airflow/example_dags/example_kubernetes_executor.py for tasks to queue
[2024-04-04T00:20:18.083+0000] {logging_mixin.py:188} INFO - [2024-04-04T00:20:18.083+0000] {dagbag.py:540} INFO - Filling up the DagBag from /home/datatalks_jan/anaconda3/lib/python3.11/site-packages/airflow/example_dags/example_kubernetes_executor.py
[2024-04-04T00:20:18.106+0000] {processor.py:840} INFO - DAG(s) 'example_kubernetes_executor' retrieved from /home/datatalks_jan/anaconda3/lib/python3.11/site-packages/airflow/example_dags/example_kubernetes_executor.py
[2024-04-04T00:20:18.158+0000] {logging_mixin.py:188} INFO - [2024-04-04T00:20:18.157+0000] {dag.py:3047} INFO - Sync 1 DAGs
[2024-04-04T00:20:18.173+0000] {logging_mixin.py:188} INFO - [2024-04-04T00:20:18.173+0000] {dag.py:3834} INFO - Setting next_dagrun for example_kubernetes_executor to None, run_after=None
[2024-04-04T00:20:18.203+0000] {processor.py:183} INFO - Processing /home/datatalks_jan/anaconda3/lib/python3.11/site-packages/airflow/example_dags/example_kubernetes_executor.py took 0.130 seconds
[2024-04-04T00:21:26.004+0000] {processor.py:161} INFO - Started process (PID=104714) to work on /home/datatalks_jan/anaconda3/lib/python3.11/site-packages/airflow/example_dags/example_kubernetes_executor.py
[2024-04-04T00:21:26.007+0000] {processor.py:830} INFO - Processing file /home/datatalks_jan/anaconda3/lib/python3.11/site-packages/airflow/example_dags/example_kubernetes_executor.py for tasks to queue
[2024-04-04T00:21:26.008+0000] {logging_mixin.py:188} INFO - [2024-04-04T00:21:26.007+0000] {dagbag.py:540} INFO - Filling up the DagBag from /home/datatalks_jan/anaconda3/lib/python3.11/site-packages/airflow/example_dags/example_kubernetes_executor.py
[2024-04-04T00:21:26.030+0000] {processor.py:840} INFO - DAG(s) 'example_kubernetes_executor' retrieved from /home/datatalks_jan/anaconda3/lib/python3.11/site-packages/airflow/example_dags/example_kubernetes_executor.py
[2024-04-04T00:21:26.082+0000] {logging_mixin.py:188} INFO - [2024-04-04T00:21:26.081+0000] {dag.py:3047} INFO - Sync 1 DAGs
[2024-04-04T00:21:26.099+0000] {logging_mixin.py:188} INFO - [2024-04-04T00:21:26.098+0000] {dag.py:3834} INFO - Setting next_dagrun for example_kubernetes_executor to None, run_after=None
[2024-04-04T00:21:26.133+0000] {processor.py:183} INFO - Processing /home/datatalks_jan/anaconda3/lib/python3.11/site-packages/airflow/example_dags/example_kubernetes_executor.py took 0.135 seconds
[2024-04-04T00:22:34.180+0000] {processor.py:161} INFO - Started process (PID=104787) to work on /home/datatalks_jan/anaconda3/lib/python3.11/site-packages/airflow/example_dags/example_kubernetes_executor.py
[2024-04-04T00:22:34.184+0000] {processor.py:830} INFO - Processing file /home/datatalks_jan/anaconda3/lib/python3.11/site-packages/airflow/example_dags/example_kubernetes_executor.py for tasks to queue
[2024-04-04T00:22:34.186+0000] {logging_mixin.py:188} INFO - [2024-04-04T00:22:34.185+0000] {dagbag.py:540} INFO - Filling up the DagBag from /home/datatalks_jan/anaconda3/lib/python3.11/site-packages/airflow/example_dags/example_kubernetes_executor.py
[2024-04-04T00:22:34.209+0000] {processor.py:840} INFO - DAG(s) 'example_kubernetes_executor' retrieved from /home/datatalks_jan/anaconda3/lib/python3.11/site-packages/airflow/example_dags/example_kubernetes_executor.py
[2024-04-04T00:22:34.268+0000] {logging_mixin.py:188} INFO - [2024-04-04T00:22:34.268+0000] {dag.py:3047} INFO - Sync 1 DAGs
[2024-04-04T00:22:34.286+0000] {logging_mixin.py:188} INFO - [2024-04-04T00:22:34.286+0000] {dag.py:3834} INFO - Setting next_dagrun for example_kubernetes_executor to None, run_after=None
[2024-04-04T00:22:34.320+0000] {processor.py:183} INFO - Processing /home/datatalks_jan/anaconda3/lib/python3.11/site-packages/airflow/example_dags/example_kubernetes_executor.py took 0.145 seconds
[2024-04-04T00:23:28.559+0000] {processor.py:161} INFO - Started process (PID=104839) to work on /home/datatalks_jan/anaconda3/lib/python3.11/site-packages/airflow/example_dags/example_kubernetes_executor.py
[2024-04-04T00:23:28.561+0000] {processor.py:830} INFO - Processing file /home/datatalks_jan/anaconda3/lib/python3.11/site-packages/airflow/example_dags/example_kubernetes_executor.py for tasks to queue
[2024-04-04T00:23:28.563+0000] {logging_mixin.py:188} INFO - [2024-04-04T00:23:28.562+0000] {dagbag.py:540} INFO - Filling up the DagBag from /home/datatalks_jan/anaconda3/lib/python3.11/site-packages/airflow/example_dags/example_kubernetes_executor.py
[2024-04-04T00:23:28.588+0000] {processor.py:840} INFO - DAG(s) 'example_kubernetes_executor' retrieved from /home/datatalks_jan/anaconda3/lib/python3.11/site-packages/airflow/example_dags/example_kubernetes_executor.py
[2024-04-04T00:23:28.633+0000] {logging_mixin.py:188} INFO - [2024-04-04T00:23:28.633+0000] {dag.py:3047} INFO - Sync 1 DAGs
[2024-04-04T00:23:28.649+0000] {logging_mixin.py:188} INFO - [2024-04-04T00:23:28.648+0000] {dag.py:3834} INFO - Setting next_dagrun for example_kubernetes_executor to None, run_after=None
[2024-04-04T00:23:28.676+0000] {processor.py:183} INFO - Processing /home/datatalks_jan/anaconda3/lib/python3.11/site-packages/airflow/example_dags/example_kubernetes_executor.py took 0.122 seconds
[2024-04-04T00:24:40.736+0000] {processor.py:161} INFO - Started process (PID=104975) to work on /home/datatalks_jan/anaconda3/lib/python3.11/site-packages/airflow/example_dags/example_kubernetes_executor.py
[2024-04-04T00:24:40.738+0000] {processor.py:830} INFO - Processing file /home/datatalks_jan/anaconda3/lib/python3.11/site-packages/airflow/example_dags/example_kubernetes_executor.py for tasks to queue
[2024-04-04T00:24:40.739+0000] {logging_mixin.py:188} INFO - [2024-04-04T00:24:40.739+0000] {dagbag.py:540} INFO - Filling up the DagBag from /home/datatalks_jan/anaconda3/lib/python3.11/site-packages/airflow/example_dags/example_kubernetes_executor.py
[2024-04-04T00:24:40.758+0000] {processor.py:840} INFO - DAG(s) 'example_kubernetes_executor' retrieved from /home/datatalks_jan/anaconda3/lib/python3.11/site-packages/airflow/example_dags/example_kubernetes_executor.py
[2024-04-04T00:24:40.805+0000] {logging_mixin.py:188} INFO - [2024-04-04T00:24:40.805+0000] {dag.py:3047} INFO - Sync 1 DAGs
[2024-04-04T00:24:40.821+0000] {logging_mixin.py:188} INFO - [2024-04-04T00:24:40.820+0000] {dag.py:3834} INFO - Setting next_dagrun for example_kubernetes_executor to None, run_after=None
[2024-04-04T00:24:40.853+0000] {processor.py:183} INFO - Processing /home/datatalks_jan/anaconda3/lib/python3.11/site-packages/airflow/example_dags/example_kubernetes_executor.py took 0.122 seconds
[2024-04-04T00:25:50.894+0000] {processor.py:161} INFO - Started process (PID=105103) to work on /home/datatalks_jan/anaconda3/lib/python3.11/site-packages/airflow/example_dags/example_kubernetes_executor.py
[2024-04-04T00:25:50.897+0000] {processor.py:830} INFO - Processing file /home/datatalks_jan/anaconda3/lib/python3.11/site-packages/airflow/example_dags/example_kubernetes_executor.py for tasks to queue
[2024-04-04T00:25:50.898+0000] {logging_mixin.py:188} INFO - [2024-04-04T00:25:50.897+0000] {dagbag.py:540} INFO - Filling up the DagBag from /home/datatalks_jan/anaconda3/lib/python3.11/site-packages/airflow/example_dags/example_kubernetes_executor.py
[2024-04-04T00:25:50.917+0000] {processor.py:840} INFO - DAG(s) 'example_kubernetes_executor' retrieved from /home/datatalks_jan/anaconda3/lib/python3.11/site-packages/airflow/example_dags/example_kubernetes_executor.py
[2024-04-04T00:25:50.960+0000] {logging_mixin.py:188} INFO - [2024-04-04T00:25:50.960+0000] {dag.py:3047} INFO - Sync 1 DAGs
[2024-04-04T00:25:50.973+0000] {logging_mixin.py:188} INFO - [2024-04-04T00:25:50.973+0000] {dag.py:3834} INFO - Setting next_dagrun for example_kubernetes_executor to None, run_after=None
[2024-04-04T00:25:51.001+0000] {processor.py:183} INFO - Processing /home/datatalks_jan/anaconda3/lib/python3.11/site-packages/airflow/example_dags/example_kubernetes_executor.py took 0.112 seconds
[2024-04-04T00:26:56.553+0000] {processor.py:161} INFO - Started process (PID=105174) to work on /home/datatalks_jan/anaconda3/lib/python3.11/site-packages/airflow/example_dags/example_kubernetes_executor.py
[2024-04-04T00:26:56.555+0000] {processor.py:830} INFO - Processing file /home/datatalks_jan/anaconda3/lib/python3.11/site-packages/airflow/example_dags/example_kubernetes_executor.py for tasks to queue
[2024-04-04T00:26:56.557+0000] {logging_mixin.py:188} INFO - [2024-04-04T00:26:56.556+0000] {dagbag.py:540} INFO - Filling up the DagBag from /home/datatalks_jan/anaconda3/lib/python3.11/site-packages/airflow/example_dags/example_kubernetes_executor.py
[2024-04-04T00:26:56.578+0000] {processor.py:840} INFO - DAG(s) 'example_kubernetes_executor' retrieved from /home/datatalks_jan/anaconda3/lib/python3.11/site-packages/airflow/example_dags/example_kubernetes_executor.py
[2024-04-04T00:26:56.629+0000] {logging_mixin.py:188} INFO - [2024-04-04T00:26:56.628+0000] {dag.py:3047} INFO - Sync 1 DAGs
[2024-04-04T00:26:56.644+0000] {logging_mixin.py:188} INFO - [2024-04-04T00:26:56.643+0000] {dag.py:3834} INFO - Setting next_dagrun for example_kubernetes_executor to None, run_after=None
[2024-04-04T00:26:56.672+0000] {processor.py:183} INFO - Processing /home/datatalks_jan/anaconda3/lib/python3.11/site-packages/airflow/example_dags/example_kubernetes_executor.py took 0.125 seconds
[2024-04-04T00:28:07.422+0000] {processor.py:161} INFO - Started process (PID=105247) to work on /home/datatalks_jan/anaconda3/lib/python3.11/site-packages/airflow/example_dags/example_kubernetes_executor.py
[2024-04-04T00:28:07.424+0000] {processor.py:830} INFO - Processing file /home/datatalks_jan/anaconda3/lib/python3.11/site-packages/airflow/example_dags/example_kubernetes_executor.py for tasks to queue
[2024-04-04T00:28:07.425+0000] {logging_mixin.py:188} INFO - [2024-04-04T00:28:07.424+0000] {dagbag.py:540} INFO - Filling up the DagBag from /home/datatalks_jan/anaconda3/lib/python3.11/site-packages/airflow/example_dags/example_kubernetes_executor.py
[2024-04-04T00:28:07.444+0000] {processor.py:840} INFO - DAG(s) 'example_kubernetes_executor' retrieved from /home/datatalks_jan/anaconda3/lib/python3.11/site-packages/airflow/example_dags/example_kubernetes_executor.py
[2024-04-04T00:28:07.489+0000] {logging_mixin.py:188} INFO - [2024-04-04T00:28:07.489+0000] {dag.py:3047} INFO - Sync 1 DAGs
[2024-04-04T00:28:07.504+0000] {logging_mixin.py:188} INFO - [2024-04-04T00:28:07.503+0000] {dag.py:3834} INFO - Setting next_dagrun for example_kubernetes_executor to None, run_after=None
[2024-04-04T00:28:07.533+0000] {processor.py:183} INFO - Processing /home/datatalks_jan/anaconda3/lib/python3.11/site-packages/airflow/example_dags/example_kubernetes_executor.py took 0.116 seconds
[2024-04-04T00:29:01.411+0000] {processor.py:161} INFO - Started process (PID=105541) to work on /home/datatalks_jan/anaconda3/lib/python3.11/site-packages/airflow/example_dags/example_kubernetes_executor.py
[2024-04-04T00:29:01.414+0000] {processor.py:830} INFO - Processing file /home/datatalks_jan/anaconda3/lib/python3.11/site-packages/airflow/example_dags/example_kubernetes_executor.py for tasks to queue
[2024-04-04T00:29:01.415+0000] {logging_mixin.py:188} INFO - [2024-04-04T00:29:01.414+0000] {dagbag.py:540} INFO - Filling up the DagBag from /home/datatalks_jan/anaconda3/lib/python3.11/site-packages/airflow/example_dags/example_kubernetes_executor.py
[2024-04-04T00:29:01.434+0000] {processor.py:840} INFO - DAG(s) 'example_kubernetes_executor' retrieved from /home/datatalks_jan/anaconda3/lib/python3.11/site-packages/airflow/example_dags/example_kubernetes_executor.py
[2024-04-04T00:29:01.479+0000] {logging_mixin.py:188} INFO - [2024-04-04T00:29:01.479+0000] {dag.py:3047} INFO - Sync 1 DAGs
[2024-04-04T00:29:01.494+0000] {logging_mixin.py:188} INFO - [2024-04-04T00:29:01.494+0000] {dag.py:3834} INFO - Setting next_dagrun for example_kubernetes_executor to None, run_after=None
[2024-04-04T00:29:01.522+0000] {processor.py:183} INFO - Processing /home/datatalks_jan/anaconda3/lib/python3.11/site-packages/airflow/example_dags/example_kubernetes_executor.py took 0.115 seconds
[2024-04-04T00:30:08.162+0000] {processor.py:161} INFO - Started process (PID=105817) to work on /home/datatalks_jan/anaconda3/lib/python3.11/site-packages/airflow/example_dags/example_kubernetes_executor.py
[2024-04-04T00:30:08.165+0000] {processor.py:830} INFO - Processing file /home/datatalks_jan/anaconda3/lib/python3.11/site-packages/airflow/example_dags/example_kubernetes_executor.py for tasks to queue
[2024-04-04T00:30:08.166+0000] {logging_mixin.py:188} INFO - [2024-04-04T00:30:08.165+0000] {dagbag.py:540} INFO - Filling up the DagBag from /home/datatalks_jan/anaconda3/lib/python3.11/site-packages/airflow/example_dags/example_kubernetes_executor.py
[2024-04-04T00:30:08.185+0000] {processor.py:840} INFO - DAG(s) 'example_kubernetes_executor' retrieved from /home/datatalks_jan/anaconda3/lib/python3.11/site-packages/airflow/example_dags/example_kubernetes_executor.py
[2024-04-04T00:30:08.230+0000] {logging_mixin.py:188} INFO - [2024-04-04T00:30:08.229+0000] {dag.py:3047} INFO - Sync 1 DAGs
[2024-04-04T00:30:08.243+0000] {logging_mixin.py:188} INFO - [2024-04-04T00:30:08.243+0000] {dag.py:3834} INFO - Setting next_dagrun for example_kubernetes_executor to None, run_after=None
[2024-04-04T00:30:08.271+0000] {processor.py:183} INFO - Processing /home/datatalks_jan/anaconda3/lib/python3.11/site-packages/airflow/example_dags/example_kubernetes_executor.py took 0.113 seconds
[2024-04-04T00:31:10.727+0000] {processor.py:161} INFO - Started process (PID=105940) to work on /home/datatalks_jan/anaconda3/lib/python3.11/site-packages/airflow/example_dags/example_kubernetes_executor.py
[2024-04-04T00:31:10.730+0000] {processor.py:830} INFO - Processing file /home/datatalks_jan/anaconda3/lib/python3.11/site-packages/airflow/example_dags/example_kubernetes_executor.py for tasks to queue
[2024-04-04T00:31:10.731+0000] {logging_mixin.py:188} INFO - [2024-04-04T00:31:10.730+0000] {dagbag.py:540} INFO - Filling up the DagBag from /home/datatalks_jan/anaconda3/lib/python3.11/site-packages/airflow/example_dags/example_kubernetes_executor.py
[2024-04-04T00:31:10.752+0000] {processor.py:840} INFO - DAG(s) 'example_kubernetes_executor' retrieved from /home/datatalks_jan/anaconda3/lib/python3.11/site-packages/airflow/example_dags/example_kubernetes_executor.py
[2024-04-04T00:31:10.802+0000] {logging_mixin.py:188} INFO - [2024-04-04T00:31:10.802+0000] {dag.py:3047} INFO - Sync 1 DAGs
[2024-04-04T00:31:10.818+0000] {logging_mixin.py:188} INFO - [2024-04-04T00:31:10.817+0000] {dag.py:3834} INFO - Setting next_dagrun for example_kubernetes_executor to None, run_after=None
[2024-04-04T00:31:10.850+0000] {processor.py:183} INFO - Processing /home/datatalks_jan/anaconda3/lib/python3.11/site-packages/airflow/example_dags/example_kubernetes_executor.py took 0.129 seconds
