[2024-04-04T00:06:09.755+0000] {processor.py:161} INFO - Started process (PID=99537) to work on /home/datatalks_jan/anaconda3/lib/python3.11/site-packages/airflow/example_dags/example_xcom.py
[2024-04-04T00:06:09.756+0000] {processor.py:830} INFO - Processing file /home/datatalks_jan/anaconda3/lib/python3.11/site-packages/airflow/example_dags/example_xcom.py for tasks to queue
[2024-04-04T00:06:09.758+0000] {logging_mixin.py:188} INFO - [2024-04-04T00:06:09.757+0000] {dagbag.py:540} INFO - Filling up the DagBag from /home/datatalks_jan/anaconda3/lib/python3.11/site-packages/airflow/example_dags/example_xcom.py
[2024-04-04T00:06:09.769+0000] {processor.py:840} INFO - DAG(s) 'example_xcom' retrieved from /home/datatalks_jan/anaconda3/lib/python3.11/site-packages/airflow/example_dags/example_xcom.py
[2024-04-04T00:06:09.797+0000] {logging_mixin.py:188} INFO - [2024-04-04T00:06:09.796+0000] {dag.py:3047} INFO - Sync 1 DAGs
[2024-04-04T00:06:09.821+0000] {logging_mixin.py:188} INFO - [2024-04-04T00:06:09.821+0000] {dag.py:3834} INFO - Setting next_dagrun for example_xcom to 2021-01-01 00:00:00+00:00, run_after=2021-01-01 00:00:00+00:00
[2024-04-04T00:06:09.848+0000] {processor.py:183} INFO - Processing /home/datatalks_jan/anaconda3/lib/python3.11/site-packages/airflow/example_dags/example_xcom.py took 0.098 seconds
[2024-04-04T00:07:11.849+0000] {processor.py:161} INFO - Started process (PID=99827) to work on /home/datatalks_jan/anaconda3/lib/python3.11/site-packages/airflow/example_dags/example_xcom.py
[2024-04-04T00:07:11.853+0000] {processor.py:830} INFO - Processing file /home/datatalks_jan/anaconda3/lib/python3.11/site-packages/airflow/example_dags/example_xcom.py for tasks to queue
[2024-04-04T00:07:11.855+0000] {logging_mixin.py:188} INFO - [2024-04-04T00:07:11.854+0000] {dagbag.py:540} INFO - Filling up the DagBag from /home/datatalks_jan/anaconda3/lib/python3.11/site-packages/airflow/example_dags/example_xcom.py
[2024-04-04T00:07:11.878+0000] {processor.py:840} INFO - DAG(s) 'example_xcom' retrieved from /home/datatalks_jan/anaconda3/lib/python3.11/site-packages/airflow/example_dags/example_xcom.py
[2024-04-04T00:07:11.915+0000] {logging_mixin.py:188} INFO - [2024-04-04T00:07:11.914+0000] {dag.py:3047} INFO - Sync 1 DAGs
[2024-04-04T00:07:11.953+0000] {logging_mixin.py:188} INFO - [2024-04-04T00:07:11.953+0000] {dag.py:3834} INFO - Setting next_dagrun for example_xcom to 2021-01-01 00:00:00+00:00, run_after=2021-01-01 00:00:00+00:00
[2024-04-04T00:07:11.995+0000] {processor.py:183} INFO - Processing /home/datatalks_jan/anaconda3/lib/python3.11/site-packages/airflow/example_dags/example_xcom.py took 0.153 seconds
[2024-04-04T00:08:18.854+0000] {processor.py:161} INFO - Started process (PID=100247) to work on /home/datatalks_jan/anaconda3/lib/python3.11/site-packages/airflow/example_dags/example_xcom.py
[2024-04-04T00:08:18.857+0000] {processor.py:830} INFO - Processing file /home/datatalks_jan/anaconda3/lib/python3.11/site-packages/airflow/example_dags/example_xcom.py for tasks to queue
[2024-04-04T00:08:18.858+0000] {logging_mixin.py:188} INFO - [2024-04-04T00:08:18.857+0000] {dagbag.py:540} INFO - Filling up the DagBag from /home/datatalks_jan/anaconda3/lib/python3.11/site-packages/airflow/example_dags/example_xcom.py
[2024-04-04T00:08:18.870+0000] {processor.py:840} INFO - DAG(s) 'example_xcom' retrieved from /home/datatalks_jan/anaconda3/lib/python3.11/site-packages/airflow/example_dags/example_xcom.py
[2024-04-04T00:08:18.895+0000] {logging_mixin.py:188} INFO - [2024-04-04T00:08:18.895+0000] {dag.py:3047} INFO - Sync 1 DAGs
[2024-04-04T00:08:18.918+0000] {logging_mixin.py:188} INFO - [2024-04-04T00:08:18.917+0000] {dag.py:3834} INFO - Setting next_dagrun for example_xcom to 2021-01-01 00:00:00+00:00, run_after=2021-01-01 00:00:00+00:00
[2024-04-04T00:08:18.943+0000] {processor.py:183} INFO - Processing /home/datatalks_jan/anaconda3/lib/python3.11/site-packages/airflow/example_dags/example_xcom.py took 0.094 seconds
[2024-04-04T00:09:26.198+0000] {processor.py:161} INFO - Started process (PID=100585) to work on /home/datatalks_jan/anaconda3/lib/python3.11/site-packages/airflow/example_dags/example_xcom.py
[2024-04-04T00:09:26.201+0000] {processor.py:830} INFO - Processing file /home/datatalks_jan/anaconda3/lib/python3.11/site-packages/airflow/example_dags/example_xcom.py for tasks to queue
[2024-04-04T00:09:26.202+0000] {logging_mixin.py:188} INFO - [2024-04-04T00:09:26.201+0000] {dagbag.py:540} INFO - Filling up the DagBag from /home/datatalks_jan/anaconda3/lib/python3.11/site-packages/airflow/example_dags/example_xcom.py
[2024-04-04T00:09:26.214+0000] {processor.py:840} INFO - DAG(s) 'example_xcom' retrieved from /home/datatalks_jan/anaconda3/lib/python3.11/site-packages/airflow/example_dags/example_xcom.py
[2024-04-04T00:09:26.241+0000] {logging_mixin.py:188} INFO - [2024-04-04T00:09:26.241+0000] {dag.py:3047} INFO - Sync 1 DAGs
[2024-04-04T00:09:26.264+0000] {logging_mixin.py:188} INFO - [2024-04-04T00:09:26.263+0000] {dag.py:3834} INFO - Setting next_dagrun for example_xcom to 2021-01-01 00:00:00+00:00, run_after=2021-01-01 00:00:00+00:00
[2024-04-04T00:09:26.291+0000] {processor.py:183} INFO - Processing /home/datatalks_jan/anaconda3/lib/python3.11/site-packages/airflow/example_dags/example_xcom.py took 0.098 seconds
[2024-04-04T00:10:19.178+0000] {processor.py:161} INFO - Started process (PID=101003) to work on /home/datatalks_jan/anaconda3/lib/python3.11/site-packages/airflow/example_dags/example_xcom.py
[2024-04-04T00:10:19.181+0000] {processor.py:830} INFO - Processing file /home/datatalks_jan/anaconda3/lib/python3.11/site-packages/airflow/example_dags/example_xcom.py for tasks to queue
[2024-04-04T00:10:19.182+0000] {logging_mixin.py:188} INFO - [2024-04-04T00:10:19.182+0000] {dagbag.py:540} INFO - Filling up the DagBag from /home/datatalks_jan/anaconda3/lib/python3.11/site-packages/airflow/example_dags/example_xcom.py
[2024-04-04T00:10:19.196+0000] {processor.py:840} INFO - DAG(s) 'example_xcom' retrieved from /home/datatalks_jan/anaconda3/lib/python3.11/site-packages/airflow/example_dags/example_xcom.py
[2024-04-04T00:10:19.225+0000] {logging_mixin.py:188} INFO - [2024-04-04T00:10:19.224+0000] {dag.py:3047} INFO - Sync 1 DAGs
[2024-04-04T00:10:19.250+0000] {logging_mixin.py:188} INFO - [2024-04-04T00:10:19.249+0000] {dag.py:3834} INFO - Setting next_dagrun for example_xcom to 2021-01-01 00:00:00+00:00, run_after=2021-01-01 00:00:00+00:00
[2024-04-04T00:10:19.278+0000] {processor.py:183} INFO - Processing /home/datatalks_jan/anaconda3/lib/python3.11/site-packages/airflow/example_dags/example_xcom.py took 0.105 seconds
[2024-04-04T00:11:16.177+0000] {processor.py:161} INFO - Started process (PID=101515) to work on /home/datatalks_jan/anaconda3/lib/python3.11/site-packages/airflow/example_dags/example_xcom.py
[2024-04-04T00:11:16.180+0000] {processor.py:830} INFO - Processing file /home/datatalks_jan/anaconda3/lib/python3.11/site-packages/airflow/example_dags/example_xcom.py for tasks to queue
[2024-04-04T00:11:16.182+0000] {logging_mixin.py:188} INFO - [2024-04-04T00:11:16.181+0000] {dagbag.py:540} INFO - Filling up the DagBag from /home/datatalks_jan/anaconda3/lib/python3.11/site-packages/airflow/example_dags/example_xcom.py
[2024-04-04T00:11:16.199+0000] {processor.py:840} INFO - DAG(s) 'example_xcom' retrieved from /home/datatalks_jan/anaconda3/lib/python3.11/site-packages/airflow/example_dags/example_xcom.py
[2024-04-04T00:11:16.231+0000] {logging_mixin.py:188} INFO - [2024-04-04T00:11:16.231+0000] {dag.py:3047} INFO - Sync 1 DAGs
[2024-04-04T00:11:16.262+0000] {logging_mixin.py:188} INFO - [2024-04-04T00:11:16.262+0000] {dag.py:3834} INFO - Setting next_dagrun for example_xcom to 2021-01-01 00:00:00+00:00, run_after=2021-01-01 00:00:00+00:00
[2024-04-04T00:11:16.299+0000] {processor.py:183} INFO - Processing /home/datatalks_jan/anaconda3/lib/python3.11/site-packages/airflow/example_dags/example_xcom.py took 0.128 seconds
[2024-04-04T00:12:10.797+0000] {processor.py:161} INFO - Started process (PID=101911) to work on /home/datatalks_jan/anaconda3/lib/python3.11/site-packages/airflow/example_dags/example_xcom.py
[2024-04-04T00:12:10.799+0000] {processor.py:830} INFO - Processing file /home/datatalks_jan/anaconda3/lib/python3.11/site-packages/airflow/example_dags/example_xcom.py for tasks to queue
[2024-04-04T00:12:10.801+0000] {logging_mixin.py:188} INFO - [2024-04-04T00:12:10.800+0000] {dagbag.py:540} INFO - Filling up the DagBag from /home/datatalks_jan/anaconda3/lib/python3.11/site-packages/airflow/example_dags/example_xcom.py
[2024-04-04T00:12:10.816+0000] {processor.py:840} INFO - DAG(s) 'example_xcom' retrieved from /home/datatalks_jan/anaconda3/lib/python3.11/site-packages/airflow/example_dags/example_xcom.py
[2024-04-04T00:12:10.846+0000] {logging_mixin.py:188} INFO - [2024-04-04T00:12:10.846+0000] {dag.py:3047} INFO - Sync 1 DAGs
[2024-04-04T00:12:10.876+0000] {logging_mixin.py:188} INFO - [2024-04-04T00:12:10.875+0000] {dag.py:3834} INFO - Setting next_dagrun for example_xcom to 2021-01-01 00:00:00+00:00, run_after=2021-01-01 00:00:00+00:00
[2024-04-04T00:12:10.909+0000] {processor.py:183} INFO - Processing /home/datatalks_jan/anaconda3/lib/python3.11/site-packages/airflow/example_dags/example_xcom.py took 0.117 seconds
[2024-04-04T00:13:00.430+0000] {processor.py:161} INFO - Started process (PID=102185) to work on /home/datatalks_jan/anaconda3/lib/python3.11/site-packages/airflow/example_dags/example_xcom.py
[2024-04-04T00:13:00.433+0000] {processor.py:830} INFO - Processing file /home/datatalks_jan/anaconda3/lib/python3.11/site-packages/airflow/example_dags/example_xcom.py for tasks to queue
[2024-04-04T00:13:00.435+0000] {logging_mixin.py:188} INFO - [2024-04-04T00:13:00.434+0000] {dagbag.py:540} INFO - Filling up the DagBag from /home/datatalks_jan/anaconda3/lib/python3.11/site-packages/airflow/example_dags/example_xcom.py
[2024-04-04T00:13:00.449+0000] {processor.py:840} INFO - DAG(s) 'example_xcom' retrieved from /home/datatalks_jan/anaconda3/lib/python3.11/site-packages/airflow/example_dags/example_xcom.py
[2024-04-04T00:13:00.480+0000] {logging_mixin.py:188} INFO - [2024-04-04T00:13:00.479+0000] {dag.py:3047} INFO - Sync 1 DAGs
[2024-04-04T00:13:00.507+0000] {logging_mixin.py:188} INFO - [2024-04-04T00:13:00.507+0000] {dag.py:3834} INFO - Setting next_dagrun for example_xcom to 2021-01-01 00:00:00+00:00, run_after=2021-01-01 00:00:00+00:00
[2024-04-04T00:13:00.537+0000] {processor.py:183} INFO - Processing /home/datatalks_jan/anaconda3/lib/python3.11/site-packages/airflow/example_dags/example_xcom.py took 0.113 seconds
[2024-04-04T00:13:51.784+0000] {processor.py:161} INFO - Started process (PID=102699) to work on /home/datatalks_jan/anaconda3/lib/python3.11/site-packages/airflow/example_dags/example_xcom.py
[2024-04-04T00:13:51.787+0000] {processor.py:830} INFO - Processing file /home/datatalks_jan/anaconda3/lib/python3.11/site-packages/airflow/example_dags/example_xcom.py for tasks to queue
[2024-04-04T00:13:51.788+0000] {logging_mixin.py:188} INFO - [2024-04-04T00:13:51.787+0000] {dagbag.py:540} INFO - Filling up the DagBag from /home/datatalks_jan/anaconda3/lib/python3.11/site-packages/airflow/example_dags/example_xcom.py
[2024-04-04T00:13:51.802+0000] {processor.py:840} INFO - DAG(s) 'example_xcom' retrieved from /home/datatalks_jan/anaconda3/lib/python3.11/site-packages/airflow/example_dags/example_xcom.py
[2024-04-04T00:13:51.836+0000] {logging_mixin.py:188} INFO - [2024-04-04T00:13:51.836+0000] {dag.py:3047} INFO - Sync 1 DAGs
[2024-04-04T00:13:51.864+0000] {logging_mixin.py:188} INFO - [2024-04-04T00:13:51.863+0000] {dag.py:3834} INFO - Setting next_dagrun for example_xcom to 2021-01-01 00:00:00+00:00, run_after=2021-01-01 00:00:00+00:00
[2024-04-04T00:13:51.893+0000] {processor.py:183} INFO - Processing /home/datatalks_jan/anaconda3/lib/python3.11/site-packages/airflow/example_dags/example_xcom.py took 0.115 seconds
[2024-04-04T00:14:44.463+0000] {processor.py:161} INFO - Started process (PID=103082) to work on /home/datatalks_jan/anaconda3/lib/python3.11/site-packages/airflow/example_dags/example_xcom.py
[2024-04-04T00:14:44.465+0000] {processor.py:830} INFO - Processing file /home/datatalks_jan/anaconda3/lib/python3.11/site-packages/airflow/example_dags/example_xcom.py for tasks to queue
[2024-04-04T00:14:44.467+0000] {logging_mixin.py:188} INFO - [2024-04-04T00:14:44.466+0000] {dagbag.py:540} INFO - Filling up the DagBag from /home/datatalks_jan/anaconda3/lib/python3.11/site-packages/airflow/example_dags/example_xcom.py
[2024-04-04T00:14:44.480+0000] {processor.py:840} INFO - DAG(s) 'example_xcom' retrieved from /home/datatalks_jan/anaconda3/lib/python3.11/site-packages/airflow/example_dags/example_xcom.py
[2024-04-04T00:14:44.507+0000] {logging_mixin.py:188} INFO - [2024-04-04T00:14:44.506+0000] {dag.py:3047} INFO - Sync 1 DAGs
[2024-04-04T00:14:44.531+0000] {logging_mixin.py:188} INFO - [2024-04-04T00:14:44.531+0000] {dag.py:3834} INFO - Setting next_dagrun for example_xcom to 2021-01-01 00:00:00+00:00, run_after=2021-01-01 00:00:00+00:00
[2024-04-04T00:14:44.557+0000] {processor.py:183} INFO - Processing /home/datatalks_jan/anaconda3/lib/python3.11/site-packages/airflow/example_dags/example_xcom.py took 0.099 seconds
[2024-04-04T00:15:35.217+0000] {processor.py:161} INFO - Started process (PID=103490) to work on /home/datatalks_jan/anaconda3/lib/python3.11/site-packages/airflow/example_dags/example_xcom.py
[2024-04-04T00:15:35.220+0000] {processor.py:830} INFO - Processing file /home/datatalks_jan/anaconda3/lib/python3.11/site-packages/airflow/example_dags/example_xcom.py for tasks to queue
[2024-04-04T00:15:35.221+0000] {logging_mixin.py:188} INFO - [2024-04-04T00:15:35.220+0000] {dagbag.py:540} INFO - Filling up the DagBag from /home/datatalks_jan/anaconda3/lib/python3.11/site-packages/airflow/example_dags/example_xcom.py
[2024-04-04T00:15:35.234+0000] {processor.py:840} INFO - DAG(s) 'example_xcom' retrieved from /home/datatalks_jan/anaconda3/lib/python3.11/site-packages/airflow/example_dags/example_xcom.py
[2024-04-04T00:15:35.260+0000] {logging_mixin.py:188} INFO - [2024-04-04T00:15:35.260+0000] {dag.py:3047} INFO - Sync 1 DAGs
[2024-04-04T00:15:35.284+0000] {logging_mixin.py:188} INFO - [2024-04-04T00:15:35.283+0000] {dag.py:3834} INFO - Setting next_dagrun for example_xcom to 2021-01-01 00:00:00+00:00, run_after=2021-01-01 00:00:00+00:00
[2024-04-04T00:15:35.310+0000] {processor.py:183} INFO - Processing /home/datatalks_jan/anaconda3/lib/python3.11/site-packages/airflow/example_dags/example_xcom.py took 0.099 seconds
[2024-04-04T00:16:26.612+0000] {processor.py:161} INFO - Started process (PID=103828) to work on /home/datatalks_jan/anaconda3/lib/python3.11/site-packages/airflow/example_dags/example_xcom.py
[2024-04-04T00:16:26.614+0000] {processor.py:830} INFO - Processing file /home/datatalks_jan/anaconda3/lib/python3.11/site-packages/airflow/example_dags/example_xcom.py for tasks to queue
[2024-04-04T00:16:26.616+0000] {logging_mixin.py:188} INFO - [2024-04-04T00:16:26.615+0000] {dagbag.py:540} INFO - Filling up the DagBag from /home/datatalks_jan/anaconda3/lib/python3.11/site-packages/airflow/example_dags/example_xcom.py
[2024-04-04T00:16:26.630+0000] {processor.py:840} INFO - DAG(s) 'example_xcom' retrieved from /home/datatalks_jan/anaconda3/lib/python3.11/site-packages/airflow/example_dags/example_xcom.py
[2024-04-04T00:16:26.659+0000] {logging_mixin.py:188} INFO - [2024-04-04T00:16:26.658+0000] {dag.py:3047} INFO - Sync 1 DAGs
[2024-04-04T00:16:26.685+0000] {logging_mixin.py:188} INFO - [2024-04-04T00:16:26.685+0000] {dag.py:3834} INFO - Setting next_dagrun for example_xcom to 2021-01-01 00:00:00+00:00, run_after=2021-01-01 00:00:00+00:00
[2024-04-04T00:16:26.713+0000] {processor.py:183} INFO - Processing /home/datatalks_jan/anaconda3/lib/python3.11/site-packages/airflow/example_dags/example_xcom.py took 0.107 seconds
[2024-04-04T00:17:13.221+0000] {processor.py:161} INFO - Started process (PID=103963) to work on /home/datatalks_jan/anaconda3/lib/python3.11/site-packages/airflow/example_dags/example_xcom.py
[2024-04-04T00:17:13.223+0000] {processor.py:830} INFO - Processing file /home/datatalks_jan/anaconda3/lib/python3.11/site-packages/airflow/example_dags/example_xcom.py for tasks to queue
[2024-04-04T00:17:13.225+0000] {logging_mixin.py:188} INFO - [2024-04-04T00:17:13.224+0000] {dagbag.py:540} INFO - Filling up the DagBag from /home/datatalks_jan/anaconda3/lib/python3.11/site-packages/airflow/example_dags/example_xcom.py
[2024-04-04T00:17:13.239+0000] {processor.py:840} INFO - DAG(s) 'example_xcom' retrieved from /home/datatalks_jan/anaconda3/lib/python3.11/site-packages/airflow/example_dags/example_xcom.py
[2024-04-04T00:17:13.270+0000] {logging_mixin.py:188} INFO - [2024-04-04T00:17:13.269+0000] {dag.py:3047} INFO - Sync 1 DAGs
[2024-04-04T00:17:13.297+0000] {logging_mixin.py:188} INFO - [2024-04-04T00:17:13.297+0000] {dag.py:3834} INFO - Setting next_dagrun for example_xcom to 2021-01-01 00:00:00+00:00, run_after=2021-01-01 00:00:00+00:00
[2024-04-04T00:17:13.326+0000] {processor.py:183} INFO - Processing /home/datatalks_jan/anaconda3/lib/python3.11/site-packages/airflow/example_dags/example_xcom.py took 0.110 seconds
[2024-04-04T00:17:57.930+0000] {processor.py:161} INFO - Started process (PID=104189) to work on /home/datatalks_jan/anaconda3/lib/python3.11/site-packages/airflow/example_dags/example_xcom.py
[2024-04-04T00:17:57.933+0000] {processor.py:830} INFO - Processing file /home/datatalks_jan/anaconda3/lib/python3.11/site-packages/airflow/example_dags/example_xcom.py for tasks to queue
[2024-04-04T00:17:57.934+0000] {logging_mixin.py:188} INFO - [2024-04-04T00:17:57.933+0000] {dagbag.py:540} INFO - Filling up the DagBag from /home/datatalks_jan/anaconda3/lib/python3.11/site-packages/airflow/example_dags/example_xcom.py
[2024-04-04T00:17:57.948+0000] {processor.py:840} INFO - DAG(s) 'example_xcom' retrieved from /home/datatalks_jan/anaconda3/lib/python3.11/site-packages/airflow/example_dags/example_xcom.py
[2024-04-04T00:17:57.973+0000] {logging_mixin.py:188} INFO - [2024-04-04T00:17:57.973+0000] {dag.py:3047} INFO - Sync 1 DAGs
[2024-04-04T00:17:57.996+0000] {logging_mixin.py:188} INFO - [2024-04-04T00:17:57.996+0000] {dag.py:3834} INFO - Setting next_dagrun for example_xcom to 2021-01-01 00:00:00+00:00, run_after=2021-01-01 00:00:00+00:00
[2024-04-04T00:17:58.028+0000] {processor.py:183} INFO - Processing /home/datatalks_jan/anaconda3/lib/python3.11/site-packages/airflow/example_dags/example_xcom.py took 0.103 seconds
[2024-04-04T00:18:55.383+0000] {processor.py:161} INFO - Started process (PID=104450) to work on /home/datatalks_jan/anaconda3/lib/python3.11/site-packages/airflow/example_dags/example_xcom.py
[2024-04-04T00:18:55.386+0000] {processor.py:830} INFO - Processing file /home/datatalks_jan/anaconda3/lib/python3.11/site-packages/airflow/example_dags/example_xcom.py for tasks to queue
[2024-04-04T00:18:55.388+0000] {logging_mixin.py:188} INFO - [2024-04-04T00:18:55.387+0000] {dagbag.py:540} INFO - Filling up the DagBag from /home/datatalks_jan/anaconda3/lib/python3.11/site-packages/airflow/example_dags/example_xcom.py
[2024-04-04T00:18:55.401+0000] {processor.py:840} INFO - DAG(s) 'example_xcom' retrieved from /home/datatalks_jan/anaconda3/lib/python3.11/site-packages/airflow/example_dags/example_xcom.py
[2024-04-04T00:18:55.426+0000] {logging_mixin.py:188} INFO - [2024-04-04T00:18:55.426+0000] {dag.py:3047} INFO - Sync 1 DAGs
[2024-04-04T00:18:55.451+0000] {logging_mixin.py:188} INFO - [2024-04-04T00:18:55.450+0000] {dag.py:3834} INFO - Setting next_dagrun for example_xcom to 2021-01-01 00:00:00+00:00, run_after=2021-01-01 00:00:00+00:00
[2024-04-04T00:18:55.480+0000] {processor.py:183} INFO - Processing /home/datatalks_jan/anaconda3/lib/python3.11/site-packages/airflow/example_dags/example_xcom.py took 0.102 seconds
[2024-04-04T00:19:47.139+0000] {processor.py:161} INFO - Started process (PID=104502) to work on /home/datatalks_jan/anaconda3/lib/python3.11/site-packages/airflow/example_dags/example_xcom.py
[2024-04-04T00:19:47.141+0000] {processor.py:830} INFO - Processing file /home/datatalks_jan/anaconda3/lib/python3.11/site-packages/airflow/example_dags/example_xcom.py for tasks to queue
[2024-04-04T00:19:47.143+0000] {logging_mixin.py:188} INFO - [2024-04-04T00:19:47.142+0000] {dagbag.py:540} INFO - Filling up the DagBag from /home/datatalks_jan/anaconda3/lib/python3.11/site-packages/airflow/example_dags/example_xcom.py
[2024-04-04T00:19:47.158+0000] {processor.py:840} INFO - DAG(s) 'example_xcom' retrieved from /home/datatalks_jan/anaconda3/lib/python3.11/site-packages/airflow/example_dags/example_xcom.py
[2024-04-04T00:19:47.188+0000] {logging_mixin.py:188} INFO - [2024-04-04T00:19:47.188+0000] {dag.py:3047} INFO - Sync 1 DAGs
[2024-04-04T00:19:47.215+0000] {logging_mixin.py:188} INFO - [2024-04-04T00:19:47.214+0000] {dag.py:3834} INFO - Setting next_dagrun for example_xcom to 2021-01-01 00:00:00+00:00, run_after=2021-01-01 00:00:00+00:00
[2024-04-04T00:19:47.248+0000] {processor.py:183} INFO - Processing /home/datatalks_jan/anaconda3/lib/python3.11/site-packages/airflow/example_dags/example_xcom.py took 0.116 seconds
[2024-04-04T00:20:28.728+0000] {processor.py:161} INFO - Started process (PID=104573) to work on /home/datatalks_jan/anaconda3/lib/python3.11/site-packages/airflow/example_dags/example_xcom.py
[2024-04-04T00:20:28.730+0000] {processor.py:830} INFO - Processing file /home/datatalks_jan/anaconda3/lib/python3.11/site-packages/airflow/example_dags/example_xcom.py for tasks to queue
[2024-04-04T00:20:28.731+0000] {logging_mixin.py:188} INFO - [2024-04-04T00:20:28.731+0000] {dagbag.py:540} INFO - Filling up the DagBag from /home/datatalks_jan/anaconda3/lib/python3.11/site-packages/airflow/example_dags/example_xcom.py
[2024-04-04T00:20:28.748+0000] {processor.py:840} INFO - DAG(s) 'example_xcom' retrieved from /home/datatalks_jan/anaconda3/lib/python3.11/site-packages/airflow/example_dags/example_xcom.py
[2024-04-04T00:20:28.779+0000] {logging_mixin.py:188} INFO - [2024-04-04T00:20:28.779+0000] {dag.py:3047} INFO - Sync 1 DAGs
[2024-04-04T00:20:28.809+0000] {logging_mixin.py:188} INFO - [2024-04-04T00:20:28.809+0000] {dag.py:3834} INFO - Setting next_dagrun for example_xcom to 2021-01-01 00:00:00+00:00, run_after=2021-01-01 00:00:00+00:00
[2024-04-04T00:20:28.845+0000] {processor.py:183} INFO - Processing /home/datatalks_jan/anaconda3/lib/python3.11/site-packages/airflow/example_dags/example_xcom.py took 0.124 seconds
[2024-04-04T00:21:14.937+0000] {processor.py:161} INFO - Started process (PID=104703) to work on /home/datatalks_jan/anaconda3/lib/python3.11/site-packages/airflow/example_dags/example_xcom.py
[2024-04-04T00:21:14.939+0000] {processor.py:830} INFO - Processing file /home/datatalks_jan/anaconda3/lib/python3.11/site-packages/airflow/example_dags/example_xcom.py for tasks to queue
[2024-04-04T00:21:14.940+0000] {logging_mixin.py:188} INFO - [2024-04-04T00:21:14.940+0000] {dagbag.py:540} INFO - Filling up the DagBag from /home/datatalks_jan/anaconda3/lib/python3.11/site-packages/airflow/example_dags/example_xcom.py
[2024-04-04T00:21:14.954+0000] {processor.py:840} INFO - DAG(s) 'example_xcom' retrieved from /home/datatalks_jan/anaconda3/lib/python3.11/site-packages/airflow/example_dags/example_xcom.py
[2024-04-04T00:21:14.980+0000] {logging_mixin.py:188} INFO - [2024-04-04T00:21:14.979+0000] {dag.py:3047} INFO - Sync 1 DAGs
[2024-04-04T00:21:15.002+0000] {logging_mixin.py:188} INFO - [2024-04-04T00:21:15.002+0000] {dag.py:3834} INFO - Setting next_dagrun for example_xcom to 2021-01-01 00:00:00+00:00, run_after=2021-01-01 00:00:00+00:00
[2024-04-04T00:21:15.030+0000] {processor.py:183} INFO - Processing /home/datatalks_jan/anaconda3/lib/python3.11/site-packages/airflow/example_dags/example_xcom.py took 0.098 seconds
[2024-04-04T00:22:02.087+0000] {processor.py:161} INFO - Started process (PID=104753) to work on /home/datatalks_jan/anaconda3/lib/python3.11/site-packages/airflow/example_dags/example_xcom.py
[2024-04-04T00:22:02.090+0000] {processor.py:830} INFO - Processing file /home/datatalks_jan/anaconda3/lib/python3.11/site-packages/airflow/example_dags/example_xcom.py for tasks to queue
[2024-04-04T00:22:02.091+0000] {logging_mixin.py:188} INFO - [2024-04-04T00:22:02.091+0000] {dagbag.py:540} INFO - Filling up the DagBag from /home/datatalks_jan/anaconda3/lib/python3.11/site-packages/airflow/example_dags/example_xcom.py
[2024-04-04T00:22:02.104+0000] {processor.py:840} INFO - DAG(s) 'example_xcom' retrieved from /home/datatalks_jan/anaconda3/lib/python3.11/site-packages/airflow/example_dags/example_xcom.py
[2024-04-04T00:22:02.130+0000] {logging_mixin.py:188} INFO - [2024-04-04T00:22:02.129+0000] {dag.py:3047} INFO - Sync 1 DAGs
[2024-04-04T00:22:02.152+0000] {logging_mixin.py:188} INFO - [2024-04-04T00:22:02.152+0000] {dag.py:3834} INFO - Setting next_dagrun for example_xcom to 2021-01-01 00:00:00+00:00, run_after=2021-01-01 00:00:00+00:00
[2024-04-04T00:22:02.178+0000] {processor.py:183} INFO - Processing /home/datatalks_jan/anaconda3/lib/python3.11/site-packages/airflow/example_dags/example_xcom.py took 0.096 seconds
[2024-04-04T00:22:48.596+0000] {processor.py:161} INFO - Started process (PID=104799) to work on /home/datatalks_jan/anaconda3/lib/python3.11/site-packages/airflow/example_dags/example_xcom.py
[2024-04-04T00:22:48.599+0000] {processor.py:830} INFO - Processing file /home/datatalks_jan/anaconda3/lib/python3.11/site-packages/airflow/example_dags/example_xcom.py for tasks to queue
[2024-04-04T00:22:48.600+0000] {logging_mixin.py:188} INFO - [2024-04-04T00:22:48.599+0000] {dagbag.py:540} INFO - Filling up the DagBag from /home/datatalks_jan/anaconda3/lib/python3.11/site-packages/airflow/example_dags/example_xcom.py
[2024-04-04T00:22:48.612+0000] {processor.py:840} INFO - DAG(s) 'example_xcom' retrieved from /home/datatalks_jan/anaconda3/lib/python3.11/site-packages/airflow/example_dags/example_xcom.py
[2024-04-04T00:22:48.638+0000] {logging_mixin.py:188} INFO - [2024-04-04T00:22:48.637+0000] {dag.py:3047} INFO - Sync 1 DAGs
[2024-04-04T00:22:48.662+0000] {logging_mixin.py:188} INFO - [2024-04-04T00:22:48.661+0000] {dag.py:3834} INFO - Setting next_dagrun for example_xcom to 2021-01-01 00:00:00+00:00, run_after=2021-01-01 00:00:00+00:00
[2024-04-04T00:22:48.688+0000] {processor.py:183} INFO - Processing /home/datatalks_jan/anaconda3/lib/python3.11/site-packages/airflow/example_dags/example_xcom.py took 0.097 seconds
[2024-04-04T00:23:36.409+0000] {processor.py:161} INFO - Started process (PID=104858) to work on /home/datatalks_jan/anaconda3/lib/python3.11/site-packages/airflow/example_dags/example_xcom.py
[2024-04-04T00:23:36.412+0000] {processor.py:830} INFO - Processing file /home/datatalks_jan/anaconda3/lib/python3.11/site-packages/airflow/example_dags/example_xcom.py for tasks to queue
[2024-04-04T00:23:36.413+0000] {logging_mixin.py:188} INFO - [2024-04-04T00:23:36.412+0000] {dagbag.py:540} INFO - Filling up the DagBag from /home/datatalks_jan/anaconda3/lib/python3.11/site-packages/airflow/example_dags/example_xcom.py
[2024-04-04T00:23:36.428+0000] {processor.py:840} INFO - DAG(s) 'example_xcom' retrieved from /home/datatalks_jan/anaconda3/lib/python3.11/site-packages/airflow/example_dags/example_xcom.py
[2024-04-04T00:23:36.458+0000] {logging_mixin.py:188} INFO - [2024-04-04T00:23:36.458+0000] {dag.py:3047} INFO - Sync 1 DAGs
[2024-04-04T00:23:36.490+0000] {logging_mixin.py:188} INFO - [2024-04-04T00:23:36.490+0000] {dag.py:3834} INFO - Setting next_dagrun for example_xcom to 2021-01-01 00:00:00+00:00, run_after=2021-01-01 00:00:00+00:00
[2024-04-04T00:23:36.524+0000] {processor.py:183} INFO - Processing /home/datatalks_jan/anaconda3/lib/python3.11/site-packages/airflow/example_dags/example_xcom.py took 0.121 seconds
[2024-04-04T00:24:25.489+0000] {processor.py:161} INFO - Started process (PID=104960) to work on /home/datatalks_jan/anaconda3/lib/python3.11/site-packages/airflow/example_dags/example_xcom.py
[2024-04-04T00:24:25.491+0000] {processor.py:830} INFO - Processing file /home/datatalks_jan/anaconda3/lib/python3.11/site-packages/airflow/example_dags/example_xcom.py for tasks to queue
[2024-04-04T00:24:25.493+0000] {logging_mixin.py:188} INFO - [2024-04-04T00:24:25.492+0000] {dagbag.py:540} INFO - Filling up the DagBag from /home/datatalks_jan/anaconda3/lib/python3.11/site-packages/airflow/example_dags/example_xcom.py
[2024-04-04T00:24:25.506+0000] {processor.py:840} INFO - DAG(s) 'example_xcom' retrieved from /home/datatalks_jan/anaconda3/lib/python3.11/site-packages/airflow/example_dags/example_xcom.py
[2024-04-04T00:24:25.533+0000] {logging_mixin.py:188} INFO - [2024-04-04T00:24:25.533+0000] {dag.py:3047} INFO - Sync 1 DAGs
[2024-04-04T00:24:25.556+0000] {logging_mixin.py:188} INFO - [2024-04-04T00:24:25.556+0000] {dag.py:3834} INFO - Setting next_dagrun for example_xcom to 2021-01-01 00:00:00+00:00, run_after=2021-01-01 00:00:00+00:00
[2024-04-04T00:24:25.582+0000] {processor.py:183} INFO - Processing /home/datatalks_jan/anaconda3/lib/python3.11/site-packages/airflow/example_dags/example_xcom.py took 0.098 seconds
[2024-04-04T00:25:15.310+0000] {processor.py:161} INFO - Started process (PID=105013) to work on /home/datatalks_jan/anaconda3/lib/python3.11/site-packages/airflow/example_dags/example_xcom.py
[2024-04-04T00:25:15.313+0000] {processor.py:830} INFO - Processing file /home/datatalks_jan/anaconda3/lib/python3.11/site-packages/airflow/example_dags/example_xcom.py for tasks to queue
[2024-04-04T00:25:15.315+0000] {logging_mixin.py:188} INFO - [2024-04-04T00:25:15.314+0000] {dagbag.py:540} INFO - Filling up the DagBag from /home/datatalks_jan/anaconda3/lib/python3.11/site-packages/airflow/example_dags/example_xcom.py
[2024-04-04T00:25:15.331+0000] {processor.py:840} INFO - DAG(s) 'example_xcom' retrieved from /home/datatalks_jan/anaconda3/lib/python3.11/site-packages/airflow/example_dags/example_xcom.py
[2024-04-04T00:25:15.360+0000] {logging_mixin.py:188} INFO - [2024-04-04T00:25:15.359+0000] {dag.py:3047} INFO - Sync 1 DAGs
[2024-04-04T00:25:15.386+0000] {logging_mixin.py:188} INFO - [2024-04-04T00:25:15.386+0000] {dag.py:3834} INFO - Setting next_dagrun for example_xcom to 2021-01-01 00:00:00+00:00, run_after=2021-01-01 00:00:00+00:00
[2024-04-04T00:25:15.417+0000] {processor.py:183} INFO - Processing /home/datatalks_jan/anaconda3/lib/python3.11/site-packages/airflow/example_dags/example_xcom.py took 0.113 seconds
[2024-04-04T00:26:02.149+0000] {processor.py:161} INFO - Started process (PID=105113) to work on /home/datatalks_jan/anaconda3/lib/python3.11/site-packages/airflow/example_dags/example_xcom.py
[2024-04-04T00:26:02.151+0000] {processor.py:830} INFO - Processing file /home/datatalks_jan/anaconda3/lib/python3.11/site-packages/airflow/example_dags/example_xcom.py for tasks to queue
[2024-04-04T00:26:02.152+0000] {logging_mixin.py:188} INFO - [2024-04-04T00:26:02.151+0000] {dagbag.py:540} INFO - Filling up the DagBag from /home/datatalks_jan/anaconda3/lib/python3.11/site-packages/airflow/example_dags/example_xcom.py
[2024-04-04T00:26:02.164+0000] {processor.py:840} INFO - DAG(s) 'example_xcom' retrieved from /home/datatalks_jan/anaconda3/lib/python3.11/site-packages/airflow/example_dags/example_xcom.py
[2024-04-04T00:26:02.188+0000] {logging_mixin.py:188} INFO - [2024-04-04T00:26:02.188+0000] {dag.py:3047} INFO - Sync 1 DAGs
[2024-04-04T00:26:02.211+0000] {logging_mixin.py:188} INFO - [2024-04-04T00:26:02.210+0000] {dag.py:3834} INFO - Setting next_dagrun for example_xcom to 2021-01-01 00:00:00+00:00, run_after=2021-01-01 00:00:00+00:00
[2024-04-04T00:26:02.239+0000] {processor.py:183} INFO - Processing /home/datatalks_jan/anaconda3/lib/python3.11/site-packages/airflow/example_dags/example_xcom.py took 0.096 seconds
[2024-04-04T00:26:45.326+0000] {processor.py:161} INFO - Started process (PID=105163) to work on /home/datatalks_jan/anaconda3/lib/python3.11/site-packages/airflow/example_dags/example_xcom.py
[2024-04-04T00:26:45.329+0000] {processor.py:830} INFO - Processing file /home/datatalks_jan/anaconda3/lib/python3.11/site-packages/airflow/example_dags/example_xcom.py for tasks to queue
[2024-04-04T00:26:45.330+0000] {logging_mixin.py:188} INFO - [2024-04-04T00:26:45.330+0000] {dagbag.py:540} INFO - Filling up the DagBag from /home/datatalks_jan/anaconda3/lib/python3.11/site-packages/airflow/example_dags/example_xcom.py
[2024-04-04T00:26:45.344+0000] {processor.py:840} INFO - DAG(s) 'example_xcom' retrieved from /home/datatalks_jan/anaconda3/lib/python3.11/site-packages/airflow/example_dags/example_xcom.py
[2024-04-04T00:26:45.373+0000] {logging_mixin.py:188} INFO - [2024-04-04T00:26:45.372+0000] {dag.py:3047} INFO - Sync 1 DAGs
[2024-04-04T00:26:45.401+0000] {logging_mixin.py:188} INFO - [2024-04-04T00:26:45.401+0000] {dag.py:3834} INFO - Setting next_dagrun for example_xcom to 2021-01-01 00:00:00+00:00, run_after=2021-01-01 00:00:00+00:00
[2024-04-04T00:26:45.431+0000] {processor.py:183} INFO - Processing /home/datatalks_jan/anaconda3/lib/python3.11/site-packages/airflow/example_dags/example_xcom.py took 0.110 seconds
[2024-04-04T00:27:30.513+0000] {processor.py:161} INFO - Started process (PID=105209) to work on /home/datatalks_jan/anaconda3/lib/python3.11/site-packages/airflow/example_dags/example_xcom.py
[2024-04-04T00:27:30.516+0000] {processor.py:830} INFO - Processing file /home/datatalks_jan/anaconda3/lib/python3.11/site-packages/airflow/example_dags/example_xcom.py for tasks to queue
[2024-04-04T00:27:30.518+0000] {logging_mixin.py:188} INFO - [2024-04-04T00:27:30.517+0000] {dagbag.py:540} INFO - Filling up the DagBag from /home/datatalks_jan/anaconda3/lib/python3.11/site-packages/airflow/example_dags/example_xcom.py
[2024-04-04T00:27:30.534+0000] {processor.py:840} INFO - DAG(s) 'example_xcom' retrieved from /home/datatalks_jan/anaconda3/lib/python3.11/site-packages/airflow/example_dags/example_xcom.py
[2024-04-04T00:27:30.563+0000] {logging_mixin.py:188} INFO - [2024-04-04T00:27:30.562+0000] {dag.py:3047} INFO - Sync 1 DAGs
[2024-04-04T00:27:30.588+0000] {logging_mixin.py:188} INFO - [2024-04-04T00:27:30.588+0000] {dag.py:3834} INFO - Setting next_dagrun for example_xcom to 2021-01-01 00:00:00+00:00, run_after=2021-01-01 00:00:00+00:00
[2024-04-04T00:27:30.616+0000] {processor.py:183} INFO - Processing /home/datatalks_jan/anaconda3/lib/python3.11/site-packages/airflow/example_dags/example_xcom.py took 0.108 seconds
[2024-04-04T00:28:17.846+0000] {processor.py:161} INFO - Started process (PID=105259) to work on /home/datatalks_jan/anaconda3/lib/python3.11/site-packages/airflow/example_dags/example_xcom.py
[2024-04-04T00:28:17.848+0000] {processor.py:830} INFO - Processing file /home/datatalks_jan/anaconda3/lib/python3.11/site-packages/airflow/example_dags/example_xcom.py for tasks to queue
[2024-04-04T00:28:17.850+0000] {logging_mixin.py:188} INFO - [2024-04-04T00:28:17.849+0000] {dagbag.py:540} INFO - Filling up the DagBag from /home/datatalks_jan/anaconda3/lib/python3.11/site-packages/airflow/example_dags/example_xcom.py
[2024-04-04T00:28:17.864+0000] {processor.py:840} INFO - DAG(s) 'example_xcom' retrieved from /home/datatalks_jan/anaconda3/lib/python3.11/site-packages/airflow/example_dags/example_xcom.py
[2024-04-04T00:28:17.893+0000] {logging_mixin.py:188} INFO - [2024-04-04T00:28:17.893+0000] {dag.py:3047} INFO - Sync 1 DAGs
[2024-04-04T00:28:17.919+0000] {logging_mixin.py:188} INFO - [2024-04-04T00:28:17.918+0000] {dag.py:3834} INFO - Setting next_dagrun for example_xcom to 2021-01-01 00:00:00+00:00, run_after=2021-01-01 00:00:00+00:00
[2024-04-04T00:28:17.947+0000] {processor.py:183} INFO - Processing /home/datatalks_jan/anaconda3/lib/python3.11/site-packages/airflow/example_dags/example_xcom.py took 0.107 seconds
[2024-04-04T00:29:12.498+0000] {processor.py:161} INFO - Started process (PID=105611) to work on /home/datatalks_jan/anaconda3/lib/python3.11/site-packages/airflow/example_dags/example_xcom.py
[2024-04-04T00:29:12.500+0000] {processor.py:830} INFO - Processing file /home/datatalks_jan/anaconda3/lib/python3.11/site-packages/airflow/example_dags/example_xcom.py for tasks to queue
[2024-04-04T00:29:12.502+0000] {logging_mixin.py:188} INFO - [2024-04-04T00:29:12.501+0000] {dagbag.py:540} INFO - Filling up the DagBag from /home/datatalks_jan/anaconda3/lib/python3.11/site-packages/airflow/example_dags/example_xcom.py
[2024-04-04T00:29:12.517+0000] {processor.py:840} INFO - DAG(s) 'example_xcom' retrieved from /home/datatalks_jan/anaconda3/lib/python3.11/site-packages/airflow/example_dags/example_xcom.py
[2024-04-04T00:29:12.544+0000] {logging_mixin.py:188} INFO - [2024-04-04T00:29:12.544+0000] {dag.py:3047} INFO - Sync 1 DAGs
[2024-04-04T00:29:12.567+0000] {logging_mixin.py:188} INFO - [2024-04-04T00:29:12.566+0000] {dag.py:3834} INFO - Setting next_dagrun for example_xcom to 2021-01-01 00:00:00+00:00, run_after=2021-01-01 00:00:00+00:00
[2024-04-04T00:29:12.591+0000] {processor.py:183} INFO - Processing /home/datatalks_jan/anaconda3/lib/python3.11/site-packages/airflow/example_dags/example_xcom.py took 0.099 seconds
[2024-04-04T00:29:57.648+0000] {processor.py:161} INFO - Started process (PID=105807) to work on /home/datatalks_jan/anaconda3/lib/python3.11/site-packages/airflow/example_dags/example_xcom.py
[2024-04-04T00:29:57.651+0000] {processor.py:830} INFO - Processing file /home/datatalks_jan/anaconda3/lib/python3.11/site-packages/airflow/example_dags/example_xcom.py for tasks to queue
[2024-04-04T00:29:57.653+0000] {logging_mixin.py:188} INFO - [2024-04-04T00:29:57.652+0000] {dagbag.py:540} INFO - Filling up the DagBag from /home/datatalks_jan/anaconda3/lib/python3.11/site-packages/airflow/example_dags/example_xcom.py
[2024-04-04T00:29:57.669+0000] {processor.py:840} INFO - DAG(s) 'example_xcom' retrieved from /home/datatalks_jan/anaconda3/lib/python3.11/site-packages/airflow/example_dags/example_xcom.py
[2024-04-04T00:29:57.699+0000] {logging_mixin.py:188} INFO - [2024-04-04T00:29:57.698+0000] {dag.py:3047} INFO - Sync 1 DAGs
[2024-04-04T00:29:57.731+0000] {logging_mixin.py:188} INFO - [2024-04-04T00:29:57.731+0000] {dag.py:3834} INFO - Setting next_dagrun for example_xcom to 2021-01-01 00:00:00+00:00, run_after=2021-01-01 00:00:00+00:00
[2024-04-04T00:29:57.762+0000] {processor.py:183} INFO - Processing /home/datatalks_jan/anaconda3/lib/python3.11/site-packages/airflow/example_dags/example_xcom.py took 0.120 seconds
[2024-04-04T00:30:39.374+0000] {processor.py:161} INFO - Started process (PID=105878) to work on /home/datatalks_jan/anaconda3/lib/python3.11/site-packages/airflow/example_dags/example_xcom.py
[2024-04-04T00:30:39.376+0000] {processor.py:830} INFO - Processing file /home/datatalks_jan/anaconda3/lib/python3.11/site-packages/airflow/example_dags/example_xcom.py for tasks to queue
[2024-04-04T00:30:39.378+0000] {logging_mixin.py:188} INFO - [2024-04-04T00:30:39.377+0000] {dagbag.py:540} INFO - Filling up the DagBag from /home/datatalks_jan/anaconda3/lib/python3.11/site-packages/airflow/example_dags/example_xcom.py
[2024-04-04T00:30:39.392+0000] {processor.py:840} INFO - DAG(s) 'example_xcom' retrieved from /home/datatalks_jan/anaconda3/lib/python3.11/site-packages/airflow/example_dags/example_xcom.py
[2024-04-04T00:30:39.421+0000] {logging_mixin.py:188} INFO - [2024-04-04T00:30:39.421+0000] {dag.py:3047} INFO - Sync 1 DAGs
[2024-04-04T00:30:39.449+0000] {logging_mixin.py:188} INFO - [2024-04-04T00:30:39.448+0000] {dag.py:3834} INFO - Setting next_dagrun for example_xcom to 2021-01-01 00:00:00+00:00, run_after=2021-01-01 00:00:00+00:00
[2024-04-04T00:30:39.478+0000] {processor.py:183} INFO - Processing /home/datatalks_jan/anaconda3/lib/python3.11/site-packages/airflow/example_dags/example_xcom.py took 0.110 seconds
[2024-04-04T00:31:22.487+0000] {processor.py:161} INFO - Started process (PID=105954) to work on /home/datatalks_jan/anaconda3/lib/python3.11/site-packages/airflow/example_dags/example_xcom.py
[2024-04-04T00:31:22.490+0000] {processor.py:830} INFO - Processing file /home/datatalks_jan/anaconda3/lib/python3.11/site-packages/airflow/example_dags/example_xcom.py for tasks to queue
[2024-04-04T00:31:22.492+0000] {logging_mixin.py:188} INFO - [2024-04-04T00:31:22.491+0000] {dagbag.py:540} INFO - Filling up the DagBag from /home/datatalks_jan/anaconda3/lib/python3.11/site-packages/airflow/example_dags/example_xcom.py
[2024-04-04T00:31:22.507+0000] {processor.py:840} INFO - DAG(s) 'example_xcom' retrieved from /home/datatalks_jan/anaconda3/lib/python3.11/site-packages/airflow/example_dags/example_xcom.py
[2024-04-04T00:31:22.537+0000] {logging_mixin.py:188} INFO - [2024-04-04T00:31:22.536+0000] {dag.py:3047} INFO - Sync 1 DAGs
[2024-04-04T00:31:22.564+0000] {logging_mixin.py:188} INFO - [2024-04-04T00:31:22.563+0000] {dag.py:3834} INFO - Setting next_dagrun for example_xcom to 2021-01-01 00:00:00+00:00, run_after=2021-01-01 00:00:00+00:00
[2024-04-04T00:31:22.598+0000] {processor.py:183} INFO - Processing /home/datatalks_jan/anaconda3/lib/python3.11/site-packages/airflow/example_dags/example_xcom.py took 0.116 seconds
