[2024-04-04T00:06:19.999+0000] {processor.py:161} INFO - Started process (PID=99552) to work on /home/datatalks_jan/anaconda3/lib/python3.11/site-packages/airflow/example_dags/example_short_circuit_operator.py
[2024-04-04T00:06:20.001+0000] {processor.py:830} INFO - Processing file /home/datatalks_jan/anaconda3/lib/python3.11/site-packages/airflow/example_dags/example_short_circuit_operator.py for tasks to queue
[2024-04-04T00:06:20.002+0000] {logging_mixin.py:188} INFO - [2024-04-04T00:06:20.002+0000] {dagbag.py:540} INFO - Filling up the DagBag from /home/datatalks_jan/anaconda3/lib/python3.11/site-packages/airflow/example_dags/example_short_circuit_operator.py
[2024-04-04T00:06:20.014+0000] {processor.py:840} INFO - DAG(s) 'example_short_circuit_operator' retrieved from /home/datatalks_jan/anaconda3/lib/python3.11/site-packages/airflow/example_dags/example_short_circuit_operator.py
[2024-04-04T00:06:20.043+0000] {logging_mixin.py:188} INFO - [2024-04-04T00:06:20.043+0000] {dag.py:3047} INFO - Sync 1 DAGs
[2024-04-04T00:06:20.067+0000] {logging_mixin.py:188} INFO - [2024-04-04T00:06:20.067+0000] {dag.py:3834} INFO - Setting next_dagrun for example_short_circuit_operator to 2024-04-03 00:00:00+00:00, run_after=2024-04-04 00:00:00+00:00
[2024-04-04T00:06:20.094+0000] {processor.py:183} INFO - Processing /home/datatalks_jan/anaconda3/lib/python3.11/site-packages/airflow/example_dags/example_short_circuit_operator.py took 0.099 seconds
[2024-04-04T00:07:25.892+0000] {processor.py:161} INFO - Started process (PID=99886) to work on /home/datatalks_jan/anaconda3/lib/python3.11/site-packages/airflow/example_dags/example_short_circuit_operator.py
[2024-04-04T00:07:25.895+0000] {processor.py:830} INFO - Processing file /home/datatalks_jan/anaconda3/lib/python3.11/site-packages/airflow/example_dags/example_short_circuit_operator.py for tasks to queue
[2024-04-04T00:07:25.896+0000] {logging_mixin.py:188} INFO - [2024-04-04T00:07:25.895+0000] {dagbag.py:540} INFO - Filling up the DagBag from /home/datatalks_jan/anaconda3/lib/python3.11/site-packages/airflow/example_dags/example_short_circuit_operator.py
[2024-04-04T00:07:25.909+0000] {processor.py:840} INFO - DAG(s) 'example_short_circuit_operator' retrieved from /home/datatalks_jan/anaconda3/lib/python3.11/site-packages/airflow/example_dags/example_short_circuit_operator.py
[2024-04-04T00:07:25.936+0000] {logging_mixin.py:188} INFO - [2024-04-04T00:07:25.935+0000] {dag.py:3047} INFO - Sync 1 DAGs
[2024-04-04T00:07:25.961+0000] {logging_mixin.py:188} INFO - [2024-04-04T00:07:25.961+0000] {dag.py:3834} INFO - Setting next_dagrun for example_short_circuit_operator to 2024-04-03 00:00:00+00:00, run_after=2024-04-04 00:00:00+00:00
[2024-04-04T00:07:25.989+0000] {processor.py:183} INFO - Processing /home/datatalks_jan/anaconda3/lib/python3.11/site-packages/airflow/example_dags/example_short_circuit_operator.py took 0.102 seconds
[2024-04-04T00:08:30.779+0000] {processor.py:161} INFO - Started process (PID=100259) to work on /home/datatalks_jan/anaconda3/lib/python3.11/site-packages/airflow/example_dags/example_short_circuit_operator.py
[2024-04-04T00:08:30.781+0000] {processor.py:830} INFO - Processing file /home/datatalks_jan/anaconda3/lib/python3.11/site-packages/airflow/example_dags/example_short_circuit_operator.py for tasks to queue
[2024-04-04T00:08:30.782+0000] {logging_mixin.py:188} INFO - [2024-04-04T00:08:30.782+0000] {dagbag.py:540} INFO - Filling up the DagBag from /home/datatalks_jan/anaconda3/lib/python3.11/site-packages/airflow/example_dags/example_short_circuit_operator.py
[2024-04-04T00:08:30.795+0000] {processor.py:840} INFO - DAG(s) 'example_short_circuit_operator' retrieved from /home/datatalks_jan/anaconda3/lib/python3.11/site-packages/airflow/example_dags/example_short_circuit_operator.py
[2024-04-04T00:08:30.821+0000] {logging_mixin.py:188} INFO - [2024-04-04T00:08:30.820+0000] {dag.py:3047} INFO - Sync 1 DAGs
[2024-04-04T00:08:30.844+0000] {logging_mixin.py:188} INFO - [2024-04-04T00:08:30.844+0000] {dag.py:3834} INFO - Setting next_dagrun for example_short_circuit_operator to 2024-04-03 00:00:00+00:00, run_after=2024-04-04 00:00:00+00:00
[2024-04-04T00:08:30.870+0000] {processor.py:183} INFO - Processing /home/datatalks_jan/anaconda3/lib/python3.11/site-packages/airflow/example_dags/example_short_circuit_operator.py took 0.097 seconds
[2024-04-04T00:09:36.304+0000] {processor.py:161} INFO - Started process (PID=100664) to work on /home/datatalks_jan/anaconda3/lib/python3.11/site-packages/airflow/example_dags/example_short_circuit_operator.py
[2024-04-04T00:09:36.307+0000] {processor.py:830} INFO - Processing file /home/datatalks_jan/anaconda3/lib/python3.11/site-packages/airflow/example_dags/example_short_circuit_operator.py for tasks to queue
[2024-04-04T00:09:36.309+0000] {logging_mixin.py:188} INFO - [2024-04-04T00:09:36.308+0000] {dagbag.py:540} INFO - Filling up the DagBag from /home/datatalks_jan/anaconda3/lib/python3.11/site-packages/airflow/example_dags/example_short_circuit_operator.py
[2024-04-04T00:09:36.326+0000] {processor.py:840} INFO - DAG(s) 'example_short_circuit_operator' retrieved from /home/datatalks_jan/anaconda3/lib/python3.11/site-packages/airflow/example_dags/example_short_circuit_operator.py
[2024-04-04T00:09:36.358+0000] {logging_mixin.py:188} INFO - [2024-04-04T00:09:36.358+0000] {dag.py:3047} INFO - Sync 1 DAGs
[2024-04-04T00:09:36.388+0000] {logging_mixin.py:188} INFO - [2024-04-04T00:09:36.387+0000] {dag.py:3834} INFO - Setting next_dagrun for example_short_circuit_operator to 2024-04-03 00:00:00+00:00, run_after=2024-04-04 00:00:00+00:00
[2024-04-04T00:09:36.427+0000] {processor.py:183} INFO - Processing /home/datatalks_jan/anaconda3/lib/python3.11/site-packages/airflow/example_dags/example_short_circuit_operator.py took 0.129 seconds
[2024-04-04T00:10:34.952+0000] {processor.py:161} INFO - Started process (PID=101192) to work on /home/datatalks_jan/anaconda3/lib/python3.11/site-packages/airflow/example_dags/example_short_circuit_operator.py
[2024-04-04T00:10:34.955+0000] {processor.py:830} INFO - Processing file /home/datatalks_jan/anaconda3/lib/python3.11/site-packages/airflow/example_dags/example_short_circuit_operator.py for tasks to queue
[2024-04-04T00:10:34.957+0000] {logging_mixin.py:188} INFO - [2024-04-04T00:10:34.956+0000] {dagbag.py:540} INFO - Filling up the DagBag from /home/datatalks_jan/anaconda3/lib/python3.11/site-packages/airflow/example_dags/example_short_circuit_operator.py
[2024-04-04T00:10:34.971+0000] {processor.py:840} INFO - DAG(s) 'example_short_circuit_operator' retrieved from /home/datatalks_jan/anaconda3/lib/python3.11/site-packages/airflow/example_dags/example_short_circuit_operator.py
[2024-04-04T00:10:35.000+0000] {logging_mixin.py:188} INFO - [2024-04-04T00:10:35.000+0000] {dag.py:3047} INFO - Sync 1 DAGs
[2024-04-04T00:10:35.029+0000] {logging_mixin.py:188} INFO - [2024-04-04T00:10:35.029+0000] {dag.py:3834} INFO - Setting next_dagrun for example_short_circuit_operator to 2024-04-03 00:00:00+00:00, run_after=2024-04-04 00:00:00+00:00
[2024-04-04T00:10:35.058+0000] {processor.py:183} INFO - Processing /home/datatalks_jan/anaconda3/lib/python3.11/site-packages/airflow/example_dags/example_short_circuit_operator.py took 0.111 seconds
[2024-04-04T00:11:28.173+0000] {processor.py:161} INFO - Started process (PID=101601) to work on /home/datatalks_jan/anaconda3/lib/python3.11/site-packages/airflow/example_dags/example_short_circuit_operator.py
[2024-04-04T00:11:28.176+0000] {processor.py:830} INFO - Processing file /home/datatalks_jan/anaconda3/lib/python3.11/site-packages/airflow/example_dags/example_short_circuit_operator.py for tasks to queue
[2024-04-04T00:11:28.178+0000] {logging_mixin.py:188} INFO - [2024-04-04T00:11:28.177+0000] {dagbag.py:540} INFO - Filling up the DagBag from /home/datatalks_jan/anaconda3/lib/python3.11/site-packages/airflow/example_dags/example_short_circuit_operator.py
[2024-04-04T00:11:28.198+0000] {processor.py:840} INFO - DAG(s) 'example_short_circuit_operator' retrieved from /home/datatalks_jan/anaconda3/lib/python3.11/site-packages/airflow/example_dags/example_short_circuit_operator.py
[2024-04-04T00:11:28.234+0000] {logging_mixin.py:188} INFO - [2024-04-04T00:11:28.233+0000] {dag.py:3047} INFO - Sync 1 DAGs
[2024-04-04T00:11:28.269+0000] {logging_mixin.py:188} INFO - [2024-04-04T00:11:28.269+0000] {dag.py:3834} INFO - Setting next_dagrun for example_short_circuit_operator to 2024-04-03 00:00:00+00:00, run_after=2024-04-04 00:00:00+00:00
[2024-04-04T00:11:28.308+0000] {processor.py:183} INFO - Processing /home/datatalks_jan/anaconda3/lib/python3.11/site-packages/airflow/example_dags/example_short_circuit_operator.py took 0.141 seconds
[2024-04-04T00:12:22.441+0000] {processor.py:161} INFO - Started process (PID=101996) to work on /home/datatalks_jan/anaconda3/lib/python3.11/site-packages/airflow/example_dags/example_short_circuit_operator.py
[2024-04-04T00:12:22.444+0000] {processor.py:830} INFO - Processing file /home/datatalks_jan/anaconda3/lib/python3.11/site-packages/airflow/example_dags/example_short_circuit_operator.py for tasks to queue
[2024-04-04T00:12:22.445+0000] {logging_mixin.py:188} INFO - [2024-04-04T00:12:22.444+0000] {dagbag.py:540} INFO - Filling up the DagBag from /home/datatalks_jan/anaconda3/lib/python3.11/site-packages/airflow/example_dags/example_short_circuit_operator.py
[2024-04-04T00:12:22.460+0000] {processor.py:840} INFO - DAG(s) 'example_short_circuit_operator' retrieved from /home/datatalks_jan/anaconda3/lib/python3.11/site-packages/airflow/example_dags/example_short_circuit_operator.py
[2024-04-04T00:12:22.489+0000] {logging_mixin.py:188} INFO - [2024-04-04T00:12:22.488+0000] {dag.py:3047} INFO - Sync 1 DAGs
[2024-04-04T00:12:22.513+0000] {logging_mixin.py:188} INFO - [2024-04-04T00:12:22.513+0000] {dag.py:3834} INFO - Setting next_dagrun for example_short_circuit_operator to 2024-04-03 00:00:00+00:00, run_after=2024-04-04 00:00:00+00:00
[2024-04-04T00:12:22.540+0000] {processor.py:183} INFO - Processing /home/datatalks_jan/anaconda3/lib/python3.11/site-packages/airflow/example_dags/example_short_circuit_operator.py took 0.104 seconds
[2024-04-04T00:13:11.973+0000] {processor.py:161} INFO - Started process (PID=102329) to work on /home/datatalks_jan/anaconda3/lib/python3.11/site-packages/airflow/example_dags/example_short_circuit_operator.py
[2024-04-04T00:13:11.976+0000] {processor.py:830} INFO - Processing file /home/datatalks_jan/anaconda3/lib/python3.11/site-packages/airflow/example_dags/example_short_circuit_operator.py for tasks to queue
[2024-04-04T00:13:11.978+0000] {logging_mixin.py:188} INFO - [2024-04-04T00:13:11.977+0000] {dagbag.py:540} INFO - Filling up the DagBag from /home/datatalks_jan/anaconda3/lib/python3.11/site-packages/airflow/example_dags/example_short_circuit_operator.py
[2024-04-04T00:13:11.993+0000] {processor.py:840} INFO - DAG(s) 'example_short_circuit_operator' retrieved from /home/datatalks_jan/anaconda3/lib/python3.11/site-packages/airflow/example_dags/example_short_circuit_operator.py
[2024-04-04T00:13:12.023+0000] {logging_mixin.py:188} INFO - [2024-04-04T00:13:12.023+0000] {dag.py:3047} INFO - Sync 1 DAGs
[2024-04-04T00:13:12.057+0000] {logging_mixin.py:188} INFO - [2024-04-04T00:13:12.057+0000] {dag.py:3834} INFO - Setting next_dagrun for example_short_circuit_operator to 2024-04-03 00:00:00+00:00, run_after=2024-04-04 00:00:00+00:00
[2024-04-04T00:13:12.085+0000] {processor.py:183} INFO - Processing /home/datatalks_jan/anaconda3/lib/python3.11/site-packages/airflow/example_dags/example_short_circuit_operator.py took 0.116 seconds
[2024-04-04T00:14:02.698+0000] {processor.py:161} INFO - Started process (PID=102771) to work on /home/datatalks_jan/anaconda3/lib/python3.11/site-packages/airflow/example_dags/example_short_circuit_operator.py
[2024-04-04T00:14:02.700+0000] {processor.py:830} INFO - Processing file /home/datatalks_jan/anaconda3/lib/python3.11/site-packages/airflow/example_dags/example_short_circuit_operator.py for tasks to queue
[2024-04-04T00:14:02.702+0000] {logging_mixin.py:188} INFO - [2024-04-04T00:14:02.701+0000] {dagbag.py:540} INFO - Filling up the DagBag from /home/datatalks_jan/anaconda3/lib/python3.11/site-packages/airflow/example_dags/example_short_circuit_operator.py
[2024-04-04T00:14:02.715+0000] {processor.py:840} INFO - DAG(s) 'example_short_circuit_operator' retrieved from /home/datatalks_jan/anaconda3/lib/python3.11/site-packages/airflow/example_dags/example_short_circuit_operator.py
[2024-04-04T00:14:02.742+0000] {logging_mixin.py:188} INFO - [2024-04-04T00:14:02.741+0000] {dag.py:3047} INFO - Sync 1 DAGs
[2024-04-04T00:14:02.767+0000] {logging_mixin.py:188} INFO - [2024-04-04T00:14:02.767+0000] {dag.py:3834} INFO - Setting next_dagrun for example_short_circuit_operator to 2024-04-03 00:00:00+00:00, run_after=2024-04-04 00:00:00+00:00
[2024-04-04T00:14:02.796+0000] {processor.py:183} INFO - Processing /home/datatalks_jan/anaconda3/lib/python3.11/site-packages/airflow/example_dags/example_short_circuit_operator.py took 0.103 seconds
[2024-04-04T00:14:54.753+0000] {processor.py:161} INFO - Started process (PID=103152) to work on /home/datatalks_jan/anaconda3/lib/python3.11/site-packages/airflow/example_dags/example_short_circuit_operator.py
[2024-04-04T00:14:54.755+0000] {processor.py:830} INFO - Processing file /home/datatalks_jan/anaconda3/lib/python3.11/site-packages/airflow/example_dags/example_short_circuit_operator.py for tasks to queue
[2024-04-04T00:14:54.757+0000] {logging_mixin.py:188} INFO - [2024-04-04T00:14:54.756+0000] {dagbag.py:540} INFO - Filling up the DagBag from /home/datatalks_jan/anaconda3/lib/python3.11/site-packages/airflow/example_dags/example_short_circuit_operator.py
[2024-04-04T00:14:54.771+0000] {processor.py:840} INFO - DAG(s) 'example_short_circuit_operator' retrieved from /home/datatalks_jan/anaconda3/lib/python3.11/site-packages/airflow/example_dags/example_short_circuit_operator.py
[2024-04-04T00:14:54.798+0000] {logging_mixin.py:188} INFO - [2024-04-04T00:14:54.798+0000] {dag.py:3047} INFO - Sync 1 DAGs
[2024-04-04T00:14:54.825+0000] {logging_mixin.py:188} INFO - [2024-04-04T00:14:54.824+0000] {dag.py:3834} INFO - Setting next_dagrun for example_short_circuit_operator to 2024-04-03 00:00:00+00:00, run_after=2024-04-04 00:00:00+00:00
[2024-04-04T00:14:54.853+0000] {processor.py:183} INFO - Processing /home/datatalks_jan/anaconda3/lib/python3.11/site-packages/airflow/example_dags/example_short_circuit_operator.py took 0.106 seconds
[2024-04-04T00:15:45.782+0000] {processor.py:161} INFO - Started process (PID=103587) to work on /home/datatalks_jan/anaconda3/lib/python3.11/site-packages/airflow/example_dags/example_short_circuit_operator.py
[2024-04-04T00:15:45.785+0000] {processor.py:830} INFO - Processing file /home/datatalks_jan/anaconda3/lib/python3.11/site-packages/airflow/example_dags/example_short_circuit_operator.py for tasks to queue
[2024-04-04T00:15:45.786+0000] {logging_mixin.py:188} INFO - [2024-04-04T00:15:45.785+0000] {dagbag.py:540} INFO - Filling up the DagBag from /home/datatalks_jan/anaconda3/lib/python3.11/site-packages/airflow/example_dags/example_short_circuit_operator.py
[2024-04-04T00:15:45.800+0000] {processor.py:840} INFO - DAG(s) 'example_short_circuit_operator' retrieved from /home/datatalks_jan/anaconda3/lib/python3.11/site-packages/airflow/example_dags/example_short_circuit_operator.py
[2024-04-04T00:15:45.828+0000] {logging_mixin.py:188} INFO - [2024-04-04T00:15:45.827+0000] {dag.py:3047} INFO - Sync 1 DAGs
[2024-04-04T00:15:45.853+0000] {logging_mixin.py:188} INFO - [2024-04-04T00:15:45.852+0000] {dag.py:3834} INFO - Setting next_dagrun for example_short_circuit_operator to 2024-04-03 00:00:00+00:00, run_after=2024-04-04 00:00:00+00:00
[2024-04-04T00:15:45.883+0000] {processor.py:183} INFO - Processing /home/datatalks_jan/anaconda3/lib/python3.11/site-packages/airflow/example_dags/example_short_circuit_operator.py took 0.106 seconds
[2024-04-04T00:16:38.138+0000] {processor.py:161} INFO - Started process (PID=103893) to work on /home/datatalks_jan/anaconda3/lib/python3.11/site-packages/airflow/example_dags/example_short_circuit_operator.py
[2024-04-04T00:16:38.140+0000] {processor.py:830} INFO - Processing file /home/datatalks_jan/anaconda3/lib/python3.11/site-packages/airflow/example_dags/example_short_circuit_operator.py for tasks to queue
[2024-04-04T00:16:38.142+0000] {logging_mixin.py:188} INFO - [2024-04-04T00:16:38.141+0000] {dagbag.py:540} INFO - Filling up the DagBag from /home/datatalks_jan/anaconda3/lib/python3.11/site-packages/airflow/example_dags/example_short_circuit_operator.py
[2024-04-04T00:16:38.155+0000] {processor.py:840} INFO - DAG(s) 'example_short_circuit_operator' retrieved from /home/datatalks_jan/anaconda3/lib/python3.11/site-packages/airflow/example_dags/example_short_circuit_operator.py
[2024-04-04T00:16:38.180+0000] {logging_mixin.py:188} INFO - [2024-04-04T00:16:38.180+0000] {dag.py:3047} INFO - Sync 1 DAGs
[2024-04-04T00:16:38.204+0000] {logging_mixin.py:188} INFO - [2024-04-04T00:16:38.204+0000] {dag.py:3834} INFO - Setting next_dagrun for example_short_circuit_operator to 2024-04-03 00:00:00+00:00, run_after=2024-04-04 00:00:00+00:00
[2024-04-04T00:16:38.230+0000] {processor.py:183} INFO - Processing /home/datatalks_jan/anaconda3/lib/python3.11/site-packages/airflow/example_dags/example_short_circuit_operator.py took 0.097 seconds
[2024-04-04T00:17:23.340+0000] {processor.py:161} INFO - Started process (PID=103988) to work on /home/datatalks_jan/anaconda3/lib/python3.11/site-packages/airflow/example_dags/example_short_circuit_operator.py
[2024-04-04T00:17:23.343+0000] {processor.py:830} INFO - Processing file /home/datatalks_jan/anaconda3/lib/python3.11/site-packages/airflow/example_dags/example_short_circuit_operator.py for tasks to queue
[2024-04-04T00:17:23.344+0000] {logging_mixin.py:188} INFO - [2024-04-04T00:17:23.343+0000] {dagbag.py:540} INFO - Filling up the DagBag from /home/datatalks_jan/anaconda3/lib/python3.11/site-packages/airflow/example_dags/example_short_circuit_operator.py
[2024-04-04T00:17:23.356+0000] {processor.py:840} INFO - DAG(s) 'example_short_circuit_operator' retrieved from /home/datatalks_jan/anaconda3/lib/python3.11/site-packages/airflow/example_dags/example_short_circuit_operator.py
[2024-04-04T00:17:23.383+0000] {logging_mixin.py:188} INFO - [2024-04-04T00:17:23.383+0000] {dag.py:3047} INFO - Sync 1 DAGs
[2024-04-04T00:17:23.407+0000] {logging_mixin.py:188} INFO - [2024-04-04T00:17:23.407+0000] {dag.py:3834} INFO - Setting next_dagrun for example_short_circuit_operator to 2024-04-03 00:00:00+00:00, run_after=2024-04-04 00:00:00+00:00
[2024-04-04T00:17:23.436+0000] {processor.py:183} INFO - Processing /home/datatalks_jan/anaconda3/lib/python3.11/site-packages/airflow/example_dags/example_short_circuit_operator.py took 0.101 seconds
[2024-04-04T00:18:09.402+0000] {processor.py:161} INFO - Started process (PID=104259) to work on /home/datatalks_jan/anaconda3/lib/python3.11/site-packages/airflow/example_dags/example_short_circuit_operator.py
[2024-04-04T00:18:09.404+0000] {processor.py:830} INFO - Processing file /home/datatalks_jan/anaconda3/lib/python3.11/site-packages/airflow/example_dags/example_short_circuit_operator.py for tasks to queue
[2024-04-04T00:18:09.406+0000] {logging_mixin.py:188} INFO - [2024-04-04T00:18:09.405+0000] {dagbag.py:540} INFO - Filling up the DagBag from /home/datatalks_jan/anaconda3/lib/python3.11/site-packages/airflow/example_dags/example_short_circuit_operator.py
[2024-04-04T00:18:09.419+0000] {processor.py:840} INFO - DAG(s) 'example_short_circuit_operator' retrieved from /home/datatalks_jan/anaconda3/lib/python3.11/site-packages/airflow/example_dags/example_short_circuit_operator.py
[2024-04-04T00:18:09.447+0000] {logging_mixin.py:188} INFO - [2024-04-04T00:18:09.447+0000] {dag.py:3047} INFO - Sync 1 DAGs
[2024-04-04T00:18:09.471+0000] {logging_mixin.py:188} INFO - [2024-04-04T00:18:09.471+0000] {dag.py:3834} INFO - Setting next_dagrun for example_short_circuit_operator to 2024-04-03 00:00:00+00:00, run_after=2024-04-04 00:00:00+00:00
[2024-04-04T00:18:09.501+0000] {processor.py:183} INFO - Processing /home/datatalks_jan/anaconda3/lib/python3.11/site-packages/airflow/example_dags/example_short_circuit_operator.py took 0.105 seconds
[2024-04-04T00:19:06.811+0000] {processor.py:161} INFO - Started process (PID=104460) to work on /home/datatalks_jan/anaconda3/lib/python3.11/site-packages/airflow/example_dags/example_short_circuit_operator.py
[2024-04-04T00:19:06.814+0000] {processor.py:830} INFO - Processing file /home/datatalks_jan/anaconda3/lib/python3.11/site-packages/airflow/example_dags/example_short_circuit_operator.py for tasks to queue
[2024-04-04T00:19:06.816+0000] {logging_mixin.py:188} INFO - [2024-04-04T00:19:06.815+0000] {dagbag.py:540} INFO - Filling up the DagBag from /home/datatalks_jan/anaconda3/lib/python3.11/site-packages/airflow/example_dags/example_short_circuit_operator.py
[2024-04-04T00:19:06.832+0000] {processor.py:840} INFO - DAG(s) 'example_short_circuit_operator' retrieved from /home/datatalks_jan/anaconda3/lib/python3.11/site-packages/airflow/example_dags/example_short_circuit_operator.py
[2024-04-04T00:19:06.872+0000] {logging_mixin.py:188} INFO - [2024-04-04T00:19:06.871+0000] {dag.py:3047} INFO - Sync 1 DAGs
[2024-04-04T00:19:06.903+0000] {logging_mixin.py:188} INFO - [2024-04-04T00:19:06.903+0000] {dag.py:3834} INFO - Setting next_dagrun for example_short_circuit_operator to 2024-04-03 00:00:00+00:00, run_after=2024-04-04 00:00:00+00:00
[2024-04-04T00:19:06.934+0000] {processor.py:183} INFO - Processing /home/datatalks_jan/anaconda3/lib/python3.11/site-packages/airflow/example_dags/example_short_circuit_operator.py took 0.129 seconds
[2024-04-04T00:19:57.220+0000] {processor.py:161} INFO - Started process (PID=104512) to work on /home/datatalks_jan/anaconda3/lib/python3.11/site-packages/airflow/example_dags/example_short_circuit_operator.py
[2024-04-04T00:19:57.223+0000] {processor.py:830} INFO - Processing file /home/datatalks_jan/anaconda3/lib/python3.11/site-packages/airflow/example_dags/example_short_circuit_operator.py for tasks to queue
[2024-04-04T00:19:57.224+0000] {logging_mixin.py:188} INFO - [2024-04-04T00:19:57.224+0000] {dagbag.py:540} INFO - Filling up the DagBag from /home/datatalks_jan/anaconda3/lib/python3.11/site-packages/airflow/example_dags/example_short_circuit_operator.py
[2024-04-04T00:19:57.242+0000] {processor.py:840} INFO - DAG(s) 'example_short_circuit_operator' retrieved from /home/datatalks_jan/anaconda3/lib/python3.11/site-packages/airflow/example_dags/example_short_circuit_operator.py
[2024-04-04T00:19:57.275+0000] {logging_mixin.py:188} INFO - [2024-04-04T00:19:57.275+0000] {dag.py:3047} INFO - Sync 1 DAGs
[2024-04-04T00:19:57.308+0000] {logging_mixin.py:188} INFO - [2024-04-04T00:19:57.307+0000] {dag.py:3834} INFO - Setting next_dagrun for example_short_circuit_operator to 2024-04-03 00:00:00+00:00, run_after=2024-04-04 00:00:00+00:00
[2024-04-04T00:19:57.341+0000] {processor.py:183} INFO - Processing /home/datatalks_jan/anaconda3/lib/python3.11/site-packages/airflow/example_dags/example_short_circuit_operator.py took 0.128 seconds
[2024-04-04T00:21:02.193+0000] {processor.py:161} INFO - Started process (PID=104692) to work on /home/datatalks_jan/anaconda3/lib/python3.11/site-packages/airflow/example_dags/example_short_circuit_operator.py
[2024-04-04T00:21:02.195+0000] {processor.py:830} INFO - Processing file /home/datatalks_jan/anaconda3/lib/python3.11/site-packages/airflow/example_dags/example_short_circuit_operator.py for tasks to queue
[2024-04-04T00:21:02.197+0000] {logging_mixin.py:188} INFO - [2024-04-04T00:21:02.196+0000] {dagbag.py:540} INFO - Filling up the DagBag from /home/datatalks_jan/anaconda3/lib/python3.11/site-packages/airflow/example_dags/example_short_circuit_operator.py
[2024-04-04T00:21:02.212+0000] {processor.py:840} INFO - DAG(s) 'example_short_circuit_operator' retrieved from /home/datatalks_jan/anaconda3/lib/python3.11/site-packages/airflow/example_dags/example_short_circuit_operator.py
[2024-04-04T00:21:02.243+0000] {logging_mixin.py:188} INFO - [2024-04-04T00:21:02.243+0000] {dag.py:3047} INFO - Sync 1 DAGs
[2024-04-04T00:21:02.270+0000] {logging_mixin.py:188} INFO - [2024-04-04T00:21:02.270+0000] {dag.py:3834} INFO - Setting next_dagrun for example_short_circuit_operator to 2024-04-03 00:00:00+00:00, run_after=2024-04-04 00:00:00+00:00
[2024-04-04T00:21:02.302+0000] {processor.py:183} INFO - Processing /home/datatalks_jan/anaconda3/lib/python3.11/site-packages/airflow/example_dags/example_short_circuit_operator.py took 0.115 seconds
[2024-04-04T00:22:09.761+0000] {processor.py:161} INFO - Started process (PID=104760) to work on /home/datatalks_jan/anaconda3/lib/python3.11/site-packages/airflow/example_dags/example_short_circuit_operator.py
[2024-04-04T00:22:09.764+0000] {processor.py:830} INFO - Processing file /home/datatalks_jan/anaconda3/lib/python3.11/site-packages/airflow/example_dags/example_short_circuit_operator.py for tasks to queue
[2024-04-04T00:22:09.765+0000] {logging_mixin.py:188} INFO - [2024-04-04T00:22:09.765+0000] {dagbag.py:540} INFO - Filling up the DagBag from /home/datatalks_jan/anaconda3/lib/python3.11/site-packages/airflow/example_dags/example_short_circuit_operator.py
[2024-04-04T00:22:09.779+0000] {processor.py:840} INFO - DAG(s) 'example_short_circuit_operator' retrieved from /home/datatalks_jan/anaconda3/lib/python3.11/site-packages/airflow/example_dags/example_short_circuit_operator.py
[2024-04-04T00:22:09.805+0000] {logging_mixin.py:188} INFO - [2024-04-04T00:22:09.805+0000] {dag.py:3047} INFO - Sync 1 DAGs
[2024-04-04T00:22:09.828+0000] {logging_mixin.py:188} INFO - [2024-04-04T00:22:09.828+0000] {dag.py:3834} INFO - Setting next_dagrun for example_short_circuit_operator to 2024-04-03 00:00:00+00:00, run_after=2024-04-04 00:00:00+00:00
[2024-04-04T00:22:09.855+0000] {processor.py:183} INFO - Processing /home/datatalks_jan/anaconda3/lib/python3.11/site-packages/airflow/example_dags/example_short_circuit_operator.py took 0.101 seconds
[2024-04-04T00:22:55.810+0000] {processor.py:161} INFO - Started process (PID=104806) to work on /home/datatalks_jan/anaconda3/lib/python3.11/site-packages/airflow/example_dags/example_short_circuit_operator.py
[2024-04-04T00:22:55.812+0000] {processor.py:830} INFO - Processing file /home/datatalks_jan/anaconda3/lib/python3.11/site-packages/airflow/example_dags/example_short_circuit_operator.py for tasks to queue
[2024-04-04T00:22:55.814+0000] {logging_mixin.py:188} INFO - [2024-04-04T00:22:55.813+0000] {dagbag.py:540} INFO - Filling up the DagBag from /home/datatalks_jan/anaconda3/lib/python3.11/site-packages/airflow/example_dags/example_short_circuit_operator.py
[2024-04-04T00:22:55.829+0000] {processor.py:840} INFO - DAG(s) 'example_short_circuit_operator' retrieved from /home/datatalks_jan/anaconda3/lib/python3.11/site-packages/airflow/example_dags/example_short_circuit_operator.py
[2024-04-04T00:22:55.862+0000] {logging_mixin.py:188} INFO - [2024-04-04T00:22:55.861+0000] {dag.py:3047} INFO - Sync 1 DAGs
[2024-04-04T00:22:55.892+0000] {logging_mixin.py:188} INFO - [2024-04-04T00:22:55.891+0000] {dag.py:3834} INFO - Setting next_dagrun for example_short_circuit_operator to 2024-04-03 00:00:00+00:00, run_after=2024-04-04 00:00:00+00:00
[2024-04-04T00:22:55.926+0000] {processor.py:183} INFO - Processing /home/datatalks_jan/anaconda3/lib/python3.11/site-packages/airflow/example_dags/example_short_circuit_operator.py took 0.123 seconds
[2024-04-04T00:23:44.038+0000] {processor.py:161} INFO - Started process (PID=104905) to work on /home/datatalks_jan/anaconda3/lib/python3.11/site-packages/airflow/example_dags/example_short_circuit_operator.py
[2024-04-04T00:23:44.040+0000] {processor.py:830} INFO - Processing file /home/datatalks_jan/anaconda3/lib/python3.11/site-packages/airflow/example_dags/example_short_circuit_operator.py for tasks to queue
[2024-04-04T00:23:44.042+0000] {logging_mixin.py:188} INFO - [2024-04-04T00:23:44.041+0000] {dagbag.py:540} INFO - Filling up the DagBag from /home/datatalks_jan/anaconda3/lib/python3.11/site-packages/airflow/example_dags/example_short_circuit_operator.py
[2024-04-04T00:23:44.055+0000] {processor.py:840} INFO - DAG(s) 'example_short_circuit_operator' retrieved from /home/datatalks_jan/anaconda3/lib/python3.11/site-packages/airflow/example_dags/example_short_circuit_operator.py
[2024-04-04T00:23:44.082+0000] {logging_mixin.py:188} INFO - [2024-04-04T00:23:44.081+0000] {dag.py:3047} INFO - Sync 1 DAGs
[2024-04-04T00:23:44.106+0000] {logging_mixin.py:188} INFO - [2024-04-04T00:23:44.106+0000] {dag.py:3834} INFO - Setting next_dagrun for example_short_circuit_operator to 2024-04-03 00:00:00+00:00, run_after=2024-04-04 00:00:00+00:00
[2024-04-04T00:23:44.131+0000] {processor.py:183} INFO - Processing /home/datatalks_jan/anaconda3/lib/python3.11/site-packages/airflow/example_dags/example_short_circuit_operator.py took 0.097 seconds
[2024-04-04T00:24:33.254+0000] {processor.py:161} INFO - Started process (PID=104968) to work on /home/datatalks_jan/anaconda3/lib/python3.11/site-packages/airflow/example_dags/example_short_circuit_operator.py
[2024-04-04T00:24:33.257+0000] {processor.py:830} INFO - Processing file /home/datatalks_jan/anaconda3/lib/python3.11/site-packages/airflow/example_dags/example_short_circuit_operator.py for tasks to queue
[2024-04-04T00:24:33.259+0000] {logging_mixin.py:188} INFO - [2024-04-04T00:24:33.258+0000] {dagbag.py:540} INFO - Filling up the DagBag from /home/datatalks_jan/anaconda3/lib/python3.11/site-packages/airflow/example_dags/example_short_circuit_operator.py
[2024-04-04T00:24:33.277+0000] {processor.py:840} INFO - DAG(s) 'example_short_circuit_operator' retrieved from /home/datatalks_jan/anaconda3/lib/python3.11/site-packages/airflow/example_dags/example_short_circuit_operator.py
[2024-04-04T00:24:33.313+0000] {logging_mixin.py:188} INFO - [2024-04-04T00:24:33.312+0000] {dag.py:3047} INFO - Sync 1 DAGs
[2024-04-04T00:24:33.349+0000] {logging_mixin.py:188} INFO - [2024-04-04T00:24:33.348+0000] {dag.py:3834} INFO - Setting next_dagrun for example_short_circuit_operator to 2024-04-03 00:00:00+00:00, run_after=2024-04-04 00:00:00+00:00
[2024-04-04T00:24:33.378+0000] {processor.py:183} INFO - Processing /home/datatalks_jan/anaconda3/lib/python3.11/site-packages/airflow/example_dags/example_short_circuit_operator.py took 0.129 seconds
[2024-04-04T00:25:24.074+0000] {processor.py:161} INFO - Started process (PID=105020) to work on /home/datatalks_jan/anaconda3/lib/python3.11/site-packages/airflow/example_dags/example_short_circuit_operator.py
[2024-04-04T00:25:24.077+0000] {processor.py:830} INFO - Processing file /home/datatalks_jan/anaconda3/lib/python3.11/site-packages/airflow/example_dags/example_short_circuit_operator.py for tasks to queue
[2024-04-04T00:25:24.079+0000] {logging_mixin.py:188} INFO - [2024-04-04T00:25:24.078+0000] {dagbag.py:540} INFO - Filling up the DagBag from /home/datatalks_jan/anaconda3/lib/python3.11/site-packages/airflow/example_dags/example_short_circuit_operator.py
[2024-04-04T00:25:24.096+0000] {processor.py:840} INFO - DAG(s) 'example_short_circuit_operator' retrieved from /home/datatalks_jan/anaconda3/lib/python3.11/site-packages/airflow/example_dags/example_short_circuit_operator.py
[2024-04-04T00:25:24.130+0000] {logging_mixin.py:188} INFO - [2024-04-04T00:25:24.130+0000] {dag.py:3047} INFO - Sync 1 DAGs
[2024-04-04T00:25:24.159+0000] {logging_mixin.py:188} INFO - [2024-04-04T00:25:24.159+0000] {dag.py:3834} INFO - Setting next_dagrun for example_short_circuit_operator to 2024-04-03 00:00:00+00:00, run_after=2024-04-04 00:00:00+00:00
[2024-04-04T00:25:24.193+0000] {processor.py:183} INFO - Processing /home/datatalks_jan/anaconda3/lib/python3.11/site-packages/airflow/example_dags/example_short_circuit_operator.py took 0.126 seconds
[2024-04-04T00:26:08.869+0000] {processor.py:161} INFO - Started process (PID=105120) to work on /home/datatalks_jan/anaconda3/lib/python3.11/site-packages/airflow/example_dags/example_short_circuit_operator.py
[2024-04-04T00:26:08.872+0000] {processor.py:830} INFO - Processing file /home/datatalks_jan/anaconda3/lib/python3.11/site-packages/airflow/example_dags/example_short_circuit_operator.py for tasks to queue
[2024-04-04T00:26:08.873+0000] {logging_mixin.py:188} INFO - [2024-04-04T00:26:08.872+0000] {dagbag.py:540} INFO - Filling up the DagBag from /home/datatalks_jan/anaconda3/lib/python3.11/site-packages/airflow/example_dags/example_short_circuit_operator.py
[2024-04-04T00:26:08.887+0000] {processor.py:840} INFO - DAG(s) 'example_short_circuit_operator' retrieved from /home/datatalks_jan/anaconda3/lib/python3.11/site-packages/airflow/example_dags/example_short_circuit_operator.py
[2024-04-04T00:26:08.916+0000] {logging_mixin.py:188} INFO - [2024-04-04T00:26:08.915+0000] {dag.py:3047} INFO - Sync 1 DAGs
[2024-04-04T00:26:08.941+0000] {logging_mixin.py:188} INFO - [2024-04-04T00:26:08.941+0000] {dag.py:3834} INFO - Setting next_dagrun for example_short_circuit_operator to 2024-04-03 00:00:00+00:00, run_after=2024-04-04 00:00:00+00:00
[2024-04-04T00:26:08.968+0000] {processor.py:183} INFO - Processing /home/datatalks_jan/anaconda3/lib/python3.11/site-packages/airflow/example_dags/example_short_circuit_operator.py took 0.105 seconds
[2024-04-04T00:26:52.367+0000] {processor.py:161} INFO - Started process (PID=105170) to work on /home/datatalks_jan/anaconda3/lib/python3.11/site-packages/airflow/example_dags/example_short_circuit_operator.py
[2024-04-04T00:26:52.370+0000] {processor.py:830} INFO - Processing file /home/datatalks_jan/anaconda3/lib/python3.11/site-packages/airflow/example_dags/example_short_circuit_operator.py for tasks to queue
[2024-04-04T00:26:52.371+0000] {logging_mixin.py:188} INFO - [2024-04-04T00:26:52.371+0000] {dagbag.py:540} INFO - Filling up the DagBag from /home/datatalks_jan/anaconda3/lib/python3.11/site-packages/airflow/example_dags/example_short_circuit_operator.py
[2024-04-04T00:26:52.385+0000] {processor.py:840} INFO - DAG(s) 'example_short_circuit_operator' retrieved from /home/datatalks_jan/anaconda3/lib/python3.11/site-packages/airflow/example_dags/example_short_circuit_operator.py
[2024-04-04T00:26:52.412+0000] {logging_mixin.py:188} INFO - [2024-04-04T00:26:52.412+0000] {dag.py:3047} INFO - Sync 1 DAGs
[2024-04-04T00:26:52.436+0000] {logging_mixin.py:188} INFO - [2024-04-04T00:26:52.436+0000] {dag.py:3834} INFO - Setting next_dagrun for example_short_circuit_operator to 2024-04-03 00:00:00+00:00, run_after=2024-04-04 00:00:00+00:00
[2024-04-04T00:26:52.462+0000] {processor.py:183} INFO - Processing /home/datatalks_jan/anaconda3/lib/python3.11/site-packages/airflow/example_dags/example_short_circuit_operator.py took 0.100 seconds
[2024-04-04T00:27:40.266+0000] {processor.py:161} INFO - Started process (PID=105219) to work on /home/datatalks_jan/anaconda3/lib/python3.11/site-packages/airflow/example_dags/example_short_circuit_operator.py
[2024-04-04T00:27:40.269+0000] {processor.py:830} INFO - Processing file /home/datatalks_jan/anaconda3/lib/python3.11/site-packages/airflow/example_dags/example_short_circuit_operator.py for tasks to queue
[2024-04-04T00:27:40.270+0000] {logging_mixin.py:188} INFO - [2024-04-04T00:27:40.270+0000] {dagbag.py:540} INFO - Filling up the DagBag from /home/datatalks_jan/anaconda3/lib/python3.11/site-packages/airflow/example_dags/example_short_circuit_operator.py
[2024-04-04T00:27:40.285+0000] {processor.py:840} INFO - DAG(s) 'example_short_circuit_operator' retrieved from /home/datatalks_jan/anaconda3/lib/python3.11/site-packages/airflow/example_dags/example_short_circuit_operator.py
[2024-04-04T00:27:40.314+0000] {logging_mixin.py:188} INFO - [2024-04-04T00:27:40.314+0000] {dag.py:3047} INFO - Sync 1 DAGs
[2024-04-04T00:27:40.340+0000] {logging_mixin.py:188} INFO - [2024-04-04T00:27:40.340+0000] {dag.py:3834} INFO - Setting next_dagrun for example_short_circuit_operator to 2024-04-03 00:00:00+00:00, run_after=2024-04-04 00:00:00+00:00
[2024-04-04T00:27:40.369+0000] {processor.py:183} INFO - Processing /home/datatalks_jan/anaconda3/lib/python3.11/site-packages/airflow/example_dags/example_short_circuit_operator.py took 0.108 seconds
[2024-04-04T00:28:29.156+0000] {processor.py:161} INFO - Started process (PID=105328) to work on /home/datatalks_jan/anaconda3/lib/python3.11/site-packages/airflow/example_dags/example_short_circuit_operator.py
[2024-04-04T00:28:29.159+0000] {processor.py:830} INFO - Processing file /home/datatalks_jan/anaconda3/lib/python3.11/site-packages/airflow/example_dags/example_short_circuit_operator.py for tasks to queue
[2024-04-04T00:28:29.161+0000] {logging_mixin.py:188} INFO - [2024-04-04T00:28:29.160+0000] {dagbag.py:540} INFO - Filling up the DagBag from /home/datatalks_jan/anaconda3/lib/python3.11/site-packages/airflow/example_dags/example_short_circuit_operator.py
[2024-04-04T00:28:29.177+0000] {processor.py:840} INFO - DAG(s) 'example_short_circuit_operator' retrieved from /home/datatalks_jan/anaconda3/lib/python3.11/site-packages/airflow/example_dags/example_short_circuit_operator.py
[2024-04-04T00:28:29.210+0000] {logging_mixin.py:188} INFO - [2024-04-04T00:28:29.209+0000] {dag.py:3047} INFO - Sync 1 DAGs
[2024-04-04T00:28:29.240+0000] {logging_mixin.py:188} INFO - [2024-04-04T00:28:29.240+0000] {dag.py:3834} INFO - Setting next_dagrun for example_short_circuit_operator to 2024-04-03 00:00:00+00:00, run_after=2024-04-04 00:00:00+00:00
[2024-04-04T00:28:29.269+0000] {processor.py:183} INFO - Processing /home/datatalks_jan/anaconda3/lib/python3.11/site-packages/airflow/example_dags/example_short_circuit_operator.py took 0.119 seconds
[2024-04-04T00:29:22.741+0000] {processor.py:161} INFO - Started process (PID=105680) to work on /home/datatalks_jan/anaconda3/lib/python3.11/site-packages/airflow/example_dags/example_short_circuit_operator.py
[2024-04-04T00:29:22.744+0000] {processor.py:830} INFO - Processing file /home/datatalks_jan/anaconda3/lib/python3.11/site-packages/airflow/example_dags/example_short_circuit_operator.py for tasks to queue
[2024-04-04T00:29:22.745+0000] {logging_mixin.py:188} INFO - [2024-04-04T00:29:22.744+0000] {dagbag.py:540} INFO - Filling up the DagBag from /home/datatalks_jan/anaconda3/lib/python3.11/site-packages/airflow/example_dags/example_short_circuit_operator.py
[2024-04-04T00:29:22.758+0000] {processor.py:840} INFO - DAG(s) 'example_short_circuit_operator' retrieved from /home/datatalks_jan/anaconda3/lib/python3.11/site-packages/airflow/example_dags/example_short_circuit_operator.py
[2024-04-04T00:29:22.784+0000] {logging_mixin.py:188} INFO - [2024-04-04T00:29:22.784+0000] {dag.py:3047} INFO - Sync 1 DAGs
[2024-04-04T00:29:22.807+0000] {logging_mixin.py:188} INFO - [2024-04-04T00:29:22.807+0000] {dag.py:3834} INFO - Setting next_dagrun for example_short_circuit_operator to 2024-04-03 00:00:00+00:00, run_after=2024-04-04 00:00:00+00:00
[2024-04-04T00:29:22.836+0000] {processor.py:183} INFO - Processing /home/datatalks_jan/anaconda3/lib/python3.11/site-packages/airflow/example_dags/example_short_circuit_operator.py took 0.100 seconds
[2024-04-04T00:30:25.438+0000] {processor.py:161} INFO - Started process (PID=105838) to work on /home/datatalks_jan/anaconda3/lib/python3.11/site-packages/airflow/example_dags/example_short_circuit_operator.py
[2024-04-04T00:30:25.440+0000] {processor.py:830} INFO - Processing file /home/datatalks_jan/anaconda3/lib/python3.11/site-packages/airflow/example_dags/example_short_circuit_operator.py for tasks to queue
[2024-04-04T00:30:25.442+0000] {logging_mixin.py:188} INFO - [2024-04-04T00:30:25.441+0000] {dagbag.py:540} INFO - Filling up the DagBag from /home/datatalks_jan/anaconda3/lib/python3.11/site-packages/airflow/example_dags/example_short_circuit_operator.py
[2024-04-04T00:30:25.455+0000] {processor.py:840} INFO - DAG(s) 'example_short_circuit_operator' retrieved from /home/datatalks_jan/anaconda3/lib/python3.11/site-packages/airflow/example_dags/example_short_circuit_operator.py
[2024-04-04T00:30:25.481+0000] {logging_mixin.py:188} INFO - [2024-04-04T00:30:25.481+0000] {dag.py:3047} INFO - Sync 1 DAGs
[2024-04-04T00:30:25.505+0000] {logging_mixin.py:188} INFO - [2024-04-04T00:30:25.505+0000] {dag.py:3834} INFO - Setting next_dagrun for example_short_circuit_operator to 2024-04-03 00:00:00+00:00, run_after=2024-04-04 00:00:00+00:00
[2024-04-04T00:30:25.530+0000] {processor.py:183} INFO - Processing /home/datatalks_jan/anaconda3/lib/python3.11/site-packages/airflow/example_dags/example_short_circuit_operator.py took 0.098 seconds
