[2024-04-04T00:06:20.679+0000] {processor.py:161} INFO - Started process (PID=99554) to work on /home/datatalks_jan/anaconda3/lib/python3.11/site-packages/airflow/example_dags/example_params_trigger_ui.py
[2024-04-04T00:06:20.680+0000] {processor.py:830} INFO - Processing file /home/datatalks_jan/anaconda3/lib/python3.11/site-packages/airflow/example_dags/example_params_trigger_ui.py for tasks to queue
[2024-04-04T00:06:20.681+0000] {logging_mixin.py:188} INFO - [2024-04-04T00:06:20.681+0000] {dagbag.py:540} INFO - Filling up the DagBag from /home/datatalks_jan/anaconda3/lib/python3.11/site-packages/airflow/example_dags/example_params_trigger_ui.py
[2024-04-04T00:06:20.703+0000] {processor.py:840} INFO - DAG(s) 'example_params_trigger_ui' retrieved from /home/datatalks_jan/anaconda3/lib/python3.11/site-packages/airflow/example_dags/example_params_trigger_ui.py
[2024-04-04T00:06:20.752+0000] {logging_mixin.py:188} INFO - [2024-04-04T00:06:20.751+0000] {dag.py:3047} INFO - Sync 1 DAGs
[2024-04-04T00:06:20.765+0000] {logging_mixin.py:188} INFO - [2024-04-04T00:06:20.765+0000] {dag.py:3834} INFO - Setting next_dagrun for example_params_trigger_ui to None, run_after=None
[2024-04-04T00:06:20.793+0000] {processor.py:183} INFO - Processing /home/datatalks_jan/anaconda3/lib/python3.11/site-packages/airflow/example_dags/example_params_trigger_ui.py took 0.119 seconds
[2024-04-04T00:07:27.395+0000] {processor.py:161} INFO - Started process (PID=99903) to work on /home/datatalks_jan/anaconda3/lib/python3.11/site-packages/airflow/example_dags/example_params_trigger_ui.py
[2024-04-04T00:07:27.397+0000] {processor.py:830} INFO - Processing file /home/datatalks_jan/anaconda3/lib/python3.11/site-packages/airflow/example_dags/example_params_trigger_ui.py for tasks to queue
[2024-04-04T00:07:27.398+0000] {logging_mixin.py:188} INFO - [2024-04-04T00:07:27.397+0000] {dagbag.py:540} INFO - Filling up the DagBag from /home/datatalks_jan/anaconda3/lib/python3.11/site-packages/airflow/example_dags/example_params_trigger_ui.py
[2024-04-04T00:07:27.429+0000] {processor.py:840} INFO - DAG(s) 'example_params_trigger_ui' retrieved from /home/datatalks_jan/anaconda3/lib/python3.11/site-packages/airflow/example_dags/example_params_trigger_ui.py
[2024-04-04T00:07:27.475+0000] {logging_mixin.py:188} INFO - [2024-04-04T00:07:27.475+0000] {dag.py:3047} INFO - Sync 1 DAGs
[2024-04-04T00:07:27.489+0000] {logging_mixin.py:188} INFO - [2024-04-04T00:07:27.489+0000] {dag.py:3834} INFO - Setting next_dagrun for example_params_trigger_ui to None, run_after=None
[2024-04-04T00:07:27.518+0000] {processor.py:183} INFO - Processing /home/datatalks_jan/anaconda3/lib/python3.11/site-packages/airflow/example_dags/example_params_trigger_ui.py took 0.128 seconds
[2024-04-04T00:08:33.276+0000] {processor.py:161} INFO - Started process (PID=100276) to work on /home/datatalks_jan/anaconda3/lib/python3.11/site-packages/airflow/example_dags/example_params_trigger_ui.py
[2024-04-04T00:08:33.279+0000] {processor.py:830} INFO - Processing file /home/datatalks_jan/anaconda3/lib/python3.11/site-packages/airflow/example_dags/example_params_trigger_ui.py for tasks to queue
[2024-04-04T00:08:33.281+0000] {logging_mixin.py:188} INFO - [2024-04-04T00:08:33.280+0000] {dagbag.py:540} INFO - Filling up the DagBag from /home/datatalks_jan/anaconda3/lib/python3.11/site-packages/airflow/example_dags/example_params_trigger_ui.py
[2024-04-04T00:08:33.307+0000] {processor.py:840} INFO - DAG(s) 'example_params_trigger_ui' retrieved from /home/datatalks_jan/anaconda3/lib/python3.11/site-packages/airflow/example_dags/example_params_trigger_ui.py
[2024-04-04T00:08:33.353+0000] {logging_mixin.py:188} INFO - [2024-04-04T00:08:33.353+0000] {dag.py:3047} INFO - Sync 1 DAGs
[2024-04-04T00:08:33.369+0000] {logging_mixin.py:188} INFO - [2024-04-04T00:08:33.369+0000] {dag.py:3834} INFO - Setting next_dagrun for example_params_trigger_ui to None, run_after=None
[2024-04-04T00:08:33.730+0000] {processor.py:183} INFO - Processing /home/datatalks_jan/anaconda3/lib/python3.11/site-packages/airflow/example_dags/example_params_trigger_ui.py took 0.459 seconds
[2024-04-04T00:09:38.894+0000] {processor.py:161} INFO - Started process (PID=100696) to work on /home/datatalks_jan/anaconda3/lib/python3.11/site-packages/airflow/example_dags/example_params_trigger_ui.py
[2024-04-04T00:09:38.896+0000] {processor.py:830} INFO - Processing file /home/datatalks_jan/anaconda3/lib/python3.11/site-packages/airflow/example_dags/example_params_trigger_ui.py for tasks to queue
[2024-04-04T00:09:38.898+0000] {logging_mixin.py:188} INFO - [2024-04-04T00:09:38.897+0000] {dagbag.py:540} INFO - Filling up the DagBag from /home/datatalks_jan/anaconda3/lib/python3.11/site-packages/airflow/example_dags/example_params_trigger_ui.py
[2024-04-04T00:09:38.921+0000] {processor.py:840} INFO - DAG(s) 'example_params_trigger_ui' retrieved from /home/datatalks_jan/anaconda3/lib/python3.11/site-packages/airflow/example_dags/example_params_trigger_ui.py
[2024-04-04T00:09:38.966+0000] {logging_mixin.py:188} INFO - [2024-04-04T00:09:38.966+0000] {dag.py:3047} INFO - Sync 1 DAGs
[2024-04-04T00:09:38.981+0000] {logging_mixin.py:188} INFO - [2024-04-04T00:09:38.981+0000] {dag.py:3834} INFO - Setting next_dagrun for example_params_trigger_ui to None, run_after=None
[2024-04-04T00:09:39.008+0000] {processor.py:183} INFO - Processing /home/datatalks_jan/anaconda3/lib/python3.11/site-packages/airflow/example_dags/example_params_trigger_ui.py took 0.120 seconds
[2024-04-04T00:10:37.140+0000] {processor.py:161} INFO - Started process (PID=101224) to work on /home/datatalks_jan/anaconda3/lib/python3.11/site-packages/airflow/example_dags/example_params_trigger_ui.py
[2024-04-04T00:10:37.143+0000] {processor.py:830} INFO - Processing file /home/datatalks_jan/anaconda3/lib/python3.11/site-packages/airflow/example_dags/example_params_trigger_ui.py for tasks to queue
[2024-04-04T00:10:37.145+0000] {logging_mixin.py:188} INFO - [2024-04-04T00:10:37.144+0000] {dagbag.py:540} INFO - Filling up the DagBag from /home/datatalks_jan/anaconda3/lib/python3.11/site-packages/airflow/example_dags/example_params_trigger_ui.py
[2024-04-04T00:10:37.173+0000] {processor.py:840} INFO - DAG(s) 'example_params_trigger_ui' retrieved from /home/datatalks_jan/anaconda3/lib/python3.11/site-packages/airflow/example_dags/example_params_trigger_ui.py
[2024-04-04T00:10:37.224+0000] {logging_mixin.py:188} INFO - [2024-04-04T00:10:37.224+0000] {dag.py:3047} INFO - Sync 1 DAGs
[2024-04-04T00:10:37.241+0000] {logging_mixin.py:188} INFO - [2024-04-04T00:10:37.241+0000] {dag.py:3834} INFO - Setting next_dagrun for example_params_trigger_ui to None, run_after=None
[2024-04-04T00:10:37.271+0000] {processor.py:183} INFO - Processing /home/datatalks_jan/anaconda3/lib/python3.11/site-packages/airflow/example_dags/example_params_trigger_ui.py took 0.137 seconds
[2024-04-04T00:11:30.574+0000] {processor.py:161} INFO - Started process (PID=101603) to work on /home/datatalks_jan/anaconda3/lib/python3.11/site-packages/airflow/example_dags/example_params_trigger_ui.py
[2024-04-04T00:11:30.577+0000] {processor.py:830} INFO - Processing file /home/datatalks_jan/anaconda3/lib/python3.11/site-packages/airflow/example_dags/example_params_trigger_ui.py for tasks to queue
[2024-04-04T00:11:30.579+0000] {logging_mixin.py:188} INFO - [2024-04-04T00:11:30.578+0000] {dagbag.py:540} INFO - Filling up the DagBag from /home/datatalks_jan/anaconda3/lib/python3.11/site-packages/airflow/example_dags/example_params_trigger_ui.py
[2024-04-04T00:11:30.608+0000] {processor.py:840} INFO - DAG(s) 'example_params_trigger_ui' retrieved from /home/datatalks_jan/anaconda3/lib/python3.11/site-packages/airflow/example_dags/example_params_trigger_ui.py
[2024-04-04T00:11:30.694+0000] {logging_mixin.py:188} INFO - [2024-04-04T00:11:30.693+0000] {dag.py:3047} INFO - Sync 1 DAGs
[2024-04-04T00:11:30.715+0000] {logging_mixin.py:188} INFO - [2024-04-04T00:11:30.714+0000] {dag.py:3834} INFO - Setting next_dagrun for example_params_trigger_ui to None, run_after=None
[2024-04-04T00:11:30.751+0000] {processor.py:183} INFO - Processing /home/datatalks_jan/anaconda3/lib/python3.11/site-packages/airflow/example_dags/example_params_trigger_ui.py took 0.183 seconds
[2024-04-04T00:12:24.952+0000] {processor.py:161} INFO - Started process (PID=101998) to work on /home/datatalks_jan/anaconda3/lib/python3.11/site-packages/airflow/example_dags/example_params_trigger_ui.py
[2024-04-04T00:12:24.955+0000] {processor.py:830} INFO - Processing file /home/datatalks_jan/anaconda3/lib/python3.11/site-packages/airflow/example_dags/example_params_trigger_ui.py for tasks to queue
[2024-04-04T00:12:24.957+0000] {logging_mixin.py:188} INFO - [2024-04-04T00:12:24.956+0000] {dagbag.py:540} INFO - Filling up the DagBag from /home/datatalks_jan/anaconda3/lib/python3.11/site-packages/airflow/example_dags/example_params_trigger_ui.py
[2024-04-04T00:12:24.982+0000] {processor.py:840} INFO - DAG(s) 'example_params_trigger_ui' retrieved from /home/datatalks_jan/anaconda3/lib/python3.11/site-packages/airflow/example_dags/example_params_trigger_ui.py
[2024-04-04T00:12:25.030+0000] {logging_mixin.py:188} INFO - [2024-04-04T00:12:25.030+0000] {dag.py:3047} INFO - Sync 1 DAGs
[2024-04-04T00:12:25.046+0000] {logging_mixin.py:188} INFO - [2024-04-04T00:12:25.046+0000] {dag.py:3834} INFO - Setting next_dagrun for example_params_trigger_ui to None, run_after=None
[2024-04-04T00:12:25.077+0000] {processor.py:183} INFO - Processing /home/datatalks_jan/anaconda3/lib/python3.11/site-packages/airflow/example_dags/example_params_trigger_ui.py took 0.130 seconds
