[2024-04-04T00:06:34.847+0000] {processor.py:161} INFO - Started process (PID=99571) to work on /home/datatalks_jan/anaconda3/lib/python3.11/site-packages/airflow/example_dags/example_branch_day_of_week_operator.py
[2024-04-04T00:06:34.848+0000] {processor.py:830} INFO - Processing file /home/datatalks_jan/anaconda3/lib/python3.11/site-packages/airflow/example_dags/example_branch_day_of_week_operator.py for tasks to queue
[2024-04-04T00:06:34.850+0000] {logging_mixin.py:188} INFO - [2024-04-04T00:06:34.849+0000] {dagbag.py:540} INFO - Filling up the DagBag from /home/datatalks_jan/anaconda3/lib/python3.11/site-packages/airflow/example_dags/example_branch_day_of_week_operator.py
[2024-04-04T00:06:34.863+0000] {processor.py:840} INFO - DAG(s) 'example_weekday_branch_operator' retrieved from /home/datatalks_jan/anaconda3/lib/python3.11/site-packages/airflow/example_dags/example_branch_day_of_week_operator.py
[2024-04-04T00:06:34.892+0000] {logging_mixin.py:188} INFO - [2024-04-04T00:06:34.892+0000] {dag.py:3047} INFO - Sync 1 DAGs
[2024-04-04T00:06:34.920+0000] {logging_mixin.py:188} INFO - [2024-04-04T00:06:34.920+0000] {dag.py:3834} INFO - Setting next_dagrun for example_weekday_branch_operator to 2024-04-03 00:00:00+00:00, run_after=2024-04-04 00:00:00+00:00
[2024-04-04T00:06:34.952+0000] {processor.py:183} INFO - Processing /home/datatalks_jan/anaconda3/lib/python3.11/site-packages/airflow/example_dags/example_branch_day_of_week_operator.py took 0.110 seconds
[2024-04-04T00:07:41.542+0000] {processor.py:161} INFO - Started process (PID=99961) to work on /home/datatalks_jan/anaconda3/lib/python3.11/site-packages/airflow/example_dags/example_branch_day_of_week_operator.py
[2024-04-04T00:07:41.545+0000] {processor.py:830} INFO - Processing file /home/datatalks_jan/anaconda3/lib/python3.11/site-packages/airflow/example_dags/example_branch_day_of_week_operator.py for tasks to queue
[2024-04-04T00:07:41.546+0000] {logging_mixin.py:188} INFO - [2024-04-04T00:07:41.546+0000] {dagbag.py:540} INFO - Filling up the DagBag from /home/datatalks_jan/anaconda3/lib/python3.11/site-packages/airflow/example_dags/example_branch_day_of_week_operator.py
[2024-04-04T00:07:41.559+0000] {processor.py:840} INFO - DAG(s) 'example_weekday_branch_operator' retrieved from /home/datatalks_jan/anaconda3/lib/python3.11/site-packages/airflow/example_dags/example_branch_day_of_week_operator.py
[2024-04-04T00:07:41.589+0000] {logging_mixin.py:188} INFO - [2024-04-04T00:07:41.589+0000] {dag.py:3047} INFO - Sync 1 DAGs
[2024-04-04T00:07:41.615+0000] {logging_mixin.py:188} INFO - [2024-04-04T00:07:41.615+0000] {dag.py:3834} INFO - Setting next_dagrun for example_weekday_branch_operator to 2024-04-03 00:00:00+00:00, run_after=2024-04-04 00:00:00+00:00
[2024-04-04T00:07:41.644+0000] {processor.py:183} INFO - Processing /home/datatalks_jan/anaconda3/lib/python3.11/site-packages/airflow/example_dags/example_branch_day_of_week_operator.py took 0.107 seconds
[2024-04-04T00:08:49.625+0000] {processor.py:161} INFO - Started process (PID=100366) to work on /home/datatalks_jan/anaconda3/lib/python3.11/site-packages/airflow/example_dags/example_branch_day_of_week_operator.py
[2024-04-04T00:08:49.628+0000] {processor.py:830} INFO - Processing file /home/datatalks_jan/anaconda3/lib/python3.11/site-packages/airflow/example_dags/example_branch_day_of_week_operator.py for tasks to queue
[2024-04-04T00:08:49.629+0000] {logging_mixin.py:188} INFO - [2024-04-04T00:08:49.628+0000] {dagbag.py:540} INFO - Filling up the DagBag from /home/datatalks_jan/anaconda3/lib/python3.11/site-packages/airflow/example_dags/example_branch_day_of_week_operator.py
[2024-04-04T00:08:49.640+0000] {processor.py:840} INFO - DAG(s) 'example_weekday_branch_operator' retrieved from /home/datatalks_jan/anaconda3/lib/python3.11/site-packages/airflow/example_dags/example_branch_day_of_week_operator.py
[2024-04-04T00:08:49.666+0000] {logging_mixin.py:188} INFO - [2024-04-04T00:08:49.666+0000] {dag.py:3047} INFO - Sync 1 DAGs
[2024-04-04T00:08:49.898+0000] {logging_mixin.py:188} INFO - [2024-04-04T00:08:49.898+0000] {dag.py:3834} INFO - Setting next_dagrun for example_weekday_branch_operator to 2024-04-03 00:00:00+00:00, run_after=2024-04-04 00:00:00+00:00
[2024-04-04T00:08:49.920+0000] {processor.py:183} INFO - Processing /home/datatalks_jan/anaconda3/lib/python3.11/site-packages/airflow/example_dags/example_branch_day_of_week_operator.py took 0.300 seconds
[2024-04-04T00:09:53.231+0000] {processor.py:161} INFO - Started process (PID=100826) to work on /home/datatalks_jan/anaconda3/lib/python3.11/site-packages/airflow/example_dags/example_branch_day_of_week_operator.py
[2024-04-04T00:09:53.233+0000] {processor.py:830} INFO - Processing file /home/datatalks_jan/anaconda3/lib/python3.11/site-packages/airflow/example_dags/example_branch_day_of_week_operator.py for tasks to queue
[2024-04-04T00:09:53.236+0000] {logging_mixin.py:188} INFO - [2024-04-04T00:09:53.235+0000] {dagbag.py:540} INFO - Filling up the DagBag from /home/datatalks_jan/anaconda3/lib/python3.11/site-packages/airflow/example_dags/example_branch_day_of_week_operator.py
[2024-04-04T00:09:53.249+0000] {processor.py:840} INFO - DAG(s) 'example_weekday_branch_operator' retrieved from /home/datatalks_jan/anaconda3/lib/python3.11/site-packages/airflow/example_dags/example_branch_day_of_week_operator.py
[2024-04-04T00:09:53.277+0000] {logging_mixin.py:188} INFO - [2024-04-04T00:09:53.277+0000] {dag.py:3047} INFO - Sync 1 DAGs
[2024-04-04T00:09:53.302+0000] {logging_mixin.py:188} INFO - [2024-04-04T00:09:53.302+0000] {dag.py:3834} INFO - Setting next_dagrun for example_weekday_branch_operator to 2024-04-03 00:00:00+00:00, run_after=2024-04-04 00:00:00+00:00
[2024-04-04T00:09:53.328+0000] {processor.py:183} INFO - Processing /home/datatalks_jan/anaconda3/lib/python3.11/site-packages/airflow/example_dags/example_branch_day_of_week_operator.py took 0.102 seconds
[2024-04-04T00:10:51.501+0000] {processor.py:161} INFO - Started process (PID=101339) to work on /home/datatalks_jan/anaconda3/lib/python3.11/site-packages/airflow/example_dags/example_branch_day_of_week_operator.py
[2024-04-04T00:10:51.505+0000] {processor.py:830} INFO - Processing file /home/datatalks_jan/anaconda3/lib/python3.11/site-packages/airflow/example_dags/example_branch_day_of_week_operator.py for tasks to queue
[2024-04-04T00:10:51.507+0000] {logging_mixin.py:188} INFO - [2024-04-04T00:10:51.506+0000] {dagbag.py:540} INFO - Filling up the DagBag from /home/datatalks_jan/anaconda3/lib/python3.11/site-packages/airflow/example_dags/example_branch_day_of_week_operator.py
[2024-04-04T00:10:51.520+0000] {processor.py:840} INFO - DAG(s) 'example_weekday_branch_operator' retrieved from /home/datatalks_jan/anaconda3/lib/python3.11/site-packages/airflow/example_dags/example_branch_day_of_week_operator.py
[2024-04-04T00:10:51.551+0000] {logging_mixin.py:188} INFO - [2024-04-04T00:10:51.550+0000] {dag.py:3047} INFO - Sync 1 DAGs
[2024-04-04T00:10:51.579+0000] {logging_mixin.py:188} INFO - [2024-04-04T00:10:51.579+0000] {dag.py:3834} INFO - Setting next_dagrun for example_weekday_branch_operator to 2024-04-03 00:00:00+00:00, run_after=2024-04-04 00:00:00+00:00
[2024-04-04T00:10:51.609+0000] {processor.py:183} INFO - Processing /home/datatalks_jan/anaconda3/lib/python3.11/site-packages/airflow/example_dags/example_branch_day_of_week_operator.py took 0.114 seconds
[2024-04-04T00:12:02.996+0000] {processor.py:161} INFO - Started process (PID=101859) to work on /home/datatalks_jan/anaconda3/lib/python3.11/site-packages/airflow/example_dags/example_branch_day_of_week_operator.py
[2024-04-04T00:12:02.999+0000] {processor.py:830} INFO - Processing file /home/datatalks_jan/anaconda3/lib/python3.11/site-packages/airflow/example_dags/example_branch_day_of_week_operator.py for tasks to queue
[2024-04-04T00:12:03.000+0000] {logging_mixin.py:188} INFO - [2024-04-04T00:12:03.000+0000] {dagbag.py:540} INFO - Filling up the DagBag from /home/datatalks_jan/anaconda3/lib/python3.11/site-packages/airflow/example_dags/example_branch_day_of_week_operator.py
[2024-04-04T00:12:03.014+0000] {processor.py:840} INFO - DAG(s) 'example_weekday_branch_operator' retrieved from /home/datatalks_jan/anaconda3/lib/python3.11/site-packages/airflow/example_dags/example_branch_day_of_week_operator.py
[2024-04-04T00:12:03.047+0000] {logging_mixin.py:188} INFO - [2024-04-04T00:12:03.046+0000] {dag.py:3047} INFO - Sync 1 DAGs
[2024-04-04T00:12:03.082+0000] {logging_mixin.py:188} INFO - [2024-04-04T00:12:03.082+0000] {dag.py:3834} INFO - Setting next_dagrun for example_weekday_branch_operator to 2024-04-03 00:00:00+00:00, run_after=2024-04-04 00:00:00+00:00
[2024-04-04T00:12:03.119+0000] {processor.py:183} INFO - Processing /home/datatalks_jan/anaconda3/lib/python3.11/site-packages/airflow/example_dags/example_branch_day_of_week_operator.py took 0.129 seconds
[2024-04-04T00:12:56.489+0000] {processor.py:161} INFO - Started process (PID=102152) to work on /home/datatalks_jan/anaconda3/lib/python3.11/site-packages/airflow/example_dags/example_branch_day_of_week_operator.py
[2024-04-04T00:12:56.492+0000] {processor.py:830} INFO - Processing file /home/datatalks_jan/anaconda3/lib/python3.11/site-packages/airflow/example_dags/example_branch_day_of_week_operator.py for tasks to queue
[2024-04-04T00:12:56.493+0000] {logging_mixin.py:188} INFO - [2024-04-04T00:12:56.492+0000] {dagbag.py:540} INFO - Filling up the DagBag from /home/datatalks_jan/anaconda3/lib/python3.11/site-packages/airflow/example_dags/example_branch_day_of_week_operator.py
[2024-04-04T00:12:56.505+0000] {processor.py:840} INFO - DAG(s) 'example_weekday_branch_operator' retrieved from /home/datatalks_jan/anaconda3/lib/python3.11/site-packages/airflow/example_dags/example_branch_day_of_week_operator.py
[2024-04-04T00:12:56.539+0000] {logging_mixin.py:188} INFO - [2024-04-04T00:12:56.539+0000] {dag.py:3047} INFO - Sync 1 DAGs
[2024-04-04T00:12:56.583+0000] {logging_mixin.py:188} INFO - [2024-04-04T00:12:56.583+0000] {dag.py:3834} INFO - Setting next_dagrun for example_weekday_branch_operator to 2024-04-03 00:00:00+00:00, run_after=2024-04-04 00:00:00+00:00
[2024-04-04T00:12:56.611+0000] {processor.py:183} INFO - Processing /home/datatalks_jan/anaconda3/lib/python3.11/site-packages/airflow/example_dags/example_branch_day_of_week_operator.py took 0.127 seconds
