[2024-04-04T00:06:15.522+0000] {processor.py:161} INFO - Started process (PID=99548) to work on /home/datatalks_jan/anaconda3/lib/python3.11/site-packages/airflow/example_dags/example_python_operator.py
[2024-04-04T00:06:15.523+0000] {processor.py:830} INFO - Processing file /home/datatalks_jan/anaconda3/lib/python3.11/site-packages/airflow/example_dags/example_python_operator.py for tasks to queue
[2024-04-04T00:06:15.525+0000] {logging_mixin.py:188} INFO - [2024-04-04T00:06:15.524+0000] {dagbag.py:540} INFO - Filling up the DagBag from /home/datatalks_jan/anaconda3/lib/python3.11/site-packages/airflow/example_dags/example_python_operator.py
[2024-04-04T00:06:15.537+0000] {logging_mixin.py:188} INFO - [2024-04-04T00:06:15.537+0000] {example_python_operator.py:88} WARNING - The virtalenv_python example task requires virtualenv, please install it.
[2024-04-04T00:06:15.538+0000] {processor.py:840} INFO - DAG(s) 'example_python_operator' retrieved from /home/datatalks_jan/anaconda3/lib/python3.11/site-packages/airflow/example_dags/example_python_operator.py
[2024-04-04T00:06:15.565+0000] {logging_mixin.py:188} INFO - [2024-04-04T00:06:15.565+0000] {dag.py:3047} INFO - Sync 1 DAGs
[2024-04-04T00:06:15.580+0000] {logging_mixin.py:188} INFO - [2024-04-04T00:06:15.580+0000] {dag.py:3834} INFO - Setting next_dagrun for example_python_operator to None, run_after=None
[2024-04-04T00:06:15.607+0000] {processor.py:183} INFO - Processing /home/datatalks_jan/anaconda3/lib/python3.11/site-packages/airflow/example_dags/example_python_operator.py took 0.091 seconds
[2024-04-04T00:07:20.873+0000] {processor.py:161} INFO - Started process (PID=99852) to work on /home/datatalks_jan/anaconda3/lib/python3.11/site-packages/airflow/example_dags/example_python_operator.py
[2024-04-04T00:07:20.876+0000] {processor.py:830} INFO - Processing file /home/datatalks_jan/anaconda3/lib/python3.11/site-packages/airflow/example_dags/example_python_operator.py for tasks to queue
[2024-04-04T00:07:20.878+0000] {logging_mixin.py:188} INFO - [2024-04-04T00:07:20.877+0000] {dagbag.py:540} INFO - Filling up the DagBag from /home/datatalks_jan/anaconda3/lib/python3.11/site-packages/airflow/example_dags/example_python_operator.py
[2024-04-04T00:07:20.896+0000] {logging_mixin.py:188} INFO - [2024-04-04T00:07:20.895+0000] {example_python_operator.py:88} WARNING - The virtalenv_python example task requires virtualenv, please install it.
[2024-04-04T00:07:20.897+0000] {processor.py:840} INFO - DAG(s) 'example_python_operator' retrieved from /home/datatalks_jan/anaconda3/lib/python3.11/site-packages/airflow/example_dags/example_python_operator.py
[2024-04-04T00:07:20.928+0000] {logging_mixin.py:188} INFO - [2024-04-04T00:07:20.928+0000] {dag.py:3047} INFO - Sync 1 DAGs
[2024-04-04T00:07:20.946+0000] {logging_mixin.py:188} INFO - [2024-04-04T00:07:20.946+0000] {dag.py:3834} INFO - Setting next_dagrun for example_python_operator to None, run_after=None
[2024-04-04T00:07:20.990+0000] {processor.py:183} INFO - Processing /home/datatalks_jan/anaconda3/lib/python3.11/site-packages/airflow/example_dags/example_python_operator.py took 0.123 seconds
[2024-04-04T00:08:26.773+0000] {processor.py:161} INFO - Started process (PID=100254) to work on /home/datatalks_jan/anaconda3/lib/python3.11/site-packages/airflow/example_dags/example_python_operator.py
[2024-04-04T00:08:26.775+0000] {processor.py:830} INFO - Processing file /home/datatalks_jan/anaconda3/lib/python3.11/site-packages/airflow/example_dags/example_python_operator.py for tasks to queue
[2024-04-04T00:08:26.776+0000] {logging_mixin.py:188} INFO - [2024-04-04T00:08:26.776+0000] {dagbag.py:540} INFO - Filling up the DagBag from /home/datatalks_jan/anaconda3/lib/python3.11/site-packages/airflow/example_dags/example_python_operator.py
[2024-04-04T00:08:26.790+0000] {logging_mixin.py:188} INFO - [2024-04-04T00:08:26.789+0000] {example_python_operator.py:88} WARNING - The virtalenv_python example task requires virtualenv, please install it.
[2024-04-04T00:08:26.791+0000] {processor.py:840} INFO - DAG(s) 'example_python_operator' retrieved from /home/datatalks_jan/anaconda3/lib/python3.11/site-packages/airflow/example_dags/example_python_operator.py
[2024-04-04T00:08:26.814+0000] {logging_mixin.py:188} INFO - [2024-04-04T00:08:26.813+0000] {dag.py:3047} INFO - Sync 1 DAGs
[2024-04-04T00:08:26.828+0000] {logging_mixin.py:188} INFO - [2024-04-04T00:08:26.828+0000] {dag.py:3834} INFO - Setting next_dagrun for example_python_operator to None, run_after=None
[2024-04-04T00:08:26.854+0000] {processor.py:183} INFO - Processing /home/datatalks_jan/anaconda3/lib/python3.11/site-packages/airflow/example_dags/example_python_operator.py took 0.086 seconds
[2024-04-04T00:09:33.715+0000] {processor.py:161} INFO - Started process (PID=100642) to work on /home/datatalks_jan/anaconda3/lib/python3.11/site-packages/airflow/example_dags/example_python_operator.py
[2024-04-04T00:09:33.718+0000] {processor.py:830} INFO - Processing file /home/datatalks_jan/anaconda3/lib/python3.11/site-packages/airflow/example_dags/example_python_operator.py for tasks to queue
[2024-04-04T00:09:33.719+0000] {logging_mixin.py:188} INFO - [2024-04-04T00:09:33.719+0000] {dagbag.py:540} INFO - Filling up the DagBag from /home/datatalks_jan/anaconda3/lib/python3.11/site-packages/airflow/example_dags/example_python_operator.py
[2024-04-04T00:09:33.734+0000] {logging_mixin.py:188} INFO - [2024-04-04T00:09:33.734+0000] {example_python_operator.py:88} WARNING - The virtalenv_python example task requires virtualenv, please install it.
[2024-04-04T00:09:33.735+0000] {processor.py:840} INFO - DAG(s) 'example_python_operator' retrieved from /home/datatalks_jan/anaconda3/lib/python3.11/site-packages/airflow/example_dags/example_python_operator.py
[2024-04-04T00:09:33.760+0000] {logging_mixin.py:188} INFO - [2024-04-04T00:09:33.759+0000] {dag.py:3047} INFO - Sync 1 DAGs
[2024-04-04T00:09:33.776+0000] {logging_mixin.py:188} INFO - [2024-04-04T00:09:33.775+0000] {dag.py:3834} INFO - Setting next_dagrun for example_python_operator to None, run_after=None
[2024-04-04T00:09:33.804+0000] {processor.py:183} INFO - Processing /home/datatalks_jan/anaconda3/lib/python3.11/site-packages/airflow/example_dags/example_python_operator.py took 0.093 seconds
[2024-04-04T00:10:30.610+0000] {processor.py:161} INFO - Started process (PID=101131) to work on /home/datatalks_jan/anaconda3/lib/python3.11/site-packages/airflow/example_dags/example_python_operator.py
[2024-04-04T00:10:30.612+0000] {processor.py:830} INFO - Processing file /home/datatalks_jan/anaconda3/lib/python3.11/site-packages/airflow/example_dags/example_python_operator.py for tasks to queue
[2024-04-04T00:10:30.614+0000] {logging_mixin.py:188} INFO - [2024-04-04T00:10:30.613+0000] {dagbag.py:540} INFO - Filling up the DagBag from /home/datatalks_jan/anaconda3/lib/python3.11/site-packages/airflow/example_dags/example_python_operator.py
[2024-04-04T00:10:30.640+0000] {logging_mixin.py:188} INFO - [2024-04-04T00:10:30.640+0000] {example_python_operator.py:88} WARNING - The virtalenv_python example task requires virtualenv, please install it.
[2024-04-04T00:10:30.641+0000] {processor.py:840} INFO - DAG(s) 'example_python_operator' retrieved from /home/datatalks_jan/anaconda3/lib/python3.11/site-packages/airflow/example_dags/example_python_operator.py
[2024-04-04T00:10:30.677+0000] {logging_mixin.py:188} INFO - [2024-04-04T00:10:30.677+0000] {dag.py:3047} INFO - Sync 1 DAGs
[2024-04-04T00:10:30.693+0000] {logging_mixin.py:188} INFO - [2024-04-04T00:10:30.692+0000] {dag.py:3834} INFO - Setting next_dagrun for example_python_operator to None, run_after=None
[2024-04-04T00:10:30.719+0000] {processor.py:183} INFO - Processing /home/datatalks_jan/anaconda3/lib/python3.11/site-packages/airflow/example_dags/example_python_operator.py took 0.113 seconds
[2024-04-04T00:11:23.996+0000] {processor.py:161} INFO - Started process (PID=101567) to work on /home/datatalks_jan/anaconda3/lib/python3.11/site-packages/airflow/example_dags/example_python_operator.py
[2024-04-04T00:11:23.999+0000] {processor.py:830} INFO - Processing file /home/datatalks_jan/anaconda3/lib/python3.11/site-packages/airflow/example_dags/example_python_operator.py for tasks to queue
[2024-04-04T00:11:24.000+0000] {logging_mixin.py:188} INFO - [2024-04-04T00:11:24.000+0000] {dagbag.py:540} INFO - Filling up the DagBag from /home/datatalks_jan/anaconda3/lib/python3.11/site-packages/airflow/example_dags/example_python_operator.py
[2024-04-04T00:11:24.019+0000] {logging_mixin.py:188} INFO - [2024-04-04T00:11:24.018+0000] {example_python_operator.py:88} WARNING - The virtalenv_python example task requires virtualenv, please install it.
[2024-04-04T00:11:24.020+0000] {processor.py:840} INFO - DAG(s) 'example_python_operator' retrieved from /home/datatalks_jan/anaconda3/lib/python3.11/site-packages/airflow/example_dags/example_python_operator.py
[2024-04-04T00:11:24.050+0000] {logging_mixin.py:188} INFO - [2024-04-04T00:11:24.050+0000] {dag.py:3047} INFO - Sync 1 DAGs
[2024-04-04T00:11:24.068+0000] {logging_mixin.py:188} INFO - [2024-04-04T00:11:24.068+0000] {dag.py:3834} INFO - Setting next_dagrun for example_python_operator to None, run_after=None
[2024-04-04T00:11:24.110+0000] {processor.py:183} INFO - Processing /home/datatalks_jan/anaconda3/lib/python3.11/site-packages/airflow/example_dags/example_python_operator.py took 0.120 seconds
[2024-04-04T00:12:18.431+0000] {processor.py:161} INFO - Started process (PID=101962) to work on /home/datatalks_jan/anaconda3/lib/python3.11/site-packages/airflow/example_dags/example_python_operator.py
[2024-04-04T00:12:18.433+0000] {processor.py:830} INFO - Processing file /home/datatalks_jan/anaconda3/lib/python3.11/site-packages/airflow/example_dags/example_python_operator.py for tasks to queue
[2024-04-04T00:12:18.434+0000] {logging_mixin.py:188} INFO - [2024-04-04T00:12:18.434+0000] {dagbag.py:540} INFO - Filling up the DagBag from /home/datatalks_jan/anaconda3/lib/python3.11/site-packages/airflow/example_dags/example_python_operator.py
[2024-04-04T00:12:18.449+0000] {logging_mixin.py:188} INFO - [2024-04-04T00:12:18.449+0000] {example_python_operator.py:88} WARNING - The virtalenv_python example task requires virtualenv, please install it.
[2024-04-04T00:12:18.450+0000] {processor.py:840} INFO - DAG(s) 'example_python_operator' retrieved from /home/datatalks_jan/anaconda3/lib/python3.11/site-packages/airflow/example_dags/example_python_operator.py
[2024-04-04T00:12:18.476+0000] {logging_mixin.py:188} INFO - [2024-04-04T00:12:18.475+0000] {dag.py:3047} INFO - Sync 1 DAGs
[2024-04-04T00:12:18.490+0000] {logging_mixin.py:188} INFO - [2024-04-04T00:12:18.489+0000] {dag.py:3834} INFO - Setting next_dagrun for example_python_operator to None, run_after=None
[2024-04-04T00:12:18.517+0000] {processor.py:183} INFO - Processing /home/datatalks_jan/anaconda3/lib/python3.11/site-packages/airflow/example_dags/example_python_operator.py took 0.091 seconds
[2024-04-04T00:13:08.057+0000] {processor.py:161} INFO - Started process (PID=102294) to work on /home/datatalks_jan/anaconda3/lib/python3.11/site-packages/airflow/example_dags/example_python_operator.py
[2024-04-04T00:13:08.059+0000] {processor.py:830} INFO - Processing file /home/datatalks_jan/anaconda3/lib/python3.11/site-packages/airflow/example_dags/example_python_operator.py for tasks to queue
[2024-04-04T00:13:08.060+0000] {logging_mixin.py:188} INFO - [2024-04-04T00:13:08.060+0000] {dagbag.py:540} INFO - Filling up the DagBag from /home/datatalks_jan/anaconda3/lib/python3.11/site-packages/airflow/example_dags/example_python_operator.py
[2024-04-04T00:13:08.075+0000] {logging_mixin.py:188} INFO - [2024-04-04T00:13:08.074+0000] {example_python_operator.py:88} WARNING - The virtalenv_python example task requires virtualenv, please install it.
[2024-04-04T00:13:08.075+0000] {processor.py:840} INFO - DAG(s) 'example_python_operator' retrieved from /home/datatalks_jan/anaconda3/lib/python3.11/site-packages/airflow/example_dags/example_python_operator.py
[2024-04-04T00:13:08.116+0000] {logging_mixin.py:188} INFO - [2024-04-04T00:13:08.115+0000] {dag.py:3047} INFO - Sync 1 DAGs
[2024-04-04T00:13:08.167+0000] {logging_mixin.py:188} INFO - [2024-04-04T00:13:08.167+0000] {dag.py:3834} INFO - Setting next_dagrun for example_python_operator to None, run_after=None
[2024-04-04T00:13:08.216+0000] {processor.py:183} INFO - Processing /home/datatalks_jan/anaconda3/lib/python3.11/site-packages/airflow/example_dags/example_python_operator.py took 0.165 seconds
[2024-04-04T00:13:58.739+0000] {processor.py:161} INFO - Started process (PID=102752) to work on /home/datatalks_jan/anaconda3/lib/python3.11/site-packages/airflow/example_dags/example_python_operator.py
[2024-04-04T00:13:58.744+0000] {processor.py:830} INFO - Processing file /home/datatalks_jan/anaconda3/lib/python3.11/site-packages/airflow/example_dags/example_python_operator.py for tasks to queue
[2024-04-04T00:13:58.747+0000] {logging_mixin.py:188} INFO - [2024-04-04T00:13:58.745+0000] {dagbag.py:540} INFO - Filling up the DagBag from /home/datatalks_jan/anaconda3/lib/python3.11/site-packages/airflow/example_dags/example_python_operator.py
[2024-04-04T00:13:58.795+0000] {logging_mixin.py:188} INFO - [2024-04-04T00:13:58.794+0000] {example_python_operator.py:88} WARNING - The virtalenv_python example task requires virtualenv, please install it.
[2024-04-04T00:13:58.796+0000] {processor.py:840} INFO - DAG(s) 'example_python_operator' retrieved from /home/datatalks_jan/anaconda3/lib/python3.11/site-packages/airflow/example_dags/example_python_operator.py
[2024-04-04T00:13:58.852+0000] {logging_mixin.py:188} INFO - [2024-04-04T00:13:58.851+0000] {dag.py:3047} INFO - Sync 1 DAGs
[2024-04-04T00:13:58.881+0000] {logging_mixin.py:188} INFO - [2024-04-04T00:13:58.881+0000] {dag.py:3834} INFO - Setting next_dagrun for example_python_operator to None, run_after=None
[2024-04-04T00:13:58.916+0000] {processor.py:183} INFO - Processing /home/datatalks_jan/anaconda3/lib/python3.11/site-packages/airflow/example_dags/example_python_operator.py took 0.188 seconds
[2024-04-04T00:14:50.426+0000] {processor.py:161} INFO - Started process (PID=103118) to work on /home/datatalks_jan/anaconda3/lib/python3.11/site-packages/airflow/example_dags/example_python_operator.py
[2024-04-04T00:14:50.429+0000] {processor.py:830} INFO - Processing file /home/datatalks_jan/anaconda3/lib/python3.11/site-packages/airflow/example_dags/example_python_operator.py for tasks to queue
[2024-04-04T00:14:50.430+0000] {logging_mixin.py:188} INFO - [2024-04-04T00:14:50.430+0000] {dagbag.py:540} INFO - Filling up the DagBag from /home/datatalks_jan/anaconda3/lib/python3.11/site-packages/airflow/example_dags/example_python_operator.py
[2024-04-04T00:14:50.445+0000] {logging_mixin.py:188} INFO - [2024-04-04T00:14:50.444+0000] {example_python_operator.py:88} WARNING - The virtalenv_python example task requires virtualenv, please install it.
[2024-04-04T00:14:50.446+0000] {processor.py:840} INFO - DAG(s) 'example_python_operator' retrieved from /home/datatalks_jan/anaconda3/lib/python3.11/site-packages/airflow/example_dags/example_python_operator.py
[2024-04-04T00:14:50.471+0000] {logging_mixin.py:188} INFO - [2024-04-04T00:14:50.470+0000] {dag.py:3047} INFO - Sync 1 DAGs
[2024-04-04T00:14:50.485+0000] {logging_mixin.py:188} INFO - [2024-04-04T00:14:50.485+0000] {dag.py:3834} INFO - Setting next_dagrun for example_python_operator to None, run_after=None
[2024-04-04T00:14:50.513+0000] {processor.py:183} INFO - Processing /home/datatalks_jan/anaconda3/lib/python3.11/site-packages/airflow/example_dags/example_python_operator.py took 0.091 seconds
[2024-04-04T00:15:41.756+0000] {processor.py:161} INFO - Started process (PID=103553) to work on /home/datatalks_jan/anaconda3/lib/python3.11/site-packages/airflow/example_dags/example_python_operator.py
[2024-04-04T00:15:41.759+0000] {processor.py:830} INFO - Processing file /home/datatalks_jan/anaconda3/lib/python3.11/site-packages/airflow/example_dags/example_python_operator.py for tasks to queue
[2024-04-04T00:15:41.761+0000] {logging_mixin.py:188} INFO - [2024-04-04T00:15:41.760+0000] {dagbag.py:540} INFO - Filling up the DagBag from /home/datatalks_jan/anaconda3/lib/python3.11/site-packages/airflow/example_dags/example_python_operator.py
[2024-04-04T00:15:41.781+0000] {logging_mixin.py:188} INFO - [2024-04-04T00:15:41.781+0000] {example_python_operator.py:88} WARNING - The virtalenv_python example task requires virtualenv, please install it.
[2024-04-04T00:15:41.782+0000] {processor.py:840} INFO - DAG(s) 'example_python_operator' retrieved from /home/datatalks_jan/anaconda3/lib/python3.11/site-packages/airflow/example_dags/example_python_operator.py
[2024-04-04T00:15:41.814+0000] {logging_mixin.py:188} INFO - [2024-04-04T00:15:41.814+0000] {dag.py:3047} INFO - Sync 1 DAGs
[2024-04-04T00:15:41.830+0000] {logging_mixin.py:188} INFO - [2024-04-04T00:15:41.830+0000] {dag.py:3834} INFO - Setting next_dagrun for example_python_operator to None, run_after=None
[2024-04-04T00:15:41.889+0000] {processor.py:183} INFO - Processing /home/datatalks_jan/anaconda3/lib/python3.11/site-packages/airflow/example_dags/example_python_operator.py took 0.140 seconds
[2024-04-04T00:16:33.871+0000] {processor.py:161} INFO - Started process (PID=103881) to work on /home/datatalks_jan/anaconda3/lib/python3.11/site-packages/airflow/example_dags/example_python_operator.py
[2024-04-04T00:16:33.874+0000] {processor.py:830} INFO - Processing file /home/datatalks_jan/anaconda3/lib/python3.11/site-packages/airflow/example_dags/example_python_operator.py for tasks to queue
[2024-04-04T00:16:33.876+0000] {logging_mixin.py:188} INFO - [2024-04-04T00:16:33.875+0000] {dagbag.py:540} INFO - Filling up the DagBag from /home/datatalks_jan/anaconda3/lib/python3.11/site-packages/airflow/example_dags/example_python_operator.py
[2024-04-04T00:16:33.893+0000] {logging_mixin.py:188} INFO - [2024-04-04T00:16:33.893+0000] {example_python_operator.py:88} WARNING - The virtalenv_python example task requires virtualenv, please install it.
[2024-04-04T00:16:33.895+0000] {processor.py:840} INFO - DAG(s) 'example_python_operator' retrieved from /home/datatalks_jan/anaconda3/lib/python3.11/site-packages/airflow/example_dags/example_python_operator.py
[2024-04-04T00:16:33.925+0000] {logging_mixin.py:188} INFO - [2024-04-04T00:16:33.925+0000] {dag.py:3047} INFO - Sync 1 DAGs
[2024-04-04T00:16:33.943+0000] {logging_mixin.py:188} INFO - [2024-04-04T00:16:33.943+0000] {dag.py:3834} INFO - Setting next_dagrun for example_python_operator to None, run_after=None
[2024-04-04T00:16:33.975+0000] {processor.py:183} INFO - Processing /home/datatalks_jan/anaconda3/lib/python3.11/site-packages/airflow/example_dags/example_python_operator.py took 0.111 seconds
[2024-04-04T00:17:19.428+0000] {processor.py:161} INFO - Started process (PID=103969) to work on /home/datatalks_jan/anaconda3/lib/python3.11/site-packages/airflow/example_dags/example_python_operator.py
[2024-04-04T00:17:19.458+0000] {processor.py:830} INFO - Processing file /home/datatalks_jan/anaconda3/lib/python3.11/site-packages/airflow/example_dags/example_python_operator.py for tasks to queue
[2024-04-04T00:17:19.460+0000] {logging_mixin.py:188} INFO - [2024-04-04T00:17:19.459+0000] {dagbag.py:540} INFO - Filling up the DagBag from /home/datatalks_jan/anaconda3/lib/python3.11/site-packages/airflow/example_dags/example_python_operator.py
[2024-04-04T00:17:19.476+0000] {logging_mixin.py:188} INFO - [2024-04-04T00:17:19.476+0000] {example_python_operator.py:88} WARNING - The virtalenv_python example task requires virtualenv, please install it.
[2024-04-04T00:17:19.477+0000] {processor.py:840} INFO - DAG(s) 'example_python_operator' retrieved from /home/datatalks_jan/anaconda3/lib/python3.11/site-packages/airflow/example_dags/example_python_operator.py
[2024-04-04T00:17:19.502+0000] {logging_mixin.py:188} INFO - [2024-04-04T00:17:19.502+0000] {dag.py:3047} INFO - Sync 1 DAGs
[2024-04-04T00:17:19.516+0000] {logging_mixin.py:188} INFO - [2024-04-04T00:17:19.516+0000] {dag.py:3834} INFO - Setting next_dagrun for example_python_operator to None, run_after=None
[2024-04-04T00:17:19.546+0000] {processor.py:183} INFO - Processing /home/datatalks_jan/anaconda3/lib/python3.11/site-packages/airflow/example_dags/example_python_operator.py took 0.125 seconds
[2024-04-04T00:18:05.132+0000] {processor.py:161} INFO - Started process (PID=104225) to work on /home/datatalks_jan/anaconda3/lib/python3.11/site-packages/airflow/example_dags/example_python_operator.py
[2024-04-04T00:18:05.134+0000] {processor.py:830} INFO - Processing file /home/datatalks_jan/anaconda3/lib/python3.11/site-packages/airflow/example_dags/example_python_operator.py for tasks to queue
[2024-04-04T00:18:05.136+0000] {logging_mixin.py:188} INFO - [2024-04-04T00:18:05.135+0000] {dagbag.py:540} INFO - Filling up the DagBag from /home/datatalks_jan/anaconda3/lib/python3.11/site-packages/airflow/example_dags/example_python_operator.py
[2024-04-04T00:18:05.153+0000] {logging_mixin.py:188} INFO - [2024-04-04T00:18:05.153+0000] {example_python_operator.py:88} WARNING - The virtalenv_python example task requires virtualenv, please install it.
[2024-04-04T00:18:05.154+0000] {processor.py:840} INFO - DAG(s) 'example_python_operator' retrieved from /home/datatalks_jan/anaconda3/lib/python3.11/site-packages/airflow/example_dags/example_python_operator.py
[2024-04-04T00:18:05.188+0000] {logging_mixin.py:188} INFO - [2024-04-04T00:18:05.187+0000] {dag.py:3047} INFO - Sync 1 DAGs
[2024-04-04T00:18:05.208+0000] {logging_mixin.py:188} INFO - [2024-04-04T00:18:05.207+0000] {dag.py:3834} INFO - Setting next_dagrun for example_python_operator to None, run_after=None
[2024-04-04T00:18:05.238+0000] {processor.py:183} INFO - Processing /home/datatalks_jan/anaconda3/lib/python3.11/site-packages/airflow/example_dags/example_python_operator.py took 0.113 seconds
[2024-04-04T00:19:01.801+0000] {processor.py:161} INFO - Started process (PID=104456) to work on /home/datatalks_jan/anaconda3/lib/python3.11/site-packages/airflow/example_dags/example_python_operator.py
[2024-04-04T00:19:01.803+0000] {processor.py:830} INFO - Processing file /home/datatalks_jan/anaconda3/lib/python3.11/site-packages/airflow/example_dags/example_python_operator.py for tasks to queue
[2024-04-04T00:19:01.805+0000] {logging_mixin.py:188} INFO - [2024-04-04T00:19:01.804+0000] {dagbag.py:540} INFO - Filling up the DagBag from /home/datatalks_jan/anaconda3/lib/python3.11/site-packages/airflow/example_dags/example_python_operator.py
[2024-04-04T00:19:01.822+0000] {logging_mixin.py:188} INFO - [2024-04-04T00:19:01.821+0000] {example_python_operator.py:88} WARNING - The virtalenv_python example task requires virtualenv, please install it.
[2024-04-04T00:19:01.822+0000] {processor.py:840} INFO - DAG(s) 'example_python_operator' retrieved from /home/datatalks_jan/anaconda3/lib/python3.11/site-packages/airflow/example_dags/example_python_operator.py
[2024-04-04T00:19:01.849+0000] {logging_mixin.py:188} INFO - [2024-04-04T00:19:01.849+0000] {dag.py:3047} INFO - Sync 1 DAGs
[2024-04-04T00:19:01.865+0000] {logging_mixin.py:188} INFO - [2024-04-04T00:19:01.864+0000] {dag.py:3834} INFO - Setting next_dagrun for example_python_operator to None, run_after=None
[2024-04-04T00:19:01.899+0000] {processor.py:183} INFO - Processing /home/datatalks_jan/anaconda3/lib/python3.11/site-packages/airflow/example_dags/example_python_operator.py took 0.103 seconds
[2024-04-04T00:19:52.405+0000] {processor.py:161} INFO - Started process (PID=104508) to work on /home/datatalks_jan/anaconda3/lib/python3.11/site-packages/airflow/example_dags/example_python_operator.py
[2024-04-04T00:19:52.408+0000] {processor.py:830} INFO - Processing file /home/datatalks_jan/anaconda3/lib/python3.11/site-packages/airflow/example_dags/example_python_operator.py for tasks to queue
[2024-04-04T00:19:52.410+0000] {logging_mixin.py:188} INFO - [2024-04-04T00:19:52.409+0000] {dagbag.py:540} INFO - Filling up the DagBag from /home/datatalks_jan/anaconda3/lib/python3.11/site-packages/airflow/example_dags/example_python_operator.py
[2024-04-04T00:19:52.426+0000] {logging_mixin.py:188} INFO - [2024-04-04T00:19:52.426+0000] {example_python_operator.py:88} WARNING - The virtalenv_python example task requires virtualenv, please install it.
[2024-04-04T00:19:52.428+0000] {processor.py:840} INFO - DAG(s) 'example_python_operator' retrieved from /home/datatalks_jan/anaconda3/lib/python3.11/site-packages/airflow/example_dags/example_python_operator.py
[2024-04-04T00:19:52.461+0000] {logging_mixin.py:188} INFO - [2024-04-04T00:19:52.461+0000] {dag.py:3047} INFO - Sync 1 DAGs
[2024-04-04T00:19:52.480+0000] {logging_mixin.py:188} INFO - [2024-04-04T00:19:52.479+0000] {dag.py:3834} INFO - Setting next_dagrun for example_python_operator to None, run_after=None
[2024-04-04T00:19:52.519+0000] {processor.py:183} INFO - Processing /home/datatalks_jan/anaconda3/lib/python3.11/site-packages/airflow/example_dags/example_python_operator.py took 0.120 seconds
[2024-04-04T00:20:34.020+0000] {processor.py:161} INFO - Started process (PID=104609) to work on /home/datatalks_jan/anaconda3/lib/python3.11/site-packages/airflow/example_dags/example_python_operator.py
[2024-04-04T00:20:34.023+0000] {processor.py:830} INFO - Processing file /home/datatalks_jan/anaconda3/lib/python3.11/site-packages/airflow/example_dags/example_python_operator.py for tasks to queue
[2024-04-04T00:20:34.024+0000] {logging_mixin.py:188} INFO - [2024-04-04T00:20:34.024+0000] {dagbag.py:540} INFO - Filling up the DagBag from /home/datatalks_jan/anaconda3/lib/python3.11/site-packages/airflow/example_dags/example_python_operator.py
[2024-04-04T00:20:34.041+0000] {logging_mixin.py:188} INFO - [2024-04-04T00:20:34.041+0000] {example_python_operator.py:88} WARNING - The virtalenv_python example task requires virtualenv, please install it.
[2024-04-04T00:20:34.042+0000] {processor.py:840} INFO - DAG(s) 'example_python_operator' retrieved from /home/datatalks_jan/anaconda3/lib/python3.11/site-packages/airflow/example_dags/example_python_operator.py
[2024-04-04T00:20:34.070+0000] {logging_mixin.py:188} INFO - [2024-04-04T00:20:34.070+0000] {dag.py:3047} INFO - Sync 1 DAGs
[2024-04-04T00:20:34.086+0000] {logging_mixin.py:188} INFO - [2024-04-04T00:20:34.086+0000] {dag.py:3834} INFO - Setting next_dagrun for example_python_operator to None, run_after=None
[2024-04-04T00:20:34.119+0000] {processor.py:183} INFO - Processing /home/datatalks_jan/anaconda3/lib/python3.11/site-packages/airflow/example_dags/example_python_operator.py took 0.105 seconds
[2024-04-04T00:21:20.842+0000] {processor.py:161} INFO - Started process (PID=104709) to work on /home/datatalks_jan/anaconda3/lib/python3.11/site-packages/airflow/example_dags/example_python_operator.py
[2024-04-04T00:21:20.845+0000] {processor.py:830} INFO - Processing file /home/datatalks_jan/anaconda3/lib/python3.11/site-packages/airflow/example_dags/example_python_operator.py for tasks to queue
[2024-04-04T00:21:20.846+0000] {logging_mixin.py:188} INFO - [2024-04-04T00:21:20.845+0000] {dagbag.py:540} INFO - Filling up the DagBag from /home/datatalks_jan/anaconda3/lib/python3.11/site-packages/airflow/example_dags/example_python_operator.py
[2024-04-04T00:21:20.860+0000] {logging_mixin.py:188} INFO - [2024-04-04T00:21:20.860+0000] {example_python_operator.py:88} WARNING - The virtalenv_python example task requires virtualenv, please install it.
[2024-04-04T00:21:20.861+0000] {processor.py:840} INFO - DAG(s) 'example_python_operator' retrieved from /home/datatalks_jan/anaconda3/lib/python3.11/site-packages/airflow/example_dags/example_python_operator.py
[2024-04-04T00:21:20.885+0000] {logging_mixin.py:188} INFO - [2024-04-04T00:21:20.885+0000] {dag.py:3047} INFO - Sync 1 DAGs
[2024-04-04T00:21:20.899+0000] {logging_mixin.py:188} INFO - [2024-04-04T00:21:20.899+0000] {dag.py:3834} INFO - Setting next_dagrun for example_python_operator to None, run_after=None
[2024-04-04T00:21:20.927+0000] {processor.py:183} INFO - Processing /home/datatalks_jan/anaconda3/lib/python3.11/site-packages/airflow/example_dags/example_python_operator.py took 0.090 seconds
[2024-04-04T00:22:08.614+0000] {processor.py:161} INFO - Started process (PID=104759) to work on /home/datatalks_jan/anaconda3/lib/python3.11/site-packages/airflow/example_dags/example_python_operator.py
[2024-04-04T00:22:08.617+0000] {processor.py:830} INFO - Processing file /home/datatalks_jan/anaconda3/lib/python3.11/site-packages/airflow/example_dags/example_python_operator.py for tasks to queue
[2024-04-04T00:22:08.618+0000] {logging_mixin.py:188} INFO - [2024-04-04T00:22:08.617+0000] {dagbag.py:540} INFO - Filling up the DagBag from /home/datatalks_jan/anaconda3/lib/python3.11/site-packages/airflow/example_dags/example_python_operator.py
[2024-04-04T00:22:08.632+0000] {logging_mixin.py:188} INFO - [2024-04-04T00:22:08.632+0000] {example_python_operator.py:88} WARNING - The virtalenv_python example task requires virtualenv, please install it.
[2024-04-04T00:22:08.633+0000] {processor.py:840} INFO - DAG(s) 'example_python_operator' retrieved from /home/datatalks_jan/anaconda3/lib/python3.11/site-packages/airflow/example_dags/example_python_operator.py
[2024-04-04T00:22:08.658+0000] {logging_mixin.py:188} INFO - [2024-04-04T00:22:08.658+0000] {dag.py:3047} INFO - Sync 1 DAGs
[2024-04-04T00:22:08.673+0000] {logging_mixin.py:188} INFO - [2024-04-04T00:22:08.672+0000] {dag.py:3834} INFO - Setting next_dagrun for example_python_operator to None, run_after=None
[2024-04-04T00:22:08.700+0000] {processor.py:183} INFO - Processing /home/datatalks_jan/anaconda3/lib/python3.11/site-packages/airflow/example_dags/example_python_operator.py took 0.091 seconds
[2024-04-04T00:22:54.541+0000] {processor.py:161} INFO - Started process (PID=104805) to work on /home/datatalks_jan/anaconda3/lib/python3.11/site-packages/airflow/example_dags/example_python_operator.py
[2024-04-04T00:22:54.544+0000] {processor.py:830} INFO - Processing file /home/datatalks_jan/anaconda3/lib/python3.11/site-packages/airflow/example_dags/example_python_operator.py for tasks to queue
[2024-04-04T00:22:54.545+0000] {logging_mixin.py:188} INFO - [2024-04-04T00:22:54.545+0000] {dagbag.py:540} INFO - Filling up the DagBag from /home/datatalks_jan/anaconda3/lib/python3.11/site-packages/airflow/example_dags/example_python_operator.py
[2024-04-04T00:22:54.562+0000] {logging_mixin.py:188} INFO - [2024-04-04T00:22:54.561+0000] {example_python_operator.py:88} WARNING - The virtalenv_python example task requires virtualenv, please install it.
[2024-04-04T00:22:54.563+0000] {processor.py:840} INFO - DAG(s) 'example_python_operator' retrieved from /home/datatalks_jan/anaconda3/lib/python3.11/site-packages/airflow/example_dags/example_python_operator.py
[2024-04-04T00:22:54.591+0000] {logging_mixin.py:188} INFO - [2024-04-04T00:22:54.591+0000] {dag.py:3047} INFO - Sync 1 DAGs
[2024-04-04T00:22:54.607+0000] {logging_mixin.py:188} INFO - [2024-04-04T00:22:54.607+0000] {dag.py:3834} INFO - Setting next_dagrun for example_python_operator to None, run_after=None
[2024-04-04T00:22:54.637+0000] {processor.py:183} INFO - Processing /home/datatalks_jan/anaconda3/lib/python3.11/site-packages/airflow/example_dags/example_python_operator.py took 0.103 seconds
[2024-04-04T00:23:42.887+0000] {processor.py:161} INFO - Started process (PID=104895) to work on /home/datatalks_jan/anaconda3/lib/python3.11/site-packages/airflow/example_dags/example_python_operator.py
[2024-04-04T00:23:42.889+0000] {processor.py:830} INFO - Processing file /home/datatalks_jan/anaconda3/lib/python3.11/site-packages/airflow/example_dags/example_python_operator.py for tasks to queue
[2024-04-04T00:23:42.891+0000] {logging_mixin.py:188} INFO - [2024-04-04T00:23:42.890+0000] {dagbag.py:540} INFO - Filling up the DagBag from /home/datatalks_jan/anaconda3/lib/python3.11/site-packages/airflow/example_dags/example_python_operator.py
[2024-04-04T00:23:42.906+0000] {logging_mixin.py:188} INFO - [2024-04-04T00:23:42.905+0000] {example_python_operator.py:88} WARNING - The virtalenv_python example task requires virtualenv, please install it.
[2024-04-04T00:23:42.906+0000] {processor.py:840} INFO - DAG(s) 'example_python_operator' retrieved from /home/datatalks_jan/anaconda3/lib/python3.11/site-packages/airflow/example_dags/example_python_operator.py
[2024-04-04T00:23:42.931+0000] {logging_mixin.py:188} INFO - [2024-04-04T00:23:42.930+0000] {dag.py:3047} INFO - Sync 1 DAGs
[2024-04-04T00:23:42.945+0000] {logging_mixin.py:188} INFO - [2024-04-04T00:23:42.944+0000] {dag.py:3834} INFO - Setting next_dagrun for example_python_operator to None, run_after=None
[2024-04-04T00:23:42.973+0000] {processor.py:183} INFO - Processing /home/datatalks_jan/anaconda3/lib/python3.11/site-packages/airflow/example_dags/example_python_operator.py took 0.091 seconds
[2024-04-04T00:24:32.998+0000] {processor.py:161} INFO - Started process (PID=104966) to work on /home/datatalks_jan/anaconda3/lib/python3.11/site-packages/airflow/example_dags/example_python_operator.py
[2024-04-04T00:24:33.001+0000] {processor.py:830} INFO - Processing file /home/datatalks_jan/anaconda3/lib/python3.11/site-packages/airflow/example_dags/example_python_operator.py for tasks to queue
[2024-04-04T00:24:33.002+0000] {logging_mixin.py:188} INFO - [2024-04-04T00:24:33.002+0000] {dagbag.py:540} INFO - Filling up the DagBag from /home/datatalks_jan/anaconda3/lib/python3.11/site-packages/airflow/example_dags/example_python_operator.py
[2024-04-04T00:24:33.018+0000] {logging_mixin.py:188} INFO - [2024-04-04T00:24:33.018+0000] {example_python_operator.py:88} WARNING - The virtalenv_python example task requires virtualenv, please install it.
[2024-04-04T00:24:33.019+0000] {processor.py:840} INFO - DAG(s) 'example_python_operator' retrieved from /home/datatalks_jan/anaconda3/lib/python3.11/site-packages/airflow/example_dags/example_python_operator.py
[2024-04-04T00:24:33.046+0000] {logging_mixin.py:188} INFO - [2024-04-04T00:24:33.046+0000] {dag.py:3047} INFO - Sync 1 DAGs
[2024-04-04T00:24:33.062+0000] {logging_mixin.py:188} INFO - [2024-04-04T00:24:33.062+0000] {dag.py:3834} INFO - Setting next_dagrun for example_python_operator to None, run_after=None
[2024-04-04T00:24:33.091+0000] {processor.py:183} INFO - Processing /home/datatalks_jan/anaconda3/lib/python3.11/site-packages/airflow/example_dags/example_python_operator.py took 0.100 seconds
[2024-04-04T00:25:22.831+0000] {processor.py:161} INFO - Started process (PID=105019) to work on /home/datatalks_jan/anaconda3/lib/python3.11/site-packages/airflow/example_dags/example_python_operator.py
[2024-04-04T00:25:22.833+0000] {processor.py:830} INFO - Processing file /home/datatalks_jan/anaconda3/lib/python3.11/site-packages/airflow/example_dags/example_python_operator.py for tasks to queue
[2024-04-04T00:25:22.835+0000] {logging_mixin.py:188} INFO - [2024-04-04T00:25:22.834+0000] {dagbag.py:540} INFO - Filling up the DagBag from /home/datatalks_jan/anaconda3/lib/python3.11/site-packages/airflow/example_dags/example_python_operator.py
[2024-04-04T00:25:22.849+0000] {logging_mixin.py:188} INFO - [2024-04-04T00:25:22.849+0000] {example_python_operator.py:88} WARNING - The virtalenv_python example task requires virtualenv, please install it.
[2024-04-04T00:25:22.850+0000] {processor.py:840} INFO - DAG(s) 'example_python_operator' retrieved from /home/datatalks_jan/anaconda3/lib/python3.11/site-packages/airflow/example_dags/example_python_operator.py
[2024-04-04T00:25:22.876+0000] {logging_mixin.py:188} INFO - [2024-04-04T00:25:22.875+0000] {dag.py:3047} INFO - Sync 1 DAGs
[2024-04-04T00:25:22.890+0000] {logging_mixin.py:188} INFO - [2024-04-04T00:25:22.890+0000] {dag.py:3834} INFO - Setting next_dagrun for example_python_operator to None, run_after=None
[2024-04-04T00:25:22.918+0000] {processor.py:183} INFO - Processing /home/datatalks_jan/anaconda3/lib/python3.11/site-packages/airflow/example_dags/example_python_operator.py took 0.094 seconds
[2024-04-04T00:26:08.560+0000] {processor.py:161} INFO - Started process (PID=105119) to work on /home/datatalks_jan/anaconda3/lib/python3.11/site-packages/airflow/example_dags/example_python_operator.py
[2024-04-04T00:26:08.562+0000] {processor.py:830} INFO - Processing file /home/datatalks_jan/anaconda3/lib/python3.11/site-packages/airflow/example_dags/example_python_operator.py for tasks to queue
[2024-04-04T00:26:08.563+0000] {logging_mixin.py:188} INFO - [2024-04-04T00:26:08.562+0000] {dagbag.py:540} INFO - Filling up the DagBag from /home/datatalks_jan/anaconda3/lib/python3.11/site-packages/airflow/example_dags/example_python_operator.py
[2024-04-04T00:26:08.578+0000] {logging_mixin.py:188} INFO - [2024-04-04T00:26:08.577+0000] {example_python_operator.py:88} WARNING - The virtalenv_python example task requires virtualenv, please install it.
[2024-04-04T00:26:08.578+0000] {processor.py:840} INFO - DAG(s) 'example_python_operator' retrieved from /home/datatalks_jan/anaconda3/lib/python3.11/site-packages/airflow/example_dags/example_python_operator.py
[2024-04-04T00:26:08.601+0000] {logging_mixin.py:188} INFO - [2024-04-04T00:26:08.601+0000] {dag.py:3047} INFO - Sync 1 DAGs
[2024-04-04T00:26:08.615+0000] {logging_mixin.py:188} INFO - [2024-04-04T00:26:08.614+0000] {dag.py:3834} INFO - Setting next_dagrun for example_python_operator to None, run_after=None
[2024-04-04T00:26:08.640+0000] {processor.py:183} INFO - Processing /home/datatalks_jan/anaconda3/lib/python3.11/site-packages/airflow/example_dags/example_python_operator.py took 0.085 seconds
[2024-04-04T00:26:51.121+0000] {processor.py:161} INFO - Started process (PID=105169) to work on /home/datatalks_jan/anaconda3/lib/python3.11/site-packages/airflow/example_dags/example_python_operator.py
[2024-04-04T00:26:51.123+0000] {processor.py:830} INFO - Processing file /home/datatalks_jan/anaconda3/lib/python3.11/site-packages/airflow/example_dags/example_python_operator.py for tasks to queue
[2024-04-04T00:26:51.125+0000] {logging_mixin.py:188} INFO - [2024-04-04T00:26:51.124+0000] {dagbag.py:540} INFO - Filling up the DagBag from /home/datatalks_jan/anaconda3/lib/python3.11/site-packages/airflow/example_dags/example_python_operator.py
[2024-04-04T00:26:51.141+0000] {logging_mixin.py:188} INFO - [2024-04-04T00:26:51.141+0000] {example_python_operator.py:88} WARNING - The virtalenv_python example task requires virtualenv, please install it.
[2024-04-04T00:26:51.143+0000] {processor.py:840} INFO - DAG(s) 'example_python_operator' retrieved from /home/datatalks_jan/anaconda3/lib/python3.11/site-packages/airflow/example_dags/example_python_operator.py
[2024-04-04T00:26:51.170+0000] {logging_mixin.py:188} INFO - [2024-04-04T00:26:51.170+0000] {dag.py:3047} INFO - Sync 1 DAGs
[2024-04-04T00:26:51.185+0000] {logging_mixin.py:188} INFO - [2024-04-04T00:26:51.185+0000] {dag.py:3834} INFO - Setting next_dagrun for example_python_operator to None, run_after=None
[2024-04-04T00:26:51.217+0000] {processor.py:183} INFO - Processing /home/datatalks_jan/anaconda3/lib/python3.11/site-packages/airflow/example_dags/example_python_operator.py took 0.102 seconds
[2024-04-04T00:27:36.508+0000] {processor.py:161} INFO - Started process (PID=105216) to work on /home/datatalks_jan/anaconda3/lib/python3.11/site-packages/airflow/example_dags/example_python_operator.py
[2024-04-04T00:27:36.511+0000] {processor.py:830} INFO - Processing file /home/datatalks_jan/anaconda3/lib/python3.11/site-packages/airflow/example_dags/example_python_operator.py for tasks to queue
[2024-04-04T00:27:36.513+0000] {logging_mixin.py:188} INFO - [2024-04-04T00:27:36.512+0000] {dagbag.py:540} INFO - Filling up the DagBag from /home/datatalks_jan/anaconda3/lib/python3.11/site-packages/airflow/example_dags/example_python_operator.py
[2024-04-04T00:27:36.529+0000] {logging_mixin.py:188} INFO - [2024-04-04T00:27:36.529+0000] {example_python_operator.py:88} WARNING - The virtalenv_python example task requires virtualenv, please install it.
[2024-04-04T00:27:36.530+0000] {processor.py:840} INFO - DAG(s) 'example_python_operator' retrieved from /home/datatalks_jan/anaconda3/lib/python3.11/site-packages/airflow/example_dags/example_python_operator.py
[2024-04-04T00:27:36.561+0000] {logging_mixin.py:188} INFO - [2024-04-04T00:27:36.561+0000] {dag.py:3047} INFO - Sync 1 DAGs
[2024-04-04T00:27:36.578+0000] {logging_mixin.py:188} INFO - [2024-04-04T00:27:36.577+0000] {dag.py:3834} INFO - Setting next_dagrun for example_python_operator to None, run_after=None
[2024-04-04T00:27:36.611+0000] {processor.py:183} INFO - Processing /home/datatalks_jan/anaconda3/lib/python3.11/site-packages/airflow/example_dags/example_python_operator.py took 0.109 seconds
[2024-04-04T00:28:25.421+0000] {processor.py:161} INFO - Started process (PID=105295) to work on /home/datatalks_jan/anaconda3/lib/python3.11/site-packages/airflow/example_dags/example_python_operator.py
[2024-04-04T00:28:25.427+0000] {processor.py:830} INFO - Processing file /home/datatalks_jan/anaconda3/lib/python3.11/site-packages/airflow/example_dags/example_python_operator.py for tasks to queue
[2024-04-04T00:28:25.430+0000] {logging_mixin.py:188} INFO - [2024-04-04T00:28:25.428+0000] {dagbag.py:540} INFO - Filling up the DagBag from /home/datatalks_jan/anaconda3/lib/python3.11/site-packages/airflow/example_dags/example_python_operator.py
[2024-04-04T00:28:25.448+0000] {logging_mixin.py:188} INFO - [2024-04-04T00:28:25.447+0000] {example_python_operator.py:88} WARNING - The virtalenv_python example task requires virtualenv, please install it.
[2024-04-04T00:28:25.449+0000] {processor.py:840} INFO - DAG(s) 'example_python_operator' retrieved from /home/datatalks_jan/anaconda3/lib/python3.11/site-packages/airflow/example_dags/example_python_operator.py
[2024-04-04T00:28:25.477+0000] {logging_mixin.py:188} INFO - [2024-04-04T00:28:25.476+0000] {dag.py:3047} INFO - Sync 1 DAGs
[2024-04-04T00:28:25.494+0000] {logging_mixin.py:188} INFO - [2024-04-04T00:28:25.493+0000] {dag.py:3834} INFO - Setting next_dagrun for example_python_operator to None, run_after=None
[2024-04-04T00:28:25.528+0000] {processor.py:183} INFO - Processing /home/datatalks_jan/anaconda3/lib/python3.11/site-packages/airflow/example_dags/example_python_operator.py took 0.122 seconds
[2024-04-04T00:29:19.373+0000] {processor.py:161} INFO - Started process (PID=105662) to work on /home/datatalks_jan/anaconda3/lib/python3.11/site-packages/airflow/example_dags/example_python_operator.py
[2024-04-04T00:29:19.376+0000] {processor.py:830} INFO - Processing file /home/datatalks_jan/anaconda3/lib/python3.11/site-packages/airflow/example_dags/example_python_operator.py for tasks to queue
[2024-04-04T00:29:19.378+0000] {logging_mixin.py:188} INFO - [2024-04-04T00:29:19.377+0000] {dagbag.py:540} INFO - Filling up the DagBag from /home/datatalks_jan/anaconda3/lib/python3.11/site-packages/airflow/example_dags/example_python_operator.py
[2024-04-04T00:29:19.394+0000] {logging_mixin.py:188} INFO - [2024-04-04T00:29:19.394+0000] {example_python_operator.py:88} WARNING - The virtalenv_python example task requires virtualenv, please install it.
[2024-04-04T00:29:19.395+0000] {processor.py:840} INFO - DAG(s) 'example_python_operator' retrieved from /home/datatalks_jan/anaconda3/lib/python3.11/site-packages/airflow/example_dags/example_python_operator.py
[2024-04-04T00:29:19.422+0000] {logging_mixin.py:188} INFO - [2024-04-04T00:29:19.422+0000] {dag.py:3047} INFO - Sync 1 DAGs
[2024-04-04T00:29:19.440+0000] {logging_mixin.py:188} INFO - [2024-04-04T00:29:19.439+0000] {dag.py:3834} INFO - Setting next_dagrun for example_python_operator to None, run_after=None
[2024-04-04T00:29:19.470+0000] {processor.py:183} INFO - Processing /home/datatalks_jan/anaconda3/lib/python3.11/site-packages/airflow/example_dags/example_python_operator.py took 0.103 seconds
[2024-04-04T00:30:03.780+0000] {processor.py:161} INFO - Started process (PID=105813) to work on /home/datatalks_jan/anaconda3/lib/python3.11/site-packages/airflow/example_dags/example_python_operator.py
[2024-04-04T00:30:03.782+0000] {processor.py:830} INFO - Processing file /home/datatalks_jan/anaconda3/lib/python3.11/site-packages/airflow/example_dags/example_python_operator.py for tasks to queue
[2024-04-04T00:30:03.783+0000] {logging_mixin.py:188} INFO - [2024-04-04T00:30:03.783+0000] {dagbag.py:540} INFO - Filling up the DagBag from /home/datatalks_jan/anaconda3/lib/python3.11/site-packages/airflow/example_dags/example_python_operator.py
[2024-04-04T00:30:03.802+0000] {logging_mixin.py:188} INFO - [2024-04-04T00:30:03.801+0000] {example_python_operator.py:88} WARNING - The virtalenv_python example task requires virtualenv, please install it.
[2024-04-04T00:30:03.803+0000] {processor.py:840} INFO - DAG(s) 'example_python_operator' retrieved from /home/datatalks_jan/anaconda3/lib/python3.11/site-packages/airflow/example_dags/example_python_operator.py
[2024-04-04T00:30:03.828+0000] {logging_mixin.py:188} INFO - [2024-04-04T00:30:03.828+0000] {dag.py:3047} INFO - Sync 1 DAGs
[2024-04-04T00:30:03.842+0000] {logging_mixin.py:188} INFO - [2024-04-04T00:30:03.841+0000] {dag.py:3834} INFO - Setting next_dagrun for example_python_operator to None, run_after=None
[2024-04-04T00:30:03.870+0000] {processor.py:183} INFO - Processing /home/datatalks_jan/anaconda3/lib/python3.11/site-packages/airflow/example_dags/example_python_operator.py took 0.095 seconds
[2024-04-04T00:31:06.258+0000] {processor.py:161} INFO - Started process (PID=105936) to work on /home/datatalks_jan/anaconda3/lib/python3.11/site-packages/airflow/example_dags/example_python_operator.py
[2024-04-04T00:31:06.260+0000] {processor.py:830} INFO - Processing file /home/datatalks_jan/anaconda3/lib/python3.11/site-packages/airflow/example_dags/example_python_operator.py for tasks to queue
[2024-04-04T00:31:06.262+0000] {logging_mixin.py:188} INFO - [2024-04-04T00:31:06.261+0000] {dagbag.py:540} INFO - Filling up the DagBag from /home/datatalks_jan/anaconda3/lib/python3.11/site-packages/airflow/example_dags/example_python_operator.py
[2024-04-04T00:31:06.275+0000] {logging_mixin.py:188} INFO - [2024-04-04T00:31:06.275+0000] {example_python_operator.py:88} WARNING - The virtalenv_python example task requires virtualenv, please install it.
[2024-04-04T00:31:06.276+0000] {processor.py:840} INFO - DAG(s) 'example_python_operator' retrieved from /home/datatalks_jan/anaconda3/lib/python3.11/site-packages/airflow/example_dags/example_python_operator.py
[2024-04-04T00:31:06.301+0000] {logging_mixin.py:188} INFO - [2024-04-04T00:31:06.300+0000] {dag.py:3047} INFO - Sync 1 DAGs
[2024-04-04T00:31:06.315+0000] {logging_mixin.py:188} INFO - [2024-04-04T00:31:06.315+0000] {dag.py:3834} INFO - Setting next_dagrun for example_python_operator to None, run_after=None
[2024-04-04T00:31:06.342+0000] {processor.py:183} INFO - Processing /home/datatalks_jan/anaconda3/lib/python3.11/site-packages/airflow/example_dags/example_python_operator.py took 0.089 seconds
