[2024-04-04T00:06:36.346+0000] {processor.py:161} INFO - Started process (PID=99573) to work on /home/datatalks_jan/anaconda3/lib/python3.11/site-packages/airflow/example_dags/example_bash_operator.py
[2024-04-04T00:06:36.348+0000] {processor.py:830} INFO - Processing file /home/datatalks_jan/anaconda3/lib/python3.11/site-packages/airflow/example_dags/example_bash_operator.py for tasks to queue
[2024-04-04T00:06:36.349+0000] {logging_mixin.py:188} INFO - [2024-04-04T00:06:36.349+0000] {dagbag.py:540} INFO - Filling up the DagBag from /home/datatalks_jan/anaconda3/lib/python3.11/site-packages/airflow/example_dags/example_bash_operator.py
[2024-04-04T00:06:36.375+0000] {processor.py:840} INFO - DAG(s) 'example_bash_operator' retrieved from /home/datatalks_jan/anaconda3/lib/python3.11/site-packages/airflow/example_dags/example_bash_operator.py
[2024-04-04T00:06:36.409+0000] {logging_mixin.py:188} INFO - [2024-04-04T00:06:36.409+0000] {dag.py:3047} INFO - Sync 1 DAGs
[2024-04-04T00:06:36.436+0000] {logging_mixin.py:188} INFO - [2024-04-04T00:06:36.436+0000] {dag.py:3834} INFO - Setting next_dagrun for example_bash_operator to 2024-04-03 00:00:00+00:00, run_after=2024-04-04 00:00:00+00:00
[2024-04-04T00:06:36.465+0000] {processor.py:183} INFO - Processing /home/datatalks_jan/anaconda3/lib/python3.11/site-packages/airflow/example_dags/example_bash_operator.py took 0.124 seconds
[2024-04-04T00:07:43.052+0000] {processor.py:161} INFO - Started process (PID=99963) to work on /home/datatalks_jan/anaconda3/lib/python3.11/site-packages/airflow/example_dags/example_bash_operator.py
[2024-04-04T00:07:43.054+0000] {processor.py:830} INFO - Processing file /home/datatalks_jan/anaconda3/lib/python3.11/site-packages/airflow/example_dags/example_bash_operator.py for tasks to queue
[2024-04-04T00:07:43.056+0000] {logging_mixin.py:188} INFO - [2024-04-04T00:07:43.055+0000] {dagbag.py:540} INFO - Filling up the DagBag from /home/datatalks_jan/anaconda3/lib/python3.11/site-packages/airflow/example_dags/example_bash_operator.py
[2024-04-04T00:07:43.072+0000] {processor.py:840} INFO - DAG(s) 'example_bash_operator' retrieved from /home/datatalks_jan/anaconda3/lib/python3.11/site-packages/airflow/example_dags/example_bash_operator.py
[2024-04-04T00:07:43.100+0000] {logging_mixin.py:188} INFO - [2024-04-04T00:07:43.100+0000] {dag.py:3047} INFO - Sync 1 DAGs
[2024-04-04T00:07:43.123+0000] {logging_mixin.py:188} INFO - [2024-04-04T00:07:43.123+0000] {dag.py:3834} INFO - Setting next_dagrun for example_bash_operator to 2024-04-03 00:00:00+00:00, run_after=2024-04-04 00:00:00+00:00
[2024-04-04T00:07:43.148+0000] {processor.py:183} INFO - Processing /home/datatalks_jan/anaconda3/lib/python3.11/site-packages/airflow/example_dags/example_bash_operator.py took 0.100 seconds
[2024-04-04T00:08:51.626+0000] {processor.py:161} INFO - Started process (PID=100368) to work on /home/datatalks_jan/anaconda3/lib/python3.11/site-packages/airflow/example_dags/example_bash_operator.py
[2024-04-04T00:08:51.629+0000] {processor.py:830} INFO - Processing file /home/datatalks_jan/anaconda3/lib/python3.11/site-packages/airflow/example_dags/example_bash_operator.py for tasks to queue
[2024-04-04T00:08:51.630+0000] {logging_mixin.py:188} INFO - [2024-04-04T00:08:51.629+0000] {dagbag.py:540} INFO - Filling up the DagBag from /home/datatalks_jan/anaconda3/lib/python3.11/site-packages/airflow/example_dags/example_bash_operator.py
[2024-04-04T00:08:51.647+0000] {processor.py:840} INFO - DAG(s) 'example_bash_operator' retrieved from /home/datatalks_jan/anaconda3/lib/python3.11/site-packages/airflow/example_dags/example_bash_operator.py
[2024-04-04T00:08:51.877+0000] {logging_mixin.py:188} INFO - [2024-04-04T00:08:51.877+0000] {dag.py:3047} INFO - Sync 1 DAGs
[2024-04-04T00:08:51.897+0000] {logging_mixin.py:188} INFO - [2024-04-04T00:08:51.896+0000] {dag.py:3834} INFO - Setting next_dagrun for example_bash_operator to 2024-04-03 00:00:00+00:00, run_after=2024-04-04 00:00:00+00:00
[2024-04-04T00:08:51.920+0000] {processor.py:183} INFO - Processing /home/datatalks_jan/anaconda3/lib/python3.11/site-packages/airflow/example_dags/example_bash_operator.py took 0.299 seconds
