[2024-04-04T00:06:05.016+0000] {processor.py:161} INFO - Started process (PID=99533) to work on /home/datatalks_jan/anaconda3/lib/python3.11/site-packages/airflow/example_dags/example_subdag_operator.py
[2024-04-04T00:06:05.017+0000] {processor.py:830} INFO - Processing file /home/datatalks_jan/anaconda3/lib/python3.11/site-packages/airflow/example_dags/example_subdag_operator.py for tasks to queue
[2024-04-04T00:06:05.018+0000] {logging_mixin.py:188} INFO - [2024-04-04T00:06:05.018+0000] {dagbag.py:540} INFO - Filling up the DagBag from /home/datatalks_jan/anaconda3/lib/python3.11/site-packages/airflow/example_dags/example_subdag_operator.py
[2024-04-04T00:06:05.051+0000] {processor.py:840} INFO - DAG(s) 'example_subdag_operator.section-1', 'example_subdag_operator.section-2', 'example_subdag_operator' retrieved from /home/datatalks_jan/anaconda3/lib/python3.11/site-packages/airflow/example_dags/example_subdag_operator.py
[2024-04-04T00:06:05.080+0000] {logging_mixin.py:188} INFO - [2024-04-04T00:06:05.080+0000] {dag.py:3047} INFO - Sync 3 DAGs
[2024-04-04T00:06:05.103+0000] {logging_mixin.py:188} INFO - [2024-04-04T00:06:05.103+0000] {dag.py:3834} INFO - Setting next_dagrun for example_subdag_operator to 2022-01-01 00:00:00+00:00, run_after=2022-01-01 00:00:00+00:00
[2024-04-04T00:06:05.109+0000] {logging_mixin.py:188} INFO - [2024-04-04T00:06:05.109+0000] {dag.py:3834} INFO - Setting next_dagrun for example_subdag_operator.section-1 to None, run_after=None
[2024-04-04T00:06:05.110+0000] {logging_mixin.py:188} INFO - [2024-04-04T00:06:05.110+0000] {dag.py:3834} INFO - Setting next_dagrun for example_subdag_operator.section-2 to None, run_after=None
[2024-04-04T00:06:05.117+0000] {logging_mixin.py:188} INFO - [2024-04-04T00:06:05.117+0000] {dag.py:3047} INFO - Sync 2 DAGs
[2024-04-04T00:06:05.122+0000] {logging_mixin.py:188} INFO - [2024-04-04T00:06:05.121+0000] {dag.py:3834} INFO - Setting next_dagrun for example_subdag_operator.section-1 to None, run_after=None
[2024-04-04T00:06:05.122+0000] {logging_mixin.py:188} INFO - [2024-04-04T00:06:05.122+0000] {dag.py:3834} INFO - Setting next_dagrun for example_subdag_operator.section-2 to None, run_after=None
[2024-04-04T00:06:05.141+0000] {processor.py:183} INFO - Processing /home/datatalks_jan/anaconda3/lib/python3.11/site-packages/airflow/example_dags/example_subdag_operator.py took 0.130 seconds
[2024-04-04T00:07:06.711+0000] {processor.py:161} INFO - Started process (PID=99808) to work on /home/datatalks_jan/anaconda3/lib/python3.11/site-packages/airflow/example_dags/example_subdag_operator.py
[2024-04-04T00:07:06.714+0000] {processor.py:830} INFO - Processing file /home/datatalks_jan/anaconda3/lib/python3.11/site-packages/airflow/example_dags/example_subdag_operator.py for tasks to queue
[2024-04-04T00:07:06.716+0000] {logging_mixin.py:188} INFO - [2024-04-04T00:07:06.715+0000] {dagbag.py:540} INFO - Filling up the DagBag from /home/datatalks_jan/anaconda3/lib/python3.11/site-packages/airflow/example_dags/example_subdag_operator.py
[2024-04-04T00:07:06.765+0000] {processor.py:840} INFO - DAG(s) 'example_subdag_operator.section-1', 'example_subdag_operator.section-2', 'example_subdag_operator' retrieved from /home/datatalks_jan/anaconda3/lib/python3.11/site-packages/airflow/example_dags/example_subdag_operator.py
[2024-04-04T00:07:06.800+0000] {logging_mixin.py:188} INFO - [2024-04-04T00:07:06.799+0000] {dag.py:3047} INFO - Sync 3 DAGs
[2024-04-04T00:07:06.842+0000] {logging_mixin.py:188} INFO - [2024-04-04T00:07:06.842+0000] {dag.py:3834} INFO - Setting next_dagrun for example_subdag_operator to 2022-01-01 00:00:00+00:00, run_after=2022-01-01 00:00:00+00:00
[2024-04-04T00:07:06.849+0000] {logging_mixin.py:188} INFO - [2024-04-04T00:07:06.848+0000] {dag.py:3834} INFO - Setting next_dagrun for example_subdag_operator.section-1 to None, run_after=None
[2024-04-04T00:07:06.851+0000] {logging_mixin.py:188} INFO - [2024-04-04T00:07:06.850+0000] {dag.py:3834} INFO - Setting next_dagrun for example_subdag_operator.section-2 to None, run_after=None
[2024-04-04T00:07:06.863+0000] {logging_mixin.py:188} INFO - [2024-04-04T00:07:06.862+0000] {dag.py:3047} INFO - Sync 2 DAGs
[2024-04-04T00:07:06.873+0000] {logging_mixin.py:188} INFO - [2024-04-04T00:07:06.872+0000] {dag.py:3834} INFO - Setting next_dagrun for example_subdag_operator.section-1 to None, run_after=None
[2024-04-04T00:07:06.874+0000] {logging_mixin.py:188} INFO - [2024-04-04T00:07:06.873+0000] {dag.py:3834} INFO - Setting next_dagrun for example_subdag_operator.section-2 to None, run_after=None
[2024-04-04T00:07:06.904+0000] {processor.py:183} INFO - Processing /home/datatalks_jan/anaconda3/lib/python3.11/site-packages/airflow/example_dags/example_subdag_operator.py took 0.200 seconds
[2024-04-04T00:08:14.667+0000] {processor.py:161} INFO - Started process (PID=100242) to work on /home/datatalks_jan/anaconda3/lib/python3.11/site-packages/airflow/example_dags/example_subdag_operator.py
[2024-04-04T00:08:14.669+0000] {processor.py:830} INFO - Processing file /home/datatalks_jan/anaconda3/lib/python3.11/site-packages/airflow/example_dags/example_subdag_operator.py for tasks to queue
[2024-04-04T00:08:14.671+0000] {logging_mixin.py:188} INFO - [2024-04-04T00:08:14.670+0000] {dagbag.py:540} INFO - Filling up the DagBag from /home/datatalks_jan/anaconda3/lib/python3.11/site-packages/airflow/example_dags/example_subdag_operator.py
[2024-04-04T00:08:14.708+0000] {processor.py:840} INFO - DAG(s) 'example_subdag_operator.section-1', 'example_subdag_operator.section-2', 'example_subdag_operator' retrieved from /home/datatalks_jan/anaconda3/lib/python3.11/site-packages/airflow/example_dags/example_subdag_operator.py
[2024-04-04T00:08:14.731+0000] {logging_mixin.py:188} INFO - [2024-04-04T00:08:14.730+0000] {dag.py:3047} INFO - Sync 3 DAGs
[2024-04-04T00:08:14.755+0000] {logging_mixin.py:188} INFO - [2024-04-04T00:08:14.755+0000] {dag.py:3834} INFO - Setting next_dagrun for example_subdag_operator to 2022-01-01 00:00:00+00:00, run_after=2022-01-01 00:00:00+00:00
[2024-04-04T00:08:14.759+0000] {logging_mixin.py:188} INFO - [2024-04-04T00:08:14.759+0000] {dag.py:3834} INFO - Setting next_dagrun for example_subdag_operator.section-1 to None, run_after=None
[2024-04-04T00:08:14.760+0000] {logging_mixin.py:188} INFO - [2024-04-04T00:08:14.760+0000] {dag.py:3834} INFO - Setting next_dagrun for example_subdag_operator.section-2 to None, run_after=None
[2024-04-04T00:08:14.767+0000] {logging_mixin.py:188} INFO - [2024-04-04T00:08:14.767+0000] {dag.py:3047} INFO - Sync 2 DAGs
[2024-04-04T00:08:14.772+0000] {logging_mixin.py:188} INFO - [2024-04-04T00:08:14.772+0000] {dag.py:3834} INFO - Setting next_dagrun for example_subdag_operator.section-1 to None, run_after=None
[2024-04-04T00:08:14.772+0000] {logging_mixin.py:188} INFO - [2024-04-04T00:08:14.772+0000] {dag.py:3834} INFO - Setting next_dagrun for example_subdag_operator.section-2 to None, run_after=None
[2024-04-04T00:08:14.791+0000] {processor.py:183} INFO - Processing /home/datatalks_jan/anaconda3/lib/python3.11/site-packages/airflow/example_dags/example_subdag_operator.py took 0.130 seconds
[2024-04-04T00:09:21.614+0000] {processor.py:161} INFO - Started process (PID=100551) to work on /home/datatalks_jan/anaconda3/lib/python3.11/site-packages/airflow/example_dags/example_subdag_operator.py
[2024-04-04T00:09:21.617+0000] {processor.py:830} INFO - Processing file /home/datatalks_jan/anaconda3/lib/python3.11/site-packages/airflow/example_dags/example_subdag_operator.py for tasks to queue
[2024-04-04T00:09:21.618+0000] {logging_mixin.py:188} INFO - [2024-04-04T00:09:21.618+0000] {dagbag.py:540} INFO - Filling up the DagBag from /home/datatalks_jan/anaconda3/lib/python3.11/site-packages/airflow/example_dags/example_subdag_operator.py
[2024-04-04T00:09:21.652+0000] {processor.py:840} INFO - DAG(s) 'example_subdag_operator.section-1', 'example_subdag_operator.section-2', 'example_subdag_operator' retrieved from /home/datatalks_jan/anaconda3/lib/python3.11/site-packages/airflow/example_dags/example_subdag_operator.py
[2024-04-04T00:09:21.673+0000] {logging_mixin.py:188} INFO - [2024-04-04T00:09:21.672+0000] {dag.py:3047} INFO - Sync 3 DAGs
[2024-04-04T00:09:21.696+0000] {logging_mixin.py:188} INFO - [2024-04-04T00:09:21.696+0000] {dag.py:3834} INFO - Setting next_dagrun for example_subdag_operator to 2022-01-01 00:00:00+00:00, run_after=2022-01-01 00:00:00+00:00
[2024-04-04T00:09:21.700+0000] {logging_mixin.py:188} INFO - [2024-04-04T00:09:21.700+0000] {dag.py:3834} INFO - Setting next_dagrun for example_subdag_operator.section-1 to None, run_after=None
[2024-04-04T00:09:21.701+0000] {logging_mixin.py:188} INFO - [2024-04-04T00:09:21.701+0000] {dag.py:3834} INFO - Setting next_dagrun for example_subdag_operator.section-2 to None, run_after=None
[2024-04-04T00:09:21.708+0000] {logging_mixin.py:188} INFO - [2024-04-04T00:09:21.707+0000] {dag.py:3047} INFO - Sync 2 DAGs
[2024-04-04T00:09:21.712+0000] {logging_mixin.py:188} INFO - [2024-04-04T00:09:21.712+0000] {dag.py:3834} INFO - Setting next_dagrun for example_subdag_operator.section-1 to None, run_after=None
[2024-04-04T00:09:21.713+0000] {logging_mixin.py:188} INFO - [2024-04-04T00:09:21.713+0000] {dag.py:3834} INFO - Setting next_dagrun for example_subdag_operator.section-2 to None, run_after=None
[2024-04-04T00:09:21.730+0000] {processor.py:183} INFO - Processing /home/datatalks_jan/anaconda3/lib/python3.11/site-packages/airflow/example_dags/example_subdag_operator.py took 0.121 seconds
[2024-04-04T00:10:15.176+0000] {processor.py:161} INFO - Started process (PID=100969) to work on /home/datatalks_jan/anaconda3/lib/python3.11/site-packages/airflow/example_dags/example_subdag_operator.py
[2024-04-04T00:10:15.178+0000] {processor.py:830} INFO - Processing file /home/datatalks_jan/anaconda3/lib/python3.11/site-packages/airflow/example_dags/example_subdag_operator.py for tasks to queue
[2024-04-04T00:10:15.179+0000] {logging_mixin.py:188} INFO - [2024-04-04T00:10:15.178+0000] {dagbag.py:540} INFO - Filling up the DagBag from /home/datatalks_jan/anaconda3/lib/python3.11/site-packages/airflow/example_dags/example_subdag_operator.py
[2024-04-04T00:10:15.211+0000] {processor.py:840} INFO - DAG(s) 'example_subdag_operator.section-1', 'example_subdag_operator.section-2', 'example_subdag_operator' retrieved from /home/datatalks_jan/anaconda3/lib/python3.11/site-packages/airflow/example_dags/example_subdag_operator.py
[2024-04-04T00:10:15.231+0000] {logging_mixin.py:188} INFO - [2024-04-04T00:10:15.230+0000] {dag.py:3047} INFO - Sync 3 DAGs
[2024-04-04T00:10:15.252+0000] {logging_mixin.py:188} INFO - [2024-04-04T00:10:15.252+0000] {dag.py:3834} INFO - Setting next_dagrun for example_subdag_operator to 2022-01-01 00:00:00+00:00, run_after=2022-01-01 00:00:00+00:00
[2024-04-04T00:10:15.256+0000] {logging_mixin.py:188} INFO - [2024-04-04T00:10:15.256+0000] {dag.py:3834} INFO - Setting next_dagrun for example_subdag_operator.section-1 to None, run_after=None
[2024-04-04T00:10:15.257+0000] {logging_mixin.py:188} INFO - [2024-04-04T00:10:15.257+0000] {dag.py:3834} INFO - Setting next_dagrun for example_subdag_operator.section-2 to None, run_after=None
[2024-04-04T00:10:15.264+0000] {logging_mixin.py:188} INFO - [2024-04-04T00:10:15.263+0000] {dag.py:3047} INFO - Sync 2 DAGs
[2024-04-04T00:10:15.268+0000] {logging_mixin.py:188} INFO - [2024-04-04T00:10:15.268+0000] {dag.py:3834} INFO - Setting next_dagrun for example_subdag_operator.section-1 to None, run_after=None
[2024-04-04T00:10:15.269+0000] {logging_mixin.py:188} INFO - [2024-04-04T00:10:15.268+0000] {dag.py:3834} INFO - Setting next_dagrun for example_subdag_operator.section-2 to None, run_after=None
[2024-04-04T00:10:15.300+0000] {processor.py:183} INFO - Processing /home/datatalks_jan/anaconda3/lib/python3.11/site-packages/airflow/example_dags/example_subdag_operator.py took 0.130 seconds
[2024-04-04T00:11:12.160+0000] {processor.py:161} INFO - Started process (PID=101496) to work on /home/datatalks_jan/anaconda3/lib/python3.11/site-packages/airflow/example_dags/example_subdag_operator.py
[2024-04-04T00:11:12.164+0000] {processor.py:830} INFO - Processing file /home/datatalks_jan/anaconda3/lib/python3.11/site-packages/airflow/example_dags/example_subdag_operator.py for tasks to queue
[2024-04-04T00:11:12.166+0000] {logging_mixin.py:188} INFO - [2024-04-04T00:11:12.165+0000] {dagbag.py:540} INFO - Filling up the DagBag from /home/datatalks_jan/anaconda3/lib/python3.11/site-packages/airflow/example_dags/example_subdag_operator.py
[2024-04-04T00:11:12.205+0000] {processor.py:840} INFO - DAG(s) 'example_subdag_operator.section-1', 'example_subdag_operator.section-2', 'example_subdag_operator' retrieved from /home/datatalks_jan/anaconda3/lib/python3.11/site-packages/airflow/example_dags/example_subdag_operator.py
[2024-04-04T00:11:12.229+0000] {logging_mixin.py:188} INFO - [2024-04-04T00:11:12.228+0000] {dag.py:3047} INFO - Sync 3 DAGs
[2024-04-04T00:11:12.254+0000] {logging_mixin.py:188} INFO - [2024-04-04T00:11:12.254+0000] {dag.py:3834} INFO - Setting next_dagrun for example_subdag_operator to 2022-01-01 00:00:00+00:00, run_after=2022-01-01 00:00:00+00:00
[2024-04-04T00:11:12.258+0000] {logging_mixin.py:188} INFO - [2024-04-04T00:11:12.258+0000] {dag.py:3834} INFO - Setting next_dagrun for example_subdag_operator.section-1 to None, run_after=None
[2024-04-04T00:11:12.259+0000] {logging_mixin.py:188} INFO - [2024-04-04T00:11:12.259+0000] {dag.py:3834} INFO - Setting next_dagrun for example_subdag_operator.section-2 to None, run_after=None
[2024-04-04T00:11:12.266+0000] {logging_mixin.py:188} INFO - [2024-04-04T00:11:12.266+0000] {dag.py:3047} INFO - Sync 2 DAGs
[2024-04-04T00:11:12.272+0000] {logging_mixin.py:188} INFO - [2024-04-04T00:11:12.271+0000] {dag.py:3834} INFO - Setting next_dagrun for example_subdag_operator.section-1 to None, run_after=None
[2024-04-04T00:11:12.272+0000] {logging_mixin.py:188} INFO - [2024-04-04T00:11:12.272+0000] {dag.py:3834} INFO - Setting next_dagrun for example_subdag_operator.section-2 to None, run_after=None
[2024-04-04T00:11:12.292+0000] {processor.py:183} INFO - Processing /home/datatalks_jan/anaconda3/lib/python3.11/site-packages/airflow/example_dags/example_subdag_operator.py took 0.138 seconds
[2024-04-04T00:12:00.149+0000] {processor.py:161} INFO - Started process (PID=101826) to work on /home/datatalks_jan/anaconda3/lib/python3.11/site-packages/airflow/example_dags/example_subdag_operator.py
[2024-04-04T00:12:00.152+0000] {processor.py:830} INFO - Processing file /home/datatalks_jan/anaconda3/lib/python3.11/site-packages/airflow/example_dags/example_subdag_operator.py for tasks to queue
[2024-04-04T00:12:00.154+0000] {logging_mixin.py:188} INFO - [2024-04-04T00:12:00.153+0000] {dagbag.py:540} INFO - Filling up the DagBag from /home/datatalks_jan/anaconda3/lib/python3.11/site-packages/airflow/example_dags/example_subdag_operator.py
[2024-04-04T00:12:00.188+0000] {processor.py:840} INFO - DAG(s) 'example_subdag_operator.section-1', 'example_subdag_operator.section-2', 'example_subdag_operator' retrieved from /home/datatalks_jan/anaconda3/lib/python3.11/site-packages/airflow/example_dags/example_subdag_operator.py
[2024-04-04T00:12:00.208+0000] {logging_mixin.py:188} INFO - [2024-04-04T00:12:00.207+0000] {dag.py:3047} INFO - Sync 3 DAGs
[2024-04-04T00:12:00.232+0000] {logging_mixin.py:188} INFO - [2024-04-04T00:12:00.231+0000] {dag.py:3834} INFO - Setting next_dagrun for example_subdag_operator to 2022-01-01 00:00:00+00:00, run_after=2022-01-01 00:00:00+00:00
[2024-04-04T00:12:00.236+0000] {logging_mixin.py:188} INFO - [2024-04-04T00:12:00.235+0000] {dag.py:3834} INFO - Setting next_dagrun for example_subdag_operator.section-1 to None, run_after=None
[2024-04-04T00:12:00.237+0000] {logging_mixin.py:188} INFO - [2024-04-04T00:12:00.237+0000] {dag.py:3834} INFO - Setting next_dagrun for example_subdag_operator.section-2 to None, run_after=None
[2024-04-04T00:12:00.244+0000] {logging_mixin.py:188} INFO - [2024-04-04T00:12:00.244+0000] {dag.py:3047} INFO - Sync 2 DAGs
[2024-04-04T00:12:00.249+0000] {logging_mixin.py:188} INFO - [2024-04-04T00:12:00.249+0000] {dag.py:3834} INFO - Setting next_dagrun for example_subdag_operator.section-1 to None, run_after=None
[2024-04-04T00:12:00.250+0000] {logging_mixin.py:188} INFO - [2024-04-04T00:12:00.250+0000] {dag.py:3834} INFO - Setting next_dagrun for example_subdag_operator.section-2 to None, run_after=None
[2024-04-04T00:12:00.267+0000] {processor.py:183} INFO - Processing /home/datatalks_jan/anaconda3/lib/python3.11/site-packages/airflow/example_dags/example_subdag_operator.py took 0.124 seconds
[2024-04-04T00:12:47.421+0000] {processor.py:161} INFO - Started process (PID=102099) to work on /home/datatalks_jan/anaconda3/lib/python3.11/site-packages/airflow/example_dags/example_subdag_operator.py
[2024-04-04T00:12:47.423+0000] {processor.py:830} INFO - Processing file /home/datatalks_jan/anaconda3/lib/python3.11/site-packages/airflow/example_dags/example_subdag_operator.py for tasks to queue
[2024-04-04T00:12:47.425+0000] {logging_mixin.py:188} INFO - [2024-04-04T00:12:47.424+0000] {dagbag.py:540} INFO - Filling up the DagBag from /home/datatalks_jan/anaconda3/lib/python3.11/site-packages/airflow/example_dags/example_subdag_operator.py
[2024-04-04T00:12:47.460+0000] {processor.py:840} INFO - DAG(s) 'example_subdag_operator.section-1', 'example_subdag_operator.section-2', 'example_subdag_operator' retrieved from /home/datatalks_jan/anaconda3/lib/python3.11/site-packages/airflow/example_dags/example_subdag_operator.py
[2024-04-04T00:12:47.480+0000] {logging_mixin.py:188} INFO - [2024-04-04T00:12:47.479+0000] {dag.py:3047} INFO - Sync 3 DAGs
[2024-04-04T00:12:47.503+0000] {logging_mixin.py:188} INFO - [2024-04-04T00:12:47.502+0000] {dag.py:3834} INFO - Setting next_dagrun for example_subdag_operator to 2022-01-01 00:00:00+00:00, run_after=2022-01-01 00:00:00+00:00
[2024-04-04T00:12:47.506+0000] {logging_mixin.py:188} INFO - [2024-04-04T00:12:47.506+0000] {dag.py:3834} INFO - Setting next_dagrun for example_subdag_operator.section-1 to None, run_after=None
[2024-04-04T00:12:47.507+0000] {logging_mixin.py:188} INFO - [2024-04-04T00:12:47.507+0000] {dag.py:3834} INFO - Setting next_dagrun for example_subdag_operator.section-2 to None, run_after=None
[2024-04-04T00:12:47.515+0000] {logging_mixin.py:188} INFO - [2024-04-04T00:12:47.514+0000] {dag.py:3047} INFO - Sync 2 DAGs
[2024-04-04T00:12:47.520+0000] {logging_mixin.py:188} INFO - [2024-04-04T00:12:47.519+0000] {dag.py:3834} INFO - Setting next_dagrun for example_subdag_operator.section-1 to None, run_after=None
[2024-04-04T00:12:47.520+0000] {logging_mixin.py:188} INFO - [2024-04-04T00:12:47.520+0000] {dag.py:3834} INFO - Setting next_dagrun for example_subdag_operator.section-2 to None, run_after=None
[2024-04-04T00:12:47.539+0000] {processor.py:183} INFO - Processing /home/datatalks_jan/anaconda3/lib/python3.11/site-packages/airflow/example_dags/example_subdag_operator.py took 0.123 seconds
[2024-04-04T00:13:33.660+0000] {processor.py:161} INFO - Started process (PID=102489) to work on /home/datatalks_jan/anaconda3/lib/python3.11/site-packages/airflow/example_dags/example_subdag_operator.py
[2024-04-04T00:13:33.663+0000] {processor.py:830} INFO - Processing file /home/datatalks_jan/anaconda3/lib/python3.11/site-packages/airflow/example_dags/example_subdag_operator.py for tasks to queue
[2024-04-04T00:13:33.664+0000] {logging_mixin.py:188} INFO - [2024-04-04T00:13:33.663+0000] {dagbag.py:540} INFO - Filling up the DagBag from /home/datatalks_jan/anaconda3/lib/python3.11/site-packages/airflow/example_dags/example_subdag_operator.py
[2024-04-04T00:13:33.697+0000] {processor.py:840} INFO - DAG(s) 'example_subdag_operator.section-1', 'example_subdag_operator.section-2', 'example_subdag_operator' retrieved from /home/datatalks_jan/anaconda3/lib/python3.11/site-packages/airflow/example_dags/example_subdag_operator.py
[2024-04-04T00:13:33.717+0000] {logging_mixin.py:188} INFO - [2024-04-04T00:13:33.717+0000] {dag.py:3047} INFO - Sync 3 DAGs
[2024-04-04T00:13:33.741+0000] {logging_mixin.py:188} INFO - [2024-04-04T00:13:33.741+0000] {dag.py:3834} INFO - Setting next_dagrun for example_subdag_operator to 2022-01-01 00:00:00+00:00, run_after=2022-01-01 00:00:00+00:00
[2024-04-04T00:13:33.745+0000] {logging_mixin.py:188} INFO - [2024-04-04T00:13:33.744+0000] {dag.py:3834} INFO - Setting next_dagrun for example_subdag_operator.section-1 to None, run_after=None
[2024-04-04T00:13:33.746+0000] {logging_mixin.py:188} INFO - [2024-04-04T00:13:33.745+0000] {dag.py:3834} INFO - Setting next_dagrun for example_subdag_operator.section-2 to None, run_after=None
[2024-04-04T00:13:33.752+0000] {logging_mixin.py:188} INFO - [2024-04-04T00:13:33.752+0000] {dag.py:3047} INFO - Sync 2 DAGs
[2024-04-04T00:13:33.757+0000] {logging_mixin.py:188} INFO - [2024-04-04T00:13:33.757+0000] {dag.py:3834} INFO - Setting next_dagrun for example_subdag_operator.section-1 to None, run_after=None
[2024-04-04T00:13:33.757+0000] {logging_mixin.py:188} INFO - [2024-04-04T00:13:33.757+0000] {dag.py:3834} INFO - Setting next_dagrun for example_subdag_operator.section-2 to None, run_after=None
[2024-04-04T00:13:33.776+0000] {processor.py:183} INFO - Processing /home/datatalks_jan/anaconda3/lib/python3.11/site-packages/airflow/example_dags/example_subdag_operator.py took 0.121 seconds
[2024-04-04T00:14:31.751+0000] {processor.py:161} INFO - Started process (PID=102980) to work on /home/datatalks_jan/anaconda3/lib/python3.11/site-packages/airflow/example_dags/example_subdag_operator.py
[2024-04-04T00:14:31.754+0000] {processor.py:830} INFO - Processing file /home/datatalks_jan/anaconda3/lib/python3.11/site-packages/airflow/example_dags/example_subdag_operator.py for tasks to queue
[2024-04-04T00:14:31.755+0000] {logging_mixin.py:188} INFO - [2024-04-04T00:14:31.755+0000] {dagbag.py:540} INFO - Filling up the DagBag from /home/datatalks_jan/anaconda3/lib/python3.11/site-packages/airflow/example_dags/example_subdag_operator.py
[2024-04-04T00:14:31.788+0000] {processor.py:840} INFO - DAG(s) 'example_subdag_operator.section-1', 'example_subdag_operator.section-2', 'example_subdag_operator' retrieved from /home/datatalks_jan/anaconda3/lib/python3.11/site-packages/airflow/example_dags/example_subdag_operator.py
[2024-04-04T00:14:31.808+0000] {logging_mixin.py:188} INFO - [2024-04-04T00:14:31.807+0000] {dag.py:3047} INFO - Sync 3 DAGs
[2024-04-04T00:14:31.830+0000] {logging_mixin.py:188} INFO - [2024-04-04T00:14:31.830+0000] {dag.py:3834} INFO - Setting next_dagrun for example_subdag_operator to 2022-01-01 00:00:00+00:00, run_after=2022-01-01 00:00:00+00:00
[2024-04-04T00:14:31.834+0000] {logging_mixin.py:188} INFO - [2024-04-04T00:14:31.834+0000] {dag.py:3834} INFO - Setting next_dagrun for example_subdag_operator.section-1 to None, run_after=None
[2024-04-04T00:14:31.835+0000] {logging_mixin.py:188} INFO - [2024-04-04T00:14:31.835+0000] {dag.py:3834} INFO - Setting next_dagrun for example_subdag_operator.section-2 to None, run_after=None
[2024-04-04T00:14:31.842+0000] {logging_mixin.py:188} INFO - [2024-04-04T00:14:31.841+0000] {dag.py:3047} INFO - Sync 2 DAGs
[2024-04-04T00:14:31.848+0000] {logging_mixin.py:188} INFO - [2024-04-04T00:14:31.848+0000] {dag.py:3834} INFO - Setting next_dagrun for example_subdag_operator.section-1 to None, run_after=None
[2024-04-04T00:14:31.849+0000] {logging_mixin.py:188} INFO - [2024-04-04T00:14:31.848+0000] {dag.py:3834} INFO - Setting next_dagrun for example_subdag_operator.section-2 to None, run_after=None
[2024-04-04T00:14:31.866+0000] {processor.py:183} INFO - Processing /home/datatalks_jan/anaconda3/lib/python3.11/site-packages/airflow/example_dags/example_subdag_operator.py took 0.120 seconds
[2024-04-04T00:15:18.602+0000] {processor.py:161} INFO - Started process (PID=103311) to work on /home/datatalks_jan/anaconda3/lib/python3.11/site-packages/airflow/example_dags/example_subdag_operator.py
[2024-04-04T00:15:18.605+0000] {processor.py:830} INFO - Processing file /home/datatalks_jan/anaconda3/lib/python3.11/site-packages/airflow/example_dags/example_subdag_operator.py for tasks to queue
[2024-04-04T00:15:18.607+0000] {logging_mixin.py:188} INFO - [2024-04-04T00:15:18.606+0000] {dagbag.py:540} INFO - Filling up the DagBag from /home/datatalks_jan/anaconda3/lib/python3.11/site-packages/airflow/example_dags/example_subdag_operator.py
[2024-04-04T00:15:18.648+0000] {processor.py:840} INFO - DAG(s) 'example_subdag_operator.section-1', 'example_subdag_operator.section-2', 'example_subdag_operator' retrieved from /home/datatalks_jan/anaconda3/lib/python3.11/site-packages/airflow/example_dags/example_subdag_operator.py
[2024-04-04T00:15:18.671+0000] {logging_mixin.py:188} INFO - [2024-04-04T00:15:18.670+0000] {dag.py:3047} INFO - Sync 3 DAGs
[2024-04-04T00:15:18.699+0000] {logging_mixin.py:188} INFO - [2024-04-04T00:15:18.698+0000] {dag.py:3834} INFO - Setting next_dagrun for example_subdag_operator to 2022-01-01 00:00:00+00:00, run_after=2022-01-01 00:00:00+00:00
[2024-04-04T00:15:18.703+0000] {logging_mixin.py:188} INFO - [2024-04-04T00:15:18.703+0000] {dag.py:3834} INFO - Setting next_dagrun for example_subdag_operator.section-1 to None, run_after=None
[2024-04-04T00:15:18.704+0000] {logging_mixin.py:188} INFO - [2024-04-04T00:15:18.704+0000] {dag.py:3834} INFO - Setting next_dagrun for example_subdag_operator.section-2 to None, run_after=None
[2024-04-04T00:15:18.712+0000] {logging_mixin.py:188} INFO - [2024-04-04T00:15:18.712+0000] {dag.py:3047} INFO - Sync 2 DAGs
[2024-04-04T00:15:18.718+0000] {logging_mixin.py:188} INFO - [2024-04-04T00:15:18.718+0000] {dag.py:3834} INFO - Setting next_dagrun for example_subdag_operator.section-1 to None, run_after=None
[2024-04-04T00:15:18.719+0000] {logging_mixin.py:188} INFO - [2024-04-04T00:15:18.718+0000] {dag.py:3834} INFO - Setting next_dagrun for example_subdag_operator.section-2 to None, run_after=None
[2024-04-04T00:15:18.738+0000] {processor.py:183} INFO - Processing /home/datatalks_jan/anaconda3/lib/python3.11/site-packages/airflow/example_dags/example_subdag_operator.py took 0.144 seconds
[2024-04-04T00:16:13.618+0000] {processor.py:161} INFO - Started process (PID=103740) to work on /home/datatalks_jan/anaconda3/lib/python3.11/site-packages/airflow/example_dags/example_subdag_operator.py
[2024-04-04T00:16:13.621+0000] {processor.py:830} INFO - Processing file /home/datatalks_jan/anaconda3/lib/python3.11/site-packages/airflow/example_dags/example_subdag_operator.py for tasks to queue
[2024-04-04T00:16:13.622+0000] {logging_mixin.py:188} INFO - [2024-04-04T00:16:13.621+0000] {dagbag.py:540} INFO - Filling up the DagBag from /home/datatalks_jan/anaconda3/lib/python3.11/site-packages/airflow/example_dags/example_subdag_operator.py
[2024-04-04T00:16:13.653+0000] {processor.py:840} INFO - DAG(s) 'example_subdag_operator.section-1', 'example_subdag_operator.section-2', 'example_subdag_operator' retrieved from /home/datatalks_jan/anaconda3/lib/python3.11/site-packages/airflow/example_dags/example_subdag_operator.py
[2024-04-04T00:16:13.675+0000] {logging_mixin.py:188} INFO - [2024-04-04T00:16:13.674+0000] {dag.py:3047} INFO - Sync 3 DAGs
[2024-04-04T00:16:13.699+0000] {logging_mixin.py:188} INFO - [2024-04-04T00:16:13.698+0000] {dag.py:3834} INFO - Setting next_dagrun for example_subdag_operator to 2022-01-01 00:00:00+00:00, run_after=2022-01-01 00:00:00+00:00
[2024-04-04T00:16:13.703+0000] {logging_mixin.py:188} INFO - [2024-04-04T00:16:13.703+0000] {dag.py:3834} INFO - Setting next_dagrun for example_subdag_operator.section-1 to None, run_after=None
[2024-04-04T00:16:13.704+0000] {logging_mixin.py:188} INFO - [2024-04-04T00:16:13.704+0000] {dag.py:3834} INFO - Setting next_dagrun for example_subdag_operator.section-2 to None, run_after=None
[2024-04-04T00:16:13.711+0000] {logging_mixin.py:188} INFO - [2024-04-04T00:16:13.711+0000] {dag.py:3047} INFO - Sync 2 DAGs
[2024-04-04T00:16:13.716+0000] {logging_mixin.py:188} INFO - [2024-04-04T00:16:13.716+0000] {dag.py:3834} INFO - Setting next_dagrun for example_subdag_operator.section-1 to None, run_after=None
[2024-04-04T00:16:13.717+0000] {logging_mixin.py:188} INFO - [2024-04-04T00:16:13.717+0000] {dag.py:3834} INFO - Setting next_dagrun for example_subdag_operator.section-2 to None, run_after=None
[2024-04-04T00:16:13.736+0000] {processor.py:183} INFO - Processing /home/datatalks_jan/anaconda3/lib/python3.11/site-packages/airflow/example_dags/example_subdag_operator.py took 0.123 seconds
[2024-04-04T00:16:59.715+0000] {processor.py:161} INFO - Started process (PID=103948) to work on /home/datatalks_jan/anaconda3/lib/python3.11/site-packages/airflow/example_dags/example_subdag_operator.py
[2024-04-04T00:16:59.717+0000] {processor.py:830} INFO - Processing file /home/datatalks_jan/anaconda3/lib/python3.11/site-packages/airflow/example_dags/example_subdag_operator.py for tasks to queue
[2024-04-04T00:16:59.719+0000] {logging_mixin.py:188} INFO - [2024-04-04T00:16:59.718+0000] {dagbag.py:540} INFO - Filling up the DagBag from /home/datatalks_jan/anaconda3/lib/python3.11/site-packages/airflow/example_dags/example_subdag_operator.py
[2024-04-04T00:16:59.750+0000] {processor.py:840} INFO - DAG(s) 'example_subdag_operator.section-1', 'example_subdag_operator.section-2', 'example_subdag_operator' retrieved from /home/datatalks_jan/anaconda3/lib/python3.11/site-packages/airflow/example_dags/example_subdag_operator.py
[2024-04-04T00:16:59.769+0000] {logging_mixin.py:188} INFO - [2024-04-04T00:16:59.768+0000] {dag.py:3047} INFO - Sync 3 DAGs
[2024-04-04T00:16:59.790+0000] {logging_mixin.py:188} INFO - [2024-04-04T00:16:59.790+0000] {dag.py:3834} INFO - Setting next_dagrun for example_subdag_operator to 2022-01-01 00:00:00+00:00, run_after=2022-01-01 00:00:00+00:00
[2024-04-04T00:16:59.794+0000] {logging_mixin.py:188} INFO - [2024-04-04T00:16:59.794+0000] {dag.py:3834} INFO - Setting next_dagrun for example_subdag_operator.section-1 to None, run_after=None
[2024-04-04T00:16:59.795+0000] {logging_mixin.py:188} INFO - [2024-04-04T00:16:59.795+0000] {dag.py:3834} INFO - Setting next_dagrun for example_subdag_operator.section-2 to None, run_after=None
[2024-04-04T00:16:59.801+0000] {logging_mixin.py:188} INFO - [2024-04-04T00:16:59.801+0000] {dag.py:3047} INFO - Sync 2 DAGs
[2024-04-04T00:16:59.806+0000] {logging_mixin.py:188} INFO - [2024-04-04T00:16:59.806+0000] {dag.py:3834} INFO - Setting next_dagrun for example_subdag_operator.section-1 to None, run_after=None
[2024-04-04T00:16:59.806+0000] {logging_mixin.py:188} INFO - [2024-04-04T00:16:59.806+0000] {dag.py:3834} INFO - Setting next_dagrun for example_subdag_operator.section-2 to None, run_after=None
[2024-04-04T00:16:59.824+0000] {processor.py:183} INFO - Processing /home/datatalks_jan/anaconda3/lib/python3.11/site-packages/airflow/example_dags/example_subdag_operator.py took 0.114 seconds
[2024-04-04T00:17:45.109+0000] {processor.py:161} INFO - Started process (PID=104147) to work on /home/datatalks_jan/anaconda3/lib/python3.11/site-packages/airflow/example_dags/example_subdag_operator.py
[2024-04-04T00:17:45.112+0000] {processor.py:830} INFO - Processing file /home/datatalks_jan/anaconda3/lib/python3.11/site-packages/airflow/example_dags/example_subdag_operator.py for tasks to queue
[2024-04-04T00:17:45.113+0000] {logging_mixin.py:188} INFO - [2024-04-04T00:17:45.112+0000] {dagbag.py:540} INFO - Filling up the DagBag from /home/datatalks_jan/anaconda3/lib/python3.11/site-packages/airflow/example_dags/example_subdag_operator.py
[2024-04-04T00:17:45.155+0000] {processor.py:840} INFO - DAG(s) 'example_subdag_operator.section-1', 'example_subdag_operator.section-2', 'example_subdag_operator' retrieved from /home/datatalks_jan/anaconda3/lib/python3.11/site-packages/airflow/example_dags/example_subdag_operator.py
[2024-04-04T00:17:45.183+0000] {logging_mixin.py:188} INFO - [2024-04-04T00:17:45.183+0000] {dag.py:3047} INFO - Sync 3 DAGs
[2024-04-04T00:17:45.214+0000] {logging_mixin.py:188} INFO - [2024-04-04T00:17:45.213+0000] {dag.py:3834} INFO - Setting next_dagrun for example_subdag_operator to 2022-01-01 00:00:00+00:00, run_after=2022-01-01 00:00:00+00:00
[2024-04-04T00:17:45.220+0000] {logging_mixin.py:188} INFO - [2024-04-04T00:17:45.219+0000] {dag.py:3834} INFO - Setting next_dagrun for example_subdag_operator.section-1 to None, run_after=None
[2024-04-04T00:17:45.221+0000] {logging_mixin.py:188} INFO - [2024-04-04T00:17:45.221+0000] {dag.py:3834} INFO - Setting next_dagrun for example_subdag_operator.section-2 to None, run_after=None
[2024-04-04T00:17:45.231+0000] {logging_mixin.py:188} INFO - [2024-04-04T00:17:45.230+0000] {dag.py:3047} INFO - Sync 2 DAGs
[2024-04-04T00:17:45.237+0000] {logging_mixin.py:188} INFO - [2024-04-04T00:17:45.237+0000] {dag.py:3834} INFO - Setting next_dagrun for example_subdag_operator.section-1 to None, run_after=None
[2024-04-04T00:17:45.238+0000] {logging_mixin.py:188} INFO - [2024-04-04T00:17:45.238+0000] {dag.py:3834} INFO - Setting next_dagrun for example_subdag_operator.section-2 to None, run_after=None
[2024-04-04T00:17:45.265+0000] {processor.py:183} INFO - Processing /home/datatalks_jan/anaconda3/lib/python3.11/site-packages/airflow/example_dags/example_subdag_operator.py took 0.162 seconds
[2024-04-04T00:18:32.761+0000] {processor.py:161} INFO - Started process (PID=104372) to work on /home/datatalks_jan/anaconda3/lib/python3.11/site-packages/airflow/example_dags/example_subdag_operator.py
[2024-04-04T00:18:32.764+0000] {processor.py:830} INFO - Processing file /home/datatalks_jan/anaconda3/lib/python3.11/site-packages/airflow/example_dags/example_subdag_operator.py for tasks to queue
[2024-04-04T00:18:32.765+0000] {logging_mixin.py:188} INFO - [2024-04-04T00:18:32.765+0000] {dagbag.py:540} INFO - Filling up the DagBag from /home/datatalks_jan/anaconda3/lib/python3.11/site-packages/airflow/example_dags/example_subdag_operator.py
[2024-04-04T00:18:32.801+0000] {processor.py:840} INFO - DAG(s) 'example_subdag_operator.section-1', 'example_subdag_operator.section-2', 'example_subdag_operator' retrieved from /home/datatalks_jan/anaconda3/lib/python3.11/site-packages/airflow/example_dags/example_subdag_operator.py
[2024-04-04T00:18:32.822+0000] {logging_mixin.py:188} INFO - [2024-04-04T00:18:32.822+0000] {dag.py:3047} INFO - Sync 3 DAGs
[2024-04-04T00:18:32.847+0000] {logging_mixin.py:188} INFO - [2024-04-04T00:18:32.846+0000] {dag.py:3834} INFO - Setting next_dagrun for example_subdag_operator to 2022-01-01 00:00:00+00:00, run_after=2022-01-01 00:00:00+00:00
[2024-04-04T00:18:32.852+0000] {logging_mixin.py:188} INFO - [2024-04-04T00:18:32.852+0000] {dag.py:3834} INFO - Setting next_dagrun for example_subdag_operator.section-1 to None, run_after=None
[2024-04-04T00:18:32.853+0000] {logging_mixin.py:188} INFO - [2024-04-04T00:18:32.853+0000] {dag.py:3834} INFO - Setting next_dagrun for example_subdag_operator.section-2 to None, run_after=None
[2024-04-04T00:18:32.861+0000] {logging_mixin.py:188} INFO - [2024-04-04T00:18:32.860+0000] {dag.py:3047} INFO - Sync 2 DAGs
[2024-04-04T00:18:32.866+0000] {logging_mixin.py:188} INFO - [2024-04-04T00:18:32.866+0000] {dag.py:3834} INFO - Setting next_dagrun for example_subdag_operator.section-1 to None, run_after=None
[2024-04-04T00:18:32.866+0000] {logging_mixin.py:188} INFO - [2024-04-04T00:18:32.866+0000] {dag.py:3834} INFO - Setting next_dagrun for example_subdag_operator.section-2 to None, run_after=None
[2024-04-04T00:18:32.885+0000] {processor.py:183} INFO - Processing /home/datatalks_jan/anaconda3/lib/python3.11/site-packages/airflow/example_dags/example_subdag_operator.py took 0.130 seconds
[2024-04-04T00:19:31.369+0000] {processor.py:161} INFO - Started process (PID=104486) to work on /home/datatalks_jan/anaconda3/lib/python3.11/site-packages/airflow/example_dags/example_subdag_operator.py
[2024-04-04T00:19:31.371+0000] {processor.py:830} INFO - Processing file /home/datatalks_jan/anaconda3/lib/python3.11/site-packages/airflow/example_dags/example_subdag_operator.py for tasks to queue
[2024-04-04T00:19:31.372+0000] {logging_mixin.py:188} INFO - [2024-04-04T00:19:31.372+0000] {dagbag.py:540} INFO - Filling up the DagBag from /home/datatalks_jan/anaconda3/lib/python3.11/site-packages/airflow/example_dags/example_subdag_operator.py
[2024-04-04T00:19:31.408+0000] {processor.py:840} INFO - DAG(s) 'example_subdag_operator.section-1', 'example_subdag_operator.section-2', 'example_subdag_operator' retrieved from /home/datatalks_jan/anaconda3/lib/python3.11/site-packages/airflow/example_dags/example_subdag_operator.py
[2024-04-04T00:19:31.430+0000] {logging_mixin.py:188} INFO - [2024-04-04T00:19:31.430+0000] {dag.py:3047} INFO - Sync 3 DAGs
[2024-04-04T00:19:31.455+0000] {logging_mixin.py:188} INFO - [2024-04-04T00:19:31.455+0000] {dag.py:3834} INFO - Setting next_dagrun for example_subdag_operator to 2022-01-01 00:00:00+00:00, run_after=2022-01-01 00:00:00+00:00
[2024-04-04T00:19:31.462+0000] {logging_mixin.py:188} INFO - [2024-04-04T00:19:31.461+0000] {dag.py:3834} INFO - Setting next_dagrun for example_subdag_operator.section-1 to None, run_after=None
[2024-04-04T00:19:31.463+0000] {logging_mixin.py:188} INFO - [2024-04-04T00:19:31.463+0000] {dag.py:3834} INFO - Setting next_dagrun for example_subdag_operator.section-2 to None, run_after=None
[2024-04-04T00:19:31.472+0000] {logging_mixin.py:188} INFO - [2024-04-04T00:19:31.472+0000] {dag.py:3047} INFO - Sync 2 DAGs
[2024-04-04T00:19:31.479+0000] {logging_mixin.py:188} INFO - [2024-04-04T00:19:31.478+0000] {dag.py:3834} INFO - Setting next_dagrun for example_subdag_operator.section-1 to None, run_after=None
[2024-04-04T00:19:31.479+0000] {logging_mixin.py:188} INFO - [2024-04-04T00:19:31.479+0000] {dag.py:3834} INFO - Setting next_dagrun for example_subdag_operator.section-2 to None, run_after=None
[2024-04-04T00:19:31.502+0000] {processor.py:183} INFO - Processing /home/datatalks_jan/anaconda3/lib/python3.11/site-packages/airflow/example_dags/example_subdag_operator.py took 0.139 seconds
[2024-04-04T00:20:15.676+0000] {processor.py:161} INFO - Started process (PID=104532) to work on /home/datatalks_jan/anaconda3/lib/python3.11/site-packages/airflow/example_dags/example_subdag_operator.py
[2024-04-04T00:20:15.679+0000] {processor.py:830} INFO - Processing file /home/datatalks_jan/anaconda3/lib/python3.11/site-packages/airflow/example_dags/example_subdag_operator.py for tasks to queue
[2024-04-04T00:20:15.680+0000] {logging_mixin.py:188} INFO - [2024-04-04T00:20:15.680+0000] {dagbag.py:540} INFO - Filling up the DagBag from /home/datatalks_jan/anaconda3/lib/python3.11/site-packages/airflow/example_dags/example_subdag_operator.py
[2024-04-04T00:20:15.718+0000] {processor.py:840} INFO - DAG(s) 'example_subdag_operator.section-1', 'example_subdag_operator.section-2', 'example_subdag_operator' retrieved from /home/datatalks_jan/anaconda3/lib/python3.11/site-packages/airflow/example_dags/example_subdag_operator.py
[2024-04-04T00:20:15.746+0000] {logging_mixin.py:188} INFO - [2024-04-04T00:20:15.746+0000] {dag.py:3047} INFO - Sync 3 DAGs
[2024-04-04T00:20:15.776+0000] {logging_mixin.py:188} INFO - [2024-04-04T00:20:15.775+0000] {dag.py:3834} INFO - Setting next_dagrun for example_subdag_operator to 2022-01-01 00:00:00+00:00, run_after=2022-01-01 00:00:00+00:00
[2024-04-04T00:20:15.781+0000] {logging_mixin.py:188} INFO - [2024-04-04T00:20:15.781+0000] {dag.py:3834} INFO - Setting next_dagrun for example_subdag_operator.section-1 to None, run_after=None
[2024-04-04T00:20:15.782+0000] {logging_mixin.py:188} INFO - [2024-04-04T00:20:15.782+0000] {dag.py:3834} INFO - Setting next_dagrun for example_subdag_operator.section-2 to None, run_after=None
[2024-04-04T00:20:15.791+0000] {logging_mixin.py:188} INFO - [2024-04-04T00:20:15.790+0000] {dag.py:3047} INFO - Sync 2 DAGs
[2024-04-04T00:20:15.797+0000] {logging_mixin.py:188} INFO - [2024-04-04T00:20:15.797+0000] {dag.py:3834} INFO - Setting next_dagrun for example_subdag_operator.section-1 to None, run_after=None
[2024-04-04T00:20:15.798+0000] {logging_mixin.py:188} INFO - [2024-04-04T00:20:15.798+0000] {dag.py:3834} INFO - Setting next_dagrun for example_subdag_operator.section-2 to None, run_after=None
[2024-04-04T00:20:15.823+0000] {processor.py:183} INFO - Processing /home/datatalks_jan/anaconda3/lib/python3.11/site-packages/airflow/example_dags/example_subdag_operator.py took 0.152 seconds
[2024-04-04T00:21:10.334+0000] {processor.py:161} INFO - Started process (PID=104699) to work on /home/datatalks_jan/anaconda3/lib/python3.11/site-packages/airflow/example_dags/example_subdag_operator.py
[2024-04-04T00:21:10.337+0000] {processor.py:830} INFO - Processing file /home/datatalks_jan/anaconda3/lib/python3.11/site-packages/airflow/example_dags/example_subdag_operator.py for tasks to queue
[2024-04-04T00:21:10.338+0000] {logging_mixin.py:188} INFO - [2024-04-04T00:21:10.338+0000] {dagbag.py:540} INFO - Filling up the DagBag from /home/datatalks_jan/anaconda3/lib/python3.11/site-packages/airflow/example_dags/example_subdag_operator.py
[2024-04-04T00:21:10.369+0000] {processor.py:840} INFO - DAG(s) 'example_subdag_operator.section-1', 'example_subdag_operator.section-2', 'example_subdag_operator' retrieved from /home/datatalks_jan/anaconda3/lib/python3.11/site-packages/airflow/example_dags/example_subdag_operator.py
[2024-04-04T00:21:10.389+0000] {logging_mixin.py:188} INFO - [2024-04-04T00:21:10.388+0000] {dag.py:3047} INFO - Sync 3 DAGs
[2024-04-04T00:21:10.412+0000] {logging_mixin.py:188} INFO - [2024-04-04T00:21:10.412+0000] {dag.py:3834} INFO - Setting next_dagrun for example_subdag_operator to 2022-01-01 00:00:00+00:00, run_after=2022-01-01 00:00:00+00:00
[2024-04-04T00:21:10.416+0000] {logging_mixin.py:188} INFO - [2024-04-04T00:21:10.416+0000] {dag.py:3834} INFO - Setting next_dagrun for example_subdag_operator.section-1 to None, run_after=None
[2024-04-04T00:21:10.417+0000] {logging_mixin.py:188} INFO - [2024-04-04T00:21:10.417+0000] {dag.py:3834} INFO - Setting next_dagrun for example_subdag_operator.section-2 to None, run_after=None
[2024-04-04T00:21:10.424+0000] {logging_mixin.py:188} INFO - [2024-04-04T00:21:10.423+0000] {dag.py:3047} INFO - Sync 2 DAGs
[2024-04-04T00:21:10.428+0000] {logging_mixin.py:188} INFO - [2024-04-04T00:21:10.428+0000] {dag.py:3834} INFO - Setting next_dagrun for example_subdag_operator.section-1 to None, run_after=None
[2024-04-04T00:21:10.429+0000] {logging_mixin.py:188} INFO - [2024-04-04T00:21:10.429+0000] {dag.py:3834} INFO - Setting next_dagrun for example_subdag_operator.section-2 to None, run_after=None
[2024-04-04T00:21:10.446+0000] {processor.py:183} INFO - Processing /home/datatalks_jan/anaconda3/lib/python3.11/site-packages/airflow/example_dags/example_subdag_operator.py took 0.117 seconds
[2024-04-04T00:21:57.090+0000] {processor.py:161} INFO - Started process (PID=104749) to work on /home/datatalks_jan/anaconda3/lib/python3.11/site-packages/airflow/example_dags/example_subdag_operator.py
[2024-04-04T00:21:57.093+0000] {processor.py:830} INFO - Processing file /home/datatalks_jan/anaconda3/lib/python3.11/site-packages/airflow/example_dags/example_subdag_operator.py for tasks to queue
[2024-04-04T00:21:57.094+0000] {logging_mixin.py:188} INFO - [2024-04-04T00:21:57.093+0000] {dagbag.py:540} INFO - Filling up the DagBag from /home/datatalks_jan/anaconda3/lib/python3.11/site-packages/airflow/example_dags/example_subdag_operator.py
[2024-04-04T00:21:57.125+0000] {processor.py:840} INFO - DAG(s) 'example_subdag_operator.section-1', 'example_subdag_operator.section-2', 'example_subdag_operator' retrieved from /home/datatalks_jan/anaconda3/lib/python3.11/site-packages/airflow/example_dags/example_subdag_operator.py
[2024-04-04T00:21:57.144+0000] {logging_mixin.py:188} INFO - [2024-04-04T00:21:57.144+0000] {dag.py:3047} INFO - Sync 3 DAGs
[2024-04-04T00:21:57.167+0000] {logging_mixin.py:188} INFO - [2024-04-04T00:21:57.166+0000] {dag.py:3834} INFO - Setting next_dagrun for example_subdag_operator to 2022-01-01 00:00:00+00:00, run_after=2022-01-01 00:00:00+00:00
[2024-04-04T00:21:57.170+0000] {logging_mixin.py:188} INFO - [2024-04-04T00:21:57.170+0000] {dag.py:3834} INFO - Setting next_dagrun for example_subdag_operator.section-1 to None, run_after=None
[2024-04-04T00:21:57.171+0000] {logging_mixin.py:188} INFO - [2024-04-04T00:21:57.171+0000] {dag.py:3834} INFO - Setting next_dagrun for example_subdag_operator.section-2 to None, run_after=None
[2024-04-04T00:21:57.178+0000] {logging_mixin.py:188} INFO - [2024-04-04T00:21:57.177+0000] {dag.py:3047} INFO - Sync 2 DAGs
[2024-04-04T00:21:57.182+0000] {logging_mixin.py:188} INFO - [2024-04-04T00:21:57.182+0000] {dag.py:3834} INFO - Setting next_dagrun for example_subdag_operator.section-1 to None, run_after=None
[2024-04-04T00:21:57.183+0000] {logging_mixin.py:188} INFO - [2024-04-04T00:21:57.182+0000] {dag.py:3834} INFO - Setting next_dagrun for example_subdag_operator.section-2 to None, run_after=None
[2024-04-04T00:21:57.200+0000] {processor.py:183} INFO - Processing /home/datatalks_jan/anaconda3/lib/python3.11/site-packages/airflow/example_dags/example_subdag_operator.py took 0.115 seconds
[2024-04-04T00:22:44.273+0000] {processor.py:161} INFO - Started process (PID=104795) to work on /home/datatalks_jan/anaconda3/lib/python3.11/site-packages/airflow/example_dags/example_subdag_operator.py
[2024-04-04T00:22:44.276+0000] {processor.py:830} INFO - Processing file /home/datatalks_jan/anaconda3/lib/python3.11/site-packages/airflow/example_dags/example_subdag_operator.py for tasks to queue
[2024-04-04T00:22:44.278+0000] {logging_mixin.py:188} INFO - [2024-04-04T00:22:44.277+0000] {dagbag.py:540} INFO - Filling up the DagBag from /home/datatalks_jan/anaconda3/lib/python3.11/site-packages/airflow/example_dags/example_subdag_operator.py
[2024-04-04T00:22:44.318+0000] {processor.py:840} INFO - DAG(s) 'example_subdag_operator.section-1', 'example_subdag_operator.section-2', 'example_subdag_operator' retrieved from /home/datatalks_jan/anaconda3/lib/python3.11/site-packages/airflow/example_dags/example_subdag_operator.py
[2024-04-04T00:22:44.344+0000] {logging_mixin.py:188} INFO - [2024-04-04T00:22:44.344+0000] {dag.py:3047} INFO - Sync 3 DAGs
[2024-04-04T00:22:44.371+0000] {logging_mixin.py:188} INFO - [2024-04-04T00:22:44.371+0000] {dag.py:3834} INFO - Setting next_dagrun for example_subdag_operator to 2022-01-01 00:00:00+00:00, run_after=2022-01-01 00:00:00+00:00
[2024-04-04T00:22:44.375+0000] {logging_mixin.py:188} INFO - [2024-04-04T00:22:44.375+0000] {dag.py:3834} INFO - Setting next_dagrun for example_subdag_operator.section-1 to None, run_after=None
[2024-04-04T00:22:44.376+0000] {logging_mixin.py:188} INFO - [2024-04-04T00:22:44.376+0000] {dag.py:3834} INFO - Setting next_dagrun for example_subdag_operator.section-2 to None, run_after=None
[2024-04-04T00:22:44.385+0000] {logging_mixin.py:188} INFO - [2024-04-04T00:22:44.384+0000] {dag.py:3047} INFO - Sync 2 DAGs
[2024-04-04T00:22:44.391+0000] {logging_mixin.py:188} INFO - [2024-04-04T00:22:44.391+0000] {dag.py:3834} INFO - Setting next_dagrun for example_subdag_operator.section-1 to None, run_after=None
[2024-04-04T00:22:44.392+0000] {logging_mixin.py:188} INFO - [2024-04-04T00:22:44.391+0000] {dag.py:3834} INFO - Setting next_dagrun for example_subdag_operator.section-2 to None, run_after=None
[2024-04-04T00:22:44.414+0000] {processor.py:183} INFO - Processing /home/datatalks_jan/anaconda3/lib/python3.11/site-packages/airflow/example_dags/example_subdag_operator.py took 0.147 seconds
[2024-04-04T00:23:32.408+0000] {processor.py:161} INFO - Started process (PID=104842) to work on /home/datatalks_jan/anaconda3/lib/python3.11/site-packages/airflow/example_dags/example_subdag_operator.py
[2024-04-04T00:23:32.410+0000] {processor.py:830} INFO - Processing file /home/datatalks_jan/anaconda3/lib/python3.11/site-packages/airflow/example_dags/example_subdag_operator.py for tasks to queue
[2024-04-04T00:23:32.412+0000] {logging_mixin.py:188} INFO - [2024-04-04T00:23:32.411+0000] {dagbag.py:540} INFO - Filling up the DagBag from /home/datatalks_jan/anaconda3/lib/python3.11/site-packages/airflow/example_dags/example_subdag_operator.py
[2024-04-04T00:23:32.453+0000] {processor.py:840} INFO - DAG(s) 'example_subdag_operator.section-1', 'example_subdag_operator.section-2', 'example_subdag_operator' retrieved from /home/datatalks_jan/anaconda3/lib/python3.11/site-packages/airflow/example_dags/example_subdag_operator.py
[2024-04-04T00:23:32.478+0000] {logging_mixin.py:188} INFO - [2024-04-04T00:23:32.477+0000] {dag.py:3047} INFO - Sync 3 DAGs
[2024-04-04T00:23:32.505+0000] {logging_mixin.py:188} INFO - [2024-04-04T00:23:32.505+0000] {dag.py:3834} INFO - Setting next_dagrun for example_subdag_operator to 2022-01-01 00:00:00+00:00, run_after=2022-01-01 00:00:00+00:00
[2024-04-04T00:23:32.511+0000] {logging_mixin.py:188} INFO - [2024-04-04T00:23:32.511+0000] {dag.py:3834} INFO - Setting next_dagrun for example_subdag_operator.section-1 to None, run_after=None
[2024-04-04T00:23:32.513+0000] {logging_mixin.py:188} INFO - [2024-04-04T00:23:32.512+0000] {dag.py:3834} INFO - Setting next_dagrun for example_subdag_operator.section-2 to None, run_after=None
[2024-04-04T00:23:32.521+0000] {logging_mixin.py:188} INFO - [2024-04-04T00:23:32.521+0000] {dag.py:3047} INFO - Sync 2 DAGs
[2024-04-04T00:23:32.527+0000] {logging_mixin.py:188} INFO - [2024-04-04T00:23:32.526+0000] {dag.py:3834} INFO - Setting next_dagrun for example_subdag_operator.section-1 to None, run_after=None
[2024-04-04T00:23:32.527+0000] {logging_mixin.py:188} INFO - [2024-04-04T00:23:32.527+0000] {dag.py:3834} INFO - Setting next_dagrun for example_subdag_operator.section-2 to None, run_after=None
[2024-04-04T00:23:32.550+0000] {processor.py:183} INFO - Processing /home/datatalks_jan/anaconda3/lib/python3.11/site-packages/airflow/example_dags/example_subdag_operator.py took 0.148 seconds
[2024-04-04T00:24:20.474+0000] {processor.py:161} INFO - Started process (PID=104956) to work on /home/datatalks_jan/anaconda3/lib/python3.11/site-packages/airflow/example_dags/example_subdag_operator.py
[2024-04-04T00:24:20.476+0000] {processor.py:830} INFO - Processing file /home/datatalks_jan/anaconda3/lib/python3.11/site-packages/airflow/example_dags/example_subdag_operator.py for tasks to queue
[2024-04-04T00:24:20.478+0000] {logging_mixin.py:188} INFO - [2024-04-04T00:24:20.477+0000] {dagbag.py:540} INFO - Filling up the DagBag from /home/datatalks_jan/anaconda3/lib/python3.11/site-packages/airflow/example_dags/example_subdag_operator.py
[2024-04-04T00:24:20.516+0000] {processor.py:840} INFO - DAG(s) 'example_subdag_operator.section-1', 'example_subdag_operator.section-2', 'example_subdag_operator' retrieved from /home/datatalks_jan/anaconda3/lib/python3.11/site-packages/airflow/example_dags/example_subdag_operator.py
[2024-04-04T00:24:20.541+0000] {logging_mixin.py:188} INFO - [2024-04-04T00:24:20.541+0000] {dag.py:3047} INFO - Sync 3 DAGs
[2024-04-04T00:24:20.568+0000] {logging_mixin.py:188} INFO - [2024-04-04T00:24:20.568+0000] {dag.py:3834} INFO - Setting next_dagrun for example_subdag_operator to 2022-01-01 00:00:00+00:00, run_after=2022-01-01 00:00:00+00:00
[2024-04-04T00:24:20.573+0000] {logging_mixin.py:188} INFO - [2024-04-04T00:24:20.573+0000] {dag.py:3834} INFO - Setting next_dagrun for example_subdag_operator.section-1 to None, run_after=None
[2024-04-04T00:24:20.575+0000] {logging_mixin.py:188} INFO - [2024-04-04T00:24:20.574+0000] {dag.py:3834} INFO - Setting next_dagrun for example_subdag_operator.section-2 to None, run_after=None
[2024-04-04T00:24:20.584+0000] {logging_mixin.py:188} INFO - [2024-04-04T00:24:20.584+0000] {dag.py:3047} INFO - Sync 2 DAGs
[2024-04-04T00:24:20.591+0000] {logging_mixin.py:188} INFO - [2024-04-04T00:24:20.591+0000] {dag.py:3834} INFO - Setting next_dagrun for example_subdag_operator.section-1 to None, run_after=None
[2024-04-04T00:24:20.592+0000] {logging_mixin.py:188} INFO - [2024-04-04T00:24:20.591+0000] {dag.py:3834} INFO - Setting next_dagrun for example_subdag_operator.section-2 to None, run_after=None
[2024-04-04T00:24:20.612+0000] {processor.py:183} INFO - Processing /home/datatalks_jan/anaconda3/lib/python3.11/site-packages/airflow/example_dags/example_subdag_operator.py took 0.144 seconds
[2024-04-04T00:25:10.305+0000] {processor.py:161} INFO - Started process (PID=105009) to work on /home/datatalks_jan/anaconda3/lib/python3.11/site-packages/airflow/example_dags/example_subdag_operator.py
[2024-04-04T00:25:10.308+0000] {processor.py:830} INFO - Processing file /home/datatalks_jan/anaconda3/lib/python3.11/site-packages/airflow/example_dags/example_subdag_operator.py for tasks to queue
[2024-04-04T00:25:10.310+0000] {logging_mixin.py:188} INFO - [2024-04-04T00:25:10.309+0000] {dagbag.py:540} INFO - Filling up the DagBag from /home/datatalks_jan/anaconda3/lib/python3.11/site-packages/airflow/example_dags/example_subdag_operator.py
[2024-04-04T00:25:10.348+0000] {processor.py:840} INFO - DAG(s) 'example_subdag_operator.section-1', 'example_subdag_operator.section-2', 'example_subdag_operator' retrieved from /home/datatalks_jan/anaconda3/lib/python3.11/site-packages/airflow/example_dags/example_subdag_operator.py
[2024-04-04T00:25:10.372+0000] {logging_mixin.py:188} INFO - [2024-04-04T00:25:10.372+0000] {dag.py:3047} INFO - Sync 3 DAGs
[2024-04-04T00:25:10.400+0000] {logging_mixin.py:188} INFO - [2024-04-04T00:25:10.399+0000] {dag.py:3834} INFO - Setting next_dagrun for example_subdag_operator to 2022-01-01 00:00:00+00:00, run_after=2022-01-01 00:00:00+00:00
[2024-04-04T00:25:10.404+0000] {logging_mixin.py:188} INFO - [2024-04-04T00:25:10.404+0000] {dag.py:3834} INFO - Setting next_dagrun for example_subdag_operator.section-1 to None, run_after=None
[2024-04-04T00:25:10.406+0000] {logging_mixin.py:188} INFO - [2024-04-04T00:25:10.406+0000] {dag.py:3834} INFO - Setting next_dagrun for example_subdag_operator.section-2 to None, run_after=None
[2024-04-04T00:25:10.415+0000] {logging_mixin.py:188} INFO - [2024-04-04T00:25:10.414+0000] {dag.py:3047} INFO - Sync 2 DAGs
[2024-04-04T00:25:10.421+0000] {logging_mixin.py:188} INFO - [2024-04-04T00:25:10.421+0000] {dag.py:3834} INFO - Setting next_dagrun for example_subdag_operator.section-1 to None, run_after=None
[2024-04-04T00:25:10.422+0000] {logging_mixin.py:188} INFO - [2024-04-04T00:25:10.421+0000] {dag.py:3834} INFO - Setting next_dagrun for example_subdag_operator.section-2 to None, run_after=None
[2024-04-04T00:25:10.446+0000] {processor.py:183} INFO - Processing /home/datatalks_jan/anaconda3/lib/python3.11/site-packages/airflow/example_dags/example_subdag_operator.py took 0.148 seconds
[2024-04-04T00:25:58.152+0000] {processor.py:161} INFO - Started process (PID=105109) to work on /home/datatalks_jan/anaconda3/lib/python3.11/site-packages/airflow/example_dags/example_subdag_operator.py
[2024-04-04T00:25:58.155+0000] {processor.py:830} INFO - Processing file /home/datatalks_jan/anaconda3/lib/python3.11/site-packages/airflow/example_dags/example_subdag_operator.py for tasks to queue
[2024-04-04T00:25:58.156+0000] {logging_mixin.py:188} INFO - [2024-04-04T00:25:58.156+0000] {dagbag.py:540} INFO - Filling up the DagBag from /home/datatalks_jan/anaconda3/lib/python3.11/site-packages/airflow/example_dags/example_subdag_operator.py
[2024-04-04T00:25:58.199+0000] {processor.py:840} INFO - DAG(s) 'example_subdag_operator.section-1', 'example_subdag_operator.section-2', 'example_subdag_operator' retrieved from /home/datatalks_jan/anaconda3/lib/python3.11/site-packages/airflow/example_dags/example_subdag_operator.py
[2024-04-04T00:25:58.223+0000] {logging_mixin.py:188} INFO - [2024-04-04T00:25:58.223+0000] {dag.py:3047} INFO - Sync 3 DAGs
[2024-04-04T00:25:58.250+0000] {logging_mixin.py:188} INFO - [2024-04-04T00:25:58.250+0000] {dag.py:3834} INFO - Setting next_dagrun for example_subdag_operator to 2022-01-01 00:00:00+00:00, run_after=2022-01-01 00:00:00+00:00
[2024-04-04T00:25:58.255+0000] {logging_mixin.py:188} INFO - [2024-04-04T00:25:58.254+0000] {dag.py:3834} INFO - Setting next_dagrun for example_subdag_operator.section-1 to None, run_after=None
[2024-04-04T00:25:58.256+0000] {logging_mixin.py:188} INFO - [2024-04-04T00:25:58.256+0000] {dag.py:3834} INFO - Setting next_dagrun for example_subdag_operator.section-2 to None, run_after=None
[2024-04-04T00:25:58.264+0000] {logging_mixin.py:188} INFO - [2024-04-04T00:25:58.263+0000] {dag.py:3047} INFO - Sync 2 DAGs
[2024-04-04T00:25:58.269+0000] {logging_mixin.py:188} INFO - [2024-04-04T00:25:58.269+0000] {dag.py:3834} INFO - Setting next_dagrun for example_subdag_operator.section-1 to None, run_after=None
[2024-04-04T00:25:58.269+0000] {logging_mixin.py:188} INFO - [2024-04-04T00:25:58.269+0000] {dag.py:3834} INFO - Setting next_dagrun for example_subdag_operator.section-2 to None, run_after=None
[2024-04-04T00:25:58.288+0000] {processor.py:183} INFO - Processing /home/datatalks_jan/anaconda3/lib/python3.11/site-packages/airflow/example_dags/example_subdag_operator.py took 0.141 seconds
[2024-04-04T00:26:41.302+0000] {processor.py:161} INFO - Started process (PID=105159) to work on /home/datatalks_jan/anaconda3/lib/python3.11/site-packages/airflow/example_dags/example_subdag_operator.py
[2024-04-04T00:26:41.304+0000] {processor.py:830} INFO - Processing file /home/datatalks_jan/anaconda3/lib/python3.11/site-packages/airflow/example_dags/example_subdag_operator.py for tasks to queue
[2024-04-04T00:26:41.306+0000] {logging_mixin.py:188} INFO - [2024-04-04T00:26:41.305+0000] {dagbag.py:540} INFO - Filling up the DagBag from /home/datatalks_jan/anaconda3/lib/python3.11/site-packages/airflow/example_dags/example_subdag_operator.py
[2024-04-04T00:26:41.347+0000] {processor.py:840} INFO - DAG(s) 'example_subdag_operator.section-1', 'example_subdag_operator.section-2', 'example_subdag_operator' retrieved from /home/datatalks_jan/anaconda3/lib/python3.11/site-packages/airflow/example_dags/example_subdag_operator.py
[2024-04-04T00:26:41.369+0000] {logging_mixin.py:188} INFO - [2024-04-04T00:26:41.369+0000] {dag.py:3047} INFO - Sync 3 DAGs
[2024-04-04T00:26:41.395+0000] {logging_mixin.py:188} INFO - [2024-04-04T00:26:41.394+0000] {dag.py:3834} INFO - Setting next_dagrun for example_subdag_operator to 2022-01-01 00:00:00+00:00, run_after=2022-01-01 00:00:00+00:00
[2024-04-04T00:26:41.398+0000] {logging_mixin.py:188} INFO - [2024-04-04T00:26:41.398+0000] {dag.py:3834} INFO - Setting next_dagrun for example_subdag_operator.section-1 to None, run_after=None
[2024-04-04T00:26:41.399+0000] {logging_mixin.py:188} INFO - [2024-04-04T00:26:41.399+0000] {dag.py:3834} INFO - Setting next_dagrun for example_subdag_operator.section-2 to None, run_after=None
[2024-04-04T00:26:41.406+0000] {logging_mixin.py:188} INFO - [2024-04-04T00:26:41.406+0000] {dag.py:3047} INFO - Sync 2 DAGs
[2024-04-04T00:26:41.411+0000] {logging_mixin.py:188} INFO - [2024-04-04T00:26:41.411+0000] {dag.py:3834} INFO - Setting next_dagrun for example_subdag_operator.section-1 to None, run_after=None
[2024-04-04T00:26:41.412+0000] {logging_mixin.py:188} INFO - [2024-04-04T00:26:41.411+0000] {dag.py:3834} INFO - Setting next_dagrun for example_subdag_operator.section-2 to None, run_after=None
[2024-04-04T00:26:41.430+0000] {processor.py:183} INFO - Processing /home/datatalks_jan/anaconda3/lib/python3.11/site-packages/airflow/example_dags/example_subdag_operator.py took 0.135 seconds
[2024-04-04T00:27:25.979+0000] {processor.py:161} INFO - Started process (PID=105205) to work on /home/datatalks_jan/anaconda3/lib/python3.11/site-packages/airflow/example_dags/example_subdag_operator.py
[2024-04-04T00:27:25.981+0000] {processor.py:830} INFO - Processing file /home/datatalks_jan/anaconda3/lib/python3.11/site-packages/airflow/example_dags/example_subdag_operator.py for tasks to queue
[2024-04-04T00:27:25.982+0000] {logging_mixin.py:188} INFO - [2024-04-04T00:27:25.982+0000] {dagbag.py:540} INFO - Filling up the DagBag from /home/datatalks_jan/anaconda3/lib/python3.11/site-packages/airflow/example_dags/example_subdag_operator.py
[2024-04-04T00:27:26.018+0000] {processor.py:840} INFO - DAG(s) 'example_subdag_operator.section-1', 'example_subdag_operator.section-2', 'example_subdag_operator' retrieved from /home/datatalks_jan/anaconda3/lib/python3.11/site-packages/airflow/example_dags/example_subdag_operator.py
[2024-04-04T00:27:26.040+0000] {logging_mixin.py:188} INFO - [2024-04-04T00:27:26.039+0000] {dag.py:3047} INFO - Sync 3 DAGs
[2024-04-04T00:27:26.064+0000] {logging_mixin.py:188} INFO - [2024-04-04T00:27:26.064+0000] {dag.py:3834} INFO - Setting next_dagrun for example_subdag_operator to 2022-01-01 00:00:00+00:00, run_after=2022-01-01 00:00:00+00:00
[2024-04-04T00:27:26.068+0000] {logging_mixin.py:188} INFO - [2024-04-04T00:27:26.068+0000] {dag.py:3834} INFO - Setting next_dagrun for example_subdag_operator.section-1 to None, run_after=None
[2024-04-04T00:27:26.070+0000] {logging_mixin.py:188} INFO - [2024-04-04T00:27:26.069+0000] {dag.py:3834} INFO - Setting next_dagrun for example_subdag_operator.section-2 to None, run_after=None
[2024-04-04T00:27:26.081+0000] {logging_mixin.py:188} INFO - [2024-04-04T00:27:26.080+0000] {dag.py:3047} INFO - Sync 2 DAGs
[2024-04-04T00:27:26.086+0000] {logging_mixin.py:188} INFO - [2024-04-04T00:27:26.086+0000] {dag.py:3834} INFO - Setting next_dagrun for example_subdag_operator.section-1 to None, run_after=None
[2024-04-04T00:27:26.087+0000] {logging_mixin.py:188} INFO - [2024-04-04T00:27:26.087+0000] {dag.py:3834} INFO - Setting next_dagrun for example_subdag_operator.section-2 to None, run_after=None
[2024-04-04T00:27:26.107+0000] {processor.py:183} INFO - Processing /home/datatalks_jan/anaconda3/lib/python3.11/site-packages/airflow/example_dags/example_subdag_operator.py took 0.134 seconds
[2024-04-04T00:28:13.849+0000] {processor.py:161} INFO - Started process (PID=105255) to work on /home/datatalks_jan/anaconda3/lib/python3.11/site-packages/airflow/example_dags/example_subdag_operator.py
[2024-04-04T00:28:13.851+0000] {processor.py:830} INFO - Processing file /home/datatalks_jan/anaconda3/lib/python3.11/site-packages/airflow/example_dags/example_subdag_operator.py for tasks to queue
[2024-04-04T00:28:13.853+0000] {logging_mixin.py:188} INFO - [2024-04-04T00:28:13.852+0000] {dagbag.py:540} INFO - Filling up the DagBag from /home/datatalks_jan/anaconda3/lib/python3.11/site-packages/airflow/example_dags/example_subdag_operator.py
[2024-04-04T00:28:13.889+0000] {processor.py:840} INFO - DAG(s) 'example_subdag_operator.section-1', 'example_subdag_operator.section-2', 'example_subdag_operator' retrieved from /home/datatalks_jan/anaconda3/lib/python3.11/site-packages/airflow/example_dags/example_subdag_operator.py
[2024-04-04T00:28:13.912+0000] {logging_mixin.py:188} INFO - [2024-04-04T00:28:13.912+0000] {dag.py:3047} INFO - Sync 3 DAGs
[2024-04-04T00:28:13.939+0000] {logging_mixin.py:188} INFO - [2024-04-04T00:28:13.939+0000] {dag.py:3834} INFO - Setting next_dagrun for example_subdag_operator to 2022-01-01 00:00:00+00:00, run_after=2022-01-01 00:00:00+00:00
[2024-04-04T00:28:13.944+0000] {logging_mixin.py:188} INFO - [2024-04-04T00:28:13.943+0000] {dag.py:3834} INFO - Setting next_dagrun for example_subdag_operator.section-1 to None, run_after=None
[2024-04-04T00:28:13.945+0000] {logging_mixin.py:188} INFO - [2024-04-04T00:28:13.945+0000] {dag.py:3834} INFO - Setting next_dagrun for example_subdag_operator.section-2 to None, run_after=None
[2024-04-04T00:28:13.952+0000] {logging_mixin.py:188} INFO - [2024-04-04T00:28:13.952+0000] {dag.py:3047} INFO - Sync 2 DAGs
[2024-04-04T00:28:13.958+0000] {logging_mixin.py:188} INFO - [2024-04-04T00:28:13.957+0000] {dag.py:3834} INFO - Setting next_dagrun for example_subdag_operator.section-1 to None, run_after=None
[2024-04-04T00:28:13.958+0000] {logging_mixin.py:188} INFO - [2024-04-04T00:28:13.958+0000] {dag.py:3834} INFO - Setting next_dagrun for example_subdag_operator.section-2 to None, run_after=None
[2024-04-04T00:28:13.977+0000] {processor.py:183} INFO - Processing /home/datatalks_jan/anaconda3/lib/python3.11/site-packages/airflow/example_dags/example_subdag_operator.py took 0.135 seconds
[2024-04-04T00:29:07.821+0000] {processor.py:161} INFO - Started process (PID=105577) to work on /home/datatalks_jan/anaconda3/lib/python3.11/site-packages/airflow/example_dags/example_subdag_operator.py
[2024-04-04T00:29:07.823+0000] {processor.py:830} INFO - Processing file /home/datatalks_jan/anaconda3/lib/python3.11/site-packages/airflow/example_dags/example_subdag_operator.py for tasks to queue
[2024-04-04T00:29:07.825+0000] {logging_mixin.py:188} INFO - [2024-04-04T00:29:07.824+0000] {dagbag.py:540} INFO - Filling up the DagBag from /home/datatalks_jan/anaconda3/lib/python3.11/site-packages/airflow/example_dags/example_subdag_operator.py
[2024-04-04T00:29:07.861+0000] {processor.py:840} INFO - DAG(s) 'example_subdag_operator.section-1', 'example_subdag_operator.section-2', 'example_subdag_operator' retrieved from /home/datatalks_jan/anaconda3/lib/python3.11/site-packages/airflow/example_dags/example_subdag_operator.py
[2024-04-04T00:29:07.883+0000] {logging_mixin.py:188} INFO - [2024-04-04T00:29:07.882+0000] {dag.py:3047} INFO - Sync 3 DAGs
[2024-04-04T00:29:07.908+0000] {logging_mixin.py:188} INFO - [2024-04-04T00:29:07.908+0000] {dag.py:3834} INFO - Setting next_dagrun for example_subdag_operator to 2022-01-01 00:00:00+00:00, run_after=2022-01-01 00:00:00+00:00
[2024-04-04T00:29:07.913+0000] {logging_mixin.py:188} INFO - [2024-04-04T00:29:07.912+0000] {dag.py:3834} INFO - Setting next_dagrun for example_subdag_operator.section-1 to None, run_after=None
[2024-04-04T00:29:07.914+0000] {logging_mixin.py:188} INFO - [2024-04-04T00:29:07.913+0000] {dag.py:3834} INFO - Setting next_dagrun for example_subdag_operator.section-2 to None, run_after=None
[2024-04-04T00:29:07.921+0000] {logging_mixin.py:188} INFO - [2024-04-04T00:29:07.920+0000] {dag.py:3047} INFO - Sync 2 DAGs
[2024-04-04T00:29:07.926+0000] {logging_mixin.py:188} INFO - [2024-04-04T00:29:07.925+0000] {dag.py:3834} INFO - Setting next_dagrun for example_subdag_operator.section-1 to None, run_after=None
[2024-04-04T00:29:07.926+0000] {logging_mixin.py:188} INFO - [2024-04-04T00:29:07.926+0000] {dag.py:3834} INFO - Setting next_dagrun for example_subdag_operator.section-2 to None, run_after=None
[2024-04-04T00:29:07.944+0000] {processor.py:183} INFO - Processing /home/datatalks_jan/anaconda3/lib/python3.11/site-packages/airflow/example_dags/example_subdag_operator.py took 0.129 seconds
[2024-04-04T00:29:53.531+0000] {processor.py:161} INFO - Started process (PID=105803) to work on /home/datatalks_jan/anaconda3/lib/python3.11/site-packages/airflow/example_dags/example_subdag_operator.py
[2024-04-04T00:29:53.533+0000] {processor.py:830} INFO - Processing file /home/datatalks_jan/anaconda3/lib/python3.11/site-packages/airflow/example_dags/example_subdag_operator.py for tasks to queue
[2024-04-04T00:29:53.535+0000] {logging_mixin.py:188} INFO - [2024-04-04T00:29:53.534+0000] {dagbag.py:540} INFO - Filling up the DagBag from /home/datatalks_jan/anaconda3/lib/python3.11/site-packages/airflow/example_dags/example_subdag_operator.py
[2024-04-04T00:29:53.571+0000] {processor.py:840} INFO - DAG(s) 'example_subdag_operator.section-1', 'example_subdag_operator.section-2', 'example_subdag_operator' retrieved from /home/datatalks_jan/anaconda3/lib/python3.11/site-packages/airflow/example_dags/example_subdag_operator.py
[2024-04-04T00:29:53.593+0000] {logging_mixin.py:188} INFO - [2024-04-04T00:29:53.592+0000] {dag.py:3047} INFO - Sync 3 DAGs
[2024-04-04T00:29:53.620+0000] {logging_mixin.py:188} INFO - [2024-04-04T00:29:53.620+0000] {dag.py:3834} INFO - Setting next_dagrun for example_subdag_operator to 2022-01-01 00:00:00+00:00, run_after=2022-01-01 00:00:00+00:00
[2024-04-04T00:29:53.625+0000] {logging_mixin.py:188} INFO - [2024-04-04T00:29:53.624+0000] {dag.py:3834} INFO - Setting next_dagrun for example_subdag_operator.section-1 to None, run_after=None
[2024-04-04T00:29:53.626+0000] {logging_mixin.py:188} INFO - [2024-04-04T00:29:53.626+0000] {dag.py:3834} INFO - Setting next_dagrun for example_subdag_operator.section-2 to None, run_after=None
[2024-04-04T00:29:53.634+0000] {logging_mixin.py:188} INFO - [2024-04-04T00:29:53.633+0000] {dag.py:3047} INFO - Sync 2 DAGs
[2024-04-04T00:29:53.639+0000] {logging_mixin.py:188} INFO - [2024-04-04T00:29:53.639+0000] {dag.py:3834} INFO - Setting next_dagrun for example_subdag_operator.section-1 to None, run_after=None
[2024-04-04T00:29:53.640+0000] {logging_mixin.py:188} INFO - [2024-04-04T00:29:53.639+0000] {dag.py:3834} INFO - Setting next_dagrun for example_subdag_operator.section-2 to None, run_after=None
[2024-04-04T00:29:53.660+0000] {processor.py:183} INFO - Processing /home/datatalks_jan/anaconda3/lib/python3.11/site-packages/airflow/example_dags/example_subdag_operator.py took 0.135 seconds
[2024-04-04T00:30:34.359+0000] {processor.py:161} INFO - Started process (PID=105847) to work on /home/datatalks_jan/anaconda3/lib/python3.11/site-packages/airflow/example_dags/example_subdag_operator.py
[2024-04-04T00:30:34.361+0000] {processor.py:830} INFO - Processing file /home/datatalks_jan/anaconda3/lib/python3.11/site-packages/airflow/example_dags/example_subdag_operator.py for tasks to queue
[2024-04-04T00:30:34.363+0000] {logging_mixin.py:188} INFO - [2024-04-04T00:30:34.362+0000] {dagbag.py:540} INFO - Filling up the DagBag from /home/datatalks_jan/anaconda3/lib/python3.11/site-packages/airflow/example_dags/example_subdag_operator.py
[2024-04-04T00:30:34.400+0000] {processor.py:840} INFO - DAG(s) 'example_subdag_operator.section-1', 'example_subdag_operator.section-2', 'example_subdag_operator' retrieved from /home/datatalks_jan/anaconda3/lib/python3.11/site-packages/airflow/example_dags/example_subdag_operator.py
[2024-04-04T00:30:34.422+0000] {logging_mixin.py:188} INFO - [2024-04-04T00:30:34.421+0000] {dag.py:3047} INFO - Sync 3 DAGs
[2024-04-04T00:30:34.448+0000] {logging_mixin.py:188} INFO - [2024-04-04T00:30:34.448+0000] {dag.py:3834} INFO - Setting next_dagrun for example_subdag_operator to 2022-01-01 00:00:00+00:00, run_after=2022-01-01 00:00:00+00:00
[2024-04-04T00:30:34.453+0000] {logging_mixin.py:188} INFO - [2024-04-04T00:30:34.452+0000] {dag.py:3834} INFO - Setting next_dagrun for example_subdag_operator.section-1 to None, run_after=None
[2024-04-04T00:30:34.454+0000] {logging_mixin.py:188} INFO - [2024-04-04T00:30:34.454+0000] {dag.py:3834} INFO - Setting next_dagrun for example_subdag_operator.section-2 to None, run_after=None
[2024-04-04T00:30:34.462+0000] {logging_mixin.py:188} INFO - [2024-04-04T00:30:34.461+0000] {dag.py:3047} INFO - Sync 2 DAGs
[2024-04-04T00:30:34.468+0000] {logging_mixin.py:188} INFO - [2024-04-04T00:30:34.467+0000] {dag.py:3834} INFO - Setting next_dagrun for example_subdag_operator.section-1 to None, run_after=None
[2024-04-04T00:30:34.468+0000] {logging_mixin.py:188} INFO - [2024-04-04T00:30:34.468+0000] {dag.py:3834} INFO - Setting next_dagrun for example_subdag_operator.section-2 to None, run_after=None
[2024-04-04T00:30:34.489+0000] {processor.py:183} INFO - Processing /home/datatalks_jan/anaconda3/lib/python3.11/site-packages/airflow/example_dags/example_subdag_operator.py took 0.136 seconds
[2024-04-04T00:31:18.062+0000] {processor.py:161} INFO - Started process (PID=105949) to work on /home/datatalks_jan/anaconda3/lib/python3.11/site-packages/airflow/example_dags/example_subdag_operator.py
[2024-04-04T00:31:18.064+0000] {processor.py:830} INFO - Processing file /home/datatalks_jan/anaconda3/lib/python3.11/site-packages/airflow/example_dags/example_subdag_operator.py for tasks to queue
[2024-04-04T00:31:18.065+0000] {logging_mixin.py:188} INFO - [2024-04-04T00:31:18.064+0000] {dagbag.py:540} INFO - Filling up the DagBag from /home/datatalks_jan/anaconda3/lib/python3.11/site-packages/airflow/example_dags/example_subdag_operator.py
[2024-04-04T00:31:18.097+0000] {processor.py:840} INFO - DAG(s) 'example_subdag_operator.section-1', 'example_subdag_operator.section-2', 'example_subdag_operator' retrieved from /home/datatalks_jan/anaconda3/lib/python3.11/site-packages/airflow/example_dags/example_subdag_operator.py
[2024-04-04T00:31:18.116+0000] {logging_mixin.py:188} INFO - [2024-04-04T00:31:18.116+0000] {dag.py:3047} INFO - Sync 3 DAGs
[2024-04-04T00:31:18.138+0000] {logging_mixin.py:188} INFO - [2024-04-04T00:31:18.137+0000] {dag.py:3834} INFO - Setting next_dagrun for example_subdag_operator to 2022-01-01 00:00:00+00:00, run_after=2022-01-01 00:00:00+00:00
[2024-04-04T00:31:18.142+0000] {logging_mixin.py:188} INFO - [2024-04-04T00:31:18.142+0000] {dag.py:3834} INFO - Setting next_dagrun for example_subdag_operator.section-1 to None, run_after=None
[2024-04-04T00:31:18.143+0000] {logging_mixin.py:188} INFO - [2024-04-04T00:31:18.143+0000] {dag.py:3834} INFO - Setting next_dagrun for example_subdag_operator.section-2 to None, run_after=None
[2024-04-04T00:31:18.150+0000] {logging_mixin.py:188} INFO - [2024-04-04T00:31:18.150+0000] {dag.py:3047} INFO - Sync 2 DAGs
[2024-04-04T00:31:18.154+0000] {logging_mixin.py:188} INFO - [2024-04-04T00:31:18.154+0000] {dag.py:3834} INFO - Setting next_dagrun for example_subdag_operator.section-1 to None, run_after=None
[2024-04-04T00:31:18.155+0000] {logging_mixin.py:188} INFO - [2024-04-04T00:31:18.154+0000] {dag.py:3834} INFO - Setting next_dagrun for example_subdag_operator.section-2 to None, run_after=None
[2024-04-04T00:31:18.171+0000] {processor.py:183} INFO - Processing /home/datatalks_jan/anaconda3/lib/python3.11/site-packages/airflow/example_dags/example_subdag_operator.py took 0.114 seconds
