[2024-04-04T00:06:20.273+0000] {processor.py:161} INFO - Started process (PID=99553) to work on /home/datatalks_jan/anaconda3/lib/python3.11/site-packages/airflow/example_dags/example_setup_teardown.py
[2024-04-04T00:06:20.275+0000] {processor.py:830} INFO - Processing file /home/datatalks_jan/anaconda3/lib/python3.11/site-packages/airflow/example_dags/example_setup_teardown.py for tasks to queue
[2024-04-04T00:06:20.276+0000] {logging_mixin.py:188} INFO - [2024-04-04T00:06:20.275+0000] {dagbag.py:540} INFO - Filling up the DagBag from /home/datatalks_jan/anaconda3/lib/python3.11/site-packages/airflow/example_dags/example_setup_teardown.py
[2024-04-04T00:06:20.289+0000] {processor.py:840} INFO - DAG(s) 'example_setup_teardown' retrieved from /home/datatalks_jan/anaconda3/lib/python3.11/site-packages/airflow/example_dags/example_setup_teardown.py
[2024-04-04T00:06:20.318+0000] {logging_mixin.py:188} INFO - [2024-04-04T00:06:20.317+0000] {dag.py:3047} INFO - Sync 1 DAGs
[2024-04-04T00:06:20.344+0000] {logging_mixin.py:188} INFO - [2024-04-04T00:06:20.343+0000] {dag.py:3834} INFO - Setting next_dagrun for example_setup_teardown to 2024-04-03 00:00:00+00:00, run_after=2024-04-04 00:00:00+00:00
[2024-04-04T00:06:20.373+0000] {processor.py:183} INFO - Processing /home/datatalks_jan/anaconda3/lib/python3.11/site-packages/airflow/example_dags/example_setup_teardown.py took 0.106 seconds
[2024-04-04T00:07:27.132+0000] {processor.py:161} INFO - Started process (PID=99902) to work on /home/datatalks_jan/anaconda3/lib/python3.11/site-packages/airflow/example_dags/example_setup_teardown.py
[2024-04-04T00:07:27.134+0000] {processor.py:830} INFO - Processing file /home/datatalks_jan/anaconda3/lib/python3.11/site-packages/airflow/example_dags/example_setup_teardown.py for tasks to queue
[2024-04-04T00:07:27.136+0000] {logging_mixin.py:188} INFO - [2024-04-04T00:07:27.135+0000] {dagbag.py:540} INFO - Filling up the DagBag from /home/datatalks_jan/anaconda3/lib/python3.11/site-packages/airflow/example_dags/example_setup_teardown.py
[2024-04-04T00:07:27.148+0000] {processor.py:840} INFO - DAG(s) 'example_setup_teardown' retrieved from /home/datatalks_jan/anaconda3/lib/python3.11/site-packages/airflow/example_dags/example_setup_teardown.py
[2024-04-04T00:07:27.172+0000] {logging_mixin.py:188} INFO - [2024-04-04T00:07:27.171+0000] {dag.py:3047} INFO - Sync 1 DAGs
[2024-04-04T00:07:27.195+0000] {logging_mixin.py:188} INFO - [2024-04-04T00:07:27.195+0000] {dag.py:3834} INFO - Setting next_dagrun for example_setup_teardown to 2024-04-03 00:00:00+00:00, run_after=2024-04-04 00:00:00+00:00
[2024-04-04T00:07:27.221+0000] {processor.py:183} INFO - Processing /home/datatalks_jan/anaconda3/lib/python3.11/site-packages/airflow/example_dags/example_setup_teardown.py took 0.094 seconds
[2024-04-04T00:08:32.033+0000] {processor.py:161} INFO - Started process (PID=100260) to work on /home/datatalks_jan/anaconda3/lib/python3.11/site-packages/airflow/example_dags/example_setup_teardown.py
[2024-04-04T00:08:32.035+0000] {processor.py:830} INFO - Processing file /home/datatalks_jan/anaconda3/lib/python3.11/site-packages/airflow/example_dags/example_setup_teardown.py for tasks to queue
[2024-04-04T00:08:32.036+0000] {logging_mixin.py:188} INFO - [2024-04-04T00:08:32.036+0000] {dagbag.py:540} INFO - Filling up the DagBag from /home/datatalks_jan/anaconda3/lib/python3.11/site-packages/airflow/example_dags/example_setup_teardown.py
[2024-04-04T00:08:32.050+0000] {processor.py:840} INFO - DAG(s) 'example_setup_teardown' retrieved from /home/datatalks_jan/anaconda3/lib/python3.11/site-packages/airflow/example_dags/example_setup_teardown.py
[2024-04-04T00:08:32.076+0000] {logging_mixin.py:188} INFO - [2024-04-04T00:08:32.075+0000] {dag.py:3047} INFO - Sync 1 DAGs
[2024-04-04T00:08:32.101+0000] {logging_mixin.py:188} INFO - [2024-04-04T00:08:32.101+0000] {dag.py:3834} INFO - Setting next_dagrun for example_setup_teardown to 2024-04-03 00:00:00+00:00, run_after=2024-04-04 00:00:00+00:00
[2024-04-04T00:08:32.129+0000] {processor.py:183} INFO - Processing /home/datatalks_jan/anaconda3/lib/python3.11/site-packages/airflow/example_dags/example_setup_teardown.py took 0.102 seconds
[2024-04-04T00:09:37.612+0000] {processor.py:161} INFO - Started process (PID=100665) to work on /home/datatalks_jan/anaconda3/lib/python3.11/site-packages/airflow/example_dags/example_setup_teardown.py
[2024-04-04T00:09:37.616+0000] {processor.py:830} INFO - Processing file /home/datatalks_jan/anaconda3/lib/python3.11/site-packages/airflow/example_dags/example_setup_teardown.py for tasks to queue
[2024-04-04T00:09:37.618+0000] {logging_mixin.py:188} INFO - [2024-04-04T00:09:37.617+0000] {dagbag.py:540} INFO - Filling up the DagBag from /home/datatalks_jan/anaconda3/lib/python3.11/site-packages/airflow/example_dags/example_setup_teardown.py
[2024-04-04T00:09:37.633+0000] {processor.py:840} INFO - DAG(s) 'example_setup_teardown' retrieved from /home/datatalks_jan/anaconda3/lib/python3.11/site-packages/airflow/example_dags/example_setup_teardown.py
[2024-04-04T00:09:37.664+0000] {logging_mixin.py:188} INFO - [2024-04-04T00:09:37.664+0000] {dag.py:3047} INFO - Sync 1 DAGs
[2024-04-04T00:09:37.694+0000] {logging_mixin.py:188} INFO - [2024-04-04T00:09:37.694+0000] {dag.py:3834} INFO - Setting next_dagrun for example_setup_teardown to 2024-04-03 00:00:00+00:00, run_after=2024-04-04 00:00:00+00:00
[2024-04-04T00:09:37.736+0000] {processor.py:183} INFO - Processing /home/datatalks_jan/anaconda3/lib/python3.11/site-packages/airflow/example_dags/example_setup_teardown.py took 0.131 seconds
