[2024-04-04T00:06:02.170+0000] {processor.py:161} INFO - Started process (PID=99530) to work on /home/datatalks_jan/anaconda3/lib/python3.11/site-packages/airflow/example_dags/example_trigger_controller_dag.py
[2024-04-04T00:06:02.172+0000] {processor.py:830} INFO - Processing file /home/datatalks_jan/anaconda3/lib/python3.11/site-packages/airflow/example_dags/example_trigger_controller_dag.py for tasks to queue
[2024-04-04T00:06:02.174+0000] {logging_mixin.py:188} INFO - [2024-04-04T00:06:02.173+0000] {dagbag.py:540} INFO - Filling up the DagBag from /home/datatalks_jan/anaconda3/lib/python3.11/site-packages/airflow/example_dags/example_trigger_controller_dag.py
[2024-04-04T00:06:02.184+0000] {processor.py:840} INFO - DAG(s) 'example_trigger_controller_dag' retrieved from /home/datatalks_jan/anaconda3/lib/python3.11/site-packages/airflow/example_dags/example_trigger_controller_dag.py
[2024-04-04T00:06:02.212+0000] {logging_mixin.py:188} INFO - [2024-04-04T00:06:02.211+0000] {dag.py:3047} INFO - Sync 1 DAGs
[2024-04-04T00:06:02.235+0000] {logging_mixin.py:188} INFO - [2024-04-04T00:06:02.235+0000] {dag.py:3834} INFO - Setting next_dagrun for example_trigger_controller_dag to 2021-01-01 00:00:00+00:00, run_after=2021-01-01 00:00:00+00:00
[2024-04-04T00:06:02.263+0000] {processor.py:183} INFO - Processing /home/datatalks_jan/anaconda3/lib/python3.11/site-packages/airflow/example_dags/example_trigger_controller_dag.py took 0.099 seconds
[2024-04-04T00:07:03.010+0000] {processor.py:161} INFO - Started process (PID=99790) to work on /home/datatalks_jan/anaconda3/lib/python3.11/site-packages/airflow/example_dags/example_trigger_controller_dag.py
[2024-04-04T00:07:03.013+0000] {processor.py:830} INFO - Processing file /home/datatalks_jan/anaconda3/lib/python3.11/site-packages/airflow/example_dags/example_trigger_controller_dag.py for tasks to queue
[2024-04-04T00:07:03.015+0000] {logging_mixin.py:188} INFO - [2024-04-04T00:07:03.015+0000] {dagbag.py:540} INFO - Filling up the DagBag from /home/datatalks_jan/anaconda3/lib/python3.11/site-packages/airflow/example_dags/example_trigger_controller_dag.py
[2024-04-04T00:07:03.025+0000] {processor.py:840} INFO - DAG(s) 'example_trigger_controller_dag' retrieved from /home/datatalks_jan/anaconda3/lib/python3.11/site-packages/airflow/example_dags/example_trigger_controller_dag.py
[2024-04-04T00:07:03.054+0000] {logging_mixin.py:188} INFO - [2024-04-04T00:07:03.053+0000] {dag.py:3047} INFO - Sync 1 DAGs
[2024-04-04T00:07:03.082+0000] {logging_mixin.py:188} INFO - [2024-04-04T00:07:03.081+0000] {dag.py:3834} INFO - Setting next_dagrun for example_trigger_controller_dag to 2021-01-01 00:00:00+00:00, run_after=2021-01-01 00:00:00+00:00
[2024-04-04T00:07:03.121+0000] {processor.py:183} INFO - Processing /home/datatalks_jan/anaconda3/lib/python3.11/site-packages/airflow/example_dags/example_trigger_controller_dag.py took 0.117 seconds
[2024-04-04T00:08:11.099+0000] {processor.py:161} INFO - Started process (PID=100239) to work on /home/datatalks_jan/anaconda3/lib/python3.11/site-packages/airflow/example_dags/example_trigger_controller_dag.py
[2024-04-04T00:08:11.101+0000] {processor.py:830} INFO - Processing file /home/datatalks_jan/anaconda3/lib/python3.11/site-packages/airflow/example_dags/example_trigger_controller_dag.py for tasks to queue
[2024-04-04T00:08:11.103+0000] {logging_mixin.py:188} INFO - [2024-04-04T00:08:11.102+0000] {dagbag.py:540} INFO - Filling up the DagBag from /home/datatalks_jan/anaconda3/lib/python3.11/site-packages/airflow/example_dags/example_trigger_controller_dag.py
[2024-04-04T00:08:11.111+0000] {processor.py:840} INFO - DAG(s) 'example_trigger_controller_dag' retrieved from /home/datatalks_jan/anaconda3/lib/python3.11/site-packages/airflow/example_dags/example_trigger_controller_dag.py
[2024-04-04T00:08:11.138+0000] {logging_mixin.py:188} INFO - [2024-04-04T00:08:11.137+0000] {dag.py:3047} INFO - Sync 1 DAGs
[2024-04-04T00:08:11.162+0000] {logging_mixin.py:188} INFO - [2024-04-04T00:08:11.161+0000] {dag.py:3834} INFO - Setting next_dagrun for example_trigger_controller_dag to 2021-01-01 00:00:00+00:00, run_after=2021-01-01 00:00:00+00:00
[2024-04-04T00:08:11.189+0000] {processor.py:183} INFO - Processing /home/datatalks_jan/anaconda3/lib/python3.11/site-packages/airflow/example_dags/example_trigger_controller_dag.py took 0.095 seconds
[2024-04-04T00:09:18.754+0000] {processor.py:161} INFO - Started process (PID=100548) to work on /home/datatalks_jan/anaconda3/lib/python3.11/site-packages/airflow/example_dags/example_trigger_controller_dag.py
[2024-04-04T00:09:18.756+0000] {processor.py:830} INFO - Processing file /home/datatalks_jan/anaconda3/lib/python3.11/site-packages/airflow/example_dags/example_trigger_controller_dag.py for tasks to queue
[2024-04-04T00:09:18.757+0000] {logging_mixin.py:188} INFO - [2024-04-04T00:09:18.757+0000] {dagbag.py:540} INFO - Filling up the DagBag from /home/datatalks_jan/anaconda3/lib/python3.11/site-packages/airflow/example_dags/example_trigger_controller_dag.py
[2024-04-04T00:09:18.765+0000] {processor.py:840} INFO - DAG(s) 'example_trigger_controller_dag' retrieved from /home/datatalks_jan/anaconda3/lib/python3.11/site-packages/airflow/example_dags/example_trigger_controller_dag.py
[2024-04-04T00:09:18.790+0000] {logging_mixin.py:188} INFO - [2024-04-04T00:09:18.790+0000] {dag.py:3047} INFO - Sync 1 DAGs
[2024-04-04T00:09:18.813+0000] {logging_mixin.py:188} INFO - [2024-04-04T00:09:18.813+0000] {dag.py:3834} INFO - Setting next_dagrun for example_trigger_controller_dag to 2021-01-01 00:00:00+00:00, run_after=2021-01-01 00:00:00+00:00
[2024-04-04T00:09:18.840+0000] {processor.py:183} INFO - Processing /home/datatalks_jan/anaconda3/lib/python3.11/site-packages/airflow/example_dags/example_trigger_controller_dag.py took 0.091 seconds
[2024-04-04T00:10:12.214+0000] {processor.py:161} INFO - Started process (PID=100966) to work on /home/datatalks_jan/anaconda3/lib/python3.11/site-packages/airflow/example_dags/example_trigger_controller_dag.py
[2024-04-04T00:10:12.217+0000] {processor.py:830} INFO - Processing file /home/datatalks_jan/anaconda3/lib/python3.11/site-packages/airflow/example_dags/example_trigger_controller_dag.py for tasks to queue
[2024-04-04T00:10:12.219+0000] {logging_mixin.py:188} INFO - [2024-04-04T00:10:12.218+0000] {dagbag.py:540} INFO - Filling up the DagBag from /home/datatalks_jan/anaconda3/lib/python3.11/site-packages/airflow/example_dags/example_trigger_controller_dag.py
[2024-04-04T00:10:12.229+0000] {processor.py:840} INFO - DAG(s) 'example_trigger_controller_dag' retrieved from /home/datatalks_jan/anaconda3/lib/python3.11/site-packages/airflow/example_dags/example_trigger_controller_dag.py
[2024-04-04T00:10:12.258+0000] {logging_mixin.py:188} INFO - [2024-04-04T00:10:12.258+0000] {dag.py:3047} INFO - Sync 1 DAGs
[2024-04-04T00:10:12.287+0000] {logging_mixin.py:188} INFO - [2024-04-04T00:10:12.286+0000] {dag.py:3834} INFO - Setting next_dagrun for example_trigger_controller_dag to 2021-01-01 00:00:00+00:00, run_after=2021-01-01 00:00:00+00:00
[2024-04-04T00:10:12.318+0000] {processor.py:183} INFO - Processing /home/datatalks_jan/anaconda3/lib/python3.11/site-packages/airflow/example_dags/example_trigger_controller_dag.py took 0.110 seconds
[2024-04-04T00:11:08.359+0000] {processor.py:161} INFO - Started process (PID=101463) to work on /home/datatalks_jan/anaconda3/lib/python3.11/site-packages/airflow/example_dags/example_trigger_controller_dag.py
[2024-04-04T00:11:08.362+0000] {processor.py:830} INFO - Processing file /home/datatalks_jan/anaconda3/lib/python3.11/site-packages/airflow/example_dags/example_trigger_controller_dag.py for tasks to queue
[2024-04-04T00:11:08.364+0000] {logging_mixin.py:188} INFO - [2024-04-04T00:11:08.363+0000] {dagbag.py:540} INFO - Filling up the DagBag from /home/datatalks_jan/anaconda3/lib/python3.11/site-packages/airflow/example_dags/example_trigger_controller_dag.py
[2024-04-04T00:11:08.373+0000] {processor.py:840} INFO - DAG(s) 'example_trigger_controller_dag' retrieved from /home/datatalks_jan/anaconda3/lib/python3.11/site-packages/airflow/example_dags/example_trigger_controller_dag.py
[2024-04-04T00:11:08.406+0000] {logging_mixin.py:188} INFO - [2024-04-04T00:11:08.406+0000] {dag.py:3047} INFO - Sync 1 DAGs
[2024-04-04T00:11:08.435+0000] {logging_mixin.py:188} INFO - [2024-04-04T00:11:08.434+0000] {dag.py:3834} INFO - Setting next_dagrun for example_trigger_controller_dag to 2021-01-01 00:00:00+00:00, run_after=2021-01-01 00:00:00+00:00
[2024-04-04T00:11:08.465+0000] {processor.py:183} INFO - Processing /home/datatalks_jan/anaconda3/lib/python3.11/site-packages/airflow/example_dags/example_trigger_controller_dag.py took 0.112 seconds
[2024-04-04T00:11:57.696+0000] {processor.py:161} INFO - Started process (PID=101823) to work on /home/datatalks_jan/anaconda3/lib/python3.11/site-packages/airflow/example_dags/example_trigger_controller_dag.py
[2024-04-04T00:11:57.698+0000] {processor.py:830} INFO - Processing file /home/datatalks_jan/anaconda3/lib/python3.11/site-packages/airflow/example_dags/example_trigger_controller_dag.py for tasks to queue
[2024-04-04T00:11:57.700+0000] {logging_mixin.py:188} INFO - [2024-04-04T00:11:57.699+0000] {dagbag.py:540} INFO - Filling up the DagBag from /home/datatalks_jan/anaconda3/lib/python3.11/site-packages/airflow/example_dags/example_trigger_controller_dag.py
[2024-04-04T00:11:57.708+0000] {processor.py:840} INFO - DAG(s) 'example_trigger_controller_dag' retrieved from /home/datatalks_jan/anaconda3/lib/python3.11/site-packages/airflow/example_dags/example_trigger_controller_dag.py
[2024-04-04T00:11:57.738+0000] {logging_mixin.py:188} INFO - [2024-04-04T00:11:57.737+0000] {dag.py:3047} INFO - Sync 1 DAGs
[2024-04-04T00:11:57.766+0000] {logging_mixin.py:188} INFO - [2024-04-04T00:11:57.766+0000] {dag.py:3834} INFO - Setting next_dagrun for example_trigger_controller_dag to 2021-01-01 00:00:00+00:00, run_after=2021-01-01 00:00:00+00:00
[2024-04-04T00:11:57.796+0000] {processor.py:183} INFO - Processing /home/datatalks_jan/anaconda3/lib/python3.11/site-packages/airflow/example_dags/example_trigger_controller_dag.py took 0.106 seconds
[2024-04-04T00:12:43.905+0000] {processor.py:161} INFO - Started process (PID=102081) to work on /home/datatalks_jan/anaconda3/lib/python3.11/site-packages/airflow/example_dags/example_trigger_controller_dag.py
[2024-04-04T00:12:43.908+0000] {processor.py:830} INFO - Processing file /home/datatalks_jan/anaconda3/lib/python3.11/site-packages/airflow/example_dags/example_trigger_controller_dag.py for tasks to queue
[2024-04-04T00:12:43.910+0000] {logging_mixin.py:188} INFO - [2024-04-04T00:12:43.909+0000] {dagbag.py:540} INFO - Filling up the DagBag from /home/datatalks_jan/anaconda3/lib/python3.11/site-packages/airflow/example_dags/example_trigger_controller_dag.py
[2024-04-04T00:12:43.919+0000] {processor.py:840} INFO - DAG(s) 'example_trigger_controller_dag' retrieved from /home/datatalks_jan/anaconda3/lib/python3.11/site-packages/airflow/example_dags/example_trigger_controller_dag.py
[2024-04-04T00:12:43.950+0000] {logging_mixin.py:188} INFO - [2024-04-04T00:12:43.949+0000] {dag.py:3047} INFO - Sync 1 DAGs
[2024-04-04T00:12:43.982+0000] {logging_mixin.py:188} INFO - [2024-04-04T00:12:43.981+0000] {dag.py:3834} INFO - Setting next_dagrun for example_trigger_controller_dag to 2021-01-01 00:00:00+00:00, run_after=2021-01-01 00:00:00+00:00
[2024-04-04T00:12:44.018+0000] {processor.py:183} INFO - Processing /home/datatalks_jan/anaconda3/lib/python3.11/site-packages/airflow/example_dags/example_trigger_controller_dag.py took 0.120 seconds
[2024-04-04T00:13:30.748+0000] {processor.py:161} INFO - Started process (PID=102471) to work on /home/datatalks_jan/anaconda3/lib/python3.11/site-packages/airflow/example_dags/example_trigger_controller_dag.py
[2024-04-04T00:13:30.750+0000] {processor.py:830} INFO - Processing file /home/datatalks_jan/anaconda3/lib/python3.11/site-packages/airflow/example_dags/example_trigger_controller_dag.py for tasks to queue
[2024-04-04T00:13:30.752+0000] {logging_mixin.py:188} INFO - [2024-04-04T00:13:30.751+0000] {dagbag.py:540} INFO - Filling up the DagBag from /home/datatalks_jan/anaconda3/lib/python3.11/site-packages/airflow/example_dags/example_trigger_controller_dag.py
[2024-04-04T00:13:30.759+0000] {processor.py:840} INFO - DAG(s) 'example_trigger_controller_dag' retrieved from /home/datatalks_jan/anaconda3/lib/python3.11/site-packages/airflow/example_dags/example_trigger_controller_dag.py
[2024-04-04T00:13:30.783+0000] {logging_mixin.py:188} INFO - [2024-04-04T00:13:30.783+0000] {dag.py:3047} INFO - Sync 1 DAGs
[2024-04-04T00:13:30.808+0000] {logging_mixin.py:188} INFO - [2024-04-04T00:13:30.807+0000] {dag.py:3834} INFO - Setting next_dagrun for example_trigger_controller_dag to 2021-01-01 00:00:00+00:00, run_after=2021-01-01 00:00:00+00:00
[2024-04-04T00:13:30.836+0000] {processor.py:183} INFO - Processing /home/datatalks_jan/anaconda3/lib/python3.11/site-packages/airflow/example_dags/example_trigger_controller_dag.py took 0.093 seconds
[2024-04-04T00:14:28.825+0000] {processor.py:161} INFO - Started process (PID=102962) to work on /home/datatalks_jan/anaconda3/lib/python3.11/site-packages/airflow/example_dags/example_trigger_controller_dag.py
[2024-04-04T00:14:28.828+0000] {processor.py:830} INFO - Processing file /home/datatalks_jan/anaconda3/lib/python3.11/site-packages/airflow/example_dags/example_trigger_controller_dag.py for tasks to queue
[2024-04-04T00:14:28.829+0000] {logging_mixin.py:188} INFO - [2024-04-04T00:14:28.828+0000] {dagbag.py:540} INFO - Filling up the DagBag from /home/datatalks_jan/anaconda3/lib/python3.11/site-packages/airflow/example_dags/example_trigger_controller_dag.py
[2024-04-04T00:14:28.837+0000] {processor.py:840} INFO - DAG(s) 'example_trigger_controller_dag' retrieved from /home/datatalks_jan/anaconda3/lib/python3.11/site-packages/airflow/example_dags/example_trigger_controller_dag.py
[2024-04-04T00:14:28.863+0000] {logging_mixin.py:188} INFO - [2024-04-04T00:14:28.863+0000] {dag.py:3047} INFO - Sync 1 DAGs
[2024-04-04T00:14:28.894+0000] {logging_mixin.py:188} INFO - [2024-04-04T00:14:28.894+0000] {dag.py:3834} INFO - Setting next_dagrun for example_trigger_controller_dag to 2021-01-01 00:00:00+00:00, run_after=2021-01-01 00:00:00+00:00
[2024-04-04T00:14:28.920+0000] {processor.py:183} INFO - Processing /home/datatalks_jan/anaconda3/lib/python3.11/site-packages/airflow/example_dags/example_trigger_controller_dag.py took 0.101 seconds
[2024-04-04T00:15:14.989+0000] {processor.py:161} INFO - Started process (PID=103293) to work on /home/datatalks_jan/anaconda3/lib/python3.11/site-packages/airflow/example_dags/example_trigger_controller_dag.py
[2024-04-04T00:15:14.991+0000] {processor.py:830} INFO - Processing file /home/datatalks_jan/anaconda3/lib/python3.11/site-packages/airflow/example_dags/example_trigger_controller_dag.py for tasks to queue
[2024-04-04T00:15:14.993+0000] {logging_mixin.py:188} INFO - [2024-04-04T00:15:14.992+0000] {dagbag.py:540} INFO - Filling up the DagBag from /home/datatalks_jan/anaconda3/lib/python3.11/site-packages/airflow/example_dags/example_trigger_controller_dag.py
[2024-04-04T00:15:15.000+0000] {processor.py:840} INFO - DAG(s) 'example_trigger_controller_dag' retrieved from /home/datatalks_jan/anaconda3/lib/python3.11/site-packages/airflow/example_dags/example_trigger_controller_dag.py
[2024-04-04T00:15:15.025+0000] {logging_mixin.py:188} INFO - [2024-04-04T00:15:15.025+0000] {dag.py:3047} INFO - Sync 1 DAGs
[2024-04-04T00:15:15.049+0000] {logging_mixin.py:188} INFO - [2024-04-04T00:15:15.048+0000] {dag.py:3834} INFO - Setting next_dagrun for example_trigger_controller_dag to 2021-01-01 00:00:00+00:00, run_after=2021-01-01 00:00:00+00:00
[2024-04-04T00:15:15.075+0000] {processor.py:183} INFO - Processing /home/datatalks_jan/anaconda3/lib/python3.11/site-packages/airflow/example_dags/example_trigger_controller_dag.py took 0.091 seconds
[2024-04-04T00:16:10.774+0000] {processor.py:161} INFO - Started process (PID=103707) to work on /home/datatalks_jan/anaconda3/lib/python3.11/site-packages/airflow/example_dags/example_trigger_controller_dag.py
[2024-04-04T00:16:10.777+0000] {processor.py:830} INFO - Processing file /home/datatalks_jan/anaconda3/lib/python3.11/site-packages/airflow/example_dags/example_trigger_controller_dag.py for tasks to queue
[2024-04-04T00:16:10.778+0000] {logging_mixin.py:188} INFO - [2024-04-04T00:16:10.777+0000] {dagbag.py:540} INFO - Filling up the DagBag from /home/datatalks_jan/anaconda3/lib/python3.11/site-packages/airflow/example_dags/example_trigger_controller_dag.py
[2024-04-04T00:16:10.787+0000] {processor.py:840} INFO - DAG(s) 'example_trigger_controller_dag' retrieved from /home/datatalks_jan/anaconda3/lib/python3.11/site-packages/airflow/example_dags/example_trigger_controller_dag.py
[2024-04-04T00:16:10.812+0000] {logging_mixin.py:188} INFO - [2024-04-04T00:16:10.812+0000] {dag.py:3047} INFO - Sync 1 DAGs
[2024-04-04T00:16:10.840+0000] {logging_mixin.py:188} INFO - [2024-04-04T00:16:10.840+0000] {dag.py:3834} INFO - Setting next_dagrun for example_trigger_controller_dag to 2021-01-01 00:00:00+00:00, run_after=2021-01-01 00:00:00+00:00
[2024-04-04T00:16:10.872+0000] {processor.py:183} INFO - Processing /home/datatalks_jan/anaconda3/lib/python3.11/site-packages/airflow/example_dags/example_trigger_controller_dag.py took 0.102 seconds
[2024-04-04T00:16:56.038+0000] {processor.py:161} INFO - Started process (PID=103944) to work on /home/datatalks_jan/anaconda3/lib/python3.11/site-packages/airflow/example_dags/example_trigger_controller_dag.py
[2024-04-04T00:16:56.041+0000] {processor.py:830} INFO - Processing file /home/datatalks_jan/anaconda3/lib/python3.11/site-packages/airflow/example_dags/example_trigger_controller_dag.py for tasks to queue
[2024-04-04T00:16:56.042+0000] {logging_mixin.py:188} INFO - [2024-04-04T00:16:56.041+0000] {dagbag.py:540} INFO - Filling up the DagBag from /home/datatalks_jan/anaconda3/lib/python3.11/site-packages/airflow/example_dags/example_trigger_controller_dag.py
[2024-04-04T00:16:56.051+0000] {processor.py:840} INFO - DAG(s) 'example_trigger_controller_dag' retrieved from /home/datatalks_jan/anaconda3/lib/python3.11/site-packages/airflow/example_dags/example_trigger_controller_dag.py
[2024-04-04T00:16:56.080+0000] {logging_mixin.py:188} INFO - [2024-04-04T00:16:56.080+0000] {dag.py:3047} INFO - Sync 1 DAGs
[2024-04-04T00:16:56.108+0000] {logging_mixin.py:188} INFO - [2024-04-04T00:16:56.107+0000] {dag.py:3834} INFO - Setting next_dagrun for example_trigger_controller_dag to 2021-01-01 00:00:00+00:00, run_after=2021-01-01 00:00:00+00:00
[2024-04-04T00:16:56.146+0000] {processor.py:183} INFO - Processing /home/datatalks_jan/anaconda3/lib/python3.11/site-packages/airflow/example_dags/example_trigger_controller_dag.py took 0.113 seconds
[2024-04-04T00:17:42.010+0000] {processor.py:161} INFO - Started process (PID=104114) to work on /home/datatalks_jan/anaconda3/lib/python3.11/site-packages/airflow/example_dags/example_trigger_controller_dag.py
[2024-04-04T00:17:42.012+0000] {processor.py:830} INFO - Processing file /home/datatalks_jan/anaconda3/lib/python3.11/site-packages/airflow/example_dags/example_trigger_controller_dag.py for tasks to queue
[2024-04-04T00:17:42.014+0000] {logging_mixin.py:188} INFO - [2024-04-04T00:17:42.013+0000] {dagbag.py:540} INFO - Filling up the DagBag from /home/datatalks_jan/anaconda3/lib/python3.11/site-packages/airflow/example_dags/example_trigger_controller_dag.py
[2024-04-04T00:17:42.021+0000] {processor.py:840} INFO - DAG(s) 'example_trigger_controller_dag' retrieved from /home/datatalks_jan/anaconda3/lib/python3.11/site-packages/airflow/example_dags/example_trigger_controller_dag.py
[2024-04-04T00:17:42.049+0000] {logging_mixin.py:188} INFO - [2024-04-04T00:17:42.048+0000] {dag.py:3047} INFO - Sync 1 DAGs
[2024-04-04T00:17:42.074+0000] {logging_mixin.py:188} INFO - [2024-04-04T00:17:42.073+0000] {dag.py:3834} INFO - Setting next_dagrun for example_trigger_controller_dag to 2021-01-01 00:00:00+00:00, run_after=2021-01-01 00:00:00+00:00
[2024-04-04T00:17:42.099+0000] {processor.py:183} INFO - Processing /home/datatalks_jan/anaconda3/lib/python3.11/site-packages/airflow/example_dags/example_trigger_controller_dag.py took 0.093 seconds
[2024-04-04T00:18:28.964+0000] {processor.py:161} INFO - Started process (PID=104369) to work on /home/datatalks_jan/anaconda3/lib/python3.11/site-packages/airflow/example_dags/example_trigger_controller_dag.py
[2024-04-04T00:18:28.966+0000] {processor.py:830} INFO - Processing file /home/datatalks_jan/anaconda3/lib/python3.11/site-packages/airflow/example_dags/example_trigger_controller_dag.py for tasks to queue
[2024-04-04T00:18:28.967+0000] {logging_mixin.py:188} INFO - [2024-04-04T00:18:28.967+0000] {dagbag.py:540} INFO - Filling up the DagBag from /home/datatalks_jan/anaconda3/lib/python3.11/site-packages/airflow/example_dags/example_trigger_controller_dag.py
[2024-04-04T00:18:28.976+0000] {processor.py:840} INFO - DAG(s) 'example_trigger_controller_dag' retrieved from /home/datatalks_jan/anaconda3/lib/python3.11/site-packages/airflow/example_dags/example_trigger_controller_dag.py
[2024-04-04T00:18:29.006+0000] {logging_mixin.py:188} INFO - [2024-04-04T00:18:29.005+0000] {dag.py:3047} INFO - Sync 1 DAGs
[2024-04-04T00:18:29.033+0000] {logging_mixin.py:188} INFO - [2024-04-04T00:18:29.032+0000] {dag.py:3834} INFO - Setting next_dagrun for example_trigger_controller_dag to 2021-01-01 00:00:00+00:00, run_after=2021-01-01 00:00:00+00:00
[2024-04-04T00:18:29.064+0000] {processor.py:183} INFO - Processing /home/datatalks_jan/anaconda3/lib/python3.11/site-packages/airflow/example_dags/example_trigger_controller_dag.py took 0.105 seconds
[2024-04-04T00:19:28.659+0000] {processor.py:161} INFO - Started process (PID=104483) to work on /home/datatalks_jan/anaconda3/lib/python3.11/site-packages/airflow/example_dags/example_trigger_controller_dag.py
[2024-04-04T00:19:28.662+0000] {processor.py:830} INFO - Processing file /home/datatalks_jan/anaconda3/lib/python3.11/site-packages/airflow/example_dags/example_trigger_controller_dag.py for tasks to queue
[2024-04-04T00:19:28.664+0000] {logging_mixin.py:188} INFO - [2024-04-04T00:19:28.663+0000] {dagbag.py:540} INFO - Filling up the DagBag from /home/datatalks_jan/anaconda3/lib/python3.11/site-packages/airflow/example_dags/example_trigger_controller_dag.py
[2024-04-04T00:19:28.674+0000] {processor.py:840} INFO - DAG(s) 'example_trigger_controller_dag' retrieved from /home/datatalks_jan/anaconda3/lib/python3.11/site-packages/airflow/example_dags/example_trigger_controller_dag.py
[2024-04-04T00:19:28.706+0000] {logging_mixin.py:188} INFO - [2024-04-04T00:19:28.705+0000] {dag.py:3047} INFO - Sync 1 DAGs
[2024-04-04T00:19:28.733+0000] {logging_mixin.py:188} INFO - [2024-04-04T00:19:28.732+0000] {dag.py:3834} INFO - Setting next_dagrun for example_trigger_controller_dag to 2021-01-01 00:00:00+00:00, run_after=2021-01-01 00:00:00+00:00
[2024-04-04T00:19:28.765+0000] {processor.py:183} INFO - Processing /home/datatalks_jan/anaconda3/lib/python3.11/site-packages/airflow/example_dags/example_trigger_controller_dag.py took 0.112 seconds
[2024-04-04T00:20:12.161+0000] {processor.py:161} INFO - Started process (PID=104529) to work on /home/datatalks_jan/anaconda3/lib/python3.11/site-packages/airflow/example_dags/example_trigger_controller_dag.py
[2024-04-04T00:20:12.164+0000] {processor.py:830} INFO - Processing file /home/datatalks_jan/anaconda3/lib/python3.11/site-packages/airflow/example_dags/example_trigger_controller_dag.py for tasks to queue
[2024-04-04T00:20:12.165+0000] {logging_mixin.py:188} INFO - [2024-04-04T00:20:12.164+0000] {dagbag.py:540} INFO - Filling up the DagBag from /home/datatalks_jan/anaconda3/lib/python3.11/site-packages/airflow/example_dags/example_trigger_controller_dag.py
[2024-04-04T00:20:12.173+0000] {processor.py:840} INFO - DAG(s) 'example_trigger_controller_dag' retrieved from /home/datatalks_jan/anaconda3/lib/python3.11/site-packages/airflow/example_dags/example_trigger_controller_dag.py
[2024-04-04T00:20:12.198+0000] {logging_mixin.py:188} INFO - [2024-04-04T00:20:12.198+0000] {dag.py:3047} INFO - Sync 1 DAGs
[2024-04-04T00:20:12.223+0000] {logging_mixin.py:188} INFO - [2024-04-04T00:20:12.222+0000] {dag.py:3834} INFO - Setting next_dagrun for example_trigger_controller_dag to 2021-01-01 00:00:00+00:00, run_after=2021-01-01 00:00:00+00:00
[2024-04-04T00:20:12.248+0000] {processor.py:183} INFO - Processing /home/datatalks_jan/anaconda3/lib/python3.11/site-packages/airflow/example_dags/example_trigger_controller_dag.py took 0.092 seconds
[2024-04-04T00:20:55.075+0000] {processor.py:161} INFO - Started process (PID=104686) to work on /home/datatalks_jan/anaconda3/lib/python3.11/site-packages/airflow/example_dags/example_trigger_controller_dag.py
[2024-04-04T00:20:55.078+0000] {processor.py:830} INFO - Processing file /home/datatalks_jan/anaconda3/lib/python3.11/site-packages/airflow/example_dags/example_trigger_controller_dag.py for tasks to queue
[2024-04-04T00:20:55.080+0000] {logging_mixin.py:188} INFO - [2024-04-04T00:20:55.079+0000] {dagbag.py:540} INFO - Filling up the DagBag from /home/datatalks_jan/anaconda3/lib/python3.11/site-packages/airflow/example_dags/example_trigger_controller_dag.py
[2024-04-04T00:20:55.088+0000] {processor.py:840} INFO - DAG(s) 'example_trigger_controller_dag' retrieved from /home/datatalks_jan/anaconda3/lib/python3.11/site-packages/airflow/example_dags/example_trigger_controller_dag.py
[2024-04-04T00:20:55.113+0000] {logging_mixin.py:188} INFO - [2024-04-04T00:20:55.113+0000] {dag.py:3047} INFO - Sync 1 DAGs
[2024-04-04T00:20:55.135+0000] {logging_mixin.py:188} INFO - [2024-04-04T00:20:55.135+0000] {dag.py:3834} INFO - Setting next_dagrun for example_trigger_controller_dag to 2021-01-01 00:00:00+00:00, run_after=2021-01-01 00:00:00+00:00
[2024-04-04T00:20:55.162+0000] {processor.py:183} INFO - Processing /home/datatalks_jan/anaconda3/lib/python3.11/site-packages/airflow/example_dags/example_trigger_controller_dag.py took 0.092 seconds
[2024-04-04T00:21:41.520+0000] {processor.py:161} INFO - Started process (PID=104734) to work on /home/datatalks_jan/anaconda3/lib/python3.11/site-packages/airflow/example_dags/example_trigger_controller_dag.py
[2024-04-04T00:21:41.523+0000] {processor.py:830} INFO - Processing file /home/datatalks_jan/anaconda3/lib/python3.11/site-packages/airflow/example_dags/example_trigger_controller_dag.py for tasks to queue
[2024-04-04T00:21:41.524+0000] {logging_mixin.py:188} INFO - [2024-04-04T00:21:41.524+0000] {dagbag.py:540} INFO - Filling up the DagBag from /home/datatalks_jan/anaconda3/lib/python3.11/site-packages/airflow/example_dags/example_trigger_controller_dag.py
[2024-04-04T00:21:41.533+0000] {processor.py:840} INFO - DAG(s) 'example_trigger_controller_dag' retrieved from /home/datatalks_jan/anaconda3/lib/python3.11/site-packages/airflow/example_dags/example_trigger_controller_dag.py
[2024-04-04T00:21:41.563+0000] {logging_mixin.py:188} INFO - [2024-04-04T00:21:41.562+0000] {dag.py:3047} INFO - Sync 1 DAGs
[2024-04-04T00:21:41.590+0000] {logging_mixin.py:188} INFO - [2024-04-04T00:21:41.590+0000] {dag.py:3834} INFO - Setting next_dagrun for example_trigger_controller_dag to 2021-01-01 00:00:00+00:00, run_after=2021-01-01 00:00:00+00:00
[2024-04-04T00:21:41.623+0000] {processor.py:183} INFO - Processing /home/datatalks_jan/anaconda3/lib/python3.11/site-packages/airflow/example_dags/example_trigger_controller_dag.py took 0.110 seconds
[2024-04-04T00:22:27.465+0000] {processor.py:161} INFO - Started process (PID=104780) to work on /home/datatalks_jan/anaconda3/lib/python3.11/site-packages/airflow/example_dags/example_trigger_controller_dag.py
[2024-04-04T00:22:27.467+0000] {processor.py:830} INFO - Processing file /home/datatalks_jan/anaconda3/lib/python3.11/site-packages/airflow/example_dags/example_trigger_controller_dag.py for tasks to queue
[2024-04-04T00:22:27.469+0000] {logging_mixin.py:188} INFO - [2024-04-04T00:22:27.468+0000] {dagbag.py:540} INFO - Filling up the DagBag from /home/datatalks_jan/anaconda3/lib/python3.11/site-packages/airflow/example_dags/example_trigger_controller_dag.py
[2024-04-04T00:22:27.476+0000] {processor.py:840} INFO - DAG(s) 'example_trigger_controller_dag' retrieved from /home/datatalks_jan/anaconda3/lib/python3.11/site-packages/airflow/example_dags/example_trigger_controller_dag.py
[2024-04-04T00:22:27.503+0000] {logging_mixin.py:188} INFO - [2024-04-04T00:22:27.502+0000] {dag.py:3047} INFO - Sync 1 DAGs
[2024-04-04T00:22:27.528+0000] {logging_mixin.py:188} INFO - [2024-04-04T00:22:27.528+0000] {dag.py:3834} INFO - Setting next_dagrun for example_trigger_controller_dag to 2021-01-01 00:00:00+00:00, run_after=2021-01-01 00:00:00+00:00
[2024-04-04T00:22:27.554+0000] {processor.py:183} INFO - Processing /home/datatalks_jan/anaconda3/lib/python3.11/site-packages/airflow/example_dags/example_trigger_controller_dag.py took 0.094 seconds
[2024-04-04T00:23:15.068+0000] {processor.py:161} INFO - Started process (PID=104826) to work on /home/datatalks_jan/anaconda3/lib/python3.11/site-packages/airflow/example_dags/example_trigger_controller_dag.py
[2024-04-04T00:23:15.071+0000] {processor.py:830} INFO - Processing file /home/datatalks_jan/anaconda3/lib/python3.11/site-packages/airflow/example_dags/example_trigger_controller_dag.py for tasks to queue
[2024-04-04T00:23:15.072+0000] {logging_mixin.py:188} INFO - [2024-04-04T00:23:15.071+0000] {dagbag.py:540} INFO - Filling up the DagBag from /home/datatalks_jan/anaconda3/lib/python3.11/site-packages/airflow/example_dags/example_trigger_controller_dag.py
[2024-04-04T00:23:15.081+0000] {processor.py:840} INFO - DAG(s) 'example_trigger_controller_dag' retrieved from /home/datatalks_jan/anaconda3/lib/python3.11/site-packages/airflow/example_dags/example_trigger_controller_dag.py
[2024-04-04T00:23:15.110+0000] {logging_mixin.py:188} INFO - [2024-04-04T00:23:15.109+0000] {dag.py:3047} INFO - Sync 1 DAGs
[2024-04-04T00:23:15.136+0000] {logging_mixin.py:188} INFO - [2024-04-04T00:23:15.136+0000] {dag.py:3834} INFO - Setting next_dagrun for example_trigger_controller_dag to 2021-01-01 00:00:00+00:00, run_after=2021-01-01 00:00:00+00:00
[2024-04-04T00:23:15.172+0000] {processor.py:183} INFO - Processing /home/datatalks_jan/anaconda3/lib/python3.11/site-packages/airflow/example_dags/example_trigger_controller_dag.py took 0.110 seconds
[2024-04-04T00:24:02.602+0000] {processor.py:161} INFO - Started process (PID=104941) to work on /home/datatalks_jan/anaconda3/lib/python3.11/site-packages/airflow/example_dags/example_trigger_controller_dag.py
[2024-04-04T00:24:02.606+0000] {processor.py:830} INFO - Processing file /home/datatalks_jan/anaconda3/lib/python3.11/site-packages/airflow/example_dags/example_trigger_controller_dag.py for tasks to queue
[2024-04-04T00:24:02.607+0000] {logging_mixin.py:188} INFO - [2024-04-04T00:24:02.607+0000] {dagbag.py:540} INFO - Filling up the DagBag from /home/datatalks_jan/anaconda3/lib/python3.11/site-packages/airflow/example_dags/example_trigger_controller_dag.py
[2024-04-04T00:24:02.617+0000] {processor.py:840} INFO - DAG(s) 'example_trigger_controller_dag' retrieved from /home/datatalks_jan/anaconda3/lib/python3.11/site-packages/airflow/example_dags/example_trigger_controller_dag.py
[2024-04-04T00:24:02.647+0000] {logging_mixin.py:188} INFO - [2024-04-04T00:24:02.646+0000] {dag.py:3047} INFO - Sync 1 DAGs
[2024-04-04T00:24:02.677+0000] {logging_mixin.py:188} INFO - [2024-04-04T00:24:02.676+0000] {dag.py:3834} INFO - Setting next_dagrun for example_trigger_controller_dag to 2021-01-01 00:00:00+00:00, run_after=2021-01-01 00:00:00+00:00
[2024-04-04T00:24:02.708+0000] {processor.py:183} INFO - Processing /home/datatalks_jan/anaconda3/lib/python3.11/site-packages/airflow/example_dags/example_trigger_controller_dag.py took 0.112 seconds
[2024-04-04T00:24:53.972+0000] {processor.py:161} INFO - Started process (PID=104993) to work on /home/datatalks_jan/anaconda3/lib/python3.11/site-packages/airflow/example_dags/example_trigger_controller_dag.py
[2024-04-04T00:24:53.975+0000] {processor.py:830} INFO - Processing file /home/datatalks_jan/anaconda3/lib/python3.11/site-packages/airflow/example_dags/example_trigger_controller_dag.py for tasks to queue
[2024-04-04T00:24:53.976+0000] {logging_mixin.py:188} INFO - [2024-04-04T00:24:53.975+0000] {dagbag.py:540} INFO - Filling up the DagBag from /home/datatalks_jan/anaconda3/lib/python3.11/site-packages/airflow/example_dags/example_trigger_controller_dag.py
[2024-04-04T00:24:53.984+0000] {processor.py:840} INFO - DAG(s) 'example_trigger_controller_dag' retrieved from /home/datatalks_jan/anaconda3/lib/python3.11/site-packages/airflow/example_dags/example_trigger_controller_dag.py
[2024-04-04T00:24:54.010+0000] {logging_mixin.py:188} INFO - [2024-04-04T00:24:54.009+0000] {dag.py:3047} INFO - Sync 1 DAGs
[2024-04-04T00:24:54.034+0000] {logging_mixin.py:188} INFO - [2024-04-04T00:24:54.033+0000] {dag.py:3834} INFO - Setting next_dagrun for example_trigger_controller_dag to 2021-01-01 00:00:00+00:00, run_after=2021-01-01 00:00:00+00:00
[2024-04-04T00:24:54.059+0000] {processor.py:183} INFO - Processing /home/datatalks_jan/anaconda3/lib/python3.11/site-packages/airflow/example_dags/example_trigger_controller_dag.py took 0.092 seconds
[2024-04-04T00:25:41.345+0000] {processor.py:161} INFO - Started process (PID=105067) to work on /home/datatalks_jan/anaconda3/lib/python3.11/site-packages/airflow/example_dags/example_trigger_controller_dag.py
[2024-04-04T00:25:41.348+0000] {processor.py:830} INFO - Processing file /home/datatalks_jan/anaconda3/lib/python3.11/site-packages/airflow/example_dags/example_trigger_controller_dag.py for tasks to queue
[2024-04-04T00:25:41.350+0000] {logging_mixin.py:188} INFO - [2024-04-04T00:25:41.349+0000] {dagbag.py:540} INFO - Filling up the DagBag from /home/datatalks_jan/anaconda3/lib/python3.11/site-packages/airflow/example_dags/example_trigger_controller_dag.py
[2024-04-04T00:25:41.358+0000] {processor.py:840} INFO - DAG(s) 'example_trigger_controller_dag' retrieved from /home/datatalks_jan/anaconda3/lib/python3.11/site-packages/airflow/example_dags/example_trigger_controller_dag.py
[2024-04-04T00:25:41.387+0000] {logging_mixin.py:188} INFO - [2024-04-04T00:25:41.386+0000] {dag.py:3047} INFO - Sync 1 DAGs
[2024-04-04T00:25:41.413+0000] {logging_mixin.py:188} INFO - [2024-04-04T00:25:41.412+0000] {dag.py:3834} INFO - Setting next_dagrun for example_trigger_controller_dag to 2021-01-01 00:00:00+00:00, run_after=2021-01-01 00:00:00+00:00
[2024-04-04T00:25:41.441+0000] {processor.py:183} INFO - Processing /home/datatalks_jan/anaconda3/lib/python3.11/site-packages/airflow/example_dags/example_trigger_controller_dag.py took 0.101 seconds
[2024-04-04T00:26:27.294+0000] {processor.py:161} INFO - Started process (PID=105140) to work on /home/datatalks_jan/anaconda3/lib/python3.11/site-packages/airflow/example_dags/example_trigger_controller_dag.py
[2024-04-04T00:26:27.296+0000] {processor.py:830} INFO - Processing file /home/datatalks_jan/anaconda3/lib/python3.11/site-packages/airflow/example_dags/example_trigger_controller_dag.py for tasks to queue
[2024-04-04T00:26:27.297+0000] {logging_mixin.py:188} INFO - [2024-04-04T00:26:27.297+0000] {dagbag.py:540} INFO - Filling up the DagBag from /home/datatalks_jan/anaconda3/lib/python3.11/site-packages/airflow/example_dags/example_trigger_controller_dag.py
[2024-04-04T00:26:27.305+0000] {processor.py:840} INFO - DAG(s) 'example_trigger_controller_dag' retrieved from /home/datatalks_jan/anaconda3/lib/python3.11/site-packages/airflow/example_dags/example_trigger_controller_dag.py
[2024-04-04T00:26:27.329+0000] {logging_mixin.py:188} INFO - [2024-04-04T00:26:27.328+0000] {dag.py:3047} INFO - Sync 1 DAGs
[2024-04-04T00:26:27.353+0000] {logging_mixin.py:188} INFO - [2024-04-04T00:26:27.352+0000] {dag.py:3834} INFO - Setting next_dagrun for example_trigger_controller_dag to 2021-01-01 00:00:00+00:00, run_after=2021-01-01 00:00:00+00:00
[2024-04-04T00:26:27.378+0000] {processor.py:183} INFO - Processing /home/datatalks_jan/anaconda3/lib/python3.11/site-packages/airflow/example_dags/example_trigger_controller_dag.py took 0.089 seconds
[2024-04-04T00:27:11.523+0000] {processor.py:161} INFO - Started process (PID=105192) to work on /home/datatalks_jan/anaconda3/lib/python3.11/site-packages/airflow/example_dags/example_trigger_controller_dag.py
[2024-04-04T00:27:11.526+0000] {processor.py:830} INFO - Processing file /home/datatalks_jan/anaconda3/lib/python3.11/site-packages/airflow/example_dags/example_trigger_controller_dag.py for tasks to queue
[2024-04-04T00:27:11.527+0000] {logging_mixin.py:188} INFO - [2024-04-04T00:27:11.526+0000] {dagbag.py:540} INFO - Filling up the DagBag from /home/datatalks_jan/anaconda3/lib/python3.11/site-packages/airflow/example_dags/example_trigger_controller_dag.py
[2024-04-04T00:27:11.536+0000] {processor.py:840} INFO - DAG(s) 'example_trigger_controller_dag' retrieved from /home/datatalks_jan/anaconda3/lib/python3.11/site-packages/airflow/example_dags/example_trigger_controller_dag.py
[2024-04-04T00:27:11.565+0000] {logging_mixin.py:188} INFO - [2024-04-04T00:27:11.565+0000] {dag.py:3047} INFO - Sync 1 DAGs
[2024-04-04T00:27:11.595+0000] {logging_mixin.py:188} INFO - [2024-04-04T00:27:11.594+0000] {dag.py:3834} INFO - Setting next_dagrun for example_trigger_controller_dag to 2021-01-01 00:00:00+00:00, run_after=2021-01-01 00:00:00+00:00
[2024-04-04T00:27:11.623+0000] {processor.py:183} INFO - Processing /home/datatalks_jan/anaconda3/lib/python3.11/site-packages/airflow/example_dags/example_trigger_controller_dag.py took 0.106 seconds
[2024-04-04T00:27:58.581+0000] {processor.py:161} INFO - Started process (PID=105239) to work on /home/datatalks_jan/anaconda3/lib/python3.11/site-packages/airflow/example_dags/example_trigger_controller_dag.py
[2024-04-04T00:27:58.583+0000] {processor.py:830} INFO - Processing file /home/datatalks_jan/anaconda3/lib/python3.11/site-packages/airflow/example_dags/example_trigger_controller_dag.py for tasks to queue
[2024-04-04T00:27:58.585+0000] {logging_mixin.py:188} INFO - [2024-04-04T00:27:58.584+0000] {dagbag.py:540} INFO - Filling up the DagBag from /home/datatalks_jan/anaconda3/lib/python3.11/site-packages/airflow/example_dags/example_trigger_controller_dag.py
[2024-04-04T00:27:58.594+0000] {processor.py:840} INFO - DAG(s) 'example_trigger_controller_dag' retrieved from /home/datatalks_jan/anaconda3/lib/python3.11/site-packages/airflow/example_dags/example_trigger_controller_dag.py
[2024-04-04T00:27:58.622+0000] {logging_mixin.py:188} INFO - [2024-04-04T00:27:58.622+0000] {dag.py:3047} INFO - Sync 1 DAGs
[2024-04-04T00:27:58.650+0000] {logging_mixin.py:188} INFO - [2024-04-04T00:27:58.650+0000] {dag.py:3834} INFO - Setting next_dagrun for example_trigger_controller_dag to 2021-01-01 00:00:00+00:00, run_after=2021-01-01 00:00:00+00:00
[2024-04-04T00:27:58.680+0000] {processor.py:183} INFO - Processing /home/datatalks_jan/anaconda3/lib/python3.11/site-packages/airflow/example_dags/example_trigger_controller_dag.py took 0.105 seconds
[2024-04-04T00:28:49.763+0000] {processor.py:161} INFO - Started process (PID=105470) to work on /home/datatalks_jan/anaconda3/lib/python3.11/site-packages/airflow/example_dags/example_trigger_controller_dag.py
[2024-04-04T00:28:49.766+0000] {processor.py:830} INFO - Processing file /home/datatalks_jan/anaconda3/lib/python3.11/site-packages/airflow/example_dags/example_trigger_controller_dag.py for tasks to queue
[2024-04-04T00:28:49.767+0000] {logging_mixin.py:188} INFO - [2024-04-04T00:28:49.767+0000] {dagbag.py:540} INFO - Filling up the DagBag from /home/datatalks_jan/anaconda3/lib/python3.11/site-packages/airflow/example_dags/example_trigger_controller_dag.py
[2024-04-04T00:28:49.776+0000] {processor.py:840} INFO - DAG(s) 'example_trigger_controller_dag' retrieved from /home/datatalks_jan/anaconda3/lib/python3.11/site-packages/airflow/example_dags/example_trigger_controller_dag.py
[2024-04-04T00:28:49.806+0000] {logging_mixin.py:188} INFO - [2024-04-04T00:28:49.805+0000] {dag.py:3047} INFO - Sync 1 DAGs
[2024-04-04T00:28:49.849+0000] {logging_mixin.py:188} INFO - [2024-04-04T00:28:49.849+0000] {dag.py:3834} INFO - Setting next_dagrun for example_trigger_controller_dag to 2021-01-01 00:00:00+00:00, run_after=2021-01-01 00:00:00+00:00
[2024-04-04T00:28:49.887+0000] {processor.py:183} INFO - Processing /home/datatalks_jan/anaconda3/lib/python3.11/site-packages/airflow/example_dags/example_trigger_controller_dag.py took 0.130 seconds
[2024-04-04T00:29:40.508+0000] {processor.py:161} INFO - Started process (PID=105730) to work on /home/datatalks_jan/anaconda3/lib/python3.11/site-packages/airflow/example_dags/example_trigger_controller_dag.py
[2024-04-04T00:29:40.511+0000] {processor.py:830} INFO - Processing file /home/datatalks_jan/anaconda3/lib/python3.11/site-packages/airflow/example_dags/example_trigger_controller_dag.py for tasks to queue
[2024-04-04T00:29:40.512+0000] {logging_mixin.py:188} INFO - [2024-04-04T00:29:40.511+0000] {dagbag.py:540} INFO - Filling up the DagBag from /home/datatalks_jan/anaconda3/lib/python3.11/site-packages/airflow/example_dags/example_trigger_controller_dag.py
[2024-04-04T00:29:40.521+0000] {processor.py:840} INFO - DAG(s) 'example_trigger_controller_dag' retrieved from /home/datatalks_jan/anaconda3/lib/python3.11/site-packages/airflow/example_dags/example_trigger_controller_dag.py
[2024-04-04T00:29:40.550+0000] {logging_mixin.py:188} INFO - [2024-04-04T00:29:40.549+0000] {dag.py:3047} INFO - Sync 1 DAGs
[2024-04-04T00:29:40.582+0000] {logging_mixin.py:188} INFO - [2024-04-04T00:29:40.581+0000] {dag.py:3834} INFO - Setting next_dagrun for example_trigger_controller_dag to 2021-01-01 00:00:00+00:00, run_after=2021-01-01 00:00:00+00:00
[2024-04-04T00:29:40.609+0000] {processor.py:183} INFO - Processing /home/datatalks_jan/anaconda3/lib/python3.11/site-packages/airflow/example_dags/example_trigger_controller_dag.py took 0.107 seconds
[2024-04-04T00:30:22.675+0000] {processor.py:161} INFO - Started process (PID=105835) to work on /home/datatalks_jan/anaconda3/lib/python3.11/site-packages/airflow/example_dags/example_trigger_controller_dag.py
[2024-04-04T00:30:22.677+0000] {processor.py:830} INFO - Processing file /home/datatalks_jan/anaconda3/lib/python3.11/site-packages/airflow/example_dags/example_trigger_controller_dag.py for tasks to queue
[2024-04-04T00:30:22.679+0000] {logging_mixin.py:188} INFO - [2024-04-04T00:30:22.678+0000] {dagbag.py:540} INFO - Filling up the DagBag from /home/datatalks_jan/anaconda3/lib/python3.11/site-packages/airflow/example_dags/example_trigger_controller_dag.py
[2024-04-04T00:30:22.686+0000] {processor.py:840} INFO - DAG(s) 'example_trigger_controller_dag' retrieved from /home/datatalks_jan/anaconda3/lib/python3.11/site-packages/airflow/example_dags/example_trigger_controller_dag.py
[2024-04-04T00:30:22.712+0000] {logging_mixin.py:188} INFO - [2024-04-04T00:30:22.711+0000] {dag.py:3047} INFO - Sync 1 DAGs
[2024-04-04T00:30:22.737+0000] {logging_mixin.py:188} INFO - [2024-04-04T00:30:22.737+0000] {dag.py:3834} INFO - Setting next_dagrun for example_trigger_controller_dag to 2021-01-01 00:00:00+00:00, run_after=2021-01-01 00:00:00+00:00
[2024-04-04T00:30:22.761+0000] {processor.py:183} INFO - Processing /home/datatalks_jan/anaconda3/lib/python3.11/site-packages/airflow/example_dags/example_trigger_controller_dag.py took 0.092 seconds
[2024-04-04T00:31:04.395+0000] {processor.py:161} INFO - Started process (PID=105934) to work on /home/datatalks_jan/anaconda3/lib/python3.11/site-packages/airflow/example_dags/example_trigger_controller_dag.py
[2024-04-04T00:31:04.398+0000] {processor.py:830} INFO - Processing file /home/datatalks_jan/anaconda3/lib/python3.11/site-packages/airflow/example_dags/example_trigger_controller_dag.py for tasks to queue
[2024-04-04T00:31:04.400+0000] {logging_mixin.py:188} INFO - [2024-04-04T00:31:04.399+0000] {dagbag.py:540} INFO - Filling up the DagBag from /home/datatalks_jan/anaconda3/lib/python3.11/site-packages/airflow/example_dags/example_trigger_controller_dag.py
[2024-04-04T00:31:04.407+0000] {processor.py:840} INFO - DAG(s) 'example_trigger_controller_dag' retrieved from /home/datatalks_jan/anaconda3/lib/python3.11/site-packages/airflow/example_dags/example_trigger_controller_dag.py
[2024-04-04T00:31:04.435+0000] {logging_mixin.py:188} INFO - [2024-04-04T00:31:04.435+0000] {dag.py:3047} INFO - Sync 1 DAGs
[2024-04-04T00:31:04.459+0000] {logging_mixin.py:188} INFO - [2024-04-04T00:31:04.458+0000] {dag.py:3834} INFO - Setting next_dagrun for example_trigger_controller_dag to 2021-01-01 00:00:00+00:00, run_after=2021-01-01 00:00:00+00:00
[2024-04-04T00:31:04.486+0000] {processor.py:183} INFO - Processing /home/datatalks_jan/anaconda3/lib/python3.11/site-packages/airflow/example_dags/example_trigger_controller_dag.py took 0.095 seconds
