[2024-04-04T00:06:37.613+0000] {processor.py:161} INFO - Started process (PID=99574) to work on /home/datatalks_jan/anaconda3/lib/python3.11/site-packages/airflow/example_dags/example_branch_operator_decorator.py
[2024-04-04T00:06:37.614+0000] {processor.py:830} INFO - Processing file /home/datatalks_jan/anaconda3/lib/python3.11/site-packages/airflow/example_dags/example_branch_operator_decorator.py for tasks to queue
[2024-04-04T00:06:37.616+0000] {logging_mixin.py:188} INFO - [2024-04-04T00:06:37.615+0000] {dagbag.py:540} INFO - Filling up the DagBag from /home/datatalks_jan/anaconda3/lib/python3.11/site-packages/airflow/example_dags/example_branch_operator_decorator.py
[2024-04-04T00:06:37.621+0000] {processor.py:842} WARNING - No viable dags retrieved from /home/datatalks_jan/anaconda3/lib/python3.11/site-packages/airflow/example_dags/example_branch_operator_decorator.py
[2024-04-04T00:06:37.638+0000] {processor.py:183} INFO - Processing /home/datatalks_jan/anaconda3/lib/python3.11/site-packages/airflow/example_dags/example_branch_operator_decorator.py took 0.031 seconds
[2024-04-04T00:07:44.309+0000] {processor.py:161} INFO - Started process (PID=99964) to work on /home/datatalks_jan/anaconda3/lib/python3.11/site-packages/airflow/example_dags/example_branch_operator_decorator.py
[2024-04-04T00:07:44.312+0000] {processor.py:830} INFO - Processing file /home/datatalks_jan/anaconda3/lib/python3.11/site-packages/airflow/example_dags/example_branch_operator_decorator.py for tasks to queue
[2024-04-04T00:07:44.313+0000] {logging_mixin.py:188} INFO - [2024-04-04T00:07:44.313+0000] {dagbag.py:540} INFO - Filling up the DagBag from /home/datatalks_jan/anaconda3/lib/python3.11/site-packages/airflow/example_dags/example_branch_operator_decorator.py
[2024-04-04T00:07:44.320+0000] {processor.py:842} WARNING - No viable dags retrieved from /home/datatalks_jan/anaconda3/lib/python3.11/site-packages/airflow/example_dags/example_branch_operator_decorator.py
[2024-04-04T00:07:44.340+0000] {processor.py:183} INFO - Processing /home/datatalks_jan/anaconda3/lib/python3.11/site-packages/airflow/example_dags/example_branch_operator_decorator.py took 0.037 seconds
[2024-04-04T00:08:52.178+0000] {processor.py:161} INFO - Started process (PID=100369) to work on /home/datatalks_jan/anaconda3/lib/python3.11/site-packages/airflow/example_dags/example_branch_operator_decorator.py
[2024-04-04T00:08:52.180+0000] {processor.py:830} INFO - Processing file /home/datatalks_jan/anaconda3/lib/python3.11/site-packages/airflow/example_dags/example_branch_operator_decorator.py for tasks to queue
[2024-04-04T00:08:52.182+0000] {logging_mixin.py:188} INFO - [2024-04-04T00:08:52.181+0000] {dagbag.py:540} INFO - Filling up the DagBag from /home/datatalks_jan/anaconda3/lib/python3.11/site-packages/airflow/example_dags/example_branch_operator_decorator.py
[2024-04-04T00:08:52.187+0000] {processor.py:842} WARNING - No viable dags retrieved from /home/datatalks_jan/anaconda3/lib/python3.11/site-packages/airflow/example_dags/example_branch_operator_decorator.py
[2024-04-04T00:08:52.203+0000] {processor.py:183} INFO - Processing /home/datatalks_jan/anaconda3/lib/python3.11/site-packages/airflow/example_dags/example_branch_operator_decorator.py took 0.030 seconds
[2024-04-04T00:09:56.648+0000] {processor.py:161} INFO - Started process (PID=100844) to work on /home/datatalks_jan/anaconda3/lib/python3.11/site-packages/airflow/example_dags/example_branch_operator_decorator.py
[2024-04-04T00:09:56.650+0000] {processor.py:830} INFO - Processing file /home/datatalks_jan/anaconda3/lib/python3.11/site-packages/airflow/example_dags/example_branch_operator_decorator.py for tasks to queue
[2024-04-04T00:09:56.652+0000] {logging_mixin.py:188} INFO - [2024-04-04T00:09:56.651+0000] {dagbag.py:540} INFO - Filling up the DagBag from /home/datatalks_jan/anaconda3/lib/python3.11/site-packages/airflow/example_dags/example_branch_operator_decorator.py
[2024-04-04T00:09:56.658+0000] {processor.py:842} WARNING - No viable dags retrieved from /home/datatalks_jan/anaconda3/lib/python3.11/site-packages/airflow/example_dags/example_branch_operator_decorator.py
[2024-04-04T00:09:56.677+0000] {processor.py:183} INFO - Processing /home/datatalks_jan/anaconda3/lib/python3.11/site-packages/airflow/example_dags/example_branch_operator_decorator.py took 0.034 seconds
[2024-04-04T00:10:55.286+0000] {processor.py:161} INFO - Started process (PID=101357) to work on /home/datatalks_jan/anaconda3/lib/python3.11/site-packages/airflow/example_dags/example_branch_operator_decorator.py
[2024-04-04T00:10:55.289+0000] {processor.py:830} INFO - Processing file /home/datatalks_jan/anaconda3/lib/python3.11/site-packages/airflow/example_dags/example_branch_operator_decorator.py for tasks to queue
[2024-04-04T00:10:55.291+0000] {logging_mixin.py:188} INFO - [2024-04-04T00:10:55.290+0000] {dagbag.py:540} INFO - Filling up the DagBag from /home/datatalks_jan/anaconda3/lib/python3.11/site-packages/airflow/example_dags/example_branch_operator_decorator.py
[2024-04-04T00:10:55.298+0000] {processor.py:842} WARNING - No viable dags retrieved from /home/datatalks_jan/anaconda3/lib/python3.11/site-packages/airflow/example_dags/example_branch_operator_decorator.py
[2024-04-04T00:10:55.317+0000] {processor.py:183} INFO - Processing /home/datatalks_jan/anaconda3/lib/python3.11/site-packages/airflow/example_dags/example_branch_operator_decorator.py took 0.037 seconds
[2024-04-04T00:12:06.795+0000] {processor.py:161} INFO - Started process (PID=101892) to work on /home/datatalks_jan/anaconda3/lib/python3.11/site-packages/airflow/example_dags/example_branch_operator_decorator.py
[2024-04-04T00:12:06.798+0000] {processor.py:830} INFO - Processing file /home/datatalks_jan/anaconda3/lib/python3.11/site-packages/airflow/example_dags/example_branch_operator_decorator.py for tasks to queue
[2024-04-04T00:12:06.799+0000] {logging_mixin.py:188} INFO - [2024-04-04T00:12:06.798+0000] {dagbag.py:540} INFO - Filling up the DagBag from /home/datatalks_jan/anaconda3/lib/python3.11/site-packages/airflow/example_dags/example_branch_operator_decorator.py
[2024-04-04T00:12:06.806+0000] {processor.py:842} WARNING - No viable dags retrieved from /home/datatalks_jan/anaconda3/lib/python3.11/site-packages/airflow/example_dags/example_branch_operator_decorator.py
[2024-04-04T00:12:06.823+0000] {processor.py:183} INFO - Processing /home/datatalks_jan/anaconda3/lib/python3.11/site-packages/airflow/example_dags/example_branch_operator_decorator.py took 0.034 seconds
