[2024-04-04T00:06:40.408+0000] {processor.py:161} INFO - Started process (PID=99576) to work on /home/datatalks_jan/anaconda3/lib/python3.11/site-packages/airflow/example_dags/example_branch_labels.py
[2024-04-04T00:06:40.410+0000] {processor.py:830} INFO - Processing file /home/datatalks_jan/anaconda3/lib/python3.11/site-packages/airflow/example_dags/example_branch_labels.py for tasks to queue
[2024-04-04T00:06:40.412+0000] {logging_mixin.py:188} INFO - [2024-04-04T00:06:40.411+0000] {dagbag.py:540} INFO - Filling up the DagBag from /home/datatalks_jan/anaconda3/lib/python3.11/site-packages/airflow/example_dags/example_branch_labels.py
[2024-04-04T00:06:40.426+0000] {processor.py:840} INFO - DAG(s) 'example_branch_labels' retrieved from /home/datatalks_jan/anaconda3/lib/python3.11/site-packages/airflow/example_dags/example_branch_labels.py
[2024-04-04T00:06:40.457+0000] {logging_mixin.py:188} INFO - [2024-04-04T00:06:40.457+0000] {dag.py:3047} INFO - Sync 1 DAGs
[2024-04-04T00:06:40.484+0000] {logging_mixin.py:188} INFO - [2024-04-04T00:06:40.484+0000] {dag.py:3834} INFO - Setting next_dagrun for example_branch_labels to 2024-04-03 00:00:00+00:00, run_after=2024-04-04 00:00:00+00:00
[2024-04-04T00:06:40.513+0000] {processor.py:183} INFO - Processing /home/datatalks_jan/anaconda3/lib/python3.11/site-packages/airflow/example_dags/example_branch_labels.py took 0.113 seconds
[2024-04-04T00:07:47.103+0000] {processor.py:161} INFO - Started process (PID=99966) to work on /home/datatalks_jan/anaconda3/lib/python3.11/site-packages/airflow/example_dags/example_branch_labels.py
[2024-04-04T00:07:47.106+0000] {processor.py:830} INFO - Processing file /home/datatalks_jan/anaconda3/lib/python3.11/site-packages/airflow/example_dags/example_branch_labels.py for tasks to queue
[2024-04-04T00:07:47.107+0000] {logging_mixin.py:188} INFO - [2024-04-04T00:07:47.107+0000] {dagbag.py:540} INFO - Filling up the DagBag from /home/datatalks_jan/anaconda3/lib/python3.11/site-packages/airflow/example_dags/example_branch_labels.py
[2024-04-04T00:07:47.119+0000] {processor.py:840} INFO - DAG(s) 'example_branch_labels' retrieved from /home/datatalks_jan/anaconda3/lib/python3.11/site-packages/airflow/example_dags/example_branch_labels.py
[2024-04-04T00:07:47.145+0000] {logging_mixin.py:188} INFO - [2024-04-04T00:07:47.144+0000] {dag.py:3047} INFO - Sync 1 DAGs
[2024-04-04T00:07:47.168+0000] {logging_mixin.py:188} INFO - [2024-04-04T00:07:47.167+0000] {dag.py:3834} INFO - Setting next_dagrun for example_branch_labels to 2024-04-03 00:00:00+00:00, run_after=2024-04-04 00:00:00+00:00
[2024-04-04T00:07:47.192+0000] {processor.py:183} INFO - Processing /home/datatalks_jan/anaconda3/lib/python3.11/site-packages/airflow/example_dags/example_branch_labels.py took 0.094 seconds
[2024-04-04T00:08:54.879+0000] {processor.py:161} INFO - Started process (PID=100371) to work on /home/datatalks_jan/anaconda3/lib/python3.11/site-packages/airflow/example_dags/example_branch_labels.py
[2024-04-04T00:08:54.882+0000] {processor.py:830} INFO - Processing file /home/datatalks_jan/anaconda3/lib/python3.11/site-packages/airflow/example_dags/example_branch_labels.py for tasks to queue
[2024-04-04T00:08:54.883+0000] {logging_mixin.py:188} INFO - [2024-04-04T00:08:54.883+0000] {dagbag.py:540} INFO - Filling up the DagBag from /home/datatalks_jan/anaconda3/lib/python3.11/site-packages/airflow/example_dags/example_branch_labels.py
[2024-04-04T00:08:54.896+0000] {processor.py:840} INFO - DAG(s) 'example_branch_labels' retrieved from /home/datatalks_jan/anaconda3/lib/python3.11/site-packages/airflow/example_dags/example_branch_labels.py
[2024-04-04T00:08:55.186+0000] {logging_mixin.py:188} INFO - [2024-04-04T00:08:55.186+0000] {dag.py:3047} INFO - Sync 1 DAGs
[2024-04-04T00:08:55.207+0000] {logging_mixin.py:188} INFO - [2024-04-04T00:08:55.207+0000] {dag.py:3834} INFO - Setting next_dagrun for example_branch_labels to 2024-04-03 00:00:00+00:00, run_after=2024-04-04 00:00:00+00:00
[2024-04-04T00:08:55.231+0000] {processor.py:183} INFO - Processing /home/datatalks_jan/anaconda3/lib/python3.11/site-packages/airflow/example_dags/example_branch_labels.py took 0.358 seconds
