[2024-04-04T00:06:10.270+0000] {processor.py:161} INFO - Started process (PID=99538) to work on /home/datatalks_jan/anaconda3/lib/python3.11/site-packages/airflow/example_dags/example_local_kubernetes_executor.py
[2024-04-04T00:06:10.271+0000] {processor.py:830} INFO - Processing file /home/datatalks_jan/anaconda3/lib/python3.11/site-packages/airflow/example_dags/example_local_kubernetes_executor.py for tasks to queue
[2024-04-04T00:06:10.272+0000] {logging_mixin.py:188} INFO - [2024-04-04T00:06:10.272+0000] {dagbag.py:540} INFO - Filling up the DagBag from /home/datatalks_jan/anaconda3/lib/python3.11/site-packages/airflow/example_dags/example_local_kubernetes_executor.py
[2024-04-04T00:06:10.285+0000] {processor.py:840} INFO - DAG(s) 'example_local_kubernetes_executor' retrieved from /home/datatalks_jan/anaconda3/lib/python3.11/site-packages/airflow/example_dags/example_local_kubernetes_executor.py
[2024-04-04T00:06:10.325+0000] {logging_mixin.py:188} INFO - [2024-04-04T00:06:10.325+0000] {dag.py:3047} INFO - Sync 1 DAGs
[2024-04-04T00:06:10.341+0000] {logging_mixin.py:188} INFO - [2024-04-04T00:06:10.341+0000] {dag.py:3834} INFO - Setting next_dagrun for example_local_kubernetes_executor to None, run_after=None
[2024-04-04T00:06:10.367+0000] {processor.py:183} INFO - Processing /home/datatalks_jan/anaconda3/lib/python3.11/site-packages/airflow/example_dags/example_local_kubernetes_executor.py took 0.102 seconds
[2024-04-04T00:07:13.122+0000] {processor.py:161} INFO - Started process (PID=99833) to work on /home/datatalks_jan/anaconda3/lib/python3.11/site-packages/airflow/example_dags/example_local_kubernetes_executor.py
[2024-04-04T00:07:13.125+0000] {processor.py:830} INFO - Processing file /home/datatalks_jan/anaconda3/lib/python3.11/site-packages/airflow/example_dags/example_local_kubernetes_executor.py for tasks to queue
[2024-04-04T00:07:13.127+0000] {logging_mixin.py:188} INFO - [2024-04-04T00:07:13.126+0000] {dagbag.py:540} INFO - Filling up the DagBag from /home/datatalks_jan/anaconda3/lib/python3.11/site-packages/airflow/example_dags/example_local_kubernetes_executor.py
[2024-04-04T00:07:13.144+0000] {processor.py:840} INFO - DAG(s) 'example_local_kubernetes_executor' retrieved from /home/datatalks_jan/anaconda3/lib/python3.11/site-packages/airflow/example_dags/example_local_kubernetes_executor.py
[2024-04-04T00:07:13.194+0000] {logging_mixin.py:188} INFO - [2024-04-04T00:07:13.193+0000] {dag.py:3047} INFO - Sync 1 DAGs
[2024-04-04T00:07:13.214+0000] {logging_mixin.py:188} INFO - [2024-04-04T00:07:13.213+0000] {dag.py:3834} INFO - Setting next_dagrun for example_local_kubernetes_executor to None, run_after=None
[2024-04-04T00:07:13.265+0000] {processor.py:183} INFO - Processing /home/datatalks_jan/anaconda3/lib/python3.11/site-packages/airflow/example_dags/example_local_kubernetes_executor.py took 0.149 seconds
[2024-04-04T00:08:19.824+0000] {processor.py:161} INFO - Started process (PID=100248) to work on /home/datatalks_jan/anaconda3/lib/python3.11/site-packages/airflow/example_dags/example_local_kubernetes_executor.py
[2024-04-04T00:08:19.826+0000] {processor.py:830} INFO - Processing file /home/datatalks_jan/anaconda3/lib/python3.11/site-packages/airflow/example_dags/example_local_kubernetes_executor.py for tasks to queue
[2024-04-04T00:08:19.828+0000] {logging_mixin.py:188} INFO - [2024-04-04T00:08:19.827+0000] {dagbag.py:540} INFO - Filling up the DagBag from /home/datatalks_jan/anaconda3/lib/python3.11/site-packages/airflow/example_dags/example_local_kubernetes_executor.py
[2024-04-04T00:08:19.841+0000] {processor.py:840} INFO - DAG(s) 'example_local_kubernetes_executor' retrieved from /home/datatalks_jan/anaconda3/lib/python3.11/site-packages/airflow/example_dags/example_local_kubernetes_executor.py
[2024-04-04T00:08:19.879+0000] {logging_mixin.py:188} INFO - [2024-04-04T00:08:19.879+0000] {dag.py:3047} INFO - Sync 1 DAGs
[2024-04-04T00:08:19.892+0000] {logging_mixin.py:188} INFO - [2024-04-04T00:08:19.892+0000] {dag.py:3834} INFO - Setting next_dagrun for example_local_kubernetes_executor to None, run_after=None
[2024-04-04T00:08:19.919+0000] {processor.py:183} INFO - Processing /home/datatalks_jan/anaconda3/lib/python3.11/site-packages/airflow/example_dags/example_local_kubernetes_executor.py took 0.099 seconds
[2024-04-04T00:09:26.903+0000] {processor.py:161} INFO - Started process (PID=100586) to work on /home/datatalks_jan/anaconda3/lib/python3.11/site-packages/airflow/example_dags/example_local_kubernetes_executor.py
[2024-04-04T00:09:26.905+0000] {processor.py:830} INFO - Processing file /home/datatalks_jan/anaconda3/lib/python3.11/site-packages/airflow/example_dags/example_local_kubernetes_executor.py for tasks to queue
[2024-04-04T00:09:26.907+0000] {logging_mixin.py:188} INFO - [2024-04-04T00:09:26.906+0000] {dagbag.py:540} INFO - Filling up the DagBag from /home/datatalks_jan/anaconda3/lib/python3.11/site-packages/airflow/example_dags/example_local_kubernetes_executor.py
[2024-04-04T00:09:26.920+0000] {processor.py:840} INFO - DAG(s) 'example_local_kubernetes_executor' retrieved from /home/datatalks_jan/anaconda3/lib/python3.11/site-packages/airflow/example_dags/example_local_kubernetes_executor.py
[2024-04-04T00:09:26.963+0000] {logging_mixin.py:188} INFO - [2024-04-04T00:09:26.963+0000] {dag.py:3047} INFO - Sync 1 DAGs
[2024-04-04T00:09:26.976+0000] {logging_mixin.py:188} INFO - [2024-04-04T00:09:26.976+0000] {dag.py:3834} INFO - Setting next_dagrun for example_local_kubernetes_executor to None, run_after=None
[2024-04-04T00:09:27.002+0000] {processor.py:183} INFO - Processing /home/datatalks_jan/anaconda3/lib/python3.11/site-packages/airflow/example_dags/example_local_kubernetes_executor.py took 0.105 seconds
[2024-04-04T00:10:20.436+0000] {processor.py:161} INFO - Started process (PID=101004) to work on /home/datatalks_jan/anaconda3/lib/python3.11/site-packages/airflow/example_dags/example_local_kubernetes_executor.py
[2024-04-04T00:10:20.438+0000] {processor.py:830} INFO - Processing file /home/datatalks_jan/anaconda3/lib/python3.11/site-packages/airflow/example_dags/example_local_kubernetes_executor.py for tasks to queue
[2024-04-04T00:10:20.440+0000] {logging_mixin.py:188} INFO - [2024-04-04T00:10:20.439+0000] {dagbag.py:540} INFO - Filling up the DagBag from /home/datatalks_jan/anaconda3/lib/python3.11/site-packages/airflow/example_dags/example_local_kubernetes_executor.py
[2024-04-04T00:10:20.455+0000] {processor.py:840} INFO - DAG(s) 'example_local_kubernetes_executor' retrieved from /home/datatalks_jan/anaconda3/lib/python3.11/site-packages/airflow/example_dags/example_local_kubernetes_executor.py
[2024-04-04T00:10:20.506+0000] {logging_mixin.py:188} INFO - [2024-04-04T00:10:20.506+0000] {dag.py:3047} INFO - Sync 1 DAGs
[2024-04-04T00:10:20.520+0000] {logging_mixin.py:188} INFO - [2024-04-04T00:10:20.519+0000] {dag.py:3834} INFO - Setting next_dagrun for example_local_kubernetes_executor to None, run_after=None
[2024-04-04T00:10:20.545+0000] {processor.py:183} INFO - Processing /home/datatalks_jan/anaconda3/lib/python3.11/site-packages/airflow/example_dags/example_local_kubernetes_executor.py took 0.115 seconds
[2024-04-04T00:11:17.437+0000] {processor.py:161} INFO - Started process (PID=101531) to work on /home/datatalks_jan/anaconda3/lib/python3.11/site-packages/airflow/example_dags/example_local_kubernetes_executor.py
[2024-04-04T00:11:17.439+0000] {processor.py:830} INFO - Processing file /home/datatalks_jan/anaconda3/lib/python3.11/site-packages/airflow/example_dags/example_local_kubernetes_executor.py for tasks to queue
[2024-04-04T00:11:17.441+0000] {logging_mixin.py:188} INFO - [2024-04-04T00:11:17.440+0000] {dagbag.py:540} INFO - Filling up the DagBag from /home/datatalks_jan/anaconda3/lib/python3.11/site-packages/airflow/example_dags/example_local_kubernetes_executor.py
[2024-04-04T00:11:17.455+0000] {processor.py:840} INFO - DAG(s) 'example_local_kubernetes_executor' retrieved from /home/datatalks_jan/anaconda3/lib/python3.11/site-packages/airflow/example_dags/example_local_kubernetes_executor.py
[2024-04-04T00:11:17.498+0000] {logging_mixin.py:188} INFO - [2024-04-04T00:11:17.498+0000] {dag.py:3047} INFO - Sync 1 DAGs
[2024-04-04T00:11:17.513+0000] {logging_mixin.py:188} INFO - [2024-04-04T00:11:17.513+0000] {dag.py:3834} INFO - Setting next_dagrun for example_local_kubernetes_executor to None, run_after=None
[2024-04-04T00:11:17.541+0000] {processor.py:183} INFO - Processing /home/datatalks_jan/anaconda3/lib/python3.11/site-packages/airflow/example_dags/example_local_kubernetes_executor.py took 0.109 seconds
[2024-04-04T00:12:12.071+0000] {processor.py:161} INFO - Started process (PID=101927) to work on /home/datatalks_jan/anaconda3/lib/python3.11/site-packages/airflow/example_dags/example_local_kubernetes_executor.py
[2024-04-04T00:12:12.073+0000] {processor.py:830} INFO - Processing file /home/datatalks_jan/anaconda3/lib/python3.11/site-packages/airflow/example_dags/example_local_kubernetes_executor.py for tasks to queue
[2024-04-04T00:12:12.075+0000] {logging_mixin.py:188} INFO - [2024-04-04T00:12:12.074+0000] {dagbag.py:540} INFO - Filling up the DagBag from /home/datatalks_jan/anaconda3/lib/python3.11/site-packages/airflow/example_dags/example_local_kubernetes_executor.py
[2024-04-04T00:12:12.090+0000] {processor.py:840} INFO - DAG(s) 'example_local_kubernetes_executor' retrieved from /home/datatalks_jan/anaconda3/lib/python3.11/site-packages/airflow/example_dags/example_local_kubernetes_executor.py
[2024-04-04T00:12:12.134+0000] {logging_mixin.py:188} INFO - [2024-04-04T00:12:12.134+0000] {dag.py:3047} INFO - Sync 1 DAGs
[2024-04-04T00:12:12.150+0000] {logging_mixin.py:188} INFO - [2024-04-04T00:12:12.150+0000] {dag.py:3834} INFO - Setting next_dagrun for example_local_kubernetes_executor to None, run_after=None
[2024-04-04T00:12:12.177+0000] {processor.py:183} INFO - Processing /home/datatalks_jan/anaconda3/lib/python3.11/site-packages/airflow/example_dags/example_local_kubernetes_executor.py took 0.111 seconds
[2024-04-04T00:13:01.714+0000] {processor.py:161} INFO - Started process (PID=102216) to work on /home/datatalks_jan/anaconda3/lib/python3.11/site-packages/airflow/example_dags/example_local_kubernetes_executor.py
[2024-04-04T00:13:01.717+0000] {processor.py:830} INFO - Processing file /home/datatalks_jan/anaconda3/lib/python3.11/site-packages/airflow/example_dags/example_local_kubernetes_executor.py for tasks to queue
[2024-04-04T00:13:01.718+0000] {logging_mixin.py:188} INFO - [2024-04-04T00:13:01.717+0000] {dagbag.py:540} INFO - Filling up the DagBag from /home/datatalks_jan/anaconda3/lib/python3.11/site-packages/airflow/example_dags/example_local_kubernetes_executor.py
[2024-04-04T00:13:01.735+0000] {processor.py:840} INFO - DAG(s) 'example_local_kubernetes_executor' retrieved from /home/datatalks_jan/anaconda3/lib/python3.11/site-packages/airflow/example_dags/example_local_kubernetes_executor.py
[2024-04-04T00:13:01.784+0000] {logging_mixin.py:188} INFO - [2024-04-04T00:13:01.783+0000] {dag.py:3047} INFO - Sync 1 DAGs
[2024-04-04T00:13:01.805+0000] {logging_mixin.py:188} INFO - [2024-04-04T00:13:01.805+0000] {dag.py:3834} INFO - Setting next_dagrun for example_local_kubernetes_executor to None, run_after=None
[2024-04-04T00:13:01.836+0000] {processor.py:183} INFO - Processing /home/datatalks_jan/anaconda3/lib/python3.11/site-packages/airflow/example_dags/example_local_kubernetes_executor.py took 0.129 seconds
[2024-04-04T00:13:52.079+0000] {processor.py:161} INFO - Started process (PID=102700) to work on /home/datatalks_jan/anaconda3/lib/python3.11/site-packages/airflow/example_dags/example_local_kubernetes_executor.py
[2024-04-04T00:13:52.082+0000] {processor.py:830} INFO - Processing file /home/datatalks_jan/anaconda3/lib/python3.11/site-packages/airflow/example_dags/example_local_kubernetes_executor.py for tasks to queue
[2024-04-04T00:13:52.083+0000] {logging_mixin.py:188} INFO - [2024-04-04T00:13:52.083+0000] {dagbag.py:540} INFO - Filling up the DagBag from /home/datatalks_jan/anaconda3/lib/python3.11/site-packages/airflow/example_dags/example_local_kubernetes_executor.py
[2024-04-04T00:13:52.100+0000] {processor.py:840} INFO - DAG(s) 'example_local_kubernetes_executor' retrieved from /home/datatalks_jan/anaconda3/lib/python3.11/site-packages/airflow/example_dags/example_local_kubernetes_executor.py
[2024-04-04T00:13:52.149+0000] {logging_mixin.py:188} INFO - [2024-04-04T00:13:52.149+0000] {dag.py:3047} INFO - Sync 1 DAGs
[2024-04-04T00:13:52.164+0000] {logging_mixin.py:188} INFO - [2024-04-04T00:13:52.164+0000] {dag.py:3834} INFO - Setting next_dagrun for example_local_kubernetes_executor to None, run_after=None
[2024-04-04T00:13:52.198+0000] {processor.py:183} INFO - Processing /home/datatalks_jan/anaconda3/lib/python3.11/site-packages/airflow/example_dags/example_local_kubernetes_executor.py took 0.125 seconds
[2024-04-04T00:14:45.150+0000] {processor.py:161} INFO - Started process (PID=103083) to work on /home/datatalks_jan/anaconda3/lib/python3.11/site-packages/airflow/example_dags/example_local_kubernetes_executor.py
[2024-04-04T00:14:45.153+0000] {processor.py:830} INFO - Processing file /home/datatalks_jan/anaconda3/lib/python3.11/site-packages/airflow/example_dags/example_local_kubernetes_executor.py for tasks to queue
[2024-04-04T00:14:45.154+0000] {logging_mixin.py:188} INFO - [2024-04-04T00:14:45.153+0000] {dagbag.py:540} INFO - Filling up the DagBag from /home/datatalks_jan/anaconda3/lib/python3.11/site-packages/airflow/example_dags/example_local_kubernetes_executor.py
[2024-04-04T00:14:45.171+0000] {processor.py:840} INFO - DAG(s) 'example_local_kubernetes_executor' retrieved from /home/datatalks_jan/anaconda3/lib/python3.11/site-packages/airflow/example_dags/example_local_kubernetes_executor.py
[2024-04-04T00:14:45.221+0000] {logging_mixin.py:188} INFO - [2024-04-04T00:14:45.220+0000] {dag.py:3047} INFO - Sync 1 DAGs
[2024-04-04T00:14:45.236+0000] {logging_mixin.py:188} INFO - [2024-04-04T00:14:45.236+0000] {dag.py:3834} INFO - Setting next_dagrun for example_local_kubernetes_executor to None, run_after=None
[2024-04-04T00:14:45.271+0000] {processor.py:183} INFO - Processing /home/datatalks_jan/anaconda3/lib/python3.11/site-packages/airflow/example_dags/example_local_kubernetes_executor.py took 0.127 seconds
[2024-04-04T00:15:36.482+0000] {processor.py:161} INFO - Started process (PID=103491) to work on /home/datatalks_jan/anaconda3/lib/python3.11/site-packages/airflow/example_dags/example_local_kubernetes_executor.py
[2024-04-04T00:15:36.485+0000] {processor.py:830} INFO - Processing file /home/datatalks_jan/anaconda3/lib/python3.11/site-packages/airflow/example_dags/example_local_kubernetes_executor.py for tasks to queue
[2024-04-04T00:15:36.487+0000] {logging_mixin.py:188} INFO - [2024-04-04T00:15:36.486+0000] {dagbag.py:540} INFO - Filling up the DagBag from /home/datatalks_jan/anaconda3/lib/python3.11/site-packages/airflow/example_dags/example_local_kubernetes_executor.py
[2024-04-04T00:15:36.504+0000] {processor.py:840} INFO - DAG(s) 'example_local_kubernetes_executor' retrieved from /home/datatalks_jan/anaconda3/lib/python3.11/site-packages/airflow/example_dags/example_local_kubernetes_executor.py
[2024-04-04T00:15:36.553+0000] {logging_mixin.py:188} INFO - [2024-04-04T00:15:36.553+0000] {dag.py:3047} INFO - Sync 1 DAGs
[2024-04-04T00:15:36.572+0000] {logging_mixin.py:188} INFO - [2024-04-04T00:15:36.571+0000] {dag.py:3834} INFO - Setting next_dagrun for example_local_kubernetes_executor to None, run_after=None
[2024-04-04T00:15:36.614+0000] {processor.py:183} INFO - Processing /home/datatalks_jan/anaconda3/lib/python3.11/site-packages/airflow/example_dags/example_local_kubernetes_executor.py took 0.139 seconds
[2024-04-04T00:16:27.893+0000] {processor.py:161} INFO - Started process (PID=103845) to work on /home/datatalks_jan/anaconda3/lib/python3.11/site-packages/airflow/example_dags/example_local_kubernetes_executor.py
[2024-04-04T00:16:27.896+0000] {processor.py:830} INFO - Processing file /home/datatalks_jan/anaconda3/lib/python3.11/site-packages/airflow/example_dags/example_local_kubernetes_executor.py for tasks to queue
[2024-04-04T00:16:27.897+0000] {logging_mixin.py:188} INFO - [2024-04-04T00:16:27.897+0000] {dagbag.py:540} INFO - Filling up the DagBag from /home/datatalks_jan/anaconda3/lib/python3.11/site-packages/airflow/example_dags/example_local_kubernetes_executor.py
[2024-04-04T00:16:27.915+0000] {processor.py:840} INFO - DAG(s) 'example_local_kubernetes_executor' retrieved from /home/datatalks_jan/anaconda3/lib/python3.11/site-packages/airflow/example_dags/example_local_kubernetes_executor.py
[2024-04-04T00:16:27.971+0000] {logging_mixin.py:188} INFO - [2024-04-04T00:16:27.970+0000] {dag.py:3047} INFO - Sync 1 DAGs
[2024-04-04T00:16:27.987+0000] {logging_mixin.py:188} INFO - [2024-04-04T00:16:27.987+0000] {dag.py:3834} INFO - Setting next_dagrun for example_local_kubernetes_executor to None, run_after=None
[2024-04-04T00:16:28.020+0000] {processor.py:183} INFO - Processing /home/datatalks_jan/anaconda3/lib/python3.11/site-packages/airflow/example_dags/example_local_kubernetes_executor.py took 0.134 seconds
[2024-04-04T00:17:14.485+0000] {processor.py:161} INFO - Started process (PID=103964) to work on /home/datatalks_jan/anaconda3/lib/python3.11/site-packages/airflow/example_dags/example_local_kubernetes_executor.py
[2024-04-04T00:17:14.488+0000] {processor.py:830} INFO - Processing file /home/datatalks_jan/anaconda3/lib/python3.11/site-packages/airflow/example_dags/example_local_kubernetes_executor.py for tasks to queue
[2024-04-04T00:17:14.490+0000] {logging_mixin.py:188} INFO - [2024-04-04T00:17:14.489+0000] {dagbag.py:540} INFO - Filling up the DagBag from /home/datatalks_jan/anaconda3/lib/python3.11/site-packages/airflow/example_dags/example_local_kubernetes_executor.py
[2024-04-04T00:17:14.507+0000] {processor.py:840} INFO - DAG(s) 'example_local_kubernetes_executor' retrieved from /home/datatalks_jan/anaconda3/lib/python3.11/site-packages/airflow/example_dags/example_local_kubernetes_executor.py
[2024-04-04T00:17:14.557+0000] {logging_mixin.py:188} INFO - [2024-04-04T00:17:14.556+0000] {dag.py:3047} INFO - Sync 1 DAGs
[2024-04-04T00:17:14.575+0000] {logging_mixin.py:188} INFO - [2024-04-04T00:17:14.575+0000] {dag.py:3834} INFO - Setting next_dagrun for example_local_kubernetes_executor to None, run_after=None
[2024-04-04T00:17:14.607+0000] {processor.py:183} INFO - Processing /home/datatalks_jan/anaconda3/lib/python3.11/site-packages/airflow/example_dags/example_local_kubernetes_executor.py took 0.129 seconds
[2024-04-04T00:17:59.197+0000] {processor.py:161} INFO - Started process (PID=104190) to work on /home/datatalks_jan/anaconda3/lib/python3.11/site-packages/airflow/example_dags/example_local_kubernetes_executor.py
[2024-04-04T00:17:59.199+0000] {processor.py:830} INFO - Processing file /home/datatalks_jan/anaconda3/lib/python3.11/site-packages/airflow/example_dags/example_local_kubernetes_executor.py for tasks to queue
[2024-04-04T00:17:59.201+0000] {logging_mixin.py:188} INFO - [2024-04-04T00:17:59.200+0000] {dagbag.py:540} INFO - Filling up the DagBag from /home/datatalks_jan/anaconda3/lib/python3.11/site-packages/airflow/example_dags/example_local_kubernetes_executor.py
[2024-04-04T00:17:59.218+0000] {processor.py:840} INFO - DAG(s) 'example_local_kubernetes_executor' retrieved from /home/datatalks_jan/anaconda3/lib/python3.11/site-packages/airflow/example_dags/example_local_kubernetes_executor.py
[2024-04-04T00:17:59.266+0000] {logging_mixin.py:188} INFO - [2024-04-04T00:17:59.266+0000] {dag.py:3047} INFO - Sync 1 DAGs
[2024-04-04T00:17:59.282+0000] {logging_mixin.py:188} INFO - [2024-04-04T00:17:59.281+0000] {dag.py:3834} INFO - Setting next_dagrun for example_local_kubernetes_executor to None, run_after=None
[2024-04-04T00:17:59.310+0000] {processor.py:183} INFO - Processing /home/datatalks_jan/anaconda3/lib/python3.11/site-packages/airflow/example_dags/example_local_kubernetes_executor.py took 0.120 seconds
[2024-04-04T00:18:56.641+0000] {processor.py:161} INFO - Started process (PID=104451) to work on /home/datatalks_jan/anaconda3/lib/python3.11/site-packages/airflow/example_dags/example_local_kubernetes_executor.py
[2024-04-04T00:18:56.643+0000] {processor.py:830} INFO - Processing file /home/datatalks_jan/anaconda3/lib/python3.11/site-packages/airflow/example_dags/example_local_kubernetes_executor.py for tasks to queue
[2024-04-04T00:18:56.645+0000] {logging_mixin.py:188} INFO - [2024-04-04T00:18:56.644+0000] {dagbag.py:540} INFO - Filling up the DagBag from /home/datatalks_jan/anaconda3/lib/python3.11/site-packages/airflow/example_dags/example_local_kubernetes_executor.py
[2024-04-04T00:18:56.659+0000] {processor.py:840} INFO - DAG(s) 'example_local_kubernetes_executor' retrieved from /home/datatalks_jan/anaconda3/lib/python3.11/site-packages/airflow/example_dags/example_local_kubernetes_executor.py
[2024-04-04T00:18:56.701+0000] {logging_mixin.py:188} INFO - [2024-04-04T00:18:56.700+0000] {dag.py:3047} INFO - Sync 1 DAGs
[2024-04-04T00:18:56.718+0000] {logging_mixin.py:188} INFO - [2024-04-04T00:18:56.717+0000] {dag.py:3834} INFO - Setting next_dagrun for example_local_kubernetes_executor to None, run_after=None
[2024-04-04T00:18:56.754+0000] {processor.py:183} INFO - Processing /home/datatalks_jan/anaconda3/lib/python3.11/site-packages/airflow/example_dags/example_local_kubernetes_executor.py took 0.118 seconds
[2024-04-04T00:19:48.401+0000] {processor.py:161} INFO - Started process (PID=104503) to work on /home/datatalks_jan/anaconda3/lib/python3.11/site-packages/airflow/example_dags/example_local_kubernetes_executor.py
[2024-04-04T00:19:48.403+0000] {processor.py:830} INFO - Processing file /home/datatalks_jan/anaconda3/lib/python3.11/site-packages/airflow/example_dags/example_local_kubernetes_executor.py for tasks to queue
[2024-04-04T00:19:48.405+0000] {logging_mixin.py:188} INFO - [2024-04-04T00:19:48.404+0000] {dagbag.py:540} INFO - Filling up the DagBag from /home/datatalks_jan/anaconda3/lib/python3.11/site-packages/airflow/example_dags/example_local_kubernetes_executor.py
[2024-04-04T00:19:48.420+0000] {processor.py:840} INFO - DAG(s) 'example_local_kubernetes_executor' retrieved from /home/datatalks_jan/anaconda3/lib/python3.11/site-packages/airflow/example_dags/example_local_kubernetes_executor.py
[2024-04-04T00:19:48.462+0000] {logging_mixin.py:188} INFO - [2024-04-04T00:19:48.462+0000] {dag.py:3047} INFO - Sync 1 DAGs
[2024-04-04T00:19:48.478+0000] {logging_mixin.py:188} INFO - [2024-04-04T00:19:48.478+0000] {dag.py:3834} INFO - Setting next_dagrun for example_local_kubernetes_executor to None, run_after=None
[2024-04-04T00:19:48.506+0000] {processor.py:183} INFO - Processing /home/datatalks_jan/anaconda3/lib/python3.11/site-packages/airflow/example_dags/example_local_kubernetes_executor.py took 0.111 seconds
[2024-04-04T00:20:28.972+0000] {processor.py:161} INFO - Started process (PID=104574) to work on /home/datatalks_jan/anaconda3/lib/python3.11/site-packages/airflow/example_dags/example_local_kubernetes_executor.py
[2024-04-04T00:20:28.974+0000] {processor.py:830} INFO - Processing file /home/datatalks_jan/anaconda3/lib/python3.11/site-packages/airflow/example_dags/example_local_kubernetes_executor.py for tasks to queue
[2024-04-04T00:20:28.976+0000] {logging_mixin.py:188} INFO - [2024-04-04T00:20:28.975+0000] {dagbag.py:540} INFO - Filling up the DagBag from /home/datatalks_jan/anaconda3/lib/python3.11/site-packages/airflow/example_dags/example_local_kubernetes_executor.py
[2024-04-04T00:20:28.990+0000] {processor.py:840} INFO - DAG(s) 'example_local_kubernetes_executor' retrieved from /home/datatalks_jan/anaconda3/lib/python3.11/site-packages/airflow/example_dags/example_local_kubernetes_executor.py
[2024-04-04T00:20:29.033+0000] {logging_mixin.py:188} INFO - [2024-04-04T00:20:29.032+0000] {dag.py:3047} INFO - Sync 1 DAGs
[2024-04-04T00:20:29.046+0000] {logging_mixin.py:188} INFO - [2024-04-04T00:20:29.046+0000] {dag.py:3834} INFO - Setting next_dagrun for example_local_kubernetes_executor to None, run_after=None
[2024-04-04T00:20:29.072+0000] {processor.py:183} INFO - Processing /home/datatalks_jan/anaconda3/lib/python3.11/site-packages/airflow/example_dags/example_local_kubernetes_executor.py took 0.105 seconds
[2024-04-04T00:21:15.588+0000] {processor.py:161} INFO - Started process (PID=104704) to work on /home/datatalks_jan/anaconda3/lib/python3.11/site-packages/airflow/example_dags/example_local_kubernetes_executor.py
[2024-04-04T00:21:15.590+0000] {processor.py:830} INFO - Processing file /home/datatalks_jan/anaconda3/lib/python3.11/site-packages/airflow/example_dags/example_local_kubernetes_executor.py for tasks to queue
[2024-04-04T00:21:15.591+0000] {logging_mixin.py:188} INFO - [2024-04-04T00:21:15.591+0000] {dagbag.py:540} INFO - Filling up the DagBag from /home/datatalks_jan/anaconda3/lib/python3.11/site-packages/airflow/example_dags/example_local_kubernetes_executor.py
[2024-04-04T00:21:15.605+0000] {processor.py:840} INFO - DAG(s) 'example_local_kubernetes_executor' retrieved from /home/datatalks_jan/anaconda3/lib/python3.11/site-packages/airflow/example_dags/example_local_kubernetes_executor.py
[2024-04-04T00:21:15.645+0000] {logging_mixin.py:188} INFO - [2024-04-04T00:21:15.645+0000] {dag.py:3047} INFO - Sync 1 DAGs
[2024-04-04T00:21:15.660+0000] {logging_mixin.py:188} INFO - [2024-04-04T00:21:15.660+0000] {dag.py:3834} INFO - Setting next_dagrun for example_local_kubernetes_executor to None, run_after=None
[2024-04-04T00:21:15.687+0000] {processor.py:183} INFO - Processing /home/datatalks_jan/anaconda3/lib/python3.11/site-packages/airflow/example_dags/example_local_kubernetes_executor.py took 0.104 seconds
[2024-04-04T00:22:02.343+0000] {processor.py:161} INFO - Started process (PID=104754) to work on /home/datatalks_jan/anaconda3/lib/python3.11/site-packages/airflow/example_dags/example_local_kubernetes_executor.py
[2024-04-04T00:22:02.345+0000] {processor.py:830} INFO - Processing file /home/datatalks_jan/anaconda3/lib/python3.11/site-packages/airflow/example_dags/example_local_kubernetes_executor.py for tasks to queue
[2024-04-04T00:22:02.346+0000] {logging_mixin.py:188} INFO - [2024-04-04T00:22:02.346+0000] {dagbag.py:540} INFO - Filling up the DagBag from /home/datatalks_jan/anaconda3/lib/python3.11/site-packages/airflow/example_dags/example_local_kubernetes_executor.py
[2024-04-04T00:22:02.360+0000] {processor.py:840} INFO - DAG(s) 'example_local_kubernetes_executor' retrieved from /home/datatalks_jan/anaconda3/lib/python3.11/site-packages/airflow/example_dags/example_local_kubernetes_executor.py
[2024-04-04T00:22:02.401+0000] {logging_mixin.py:188} INFO - [2024-04-04T00:22:02.401+0000] {dag.py:3047} INFO - Sync 1 DAGs
[2024-04-04T00:22:02.414+0000] {logging_mixin.py:188} INFO - [2024-04-04T00:22:02.414+0000] {dag.py:3834} INFO - Setting next_dagrun for example_local_kubernetes_executor to None, run_after=None
[2024-04-04T00:22:02.441+0000] {processor.py:183} INFO - Processing /home/datatalks_jan/anaconda3/lib/python3.11/site-packages/airflow/example_dags/example_local_kubernetes_executor.py took 0.103 seconds
[2024-04-04T00:22:49.536+0000] {processor.py:161} INFO - Started process (PID=104800) to work on /home/datatalks_jan/anaconda3/lib/python3.11/site-packages/airflow/example_dags/example_local_kubernetes_executor.py
[2024-04-04T00:22:49.539+0000] {processor.py:830} INFO - Processing file /home/datatalks_jan/anaconda3/lib/python3.11/site-packages/airflow/example_dags/example_local_kubernetes_executor.py for tasks to queue
[2024-04-04T00:22:49.541+0000] {logging_mixin.py:188} INFO - [2024-04-04T00:22:49.540+0000] {dagbag.py:540} INFO - Filling up the DagBag from /home/datatalks_jan/anaconda3/lib/python3.11/site-packages/airflow/example_dags/example_local_kubernetes_executor.py
[2024-04-04T00:22:49.558+0000] {processor.py:840} INFO - DAG(s) 'example_local_kubernetes_executor' retrieved from /home/datatalks_jan/anaconda3/lib/python3.11/site-packages/airflow/example_dags/example_local_kubernetes_executor.py
[2024-04-04T00:22:49.605+0000] {logging_mixin.py:188} INFO - [2024-04-04T00:22:49.605+0000] {dag.py:3047} INFO - Sync 1 DAGs
[2024-04-04T00:22:49.620+0000] {logging_mixin.py:188} INFO - [2024-04-04T00:22:49.620+0000] {dag.py:3834} INFO - Setting next_dagrun for example_local_kubernetes_executor to None, run_after=None
[2024-04-04T00:22:49.655+0000] {processor.py:183} INFO - Processing /home/datatalks_jan/anaconda3/lib/python3.11/site-packages/airflow/example_dags/example_local_kubernetes_executor.py took 0.125 seconds
[2024-04-04T00:23:37.676+0000] {processor.py:161} INFO - Started process (PID=104871) to work on /home/datatalks_jan/anaconda3/lib/python3.11/site-packages/airflow/example_dags/example_local_kubernetes_executor.py
[2024-04-04T00:23:37.683+0000] {processor.py:830} INFO - Processing file /home/datatalks_jan/anaconda3/lib/python3.11/site-packages/airflow/example_dags/example_local_kubernetes_executor.py for tasks to queue
[2024-04-04T00:23:37.685+0000] {logging_mixin.py:188} INFO - [2024-04-04T00:23:37.684+0000] {dagbag.py:540} INFO - Filling up the DagBag from /home/datatalks_jan/anaconda3/lib/python3.11/site-packages/airflow/example_dags/example_local_kubernetes_executor.py
[2024-04-04T00:23:37.704+0000] {processor.py:840} INFO - DAG(s) 'example_local_kubernetes_executor' retrieved from /home/datatalks_jan/anaconda3/lib/python3.11/site-packages/airflow/example_dags/example_local_kubernetes_executor.py
[2024-04-04T00:23:37.753+0000] {logging_mixin.py:188} INFO - [2024-04-04T00:23:37.753+0000] {dag.py:3047} INFO - Sync 1 DAGs
[2024-04-04T00:23:37.772+0000] {logging_mixin.py:188} INFO - [2024-04-04T00:23:37.771+0000] {dag.py:3834} INFO - Setting next_dagrun for example_local_kubernetes_executor to None, run_after=None
[2024-04-04T00:23:37.801+0000] {processor.py:183} INFO - Processing /home/datatalks_jan/anaconda3/lib/python3.11/site-packages/airflow/example_dags/example_local_kubernetes_executor.py took 0.131 seconds
[2024-04-04T00:24:26.738+0000] {processor.py:161} INFO - Started process (PID=104961) to work on /home/datatalks_jan/anaconda3/lib/python3.11/site-packages/airflow/example_dags/example_local_kubernetes_executor.py
[2024-04-04T00:24:26.740+0000] {processor.py:830} INFO - Processing file /home/datatalks_jan/anaconda3/lib/python3.11/site-packages/airflow/example_dags/example_local_kubernetes_executor.py for tasks to queue
[2024-04-04T00:24:26.742+0000] {logging_mixin.py:188} INFO - [2024-04-04T00:24:26.741+0000] {dagbag.py:540} INFO - Filling up the DagBag from /home/datatalks_jan/anaconda3/lib/python3.11/site-packages/airflow/example_dags/example_local_kubernetes_executor.py
[2024-04-04T00:24:26.760+0000] {processor.py:840} INFO - DAG(s) 'example_local_kubernetes_executor' retrieved from /home/datatalks_jan/anaconda3/lib/python3.11/site-packages/airflow/example_dags/example_local_kubernetes_executor.py
[2024-04-04T00:24:26.809+0000] {logging_mixin.py:188} INFO - [2024-04-04T00:24:26.808+0000] {dag.py:3047} INFO - Sync 1 DAGs
[2024-04-04T00:24:26.824+0000] {logging_mixin.py:188} INFO - [2024-04-04T00:24:26.823+0000] {dag.py:3834} INFO - Setting next_dagrun for example_local_kubernetes_executor to None, run_after=None
[2024-04-04T00:24:26.853+0000] {processor.py:183} INFO - Processing /home/datatalks_jan/anaconda3/lib/python3.11/site-packages/airflow/example_dags/example_local_kubernetes_executor.py took 0.122 seconds
[2024-04-04T00:25:16.570+0000] {processor.py:161} INFO - Started process (PID=105014) to work on /home/datatalks_jan/anaconda3/lib/python3.11/site-packages/airflow/example_dags/example_local_kubernetes_executor.py
[2024-04-04T00:25:16.572+0000] {processor.py:830} INFO - Processing file /home/datatalks_jan/anaconda3/lib/python3.11/site-packages/airflow/example_dags/example_local_kubernetes_executor.py for tasks to queue
[2024-04-04T00:25:16.574+0000] {logging_mixin.py:188} INFO - [2024-04-04T00:25:16.573+0000] {dagbag.py:540} INFO - Filling up the DagBag from /home/datatalks_jan/anaconda3/lib/python3.11/site-packages/airflow/example_dags/example_local_kubernetes_executor.py
[2024-04-04T00:25:16.589+0000] {processor.py:840} INFO - DAG(s) 'example_local_kubernetes_executor' retrieved from /home/datatalks_jan/anaconda3/lib/python3.11/site-packages/airflow/example_dags/example_local_kubernetes_executor.py
[2024-04-04T00:25:16.634+0000] {logging_mixin.py:188} INFO - [2024-04-04T00:25:16.634+0000] {dag.py:3047} INFO - Sync 1 DAGs
[2024-04-04T00:25:16.648+0000] {logging_mixin.py:188} INFO - [2024-04-04T00:25:16.648+0000] {dag.py:3834} INFO - Setting next_dagrun for example_local_kubernetes_executor to None, run_after=None
[2024-04-04T00:25:16.675+0000] {processor.py:183} INFO - Processing /home/datatalks_jan/anaconda3/lib/python3.11/site-packages/airflow/example_dags/example_local_kubernetes_executor.py took 0.110 seconds
[2024-04-04T00:26:03.401+0000] {processor.py:161} INFO - Started process (PID=105114) to work on /home/datatalks_jan/anaconda3/lib/python3.11/site-packages/airflow/example_dags/example_local_kubernetes_executor.py
[2024-04-04T00:26:03.403+0000] {processor.py:830} INFO - Processing file /home/datatalks_jan/anaconda3/lib/python3.11/site-packages/airflow/example_dags/example_local_kubernetes_executor.py for tasks to queue
[2024-04-04T00:26:03.405+0000] {logging_mixin.py:188} INFO - [2024-04-04T00:26:03.404+0000] {dagbag.py:540} INFO - Filling up the DagBag from /home/datatalks_jan/anaconda3/lib/python3.11/site-packages/airflow/example_dags/example_local_kubernetes_executor.py
[2024-04-04T00:26:03.419+0000] {processor.py:840} INFO - DAG(s) 'example_local_kubernetes_executor' retrieved from /home/datatalks_jan/anaconda3/lib/python3.11/site-packages/airflow/example_dags/example_local_kubernetes_executor.py
[2024-04-04T00:26:03.459+0000] {logging_mixin.py:188} INFO - [2024-04-04T00:26:03.458+0000] {dag.py:3047} INFO - Sync 1 DAGs
[2024-04-04T00:26:03.473+0000] {logging_mixin.py:188} INFO - [2024-04-04T00:26:03.473+0000] {dag.py:3834} INFO - Setting next_dagrun for example_local_kubernetes_executor to None, run_after=None
[2024-04-04T00:26:03.500+0000] {processor.py:183} INFO - Processing /home/datatalks_jan/anaconda3/lib/python3.11/site-packages/airflow/example_dags/example_local_kubernetes_executor.py took 0.104 seconds
[2024-04-04T00:26:46.575+0000] {processor.py:161} INFO - Started process (PID=105164) to work on /home/datatalks_jan/anaconda3/lib/python3.11/site-packages/airflow/example_dags/example_local_kubernetes_executor.py
[2024-04-04T00:26:46.577+0000] {processor.py:830} INFO - Processing file /home/datatalks_jan/anaconda3/lib/python3.11/site-packages/airflow/example_dags/example_local_kubernetes_executor.py for tasks to queue
[2024-04-04T00:26:46.579+0000] {logging_mixin.py:188} INFO - [2024-04-04T00:26:46.578+0000] {dagbag.py:540} INFO - Filling up the DagBag from /home/datatalks_jan/anaconda3/lib/python3.11/site-packages/airflow/example_dags/example_local_kubernetes_executor.py
[2024-04-04T00:26:46.596+0000] {processor.py:840} INFO - DAG(s) 'example_local_kubernetes_executor' retrieved from /home/datatalks_jan/anaconda3/lib/python3.11/site-packages/airflow/example_dags/example_local_kubernetes_executor.py
[2024-04-04T00:26:46.647+0000] {logging_mixin.py:188} INFO - [2024-04-04T00:26:46.647+0000] {dag.py:3047} INFO - Sync 1 DAGs
[2024-04-04T00:26:46.663+0000] {logging_mixin.py:188} INFO - [2024-04-04T00:26:46.662+0000] {dag.py:3834} INFO - Setting next_dagrun for example_local_kubernetes_executor to None, run_after=None
[2024-04-04T00:26:46.697+0000] {processor.py:183} INFO - Processing /home/datatalks_jan/anaconda3/lib/python3.11/site-packages/airflow/example_dags/example_local_kubernetes_executor.py took 0.128 seconds
[2024-04-04T00:27:31.246+0000] {processor.py:161} INFO - Started process (PID=105210) to work on /home/datatalks_jan/anaconda3/lib/python3.11/site-packages/airflow/example_dags/example_local_kubernetes_executor.py
[2024-04-04T00:27:31.248+0000] {processor.py:830} INFO - Processing file /home/datatalks_jan/anaconda3/lib/python3.11/site-packages/airflow/example_dags/example_local_kubernetes_executor.py for tasks to queue
[2024-04-04T00:27:31.251+0000] {logging_mixin.py:188} INFO - [2024-04-04T00:27:31.249+0000] {dagbag.py:540} INFO - Filling up the DagBag from /home/datatalks_jan/anaconda3/lib/python3.11/site-packages/airflow/example_dags/example_local_kubernetes_executor.py
[2024-04-04T00:27:31.268+0000] {processor.py:840} INFO - DAG(s) 'example_local_kubernetes_executor' retrieved from /home/datatalks_jan/anaconda3/lib/python3.11/site-packages/airflow/example_dags/example_local_kubernetes_executor.py
[2024-04-04T00:27:31.318+0000] {logging_mixin.py:188} INFO - [2024-04-04T00:27:31.318+0000] {dag.py:3047} INFO - Sync 1 DAGs
[2024-04-04T00:27:31.334+0000] {logging_mixin.py:188} INFO - [2024-04-04T00:27:31.333+0000] {dag.py:3834} INFO - Setting next_dagrun for example_local_kubernetes_executor to None, run_after=None
[2024-04-04T00:27:31.363+0000] {processor.py:183} INFO - Processing /home/datatalks_jan/anaconda3/lib/python3.11/site-packages/airflow/example_dags/example_local_kubernetes_executor.py took 0.123 seconds
[2024-04-04T00:28:19.100+0000] {processor.py:161} INFO - Started process (PID=105260) to work on /home/datatalks_jan/anaconda3/lib/python3.11/site-packages/airflow/example_dags/example_local_kubernetes_executor.py
[2024-04-04T00:28:19.102+0000] {processor.py:830} INFO - Processing file /home/datatalks_jan/anaconda3/lib/python3.11/site-packages/airflow/example_dags/example_local_kubernetes_executor.py for tasks to queue
[2024-04-04T00:28:19.104+0000] {logging_mixin.py:188} INFO - [2024-04-04T00:28:19.103+0000] {dagbag.py:540} INFO - Filling up the DagBag from /home/datatalks_jan/anaconda3/lib/python3.11/site-packages/airflow/example_dags/example_local_kubernetes_executor.py
[2024-04-04T00:28:19.118+0000] {processor.py:840} INFO - DAG(s) 'example_local_kubernetes_executor' retrieved from /home/datatalks_jan/anaconda3/lib/python3.11/site-packages/airflow/example_dags/example_local_kubernetes_executor.py
[2024-04-04T00:28:19.159+0000] {logging_mixin.py:188} INFO - [2024-04-04T00:28:19.159+0000] {dag.py:3047} INFO - Sync 1 DAGs
[2024-04-04T00:28:19.172+0000] {logging_mixin.py:188} INFO - [2024-04-04T00:28:19.172+0000] {dag.py:3834} INFO - Setting next_dagrun for example_local_kubernetes_executor to None, run_after=None
[2024-04-04T00:28:19.197+0000] {processor.py:183} INFO - Processing /home/datatalks_jan/anaconda3/lib/python3.11/site-packages/airflow/example_dags/example_local_kubernetes_executor.py took 0.101 seconds
[2024-04-04T00:29:13.566+0000] {processor.py:161} INFO - Started process (PID=105612) to work on /home/datatalks_jan/anaconda3/lib/python3.11/site-packages/airflow/example_dags/example_local_kubernetes_executor.py
[2024-04-04T00:29:13.568+0000] {processor.py:830} INFO - Processing file /home/datatalks_jan/anaconda3/lib/python3.11/site-packages/airflow/example_dags/example_local_kubernetes_executor.py for tasks to queue
[2024-04-04T00:29:13.569+0000] {logging_mixin.py:188} INFO - [2024-04-04T00:29:13.569+0000] {dagbag.py:540} INFO - Filling up the DagBag from /home/datatalks_jan/anaconda3/lib/python3.11/site-packages/airflow/example_dags/example_local_kubernetes_executor.py
[2024-04-04T00:29:13.583+0000] {processor.py:840} INFO - DAG(s) 'example_local_kubernetes_executor' retrieved from /home/datatalks_jan/anaconda3/lib/python3.11/site-packages/airflow/example_dags/example_local_kubernetes_executor.py
[2024-04-04T00:29:13.625+0000] {logging_mixin.py:188} INFO - [2024-04-04T00:29:13.625+0000] {dag.py:3047} INFO - Sync 1 DAGs
[2024-04-04T00:29:13.638+0000] {logging_mixin.py:188} INFO - [2024-04-04T00:29:13.638+0000] {dag.py:3834} INFO - Setting next_dagrun for example_local_kubernetes_executor to None, run_after=None
[2024-04-04T00:29:13.668+0000] {processor.py:183} INFO - Processing /home/datatalks_jan/anaconda3/lib/python3.11/site-packages/airflow/example_dags/example_local_kubernetes_executor.py took 0.106 seconds
[2024-04-04T00:29:58.895+0000] {processor.py:161} INFO - Started process (PID=105808) to work on /home/datatalks_jan/anaconda3/lib/python3.11/site-packages/airflow/example_dags/example_local_kubernetes_executor.py
[2024-04-04T00:29:58.897+0000] {processor.py:830} INFO - Processing file /home/datatalks_jan/anaconda3/lib/python3.11/site-packages/airflow/example_dags/example_local_kubernetes_executor.py for tasks to queue
[2024-04-04T00:29:58.899+0000] {logging_mixin.py:188} INFO - [2024-04-04T00:29:58.898+0000] {dagbag.py:540} INFO - Filling up the DagBag from /home/datatalks_jan/anaconda3/lib/python3.11/site-packages/airflow/example_dags/example_local_kubernetes_executor.py
[2024-04-04T00:29:58.914+0000] {processor.py:840} INFO - DAG(s) 'example_local_kubernetes_executor' retrieved from /home/datatalks_jan/anaconda3/lib/python3.11/site-packages/airflow/example_dags/example_local_kubernetes_executor.py
[2024-04-04T00:29:58.956+0000] {logging_mixin.py:188} INFO - [2024-04-04T00:29:58.956+0000] {dag.py:3047} INFO - Sync 1 DAGs
[2024-04-04T00:29:58.970+0000] {logging_mixin.py:188} INFO - [2024-04-04T00:29:58.969+0000] {dag.py:3834} INFO - Setting next_dagrun for example_local_kubernetes_executor to None, run_after=None
[2024-04-04T00:29:58.996+0000] {processor.py:183} INFO - Processing /home/datatalks_jan/anaconda3/lib/python3.11/site-packages/airflow/example_dags/example_local_kubernetes_executor.py took 0.106 seconds
[2024-04-04T00:30:40.621+0000] {processor.py:161} INFO - Started process (PID=105879) to work on /home/datatalks_jan/anaconda3/lib/python3.11/site-packages/airflow/example_dags/example_local_kubernetes_executor.py
[2024-04-04T00:30:40.623+0000] {processor.py:830} INFO - Processing file /home/datatalks_jan/anaconda3/lib/python3.11/site-packages/airflow/example_dags/example_local_kubernetes_executor.py for tasks to queue
[2024-04-04T00:30:40.625+0000] {logging_mixin.py:188} INFO - [2024-04-04T00:30:40.624+0000] {dagbag.py:540} INFO - Filling up the DagBag from /home/datatalks_jan/anaconda3/lib/python3.11/site-packages/airflow/example_dags/example_local_kubernetes_executor.py
[2024-04-04T00:30:40.641+0000] {processor.py:840} INFO - DAG(s) 'example_local_kubernetes_executor' retrieved from /home/datatalks_jan/anaconda3/lib/python3.11/site-packages/airflow/example_dags/example_local_kubernetes_executor.py
[2024-04-04T00:30:40.689+0000] {logging_mixin.py:188} INFO - [2024-04-04T00:30:40.689+0000] {dag.py:3047} INFO - Sync 1 DAGs
[2024-04-04T00:30:40.704+0000] {logging_mixin.py:188} INFO - [2024-04-04T00:30:40.703+0000] {dag.py:3834} INFO - Setting next_dagrun for example_local_kubernetes_executor to None, run_after=None
[2024-04-04T00:30:40.731+0000] {processor.py:183} INFO - Processing /home/datatalks_jan/anaconda3/lib/python3.11/site-packages/airflow/example_dags/example_local_kubernetes_executor.py took 0.116 seconds
[2024-04-04T00:31:23.734+0000] {processor.py:161} INFO - Started process (PID=105955) to work on /home/datatalks_jan/anaconda3/lib/python3.11/site-packages/airflow/example_dags/example_local_kubernetes_executor.py
[2024-04-04T00:31:23.737+0000] {processor.py:830} INFO - Processing file /home/datatalks_jan/anaconda3/lib/python3.11/site-packages/airflow/example_dags/example_local_kubernetes_executor.py for tasks to queue
[2024-04-04T00:31:23.738+0000] {logging_mixin.py:188} INFO - [2024-04-04T00:31:23.737+0000] {dagbag.py:540} INFO - Filling up the DagBag from /home/datatalks_jan/anaconda3/lib/python3.11/site-packages/airflow/example_dags/example_local_kubernetes_executor.py
[2024-04-04T00:31:23.754+0000] {processor.py:840} INFO - DAG(s) 'example_local_kubernetes_executor' retrieved from /home/datatalks_jan/anaconda3/lib/python3.11/site-packages/airflow/example_dags/example_local_kubernetes_executor.py
[2024-04-04T00:31:23.796+0000] {logging_mixin.py:188} INFO - [2024-04-04T00:31:23.796+0000] {dag.py:3047} INFO - Sync 1 DAGs
[2024-04-04T00:31:23.812+0000] {logging_mixin.py:188} INFO - [2024-04-04T00:31:23.812+0000] {dag.py:3834} INFO - Setting next_dagrun for example_local_kubernetes_executor to None, run_after=None
[2024-04-04T00:31:23.840+0000] {processor.py:183} INFO - Processing /home/datatalks_jan/anaconda3/lib/python3.11/site-packages/airflow/example_dags/example_local_kubernetes_executor.py took 0.111 seconds
