[2024-04-04T00:06:24.334+0000] {processor.py:161} INFO - Started process (PID=99557) to work on /home/datatalks_jan/anaconda3/lib/python3.11/site-packages/airflow/example_dags/example_sensor_decorator.py
[2024-04-04T00:06:24.336+0000] {processor.py:830} INFO - Processing file /home/datatalks_jan/anaconda3/lib/python3.11/site-packages/airflow/example_dags/example_sensor_decorator.py for tasks to queue
[2024-04-04T00:06:24.337+0000] {logging_mixin.py:188} INFO - [2024-04-04T00:06:24.337+0000] {dagbag.py:540} INFO - Filling up the DagBag from /home/datatalks_jan/anaconda3/lib/python3.11/site-packages/airflow/example_dags/example_sensor_decorator.py
[2024-04-04T00:06:24.352+0000] {processor.py:840} INFO - DAG(s) 'example_sensor_decorator' retrieved from /home/datatalks_jan/anaconda3/lib/python3.11/site-packages/airflow/example_dags/example_sensor_decorator.py
[2024-04-04T00:06:24.383+0000] {logging_mixin.py:188} INFO - [2024-04-04T00:06:24.383+0000] {dag.py:3047} INFO - Sync 1 DAGs
[2024-04-04T00:06:24.399+0000] {logging_mixin.py:188} INFO - [2024-04-04T00:06:24.399+0000] {dag.py:3834} INFO - Setting next_dagrun for example_sensor_decorator to None, run_after=None
[2024-04-04T00:06:24.431+0000] {processor.py:183} INFO - Processing /home/datatalks_jan/anaconda3/lib/python3.11/site-packages/airflow/example_dags/example_sensor_decorator.py took 0.102 seconds
[2024-04-04T00:07:31.147+0000] {processor.py:161} INFO - Started process (PID=99921) to work on /home/datatalks_jan/anaconda3/lib/python3.11/site-packages/airflow/example_dags/example_sensor_decorator.py
[2024-04-04T00:07:31.150+0000] {processor.py:830} INFO - Processing file /home/datatalks_jan/anaconda3/lib/python3.11/site-packages/airflow/example_dags/example_sensor_decorator.py for tasks to queue
[2024-04-04T00:07:31.151+0000] {logging_mixin.py:188} INFO - [2024-04-04T00:07:31.150+0000] {dagbag.py:540} INFO - Filling up the DagBag from /home/datatalks_jan/anaconda3/lib/python3.11/site-packages/airflow/example_dags/example_sensor_decorator.py
[2024-04-04T00:07:31.163+0000] {processor.py:840} INFO - DAG(s) 'example_sensor_decorator' retrieved from /home/datatalks_jan/anaconda3/lib/python3.11/site-packages/airflow/example_dags/example_sensor_decorator.py
[2024-04-04T00:07:31.186+0000] {logging_mixin.py:188} INFO - [2024-04-04T00:07:31.186+0000] {dag.py:3047} INFO - Sync 1 DAGs
[2024-04-04T00:07:31.201+0000] {logging_mixin.py:188} INFO - [2024-04-04T00:07:31.200+0000] {dag.py:3834} INFO - Setting next_dagrun for example_sensor_decorator to None, run_after=None
[2024-04-04T00:07:31.230+0000] {processor.py:183} INFO - Processing /home/datatalks_jan/anaconda3/lib/python3.11/site-packages/airflow/example_dags/example_sensor_decorator.py took 0.087 seconds
[2024-04-04T00:08:36.028+0000] {processor.py:161} INFO - Started process (PID=100294) to work on /home/datatalks_jan/anaconda3/lib/python3.11/site-packages/airflow/example_dags/example_sensor_decorator.py
[2024-04-04T00:08:36.030+0000] {processor.py:830} INFO - Processing file /home/datatalks_jan/anaconda3/lib/python3.11/site-packages/airflow/example_dags/example_sensor_decorator.py for tasks to queue
[2024-04-04T00:08:36.031+0000] {logging_mixin.py:188} INFO - [2024-04-04T00:08:36.031+0000] {dagbag.py:540} INFO - Filling up the DagBag from /home/datatalks_jan/anaconda3/lib/python3.11/site-packages/airflow/example_dags/example_sensor_decorator.py
[2024-04-04T00:08:36.044+0000] {processor.py:840} INFO - DAG(s) 'example_sensor_decorator' retrieved from /home/datatalks_jan/anaconda3/lib/python3.11/site-packages/airflow/example_dags/example_sensor_decorator.py
[2024-04-04T00:08:36.068+0000] {logging_mixin.py:188} INFO - [2024-04-04T00:08:36.068+0000] {dag.py:3047} INFO - Sync 1 DAGs
[2024-04-04T00:08:36.082+0000] {logging_mixin.py:188} INFO - [2024-04-04T00:08:36.081+0000] {dag.py:3834} INFO - Setting next_dagrun for example_sensor_decorator to None, run_after=None
[2024-04-04T00:08:36.109+0000] {processor.py:183} INFO - Processing /home/datatalks_jan/anaconda3/lib/python3.11/site-packages/airflow/example_dags/example_sensor_decorator.py took 0.086 seconds
[2024-04-04T00:09:42.710+0000] {processor.py:161} INFO - Started process (PID=100756) to work on /home/datatalks_jan/anaconda3/lib/python3.11/site-packages/airflow/example_dags/example_sensor_decorator.py
[2024-04-04T00:09:42.713+0000] {processor.py:830} INFO - Processing file /home/datatalks_jan/anaconda3/lib/python3.11/site-packages/airflow/example_dags/example_sensor_decorator.py for tasks to queue
[2024-04-04T00:09:42.715+0000] {logging_mixin.py:188} INFO - [2024-04-04T00:09:42.714+0000] {dagbag.py:540} INFO - Filling up the DagBag from /home/datatalks_jan/anaconda3/lib/python3.11/site-packages/airflow/example_dags/example_sensor_decorator.py
[2024-04-04T00:09:42.732+0000] {processor.py:840} INFO - DAG(s) 'example_sensor_decorator' retrieved from /home/datatalks_jan/anaconda3/lib/python3.11/site-packages/airflow/example_dags/example_sensor_decorator.py
[2024-04-04T00:09:42.759+0000] {logging_mixin.py:188} INFO - [2024-04-04T00:09:42.759+0000] {dag.py:3047} INFO - Sync 1 DAGs
[2024-04-04T00:09:42.780+0000] {logging_mixin.py:188} INFO - [2024-04-04T00:09:42.779+0000] {dag.py:3834} INFO - Setting next_dagrun for example_sensor_decorator to None, run_after=None
[2024-04-04T00:09:42.837+0000] {processor.py:183} INFO - Processing /home/datatalks_jan/anaconda3/lib/python3.11/site-packages/airflow/example_dags/example_sensor_decorator.py took 0.133 seconds
[2024-04-04T00:10:40.965+0000] {processor.py:161} INFO - Started process (PID=101269) to work on /home/datatalks_jan/anaconda3/lib/python3.11/site-packages/airflow/example_dags/example_sensor_decorator.py
[2024-04-04T00:10:40.967+0000] {processor.py:830} INFO - Processing file /home/datatalks_jan/anaconda3/lib/python3.11/site-packages/airflow/example_dags/example_sensor_decorator.py for tasks to queue
[2024-04-04T00:10:40.968+0000] {logging_mixin.py:188} INFO - [2024-04-04T00:10:40.968+0000] {dagbag.py:540} INFO - Filling up the DagBag from /home/datatalks_jan/anaconda3/lib/python3.11/site-packages/airflow/example_dags/example_sensor_decorator.py
[2024-04-04T00:10:40.981+0000] {processor.py:840} INFO - DAG(s) 'example_sensor_decorator' retrieved from /home/datatalks_jan/anaconda3/lib/python3.11/site-packages/airflow/example_dags/example_sensor_decorator.py
[2024-04-04T00:10:41.004+0000] {logging_mixin.py:188} INFO - [2024-04-04T00:10:41.004+0000] {dag.py:3047} INFO - Sync 1 DAGs
[2024-04-04T00:10:41.018+0000] {logging_mixin.py:188} INFO - [2024-04-04T00:10:41.018+0000] {dag.py:3834} INFO - Setting next_dagrun for example_sensor_decorator to None, run_after=None
[2024-04-04T00:10:41.044+0000] {processor.py:183} INFO - Processing /home/datatalks_jan/anaconda3/lib/python3.11/site-packages/airflow/example_dags/example_sensor_decorator.py took 0.085 seconds
[2024-04-04T00:11:34.379+0000] {processor.py:161} INFO - Started process (PID=101636) to work on /home/datatalks_jan/anaconda3/lib/python3.11/site-packages/airflow/example_dags/example_sensor_decorator.py
[2024-04-04T00:11:34.382+0000] {processor.py:830} INFO - Processing file /home/datatalks_jan/anaconda3/lib/python3.11/site-packages/airflow/example_dags/example_sensor_decorator.py for tasks to queue
[2024-04-04T00:11:34.383+0000] {logging_mixin.py:188} INFO - [2024-04-04T00:11:34.383+0000] {dagbag.py:540} INFO - Filling up the DagBag from /home/datatalks_jan/anaconda3/lib/python3.11/site-packages/airflow/example_dags/example_sensor_decorator.py
[2024-04-04T00:11:34.403+0000] {processor.py:840} INFO - DAG(s) 'example_sensor_decorator' retrieved from /home/datatalks_jan/anaconda3/lib/python3.11/site-packages/airflow/example_dags/example_sensor_decorator.py
[2024-04-04T00:11:34.435+0000] {logging_mixin.py:188} INFO - [2024-04-04T00:11:34.435+0000] {dag.py:3047} INFO - Sync 1 DAGs
[2024-04-04T00:11:34.455+0000] {logging_mixin.py:188} INFO - [2024-04-04T00:11:34.455+0000] {dag.py:3834} INFO - Setting next_dagrun for example_sensor_decorator to None, run_after=None
[2024-04-04T00:11:34.495+0000] {processor.py:183} INFO - Processing /home/datatalks_jan/anaconda3/lib/python3.11/site-packages/airflow/example_dags/example_sensor_decorator.py took 0.124 seconds
[2024-04-04T00:12:27.719+0000] {processor.py:161} INFO - Started process (PID=102016) to work on /home/datatalks_jan/anaconda3/lib/python3.11/site-packages/airflow/example_dags/example_sensor_decorator.py
[2024-04-04T00:12:27.724+0000] {processor.py:830} INFO - Processing file /home/datatalks_jan/anaconda3/lib/python3.11/site-packages/airflow/example_dags/example_sensor_decorator.py for tasks to queue
[2024-04-04T00:12:27.726+0000] {logging_mixin.py:188} INFO - [2024-04-04T00:12:27.725+0000] {dagbag.py:540} INFO - Filling up the DagBag from /home/datatalks_jan/anaconda3/lib/python3.11/site-packages/airflow/example_dags/example_sensor_decorator.py
[2024-04-04T00:12:27.742+0000] {processor.py:840} INFO - DAG(s) 'example_sensor_decorator' retrieved from /home/datatalks_jan/anaconda3/lib/python3.11/site-packages/airflow/example_dags/example_sensor_decorator.py
[2024-04-04T00:12:27.768+0000] {logging_mixin.py:188} INFO - [2024-04-04T00:12:27.768+0000] {dag.py:3047} INFO - Sync 1 DAGs
[2024-04-04T00:12:27.786+0000] {logging_mixin.py:188} INFO - [2024-04-04T00:12:27.785+0000] {dag.py:3834} INFO - Setting next_dagrun for example_sensor_decorator to None, run_after=None
[2024-04-04T00:12:27.817+0000] {processor.py:183} INFO - Processing /home/datatalks_jan/anaconda3/lib/python3.11/site-packages/airflow/example_dags/example_sensor_decorator.py took 0.106 seconds
[2024-04-04T00:13:41.810+0000] {processor.py:161} INFO - Started process (PID=102572) to work on /home/datatalks_jan/anaconda3/lib/python3.11/site-packages/airflow/example_dags/example_sensor_decorator.py
[2024-04-04T00:13:41.813+0000] {processor.py:830} INFO - Processing file /home/datatalks_jan/anaconda3/lib/python3.11/site-packages/airflow/example_dags/example_sensor_decorator.py for tasks to queue
[2024-04-04T00:13:41.815+0000] {logging_mixin.py:188} INFO - [2024-04-04T00:13:41.814+0000] {dagbag.py:540} INFO - Filling up the DagBag from /home/datatalks_jan/anaconda3/lib/python3.11/site-packages/airflow/example_dags/example_sensor_decorator.py
[2024-04-04T00:13:41.834+0000] {processor.py:840} INFO - DAG(s) 'example_sensor_decorator' retrieved from /home/datatalks_jan/anaconda3/lib/python3.11/site-packages/airflow/example_dags/example_sensor_decorator.py
[2024-04-04T00:13:41.866+0000] {logging_mixin.py:188} INFO - [2024-04-04T00:13:41.866+0000] {dag.py:3047} INFO - Sync 1 DAGs
[2024-04-04T00:13:41.895+0000] {logging_mixin.py:188} INFO - [2024-04-04T00:13:41.894+0000] {dag.py:3834} INFO - Setting next_dagrun for example_sensor_decorator to None, run_after=None
[2024-04-04T00:13:41.943+0000] {processor.py:183} INFO - Processing /home/datatalks_jan/anaconda3/lib/python3.11/site-packages/airflow/example_dags/example_sensor_decorator.py took 0.141 seconds
[2024-04-04T00:14:34.596+0000] {processor.py:161} INFO - Started process (PID=103013) to work on /home/datatalks_jan/anaconda3/lib/python3.11/site-packages/airflow/example_dags/example_sensor_decorator.py
[2024-04-04T00:14:34.599+0000] {processor.py:830} INFO - Processing file /home/datatalks_jan/anaconda3/lib/python3.11/site-packages/airflow/example_dags/example_sensor_decorator.py for tasks to queue
[2024-04-04T00:14:34.601+0000] {logging_mixin.py:188} INFO - [2024-04-04T00:14:34.600+0000] {dagbag.py:540} INFO - Filling up the DagBag from /home/datatalks_jan/anaconda3/lib/python3.11/site-packages/airflow/example_dags/example_sensor_decorator.py
[2024-04-04T00:14:34.615+0000] {processor.py:840} INFO - DAG(s) 'example_sensor_decorator' retrieved from /home/datatalks_jan/anaconda3/lib/python3.11/site-packages/airflow/example_dags/example_sensor_decorator.py
[2024-04-04T00:14:34.642+0000] {logging_mixin.py:188} INFO - [2024-04-04T00:14:34.642+0000] {dag.py:3047} INFO - Sync 1 DAGs
[2024-04-04T00:14:34.658+0000] {logging_mixin.py:188} INFO - [2024-04-04T00:14:34.657+0000] {dag.py:3834} INFO - Setting next_dagrun for example_sensor_decorator to None, run_after=None
[2024-04-04T00:14:34.690+0000] {processor.py:183} INFO - Processing /home/datatalks_jan/anaconda3/lib/python3.11/site-packages/airflow/example_dags/example_sensor_decorator.py took 0.100 seconds
[2024-04-04T00:15:51.175+0000] {processor.py:161} INFO - Started process (PID=103622) to work on /home/datatalks_jan/anaconda3/lib/python3.11/site-packages/airflow/example_dags/example_sensor_decorator.py
[2024-04-04T00:15:51.177+0000] {processor.py:830} INFO - Processing file /home/datatalks_jan/anaconda3/lib/python3.11/site-packages/airflow/example_dags/example_sensor_decorator.py for tasks to queue
[2024-04-04T00:15:51.178+0000] {logging_mixin.py:188} INFO - [2024-04-04T00:15:51.178+0000] {dagbag.py:540} INFO - Filling up the DagBag from /home/datatalks_jan/anaconda3/lib/python3.11/site-packages/airflow/example_dags/example_sensor_decorator.py
[2024-04-04T00:15:51.191+0000] {processor.py:840} INFO - DAG(s) 'example_sensor_decorator' retrieved from /home/datatalks_jan/anaconda3/lib/python3.11/site-packages/airflow/example_dags/example_sensor_decorator.py
[2024-04-04T00:15:51.215+0000] {logging_mixin.py:188} INFO - [2024-04-04T00:15:51.214+0000] {dag.py:3047} INFO - Sync 1 DAGs
[2024-04-04T00:15:51.229+0000] {logging_mixin.py:188} INFO - [2024-04-04T00:15:51.228+0000] {dag.py:3834} INFO - Setting next_dagrun for example_sensor_decorator to None, run_after=None
[2024-04-04T00:15:51.256+0000] {processor.py:183} INFO - Processing /home/datatalks_jan/anaconda3/lib/python3.11/site-packages/airflow/example_dags/example_sensor_decorator.py took 0.086 seconds
[2024-04-04T00:16:42.492+0000] {processor.py:161} INFO - Started process (PID=103898) to work on /home/datatalks_jan/anaconda3/lib/python3.11/site-packages/airflow/example_dags/example_sensor_decorator.py
[2024-04-04T00:16:42.495+0000] {processor.py:830} INFO - Processing file /home/datatalks_jan/anaconda3/lib/python3.11/site-packages/airflow/example_dags/example_sensor_decorator.py for tasks to queue
[2024-04-04T00:16:42.496+0000] {logging_mixin.py:188} INFO - [2024-04-04T00:16:42.495+0000] {dagbag.py:540} INFO - Filling up the DagBag from /home/datatalks_jan/anaconda3/lib/python3.11/site-packages/airflow/example_dags/example_sensor_decorator.py
[2024-04-04T00:16:42.508+0000] {processor.py:840} INFO - DAG(s) 'example_sensor_decorator' retrieved from /home/datatalks_jan/anaconda3/lib/python3.11/site-packages/airflow/example_dags/example_sensor_decorator.py
[2024-04-04T00:16:42.531+0000] {logging_mixin.py:188} INFO - [2024-04-04T00:16:42.531+0000] {dag.py:3047} INFO - Sync 1 DAGs
[2024-04-04T00:16:42.545+0000] {logging_mixin.py:188} INFO - [2024-04-04T00:16:42.545+0000] {dag.py:3834} INFO - Setting next_dagrun for example_sensor_decorator to None, run_after=None
[2024-04-04T00:16:42.572+0000] {processor.py:183} INFO - Processing /home/datatalks_jan/anaconda3/lib/python3.11/site-packages/airflow/example_dags/example_sensor_decorator.py took 0.085 seconds
[2024-04-04T00:17:49.869+0000] {processor.py:161} INFO - Started process (PID=104182) to work on /home/datatalks_jan/anaconda3/lib/python3.11/site-packages/airflow/example_dags/example_sensor_decorator.py
[2024-04-04T00:17:49.872+0000] {processor.py:830} INFO - Processing file /home/datatalks_jan/anaconda3/lib/python3.11/site-packages/airflow/example_dags/example_sensor_decorator.py for tasks to queue
[2024-04-04T00:17:49.874+0000] {logging_mixin.py:188} INFO - [2024-04-04T00:17:49.873+0000] {dagbag.py:540} INFO - Filling up the DagBag from /home/datatalks_jan/anaconda3/lib/python3.11/site-packages/airflow/example_dags/example_sensor_decorator.py
[2024-04-04T00:17:49.890+0000] {processor.py:840} INFO - DAG(s) 'example_sensor_decorator' retrieved from /home/datatalks_jan/anaconda3/lib/python3.11/site-packages/airflow/example_dags/example_sensor_decorator.py
[2024-04-04T00:17:49.921+0000] {logging_mixin.py:188} INFO - [2024-04-04T00:17:49.921+0000] {dag.py:3047} INFO - Sync 1 DAGs
[2024-04-04T00:17:49.940+0000] {logging_mixin.py:188} INFO - [2024-04-04T00:17:49.940+0000] {dag.py:3834} INFO - Setting next_dagrun for example_sensor_decorator to None, run_after=None
[2024-04-04T00:17:49.980+0000] {processor.py:183} INFO - Processing /home/datatalks_jan/anaconda3/lib/python3.11/site-packages/airflow/example_dags/example_sensor_decorator.py took 0.119 seconds
[2024-04-04T00:19:09.303+0000] {processor.py:161} INFO - Started process (PID=104462) to work on /home/datatalks_jan/anaconda3/lib/python3.11/site-packages/airflow/example_dags/example_sensor_decorator.py
[2024-04-04T00:19:09.306+0000] {processor.py:830} INFO - Processing file /home/datatalks_jan/anaconda3/lib/python3.11/site-packages/airflow/example_dags/example_sensor_decorator.py for tasks to queue
[2024-04-04T00:19:09.308+0000] {logging_mixin.py:188} INFO - [2024-04-04T00:19:09.307+0000] {dagbag.py:540} INFO - Filling up the DagBag from /home/datatalks_jan/anaconda3/lib/python3.11/site-packages/airflow/example_dags/example_sensor_decorator.py
[2024-04-04T00:19:09.324+0000] {processor.py:840} INFO - DAG(s) 'example_sensor_decorator' retrieved from /home/datatalks_jan/anaconda3/lib/python3.11/site-packages/airflow/example_dags/example_sensor_decorator.py
[2024-04-04T00:19:09.352+0000] {logging_mixin.py:188} INFO - [2024-04-04T00:19:09.352+0000] {dag.py:3047} INFO - Sync 1 DAGs
[2024-04-04T00:19:09.372+0000] {logging_mixin.py:188} INFO - [2024-04-04T00:19:09.371+0000] {dag.py:3834} INFO - Setting next_dagrun for example_sensor_decorator to None, run_after=None
[2024-04-04T00:19:09.409+0000] {processor.py:183} INFO - Processing /home/datatalks_jan/anaconda3/lib/python3.11/site-packages/airflow/example_dags/example_sensor_decorator.py took 0.111 seconds
[2024-04-04T00:19:58.933+0000] {processor.py:161} INFO - Started process (PID=104514) to work on /home/datatalks_jan/anaconda3/lib/python3.11/site-packages/airflow/example_dags/example_sensor_decorator.py
[2024-04-04T00:19:58.935+0000] {processor.py:830} INFO - Processing file /home/datatalks_jan/anaconda3/lib/python3.11/site-packages/airflow/example_dags/example_sensor_decorator.py for tasks to queue
[2024-04-04T00:19:58.936+0000] {logging_mixin.py:188} INFO - [2024-04-04T00:19:58.936+0000] {dagbag.py:540} INFO - Filling up the DagBag from /home/datatalks_jan/anaconda3/lib/python3.11/site-packages/airflow/example_dags/example_sensor_decorator.py
[2024-04-04T00:19:58.950+0000] {processor.py:840} INFO - DAG(s) 'example_sensor_decorator' retrieved from /home/datatalks_jan/anaconda3/lib/python3.11/site-packages/airflow/example_dags/example_sensor_decorator.py
[2024-04-04T00:19:58.974+0000] {logging_mixin.py:188} INFO - [2024-04-04T00:19:58.973+0000] {dag.py:3047} INFO - Sync 1 DAGs
[2024-04-04T00:19:58.989+0000] {logging_mixin.py:188} INFO - [2024-04-04T00:19:58.989+0000] {dag.py:3834} INFO - Setting next_dagrun for example_sensor_decorator to None, run_after=None
[2024-04-04T00:19:59.016+0000] {processor.py:183} INFO - Processing /home/datatalks_jan/anaconda3/lib/python3.11/site-packages/airflow/example_dags/example_sensor_decorator.py took 0.089 seconds
[2024-04-04T00:21:04.690+0000] {processor.py:161} INFO - Started process (PID=104694) to work on /home/datatalks_jan/anaconda3/lib/python3.11/site-packages/airflow/example_dags/example_sensor_decorator.py
[2024-04-04T00:21:04.693+0000] {processor.py:830} INFO - Processing file /home/datatalks_jan/anaconda3/lib/python3.11/site-packages/airflow/example_dags/example_sensor_decorator.py for tasks to queue
[2024-04-04T00:21:04.695+0000] {logging_mixin.py:188} INFO - [2024-04-04T00:21:04.694+0000] {dagbag.py:540} INFO - Filling up the DagBag from /home/datatalks_jan/anaconda3/lib/python3.11/site-packages/airflow/example_dags/example_sensor_decorator.py
[2024-04-04T00:21:04.711+0000] {processor.py:840} INFO - DAG(s) 'example_sensor_decorator' retrieved from /home/datatalks_jan/anaconda3/lib/python3.11/site-packages/airflow/example_dags/example_sensor_decorator.py
[2024-04-04T00:21:04.734+0000] {logging_mixin.py:188} INFO - [2024-04-04T00:21:04.734+0000] {dag.py:3047} INFO - Sync 1 DAGs
[2024-04-04T00:21:04.747+0000] {logging_mixin.py:188} INFO - [2024-04-04T00:21:04.747+0000] {dag.py:3834} INFO - Setting next_dagrun for example_sensor_decorator to None, run_after=None
[2024-04-04T00:21:04.773+0000] {processor.py:183} INFO - Processing /home/datatalks_jan/anaconda3/lib/python3.11/site-packages/airflow/example_dags/example_sensor_decorator.py took 0.090 seconds
[2024-04-04T00:22:15.027+0000] {processor.py:161} INFO - Started process (PID=104765) to work on /home/datatalks_jan/anaconda3/lib/python3.11/site-packages/airflow/example_dags/example_sensor_decorator.py
[2024-04-04T00:22:15.029+0000] {processor.py:830} INFO - Processing file /home/datatalks_jan/anaconda3/lib/python3.11/site-packages/airflow/example_dags/example_sensor_decorator.py for tasks to queue
[2024-04-04T00:22:15.030+0000] {logging_mixin.py:188} INFO - [2024-04-04T00:22:15.030+0000] {dagbag.py:540} INFO - Filling up the DagBag from /home/datatalks_jan/anaconda3/lib/python3.11/site-packages/airflow/example_dags/example_sensor_decorator.py
[2024-04-04T00:22:15.043+0000] {processor.py:840} INFO - DAG(s) 'example_sensor_decorator' retrieved from /home/datatalks_jan/anaconda3/lib/python3.11/site-packages/airflow/example_dags/example_sensor_decorator.py
[2024-04-04T00:22:15.066+0000] {logging_mixin.py:188} INFO - [2024-04-04T00:22:15.066+0000] {dag.py:3047} INFO - Sync 1 DAGs
[2024-04-04T00:22:15.080+0000] {logging_mixin.py:188} INFO - [2024-04-04T00:22:15.080+0000] {dag.py:3834} INFO - Setting next_dagrun for example_sensor_decorator to None, run_after=None
[2024-04-04T00:22:15.106+0000] {processor.py:183} INFO - Processing /home/datatalks_jan/anaconda3/lib/python3.11/site-packages/airflow/example_dags/example_sensor_decorator.py took 0.085 seconds
[2024-04-04T00:23:24.670+0000] {processor.py:161} INFO - Started process (PID=104835) to work on /home/datatalks_jan/anaconda3/lib/python3.11/site-packages/airflow/example_dags/example_sensor_decorator.py
[2024-04-04T00:23:24.673+0000] {processor.py:830} INFO - Processing file /home/datatalks_jan/anaconda3/lib/python3.11/site-packages/airflow/example_dags/example_sensor_decorator.py for tasks to queue
[2024-04-04T00:23:24.675+0000] {logging_mixin.py:188} INFO - [2024-04-04T00:23:24.674+0000] {dagbag.py:540} INFO - Filling up the DagBag from /home/datatalks_jan/anaconda3/lib/python3.11/site-packages/airflow/example_dags/example_sensor_decorator.py
[2024-04-04T00:23:24.690+0000] {processor.py:840} INFO - DAG(s) 'example_sensor_decorator' retrieved from /home/datatalks_jan/anaconda3/lib/python3.11/site-packages/airflow/example_dags/example_sensor_decorator.py
[2024-04-04T00:23:24.721+0000] {logging_mixin.py:188} INFO - [2024-04-04T00:23:24.721+0000] {dag.py:3047} INFO - Sync 1 DAGs
[2024-04-04T00:23:24.739+0000] {logging_mixin.py:188} INFO - [2024-04-04T00:23:24.739+0000] {dag.py:3834} INFO - Setting next_dagrun for example_sensor_decorator to None, run_after=None
[2024-04-04T00:23:24.778+0000] {processor.py:183} INFO - Processing /home/datatalks_jan/anaconda3/lib/python3.11/site-packages/airflow/example_dags/example_sensor_decorator.py took 0.114 seconds
[2024-04-04T00:24:36.988+0000] {processor.py:161} INFO - Started process (PID=104971) to work on /home/datatalks_jan/anaconda3/lib/python3.11/site-packages/airflow/example_dags/example_sensor_decorator.py
[2024-04-04T00:24:36.990+0000] {processor.py:830} INFO - Processing file /home/datatalks_jan/anaconda3/lib/python3.11/site-packages/airflow/example_dags/example_sensor_decorator.py for tasks to queue
[2024-04-04T00:24:36.991+0000] {logging_mixin.py:188} INFO - [2024-04-04T00:24:36.991+0000] {dagbag.py:540} INFO - Filling up the DagBag from /home/datatalks_jan/anaconda3/lib/python3.11/site-packages/airflow/example_dags/example_sensor_decorator.py
[2024-04-04T00:24:37.005+0000] {processor.py:840} INFO - DAG(s) 'example_sensor_decorator' retrieved from /home/datatalks_jan/anaconda3/lib/python3.11/site-packages/airflow/example_dags/example_sensor_decorator.py
[2024-04-04T00:24:37.027+0000] {logging_mixin.py:188} INFO - [2024-04-04T00:24:37.027+0000] {dag.py:3047} INFO - Sync 1 DAGs
[2024-04-04T00:24:37.042+0000] {logging_mixin.py:188} INFO - [2024-04-04T00:24:37.042+0000] {dag.py:3834} INFO - Setting next_dagrun for example_sensor_decorator to None, run_after=None
[2024-04-04T00:24:37.067+0000] {processor.py:183} INFO - Processing /home/datatalks_jan/anaconda3/lib/python3.11/site-packages/airflow/example_dags/example_sensor_decorator.py took 0.085 seconds
[2024-04-04T00:25:26.836+0000] {processor.py:161} INFO - Started process (PID=105023) to work on /home/datatalks_jan/anaconda3/lib/python3.11/site-packages/airflow/example_dags/example_sensor_decorator.py
[2024-04-04T00:25:26.839+0000] {processor.py:830} INFO - Processing file /home/datatalks_jan/anaconda3/lib/python3.11/site-packages/airflow/example_dags/example_sensor_decorator.py for tasks to queue
[2024-04-04T00:25:26.841+0000] {logging_mixin.py:188} INFO - [2024-04-04T00:25:26.840+0000] {dagbag.py:540} INFO - Filling up the DagBag from /home/datatalks_jan/anaconda3/lib/python3.11/site-packages/airflow/example_dags/example_sensor_decorator.py
[2024-04-04T00:25:26.859+0000] {processor.py:840} INFO - DAG(s) 'example_sensor_decorator' retrieved from /home/datatalks_jan/anaconda3/lib/python3.11/site-packages/airflow/example_dags/example_sensor_decorator.py
[2024-04-04T00:25:26.894+0000] {logging_mixin.py:188} INFO - [2024-04-04T00:25:26.894+0000] {dag.py:3047} INFO - Sync 1 DAGs
[2024-04-04T00:25:26.913+0000] {logging_mixin.py:188} INFO - [2024-04-04T00:25:26.912+0000] {dag.py:3834} INFO - Setting next_dagrun for example_sensor_decorator to None, run_after=None
[2024-04-04T00:25:26.948+0000] {processor.py:183} INFO - Processing /home/datatalks_jan/anaconda3/lib/python3.11/site-packages/airflow/example_dags/example_sensor_decorator.py took 0.119 seconds
[2024-04-04T00:26:34.811+0000] {processor.py:161} INFO - Started process (PID=105147) to work on /home/datatalks_jan/anaconda3/lib/python3.11/site-packages/airflow/example_dags/example_sensor_decorator.py
[2024-04-04T00:26:34.814+0000] {processor.py:830} INFO - Processing file /home/datatalks_jan/anaconda3/lib/python3.11/site-packages/airflow/example_dags/example_sensor_decorator.py for tasks to queue
[2024-04-04T00:26:34.815+0000] {logging_mixin.py:188} INFO - [2024-04-04T00:26:34.815+0000] {dagbag.py:540} INFO - Filling up the DagBag from /home/datatalks_jan/anaconda3/lib/python3.11/site-packages/airflow/example_dags/example_sensor_decorator.py
[2024-04-04T00:26:34.830+0000] {processor.py:840} INFO - DAG(s) 'example_sensor_decorator' retrieved from /home/datatalks_jan/anaconda3/lib/python3.11/site-packages/airflow/example_dags/example_sensor_decorator.py
[2024-04-04T00:26:34.857+0000] {logging_mixin.py:188} INFO - [2024-04-04T00:26:34.856+0000] {dag.py:3047} INFO - Sync 1 DAGs
[2024-04-04T00:26:34.875+0000] {logging_mixin.py:188} INFO - [2024-04-04T00:26:34.874+0000] {dag.py:3834} INFO - Setting next_dagrun for example_sensor_decorator to None, run_after=None
[2024-04-04T00:26:34.907+0000] {processor.py:183} INFO - Processing /home/datatalks_jan/anaconda3/lib/python3.11/site-packages/airflow/example_dags/example_sensor_decorator.py took 0.102 seconds
[2024-04-04T00:27:41.764+0000] {processor.py:161} INFO - Started process (PID=105221) to work on /home/datatalks_jan/anaconda3/lib/python3.11/site-packages/airflow/example_dags/example_sensor_decorator.py
[2024-04-04T00:27:41.766+0000] {processor.py:830} INFO - Processing file /home/datatalks_jan/anaconda3/lib/python3.11/site-packages/airflow/example_dags/example_sensor_decorator.py for tasks to queue
[2024-04-04T00:27:41.768+0000] {logging_mixin.py:188} INFO - [2024-04-04T00:27:41.767+0000] {dagbag.py:540} INFO - Filling up the DagBag from /home/datatalks_jan/anaconda3/lib/python3.11/site-packages/airflow/example_dags/example_sensor_decorator.py
[2024-04-04T00:27:41.781+0000] {processor.py:840} INFO - DAG(s) 'example_sensor_decorator' retrieved from /home/datatalks_jan/anaconda3/lib/python3.11/site-packages/airflow/example_dags/example_sensor_decorator.py
[2024-04-04T00:27:41.804+0000] {logging_mixin.py:188} INFO - [2024-04-04T00:27:41.804+0000] {dag.py:3047} INFO - Sync 1 DAGs
[2024-04-04T00:27:41.818+0000] {logging_mixin.py:188} INFO - [2024-04-04T00:27:41.818+0000] {dag.py:3834} INFO - Setting next_dagrun for example_sensor_decorator to None, run_after=None
[2024-04-04T00:27:41.846+0000] {processor.py:183} INFO - Processing /home/datatalks_jan/anaconda3/lib/python3.11/site-packages/airflow/example_dags/example_sensor_decorator.py took 0.087 seconds
[2024-04-04T00:28:57.507+0000] {processor.py:161} INFO - Started process (PID=105522) to work on /home/datatalks_jan/anaconda3/lib/python3.11/site-packages/airflow/example_dags/example_sensor_decorator.py
[2024-04-04T00:28:57.510+0000] {processor.py:830} INFO - Processing file /home/datatalks_jan/anaconda3/lib/python3.11/site-packages/airflow/example_dags/example_sensor_decorator.py for tasks to queue
[2024-04-04T00:28:57.511+0000] {logging_mixin.py:188} INFO - [2024-04-04T00:28:57.510+0000] {dagbag.py:540} INFO - Filling up the DagBag from /home/datatalks_jan/anaconda3/lib/python3.11/site-packages/airflow/example_dags/example_sensor_decorator.py
[2024-04-04T00:28:57.523+0000] {processor.py:840} INFO - DAG(s) 'example_sensor_decorator' retrieved from /home/datatalks_jan/anaconda3/lib/python3.11/site-packages/airflow/example_dags/example_sensor_decorator.py
[2024-04-04T00:28:57.544+0000] {logging_mixin.py:188} INFO - [2024-04-04T00:28:57.544+0000] {dag.py:3047} INFO - Sync 1 DAGs
[2024-04-04T00:28:57.558+0000] {logging_mixin.py:188} INFO - [2024-04-04T00:28:57.558+0000] {dag.py:3834} INFO - Setting next_dagrun for example_sensor_decorator to None, run_after=None
[2024-04-04T00:28:57.583+0000] {processor.py:183} INFO - Processing /home/datatalks_jan/anaconda3/lib/python3.11/site-packages/airflow/example_dags/example_sensor_decorator.py took 0.081 seconds
[2024-04-04T00:29:47.025+0000] {processor.py:161} INFO - Started process (PID=105767) to work on /home/datatalks_jan/anaconda3/lib/python3.11/site-packages/airflow/example_dags/example_sensor_decorator.py
[2024-04-04T00:29:47.027+0000] {processor.py:830} INFO - Processing file /home/datatalks_jan/anaconda3/lib/python3.11/site-packages/airflow/example_dags/example_sensor_decorator.py for tasks to queue
[2024-04-04T00:29:47.029+0000] {logging_mixin.py:188} INFO - [2024-04-04T00:29:47.028+0000] {dagbag.py:540} INFO - Filling up the DagBag from /home/datatalks_jan/anaconda3/lib/python3.11/site-packages/airflow/example_dags/example_sensor_decorator.py
[2024-04-04T00:29:47.043+0000] {processor.py:840} INFO - DAG(s) 'example_sensor_decorator' retrieved from /home/datatalks_jan/anaconda3/lib/python3.11/site-packages/airflow/example_dags/example_sensor_decorator.py
[2024-04-04T00:29:47.070+0000] {logging_mixin.py:188} INFO - [2024-04-04T00:29:47.070+0000] {dag.py:3047} INFO - Sync 1 DAGs
[2024-04-04T00:29:47.086+0000] {logging_mixin.py:188} INFO - [2024-04-04T00:29:47.086+0000] {dag.py:3834} INFO - Setting next_dagrun for example_sensor_decorator to None, run_after=None
[2024-04-04T00:29:47.117+0000] {processor.py:183} INFO - Processing /home/datatalks_jan/anaconda3/lib/python3.11/site-packages/airflow/example_dags/example_sensor_decorator.py took 0.098 seconds
[2024-04-04T00:30:47.697+0000] {processor.py:161} INFO - Started process (PID=105914) to work on /home/datatalks_jan/anaconda3/lib/python3.11/site-packages/airflow/example_dags/example_sensor_decorator.py
[2024-04-04T00:30:47.700+0000] {processor.py:830} INFO - Processing file /home/datatalks_jan/anaconda3/lib/python3.11/site-packages/airflow/example_dags/example_sensor_decorator.py for tasks to queue
[2024-04-04T00:30:47.702+0000] {logging_mixin.py:188} INFO - [2024-04-04T00:30:47.701+0000] {dagbag.py:540} INFO - Filling up the DagBag from /home/datatalks_jan/anaconda3/lib/python3.11/site-packages/airflow/example_dags/example_sensor_decorator.py
[2024-04-04T00:30:47.716+0000] {processor.py:840} INFO - DAG(s) 'example_sensor_decorator' retrieved from /home/datatalks_jan/anaconda3/lib/python3.11/site-packages/airflow/example_dags/example_sensor_decorator.py
[2024-04-04T00:30:47.743+0000] {logging_mixin.py:188} INFO - [2024-04-04T00:30:47.743+0000] {dag.py:3047} INFO - Sync 1 DAGs
[2024-04-04T00:30:47.759+0000] {logging_mixin.py:188} INFO - [2024-04-04T00:30:47.759+0000] {dag.py:3834} INFO - Setting next_dagrun for example_sensor_decorator to None, run_after=None
[2024-04-04T00:30:47.790+0000] {processor.py:183} INFO - Processing /home/datatalks_jan/anaconda3/lib/python3.11/site-packages/airflow/example_dags/example_sensor_decorator.py took 0.098 seconds
