[2024-04-04T00:06:12.781+0000] {processor.py:161} INFO - Started process (PID=99540) to work on /home/datatalks_jan/anaconda3/lib/python3.11/site-packages/airflow/example_dags/example_sensors.py
[2024-04-04T00:06:12.782+0000] {processor.py:830} INFO - Processing file /home/datatalks_jan/anaconda3/lib/python3.11/site-packages/airflow/example_dags/example_sensors.py for tasks to queue
[2024-04-04T00:06:12.784+0000] {logging_mixin.py:188} INFO - [2024-04-04T00:06:12.783+0000] {dagbag.py:540} INFO - Filling up the DagBag from /home/datatalks_jan/anaconda3/lib/python3.11/site-packages/airflow/example_dags/example_sensors.py
[2024-04-04T00:06:12.799+0000] {processor.py:840} INFO - DAG(s) 'example_sensors' retrieved from /home/datatalks_jan/anaconda3/lib/python3.11/site-packages/airflow/example_dags/example_sensors.py
[2024-04-04T00:06:12.832+0000] {logging_mixin.py:188} INFO - [2024-04-04T00:06:12.832+0000] {dag.py:3047} INFO - Sync 1 DAGs
[2024-04-04T00:06:12.848+0000] {logging_mixin.py:188} INFO - [2024-04-04T00:06:12.847+0000] {dag.py:3834} INFO - Setting next_dagrun for example_sensors to None, run_after=None
[2024-04-04T00:06:12.877+0000] {processor.py:183} INFO - Processing /home/datatalks_jan/anaconda3/lib/python3.11/site-packages/airflow/example_dags/example_sensors.py took 0.102 seconds
[2024-04-04T00:07:17.116+0000] {processor.py:161} INFO - Started process (PID=99849) to work on /home/datatalks_jan/anaconda3/lib/python3.11/site-packages/airflow/example_dags/example_sensors.py
[2024-04-04T00:07:17.119+0000] {processor.py:830} INFO - Processing file /home/datatalks_jan/anaconda3/lib/python3.11/site-packages/airflow/example_dags/example_sensors.py for tasks to queue
[2024-04-04T00:07:17.121+0000] {logging_mixin.py:188} INFO - [2024-04-04T00:07:17.119+0000] {dagbag.py:540} INFO - Filling up the DagBag from /home/datatalks_jan/anaconda3/lib/python3.11/site-packages/airflow/example_dags/example_sensors.py
[2024-04-04T00:07:17.136+0000] {processor.py:840} INFO - DAG(s) 'example_sensors' retrieved from /home/datatalks_jan/anaconda3/lib/python3.11/site-packages/airflow/example_dags/example_sensors.py
[2024-04-04T00:07:17.166+0000] {logging_mixin.py:188} INFO - [2024-04-04T00:07:17.166+0000] {dag.py:3047} INFO - Sync 1 DAGs
[2024-04-04T00:07:17.183+0000] {logging_mixin.py:188} INFO - [2024-04-04T00:07:17.183+0000] {dag.py:3834} INFO - Setting next_dagrun for example_sensors to None, run_after=None
[2024-04-04T00:07:17.213+0000] {processor.py:183} INFO - Processing /home/datatalks_jan/anaconda3/lib/python3.11/site-packages/airflow/example_dags/example_sensors.py took 0.102 seconds
[2024-04-04T00:08:21.612+0000] {processor.py:161} INFO - Started process (PID=100250) to work on /home/datatalks_jan/anaconda3/lib/python3.11/site-packages/airflow/example_dags/example_sensors.py
[2024-04-04T00:08:21.615+0000] {processor.py:830} INFO - Processing file /home/datatalks_jan/anaconda3/lib/python3.11/site-packages/airflow/example_dags/example_sensors.py for tasks to queue
[2024-04-04T00:08:21.616+0000] {logging_mixin.py:188} INFO - [2024-04-04T00:08:21.616+0000] {dagbag.py:540} INFO - Filling up the DagBag from /home/datatalks_jan/anaconda3/lib/python3.11/site-packages/airflow/example_dags/example_sensors.py
[2024-04-04T00:08:21.633+0000] {processor.py:840} INFO - DAG(s) 'example_sensors' retrieved from /home/datatalks_jan/anaconda3/lib/python3.11/site-packages/airflow/example_dags/example_sensors.py
[2024-04-04T00:08:21.669+0000] {logging_mixin.py:188} INFO - [2024-04-04T00:08:21.668+0000] {dag.py:3047} INFO - Sync 1 DAGs
[2024-04-04T00:08:21.687+0000] {logging_mixin.py:188} INFO - [2024-04-04T00:08:21.686+0000] {dag.py:3834} INFO - Setting next_dagrun for example_sensors to None, run_after=None
[2024-04-04T00:08:21.718+0000] {processor.py:183} INFO - Processing /home/datatalks_jan/anaconda3/lib/python3.11/site-packages/airflow/example_dags/example_sensors.py took 0.112 seconds
[2024-04-04T00:09:29.402+0000] {processor.py:161} INFO - Started process (PID=100618) to work on /home/datatalks_jan/anaconda3/lib/python3.11/site-packages/airflow/example_dags/example_sensors.py
[2024-04-04T00:09:29.405+0000] {processor.py:830} INFO - Processing file /home/datatalks_jan/anaconda3/lib/python3.11/site-packages/airflow/example_dags/example_sensors.py for tasks to queue
[2024-04-04T00:09:29.406+0000] {logging_mixin.py:188} INFO - [2024-04-04T00:09:29.406+0000] {dagbag.py:540} INFO - Filling up the DagBag from /home/datatalks_jan/anaconda3/lib/python3.11/site-packages/airflow/example_dags/example_sensors.py
[2024-04-04T00:09:29.423+0000] {processor.py:840} INFO - DAG(s) 'example_sensors' retrieved from /home/datatalks_jan/anaconda3/lib/python3.11/site-packages/airflow/example_dags/example_sensors.py
[2024-04-04T00:09:29.458+0000] {logging_mixin.py:188} INFO - [2024-04-04T00:09:29.458+0000] {dag.py:3047} INFO - Sync 1 DAGs
[2024-04-04T00:09:29.472+0000] {logging_mixin.py:188} INFO - [2024-04-04T00:09:29.472+0000] {dag.py:3834} INFO - Setting next_dagrun for example_sensors to None, run_after=None
[2024-04-04T00:09:29.499+0000] {processor.py:183} INFO - Processing /home/datatalks_jan/anaconda3/lib/python3.11/site-packages/airflow/example_dags/example_sensors.py took 0.103 seconds
