[2024-04-04T00:06:25.938+0000] {processor.py:161} INFO - Started process (PID=99559) to work on /home/datatalks_jan/anaconda3/lib/python3.11/site-packages/airflow/example_dags/example_branch_operator.py
[2024-04-04T00:06:25.940+0000] {processor.py:830} INFO - Processing file /home/datatalks_jan/anaconda3/lib/python3.11/site-packages/airflow/example_dags/example_branch_operator.py for tasks to queue
[2024-04-04T00:06:25.942+0000] {logging_mixin.py:188} INFO - [2024-04-04T00:06:25.941+0000] {dagbag.py:540} INFO - Filling up the DagBag from /home/datatalks_jan/anaconda3/lib/python3.11/site-packages/airflow/example_dags/example_branch_operator.py
[2024-04-04T00:06:25.948+0000] {processor.py:842} WARNING - No viable dags retrieved from /home/datatalks_jan/anaconda3/lib/python3.11/site-packages/airflow/example_dags/example_branch_operator.py
[2024-04-04T00:06:25.971+0000] {processor.py:183} INFO - Processing /home/datatalks_jan/anaconda3/lib/python3.11/site-packages/airflow/example_dags/example_branch_operator.py took 0.040 seconds
[2024-04-04T00:07:32.647+0000] {processor.py:161} INFO - Started process (PID=99953) to work on /home/datatalks_jan/anaconda3/lib/python3.11/site-packages/airflow/example_dags/example_branch_operator.py
[2024-04-04T00:07:32.649+0000] {processor.py:830} INFO - Processing file /home/datatalks_jan/anaconda3/lib/python3.11/site-packages/airflow/example_dags/example_branch_operator.py for tasks to queue
[2024-04-04T00:07:32.651+0000] {logging_mixin.py:188} INFO - [2024-04-04T00:07:32.650+0000] {dagbag.py:540} INFO - Filling up the DagBag from /home/datatalks_jan/anaconda3/lib/python3.11/site-packages/airflow/example_dags/example_branch_operator.py
[2024-04-04T00:07:32.657+0000] {processor.py:842} WARNING - No viable dags retrieved from /home/datatalks_jan/anaconda3/lib/python3.11/site-packages/airflow/example_dags/example_branch_operator.py
[2024-04-04T00:07:32.673+0000] {processor.py:183} INFO - Processing /home/datatalks_jan/anaconda3/lib/python3.11/site-packages/airflow/example_dags/example_branch_operator.py took 0.031 seconds
[2024-04-04T00:08:38.674+0000] {processor.py:161} INFO - Started process (PID=100326) to work on /home/datatalks_jan/anaconda3/lib/python3.11/site-packages/airflow/example_dags/example_branch_operator.py
[2024-04-04T00:08:38.676+0000] {processor.py:830} INFO - Processing file /home/datatalks_jan/anaconda3/lib/python3.11/site-packages/airflow/example_dags/example_branch_operator.py for tasks to queue
[2024-04-04T00:08:38.678+0000] {logging_mixin.py:188} INFO - [2024-04-04T00:08:38.677+0000] {dagbag.py:540} INFO - Filling up the DagBag from /home/datatalks_jan/anaconda3/lib/python3.11/site-packages/airflow/example_dags/example_branch_operator.py
[2024-04-04T00:08:38.684+0000] {processor.py:842} WARNING - No viable dags retrieved from /home/datatalks_jan/anaconda3/lib/python3.11/site-packages/airflow/example_dags/example_branch_operator.py
[2024-04-04T00:08:38.701+0000] {processor.py:183} INFO - Processing /home/datatalks_jan/anaconda3/lib/python3.11/site-packages/airflow/example_dags/example_branch_operator.py took 0.033 seconds
[2024-04-04T00:09:45.234+0000] {processor.py:161} INFO - Started process (PID=100758) to work on /home/datatalks_jan/anaconda3/lib/python3.11/site-packages/airflow/example_dags/example_branch_operator.py
[2024-04-04T00:09:45.237+0000] {processor.py:830} INFO - Processing file /home/datatalks_jan/anaconda3/lib/python3.11/site-packages/airflow/example_dags/example_branch_operator.py for tasks to queue
[2024-04-04T00:09:45.239+0000] {logging_mixin.py:188} INFO - [2024-04-04T00:09:45.238+0000] {dagbag.py:540} INFO - Filling up the DagBag from /home/datatalks_jan/anaconda3/lib/python3.11/site-packages/airflow/example_dags/example_branch_operator.py
[2024-04-04T00:09:45.247+0000] {processor.py:842} WARNING - No viable dags retrieved from /home/datatalks_jan/anaconda3/lib/python3.11/site-packages/airflow/example_dags/example_branch_operator.py
[2024-04-04T00:09:45.271+0000] {processor.py:183} INFO - Processing /home/datatalks_jan/anaconda3/lib/python3.11/site-packages/airflow/example_dags/example_branch_operator.py took 0.044 seconds
[2024-04-04T00:10:42.413+0000] {processor.py:161} INFO - Started process (PID=101286) to work on /home/datatalks_jan/anaconda3/lib/python3.11/site-packages/airflow/example_dags/example_branch_operator.py
[2024-04-04T00:10:42.415+0000] {processor.py:830} INFO - Processing file /home/datatalks_jan/anaconda3/lib/python3.11/site-packages/airflow/example_dags/example_branch_operator.py for tasks to queue
[2024-04-04T00:10:42.417+0000] {logging_mixin.py:188} INFO - [2024-04-04T00:10:42.416+0000] {dagbag.py:540} INFO - Filling up the DagBag from /home/datatalks_jan/anaconda3/lib/python3.11/site-packages/airflow/example_dags/example_branch_operator.py
[2024-04-04T00:10:42.424+0000] {processor.py:842} WARNING - No viable dags retrieved from /home/datatalks_jan/anaconda3/lib/python3.11/site-packages/airflow/example_dags/example_branch_operator.py
[2024-04-04T00:10:42.444+0000] {processor.py:183} INFO - Processing /home/datatalks_jan/anaconda3/lib/python3.11/site-packages/airflow/example_dags/example_branch_operator.py took 0.037 seconds
[2024-04-04T00:11:36.171+0000] {processor.py:161} INFO - Started process (PID=101653) to work on /home/datatalks_jan/anaconda3/lib/python3.11/site-packages/airflow/example_dags/example_branch_operator.py
[2024-04-04T00:11:36.174+0000] {processor.py:830} INFO - Processing file /home/datatalks_jan/anaconda3/lib/python3.11/site-packages/airflow/example_dags/example_branch_operator.py for tasks to queue
[2024-04-04T00:11:36.176+0000] {logging_mixin.py:188} INFO - [2024-04-04T00:11:36.175+0000] {dagbag.py:540} INFO - Filling up the DagBag from /home/datatalks_jan/anaconda3/lib/python3.11/site-packages/airflow/example_dags/example_branch_operator.py
[2024-04-04T00:11:36.185+0000] {processor.py:842} WARNING - No viable dags retrieved from /home/datatalks_jan/anaconda3/lib/python3.11/site-packages/airflow/example_dags/example_branch_operator.py
[2024-04-04T00:11:36.208+0000] {processor.py:183} INFO - Processing /home/datatalks_jan/anaconda3/lib/python3.11/site-packages/airflow/example_dags/example_branch_operator.py took 0.044 seconds
[2024-04-04T00:12:29.575+0000] {processor.py:161} INFO - Started process (PID=102033) to work on /home/datatalks_jan/anaconda3/lib/python3.11/site-packages/airflow/example_dags/example_branch_operator.py
[2024-04-04T00:12:29.577+0000] {processor.py:830} INFO - Processing file /home/datatalks_jan/anaconda3/lib/python3.11/site-packages/airflow/example_dags/example_branch_operator.py for tasks to queue
[2024-04-04T00:12:29.579+0000] {logging_mixin.py:188} INFO - [2024-04-04T00:12:29.578+0000] {dagbag.py:540} INFO - Filling up the DagBag from /home/datatalks_jan/anaconda3/lib/python3.11/site-packages/airflow/example_dags/example_branch_operator.py
[2024-04-04T00:12:29.585+0000] {processor.py:842} WARNING - No viable dags retrieved from /home/datatalks_jan/anaconda3/lib/python3.11/site-packages/airflow/example_dags/example_branch_operator.py
[2024-04-04T00:12:29.602+0000] {processor.py:183} INFO - Processing /home/datatalks_jan/anaconda3/lib/python3.11/site-packages/airflow/example_dags/example_branch_operator.py took 0.032 seconds
[2024-04-04T00:13:44.359+0000] {processor.py:161} INFO - Started process (PID=102633) to work on /home/datatalks_jan/anaconda3/lib/python3.11/site-packages/airflow/example_dags/example_branch_operator.py
[2024-04-04T00:13:44.361+0000] {processor.py:830} INFO - Processing file /home/datatalks_jan/anaconda3/lib/python3.11/site-packages/airflow/example_dags/example_branch_operator.py for tasks to queue
[2024-04-04T00:13:44.363+0000] {logging_mixin.py:188} INFO - [2024-04-04T00:13:44.362+0000] {dagbag.py:540} INFO - Filling up the DagBag from /home/datatalks_jan/anaconda3/lib/python3.11/site-packages/airflow/example_dags/example_branch_operator.py
[2024-04-04T00:13:44.370+0000] {processor.py:842} WARNING - No viable dags retrieved from /home/datatalks_jan/anaconda3/lib/python3.11/site-packages/airflow/example_dags/example_branch_operator.py
[2024-04-04T00:13:44.391+0000] {processor.py:183} INFO - Processing /home/datatalks_jan/anaconda3/lib/python3.11/site-packages/airflow/example_dags/example_branch_operator.py took 0.038 seconds
[2024-04-04T00:14:37.164+0000] {processor.py:161} INFO - Started process (PID=103015) to work on /home/datatalks_jan/anaconda3/lib/python3.11/site-packages/airflow/example_dags/example_branch_operator.py
[2024-04-04T00:14:37.166+0000] {processor.py:830} INFO - Processing file /home/datatalks_jan/anaconda3/lib/python3.11/site-packages/airflow/example_dags/example_branch_operator.py for tasks to queue
[2024-04-04T00:14:37.168+0000] {logging_mixin.py:188} INFO - [2024-04-04T00:14:37.167+0000] {dagbag.py:540} INFO - Filling up the DagBag from /home/datatalks_jan/anaconda3/lib/python3.11/site-packages/airflow/example_dags/example_branch_operator.py
[2024-04-04T00:14:37.175+0000] {processor.py:842} WARNING - No viable dags retrieved from /home/datatalks_jan/anaconda3/lib/python3.11/site-packages/airflow/example_dags/example_branch_operator.py
[2024-04-04T00:14:37.195+0000] {processor.py:183} INFO - Processing /home/datatalks_jan/anaconda3/lib/python3.11/site-packages/airflow/example_dags/example_branch_operator.py took 0.037 seconds
[2024-04-04T00:15:52.758+0000] {processor.py:161} INFO - Started process (PID=103624) to work on /home/datatalks_jan/anaconda3/lib/python3.11/site-packages/airflow/example_dags/example_branch_operator.py
[2024-04-04T00:15:52.760+0000] {processor.py:830} INFO - Processing file /home/datatalks_jan/anaconda3/lib/python3.11/site-packages/airflow/example_dags/example_branch_operator.py for tasks to queue
[2024-04-04T00:15:52.761+0000] {logging_mixin.py:188} INFO - [2024-04-04T00:15:52.761+0000] {dagbag.py:540} INFO - Filling up the DagBag from /home/datatalks_jan/anaconda3/lib/python3.11/site-packages/airflow/example_dags/example_branch_operator.py
[2024-04-04T00:15:52.767+0000] {processor.py:842} WARNING - No viable dags retrieved from /home/datatalks_jan/anaconda3/lib/python3.11/site-packages/airflow/example_dags/example_branch_operator.py
[2024-04-04T00:15:52.790+0000] {processor.py:183} INFO - Processing /home/datatalks_jan/anaconda3/lib/python3.11/site-packages/airflow/example_dags/example_branch_operator.py took 0.037 seconds
[2024-04-04T00:17:00.453+0000] {processor.py:161} INFO - Started process (PID=103949) to work on /home/datatalks_jan/anaconda3/lib/python3.11/site-packages/airflow/example_dags/example_branch_operator.py
[2024-04-04T00:17:00.456+0000] {processor.py:830} INFO - Processing file /home/datatalks_jan/anaconda3/lib/python3.11/site-packages/airflow/example_dags/example_branch_operator.py for tasks to queue
[2024-04-04T00:17:00.457+0000] {logging_mixin.py:188} INFO - [2024-04-04T00:17:00.457+0000] {dagbag.py:540} INFO - Filling up the DagBag from /home/datatalks_jan/anaconda3/lib/python3.11/site-packages/airflow/example_dags/example_branch_operator.py
[2024-04-04T00:17:00.465+0000] {processor.py:842} WARNING - No viable dags retrieved from /home/datatalks_jan/anaconda3/lib/python3.11/site-packages/airflow/example_dags/example_branch_operator.py
[2024-04-04T00:17:00.491+0000] {processor.py:183} INFO - Processing /home/datatalks_jan/anaconda3/lib/python3.11/site-packages/airflow/example_dags/example_branch_operator.py took 0.044 seconds
[2024-04-04T00:17:52.404+0000] {processor.py:161} INFO - Started process (PID=104184) to work on /home/datatalks_jan/anaconda3/lib/python3.11/site-packages/airflow/example_dags/example_branch_operator.py
[2024-04-04T00:17:52.407+0000] {processor.py:830} INFO - Processing file /home/datatalks_jan/anaconda3/lib/python3.11/site-packages/airflow/example_dags/example_branch_operator.py for tasks to queue
[2024-04-04T00:17:52.408+0000] {logging_mixin.py:188} INFO - [2024-04-04T00:17:52.408+0000] {dagbag.py:540} INFO - Filling up the DagBag from /home/datatalks_jan/anaconda3/lib/python3.11/site-packages/airflow/example_dags/example_branch_operator.py
[2024-04-04T00:17:52.415+0000] {processor.py:842} WARNING - No viable dags retrieved from /home/datatalks_jan/anaconda3/lib/python3.11/site-packages/airflow/example_dags/example_branch_operator.py
[2024-04-04T00:17:52.432+0000] {processor.py:183} INFO - Processing /home/datatalks_jan/anaconda3/lib/python3.11/site-packages/airflow/example_dags/example_branch_operator.py took 0.033 seconds
[2024-04-04T00:19:10.809+0000] {processor.py:161} INFO - Started process (PID=104464) to work on /home/datatalks_jan/anaconda3/lib/python3.11/site-packages/airflow/example_dags/example_branch_operator.py
[2024-04-04T00:19:10.812+0000] {processor.py:830} INFO - Processing file /home/datatalks_jan/anaconda3/lib/python3.11/site-packages/airflow/example_dags/example_branch_operator.py for tasks to queue
[2024-04-04T00:19:10.813+0000] {logging_mixin.py:188} INFO - [2024-04-04T00:19:10.813+0000] {dagbag.py:540} INFO - Filling up the DagBag from /home/datatalks_jan/anaconda3/lib/python3.11/site-packages/airflow/example_dags/example_branch_operator.py
[2024-04-04T00:19:10.820+0000] {processor.py:842} WARNING - No viable dags retrieved from /home/datatalks_jan/anaconda3/lib/python3.11/site-packages/airflow/example_dags/example_branch_operator.py
[2024-04-04T00:19:10.837+0000] {processor.py:183} INFO - Processing /home/datatalks_jan/anaconda3/lib/python3.11/site-packages/airflow/example_dags/example_branch_operator.py took 0.033 seconds
[2024-04-04T00:20:00.870+0000] {processor.py:161} INFO - Started process (PID=104516) to work on /home/datatalks_jan/anaconda3/lib/python3.11/site-packages/airflow/example_dags/example_branch_operator.py
[2024-04-04T00:20:00.873+0000] {processor.py:830} INFO - Processing file /home/datatalks_jan/anaconda3/lib/python3.11/site-packages/airflow/example_dags/example_branch_operator.py for tasks to queue
[2024-04-04T00:20:00.874+0000] {logging_mixin.py:188} INFO - [2024-04-04T00:20:00.873+0000] {dagbag.py:540} INFO - Filling up the DagBag from /home/datatalks_jan/anaconda3/lib/python3.11/site-packages/airflow/example_dags/example_branch_operator.py
[2024-04-04T00:20:00.880+0000] {processor.py:842} WARNING - No viable dags retrieved from /home/datatalks_jan/anaconda3/lib/python3.11/site-packages/airflow/example_dags/example_branch_operator.py
[2024-04-04T00:20:00.897+0000] {processor.py:183} INFO - Processing /home/datatalks_jan/anaconda3/lib/python3.11/site-packages/airflow/example_dags/example_branch_operator.py took 0.032 seconds
[2024-04-04T00:21:06.494+0000] {processor.py:161} INFO - Started process (PID=104696) to work on /home/datatalks_jan/anaconda3/lib/python3.11/site-packages/airflow/example_dags/example_branch_operator.py
[2024-04-04T00:21:06.497+0000] {processor.py:830} INFO - Processing file /home/datatalks_jan/anaconda3/lib/python3.11/site-packages/airflow/example_dags/example_branch_operator.py for tasks to queue
[2024-04-04T00:21:06.498+0000] {logging_mixin.py:188} INFO - [2024-04-04T00:21:06.498+0000] {dagbag.py:540} INFO - Filling up the DagBag from /home/datatalks_jan/anaconda3/lib/python3.11/site-packages/airflow/example_dags/example_branch_operator.py
[2024-04-04T00:21:06.504+0000] {processor.py:842} WARNING - No viable dags retrieved from /home/datatalks_jan/anaconda3/lib/python3.11/site-packages/airflow/example_dags/example_branch_operator.py
[2024-04-04T00:21:06.521+0000] {processor.py:183} INFO - Processing /home/datatalks_jan/anaconda3/lib/python3.11/site-packages/airflow/example_dags/example_branch_operator.py took 0.031 seconds
[2024-04-04T00:22:17.411+0000] {processor.py:161} INFO - Started process (PID=104767) to work on /home/datatalks_jan/anaconda3/lib/python3.11/site-packages/airflow/example_dags/example_branch_operator.py
[2024-04-04T00:22:17.414+0000] {processor.py:830} INFO - Processing file /home/datatalks_jan/anaconda3/lib/python3.11/site-packages/airflow/example_dags/example_branch_operator.py for tasks to queue
[2024-04-04T00:22:17.415+0000] {logging_mixin.py:188} INFO - [2024-04-04T00:22:17.415+0000] {dagbag.py:540} INFO - Filling up the DagBag from /home/datatalks_jan/anaconda3/lib/python3.11/site-packages/airflow/example_dags/example_branch_operator.py
[2024-04-04T00:22:17.421+0000] {processor.py:842} WARNING - No viable dags retrieved from /home/datatalks_jan/anaconda3/lib/python3.11/site-packages/airflow/example_dags/example_branch_operator.py
[2024-04-04T00:22:17.437+0000] {processor.py:183} INFO - Processing /home/datatalks_jan/anaconda3/lib/python3.11/site-packages/airflow/example_dags/example_branch_operator.py took 0.031 seconds
[2024-04-04T00:23:26.155+0000] {processor.py:161} INFO - Started process (PID=104837) to work on /home/datatalks_jan/anaconda3/lib/python3.11/site-packages/airflow/example_dags/example_branch_operator.py
[2024-04-04T00:23:26.157+0000] {processor.py:830} INFO - Processing file /home/datatalks_jan/anaconda3/lib/python3.11/site-packages/airflow/example_dags/example_branch_operator.py for tasks to queue
[2024-04-04T00:23:26.158+0000] {logging_mixin.py:188} INFO - [2024-04-04T00:23:26.158+0000] {dagbag.py:540} INFO - Filling up the DagBag from /home/datatalks_jan/anaconda3/lib/python3.11/site-packages/airflow/example_dags/example_branch_operator.py
[2024-04-04T00:23:26.165+0000] {processor.py:842} WARNING - No viable dags retrieved from /home/datatalks_jan/anaconda3/lib/python3.11/site-packages/airflow/example_dags/example_branch_operator.py
[2024-04-04T00:23:26.183+0000] {processor.py:183} INFO - Processing /home/datatalks_jan/anaconda3/lib/python3.11/site-packages/airflow/example_dags/example_branch_operator.py took 0.034 seconds
[2024-04-04T00:24:38.518+0000] {processor.py:161} INFO - Started process (PID=104973) to work on /home/datatalks_jan/anaconda3/lib/python3.11/site-packages/airflow/example_dags/example_branch_operator.py
[2024-04-04T00:24:38.521+0000] {processor.py:830} INFO - Processing file /home/datatalks_jan/anaconda3/lib/python3.11/site-packages/airflow/example_dags/example_branch_operator.py for tasks to queue
[2024-04-04T00:24:38.523+0000] {logging_mixin.py:188} INFO - [2024-04-04T00:24:38.522+0000] {dagbag.py:540} INFO - Filling up the DagBag from /home/datatalks_jan/anaconda3/lib/python3.11/site-packages/airflow/example_dags/example_branch_operator.py
[2024-04-04T00:24:38.532+0000] {processor.py:842} WARNING - No viable dags retrieved from /home/datatalks_jan/anaconda3/lib/python3.11/site-packages/airflow/example_dags/example_branch_operator.py
[2024-04-04T00:24:38.554+0000] {processor.py:183} INFO - Processing /home/datatalks_jan/anaconda3/lib/python3.11/site-packages/airflow/example_dags/example_branch_operator.py took 0.043 seconds
[2024-04-04T00:25:29.314+0000] {processor.py:161} INFO - Started process (PID=105025) to work on /home/datatalks_jan/anaconda3/lib/python3.11/site-packages/airflow/example_dags/example_branch_operator.py
[2024-04-04T00:25:29.317+0000] {processor.py:830} INFO - Processing file /home/datatalks_jan/anaconda3/lib/python3.11/site-packages/airflow/example_dags/example_branch_operator.py for tasks to queue
[2024-04-04T00:25:29.318+0000] {logging_mixin.py:188} INFO - [2024-04-04T00:25:29.318+0000] {dagbag.py:540} INFO - Filling up the DagBag from /home/datatalks_jan/anaconda3/lib/python3.11/site-packages/airflow/example_dags/example_branch_operator.py
[2024-04-04T00:25:29.326+0000] {processor.py:842} WARNING - No viable dags retrieved from /home/datatalks_jan/anaconda3/lib/python3.11/site-packages/airflow/example_dags/example_branch_operator.py
[2024-04-04T00:25:29.345+0000] {processor.py:183} INFO - Processing /home/datatalks_jan/anaconda3/lib/python3.11/site-packages/airflow/example_dags/example_branch_operator.py took 0.036 seconds
[2024-04-04T00:26:37.304+0000] {processor.py:161} INFO - Started process (PID=105154) to work on /home/datatalks_jan/anaconda3/lib/python3.11/site-packages/airflow/example_dags/example_branch_operator.py
[2024-04-04T00:26:37.306+0000] {processor.py:830} INFO - Processing file /home/datatalks_jan/anaconda3/lib/python3.11/site-packages/airflow/example_dags/example_branch_operator.py for tasks to queue
[2024-04-04T00:26:37.308+0000] {logging_mixin.py:188} INFO - [2024-04-04T00:26:37.307+0000] {dagbag.py:540} INFO - Filling up the DagBag from /home/datatalks_jan/anaconda3/lib/python3.11/site-packages/airflow/example_dags/example_branch_operator.py
[2024-04-04T00:26:37.313+0000] {processor.py:842} WARNING - No viable dags retrieved from /home/datatalks_jan/anaconda3/lib/python3.11/site-packages/airflow/example_dags/example_branch_operator.py
[2024-04-04T00:26:37.329+0000] {processor.py:183} INFO - Processing /home/datatalks_jan/anaconda3/lib/python3.11/site-packages/airflow/example_dags/example_branch_operator.py took 0.030 seconds
[2024-04-04T00:27:43.190+0000] {processor.py:161} INFO - Started process (PID=105223) to work on /home/datatalks_jan/anaconda3/lib/python3.11/site-packages/airflow/example_dags/example_branch_operator.py
[2024-04-04T00:27:43.193+0000] {processor.py:830} INFO - Processing file /home/datatalks_jan/anaconda3/lib/python3.11/site-packages/airflow/example_dags/example_branch_operator.py for tasks to queue
[2024-04-04T00:27:43.195+0000] {logging_mixin.py:188} INFO - [2024-04-04T00:27:43.194+0000] {dagbag.py:540} INFO - Filling up the DagBag from /home/datatalks_jan/anaconda3/lib/python3.11/site-packages/airflow/example_dags/example_branch_operator.py
[2024-04-04T00:27:43.203+0000] {processor.py:842} WARNING - No viable dags retrieved from /home/datatalks_jan/anaconda3/lib/python3.11/site-packages/airflow/example_dags/example_branch_operator.py
[2024-04-04T00:27:43.225+0000] {processor.py:183} INFO - Processing /home/datatalks_jan/anaconda3/lib/python3.11/site-packages/airflow/example_dags/example_branch_operator.py took 0.041 seconds
[2024-04-04T00:28:59.016+0000] {processor.py:161} INFO - Started process (PID=105539) to work on /home/datatalks_jan/anaconda3/lib/python3.11/site-packages/airflow/example_dags/example_branch_operator.py
[2024-04-04T00:28:59.018+0000] {processor.py:830} INFO - Processing file /home/datatalks_jan/anaconda3/lib/python3.11/site-packages/airflow/example_dags/example_branch_operator.py for tasks to queue
[2024-04-04T00:28:59.020+0000] {logging_mixin.py:188} INFO - [2024-04-04T00:28:59.019+0000] {dagbag.py:540} INFO - Filling up the DagBag from /home/datatalks_jan/anaconda3/lib/python3.11/site-packages/airflow/example_dags/example_branch_operator.py
[2024-04-04T00:28:59.027+0000] {processor.py:842} WARNING - No viable dags retrieved from /home/datatalks_jan/anaconda3/lib/python3.11/site-packages/airflow/example_dags/example_branch_operator.py
[2024-04-04T00:28:59.046+0000] {processor.py:183} INFO - Processing /home/datatalks_jan/anaconda3/lib/python3.11/site-packages/airflow/example_dags/example_branch_operator.py took 0.036 seconds
[2024-04-04T00:29:48.699+0000] {processor.py:161} INFO - Started process (PID=105784) to work on /home/datatalks_jan/anaconda3/lib/python3.11/site-packages/airflow/example_dags/example_branch_operator.py
[2024-04-04T00:29:48.701+0000] {processor.py:830} INFO - Processing file /home/datatalks_jan/anaconda3/lib/python3.11/site-packages/airflow/example_dags/example_branch_operator.py for tasks to queue
[2024-04-04T00:29:48.702+0000] {logging_mixin.py:188} INFO - [2024-04-04T00:29:48.702+0000] {dagbag.py:540} INFO - Filling up the DagBag from /home/datatalks_jan/anaconda3/lib/python3.11/site-packages/airflow/example_dags/example_branch_operator.py
[2024-04-04T00:29:48.708+0000] {processor.py:842} WARNING - No viable dags retrieved from /home/datatalks_jan/anaconda3/lib/python3.11/site-packages/airflow/example_dags/example_branch_operator.py
[2024-04-04T00:29:48.725+0000] {processor.py:183} INFO - Processing /home/datatalks_jan/anaconda3/lib/python3.11/site-packages/airflow/example_dags/example_branch_operator.py took 0.032 seconds
[2024-04-04T00:30:49.888+0000] {processor.py:161} INFO - Started process (PID=105916) to work on /home/datatalks_jan/anaconda3/lib/python3.11/site-packages/airflow/example_dags/example_branch_operator.py
[2024-04-04T00:30:49.891+0000] {processor.py:830} INFO - Processing file /home/datatalks_jan/anaconda3/lib/python3.11/site-packages/airflow/example_dags/example_branch_operator.py for tasks to queue
[2024-04-04T00:30:49.892+0000] {logging_mixin.py:188} INFO - [2024-04-04T00:30:49.892+0000] {dagbag.py:540} INFO - Filling up the DagBag from /home/datatalks_jan/anaconda3/lib/python3.11/site-packages/airflow/example_dags/example_branch_operator.py
[2024-04-04T00:30:49.899+0000] {processor.py:842} WARNING - No viable dags retrieved from /home/datatalks_jan/anaconda3/lib/python3.11/site-packages/airflow/example_dags/example_branch_operator.py
[2024-04-04T00:30:49.919+0000] {processor.py:183} INFO - Processing /home/datatalks_jan/anaconda3/lib/python3.11/site-packages/airflow/example_dags/example_branch_operator.py took 0.037 seconds
