[2024-04-04T00:06:32.352+0000] {processor.py:161} INFO - Started process (PID=99568) to work on /home/datatalks_jan/anaconda3/lib/python3.11/site-packages/airflow/example_dags/example_datasets.py
[2024-04-04T00:06:32.354+0000] {processor.py:830} INFO - Processing file /home/datatalks_jan/anaconda3/lib/python3.11/site-packages/airflow/example_dags/example_datasets.py for tasks to queue
[2024-04-04T00:06:32.355+0000] {logging_mixin.py:188} INFO - [2024-04-04T00:06:32.354+0000] {dagbag.py:540} INFO - Filling up the DagBag from /home/datatalks_jan/anaconda3/lib/python3.11/site-packages/airflow/example_dags/example_datasets.py
[2024-04-04T00:06:32.372+0000] {processor.py:840} INFO - DAG(s) 'dataset_consumes_unknown_never_scheduled', 'dataset_consumes_1_and_2', 'dataset_produces_1', 'dataset_consumes_1_never_scheduled', 'dataset_consumes_1', 'dataset_produces_2' retrieved from /home/datatalks_jan/anaconda3/lib/python3.11/site-packages/airflow/example_dags/example_datasets.py
[2024-04-04T00:06:32.409+0000] {logging_mixin.py:188} INFO - [2024-04-04T00:06:32.408+0000] {dag.py:3047} INFO - Sync 6 DAGs
[2024-04-04T00:06:32.434+0000] {logging_mixin.py:188} INFO - [2024-04-04T00:06:32.433+0000] {dag.py:3834} INFO - Setting next_dagrun for dataset_consumes_1 to None, run_after=None
[2024-04-04T00:06:32.437+0000] {logging_mixin.py:188} INFO - [2024-04-04T00:06:32.437+0000] {dag.py:3834} INFO - Setting next_dagrun for dataset_consumes_1_and_2 to None, run_after=None
[2024-04-04T00:06:32.438+0000] {logging_mixin.py:188} INFO - [2024-04-04T00:06:32.438+0000] {dag.py:3834} INFO - Setting next_dagrun for dataset_consumes_1_never_scheduled to None, run_after=None
[2024-04-04T00:06:32.439+0000] {logging_mixin.py:188} INFO - [2024-04-04T00:06:32.439+0000] {dag.py:3834} INFO - Setting next_dagrun for dataset_consumes_unknown_never_scheduled to None, run_after=None
[2024-04-04T00:06:32.442+0000] {logging_mixin.py:188} INFO - [2024-04-04T00:06:32.442+0000] {dag.py:3834} INFO - Setting next_dagrun for dataset_produces_1 to 2024-04-03 00:00:00+00:00, run_after=2024-04-04 00:00:00+00:00
[2024-04-04T00:06:32.443+0000] {logging_mixin.py:188} INFO - [2024-04-04T00:06:32.443+0000] {dag.py:3834} INFO - Setting next_dagrun for dataset_produces_2 to None, run_after=None
[2024-04-04T00:06:32.480+0000] {processor.py:183} INFO - Processing /home/datatalks_jan/anaconda3/lib/python3.11/site-packages/airflow/example_dags/example_datasets.py took 0.133 seconds
[2024-04-04T00:07:39.053+0000] {processor.py:161} INFO - Started process (PID=99959) to work on /home/datatalks_jan/anaconda3/lib/python3.11/site-packages/airflow/example_dags/example_datasets.py
[2024-04-04T00:07:39.055+0000] {processor.py:830} INFO - Processing file /home/datatalks_jan/anaconda3/lib/python3.11/site-packages/airflow/example_dags/example_datasets.py for tasks to queue
[2024-04-04T00:07:39.056+0000] {logging_mixin.py:188} INFO - [2024-04-04T00:07:39.055+0000] {dagbag.py:540} INFO - Filling up the DagBag from /home/datatalks_jan/anaconda3/lib/python3.11/site-packages/airflow/example_dags/example_datasets.py
[2024-04-04T00:07:39.072+0000] {processor.py:840} INFO - DAG(s) 'dataset_produces_2', 'dataset_consumes_1', 'dataset_consumes_1_and_2', 'dataset_produces_1', 'dataset_consumes_1_never_scheduled', 'dataset_consumes_unknown_never_scheduled' retrieved from /home/datatalks_jan/anaconda3/lib/python3.11/site-packages/airflow/example_dags/example_datasets.py
[2024-04-04T00:07:39.103+0000] {logging_mixin.py:188} INFO - [2024-04-04T00:07:39.103+0000] {dag.py:3047} INFO - Sync 6 DAGs
[2024-04-04T00:07:39.125+0000] {logging_mixin.py:188} INFO - [2024-04-04T00:07:39.125+0000] {dag.py:3834} INFO - Setting next_dagrun for dataset_consumes_1 to None, run_after=None
[2024-04-04T00:07:39.131+0000] {logging_mixin.py:188} INFO - [2024-04-04T00:07:39.131+0000] {dag.py:3834} INFO - Setting next_dagrun for dataset_consumes_1_and_2 to None, run_after=None
[2024-04-04T00:07:39.133+0000] {logging_mixin.py:188} INFO - [2024-04-04T00:07:39.133+0000] {dag.py:3834} INFO - Setting next_dagrun for dataset_consumes_1_never_scheduled to None, run_after=None
[2024-04-04T00:07:39.134+0000] {logging_mixin.py:188} INFO - [2024-04-04T00:07:39.134+0000] {dag.py:3834} INFO - Setting next_dagrun for dataset_consumes_unknown_never_scheduled to None, run_after=None
[2024-04-04T00:07:39.139+0000] {logging_mixin.py:188} INFO - [2024-04-04T00:07:39.139+0000] {dag.py:3834} INFO - Setting next_dagrun for dataset_produces_1 to 2024-04-03 00:00:00+00:00, run_after=2024-04-04 00:00:00+00:00
[2024-04-04T00:07:39.140+0000] {logging_mixin.py:188} INFO - [2024-04-04T00:07:39.140+0000] {dag.py:3834} INFO - Setting next_dagrun for dataset_produces_2 to None, run_after=None
[2024-04-04T00:07:39.172+0000] {processor.py:183} INFO - Processing /home/datatalks_jan/anaconda3/lib/python3.11/site-packages/airflow/example_dags/example_datasets.py took 0.124 seconds
[2024-04-04T00:08:46.623+0000] {processor.py:161} INFO - Started process (PID=100362) to work on /home/datatalks_jan/anaconda3/lib/python3.11/site-packages/airflow/example_dags/example_datasets.py
[2024-04-04T00:08:46.625+0000] {processor.py:830} INFO - Processing file /home/datatalks_jan/anaconda3/lib/python3.11/site-packages/airflow/example_dags/example_datasets.py for tasks to queue
[2024-04-04T00:08:46.627+0000] {logging_mixin.py:188} INFO - [2024-04-04T00:08:46.626+0000] {dagbag.py:540} INFO - Filling up the DagBag from /home/datatalks_jan/anaconda3/lib/python3.11/site-packages/airflow/example_dags/example_datasets.py
[2024-04-04T00:08:46.645+0000] {processor.py:840} INFO - DAG(s) 'dataset_consumes_unknown_never_scheduled', 'dataset_consumes_1_and_2', 'dataset_produces_2', 'dataset_produces_1', 'dataset_consumes_1_never_scheduled', 'dataset_consumes_1' retrieved from /home/datatalks_jan/anaconda3/lib/python3.11/site-packages/airflow/example_dags/example_datasets.py
[2024-04-04T00:08:46.686+0000] {logging_mixin.py:188} INFO - [2024-04-04T00:08:46.685+0000] {dag.py:3047} INFO - Sync 6 DAGs
[2024-04-04T00:08:47.011+0000] {logging_mixin.py:188} INFO - [2024-04-04T00:08:47.011+0000] {dag.py:3834} INFO - Setting next_dagrun for dataset_consumes_1 to None, run_after=None
[2024-04-04T00:08:47.015+0000] {logging_mixin.py:188} INFO - [2024-04-04T00:08:47.015+0000] {dag.py:3834} INFO - Setting next_dagrun for dataset_consumes_1_and_2 to None, run_after=None
[2024-04-04T00:08:47.016+0000] {logging_mixin.py:188} INFO - [2024-04-04T00:08:47.016+0000] {dag.py:3834} INFO - Setting next_dagrun for dataset_consumes_1_never_scheduled to None, run_after=None
[2024-04-04T00:08:47.017+0000] {logging_mixin.py:188} INFO - [2024-04-04T00:08:47.017+0000] {dag.py:3834} INFO - Setting next_dagrun for dataset_consumes_unknown_never_scheduled to None, run_after=None
[2024-04-04T00:08:47.019+0000] {logging_mixin.py:188} INFO - [2024-04-04T00:08:47.019+0000] {dag.py:3834} INFO - Setting next_dagrun for dataset_produces_1 to 2024-04-03 00:00:00+00:00, run_after=2024-04-04 00:00:00+00:00
[2024-04-04T00:08:47.020+0000] {logging_mixin.py:188} INFO - [2024-04-04T00:08:47.020+0000] {dag.py:3834} INFO - Setting next_dagrun for dataset_produces_2 to None, run_after=None
[2024-04-04T00:08:47.053+0000] {processor.py:183} INFO - Processing /home/datatalks_jan/anaconda3/lib/python3.11/site-packages/airflow/example_dags/example_datasets.py took 0.436 seconds
