[2024-04-04T00:06:35.559+0000] {processor.py:161} INFO - Started process (PID=99572) to work on /home/datatalks_jan/anaconda3/lib/python3.11/site-packages/airflow/example_dags/example_complex.py
[2024-04-04T00:06:35.560+0000] {processor.py:830} INFO - Processing file /home/datatalks_jan/anaconda3/lib/python3.11/site-packages/airflow/example_dags/example_complex.py for tasks to queue
[2024-04-04T00:06:35.562+0000] {logging_mixin.py:188} INFO - [2024-04-04T00:06:35.561+0000] {dagbag.py:540} INFO - Filling up the DagBag from /home/datatalks_jan/anaconda3/lib/python3.11/site-packages/airflow/example_dags/example_complex.py
[2024-04-04T00:06:35.579+0000] {processor.py:840} INFO - DAG(s) 'example_complex' retrieved from /home/datatalks_jan/anaconda3/lib/python3.11/site-packages/airflow/example_dags/example_complex.py
[2024-04-04T00:06:35.614+0000] {logging_mixin.py:188} INFO - [2024-04-04T00:06:35.613+0000] {dag.py:3047} INFO - Sync 1 DAGs
[2024-04-04T00:06:35.630+0000] {logging_mixin.py:188} INFO - [2024-04-04T00:06:35.630+0000] {dag.py:3834} INFO - Setting next_dagrun for example_complex to None, run_after=None
[2024-04-04T00:06:35.661+0000] {processor.py:183} INFO - Processing /home/datatalks_jan/anaconda3/lib/python3.11/site-packages/airflow/example_dags/example_complex.py took 0.108 seconds
[2024-04-04T00:07:42.436+0000] {processor.py:161} INFO - Started process (PID=99962) to work on /home/datatalks_jan/anaconda3/lib/python3.11/site-packages/airflow/example_dags/example_complex.py
[2024-04-04T00:07:42.439+0000] {processor.py:830} INFO - Processing file /home/datatalks_jan/anaconda3/lib/python3.11/site-packages/airflow/example_dags/example_complex.py for tasks to queue
[2024-04-04T00:07:42.440+0000] {logging_mixin.py:188} INFO - [2024-04-04T00:07:42.440+0000] {dagbag.py:540} INFO - Filling up the DagBag from /home/datatalks_jan/anaconda3/lib/python3.11/site-packages/airflow/example_dags/example_complex.py
[2024-04-04T00:07:42.456+0000] {processor.py:840} INFO - DAG(s) 'example_complex' retrieved from /home/datatalks_jan/anaconda3/lib/python3.11/site-packages/airflow/example_dags/example_complex.py
[2024-04-04T00:07:42.489+0000] {logging_mixin.py:188} INFO - [2024-04-04T00:07:42.489+0000] {dag.py:3047} INFO - Sync 1 DAGs
[2024-04-04T00:07:42.504+0000] {logging_mixin.py:188} INFO - [2024-04-04T00:07:42.503+0000] {dag.py:3834} INFO - Setting next_dagrun for example_complex to None, run_after=None
[2024-04-04T00:07:42.532+0000] {processor.py:183} INFO - Processing /home/datatalks_jan/anaconda3/lib/python3.11/site-packages/airflow/example_dags/example_complex.py took 0.101 seconds
[2024-04-04T00:08:50.272+0000] {processor.py:161} INFO - Started process (PID=100367) to work on /home/datatalks_jan/anaconda3/lib/python3.11/site-packages/airflow/example_dags/example_complex.py
[2024-04-04T00:08:50.274+0000] {processor.py:830} INFO - Processing file /home/datatalks_jan/anaconda3/lib/python3.11/site-packages/airflow/example_dags/example_complex.py for tasks to queue
[2024-04-04T00:08:50.276+0000] {logging_mixin.py:188} INFO - [2024-04-04T00:08:50.275+0000] {dagbag.py:540} INFO - Filling up the DagBag from /home/datatalks_jan/anaconda3/lib/python3.11/site-packages/airflow/example_dags/example_complex.py
[2024-04-04T00:08:50.290+0000] {processor.py:840} INFO - DAG(s) 'example_complex' retrieved from /home/datatalks_jan/anaconda3/lib/python3.11/site-packages/airflow/example_dags/example_complex.py
[2024-04-04T00:08:50.521+0000] {logging_mixin.py:188} INFO - [2024-04-04T00:08:50.520+0000] {dag.py:3047} INFO - Sync 1 DAGs
[2024-04-04T00:08:50.532+0000] {logging_mixin.py:188} INFO - [2024-04-04T00:08:50.531+0000] {dag.py:3834} INFO - Setting next_dagrun for example_complex to None, run_after=None
[2024-04-04T00:08:50.556+0000] {processor.py:183} INFO - Processing /home/datatalks_jan/anaconda3/lib/python3.11/site-packages/airflow/example_dags/example_complex.py took 0.289 seconds
[2024-04-04T00:09:54.499+0000] {processor.py:161} INFO - Started process (PID=100827) to work on /home/datatalks_jan/anaconda3/lib/python3.11/site-packages/airflow/example_dags/example_complex.py
[2024-04-04T00:09:54.502+0000] {processor.py:830} INFO - Processing file /home/datatalks_jan/anaconda3/lib/python3.11/site-packages/airflow/example_dags/example_complex.py for tasks to queue
[2024-04-04T00:09:54.504+0000] {logging_mixin.py:188} INFO - [2024-04-04T00:09:54.503+0000] {dagbag.py:540} INFO - Filling up the DagBag from /home/datatalks_jan/anaconda3/lib/python3.11/site-packages/airflow/example_dags/example_complex.py
[2024-04-04T00:09:54.522+0000] {processor.py:840} INFO - DAG(s) 'example_complex' retrieved from /home/datatalks_jan/anaconda3/lib/python3.11/site-packages/airflow/example_dags/example_complex.py
[2024-04-04T00:09:54.560+0000] {logging_mixin.py:188} INFO - [2024-04-04T00:09:54.559+0000] {dag.py:3047} INFO - Sync 1 DAGs
[2024-04-04T00:09:54.578+0000] {logging_mixin.py:188} INFO - [2024-04-04T00:09:54.578+0000] {dag.py:3834} INFO - Setting next_dagrun for example_complex to None, run_after=None
[2024-04-04T00:09:54.614+0000] {processor.py:183} INFO - Processing /home/datatalks_jan/anaconda3/lib/python3.11/site-packages/airflow/example_dags/example_complex.py took 0.121 seconds
[2024-04-04T00:10:52.762+0000] {processor.py:161} INFO - Started process (PID=101355) to work on /home/datatalks_jan/anaconda3/lib/python3.11/site-packages/airflow/example_dags/example_complex.py
[2024-04-04T00:10:52.764+0000] {processor.py:830} INFO - Processing file /home/datatalks_jan/anaconda3/lib/python3.11/site-packages/airflow/example_dags/example_complex.py for tasks to queue
[2024-04-04T00:10:52.766+0000] {logging_mixin.py:188} INFO - [2024-04-04T00:10:52.765+0000] {dagbag.py:540} INFO - Filling up the DagBag from /home/datatalks_jan/anaconda3/lib/python3.11/site-packages/airflow/example_dags/example_complex.py
[2024-04-04T00:10:52.782+0000] {processor.py:840} INFO - DAG(s) 'example_complex' retrieved from /home/datatalks_jan/anaconda3/lib/python3.11/site-packages/airflow/example_dags/example_complex.py
[2024-04-04T00:10:52.815+0000] {logging_mixin.py:188} INFO - [2024-04-04T00:10:52.815+0000] {dag.py:3047} INFO - Sync 1 DAGs
[2024-04-04T00:10:52.830+0000] {logging_mixin.py:188} INFO - [2024-04-04T00:10:52.830+0000] {dag.py:3834} INFO - Setting next_dagrun for example_complex to None, run_after=None
[2024-04-04T00:10:52.858+0000] {processor.py:183} INFO - Processing /home/datatalks_jan/anaconda3/lib/python3.11/site-packages/airflow/example_dags/example_complex.py took 0.101 seconds
[2024-04-04T00:12:04.262+0000] {processor.py:161} INFO - Started process (PID=101860) to work on /home/datatalks_jan/anaconda3/lib/python3.11/site-packages/airflow/example_dags/example_complex.py
[2024-04-04T00:12:04.264+0000] {processor.py:830} INFO - Processing file /home/datatalks_jan/anaconda3/lib/python3.11/site-packages/airflow/example_dags/example_complex.py for tasks to queue
[2024-04-04T00:12:04.266+0000] {logging_mixin.py:188} INFO - [2024-04-04T00:12:04.265+0000] {dagbag.py:540} INFO - Filling up the DagBag from /home/datatalks_jan/anaconda3/lib/python3.11/site-packages/airflow/example_dags/example_complex.py
[2024-04-04T00:12:04.283+0000] {processor.py:840} INFO - DAG(s) 'example_complex' retrieved from /home/datatalks_jan/anaconda3/lib/python3.11/site-packages/airflow/example_dags/example_complex.py
[2024-04-04T00:12:04.319+0000] {logging_mixin.py:188} INFO - [2024-04-04T00:12:04.319+0000] {dag.py:3047} INFO - Sync 1 DAGs
[2024-04-04T00:12:04.333+0000] {logging_mixin.py:188} INFO - [2024-04-04T00:12:04.333+0000] {dag.py:3834} INFO - Setting next_dagrun for example_complex to None, run_after=None
[2024-04-04T00:12:04.362+0000] {processor.py:183} INFO - Processing /home/datatalks_jan/anaconda3/lib/python3.11/site-packages/airflow/example_dags/example_complex.py took 0.105 seconds
[2024-04-04T00:13:16.891+0000] {processor.py:161} INFO - Started process (PID=102364) to work on /home/datatalks_jan/anaconda3/lib/python3.11/site-packages/airflow/example_dags/example_complex.py
[2024-04-04T00:13:16.893+0000] {processor.py:830} INFO - Processing file /home/datatalks_jan/anaconda3/lib/python3.11/site-packages/airflow/example_dags/example_complex.py for tasks to queue
[2024-04-04T00:13:16.895+0000] {logging_mixin.py:188} INFO - [2024-04-04T00:13:16.894+0000] {dagbag.py:540} INFO - Filling up the DagBag from /home/datatalks_jan/anaconda3/lib/python3.11/site-packages/airflow/example_dags/example_complex.py
[2024-04-04T00:13:16.912+0000] {processor.py:840} INFO - DAG(s) 'example_complex' retrieved from /home/datatalks_jan/anaconda3/lib/python3.11/site-packages/airflow/example_dags/example_complex.py
[2024-04-04T00:13:16.945+0000] {logging_mixin.py:188} INFO - [2024-04-04T00:13:16.945+0000] {dag.py:3047} INFO - Sync 1 DAGs
[2024-04-04T00:13:16.960+0000] {logging_mixin.py:188} INFO - [2024-04-04T00:13:16.959+0000] {dag.py:3834} INFO - Setting next_dagrun for example_complex to None, run_after=None
[2024-04-04T00:13:16.997+0000] {processor.py:183} INFO - Processing /home/datatalks_jan/anaconda3/lib/python3.11/site-packages/airflow/example_dags/example_complex.py took 0.111 seconds
[2024-04-04T00:14:14.384+0000] {processor.py:161} INFO - Started process (PID=102871) to work on /home/datatalks_jan/anaconda3/lib/python3.11/site-packages/airflow/example_dags/example_complex.py
[2024-04-04T00:14:14.387+0000] {processor.py:830} INFO - Processing file /home/datatalks_jan/anaconda3/lib/python3.11/site-packages/airflow/example_dags/example_complex.py for tasks to queue
[2024-04-04T00:14:14.388+0000] {logging_mixin.py:188} INFO - [2024-04-04T00:14:14.387+0000] {dagbag.py:540} INFO - Filling up the DagBag from /home/datatalks_jan/anaconda3/lib/python3.11/site-packages/airflow/example_dags/example_complex.py
[2024-04-04T00:14:14.408+0000] {processor.py:840} INFO - DAG(s) 'example_complex' retrieved from /home/datatalks_jan/anaconda3/lib/python3.11/site-packages/airflow/example_dags/example_complex.py
[2024-04-04T00:14:14.445+0000] {logging_mixin.py:188} INFO - [2024-04-04T00:14:14.445+0000] {dag.py:3047} INFO - Sync 1 DAGs
[2024-04-04T00:14:14.463+0000] {logging_mixin.py:188} INFO - [2024-04-04T00:14:14.463+0000] {dag.py:3834} INFO - Setting next_dagrun for example_complex to None, run_after=None
[2024-04-04T00:14:14.501+0000] {processor.py:183} INFO - Processing /home/datatalks_jan/anaconda3/lib/python3.11/site-packages/airflow/example_dags/example_complex.py took 0.123 seconds
[2024-04-04T00:15:23.978+0000] {processor.py:161} INFO - Started process (PID=103346) to work on /home/datatalks_jan/anaconda3/lib/python3.11/site-packages/airflow/example_dags/example_complex.py
[2024-04-04T00:15:23.980+0000] {processor.py:830} INFO - Processing file /home/datatalks_jan/anaconda3/lib/python3.11/site-packages/airflow/example_dags/example_complex.py for tasks to queue
[2024-04-04T00:15:23.982+0000] {logging_mixin.py:188} INFO - [2024-04-04T00:15:23.981+0000] {dagbag.py:540} INFO - Filling up the DagBag from /home/datatalks_jan/anaconda3/lib/python3.11/site-packages/airflow/example_dags/example_complex.py
[2024-04-04T00:15:23.998+0000] {processor.py:840} INFO - DAG(s) 'example_complex' retrieved from /home/datatalks_jan/anaconda3/lib/python3.11/site-packages/airflow/example_dags/example_complex.py
[2024-04-04T00:15:24.032+0000] {logging_mixin.py:188} INFO - [2024-04-04T00:15:24.032+0000] {dag.py:3047} INFO - Sync 1 DAGs
[2024-04-04T00:15:24.046+0000] {logging_mixin.py:188} INFO - [2024-04-04T00:15:24.045+0000] {dag.py:3834} INFO - Setting next_dagrun for example_complex to None, run_after=None
[2024-04-04T00:15:24.073+0000] {processor.py:183} INFO - Processing /home/datatalks_jan/anaconda3/lib/python3.11/site-packages/airflow/example_dags/example_complex.py took 0.101 seconds
[2024-04-04T00:16:18.604+0000] {processor.py:161} INFO - Started process (PID=103775) to work on /home/datatalks_jan/anaconda3/lib/python3.11/site-packages/airflow/example_dags/example_complex.py
[2024-04-04T00:16:18.606+0000] {processor.py:830} INFO - Processing file /home/datatalks_jan/anaconda3/lib/python3.11/site-packages/airflow/example_dags/example_complex.py for tasks to queue
[2024-04-04T00:16:18.608+0000] {logging_mixin.py:188} INFO - [2024-04-04T00:16:18.607+0000] {dagbag.py:540} INFO - Filling up the DagBag from /home/datatalks_jan/anaconda3/lib/python3.11/site-packages/airflow/example_dags/example_complex.py
[2024-04-04T00:16:18.623+0000] {processor.py:840} INFO - DAG(s) 'example_complex' retrieved from /home/datatalks_jan/anaconda3/lib/python3.11/site-packages/airflow/example_dags/example_complex.py
[2024-04-04T00:16:18.657+0000] {logging_mixin.py:188} INFO - [2024-04-04T00:16:18.657+0000] {dag.py:3047} INFO - Sync 1 DAGs
[2024-04-04T00:16:18.671+0000] {logging_mixin.py:188} INFO - [2024-04-04T00:16:18.671+0000] {dag.py:3834} INFO - Setting next_dagrun for example_complex to None, run_after=None
[2024-04-04T00:16:18.700+0000] {processor.py:183} INFO - Processing /home/datatalks_jan/anaconda3/lib/python3.11/site-packages/airflow/example_dags/example_complex.py took 0.101 seconds
[2024-04-04T00:17:26.845+0000] {processor.py:161} INFO - Started process (PID=104007) to work on /home/datatalks_jan/anaconda3/lib/python3.11/site-packages/airflow/example_dags/example_complex.py
[2024-04-04T00:17:26.848+0000] {processor.py:830} INFO - Processing file /home/datatalks_jan/anaconda3/lib/python3.11/site-packages/airflow/example_dags/example_complex.py for tasks to queue
[2024-04-04T00:17:26.849+0000] {logging_mixin.py:188} INFO - [2024-04-04T00:17:26.848+0000] {dagbag.py:540} INFO - Filling up the DagBag from /home/datatalks_jan/anaconda3/lib/python3.11/site-packages/airflow/example_dags/example_complex.py
[2024-04-04T00:17:26.865+0000] {processor.py:840} INFO - DAG(s) 'example_complex' retrieved from /home/datatalks_jan/anaconda3/lib/python3.11/site-packages/airflow/example_dags/example_complex.py
[2024-04-04T00:17:26.898+0000] {logging_mixin.py:188} INFO - [2024-04-04T00:17:26.897+0000] {dag.py:3047} INFO - Sync 1 DAGs
[2024-04-04T00:17:26.912+0000] {logging_mixin.py:188} INFO - [2024-04-04T00:17:26.912+0000] {dag.py:3834} INFO - Setting next_dagrun for example_complex to None, run_after=None
[2024-04-04T00:17:26.940+0000] {processor.py:183} INFO - Processing /home/datatalks_jan/anaconda3/lib/python3.11/site-packages/airflow/example_dags/example_complex.py took 0.099 seconds
[2024-04-04T00:18:40.580+0000] {processor.py:161} INFO - Started process (PID=104380) to work on /home/datatalks_jan/anaconda3/lib/python3.11/site-packages/airflow/example_dags/example_complex.py
[2024-04-04T00:18:40.582+0000] {processor.py:830} INFO - Processing file /home/datatalks_jan/anaconda3/lib/python3.11/site-packages/airflow/example_dags/example_complex.py for tasks to queue
[2024-04-04T00:18:40.584+0000] {logging_mixin.py:188} INFO - [2024-04-04T00:18:40.583+0000] {dagbag.py:540} INFO - Filling up the DagBag from /home/datatalks_jan/anaconda3/lib/python3.11/site-packages/airflow/example_dags/example_complex.py
[2024-04-04T00:18:40.599+0000] {processor.py:840} INFO - DAG(s) 'example_complex' retrieved from /home/datatalks_jan/anaconda3/lib/python3.11/site-packages/airflow/example_dags/example_complex.py
[2024-04-04T00:18:40.631+0000] {logging_mixin.py:188} INFO - [2024-04-04T00:18:40.631+0000] {dag.py:3047} INFO - Sync 1 DAGs
[2024-04-04T00:18:40.645+0000] {logging_mixin.py:188} INFO - [2024-04-04T00:18:40.645+0000] {dag.py:3834} INFO - Setting next_dagrun for example_complex to None, run_after=None
[2024-04-04T00:18:40.672+0000] {processor.py:183} INFO - Processing /home/datatalks_jan/anaconda3/lib/python3.11/site-packages/airflow/example_dags/example_complex.py took 0.098 seconds
[2024-04-04T00:19:39.126+0000] {processor.py:161} INFO - Started process (PID=104493) to work on /home/datatalks_jan/anaconda3/lib/python3.11/site-packages/airflow/example_dags/example_complex.py
[2024-04-04T00:19:39.129+0000] {processor.py:830} INFO - Processing file /home/datatalks_jan/anaconda3/lib/python3.11/site-packages/airflow/example_dags/example_complex.py for tasks to queue
[2024-04-04T00:19:39.130+0000] {logging_mixin.py:188} INFO - [2024-04-04T00:19:39.130+0000] {dagbag.py:540} INFO - Filling up the DagBag from /home/datatalks_jan/anaconda3/lib/python3.11/site-packages/airflow/example_dags/example_complex.py
[2024-04-04T00:19:39.150+0000] {processor.py:840} INFO - DAG(s) 'example_complex' retrieved from /home/datatalks_jan/anaconda3/lib/python3.11/site-packages/airflow/example_dags/example_complex.py
[2024-04-04T00:19:39.191+0000] {logging_mixin.py:188} INFO - [2024-04-04T00:19:39.190+0000] {dag.py:3047} INFO - Sync 1 DAGs
[2024-04-04T00:19:39.214+0000] {logging_mixin.py:188} INFO - [2024-04-04T00:19:39.214+0000] {dag.py:3834} INFO - Setting next_dagrun for example_complex to None, run_after=None
[2024-04-04T00:19:39.248+0000] {processor.py:183} INFO - Processing /home/datatalks_jan/anaconda3/lib/python3.11/site-packages/airflow/example_dags/example_complex.py took 0.128 seconds
[2024-04-04T00:20:41.795+0000] {processor.py:161} INFO - Started process (PID=104657) to work on /home/datatalks_jan/anaconda3/lib/python3.11/site-packages/airflow/example_dags/example_complex.py
[2024-04-04T00:20:41.798+0000] {processor.py:830} INFO - Processing file /home/datatalks_jan/anaconda3/lib/python3.11/site-packages/airflow/example_dags/example_complex.py for tasks to queue
[2024-04-04T00:20:41.799+0000] {logging_mixin.py:188} INFO - [2024-04-04T00:20:41.798+0000] {dagbag.py:540} INFO - Filling up the DagBag from /home/datatalks_jan/anaconda3/lib/python3.11/site-packages/airflow/example_dags/example_complex.py
[2024-04-04T00:20:41.817+0000] {processor.py:840} INFO - DAG(s) 'example_complex' retrieved from /home/datatalks_jan/anaconda3/lib/python3.11/site-packages/airflow/example_dags/example_complex.py
[2024-04-04T00:20:41.862+0000] {logging_mixin.py:188} INFO - [2024-04-04T00:20:41.862+0000] {dag.py:3047} INFO - Sync 1 DAGs
[2024-04-04T00:20:41.879+0000] {logging_mixin.py:188} INFO - [2024-04-04T00:20:41.878+0000] {dag.py:3834} INFO - Setting next_dagrun for example_complex to None, run_after=None
[2024-04-04T00:20:41.912+0000] {processor.py:183} INFO - Processing /home/datatalks_jan/anaconda3/lib/python3.11/site-packages/airflow/example_dags/example_complex.py took 0.123 seconds
[2024-04-04T00:21:50.586+0000] {processor.py:161} INFO - Started process (PID=104743) to work on /home/datatalks_jan/anaconda3/lib/python3.11/site-packages/airflow/example_dags/example_complex.py
[2024-04-04T00:21:50.588+0000] {processor.py:830} INFO - Processing file /home/datatalks_jan/anaconda3/lib/python3.11/site-packages/airflow/example_dags/example_complex.py for tasks to queue
[2024-04-04T00:21:50.590+0000] {logging_mixin.py:188} INFO - [2024-04-04T00:21:50.589+0000] {dagbag.py:540} INFO - Filling up the DagBag from /home/datatalks_jan/anaconda3/lib/python3.11/site-packages/airflow/example_dags/example_complex.py
[2024-04-04T00:21:50.608+0000] {processor.py:840} INFO - DAG(s) 'example_complex' retrieved from /home/datatalks_jan/anaconda3/lib/python3.11/site-packages/airflow/example_dags/example_complex.py
[2024-04-04T00:21:50.648+0000] {logging_mixin.py:188} INFO - [2024-04-04T00:21:50.648+0000] {dag.py:3047} INFO - Sync 1 DAGs
[2024-04-04T00:21:50.666+0000] {logging_mixin.py:188} INFO - [2024-04-04T00:21:50.666+0000] {dag.py:3834} INFO - Setting next_dagrun for example_complex to None, run_after=None
[2024-04-04T00:21:50.702+0000] {processor.py:183} INFO - Processing /home/datatalks_jan/anaconda3/lib/python3.11/site-packages/airflow/example_dags/example_complex.py took 0.123 seconds
[2024-04-04T00:23:00.814+0000] {processor.py:161} INFO - Started process (PID=104810) to work on /home/datatalks_jan/anaconda3/lib/python3.11/site-packages/airflow/example_dags/example_complex.py
[2024-04-04T00:23:00.817+0000] {processor.py:830} INFO - Processing file /home/datatalks_jan/anaconda3/lib/python3.11/site-packages/airflow/example_dags/example_complex.py for tasks to queue
[2024-04-04T00:23:00.818+0000] {logging_mixin.py:188} INFO - [2024-04-04T00:23:00.818+0000] {dagbag.py:540} INFO - Filling up the DagBag from /home/datatalks_jan/anaconda3/lib/python3.11/site-packages/airflow/example_dags/example_complex.py
[2024-04-04T00:23:00.835+0000] {processor.py:840} INFO - DAG(s) 'example_complex' retrieved from /home/datatalks_jan/anaconda3/lib/python3.11/site-packages/airflow/example_dags/example_complex.py
[2024-04-04T00:23:00.869+0000] {logging_mixin.py:188} INFO - [2024-04-04T00:23:00.869+0000] {dag.py:3047} INFO - Sync 1 DAGs
[2024-04-04T00:23:00.883+0000] {logging_mixin.py:188} INFO - [2024-04-04T00:23:00.882+0000] {dag.py:3834} INFO - Setting next_dagrun for example_complex to None, run_after=None
[2024-04-04T00:23:00.909+0000] {processor.py:183} INFO - Processing /home/datatalks_jan/anaconda3/lib/python3.11/site-packages/airflow/example_dags/example_complex.py took 0.100 seconds
[2024-04-04T00:24:12.895+0000] {processor.py:161} INFO - Started process (PID=104950) to work on /home/datatalks_jan/anaconda3/lib/python3.11/site-packages/airflow/example_dags/example_complex.py
[2024-04-04T00:24:12.898+0000] {processor.py:830} INFO - Processing file /home/datatalks_jan/anaconda3/lib/python3.11/site-packages/airflow/example_dags/example_complex.py for tasks to queue
[2024-04-04T00:24:12.899+0000] {logging_mixin.py:188} INFO - [2024-04-04T00:24:12.898+0000] {dagbag.py:540} INFO - Filling up the DagBag from /home/datatalks_jan/anaconda3/lib/python3.11/site-packages/airflow/example_dags/example_complex.py
[2024-04-04T00:24:12.916+0000] {processor.py:840} INFO - DAG(s) 'example_complex' retrieved from /home/datatalks_jan/anaconda3/lib/python3.11/site-packages/airflow/example_dags/example_complex.py
[2024-04-04T00:24:12.949+0000] {logging_mixin.py:188} INFO - [2024-04-04T00:24:12.949+0000] {dag.py:3047} INFO - Sync 1 DAGs
[2024-04-04T00:24:12.964+0000] {logging_mixin.py:188} INFO - [2024-04-04T00:24:12.963+0000] {dag.py:3834} INFO - Setting next_dagrun for example_complex to None, run_after=None
[2024-04-04T00:24:12.992+0000] {processor.py:183} INFO - Processing /home/datatalks_jan/anaconda3/lib/python3.11/site-packages/airflow/example_dags/example_complex.py took 0.102 seconds
[2024-04-04T00:25:05.035+0000] {processor.py:161} INFO - Started process (PID=105004) to work on /home/datatalks_jan/anaconda3/lib/python3.11/site-packages/airflow/example_dags/example_complex.py
[2024-04-04T00:25:05.037+0000] {processor.py:830} INFO - Processing file /home/datatalks_jan/anaconda3/lib/python3.11/site-packages/airflow/example_dags/example_complex.py for tasks to queue
[2024-04-04T00:25:05.039+0000] {logging_mixin.py:188} INFO - [2024-04-04T00:25:05.038+0000] {dagbag.py:540} INFO - Filling up the DagBag from /home/datatalks_jan/anaconda3/lib/python3.11/site-packages/airflow/example_dags/example_complex.py
[2024-04-04T00:25:05.057+0000] {processor.py:840} INFO - DAG(s) 'example_complex' retrieved from /home/datatalks_jan/anaconda3/lib/python3.11/site-packages/airflow/example_dags/example_complex.py
[2024-04-04T00:25:05.094+0000] {logging_mixin.py:188} INFO - [2024-04-04T00:25:05.093+0000] {dag.py:3047} INFO - Sync 1 DAGs
[2024-04-04T00:25:05.110+0000] {logging_mixin.py:188} INFO - [2024-04-04T00:25:05.110+0000] {dag.py:3834} INFO - Setting next_dagrun for example_complex to None, run_after=None
[2024-04-04T00:25:05.147+0000] {processor.py:183} INFO - Processing /home/datatalks_jan/anaconda3/lib/python3.11/site-packages/airflow/example_dags/example_complex.py took 0.118 seconds
[2024-04-04T00:26:13.822+0000] {processor.py:161} INFO - Started process (PID=105125) to work on /home/datatalks_jan/anaconda3/lib/python3.11/site-packages/airflow/example_dags/example_complex.py
[2024-04-04T00:26:13.824+0000] {processor.py:830} INFO - Processing file /home/datatalks_jan/anaconda3/lib/python3.11/site-packages/airflow/example_dags/example_complex.py for tasks to queue
[2024-04-04T00:26:13.825+0000] {logging_mixin.py:188} INFO - [2024-04-04T00:26:13.825+0000] {dagbag.py:540} INFO - Filling up the DagBag from /home/datatalks_jan/anaconda3/lib/python3.11/site-packages/airflow/example_dags/example_complex.py
[2024-04-04T00:26:13.842+0000] {processor.py:840} INFO - DAG(s) 'example_complex' retrieved from /home/datatalks_jan/anaconda3/lib/python3.11/site-packages/airflow/example_dags/example_complex.py
[2024-04-04T00:26:13.875+0000] {logging_mixin.py:188} INFO - [2024-04-04T00:26:13.875+0000] {dag.py:3047} INFO - Sync 1 DAGs
[2024-04-04T00:26:13.889+0000] {logging_mixin.py:188} INFO - [2024-04-04T00:26:13.889+0000] {dag.py:3834} INFO - Setting next_dagrun for example_complex to None, run_after=None
[2024-04-04T00:26:13.916+0000] {processor.py:183} INFO - Processing /home/datatalks_jan/anaconda3/lib/python3.11/site-packages/airflow/example_dags/example_complex.py took 0.100 seconds
[2024-04-04T00:27:20.261+0000] {processor.py:161} INFO - Started process (PID=105200) to work on /home/datatalks_jan/anaconda3/lib/python3.11/site-packages/airflow/example_dags/example_complex.py
[2024-04-04T00:27:20.264+0000] {processor.py:830} INFO - Processing file /home/datatalks_jan/anaconda3/lib/python3.11/site-packages/airflow/example_dags/example_complex.py for tasks to queue
[2024-04-04T00:27:20.265+0000] {logging_mixin.py:188} INFO - [2024-04-04T00:27:20.265+0000] {dagbag.py:540} INFO - Filling up the DagBag from /home/datatalks_jan/anaconda3/lib/python3.11/site-packages/airflow/example_dags/example_complex.py
[2024-04-04T00:27:20.283+0000] {processor.py:840} INFO - DAG(s) 'example_complex' retrieved from /home/datatalks_jan/anaconda3/lib/python3.11/site-packages/airflow/example_dags/example_complex.py
[2024-04-04T00:27:20.319+0000] {logging_mixin.py:188} INFO - [2024-04-04T00:27:20.318+0000] {dag.py:3047} INFO - Sync 1 DAGs
[2024-04-04T00:27:20.334+0000] {logging_mixin.py:188} INFO - [2024-04-04T00:27:20.334+0000] {dag.py:3834} INFO - Setting next_dagrun for example_complex to None, run_after=None
[2024-04-04T00:27:20.365+0000] {processor.py:183} INFO - Processing /home/datatalks_jan/anaconda3/lib/python3.11/site-packages/airflow/example_dags/example_complex.py took 0.109 seconds
[2024-04-04T00:28:35.401+0000] {processor.py:161} INFO - Started process (PID=105363) to work on /home/datatalks_jan/anaconda3/lib/python3.11/site-packages/airflow/example_dags/example_complex.py
[2024-04-04T00:28:35.403+0000] {processor.py:830} INFO - Processing file /home/datatalks_jan/anaconda3/lib/python3.11/site-packages/airflow/example_dags/example_complex.py for tasks to queue
[2024-04-04T00:28:35.405+0000] {logging_mixin.py:188} INFO - [2024-04-04T00:28:35.404+0000] {dagbag.py:540} INFO - Filling up the DagBag from /home/datatalks_jan/anaconda3/lib/python3.11/site-packages/airflow/example_dags/example_complex.py
[2024-04-04T00:28:35.423+0000] {processor.py:840} INFO - DAG(s) 'example_complex' retrieved from /home/datatalks_jan/anaconda3/lib/python3.11/site-packages/airflow/example_dags/example_complex.py
[2024-04-04T00:28:35.459+0000] {logging_mixin.py:188} INFO - [2024-04-04T00:28:35.458+0000] {dag.py:3047} INFO - Sync 1 DAGs
[2024-04-04T00:28:35.474+0000] {logging_mixin.py:188} INFO - [2024-04-04T00:28:35.474+0000] {dag.py:3834} INFO - Setting next_dagrun for example_complex to None, run_after=None
[2024-04-04T00:28:35.506+0000] {processor.py:183} INFO - Processing /home/datatalks_jan/anaconda3/lib/python3.11/site-packages/airflow/example_dags/example_complex.py took 0.111 seconds
[2024-04-04T00:29:28.816+0000] {processor.py:161} INFO - Started process (PID=105716) to work on /home/datatalks_jan/anaconda3/lib/python3.11/site-packages/airflow/example_dags/example_complex.py
[2024-04-04T00:29:28.819+0000] {processor.py:830} INFO - Processing file /home/datatalks_jan/anaconda3/lib/python3.11/site-packages/airflow/example_dags/example_complex.py for tasks to queue
[2024-04-04T00:29:28.821+0000] {logging_mixin.py:188} INFO - [2024-04-04T00:29:28.820+0000] {dagbag.py:540} INFO - Filling up the DagBag from /home/datatalks_jan/anaconda3/lib/python3.11/site-packages/airflow/example_dags/example_complex.py
[2024-04-04T00:29:28.838+0000] {processor.py:840} INFO - DAG(s) 'example_complex' retrieved from /home/datatalks_jan/anaconda3/lib/python3.11/site-packages/airflow/example_dags/example_complex.py
[2024-04-04T00:29:28.875+0000] {logging_mixin.py:188} INFO - [2024-04-04T00:29:28.874+0000] {dag.py:3047} INFO - Sync 1 DAGs
[2024-04-04T00:29:28.890+0000] {logging_mixin.py:188} INFO - [2024-04-04T00:29:28.890+0000] {dag.py:3834} INFO - Setting next_dagrun for example_complex to None, run_after=None
[2024-04-04T00:29:28.920+0000] {processor.py:183} INFO - Processing /home/datatalks_jan/anaconda3/lib/python3.11/site-packages/airflow/example_dags/example_complex.py took 0.109 seconds
[2024-04-04T00:30:32.213+0000] {processor.py:161} INFO - Started process (PID=105844) to work on /home/datatalks_jan/anaconda3/lib/python3.11/site-packages/airflow/example_dags/example_complex.py
[2024-04-04T00:30:32.215+0000] {processor.py:830} INFO - Processing file /home/datatalks_jan/anaconda3/lib/python3.11/site-packages/airflow/example_dags/example_complex.py for tasks to queue
[2024-04-04T00:30:32.217+0000] {logging_mixin.py:188} INFO - [2024-04-04T00:30:32.216+0000] {dagbag.py:540} INFO - Filling up the DagBag from /home/datatalks_jan/anaconda3/lib/python3.11/site-packages/airflow/example_dags/example_complex.py
[2024-04-04T00:30:32.234+0000] {processor.py:840} INFO - DAG(s) 'example_complex' retrieved from /home/datatalks_jan/anaconda3/lib/python3.11/site-packages/airflow/example_dags/example_complex.py
[2024-04-04T00:30:32.270+0000] {logging_mixin.py:188} INFO - [2024-04-04T00:30:32.269+0000] {dag.py:3047} INFO - Sync 1 DAGs
[2024-04-04T00:30:32.286+0000] {logging_mixin.py:188} INFO - [2024-04-04T00:30:32.286+0000] {dag.py:3834} INFO - Setting next_dagrun for example_complex to None, run_after=None
[2024-04-04T00:30:32.316+0000] {processor.py:183} INFO - Processing /home/datatalks_jan/anaconda3/lib/python3.11/site-packages/airflow/example_dags/example_complex.py took 0.109 seconds
