[2024-04-04T00:06:21.932+0000] {processor.py:161} INFO - Started process (PID=99555) to work on /home/datatalks_jan/anaconda3/lib/python3.11/site-packages/airflow/example_dags/example_python_decorator.py
[2024-04-04T00:06:21.933+0000] {processor.py:830} INFO - Processing file /home/datatalks_jan/anaconda3/lib/python3.11/site-packages/airflow/example_dags/example_python_decorator.py for tasks to queue
[2024-04-04T00:06:21.935+0000] {logging_mixin.py:188} INFO - [2024-04-04T00:06:21.934+0000] {dagbag.py:540} INFO - Filling up the DagBag from /home/datatalks_jan/anaconda3/lib/python3.11/site-packages/airflow/example_dags/example_python_decorator.py
[2024-04-04T00:06:21.950+0000] {logging_mixin.py:188} INFO - [2024-04-04T00:06:21.950+0000] {example_python_decorator.py:79} WARNING - The virtalenv_python example task requires virtualenv, please install it.
[2024-04-04T00:06:21.951+0000] {processor.py:840} INFO - DAG(s) 'example_python_decorator' retrieved from /home/datatalks_jan/anaconda3/lib/python3.11/site-packages/airflow/example_dags/example_python_decorator.py
[2024-04-04T00:06:21.978+0000] {logging_mixin.py:188} INFO - [2024-04-04T00:06:21.978+0000] {dag.py:3047} INFO - Sync 1 DAGs
[2024-04-04T00:06:21.992+0000] {logging_mixin.py:188} INFO - [2024-04-04T00:06:21.992+0000] {dag.py:3834} INFO - Setting next_dagrun for example_python_decorator to None, run_after=None
[2024-04-04T00:06:22.019+0000] {processor.py:183} INFO - Processing /home/datatalks_jan/anaconda3/lib/python3.11/site-packages/airflow/example_dags/example_python_decorator.py took 0.092 seconds
[2024-04-04T00:07:28.655+0000] {processor.py:161} INFO - Started process (PID=99919) to work on /home/datatalks_jan/anaconda3/lib/python3.11/site-packages/airflow/example_dags/example_python_decorator.py
[2024-04-04T00:07:28.657+0000] {processor.py:830} INFO - Processing file /home/datatalks_jan/anaconda3/lib/python3.11/site-packages/airflow/example_dags/example_python_decorator.py for tasks to queue
[2024-04-04T00:07:28.659+0000] {logging_mixin.py:188} INFO - [2024-04-04T00:07:28.658+0000] {dagbag.py:540} INFO - Filling up the DagBag from /home/datatalks_jan/anaconda3/lib/python3.11/site-packages/airflow/example_dags/example_python_decorator.py
[2024-04-04T00:07:28.682+0000] {logging_mixin.py:188} INFO - [2024-04-04T00:07:28.681+0000] {example_python_decorator.py:79} WARNING - The virtalenv_python example task requires virtualenv, please install it.
[2024-04-04T00:07:28.683+0000] {processor.py:840} INFO - DAG(s) 'example_python_decorator' retrieved from /home/datatalks_jan/anaconda3/lib/python3.11/site-packages/airflow/example_dags/example_python_decorator.py
[2024-04-04T00:07:28.714+0000] {logging_mixin.py:188} INFO - [2024-04-04T00:07:28.713+0000] {dag.py:3047} INFO - Sync 1 DAGs
[2024-04-04T00:07:28.731+0000] {logging_mixin.py:188} INFO - [2024-04-04T00:07:28.731+0000] {dag.py:3834} INFO - Setting next_dagrun for example_python_decorator to None, run_after=None
[2024-04-04T00:07:28.769+0000] {processor.py:183} INFO - Processing /home/datatalks_jan/anaconda3/lib/python3.11/site-packages/airflow/example_dags/example_python_decorator.py took 0.120 seconds
[2024-04-04T00:08:34.840+0000] {processor.py:161} INFO - Started process (PID=100292) to work on /home/datatalks_jan/anaconda3/lib/python3.11/site-packages/airflow/example_dags/example_python_decorator.py
[2024-04-04T00:08:34.842+0000] {processor.py:830} INFO - Processing file /home/datatalks_jan/anaconda3/lib/python3.11/site-packages/airflow/example_dags/example_python_decorator.py for tasks to queue
[2024-04-04T00:08:34.844+0000] {logging_mixin.py:188} INFO - [2024-04-04T00:08:34.843+0000] {dagbag.py:540} INFO - Filling up the DagBag from /home/datatalks_jan/anaconda3/lib/python3.11/site-packages/airflow/example_dags/example_python_decorator.py
[2024-04-04T00:08:34.861+0000] {logging_mixin.py:188} INFO - [2024-04-04T00:08:34.860+0000] {example_python_decorator.py:79} WARNING - The virtalenv_python example task requires virtualenv, please install it.
[2024-04-04T00:08:34.861+0000] {processor.py:840} INFO - DAG(s) 'example_python_decorator' retrieved from /home/datatalks_jan/anaconda3/lib/python3.11/site-packages/airflow/example_dags/example_python_decorator.py
[2024-04-04T00:08:34.885+0000] {logging_mixin.py:188} INFO - [2024-04-04T00:08:34.885+0000] {dag.py:3047} INFO - Sync 1 DAGs
[2024-04-04T00:08:34.901+0000] {logging_mixin.py:188} INFO - [2024-04-04T00:08:34.901+0000] {dag.py:3834} INFO - Setting next_dagrun for example_python_decorator to None, run_after=None
[2024-04-04T00:08:34.931+0000] {processor.py:183} INFO - Processing /home/datatalks_jan/anaconda3/lib/python3.11/site-packages/airflow/example_dags/example_python_decorator.py took 0.096 seconds
[2024-04-04T00:09:40.162+0000] {processor.py:161} INFO - Started process (PID=100718) to work on /home/datatalks_jan/anaconda3/lib/python3.11/site-packages/airflow/example_dags/example_python_decorator.py
[2024-04-04T00:09:40.165+0000] {processor.py:830} INFO - Processing file /home/datatalks_jan/anaconda3/lib/python3.11/site-packages/airflow/example_dags/example_python_decorator.py for tasks to queue
[2024-04-04T00:09:40.166+0000] {logging_mixin.py:188} INFO - [2024-04-04T00:09:40.165+0000] {dagbag.py:540} INFO - Filling up the DagBag from /home/datatalks_jan/anaconda3/lib/python3.11/site-packages/airflow/example_dags/example_python_decorator.py
[2024-04-04T00:09:40.188+0000] {logging_mixin.py:188} INFO - [2024-04-04T00:09:40.188+0000] {example_python_decorator.py:79} WARNING - The virtalenv_python example task requires virtualenv, please install it.
[2024-04-04T00:09:40.189+0000] {processor.py:840} INFO - DAG(s) 'example_python_decorator' retrieved from /home/datatalks_jan/anaconda3/lib/python3.11/site-packages/airflow/example_dags/example_python_decorator.py
[2024-04-04T00:09:40.218+0000] {logging_mixin.py:188} INFO - [2024-04-04T00:09:40.217+0000] {dag.py:3047} INFO - Sync 1 DAGs
[2024-04-04T00:09:40.237+0000] {logging_mixin.py:188} INFO - [2024-04-04T00:09:40.236+0000] {dag.py:3834} INFO - Setting next_dagrun for example_python_decorator to None, run_after=None
[2024-04-04T00:09:40.271+0000] {processor.py:183} INFO - Processing /home/datatalks_jan/anaconda3/lib/python3.11/site-packages/airflow/example_dags/example_python_decorator.py took 0.115 seconds
[2024-04-04T00:10:38.446+0000] {processor.py:161} INFO - Started process (PID=101239) to work on /home/datatalks_jan/anaconda3/lib/python3.11/site-packages/airflow/example_dags/example_python_decorator.py
[2024-04-04T00:10:38.449+0000] {processor.py:830} INFO - Processing file /home/datatalks_jan/anaconda3/lib/python3.11/site-packages/airflow/example_dags/example_python_decorator.py for tasks to queue
[2024-04-04T00:10:38.451+0000] {logging_mixin.py:188} INFO - [2024-04-04T00:10:38.450+0000] {dagbag.py:540} INFO - Filling up the DagBag from /home/datatalks_jan/anaconda3/lib/python3.11/site-packages/airflow/example_dags/example_python_decorator.py
[2024-04-04T00:10:38.469+0000] {logging_mixin.py:188} INFO - [2024-04-04T00:10:38.468+0000] {example_python_decorator.py:79} WARNING - The virtalenv_python example task requires virtualenv, please install it.
[2024-04-04T00:10:38.470+0000] {processor.py:840} INFO - DAG(s) 'example_python_decorator' retrieved from /home/datatalks_jan/anaconda3/lib/python3.11/site-packages/airflow/example_dags/example_python_decorator.py
[2024-04-04T00:10:38.495+0000] {logging_mixin.py:188} INFO - [2024-04-04T00:10:38.495+0000] {dag.py:3047} INFO - Sync 1 DAGs
[2024-04-04T00:10:38.510+0000] {logging_mixin.py:188} INFO - [2024-04-04T00:10:38.509+0000] {dag.py:3834} INFO - Setting next_dagrun for example_python_decorator to None, run_after=None
[2024-04-04T00:10:38.538+0000] {processor.py:183} INFO - Processing /home/datatalks_jan/anaconda3/lib/python3.11/site-packages/airflow/example_dags/example_python_decorator.py took 0.097 seconds
[2024-04-04T00:11:31.852+0000] {processor.py:161} INFO - Started process (PID=101634) to work on /home/datatalks_jan/anaconda3/lib/python3.11/site-packages/airflow/example_dags/example_python_decorator.py
[2024-04-04T00:11:31.855+0000] {processor.py:830} INFO - Processing file /home/datatalks_jan/anaconda3/lib/python3.11/site-packages/airflow/example_dags/example_python_decorator.py for tasks to queue
[2024-04-04T00:11:31.857+0000] {logging_mixin.py:188} INFO - [2024-04-04T00:11:31.856+0000] {dagbag.py:540} INFO - Filling up the DagBag from /home/datatalks_jan/anaconda3/lib/python3.11/site-packages/airflow/example_dags/example_python_decorator.py
[2024-04-04T00:11:31.888+0000] {logging_mixin.py:188} INFO - [2024-04-04T00:11:31.887+0000] {example_python_decorator.py:79} WARNING - The virtalenv_python example task requires virtualenv, please install it.
[2024-04-04T00:11:31.889+0000] {processor.py:840} INFO - DAG(s) 'example_python_decorator' retrieved from /home/datatalks_jan/anaconda3/lib/python3.11/site-packages/airflow/example_dags/example_python_decorator.py
[2024-04-04T00:11:31.924+0000] {logging_mixin.py:188} INFO - [2024-04-04T00:11:31.924+0000] {dag.py:3047} INFO - Sync 1 DAGs
[2024-04-04T00:11:31.944+0000] {logging_mixin.py:188} INFO - [2024-04-04T00:11:31.944+0000] {dag.py:3834} INFO - Setting next_dagrun for example_python_decorator to None, run_after=None
[2024-04-04T00:11:31.981+0000] {processor.py:183} INFO - Processing /home/datatalks_jan/anaconda3/lib/python3.11/site-packages/airflow/example_dags/example_python_decorator.py took 0.136 seconds
[2024-04-04T00:12:26.211+0000] {processor.py:161} INFO - Started process (PID=101999) to work on /home/datatalks_jan/anaconda3/lib/python3.11/site-packages/airflow/example_dags/example_python_decorator.py
[2024-04-04T00:12:26.214+0000] {processor.py:830} INFO - Processing file /home/datatalks_jan/anaconda3/lib/python3.11/site-packages/airflow/example_dags/example_python_decorator.py for tasks to queue
[2024-04-04T00:12:26.215+0000] {logging_mixin.py:188} INFO - [2024-04-04T00:12:26.215+0000] {dagbag.py:540} INFO - Filling up the DagBag from /home/datatalks_jan/anaconda3/lib/python3.11/site-packages/airflow/example_dags/example_python_decorator.py
[2024-04-04T00:12:26.234+0000] {logging_mixin.py:188} INFO - [2024-04-04T00:12:26.233+0000] {example_python_decorator.py:79} WARNING - The virtalenv_python example task requires virtualenv, please install it.
[2024-04-04T00:12:26.234+0000] {processor.py:840} INFO - DAG(s) 'example_python_decorator' retrieved from /home/datatalks_jan/anaconda3/lib/python3.11/site-packages/airflow/example_dags/example_python_decorator.py
[2024-04-04T00:12:26.258+0000] {logging_mixin.py:188} INFO - [2024-04-04T00:12:26.258+0000] {dag.py:3047} INFO - Sync 1 DAGs
[2024-04-04T00:12:26.272+0000] {logging_mixin.py:188} INFO - [2024-04-04T00:12:26.272+0000] {dag.py:3834} INFO - Setting next_dagrun for example_python_decorator to None, run_after=None
[2024-04-04T00:12:26.299+0000] {processor.py:183} INFO - Processing /home/datatalks_jan/anaconda3/lib/python3.11/site-packages/airflow/example_dags/example_python_decorator.py took 0.092 seconds
