[2024-04-04T00:06:06.272+0000] {processor.py:161} INFO - Started process (PID=99534) to work on /home/datatalks_jan/anaconda3/lib/python3.11/site-packages/airflow/example_dags/example_task_group.py
[2024-04-04T00:06:06.273+0000] {processor.py:830} INFO - Processing file /home/datatalks_jan/anaconda3/lib/python3.11/site-packages/airflow/example_dags/example_task_group.py for tasks to queue
[2024-04-04T00:06:06.275+0000] {logging_mixin.py:188} INFO - [2024-04-04T00:06:06.274+0000] {dagbag.py:540} INFO - Filling up the DagBag from /home/datatalks_jan/anaconda3/lib/python3.11/site-packages/airflow/example_dags/example_task_group.py
[2024-04-04T00:06:06.287+0000] {processor.py:840} INFO - DAG(s) 'example_task_group' retrieved from /home/datatalks_jan/anaconda3/lib/python3.11/site-packages/airflow/example_dags/example_task_group.py
[2024-04-04T00:06:06.316+0000] {logging_mixin.py:188} INFO - [2024-04-04T00:06:06.315+0000] {dag.py:3047} INFO - Sync 1 DAGs
[2024-04-04T00:06:06.339+0000] {logging_mixin.py:188} INFO - [2024-04-04T00:06:06.339+0000] {dag.py:3834} INFO - Setting next_dagrun for example_task_group to 2024-04-03 00:00:00+00:00, run_after=2024-04-04 00:00:00+00:00
[2024-04-04T00:06:06.368+0000] {processor.py:183} INFO - Processing /home/datatalks_jan/anaconda3/lib/python3.11/site-packages/airflow/example_dags/example_task_group.py took 0.101 seconds
[2024-04-04T00:07:08.103+0000] {processor.py:161} INFO - Started process (PID=99814) to work on /home/datatalks_jan/anaconda3/lib/python3.11/site-packages/airflow/example_dags/example_task_group.py
[2024-04-04T00:07:08.106+0000] {processor.py:830} INFO - Processing file /home/datatalks_jan/anaconda3/lib/python3.11/site-packages/airflow/example_dags/example_task_group.py for tasks to queue
[2024-04-04T00:07:08.108+0000] {logging_mixin.py:188} INFO - [2024-04-04T00:07:08.107+0000] {dagbag.py:540} INFO - Filling up the DagBag from /home/datatalks_jan/anaconda3/lib/python3.11/site-packages/airflow/example_dags/example_task_group.py
[2024-04-04T00:07:08.129+0000] {processor.py:840} INFO - DAG(s) 'example_task_group' retrieved from /home/datatalks_jan/anaconda3/lib/python3.11/site-packages/airflow/example_dags/example_task_group.py
[2024-04-04T00:07:08.166+0000] {logging_mixin.py:188} INFO - [2024-04-04T00:07:08.166+0000] {dag.py:3047} INFO - Sync 1 DAGs
[2024-04-04T00:07:08.205+0000] {logging_mixin.py:188} INFO - [2024-04-04T00:07:08.205+0000] {dag.py:3834} INFO - Setting next_dagrun for example_task_group to 2024-04-03 00:00:00+00:00, run_after=2024-04-04 00:00:00+00:00
[2024-04-04T00:07:08.244+0000] {processor.py:183} INFO - Processing /home/datatalks_jan/anaconda3/lib/python3.11/site-packages/airflow/example_dags/example_task_group.py took 0.149 seconds
[2024-04-04T00:08:15.102+0000] {processor.py:161} INFO - Started process (PID=100243) to work on /home/datatalks_jan/anaconda3/lib/python3.11/site-packages/airflow/example_dags/example_task_group.py
[2024-04-04T00:08:15.104+0000] {processor.py:830} INFO - Processing file /home/datatalks_jan/anaconda3/lib/python3.11/site-packages/airflow/example_dags/example_task_group.py for tasks to queue
[2024-04-04T00:08:15.106+0000] {logging_mixin.py:188} INFO - [2024-04-04T00:08:15.105+0000] {dagbag.py:540} INFO - Filling up the DagBag from /home/datatalks_jan/anaconda3/lib/python3.11/site-packages/airflow/example_dags/example_task_group.py
[2024-04-04T00:08:15.120+0000] {processor.py:840} INFO - DAG(s) 'example_task_group' retrieved from /home/datatalks_jan/anaconda3/lib/python3.11/site-packages/airflow/example_dags/example_task_group.py
[2024-04-04T00:08:15.148+0000] {logging_mixin.py:188} INFO - [2024-04-04T00:08:15.148+0000] {dag.py:3047} INFO - Sync 1 DAGs
[2024-04-04T00:08:15.173+0000] {logging_mixin.py:188} INFO - [2024-04-04T00:08:15.172+0000] {dag.py:3834} INFO - Setting next_dagrun for example_task_group to 2024-04-03 00:00:00+00:00, run_after=2024-04-04 00:00:00+00:00
[2024-04-04T00:08:15.201+0000] {processor.py:183} INFO - Processing /home/datatalks_jan/anaconda3/lib/python3.11/site-packages/airflow/example_dags/example_task_group.py took 0.106 seconds
[2024-04-04T00:09:22.873+0000] {processor.py:161} INFO - Started process (PID=100552) to work on /home/datatalks_jan/anaconda3/lib/python3.11/site-packages/airflow/example_dags/example_task_group.py
[2024-04-04T00:09:22.876+0000] {processor.py:830} INFO - Processing file /home/datatalks_jan/anaconda3/lib/python3.11/site-packages/airflow/example_dags/example_task_group.py for tasks to queue
[2024-04-04T00:09:22.877+0000] {logging_mixin.py:188} INFO - [2024-04-04T00:09:22.877+0000] {dagbag.py:540} INFO - Filling up the DagBag from /home/datatalks_jan/anaconda3/lib/python3.11/site-packages/airflow/example_dags/example_task_group.py
[2024-04-04T00:09:22.893+0000] {processor.py:840} INFO - DAG(s) 'example_task_group' retrieved from /home/datatalks_jan/anaconda3/lib/python3.11/site-packages/airflow/example_dags/example_task_group.py
[2024-04-04T00:09:22.923+0000] {logging_mixin.py:188} INFO - [2024-04-04T00:09:22.923+0000] {dag.py:3047} INFO - Sync 1 DAGs
[2024-04-04T00:09:22.953+0000] {logging_mixin.py:188} INFO - [2024-04-04T00:09:22.953+0000] {dag.py:3834} INFO - Setting next_dagrun for example_task_group to 2024-04-03 00:00:00+00:00, run_after=2024-04-04 00:00:00+00:00
[2024-04-04T00:09:22.987+0000] {processor.py:183} INFO - Processing /home/datatalks_jan/anaconda3/lib/python3.11/site-packages/airflow/example_dags/example_task_group.py took 0.120 seconds
[2024-04-04T00:10:16.422+0000] {processor.py:161} INFO - Started process (PID=100985) to work on /home/datatalks_jan/anaconda3/lib/python3.11/site-packages/airflow/example_dags/example_task_group.py
[2024-04-04T00:10:16.425+0000] {processor.py:830} INFO - Processing file /home/datatalks_jan/anaconda3/lib/python3.11/site-packages/airflow/example_dags/example_task_group.py for tasks to queue
[2024-04-04T00:10:16.426+0000] {logging_mixin.py:188} INFO - [2024-04-04T00:10:16.426+0000] {dagbag.py:540} INFO - Filling up the DagBag from /home/datatalks_jan/anaconda3/lib/python3.11/site-packages/airflow/example_dags/example_task_group.py
[2024-04-04T00:10:16.445+0000] {processor.py:840} INFO - DAG(s) 'example_task_group' retrieved from /home/datatalks_jan/anaconda3/lib/python3.11/site-packages/airflow/example_dags/example_task_group.py
[2024-04-04T00:10:16.483+0000] {logging_mixin.py:188} INFO - [2024-04-04T00:10:16.482+0000] {dag.py:3047} INFO - Sync 1 DAGs
[2024-04-04T00:10:16.524+0000] {logging_mixin.py:188} INFO - [2024-04-04T00:10:16.524+0000] {dag.py:3834} INFO - Setting next_dagrun for example_task_group to 2024-04-03 00:00:00+00:00, run_after=2024-04-04 00:00:00+00:00
[2024-04-04T00:10:16.552+0000] {processor.py:183} INFO - Processing /home/datatalks_jan/anaconda3/lib/python3.11/site-packages/airflow/example_dags/example_task_group.py took 0.137 seconds
[2024-04-04T00:11:12.736+0000] {processor.py:161} INFO - Started process (PID=101497) to work on /home/datatalks_jan/anaconda3/lib/python3.11/site-packages/airflow/example_dags/example_task_group.py
[2024-04-04T00:11:12.738+0000] {processor.py:830} INFO - Processing file /home/datatalks_jan/anaconda3/lib/python3.11/site-packages/airflow/example_dags/example_task_group.py for tasks to queue
[2024-04-04T00:11:12.740+0000] {logging_mixin.py:188} INFO - [2024-04-04T00:11:12.739+0000] {dagbag.py:540} INFO - Filling up the DagBag from /home/datatalks_jan/anaconda3/lib/python3.11/site-packages/airflow/example_dags/example_task_group.py
[2024-04-04T00:11:12.760+0000] {processor.py:840} INFO - DAG(s) 'example_task_group' retrieved from /home/datatalks_jan/anaconda3/lib/python3.11/site-packages/airflow/example_dags/example_task_group.py
[2024-04-04T00:11:12.800+0000] {logging_mixin.py:188} INFO - [2024-04-04T00:11:12.799+0000] {dag.py:3047} INFO - Sync 1 DAGs
[2024-04-04T00:11:12.834+0000] {logging_mixin.py:188} INFO - [2024-04-04T00:11:12.833+0000] {dag.py:3834} INFO - Setting next_dagrun for example_task_group to 2024-04-03 00:00:00+00:00, run_after=2024-04-04 00:00:00+00:00
[2024-04-04T00:11:12.874+0000] {processor.py:183} INFO - Processing /home/datatalks_jan/anaconda3/lib/python3.11/site-packages/airflow/example_dags/example_task_group.py took 0.144 seconds
[2024-04-04T00:12:00.536+0000] {processor.py:161} INFO - Started process (PID=101827) to work on /home/datatalks_jan/anaconda3/lib/python3.11/site-packages/airflow/example_dags/example_task_group.py
[2024-04-04T00:12:00.538+0000] {processor.py:830} INFO - Processing file /home/datatalks_jan/anaconda3/lib/python3.11/site-packages/airflow/example_dags/example_task_group.py for tasks to queue
[2024-04-04T00:12:00.539+0000] {logging_mixin.py:188} INFO - [2024-04-04T00:12:00.539+0000] {dagbag.py:540} INFO - Filling up the DagBag from /home/datatalks_jan/anaconda3/lib/python3.11/site-packages/airflow/example_dags/example_task_group.py
[2024-04-04T00:12:00.552+0000] {processor.py:840} INFO - DAG(s) 'example_task_group' retrieved from /home/datatalks_jan/anaconda3/lib/python3.11/site-packages/airflow/example_dags/example_task_group.py
[2024-04-04T00:12:00.577+0000] {logging_mixin.py:188} INFO - [2024-04-04T00:12:00.576+0000] {dag.py:3047} INFO - Sync 1 DAGs
[2024-04-04T00:12:00.600+0000] {logging_mixin.py:188} INFO - [2024-04-04T00:12:00.600+0000] {dag.py:3834} INFO - Setting next_dagrun for example_task_group to 2024-04-03 00:00:00+00:00, run_after=2024-04-04 00:00:00+00:00
[2024-04-04T00:12:00.626+0000] {processor.py:183} INFO - Processing /home/datatalks_jan/anaconda3/lib/python3.11/site-packages/airflow/example_dags/example_task_group.py took 0.095 seconds
[2024-04-04T00:12:48.690+0000] {processor.py:161} INFO - Started process (PID=102115) to work on /home/datatalks_jan/anaconda3/lib/python3.11/site-packages/airflow/example_dags/example_task_group.py
[2024-04-04T00:12:48.692+0000] {processor.py:830} INFO - Processing file /home/datatalks_jan/anaconda3/lib/python3.11/site-packages/airflow/example_dags/example_task_group.py for tasks to queue
[2024-04-04T00:12:48.693+0000] {logging_mixin.py:188} INFO - [2024-04-04T00:12:48.693+0000] {dagbag.py:540} INFO - Filling up the DagBag from /home/datatalks_jan/anaconda3/lib/python3.11/site-packages/airflow/example_dags/example_task_group.py
[2024-04-04T00:12:48.706+0000] {processor.py:840} INFO - DAG(s) 'example_task_group' retrieved from /home/datatalks_jan/anaconda3/lib/python3.11/site-packages/airflow/example_dags/example_task_group.py
[2024-04-04T00:12:48.730+0000] {logging_mixin.py:188} INFO - [2024-04-04T00:12:48.729+0000] {dag.py:3047} INFO - Sync 1 DAGs
[2024-04-04T00:12:48.753+0000] {logging_mixin.py:188} INFO - [2024-04-04T00:12:48.753+0000] {dag.py:3834} INFO - Setting next_dagrun for example_task_group to 2024-04-03 00:00:00+00:00, run_after=2024-04-04 00:00:00+00:00
[2024-04-04T00:12:48.780+0000] {processor.py:183} INFO - Processing /home/datatalks_jan/anaconda3/lib/python3.11/site-packages/airflow/example_dags/example_task_group.py took 0.097 seconds
