[2024-04-04T00:05:53.532+0000] {processor.py:161} INFO - Started process (PID=99493) to work on /home/datatalks_jan/anaconda3/lib/python3.11/site-packages/airflow/example_dags/example_xcomargs.py
[2024-04-04T00:05:53.533+0000] {processor.py:830} INFO - Processing file /home/datatalks_jan/anaconda3/lib/python3.11/site-packages/airflow/example_dags/example_xcomargs.py for tasks to queue
[2024-04-04T00:05:53.535+0000] {logging_mixin.py:188} INFO - [2024-04-04T00:05:53.534+0000] {dagbag.py:540} INFO - Filling up the DagBag from /home/datatalks_jan/anaconda3/lib/python3.11/site-packages/airflow/example_dags/example_xcomargs.py
[2024-04-04T00:05:53.555+0000] {processor.py:840} INFO - DAG(s) 'example_xcom_args_with_operators', 'example_xcom_args' retrieved from /home/datatalks_jan/anaconda3/lib/python3.11/site-packages/airflow/example_dags/example_xcomargs.py
[2024-04-04T00:05:53.594+0000] {logging_mixin.py:188} INFO - [2024-04-04T00:05:53.594+0000] {dag.py:3047} INFO - Sync 2 DAGs
[2024-04-04T00:05:53.609+0000] {logging_mixin.py:188} INFO - [2024-04-04T00:05:53.609+0000] {dag.py:3834} INFO - Setting next_dagrun for example_xcom_args to None, run_after=None
[2024-04-04T00:05:53.616+0000] {logging_mixin.py:188} INFO - [2024-04-04T00:05:53.615+0000] {dag.py:3834} INFO - Setting next_dagrun for example_xcom_args_with_operators to None, run_after=None
[2024-04-04T00:05:53.644+0000] {processor.py:183} INFO - Processing /home/datatalks_jan/anaconda3/lib/python3.11/site-packages/airflow/example_dags/example_xcomargs.py took 0.118 seconds
[2024-04-04T00:06:56.245+0000] {processor.py:161} INFO - Started process (PID=99741) to work on /home/datatalks_jan/anaconda3/lib/python3.11/site-packages/airflow/example_dags/example_xcomargs.py
[2024-04-04T00:06:56.248+0000] {processor.py:830} INFO - Processing file /home/datatalks_jan/anaconda3/lib/python3.11/site-packages/airflow/example_dags/example_xcomargs.py for tasks to queue
[2024-04-04T00:06:56.249+0000] {logging_mixin.py:188} INFO - [2024-04-04T00:06:56.248+0000] {dagbag.py:540} INFO - Filling up the DagBag from /home/datatalks_jan/anaconda3/lib/python3.11/site-packages/airflow/example_dags/example_xcomargs.py
[2024-04-04T00:06:56.264+0000] {processor.py:840} INFO - DAG(s) 'example_xcom_args_with_operators', 'example_xcom_args' retrieved from /home/datatalks_jan/anaconda3/lib/python3.11/site-packages/airflow/example_dags/example_xcomargs.py
[2024-04-04T00:06:56.290+0000] {logging_mixin.py:188} INFO - [2024-04-04T00:06:56.289+0000] {dag.py:3047} INFO - Sync 2 DAGs
[2024-04-04T00:06:56.303+0000] {logging_mixin.py:188} INFO - [2024-04-04T00:06:56.303+0000] {dag.py:3834} INFO - Setting next_dagrun for example_xcom_args to None, run_after=None
[2024-04-04T00:06:56.307+0000] {logging_mixin.py:188} INFO - [2024-04-04T00:06:56.306+0000] {dag.py:3834} INFO - Setting next_dagrun for example_xcom_args_with_operators to None, run_after=None
[2024-04-04T00:06:56.331+0000] {processor.py:183} INFO - Processing /home/datatalks_jan/anaconda3/lib/python3.11/site-packages/airflow/example_dags/example_xcomargs.py took 0.090 seconds
[2024-04-04T00:08:04.126+0000] {processor.py:161} INFO - Started process (PID=100199) to work on /home/datatalks_jan/anaconda3/lib/python3.11/site-packages/airflow/example_dags/example_xcomargs.py
[2024-04-04T00:08:04.128+0000] {processor.py:830} INFO - Processing file /home/datatalks_jan/anaconda3/lib/python3.11/site-packages/airflow/example_dags/example_xcomargs.py for tasks to queue
[2024-04-04T00:08:04.129+0000] {logging_mixin.py:188} INFO - [2024-04-04T00:08:04.128+0000] {dagbag.py:540} INFO - Filling up the DagBag from /home/datatalks_jan/anaconda3/lib/python3.11/site-packages/airflow/example_dags/example_xcomargs.py
[2024-04-04T00:08:04.144+0000] {processor.py:840} INFO - DAG(s) 'example_xcom_args_with_operators', 'example_xcom_args' retrieved from /home/datatalks_jan/anaconda3/lib/python3.11/site-packages/airflow/example_dags/example_xcomargs.py
[2024-04-04T00:08:04.169+0000] {logging_mixin.py:188} INFO - [2024-04-04T00:08:04.168+0000] {dag.py:3047} INFO - Sync 2 DAGs
[2024-04-04T00:08:04.182+0000] {logging_mixin.py:188} INFO - [2024-04-04T00:08:04.182+0000] {dag.py:3834} INFO - Setting next_dagrun for example_xcom_args to None, run_after=None
[2024-04-04T00:08:04.186+0000] {logging_mixin.py:188} INFO - [2024-04-04T00:08:04.185+0000] {dag.py:3834} INFO - Setting next_dagrun for example_xcom_args_with_operators to None, run_after=None
[2024-04-04T00:08:04.209+0000] {processor.py:183} INFO - Processing /home/datatalks_jan/anaconda3/lib/python3.11/site-packages/airflow/example_dags/example_xcomargs.py took 0.089 seconds
[2024-04-04T00:09:10.999+0000] {processor.py:161} INFO - Started process (PID=100538) to work on /home/datatalks_jan/anaconda3/lib/python3.11/site-packages/airflow/example_dags/example_xcomargs.py
[2024-04-04T00:09:11.002+0000] {processor.py:830} INFO - Processing file /home/datatalks_jan/anaconda3/lib/python3.11/site-packages/airflow/example_dags/example_xcomargs.py for tasks to queue
[2024-04-04T00:09:11.003+0000] {logging_mixin.py:188} INFO - [2024-04-04T00:09:11.003+0000] {dagbag.py:540} INFO - Filling up the DagBag from /home/datatalks_jan/anaconda3/lib/python3.11/site-packages/airflow/example_dags/example_xcomargs.py
[2024-04-04T00:09:11.294+0000] {processor.py:840} INFO - DAG(s) 'example_xcom_args_with_operators', 'example_xcom_args' retrieved from /home/datatalks_jan/anaconda3/lib/python3.11/site-packages/airflow/example_dags/example_xcomargs.py
[2024-04-04T00:09:11.313+0000] {logging_mixin.py:188} INFO - [2024-04-04T00:09:11.313+0000] {dag.py:3047} INFO - Sync 2 DAGs
[2024-04-04T00:09:11.325+0000] {logging_mixin.py:188} INFO - [2024-04-04T00:09:11.324+0000] {dag.py:3834} INFO - Setting next_dagrun for example_xcom_args to None, run_after=None
[2024-04-04T00:09:11.328+0000] {logging_mixin.py:188} INFO - [2024-04-04T00:09:11.328+0000] {dag.py:3834} INFO - Setting next_dagrun for example_xcom_args_with_operators to None, run_after=None
[2024-04-04T00:09:11.352+0000] {processor.py:183} INFO - Processing /home/datatalks_jan/anaconda3/lib/python3.11/site-packages/airflow/example_dags/example_xcomargs.py took 0.358 seconds
