[2024-04-04T00:06:23.090+0000] {processor.py:161} INFO - Started process (PID=99556) to work on /home/datatalks_jan/anaconda3/lib/python3.11/site-packages/airflow/example_dags/example_task_group_decorator.py
[2024-04-04T00:06:23.092+0000] {processor.py:830} INFO - Processing file /home/datatalks_jan/anaconda3/lib/python3.11/site-packages/airflow/example_dags/example_task_group_decorator.py for tasks to queue
[2024-04-04T00:06:23.093+0000] {logging_mixin.py:188} INFO - [2024-04-04T00:06:23.092+0000] {dagbag.py:540} INFO - Filling up the DagBag from /home/datatalks_jan/anaconda3/lib/python3.11/site-packages/airflow/example_dags/example_task_group_decorator.py
[2024-04-04T00:06:23.117+0000] {processor.py:840} INFO - DAG(s) 'example_task_group_decorator' retrieved from /home/datatalks_jan/anaconda3/lib/python3.11/site-packages/airflow/example_dags/example_task_group_decorator.py
[2024-04-04T00:06:23.151+0000] {logging_mixin.py:188} INFO - [2024-04-04T00:06:23.151+0000] {dag.py:3047} INFO - Sync 1 DAGs
[2024-04-04T00:06:23.177+0000] {logging_mixin.py:188} INFO - [2024-04-04T00:06:23.177+0000] {dag.py:3834} INFO - Setting next_dagrun for example_task_group_decorator to 2024-04-03 00:00:00+00:00, run_after=2024-04-04 00:00:00+00:00
[2024-04-04T00:06:23.208+0000] {processor.py:183} INFO - Processing /home/datatalks_jan/anaconda3/lib/python3.11/site-packages/airflow/example_dags/example_task_group_decorator.py took 0.124 seconds
[2024-04-04T00:07:29.902+0000] {processor.py:161} INFO - Started process (PID=99920) to work on /home/datatalks_jan/anaconda3/lib/python3.11/site-packages/airflow/example_dags/example_task_group_decorator.py
[2024-04-04T00:07:29.904+0000] {processor.py:830} INFO - Processing file /home/datatalks_jan/anaconda3/lib/python3.11/site-packages/airflow/example_dags/example_task_group_decorator.py for tasks to queue
[2024-04-04T00:07:29.906+0000] {logging_mixin.py:188} INFO - [2024-04-04T00:07:29.905+0000] {dagbag.py:540} INFO - Filling up the DagBag from /home/datatalks_jan/anaconda3/lib/python3.11/site-packages/airflow/example_dags/example_task_group_decorator.py
[2024-04-04T00:07:29.930+0000] {processor.py:840} INFO - DAG(s) 'example_task_group_decorator' retrieved from /home/datatalks_jan/anaconda3/lib/python3.11/site-packages/airflow/example_dags/example_task_group_decorator.py
[2024-04-04T00:07:29.963+0000] {logging_mixin.py:188} INFO - [2024-04-04T00:07:29.962+0000] {dag.py:3047} INFO - Sync 1 DAGs
[2024-04-04T00:07:29.993+0000] {logging_mixin.py:188} INFO - [2024-04-04T00:07:29.992+0000] {dag.py:3834} INFO - Setting next_dagrun for example_task_group_decorator to 2024-04-03 00:00:00+00:00, run_after=2024-04-04 00:00:00+00:00
[2024-04-04T00:07:30.028+0000] {processor.py:183} INFO - Processing /home/datatalks_jan/anaconda3/lib/python3.11/site-packages/airflow/example_dags/example_task_group_decorator.py took 0.132 seconds
[2024-04-04T00:08:35.197+0000] {processor.py:161} INFO - Started process (PID=100293) to work on /home/datatalks_jan/anaconda3/lib/python3.11/site-packages/airflow/example_dags/example_task_group_decorator.py
[2024-04-04T00:08:35.199+0000] {processor.py:830} INFO - Processing file /home/datatalks_jan/anaconda3/lib/python3.11/site-packages/airflow/example_dags/example_task_group_decorator.py for tasks to queue
[2024-04-04T00:08:35.201+0000] {logging_mixin.py:188} INFO - [2024-04-04T00:08:35.200+0000] {dagbag.py:540} INFO - Filling up the DagBag from /home/datatalks_jan/anaconda3/lib/python3.11/site-packages/airflow/example_dags/example_task_group_decorator.py
[2024-04-04T00:08:35.225+0000] {processor.py:840} INFO - DAG(s) 'example_task_group_decorator' retrieved from /home/datatalks_jan/anaconda3/lib/python3.11/site-packages/airflow/example_dags/example_task_group_decorator.py
[2024-04-04T00:08:35.261+0000] {logging_mixin.py:188} INFO - [2024-04-04T00:08:35.261+0000] {dag.py:3047} INFO - Sync 1 DAGs
[2024-04-04T00:08:35.285+0000] {logging_mixin.py:188} INFO - [2024-04-04T00:08:35.285+0000] {dag.py:3834} INFO - Setting next_dagrun for example_task_group_decorator to 2024-04-03 00:00:00+00:00, run_after=2024-04-04 00:00:00+00:00
[2024-04-04T00:08:35.564+0000] {processor.py:183} INFO - Processing /home/datatalks_jan/anaconda3/lib/python3.11/site-packages/airflow/example_dags/example_task_group_decorator.py took 0.372 seconds
[2024-04-04T00:09:41.428+0000] {processor.py:161} INFO - Started process (PID=100740) to work on /home/datatalks_jan/anaconda3/lib/python3.11/site-packages/airflow/example_dags/example_task_group_decorator.py
[2024-04-04T00:09:41.431+0000] {processor.py:830} INFO - Processing file /home/datatalks_jan/anaconda3/lib/python3.11/site-packages/airflow/example_dags/example_task_group_decorator.py for tasks to queue
[2024-04-04T00:09:41.433+0000] {logging_mixin.py:188} INFO - [2024-04-04T00:09:41.432+0000] {dagbag.py:540} INFO - Filling up the DagBag from /home/datatalks_jan/anaconda3/lib/python3.11/site-packages/airflow/example_dags/example_task_group_decorator.py
[2024-04-04T00:09:41.460+0000] {processor.py:840} INFO - DAG(s) 'example_task_group_decorator' retrieved from /home/datatalks_jan/anaconda3/lib/python3.11/site-packages/airflow/example_dags/example_task_group_decorator.py
[2024-04-04T00:09:41.495+0000] {logging_mixin.py:188} INFO - [2024-04-04T00:09:41.495+0000] {dag.py:3047} INFO - Sync 1 DAGs
[2024-04-04T00:09:41.530+0000] {logging_mixin.py:188} INFO - [2024-04-04T00:09:41.530+0000] {dag.py:3834} INFO - Setting next_dagrun for example_task_group_decorator to 2024-04-03 00:00:00+00:00, run_after=2024-04-04 00:00:00+00:00
[2024-04-04T00:09:41.565+0000] {processor.py:183} INFO - Processing /home/datatalks_jan/anaconda3/lib/python3.11/site-packages/airflow/example_dags/example_task_group_decorator.py took 0.143 seconds
[2024-04-04T00:10:39.706+0000] {processor.py:161} INFO - Started process (PID=101253) to work on /home/datatalks_jan/anaconda3/lib/python3.11/site-packages/airflow/example_dags/example_task_group_decorator.py
[2024-04-04T00:10:39.709+0000] {processor.py:830} INFO - Processing file /home/datatalks_jan/anaconda3/lib/python3.11/site-packages/airflow/example_dags/example_task_group_decorator.py for tasks to queue
[2024-04-04T00:10:39.710+0000] {logging_mixin.py:188} INFO - [2024-04-04T00:10:39.710+0000] {dagbag.py:540} INFO - Filling up the DagBag from /home/datatalks_jan/anaconda3/lib/python3.11/site-packages/airflow/example_dags/example_task_group_decorator.py
[2024-04-04T00:10:39.735+0000] {processor.py:840} INFO - DAG(s) 'example_task_group_decorator' retrieved from /home/datatalks_jan/anaconda3/lib/python3.11/site-packages/airflow/example_dags/example_task_group_decorator.py
[2024-04-04T00:10:39.764+0000] {logging_mixin.py:188} INFO - [2024-04-04T00:10:39.763+0000] {dag.py:3047} INFO - Sync 1 DAGs
[2024-04-04T00:10:39.790+0000] {logging_mixin.py:188} INFO - [2024-04-04T00:10:39.789+0000] {dag.py:3834} INFO - Setting next_dagrun for example_task_group_decorator to 2024-04-03 00:00:00+00:00, run_after=2024-04-04 00:00:00+00:00
[2024-04-04T00:10:39.820+0000] {processor.py:183} INFO - Processing /home/datatalks_jan/anaconda3/lib/python3.11/site-packages/airflow/example_dags/example_task_group_decorator.py took 0.120 seconds
[2024-04-04T00:11:33.114+0000] {processor.py:161} INFO - Started process (PID=101635) to work on /home/datatalks_jan/anaconda3/lib/python3.11/site-packages/airflow/example_dags/example_task_group_decorator.py
[2024-04-04T00:11:33.117+0000] {processor.py:830} INFO - Processing file /home/datatalks_jan/anaconda3/lib/python3.11/site-packages/airflow/example_dags/example_task_group_decorator.py for tasks to queue
[2024-04-04T00:11:33.119+0000] {logging_mixin.py:188} INFO - [2024-04-04T00:11:33.118+0000] {dagbag.py:540} INFO - Filling up the DagBag from /home/datatalks_jan/anaconda3/lib/python3.11/site-packages/airflow/example_dags/example_task_group_decorator.py
[2024-04-04T00:11:33.141+0000] {processor.py:840} INFO - DAG(s) 'example_task_group_decorator' retrieved from /home/datatalks_jan/anaconda3/lib/python3.11/site-packages/airflow/example_dags/example_task_group_decorator.py
[2024-04-04T00:11:33.167+0000] {logging_mixin.py:188} INFO - [2024-04-04T00:11:33.167+0000] {dag.py:3047} INFO - Sync 1 DAGs
[2024-04-04T00:11:33.191+0000] {logging_mixin.py:188} INFO - [2024-04-04T00:11:33.190+0000] {dag.py:3834} INFO - Setting next_dagrun for example_task_group_decorator to 2024-04-03 00:00:00+00:00, run_after=2024-04-04 00:00:00+00:00
[2024-04-04T00:11:33.216+0000] {processor.py:183} INFO - Processing /home/datatalks_jan/anaconda3/lib/python3.11/site-packages/airflow/example_dags/example_task_group_decorator.py took 0.107 seconds
[2024-04-04T00:12:26.441+0000] {processor.py:161} INFO - Started process (PID=102000) to work on /home/datatalks_jan/anaconda3/lib/python3.11/site-packages/airflow/example_dags/example_task_group_decorator.py
[2024-04-04T00:12:26.444+0000] {processor.py:830} INFO - Processing file /home/datatalks_jan/anaconda3/lib/python3.11/site-packages/airflow/example_dags/example_task_group_decorator.py for tasks to queue
[2024-04-04T00:12:26.445+0000] {logging_mixin.py:188} INFO - [2024-04-04T00:12:26.445+0000] {dagbag.py:540} INFO - Filling up the DagBag from /home/datatalks_jan/anaconda3/lib/python3.11/site-packages/airflow/example_dags/example_task_group_decorator.py
[2024-04-04T00:12:26.468+0000] {processor.py:840} INFO - DAG(s) 'example_task_group_decorator' retrieved from /home/datatalks_jan/anaconda3/lib/python3.11/site-packages/airflow/example_dags/example_task_group_decorator.py
[2024-04-04T00:12:26.494+0000] {logging_mixin.py:188} INFO - [2024-04-04T00:12:26.494+0000] {dag.py:3047} INFO - Sync 1 DAGs
[2024-04-04T00:12:26.517+0000] {logging_mixin.py:188} INFO - [2024-04-04T00:12:26.517+0000] {dag.py:3834} INFO - Setting next_dagrun for example_task_group_decorator to 2024-04-03 00:00:00+00:00, run_after=2024-04-04 00:00:00+00:00
[2024-04-04T00:12:26.542+0000] {processor.py:183} INFO - Processing /home/datatalks_jan/anaconda3/lib/python3.11/site-packages/airflow/example_dags/example_task_group_decorator.py took 0.105 seconds
[2024-04-04T00:13:15.591+0000] {processor.py:161} INFO - Started process (PID=102363) to work on /home/datatalks_jan/anaconda3/lib/python3.11/site-packages/airflow/example_dags/example_task_group_decorator.py
[2024-04-04T00:13:15.595+0000] {processor.py:830} INFO - Processing file /home/datatalks_jan/anaconda3/lib/python3.11/site-packages/airflow/example_dags/example_task_group_decorator.py for tasks to queue
[2024-04-04T00:13:15.599+0000] {logging_mixin.py:188} INFO - [2024-04-04T00:13:15.597+0000] {dagbag.py:540} INFO - Filling up the DagBag from /home/datatalks_jan/anaconda3/lib/python3.11/site-packages/airflow/example_dags/example_task_group_decorator.py
[2024-04-04T00:13:15.626+0000] {processor.py:840} INFO - DAG(s) 'example_task_group_decorator' retrieved from /home/datatalks_jan/anaconda3/lib/python3.11/site-packages/airflow/example_dags/example_task_group_decorator.py
[2024-04-04T00:13:15.655+0000] {logging_mixin.py:188} INFO - [2024-04-04T00:13:15.655+0000] {dag.py:3047} INFO - Sync 1 DAGs
[2024-04-04T00:13:15.697+0000] {logging_mixin.py:188} INFO - [2024-04-04T00:13:15.696+0000] {dag.py:3834} INFO - Setting next_dagrun for example_task_group_decorator to 2024-04-03 00:00:00+00:00, run_after=2024-04-04 00:00:00+00:00
[2024-04-04T00:13:15.753+0000] {processor.py:183} INFO - Processing /home/datatalks_jan/anaconda3/lib/python3.11/site-packages/airflow/example_dags/example_task_group_decorator.py took 0.169 seconds
[2024-04-04T00:14:07.833+0000] {processor.py:161} INFO - Started process (PID=102805) to work on /home/datatalks_jan/anaconda3/lib/python3.11/site-packages/airflow/example_dags/example_task_group_decorator.py
[2024-04-04T00:14:07.836+0000] {processor.py:830} INFO - Processing file /home/datatalks_jan/anaconda3/lib/python3.11/site-packages/airflow/example_dags/example_task_group_decorator.py for tasks to queue
[2024-04-04T00:14:07.838+0000] {logging_mixin.py:188} INFO - [2024-04-04T00:14:07.837+0000] {dagbag.py:540} INFO - Filling up the DagBag from /home/datatalks_jan/anaconda3/lib/python3.11/site-packages/airflow/example_dags/example_task_group_decorator.py
[2024-04-04T00:14:07.864+0000] {processor.py:840} INFO - DAG(s) 'example_task_group_decorator' retrieved from /home/datatalks_jan/anaconda3/lib/python3.11/site-packages/airflow/example_dags/example_task_group_decorator.py
[2024-04-04T00:14:07.895+0000] {logging_mixin.py:188} INFO - [2024-04-04T00:14:07.895+0000] {dag.py:3047} INFO - Sync 1 DAGs
[2024-04-04T00:14:07.923+0000] {logging_mixin.py:188} INFO - [2024-04-04T00:14:07.923+0000] {dag.py:3834} INFO - Setting next_dagrun for example_task_group_decorator to 2024-04-03 00:00:00+00:00, run_after=2024-04-04 00:00:00+00:00
[2024-04-04T00:14:07.955+0000] {processor.py:183} INFO - Processing /home/datatalks_jan/anaconda3/lib/python3.11/site-packages/airflow/example_dags/example_task_group_decorator.py took 0.128 seconds
[2024-04-04T00:14:59.441+0000] {processor.py:161} INFO - Started process (PID=103186) to work on /home/datatalks_jan/anaconda3/lib/python3.11/site-packages/airflow/example_dags/example_task_group_decorator.py
[2024-04-04T00:14:59.444+0000] {processor.py:830} INFO - Processing file /home/datatalks_jan/anaconda3/lib/python3.11/site-packages/airflow/example_dags/example_task_group_decorator.py for tasks to queue
[2024-04-04T00:14:59.445+0000] {logging_mixin.py:188} INFO - [2024-04-04T00:14:59.445+0000] {dagbag.py:540} INFO - Filling up the DagBag from /home/datatalks_jan/anaconda3/lib/python3.11/site-packages/airflow/example_dags/example_task_group_decorator.py
[2024-04-04T00:14:59.470+0000] {processor.py:840} INFO - DAG(s) 'example_task_group_decorator' retrieved from /home/datatalks_jan/anaconda3/lib/python3.11/site-packages/airflow/example_dags/example_task_group_decorator.py
[2024-04-04T00:14:59.499+0000] {logging_mixin.py:188} INFO - [2024-04-04T00:14:59.498+0000] {dag.py:3047} INFO - Sync 1 DAGs
[2024-04-04T00:14:59.523+0000] {logging_mixin.py:188} INFO - [2024-04-04T00:14:59.522+0000] {dag.py:3834} INFO - Setting next_dagrun for example_task_group_decorator to 2024-04-03 00:00:00+00:00, run_after=2024-04-04 00:00:00+00:00
[2024-04-04T00:14:59.549+0000] {processor.py:183} INFO - Processing /home/datatalks_jan/anaconda3/lib/python3.11/site-packages/airflow/example_dags/example_task_group_decorator.py took 0.113 seconds
[2024-04-04T00:15:49.922+0000] {processor.py:161} INFO - Started process (PID=103621) to work on /home/datatalks_jan/anaconda3/lib/python3.11/site-packages/airflow/example_dags/example_task_group_decorator.py
[2024-04-04T00:15:49.924+0000] {processor.py:830} INFO - Processing file /home/datatalks_jan/anaconda3/lib/python3.11/site-packages/airflow/example_dags/example_task_group_decorator.py for tasks to queue
[2024-04-04T00:15:49.925+0000] {logging_mixin.py:188} INFO - [2024-04-04T00:15:49.925+0000] {dagbag.py:540} INFO - Filling up the DagBag from /home/datatalks_jan/anaconda3/lib/python3.11/site-packages/airflow/example_dags/example_task_group_decorator.py
[2024-04-04T00:15:49.948+0000] {processor.py:840} INFO - DAG(s) 'example_task_group_decorator' retrieved from /home/datatalks_jan/anaconda3/lib/python3.11/site-packages/airflow/example_dags/example_task_group_decorator.py
[2024-04-04T00:15:49.975+0000] {logging_mixin.py:188} INFO - [2024-04-04T00:15:49.975+0000] {dag.py:3047} INFO - Sync 1 DAGs
[2024-04-04T00:15:49.999+0000] {logging_mixin.py:188} INFO - [2024-04-04T00:15:49.999+0000] {dag.py:3834} INFO - Setting next_dagrun for example_task_group_decorator to 2024-04-03 00:00:00+00:00, run_after=2024-04-04 00:00:00+00:00
[2024-04-04T00:15:50.026+0000] {processor.py:183} INFO - Processing /home/datatalks_jan/anaconda3/lib/python3.11/site-packages/airflow/example_dags/example_task_group_decorator.py took 0.109 seconds
[2024-04-04T00:16:42.222+0000] {processor.py:161} INFO - Started process (PID=103897) to work on /home/datatalks_jan/anaconda3/lib/python3.11/site-packages/airflow/example_dags/example_task_group_decorator.py
[2024-04-04T00:16:42.224+0000] {processor.py:830} INFO - Processing file /home/datatalks_jan/anaconda3/lib/python3.11/site-packages/airflow/example_dags/example_task_group_decorator.py for tasks to queue
[2024-04-04T00:16:42.226+0000] {logging_mixin.py:188} INFO - [2024-04-04T00:16:42.225+0000] {dagbag.py:540} INFO - Filling up the DagBag from /home/datatalks_jan/anaconda3/lib/python3.11/site-packages/airflow/example_dags/example_task_group_decorator.py
[2024-04-04T00:16:42.248+0000] {processor.py:840} INFO - DAG(s) 'example_task_group_decorator' retrieved from /home/datatalks_jan/anaconda3/lib/python3.11/site-packages/airflow/example_dags/example_task_group_decorator.py
[2024-04-04T00:16:42.274+0000] {logging_mixin.py:188} INFO - [2024-04-04T00:16:42.274+0000] {dag.py:3047} INFO - Sync 1 DAGs
[2024-04-04T00:16:42.303+0000] {logging_mixin.py:188} INFO - [2024-04-04T00:16:42.302+0000] {dag.py:3834} INFO - Setting next_dagrun for example_task_group_decorator to 2024-04-03 00:00:00+00:00, run_after=2024-04-04 00:00:00+00:00
[2024-04-04T00:16:42.328+0000] {processor.py:183} INFO - Processing /home/datatalks_jan/anaconda3/lib/python3.11/site-packages/airflow/example_dags/example_task_group_decorator.py took 0.112 seconds
[2024-04-04T00:17:48.580+0000] {processor.py:161} INFO - Started process (PID=104166) to work on /home/datatalks_jan/anaconda3/lib/python3.11/site-packages/airflow/example_dags/example_task_group_decorator.py
[2024-04-04T00:17:48.583+0000] {processor.py:830} INFO - Processing file /home/datatalks_jan/anaconda3/lib/python3.11/site-packages/airflow/example_dags/example_task_group_decorator.py for tasks to queue
[2024-04-04T00:17:48.584+0000] {logging_mixin.py:188} INFO - [2024-04-04T00:17:48.584+0000] {dagbag.py:540} INFO - Filling up the DagBag from /home/datatalks_jan/anaconda3/lib/python3.11/site-packages/airflow/example_dags/example_task_group_decorator.py
[2024-04-04T00:17:48.607+0000] {processor.py:840} INFO - DAG(s) 'example_task_group_decorator' retrieved from /home/datatalks_jan/anaconda3/lib/python3.11/site-packages/airflow/example_dags/example_task_group_decorator.py
[2024-04-04T00:17:48.634+0000] {logging_mixin.py:188} INFO - [2024-04-04T00:17:48.634+0000] {dag.py:3047} INFO - Sync 1 DAGs
[2024-04-04T00:17:48.657+0000] {logging_mixin.py:188} INFO - [2024-04-04T00:17:48.657+0000] {dag.py:3834} INFO - Setting next_dagrun for example_task_group_decorator to 2024-04-03 00:00:00+00:00, run_after=2024-04-04 00:00:00+00:00
[2024-04-04T00:17:48.686+0000] {processor.py:183} INFO - Processing /home/datatalks_jan/anaconda3/lib/python3.11/site-packages/airflow/example_dags/example_task_group_decorator.py took 0.111 seconds
[2024-04-04T00:19:08.056+0000] {processor.py:161} INFO - Started process (PID=104461) to work on /home/datatalks_jan/anaconda3/lib/python3.11/site-packages/airflow/example_dags/example_task_group_decorator.py
[2024-04-04T00:19:08.059+0000] {processor.py:830} INFO - Processing file /home/datatalks_jan/anaconda3/lib/python3.11/site-packages/airflow/example_dags/example_task_group_decorator.py for tasks to queue
[2024-04-04T00:19:08.060+0000] {logging_mixin.py:188} INFO - [2024-04-04T00:19:08.060+0000] {dagbag.py:540} INFO - Filling up the DagBag from /home/datatalks_jan/anaconda3/lib/python3.11/site-packages/airflow/example_dags/example_task_group_decorator.py
[2024-04-04T00:19:08.083+0000] {processor.py:840} INFO - DAG(s) 'example_task_group_decorator' retrieved from /home/datatalks_jan/anaconda3/lib/python3.11/site-packages/airflow/example_dags/example_task_group_decorator.py
[2024-04-04T00:19:08.109+0000] {logging_mixin.py:188} INFO - [2024-04-04T00:19:08.108+0000] {dag.py:3047} INFO - Sync 1 DAGs
[2024-04-04T00:19:08.133+0000] {logging_mixin.py:188} INFO - [2024-04-04T00:19:08.132+0000] {dag.py:3834} INFO - Setting next_dagrun for example_task_group_decorator to 2024-04-03 00:00:00+00:00, run_after=2024-04-04 00:00:00+00:00
[2024-04-04T00:19:08.158+0000] {processor.py:183} INFO - Processing /home/datatalks_jan/anaconda3/lib/python3.11/site-packages/airflow/example_dags/example_task_group_decorator.py took 0.107 seconds
[2024-04-04T00:19:57.669+0000] {processor.py:161} INFO - Started process (PID=104513) to work on /home/datatalks_jan/anaconda3/lib/python3.11/site-packages/airflow/example_dags/example_task_group_decorator.py
[2024-04-04T00:19:57.672+0000] {processor.py:830} INFO - Processing file /home/datatalks_jan/anaconda3/lib/python3.11/site-packages/airflow/example_dags/example_task_group_decorator.py for tasks to queue
[2024-04-04T00:19:57.674+0000] {logging_mixin.py:188} INFO - [2024-04-04T00:19:57.673+0000] {dagbag.py:540} INFO - Filling up the DagBag from /home/datatalks_jan/anaconda3/lib/python3.11/site-packages/airflow/example_dags/example_task_group_decorator.py
[2024-04-04T00:19:57.704+0000] {processor.py:840} INFO - DAG(s) 'example_task_group_decorator' retrieved from /home/datatalks_jan/anaconda3/lib/python3.11/site-packages/airflow/example_dags/example_task_group_decorator.py
[2024-04-04T00:19:57.737+0000] {logging_mixin.py:188} INFO - [2024-04-04T00:19:57.736+0000] {dag.py:3047} INFO - Sync 1 DAGs
[2024-04-04T00:19:57.768+0000] {logging_mixin.py:188} INFO - [2024-04-04T00:19:57.767+0000] {dag.py:3834} INFO - Setting next_dagrun for example_task_group_decorator to 2024-04-03 00:00:00+00:00, run_after=2024-04-04 00:00:00+00:00
[2024-04-04T00:19:57.803+0000] {processor.py:183} INFO - Processing /home/datatalks_jan/anaconda3/lib/python3.11/site-packages/airflow/example_dags/example_task_group_decorator.py took 0.142 seconds
[2024-04-04T00:21:03.441+0000] {processor.py:161} INFO - Started process (PID=104693) to work on /home/datatalks_jan/anaconda3/lib/python3.11/site-packages/airflow/example_dags/example_task_group_decorator.py
[2024-04-04T00:21:03.444+0000] {processor.py:830} INFO - Processing file /home/datatalks_jan/anaconda3/lib/python3.11/site-packages/airflow/example_dags/example_task_group_decorator.py for tasks to queue
[2024-04-04T00:21:03.445+0000] {logging_mixin.py:188} INFO - [2024-04-04T00:21:03.445+0000] {dagbag.py:540} INFO - Filling up the DagBag from /home/datatalks_jan/anaconda3/lib/python3.11/site-packages/airflow/example_dags/example_task_group_decorator.py
[2024-04-04T00:21:03.468+0000] {processor.py:840} INFO - DAG(s) 'example_task_group_decorator' retrieved from /home/datatalks_jan/anaconda3/lib/python3.11/site-packages/airflow/example_dags/example_task_group_decorator.py
[2024-04-04T00:21:03.495+0000] {logging_mixin.py:188} INFO - [2024-04-04T00:21:03.495+0000] {dag.py:3047} INFO - Sync 1 DAGs
[2024-04-04T00:21:03.520+0000] {logging_mixin.py:188} INFO - [2024-04-04T00:21:03.519+0000] {dag.py:3834} INFO - Setting next_dagrun for example_task_group_decorator to 2024-04-03 00:00:00+00:00, run_after=2024-04-04 00:00:00+00:00
[2024-04-04T00:21:03.546+0000] {processor.py:183} INFO - Processing /home/datatalks_jan/anaconda3/lib/python3.11/site-packages/airflow/example_dags/example_task_group_decorator.py took 0.110 seconds
[2024-04-04T00:22:13.775+0000] {processor.py:161} INFO - Started process (PID=104764) to work on /home/datatalks_jan/anaconda3/lib/python3.11/site-packages/airflow/example_dags/example_task_group_decorator.py
[2024-04-04T00:22:13.778+0000] {processor.py:830} INFO - Processing file /home/datatalks_jan/anaconda3/lib/python3.11/site-packages/airflow/example_dags/example_task_group_decorator.py for tasks to queue
[2024-04-04T00:22:13.779+0000] {logging_mixin.py:188} INFO - [2024-04-04T00:22:13.779+0000] {dagbag.py:540} INFO - Filling up the DagBag from /home/datatalks_jan/anaconda3/lib/python3.11/site-packages/airflow/example_dags/example_task_group_decorator.py
[2024-04-04T00:22:13.812+0000] {processor.py:840} INFO - DAG(s) 'example_task_group_decorator' retrieved from /home/datatalks_jan/anaconda3/lib/python3.11/site-packages/airflow/example_dags/example_task_group_decorator.py
[2024-04-04T00:22:13.845+0000] {logging_mixin.py:188} INFO - [2024-04-04T00:22:13.844+0000] {dag.py:3047} INFO - Sync 1 DAGs
[2024-04-04T00:22:13.874+0000] {logging_mixin.py:188} INFO - [2024-04-04T00:22:13.874+0000] {dag.py:3834} INFO - Setting next_dagrun for example_task_group_decorator to 2024-04-03 00:00:00+00:00, run_after=2024-04-04 00:00:00+00:00
[2024-04-04T00:22:13.908+0000] {processor.py:183} INFO - Processing /home/datatalks_jan/anaconda3/lib/python3.11/site-packages/airflow/example_dags/example_task_group_decorator.py took 0.140 seconds
[2024-04-04T00:23:23.416+0000] {processor.py:161} INFO - Started process (PID=104834) to work on /home/datatalks_jan/anaconda3/lib/python3.11/site-packages/airflow/example_dags/example_task_group_decorator.py
[2024-04-04T00:23:23.419+0000] {processor.py:830} INFO - Processing file /home/datatalks_jan/anaconda3/lib/python3.11/site-packages/airflow/example_dags/example_task_group_decorator.py for tasks to queue
[2024-04-04T00:23:23.421+0000] {logging_mixin.py:188} INFO - [2024-04-04T00:23:23.420+0000] {dagbag.py:540} INFO - Filling up the DagBag from /home/datatalks_jan/anaconda3/lib/python3.11/site-packages/airflow/example_dags/example_task_group_decorator.py
[2024-04-04T00:23:23.448+0000] {processor.py:840} INFO - DAG(s) 'example_task_group_decorator' retrieved from /home/datatalks_jan/anaconda3/lib/python3.11/site-packages/airflow/example_dags/example_task_group_decorator.py
[2024-04-04T00:23:23.482+0000] {logging_mixin.py:188} INFO - [2024-04-04T00:23:23.481+0000] {dag.py:3047} INFO - Sync 1 DAGs
[2024-04-04T00:23:23.513+0000] {logging_mixin.py:188} INFO - [2024-04-04T00:23:23.512+0000] {dag.py:3834} INFO - Setting next_dagrun for example_task_group_decorator to 2024-04-03 00:00:00+00:00, run_after=2024-04-04 00:00:00+00:00
[2024-04-04T00:23:23.548+0000] {processor.py:183} INFO - Processing /home/datatalks_jan/anaconda3/lib/python3.11/site-packages/airflow/example_dags/example_task_group_decorator.py took 0.137 seconds
[2024-04-04T00:24:35.758+0000] {processor.py:161} INFO - Started process (PID=104970) to work on /home/datatalks_jan/anaconda3/lib/python3.11/site-packages/airflow/example_dags/example_task_group_decorator.py
[2024-04-04T00:24:35.761+0000] {processor.py:830} INFO - Processing file /home/datatalks_jan/anaconda3/lib/python3.11/site-packages/airflow/example_dags/example_task_group_decorator.py for tasks to queue
[2024-04-04T00:24:35.762+0000] {logging_mixin.py:188} INFO - [2024-04-04T00:24:35.762+0000] {dagbag.py:540} INFO - Filling up the DagBag from /home/datatalks_jan/anaconda3/lib/python3.11/site-packages/airflow/example_dags/example_task_group_decorator.py
[2024-04-04T00:24:35.785+0000] {processor.py:840} INFO - DAG(s) 'example_task_group_decorator' retrieved from /home/datatalks_jan/anaconda3/lib/python3.11/site-packages/airflow/example_dags/example_task_group_decorator.py
[2024-04-04T00:24:35.813+0000] {logging_mixin.py:188} INFO - [2024-04-04T00:24:35.812+0000] {dag.py:3047} INFO - Sync 1 DAGs
[2024-04-04T00:24:35.836+0000] {logging_mixin.py:188} INFO - [2024-04-04T00:24:35.836+0000] {dag.py:3834} INFO - Setting next_dagrun for example_task_group_decorator to 2024-04-03 00:00:00+00:00, run_after=2024-04-04 00:00:00+00:00
[2024-04-04T00:24:35.860+0000] {processor.py:183} INFO - Processing /home/datatalks_jan/anaconda3/lib/python3.11/site-packages/airflow/example_dags/example_task_group_decorator.py took 0.107 seconds
[2024-04-04T00:25:25.575+0000] {processor.py:161} INFO - Started process (PID=105022) to work on /home/datatalks_jan/anaconda3/lib/python3.11/site-packages/airflow/example_dags/example_task_group_decorator.py
[2024-04-04T00:25:25.578+0000] {processor.py:830} INFO - Processing file /home/datatalks_jan/anaconda3/lib/python3.11/site-packages/airflow/example_dags/example_task_group_decorator.py for tasks to queue
[2024-04-04T00:25:25.579+0000] {logging_mixin.py:188} INFO - [2024-04-04T00:25:25.578+0000] {dagbag.py:540} INFO - Filling up the DagBag from /home/datatalks_jan/anaconda3/lib/python3.11/site-packages/airflow/example_dags/example_task_group_decorator.py
[2024-04-04T00:25:25.603+0000] {processor.py:840} INFO - DAG(s) 'example_task_group_decorator' retrieved from /home/datatalks_jan/anaconda3/lib/python3.11/site-packages/airflow/example_dags/example_task_group_decorator.py
[2024-04-04T00:25:25.630+0000] {logging_mixin.py:188} INFO - [2024-04-04T00:25:25.629+0000] {dag.py:3047} INFO - Sync 1 DAGs
[2024-04-04T00:25:25.654+0000] {logging_mixin.py:188} INFO - [2024-04-04T00:25:25.653+0000] {dag.py:3834} INFO - Setting next_dagrun for example_task_group_decorator to 2024-04-03 00:00:00+00:00, run_after=2024-04-04 00:00:00+00:00
[2024-04-04T00:25:25.680+0000] {processor.py:183} INFO - Processing /home/datatalks_jan/anaconda3/lib/python3.11/site-packages/airflow/example_dags/example_task_group_decorator.py took 0.110 seconds
[2024-04-04T00:26:33.553+0000] {processor.py:161} INFO - Started process (PID=105146) to work on /home/datatalks_jan/anaconda3/lib/python3.11/site-packages/airflow/example_dags/example_task_group_decorator.py
[2024-04-04T00:26:33.556+0000] {processor.py:830} INFO - Processing file /home/datatalks_jan/anaconda3/lib/python3.11/site-packages/airflow/example_dags/example_task_group_decorator.py for tasks to queue
[2024-04-04T00:26:33.558+0000] {logging_mixin.py:188} INFO - [2024-04-04T00:26:33.557+0000] {dagbag.py:540} INFO - Filling up the DagBag from /home/datatalks_jan/anaconda3/lib/python3.11/site-packages/airflow/example_dags/example_task_group_decorator.py
[2024-04-04T00:26:33.584+0000] {processor.py:840} INFO - DAG(s) 'example_task_group_decorator' retrieved from /home/datatalks_jan/anaconda3/lib/python3.11/site-packages/airflow/example_dags/example_task_group_decorator.py
[2024-04-04T00:26:33.615+0000] {logging_mixin.py:188} INFO - [2024-04-04T00:26:33.615+0000] {dag.py:3047} INFO - Sync 1 DAGs
[2024-04-04T00:26:33.641+0000] {logging_mixin.py:188} INFO - [2024-04-04T00:26:33.641+0000] {dag.py:3834} INFO - Setting next_dagrun for example_task_group_decorator to 2024-04-03 00:00:00+00:00, run_after=2024-04-04 00:00:00+00:00
[2024-04-04T00:26:33.670+0000] {processor.py:183} INFO - Processing /home/datatalks_jan/anaconda3/lib/python3.11/site-packages/airflow/example_dags/example_task_group_decorator.py took 0.123 seconds
[2024-04-04T00:27:40.766+0000] {processor.py:161} INFO - Started process (PID=105220) to work on /home/datatalks_jan/anaconda3/lib/python3.11/site-packages/airflow/example_dags/example_task_group_decorator.py
[2024-04-04T00:27:40.769+0000] {processor.py:830} INFO - Processing file /home/datatalks_jan/anaconda3/lib/python3.11/site-packages/airflow/example_dags/example_task_group_decorator.py for tasks to queue
[2024-04-04T00:27:40.770+0000] {logging_mixin.py:188} INFO - [2024-04-04T00:27:40.769+0000] {dagbag.py:540} INFO - Filling up the DagBag from /home/datatalks_jan/anaconda3/lib/python3.11/site-packages/airflow/example_dags/example_task_group_decorator.py
[2024-04-04T00:27:40.794+0000] {processor.py:840} INFO - DAG(s) 'example_task_group_decorator' retrieved from /home/datatalks_jan/anaconda3/lib/python3.11/site-packages/airflow/example_dags/example_task_group_decorator.py
[2024-04-04T00:27:40.825+0000] {logging_mixin.py:188} INFO - [2024-04-04T00:27:40.824+0000] {dag.py:3047} INFO - Sync 1 DAGs
[2024-04-04T00:27:40.851+0000] {logging_mixin.py:188} INFO - [2024-04-04T00:27:40.851+0000] {dag.py:3834} INFO - Setting next_dagrun for example_task_group_decorator to 2024-04-03 00:00:00+00:00, run_after=2024-04-04 00:00:00+00:00
[2024-04-04T00:27:40.883+0000] {processor.py:183} INFO - Processing /home/datatalks_jan/anaconda3/lib/python3.11/site-packages/airflow/example_dags/example_task_group_decorator.py took 0.123 seconds
[2024-04-04T00:28:30.409+0000] {processor.py:161} INFO - Started process (PID=105329) to work on /home/datatalks_jan/anaconda3/lib/python3.11/site-packages/airflow/example_dags/example_task_group_decorator.py
[2024-04-04T00:28:30.411+0000] {processor.py:830} INFO - Processing file /home/datatalks_jan/anaconda3/lib/python3.11/site-packages/airflow/example_dags/example_task_group_decorator.py for tasks to queue
[2024-04-04T00:28:30.412+0000] {logging_mixin.py:188} INFO - [2024-04-04T00:28:30.412+0000] {dagbag.py:540} INFO - Filling up the DagBag from /home/datatalks_jan/anaconda3/lib/python3.11/site-packages/airflow/example_dags/example_task_group_decorator.py
[2024-04-04T00:28:30.435+0000] {processor.py:840} INFO - DAG(s) 'example_task_group_decorator' retrieved from /home/datatalks_jan/anaconda3/lib/python3.11/site-packages/airflow/example_dags/example_task_group_decorator.py
[2024-04-04T00:28:30.462+0000] {logging_mixin.py:188} INFO - [2024-04-04T00:28:30.461+0000] {dag.py:3047} INFO - Sync 1 DAGs
[2024-04-04T00:28:30.485+0000] {logging_mixin.py:188} INFO - [2024-04-04T00:28:30.484+0000] {dag.py:3834} INFO - Setting next_dagrun for example_task_group_decorator to 2024-04-03 00:00:00+00:00, run_after=2024-04-04 00:00:00+00:00
[2024-04-04T00:28:30.509+0000] {processor.py:183} INFO - Processing /home/datatalks_jan/anaconda3/lib/python3.11/site-packages/airflow/example_dags/example_task_group_decorator.py took 0.106 seconds
[2024-04-04T00:29:23.990+0000] {processor.py:161} INFO - Started process (PID=105696) to work on /home/datatalks_jan/anaconda3/lib/python3.11/site-packages/airflow/example_dags/example_task_group_decorator.py
[2024-04-04T00:29:23.993+0000] {processor.py:830} INFO - Processing file /home/datatalks_jan/anaconda3/lib/python3.11/site-packages/airflow/example_dags/example_task_group_decorator.py for tasks to queue
[2024-04-04T00:29:23.994+0000] {logging_mixin.py:188} INFO - [2024-04-04T00:29:23.993+0000] {dagbag.py:540} INFO - Filling up the DagBag from /home/datatalks_jan/anaconda3/lib/python3.11/site-packages/airflow/example_dags/example_task_group_decorator.py
[2024-04-04T00:29:24.018+0000] {processor.py:840} INFO - DAG(s) 'example_task_group_decorator' retrieved from /home/datatalks_jan/anaconda3/lib/python3.11/site-packages/airflow/example_dags/example_task_group_decorator.py
[2024-04-04T00:29:24.047+0000] {logging_mixin.py:188} INFO - [2024-04-04T00:29:24.047+0000] {dag.py:3047} INFO - Sync 1 DAGs
[2024-04-04T00:29:24.074+0000] {logging_mixin.py:188} INFO - [2024-04-04T00:29:24.074+0000] {dag.py:3834} INFO - Setting next_dagrun for example_task_group_decorator to 2024-04-03 00:00:00+00:00, run_after=2024-04-04 00:00:00+00:00
[2024-04-04T00:29:24.102+0000] {processor.py:183} INFO - Processing /home/datatalks_jan/anaconda3/lib/python3.11/site-packages/airflow/example_dags/example_task_group_decorator.py took 0.118 seconds
[2024-04-04T00:30:26.684+0000] {processor.py:161} INFO - Started process (PID=105839) to work on /home/datatalks_jan/anaconda3/lib/python3.11/site-packages/airflow/example_dags/example_task_group_decorator.py
[2024-04-04T00:30:26.687+0000] {processor.py:830} INFO - Processing file /home/datatalks_jan/anaconda3/lib/python3.11/site-packages/airflow/example_dags/example_task_group_decorator.py for tasks to queue
[2024-04-04T00:30:26.688+0000] {logging_mixin.py:188} INFO - [2024-04-04T00:30:26.688+0000] {dagbag.py:540} INFO - Filling up the DagBag from /home/datatalks_jan/anaconda3/lib/python3.11/site-packages/airflow/example_dags/example_task_group_decorator.py
[2024-04-04T00:30:26.712+0000] {processor.py:840} INFO - DAG(s) 'example_task_group_decorator' retrieved from /home/datatalks_jan/anaconda3/lib/python3.11/site-packages/airflow/example_dags/example_task_group_decorator.py
[2024-04-04T00:30:26.742+0000] {logging_mixin.py:188} INFO - [2024-04-04T00:30:26.742+0000] {dag.py:3047} INFO - Sync 1 DAGs
[2024-04-04T00:30:26.768+0000] {logging_mixin.py:188} INFO - [2024-04-04T00:30:26.768+0000] {dag.py:3834} INFO - Setting next_dagrun for example_task_group_decorator to 2024-04-03 00:00:00+00:00, run_after=2024-04-04 00:00:00+00:00
[2024-04-04T00:30:26.795+0000] {processor.py:183} INFO - Processing /home/datatalks_jan/anaconda3/lib/python3.11/site-packages/airflow/example_dags/example_task_group_decorator.py took 0.117 seconds
