[2024-04-04T00:06:38.762+0000] {processor.py:161} INFO - Started process (PID=99575) to work on /home/datatalks_jan/anaconda3/lib/python3.11/site-packages/airflow/example_dags/example_dag_decorator.py
[2024-04-04T00:06:38.763+0000] {processor.py:830} INFO - Processing file /home/datatalks_jan/anaconda3/lib/python3.11/site-packages/airflow/example_dags/example_dag_decorator.py for tasks to queue
[2024-04-04T00:06:38.765+0000] {logging_mixin.py:188} INFO - [2024-04-04T00:06:38.764+0000] {dagbag.py:540} INFO - Filling up the DagBag from /home/datatalks_jan/anaconda3/lib/python3.11/site-packages/airflow/example_dags/example_dag_decorator.py
[2024-04-04T00:06:38.941+0000] {processor.py:840} INFO - DAG(s) 'example_dag_decorator' retrieved from /home/datatalks_jan/anaconda3/lib/python3.11/site-packages/airflow/example_dags/example_dag_decorator.py
[2024-04-04T00:06:39.339+0000] {logging_mixin.py:188} INFO - [2024-04-04T00:06:39.338+0000] {dag.py:3047} INFO - Sync 1 DAGs
[2024-04-04T00:06:39.350+0000] {logging_mixin.py:188} INFO - [2024-04-04T00:06:39.350+0000] {dag.py:3834} INFO - Setting next_dagrun for example_dag_decorator to None, run_after=None
[2024-04-04T00:06:39.377+0000] {processor.py:183} INFO - Processing /home/datatalks_jan/anaconda3/lib/python3.11/site-packages/airflow/example_dags/example_dag_decorator.py took 0.621 seconds
[2024-04-04T00:07:45.459+0000] {processor.py:161} INFO - Started process (PID=99965) to work on /home/datatalks_jan/anaconda3/lib/python3.11/site-packages/airflow/example_dags/example_dag_decorator.py
[2024-04-04T00:07:45.461+0000] {processor.py:830} INFO - Processing file /home/datatalks_jan/anaconda3/lib/python3.11/site-packages/airflow/example_dags/example_dag_decorator.py for tasks to queue
[2024-04-04T00:07:45.462+0000] {logging_mixin.py:188} INFO - [2024-04-04T00:07:45.462+0000] {dagbag.py:540} INFO - Filling up the DagBag from /home/datatalks_jan/anaconda3/lib/python3.11/site-packages/airflow/example_dags/example_dag_decorator.py
[2024-04-04T00:07:45.835+0000] {processor.py:840} INFO - DAG(s) 'example_dag_decorator' retrieved from /home/datatalks_jan/anaconda3/lib/python3.11/site-packages/airflow/example_dags/example_dag_decorator.py
[2024-04-04T00:07:45.942+0000] {logging_mixin.py:188} INFO - [2024-04-04T00:07:45.942+0000] {dag.py:3047} INFO - Sync 1 DAGs
[2024-04-04T00:07:45.952+0000] {logging_mixin.py:188} INFO - [2024-04-04T00:07:45.951+0000] {dag.py:3834} INFO - Setting next_dagrun for example_dag_decorator to None, run_after=None
[2024-04-04T00:07:45.979+0000] {processor.py:183} INFO - Processing /home/datatalks_jan/anaconda3/lib/python3.11/site-packages/airflow/example_dags/example_dag_decorator.py took 0.526 seconds
[2024-04-04T00:08:53.328+0000] {processor.py:161} INFO - Started process (PID=100370) to work on /home/datatalks_jan/anaconda3/lib/python3.11/site-packages/airflow/example_dags/example_dag_decorator.py
[2024-04-04T00:08:53.330+0000] {processor.py:830} INFO - Processing file /home/datatalks_jan/anaconda3/lib/python3.11/site-packages/airflow/example_dags/example_dag_decorator.py for tasks to queue
[2024-04-04T00:08:53.332+0000] {logging_mixin.py:188} INFO - [2024-04-04T00:08:53.331+0000] {dagbag.py:540} INFO - Filling up the DagBag from /home/datatalks_jan/anaconda3/lib/python3.11/site-packages/airflow/example_dags/example_dag_decorator.py
[2024-04-04T00:08:53.644+0000] {processor.py:840} INFO - DAG(s) 'example_dag_decorator' retrieved from /home/datatalks_jan/anaconda3/lib/python3.11/site-packages/airflow/example_dags/example_dag_decorator.py
[2024-04-04T00:08:53.746+0000] {logging_mixin.py:188} INFO - [2024-04-04T00:08:53.745+0000] {dag.py:3047} INFO - Sync 1 DAGs
[2024-04-04T00:08:53.756+0000] {logging_mixin.py:188} INFO - [2024-04-04T00:08:53.755+0000] {dag.py:3834} INFO - Setting next_dagrun for example_dag_decorator to None, run_after=None
[2024-04-04T00:08:53.782+0000] {processor.py:183} INFO - Processing /home/datatalks_jan/anaconda3/lib/python3.11/site-packages/airflow/example_dags/example_dag_decorator.py took 0.459 seconds
