[2024-04-04T00:06:04.660+0000] {processor.py:161} INFO - Started process (PID=99532) to work on /home/datatalks_jan/anaconda3/lib/python3.11/site-packages/airflow/example_dags/example_trigger_target_dag.py
[2024-04-04T00:06:04.662+0000] {processor.py:830} INFO - Processing file /home/datatalks_jan/anaconda3/lib/python3.11/site-packages/airflow/example_dags/example_trigger_target_dag.py for tasks to queue
[2024-04-04T00:06:04.663+0000] {logging_mixin.py:188} INFO - [2024-04-04T00:06:04.663+0000] {dagbag.py:540} INFO - Filling up the DagBag from /home/datatalks_jan/anaconda3/lib/python3.11/site-packages/airflow/example_dags/example_trigger_target_dag.py
[2024-04-04T00:06:04.678+0000] {processor.py:840} INFO - DAG(s) 'example_trigger_target_dag' retrieved from /home/datatalks_jan/anaconda3/lib/python3.11/site-packages/airflow/example_dags/example_trigger_target_dag.py
[2024-04-04T00:06:04.705+0000] {logging_mixin.py:188} INFO - [2024-04-04T00:06:04.704+0000] {dag.py:3047} INFO - Sync 1 DAGs
[2024-04-04T00:06:04.718+0000] {logging_mixin.py:188} INFO - [2024-04-04T00:06:04.718+0000] {dag.py:3834} INFO - Setting next_dagrun for example_trigger_target_dag to None, run_after=None
[2024-04-04T00:06:04.746+0000] {processor.py:183} INFO - Processing /home/datatalks_jan/anaconda3/lib/python3.11/site-packages/airflow/example_dags/example_trigger_target_dag.py took 0.090 seconds
[2024-04-04T00:07:05.512+0000] {processor.py:161} INFO - Started process (PID=99797) to work on /home/datatalks_jan/anaconda3/lib/python3.11/site-packages/airflow/example_dags/example_trigger_target_dag.py
[2024-04-04T00:07:05.515+0000] {processor.py:830} INFO - Processing file /home/datatalks_jan/anaconda3/lib/python3.11/site-packages/airflow/example_dags/example_trigger_target_dag.py for tasks to queue
[2024-04-04T00:07:05.517+0000] {logging_mixin.py:188} INFO - [2024-04-04T00:07:05.516+0000] {dagbag.py:540} INFO - Filling up the DagBag from /home/datatalks_jan/anaconda3/lib/python3.11/site-packages/airflow/example_dags/example_trigger_target_dag.py
[2024-04-04T00:07:05.533+0000] {processor.py:840} INFO - DAG(s) 'example_trigger_target_dag' retrieved from /home/datatalks_jan/anaconda3/lib/python3.11/site-packages/airflow/example_dags/example_trigger_target_dag.py
[2024-04-04T00:07:05.567+0000] {logging_mixin.py:188} INFO - [2024-04-04T00:07:05.566+0000] {dag.py:3047} INFO - Sync 1 DAGs
[2024-04-04T00:07:05.587+0000] {logging_mixin.py:188} INFO - [2024-04-04T00:07:05.587+0000] {dag.py:3834} INFO - Setting next_dagrun for example_trigger_target_dag to None, run_after=None
[2024-04-04T00:07:05.629+0000] {processor.py:183} INFO - Processing /home/datatalks_jan/anaconda3/lib/python3.11/site-packages/airflow/example_dags/example_trigger_target_dag.py took 0.124 seconds
[2024-04-04T00:08:13.682+0000] {processor.py:161} INFO - Started process (PID=100241) to work on /home/datatalks_jan/anaconda3/lib/python3.11/site-packages/airflow/example_dags/example_trigger_target_dag.py
[2024-04-04T00:08:13.684+0000] {processor.py:830} INFO - Processing file /home/datatalks_jan/anaconda3/lib/python3.11/site-packages/airflow/example_dags/example_trigger_target_dag.py for tasks to queue
[2024-04-04T00:08:13.686+0000] {logging_mixin.py:188} INFO - [2024-04-04T00:08:13.685+0000] {dagbag.py:540} INFO - Filling up the DagBag from /home/datatalks_jan/anaconda3/lib/python3.11/site-packages/airflow/example_dags/example_trigger_target_dag.py
[2024-04-04T00:08:13.699+0000] {processor.py:840} INFO - DAG(s) 'example_trigger_target_dag' retrieved from /home/datatalks_jan/anaconda3/lib/python3.11/site-packages/airflow/example_dags/example_trigger_target_dag.py
[2024-04-04T00:08:13.726+0000] {logging_mixin.py:188} INFO - [2024-04-04T00:08:13.726+0000] {dag.py:3047} INFO - Sync 1 DAGs
[2024-04-04T00:08:13.743+0000] {logging_mixin.py:188} INFO - [2024-04-04T00:08:13.743+0000] {dag.py:3834} INFO - Setting next_dagrun for example_trigger_target_dag to None, run_after=None
[2024-04-04T00:08:13.773+0000] {processor.py:183} INFO - Processing /home/datatalks_jan/anaconda3/lib/python3.11/site-packages/airflow/example_dags/example_trigger_target_dag.py took 0.097 seconds
[2024-04-04T00:09:21.053+0000] {processor.py:161} INFO - Started process (PID=100550) to work on /home/datatalks_jan/anaconda3/lib/python3.11/site-packages/airflow/example_dags/example_trigger_target_dag.py
[2024-04-04T00:09:21.056+0000] {processor.py:830} INFO - Processing file /home/datatalks_jan/anaconda3/lib/python3.11/site-packages/airflow/example_dags/example_trigger_target_dag.py for tasks to queue
[2024-04-04T00:09:21.058+0000] {logging_mixin.py:188} INFO - [2024-04-04T00:09:21.057+0000] {dagbag.py:540} INFO - Filling up the DagBag from /home/datatalks_jan/anaconda3/lib/python3.11/site-packages/airflow/example_dags/example_trigger_target_dag.py
[2024-04-04T00:09:21.072+0000] {processor.py:840} INFO - DAG(s) 'example_trigger_target_dag' retrieved from /home/datatalks_jan/anaconda3/lib/python3.11/site-packages/airflow/example_dags/example_trigger_target_dag.py
[2024-04-04T00:09:21.100+0000] {logging_mixin.py:188} INFO - [2024-04-04T00:09:21.099+0000] {dag.py:3047} INFO - Sync 1 DAGs
[2024-04-04T00:09:21.116+0000] {logging_mixin.py:188} INFO - [2024-04-04T00:09:21.115+0000] {dag.py:3834} INFO - Setting next_dagrun for example_trigger_target_dag to None, run_after=None
[2024-04-04T00:09:21.150+0000] {processor.py:183} INFO - Processing /home/datatalks_jan/anaconda3/lib/python3.11/site-packages/airflow/example_dags/example_trigger_target_dag.py took 0.103 seconds
[2024-04-04T00:10:13.915+0000] {processor.py:161} INFO - Started process (PID=100968) to work on /home/datatalks_jan/anaconda3/lib/python3.11/site-packages/airflow/example_dags/example_trigger_target_dag.py
[2024-04-04T00:10:13.917+0000] {processor.py:830} INFO - Processing file /home/datatalks_jan/anaconda3/lib/python3.11/site-packages/airflow/example_dags/example_trigger_target_dag.py for tasks to queue
[2024-04-04T00:10:13.919+0000] {logging_mixin.py:188} INFO - [2024-04-04T00:10:13.918+0000] {dagbag.py:540} INFO - Filling up the DagBag from /home/datatalks_jan/anaconda3/lib/python3.11/site-packages/airflow/example_dags/example_trigger_target_dag.py
[2024-04-04T00:10:13.933+0000] {processor.py:840} INFO - DAG(s) 'example_trigger_target_dag' retrieved from /home/datatalks_jan/anaconda3/lib/python3.11/site-packages/airflow/example_dags/example_trigger_target_dag.py
[2024-04-04T00:10:13.961+0000] {logging_mixin.py:188} INFO - [2024-04-04T00:10:13.960+0000] {dag.py:3047} INFO - Sync 1 DAGs
[2024-04-04T00:10:13.978+0000] {logging_mixin.py:188} INFO - [2024-04-04T00:10:13.977+0000] {dag.py:3834} INFO - Setting next_dagrun for example_trigger_target_dag to None, run_after=None
[2024-04-04T00:10:14.013+0000] {processor.py:183} INFO - Processing /home/datatalks_jan/anaconda3/lib/python3.11/site-packages/airflow/example_dags/example_trigger_target_dag.py took 0.105 seconds
[2024-04-04T00:11:10.892+0000] {processor.py:161} INFO - Started process (PID=101480) to work on /home/datatalks_jan/anaconda3/lib/python3.11/site-packages/airflow/example_dags/example_trigger_target_dag.py
[2024-04-04T00:11:10.895+0000] {processor.py:830} INFO - Processing file /home/datatalks_jan/anaconda3/lib/python3.11/site-packages/airflow/example_dags/example_trigger_target_dag.py for tasks to queue
[2024-04-04T00:11:10.897+0000] {logging_mixin.py:188} INFO - [2024-04-04T00:11:10.896+0000] {dagbag.py:540} INFO - Filling up the DagBag from /home/datatalks_jan/anaconda3/lib/python3.11/site-packages/airflow/example_dags/example_trigger_target_dag.py
[2024-04-04T00:11:10.910+0000] {processor.py:840} INFO - DAG(s) 'example_trigger_target_dag' retrieved from /home/datatalks_jan/anaconda3/lib/python3.11/site-packages/airflow/example_dags/example_trigger_target_dag.py
[2024-04-04T00:11:10.939+0000] {logging_mixin.py:188} INFO - [2024-04-04T00:11:10.938+0000] {dag.py:3047} INFO - Sync 1 DAGs
[2024-04-04T00:11:10.959+0000] {logging_mixin.py:188} INFO - [2024-04-04T00:11:10.959+0000] {dag.py:3834} INFO - Setting next_dagrun for example_trigger_target_dag to None, run_after=None
[2024-04-04T00:11:10.997+0000] {processor.py:183} INFO - Processing /home/datatalks_jan/anaconda3/lib/python3.11/site-packages/airflow/example_dags/example_trigger_target_dag.py took 0.110 seconds
[2024-04-04T00:11:58.889+0000] {processor.py:161} INFO - Started process (PID=101825) to work on /home/datatalks_jan/anaconda3/lib/python3.11/site-packages/airflow/example_dags/example_trigger_target_dag.py
[2024-04-04T00:11:58.891+0000] {processor.py:830} INFO - Processing file /home/datatalks_jan/anaconda3/lib/python3.11/site-packages/airflow/example_dags/example_trigger_target_dag.py for tasks to queue
[2024-04-04T00:11:58.893+0000] {logging_mixin.py:188} INFO - [2024-04-04T00:11:58.892+0000] {dagbag.py:540} INFO - Filling up the DagBag from /home/datatalks_jan/anaconda3/lib/python3.11/site-packages/airflow/example_dags/example_trigger_target_dag.py
[2024-04-04T00:11:58.906+0000] {processor.py:840} INFO - DAG(s) 'example_trigger_target_dag' retrieved from /home/datatalks_jan/anaconda3/lib/python3.11/site-packages/airflow/example_dags/example_trigger_target_dag.py
[2024-04-04T00:11:58.934+0000] {logging_mixin.py:188} INFO - [2024-04-04T00:11:58.933+0000] {dag.py:3047} INFO - Sync 1 DAGs
[2024-04-04T00:11:58.950+0000] {logging_mixin.py:188} INFO - [2024-04-04T00:11:58.950+0000] {dag.py:3834} INFO - Setting next_dagrun for example_trigger_target_dag to None, run_after=None
[2024-04-04T00:11:58.980+0000] {processor.py:183} INFO - Processing /home/datatalks_jan/anaconda3/lib/python3.11/site-packages/airflow/example_dags/example_trigger_target_dag.py took 0.097 seconds
[2024-04-04T00:12:46.429+0000] {processor.py:161} INFO - Started process (PID=102083) to work on /home/datatalks_jan/anaconda3/lib/python3.11/site-packages/airflow/example_dags/example_trigger_target_dag.py
[2024-04-04T00:12:46.432+0000] {processor.py:830} INFO - Processing file /home/datatalks_jan/anaconda3/lib/python3.11/site-packages/airflow/example_dags/example_trigger_target_dag.py for tasks to queue
[2024-04-04T00:12:46.433+0000] {logging_mixin.py:188} INFO - [2024-04-04T00:12:46.433+0000] {dagbag.py:540} INFO - Filling up the DagBag from /home/datatalks_jan/anaconda3/lib/python3.11/site-packages/airflow/example_dags/example_trigger_target_dag.py
[2024-04-04T00:12:46.447+0000] {processor.py:840} INFO - DAG(s) 'example_trigger_target_dag' retrieved from /home/datatalks_jan/anaconda3/lib/python3.11/site-packages/airflow/example_dags/example_trigger_target_dag.py
[2024-04-04T00:12:46.474+0000] {logging_mixin.py:188} INFO - [2024-04-04T00:12:46.473+0000] {dag.py:3047} INFO - Sync 1 DAGs
[2024-04-04T00:12:46.490+0000] {logging_mixin.py:188} INFO - [2024-04-04T00:12:46.490+0000] {dag.py:3834} INFO - Setting next_dagrun for example_trigger_target_dag to None, run_after=None
[2024-04-04T00:12:46.531+0000] {processor.py:183} INFO - Processing /home/datatalks_jan/anaconda3/lib/python3.11/site-packages/airflow/example_dags/example_trigger_target_dag.py took 0.108 seconds
[2024-04-04T00:13:32.400+0000] {processor.py:161} INFO - Started process (PID=102473) to work on /home/datatalks_jan/anaconda3/lib/python3.11/site-packages/airflow/example_dags/example_trigger_target_dag.py
[2024-04-04T00:13:32.402+0000] {processor.py:830} INFO - Processing file /home/datatalks_jan/anaconda3/lib/python3.11/site-packages/airflow/example_dags/example_trigger_target_dag.py for tasks to queue
[2024-04-04T00:13:32.404+0000] {logging_mixin.py:188} INFO - [2024-04-04T00:13:32.403+0000] {dagbag.py:540} INFO - Filling up the DagBag from /home/datatalks_jan/anaconda3/lib/python3.11/site-packages/airflow/example_dags/example_trigger_target_dag.py
[2024-04-04T00:13:32.417+0000] {processor.py:840} INFO - DAG(s) 'example_trigger_target_dag' retrieved from /home/datatalks_jan/anaconda3/lib/python3.11/site-packages/airflow/example_dags/example_trigger_target_dag.py
[2024-04-04T00:13:32.443+0000] {logging_mixin.py:188} INFO - [2024-04-04T00:13:32.442+0000] {dag.py:3047} INFO - Sync 1 DAGs
[2024-04-04T00:13:32.461+0000] {logging_mixin.py:188} INFO - [2024-04-04T00:13:32.460+0000] {dag.py:3834} INFO - Setting next_dagrun for example_trigger_target_dag to None, run_after=None
[2024-04-04T00:13:32.494+0000] {processor.py:183} INFO - Processing /home/datatalks_jan/anaconda3/lib/python3.11/site-packages/airflow/example_dags/example_trigger_target_dag.py took 0.100 seconds
[2024-04-04T00:14:30.591+0000] {processor.py:161} INFO - Started process (PID=102979) to work on /home/datatalks_jan/anaconda3/lib/python3.11/site-packages/airflow/example_dags/example_trigger_target_dag.py
[2024-04-04T00:14:30.593+0000] {processor.py:830} INFO - Processing file /home/datatalks_jan/anaconda3/lib/python3.11/site-packages/airflow/example_dags/example_trigger_target_dag.py for tasks to queue
[2024-04-04T00:14:30.595+0000] {logging_mixin.py:188} INFO - [2024-04-04T00:14:30.594+0000] {dagbag.py:540} INFO - Filling up the DagBag from /home/datatalks_jan/anaconda3/lib/python3.11/site-packages/airflow/example_dags/example_trigger_target_dag.py
[2024-04-04T00:14:30.607+0000] {processor.py:840} INFO - DAG(s) 'example_trigger_target_dag' retrieved from /home/datatalks_jan/anaconda3/lib/python3.11/site-packages/airflow/example_dags/example_trigger_target_dag.py
[2024-04-04T00:14:30.630+0000] {logging_mixin.py:188} INFO - [2024-04-04T00:14:30.630+0000] {dag.py:3047} INFO - Sync 1 DAGs
[2024-04-04T00:14:30.644+0000] {logging_mixin.py:188} INFO - [2024-04-04T00:14:30.644+0000] {dag.py:3834} INFO - Setting next_dagrun for example_trigger_target_dag to None, run_after=None
[2024-04-04T00:14:30.671+0000] {processor.py:183} INFO - Processing /home/datatalks_jan/anaconda3/lib/python3.11/site-packages/airflow/example_dags/example_trigger_target_dag.py took 0.084 seconds
[2024-04-04T00:15:17.432+0000] {processor.py:161} INFO - Started process (PID=103295) to work on /home/datatalks_jan/anaconda3/lib/python3.11/site-packages/airflow/example_dags/example_trigger_target_dag.py
[2024-04-04T00:15:17.434+0000] {processor.py:830} INFO - Processing file /home/datatalks_jan/anaconda3/lib/python3.11/site-packages/airflow/example_dags/example_trigger_target_dag.py for tasks to queue
[2024-04-04T00:15:17.436+0000] {logging_mixin.py:188} INFO - [2024-04-04T00:15:17.435+0000] {dagbag.py:540} INFO - Filling up the DagBag from /home/datatalks_jan/anaconda3/lib/python3.11/site-packages/airflow/example_dags/example_trigger_target_dag.py
[2024-04-04T00:15:17.448+0000] {processor.py:840} INFO - DAG(s) 'example_trigger_target_dag' retrieved from /home/datatalks_jan/anaconda3/lib/python3.11/site-packages/airflow/example_dags/example_trigger_target_dag.py
[2024-04-04T00:15:17.471+0000] {logging_mixin.py:188} INFO - [2024-04-04T00:15:17.471+0000] {dag.py:3047} INFO - Sync 1 DAGs
[2024-04-04T00:15:17.485+0000] {logging_mixin.py:188} INFO - [2024-04-04T00:15:17.485+0000] {dag.py:3834} INFO - Setting next_dagrun for example_trigger_target_dag to None, run_after=None
[2024-04-04T00:15:17.512+0000] {processor.py:183} INFO - Processing /home/datatalks_jan/anaconda3/lib/python3.11/site-packages/airflow/example_dags/example_trigger_target_dag.py took 0.085 seconds
[2024-04-04T00:16:13.294+0000] {processor.py:161} INFO - Started process (PID=103739) to work on /home/datatalks_jan/anaconda3/lib/python3.11/site-packages/airflow/example_dags/example_trigger_target_dag.py
[2024-04-04T00:16:13.297+0000] {processor.py:830} INFO - Processing file /home/datatalks_jan/anaconda3/lib/python3.11/site-packages/airflow/example_dags/example_trigger_target_dag.py for tasks to queue
[2024-04-04T00:16:13.298+0000] {logging_mixin.py:188} INFO - [2024-04-04T00:16:13.297+0000] {dagbag.py:540} INFO - Filling up the DagBag from /home/datatalks_jan/anaconda3/lib/python3.11/site-packages/airflow/example_dags/example_trigger_target_dag.py
[2024-04-04T00:16:13.310+0000] {processor.py:840} INFO - DAG(s) 'example_trigger_target_dag' retrieved from /home/datatalks_jan/anaconda3/lib/python3.11/site-packages/airflow/example_dags/example_trigger_target_dag.py
[2024-04-04T00:16:13.332+0000] {logging_mixin.py:188} INFO - [2024-04-04T00:16:13.332+0000] {dag.py:3047} INFO - Sync 1 DAGs
[2024-04-04T00:16:13.346+0000] {logging_mixin.py:188} INFO - [2024-04-04T00:16:13.346+0000] {dag.py:3834} INFO - Setting next_dagrun for example_trigger_target_dag to None, run_after=None
[2024-04-04T00:16:13.374+0000] {processor.py:183} INFO - Processing /home/datatalks_jan/anaconda3/lib/python3.11/site-packages/airflow/example_dags/example_trigger_target_dag.py took 0.084 seconds
[2024-04-04T00:16:58.559+0000] {processor.py:161} INFO - Started process (PID=103946) to work on /home/datatalks_jan/anaconda3/lib/python3.11/site-packages/airflow/example_dags/example_trigger_target_dag.py
[2024-04-04T00:16:58.561+0000] {processor.py:830} INFO - Processing file /home/datatalks_jan/anaconda3/lib/python3.11/site-packages/airflow/example_dags/example_trigger_target_dag.py for tasks to queue
[2024-04-04T00:16:58.563+0000] {logging_mixin.py:188} INFO - [2024-04-04T00:16:58.562+0000] {dagbag.py:540} INFO - Filling up the DagBag from /home/datatalks_jan/anaconda3/lib/python3.11/site-packages/airflow/example_dags/example_trigger_target_dag.py
[2024-04-04T00:16:58.575+0000] {processor.py:840} INFO - DAG(s) 'example_trigger_target_dag' retrieved from /home/datatalks_jan/anaconda3/lib/python3.11/site-packages/airflow/example_dags/example_trigger_target_dag.py
[2024-04-04T00:16:58.598+0000] {logging_mixin.py:188} INFO - [2024-04-04T00:16:58.598+0000] {dag.py:3047} INFO - Sync 1 DAGs
[2024-04-04T00:16:58.613+0000] {logging_mixin.py:188} INFO - [2024-04-04T00:16:58.613+0000] {dag.py:3834} INFO - Setting next_dagrun for example_trigger_target_dag to None, run_after=None
[2024-04-04T00:16:58.641+0000] {processor.py:183} INFO - Processing /home/datatalks_jan/anaconda3/lib/python3.11/site-packages/airflow/example_dags/example_trigger_target_dag.py took 0.087 seconds
[2024-04-04T00:17:43.945+0000] {processor.py:161} INFO - Started process (PID=104146) to work on /home/datatalks_jan/anaconda3/lib/python3.11/site-packages/airflow/example_dags/example_trigger_target_dag.py
[2024-04-04T00:17:43.948+0000] {processor.py:830} INFO - Processing file /home/datatalks_jan/anaconda3/lib/python3.11/site-packages/airflow/example_dags/example_trigger_target_dag.py for tasks to queue
[2024-04-04T00:17:43.949+0000] {logging_mixin.py:188} INFO - [2024-04-04T00:17:43.948+0000] {dagbag.py:540} INFO - Filling up the DagBag from /home/datatalks_jan/anaconda3/lib/python3.11/site-packages/airflow/example_dags/example_trigger_target_dag.py
[2024-04-04T00:17:43.961+0000] {processor.py:840} INFO - DAG(s) 'example_trigger_target_dag' retrieved from /home/datatalks_jan/anaconda3/lib/python3.11/site-packages/airflow/example_dags/example_trigger_target_dag.py
[2024-04-04T00:17:43.990+0000] {logging_mixin.py:188} INFO - [2024-04-04T00:17:43.990+0000] {dag.py:3047} INFO - Sync 1 DAGs
[2024-04-04T00:17:44.004+0000] {logging_mixin.py:188} INFO - [2024-04-04T00:17:44.004+0000] {dag.py:3834} INFO - Setting next_dagrun for example_trigger_target_dag to None, run_after=None
[2024-04-04T00:17:44.032+0000] {processor.py:183} INFO - Processing /home/datatalks_jan/anaconda3/lib/python3.11/site-packages/airflow/example_dags/example_trigger_target_dag.py took 0.092 seconds
[2024-04-04T00:18:31.501+0000] {processor.py:161} INFO - Started process (PID=104371) to work on /home/datatalks_jan/anaconda3/lib/python3.11/site-packages/airflow/example_dags/example_trigger_target_dag.py
[2024-04-04T00:18:31.504+0000] {processor.py:830} INFO - Processing file /home/datatalks_jan/anaconda3/lib/python3.11/site-packages/airflow/example_dags/example_trigger_target_dag.py for tasks to queue
[2024-04-04T00:18:31.505+0000] {logging_mixin.py:188} INFO - [2024-04-04T00:18:31.505+0000] {dagbag.py:540} INFO - Filling up the DagBag from /home/datatalks_jan/anaconda3/lib/python3.11/site-packages/airflow/example_dags/example_trigger_target_dag.py
[2024-04-04T00:18:31.519+0000] {processor.py:840} INFO - DAG(s) 'example_trigger_target_dag' retrieved from /home/datatalks_jan/anaconda3/lib/python3.11/site-packages/airflow/example_dags/example_trigger_target_dag.py
[2024-04-04T00:18:31.547+0000] {logging_mixin.py:188} INFO - [2024-04-04T00:18:31.546+0000] {dag.py:3047} INFO - Sync 1 DAGs
[2024-04-04T00:18:31.564+0000] {logging_mixin.py:188} INFO - [2024-04-04T00:18:31.564+0000] {dag.py:3834} INFO - Setting next_dagrun for example_trigger_target_dag to None, run_after=None
[2024-04-04T00:18:31.595+0000] {processor.py:183} INFO - Processing /home/datatalks_jan/anaconda3/lib/python3.11/site-packages/airflow/example_dags/example_trigger_target_dag.py took 0.100 seconds
[2024-04-04T00:19:30.219+0000] {processor.py:161} INFO - Started process (PID=104485) to work on /home/datatalks_jan/anaconda3/lib/python3.11/site-packages/airflow/example_dags/example_trigger_target_dag.py
[2024-04-04T00:19:30.222+0000] {processor.py:830} INFO - Processing file /home/datatalks_jan/anaconda3/lib/python3.11/site-packages/airflow/example_dags/example_trigger_target_dag.py for tasks to queue
[2024-04-04T00:19:30.223+0000] {logging_mixin.py:188} INFO - [2024-04-04T00:19:30.222+0000] {dagbag.py:540} INFO - Filling up the DagBag from /home/datatalks_jan/anaconda3/lib/python3.11/site-packages/airflow/example_dags/example_trigger_target_dag.py
[2024-04-04T00:19:30.235+0000] {processor.py:840} INFO - DAG(s) 'example_trigger_target_dag' retrieved from /home/datatalks_jan/anaconda3/lib/python3.11/site-packages/airflow/example_dags/example_trigger_target_dag.py
[2024-04-04T00:19:30.257+0000] {logging_mixin.py:188} INFO - [2024-04-04T00:19:30.257+0000] {dag.py:3047} INFO - Sync 1 DAGs
[2024-04-04T00:19:30.271+0000] {logging_mixin.py:188} INFO - [2024-04-04T00:19:30.270+0000] {dag.py:3834} INFO - Setting next_dagrun for example_trigger_target_dag to None, run_after=None
[2024-04-04T00:19:30.297+0000] {processor.py:183} INFO - Processing /home/datatalks_jan/anaconda3/lib/python3.11/site-packages/airflow/example_dags/example_trigger_target_dag.py took 0.083 seconds
[2024-04-04T00:20:14.431+0000] {processor.py:161} INFO - Started process (PID=104531) to work on /home/datatalks_jan/anaconda3/lib/python3.11/site-packages/airflow/example_dags/example_trigger_target_dag.py
[2024-04-04T00:20:14.433+0000] {processor.py:830} INFO - Processing file /home/datatalks_jan/anaconda3/lib/python3.11/site-packages/airflow/example_dags/example_trigger_target_dag.py for tasks to queue
[2024-04-04T00:20:14.435+0000] {logging_mixin.py:188} INFO - [2024-04-04T00:20:14.434+0000] {dagbag.py:540} INFO - Filling up the DagBag from /home/datatalks_jan/anaconda3/lib/python3.11/site-packages/airflow/example_dags/example_trigger_target_dag.py
[2024-04-04T00:20:14.449+0000] {processor.py:840} INFO - DAG(s) 'example_trigger_target_dag' retrieved from /home/datatalks_jan/anaconda3/lib/python3.11/site-packages/airflow/example_dags/example_trigger_target_dag.py
[2024-04-04T00:20:14.477+0000] {logging_mixin.py:188} INFO - [2024-04-04T00:20:14.477+0000] {dag.py:3047} INFO - Sync 1 DAGs
[2024-04-04T00:20:14.495+0000] {logging_mixin.py:188} INFO - [2024-04-04T00:20:14.495+0000] {dag.py:3834} INFO - Setting next_dagrun for example_trigger_target_dag to None, run_after=None
[2024-04-04T00:20:14.528+0000] {processor.py:183} INFO - Processing /home/datatalks_jan/anaconda3/lib/python3.11/site-packages/airflow/example_dags/example_trigger_target_dag.py took 0.103 seconds
[2024-04-04T00:20:57.491+0000] {processor.py:161} INFO - Started process (PID=104688) to work on /home/datatalks_jan/anaconda3/lib/python3.11/site-packages/airflow/example_dags/example_trigger_target_dag.py
[2024-04-04T00:20:57.494+0000] {processor.py:830} INFO - Processing file /home/datatalks_jan/anaconda3/lib/python3.11/site-packages/airflow/example_dags/example_trigger_target_dag.py for tasks to queue
[2024-04-04T00:20:57.496+0000] {logging_mixin.py:188} INFO - [2024-04-04T00:20:57.495+0000] {dagbag.py:540} INFO - Filling up the DagBag from /home/datatalks_jan/anaconda3/lib/python3.11/site-packages/airflow/example_dags/example_trigger_target_dag.py
[2024-04-04T00:20:57.511+0000] {processor.py:840} INFO - DAG(s) 'example_trigger_target_dag' retrieved from /home/datatalks_jan/anaconda3/lib/python3.11/site-packages/airflow/example_dags/example_trigger_target_dag.py
[2024-04-04T00:20:57.541+0000] {logging_mixin.py:188} INFO - [2024-04-04T00:20:57.540+0000] {dag.py:3047} INFO - Sync 1 DAGs
[2024-04-04T00:20:57.556+0000] {logging_mixin.py:188} INFO - [2024-04-04T00:20:57.556+0000] {dag.py:3834} INFO - Setting next_dagrun for example_trigger_target_dag to None, run_after=None
[2024-04-04T00:20:57.584+0000] {processor.py:183} INFO - Processing /home/datatalks_jan/anaconda3/lib/python3.11/site-packages/airflow/example_dags/example_trigger_target_dag.py took 0.100 seconds
[2024-04-04T00:21:43.107+0000] {processor.py:161} INFO - Started process (PID=104736) to work on /home/datatalks_jan/anaconda3/lib/python3.11/site-packages/airflow/example_dags/example_trigger_target_dag.py
[2024-04-04T00:21:43.110+0000] {processor.py:830} INFO - Processing file /home/datatalks_jan/anaconda3/lib/python3.11/site-packages/airflow/example_dags/example_trigger_target_dag.py for tasks to queue
[2024-04-04T00:21:43.112+0000] {logging_mixin.py:188} INFO - [2024-04-04T00:21:43.111+0000] {dagbag.py:540} INFO - Filling up the DagBag from /home/datatalks_jan/anaconda3/lib/python3.11/site-packages/airflow/example_dags/example_trigger_target_dag.py
[2024-04-04T00:21:43.126+0000] {processor.py:840} INFO - DAG(s) 'example_trigger_target_dag' retrieved from /home/datatalks_jan/anaconda3/lib/python3.11/site-packages/airflow/example_dags/example_trigger_target_dag.py
[2024-04-04T00:21:43.153+0000] {logging_mixin.py:188} INFO - [2024-04-04T00:21:43.153+0000] {dag.py:3047} INFO - Sync 1 DAGs
[2024-04-04T00:21:43.169+0000] {logging_mixin.py:188} INFO - [2024-04-04T00:21:43.169+0000] {dag.py:3834} INFO - Setting next_dagrun for example_trigger_target_dag to None, run_after=None
[2024-04-04T00:21:43.203+0000] {processor.py:183} INFO - Processing /home/datatalks_jan/anaconda3/lib/python3.11/site-packages/airflow/example_dags/example_trigger_target_dag.py took 0.101 seconds
[2024-04-04T00:22:29.750+0000] {processor.py:161} INFO - Started process (PID=104782) to work on /home/datatalks_jan/anaconda3/lib/python3.11/site-packages/airflow/example_dags/example_trigger_target_dag.py
[2024-04-04T00:22:29.752+0000] {processor.py:830} INFO - Processing file /home/datatalks_jan/anaconda3/lib/python3.11/site-packages/airflow/example_dags/example_trigger_target_dag.py for tasks to queue
[2024-04-04T00:22:29.754+0000] {logging_mixin.py:188} INFO - [2024-04-04T00:22:29.753+0000] {dagbag.py:540} INFO - Filling up the DagBag from /home/datatalks_jan/anaconda3/lib/python3.11/site-packages/airflow/example_dags/example_trigger_target_dag.py
[2024-04-04T00:22:29.769+0000] {processor.py:840} INFO - DAG(s) 'example_trigger_target_dag' retrieved from /home/datatalks_jan/anaconda3/lib/python3.11/site-packages/airflow/example_dags/example_trigger_target_dag.py
[2024-04-04T00:22:29.797+0000] {logging_mixin.py:188} INFO - [2024-04-04T00:22:29.796+0000] {dag.py:3047} INFO - Sync 1 DAGs
[2024-04-04T00:22:29.813+0000] {logging_mixin.py:188} INFO - [2024-04-04T00:22:29.812+0000] {dag.py:3834} INFO - Setting next_dagrun for example_trigger_target_dag to None, run_after=None
[2024-04-04T00:22:29.849+0000] {processor.py:183} INFO - Processing /home/datatalks_jan/anaconda3/lib/python3.11/site-packages/airflow/example_dags/example_trigger_target_dag.py took 0.105 seconds
[2024-04-04T00:23:16.897+0000] {processor.py:161} INFO - Started process (PID=104828) to work on /home/datatalks_jan/anaconda3/lib/python3.11/site-packages/airflow/example_dags/example_trigger_target_dag.py
[2024-04-04T00:23:16.900+0000] {processor.py:830} INFO - Processing file /home/datatalks_jan/anaconda3/lib/python3.11/site-packages/airflow/example_dags/example_trigger_target_dag.py for tasks to queue
[2024-04-04T00:23:16.902+0000] {logging_mixin.py:188} INFO - [2024-04-04T00:23:16.901+0000] {dagbag.py:540} INFO - Filling up the DagBag from /home/datatalks_jan/anaconda3/lib/python3.11/site-packages/airflow/example_dags/example_trigger_target_dag.py
[2024-04-04T00:23:16.917+0000] {processor.py:840} INFO - DAG(s) 'example_trigger_target_dag' retrieved from /home/datatalks_jan/anaconda3/lib/python3.11/site-packages/airflow/example_dags/example_trigger_target_dag.py
[2024-04-04T00:23:16.946+0000] {logging_mixin.py:188} INFO - [2024-04-04T00:23:16.945+0000] {dag.py:3047} INFO - Sync 1 DAGs
[2024-04-04T00:23:16.963+0000] {logging_mixin.py:188} INFO - [2024-04-04T00:23:16.963+0000] {dag.py:3834} INFO - Setting next_dagrun for example_trigger_target_dag to None, run_after=None
[2024-04-04T00:23:16.998+0000] {processor.py:183} INFO - Processing /home/datatalks_jan/anaconda3/lib/python3.11/site-packages/airflow/example_dags/example_trigger_target_dag.py took 0.107 seconds
[2024-04-04T00:24:05.109+0000] {processor.py:161} INFO - Started process (PID=104943) to work on /home/datatalks_jan/anaconda3/lib/python3.11/site-packages/airflow/example_dags/example_trigger_target_dag.py
[2024-04-04T00:24:05.111+0000] {processor.py:830} INFO - Processing file /home/datatalks_jan/anaconda3/lib/python3.11/site-packages/airflow/example_dags/example_trigger_target_dag.py for tasks to queue
[2024-04-04T00:24:05.113+0000] {logging_mixin.py:188} INFO - [2024-04-04T00:24:05.112+0000] {dagbag.py:540} INFO - Filling up the DagBag from /home/datatalks_jan/anaconda3/lib/python3.11/site-packages/airflow/example_dags/example_trigger_target_dag.py
[2024-04-04T00:24:05.125+0000] {processor.py:840} INFO - DAG(s) 'example_trigger_target_dag' retrieved from /home/datatalks_jan/anaconda3/lib/python3.11/site-packages/airflow/example_dags/example_trigger_target_dag.py
[2024-04-04T00:24:05.149+0000] {logging_mixin.py:188} INFO - [2024-04-04T00:24:05.149+0000] {dag.py:3047} INFO - Sync 1 DAGs
[2024-04-04T00:24:05.164+0000] {logging_mixin.py:188} INFO - [2024-04-04T00:24:05.164+0000] {dag.py:3834} INFO - Setting next_dagrun for example_trigger_target_dag to None, run_after=None
[2024-04-04T00:24:05.194+0000] {processor.py:183} INFO - Processing /home/datatalks_jan/anaconda3/lib/python3.11/site-packages/airflow/example_dags/example_trigger_target_dag.py took 0.090 seconds
[2024-04-04T00:24:55.779+0000] {processor.py:161} INFO - Started process (PID=104995) to work on /home/datatalks_jan/anaconda3/lib/python3.11/site-packages/airflow/example_dags/example_trigger_target_dag.py
[2024-04-04T00:24:55.782+0000] {processor.py:830} INFO - Processing file /home/datatalks_jan/anaconda3/lib/python3.11/site-packages/airflow/example_dags/example_trigger_target_dag.py for tasks to queue
[2024-04-04T00:24:55.783+0000] {logging_mixin.py:188} INFO - [2024-04-04T00:24:55.782+0000] {dagbag.py:540} INFO - Filling up the DagBag from /home/datatalks_jan/anaconda3/lib/python3.11/site-packages/airflow/example_dags/example_trigger_target_dag.py
[2024-04-04T00:24:55.797+0000] {processor.py:840} INFO - DAG(s) 'example_trigger_target_dag' retrieved from /home/datatalks_jan/anaconda3/lib/python3.11/site-packages/airflow/example_dags/example_trigger_target_dag.py
[2024-04-04T00:24:55.826+0000] {logging_mixin.py:188} INFO - [2024-04-04T00:24:55.825+0000] {dag.py:3047} INFO - Sync 1 DAGs
[2024-04-04T00:24:55.844+0000] {logging_mixin.py:188} INFO - [2024-04-04T00:24:55.843+0000] {dag.py:3834} INFO - Setting next_dagrun for example_trigger_target_dag to None, run_after=None
[2024-04-04T00:24:55.879+0000] {processor.py:183} INFO - Processing /home/datatalks_jan/anaconda3/lib/python3.11/site-packages/airflow/example_dags/example_trigger_target_dag.py took 0.106 seconds
[2024-04-04T00:25:43.042+0000] {processor.py:161} INFO - Started process (PID=105096) to work on /home/datatalks_jan/anaconda3/lib/python3.11/site-packages/airflow/example_dags/example_trigger_target_dag.py
[2024-04-04T00:25:43.044+0000] {processor.py:830} INFO - Processing file /home/datatalks_jan/anaconda3/lib/python3.11/site-packages/airflow/example_dags/example_trigger_target_dag.py for tasks to queue
[2024-04-04T00:25:43.046+0000] {logging_mixin.py:188} INFO - [2024-04-04T00:25:43.045+0000] {dagbag.py:540} INFO - Filling up the DagBag from /home/datatalks_jan/anaconda3/lib/python3.11/site-packages/airflow/example_dags/example_trigger_target_dag.py
[2024-04-04T00:25:43.057+0000] {processor.py:840} INFO - DAG(s) 'example_trigger_target_dag' retrieved from /home/datatalks_jan/anaconda3/lib/python3.11/site-packages/airflow/example_dags/example_trigger_target_dag.py
[2024-04-04T00:25:43.079+0000] {logging_mixin.py:188} INFO - [2024-04-04T00:25:43.079+0000] {dag.py:3047} INFO - Sync 1 DAGs
[2024-04-04T00:25:43.092+0000] {logging_mixin.py:188} INFO - [2024-04-04T00:25:43.092+0000] {dag.py:3834} INFO - Setting next_dagrun for example_trigger_target_dag to None, run_after=None
[2024-04-04T00:25:43.119+0000] {processor.py:183} INFO - Processing /home/datatalks_jan/anaconda3/lib/python3.11/site-packages/airflow/example_dags/example_trigger_target_dag.py took 0.081 seconds
[2024-04-04T00:26:29.224+0000] {processor.py:161} INFO - Started process (PID=105142) to work on /home/datatalks_jan/anaconda3/lib/python3.11/site-packages/airflow/example_dags/example_trigger_target_dag.py
[2024-04-04T00:26:29.227+0000] {processor.py:830} INFO - Processing file /home/datatalks_jan/anaconda3/lib/python3.11/site-packages/airflow/example_dags/example_trigger_target_dag.py for tasks to queue
[2024-04-04T00:26:29.228+0000] {logging_mixin.py:188} INFO - [2024-04-04T00:26:29.228+0000] {dagbag.py:540} INFO - Filling up the DagBag from /home/datatalks_jan/anaconda3/lib/python3.11/site-packages/airflow/example_dags/example_trigger_target_dag.py
[2024-04-04T00:26:29.242+0000] {processor.py:840} INFO - DAG(s) 'example_trigger_target_dag' retrieved from /home/datatalks_jan/anaconda3/lib/python3.11/site-packages/airflow/example_dags/example_trigger_target_dag.py
[2024-04-04T00:26:29.268+0000] {logging_mixin.py:188} INFO - [2024-04-04T00:26:29.267+0000] {dag.py:3047} INFO - Sync 1 DAGs
[2024-04-04T00:26:29.283+0000] {logging_mixin.py:188} INFO - [2024-04-04T00:26:29.283+0000] {dag.py:3834} INFO - Setting next_dagrun for example_trigger_target_dag to None, run_after=None
[2024-04-04T00:26:29.312+0000] {processor.py:183} INFO - Processing /home/datatalks_jan/anaconda3/lib/python3.11/site-packages/airflow/example_dags/example_trigger_target_dag.py took 0.094 seconds
[2024-04-04T00:27:13.061+0000] {processor.py:161} INFO - Started process (PID=105194) to work on /home/datatalks_jan/anaconda3/lib/python3.11/site-packages/airflow/example_dags/example_trigger_target_dag.py
[2024-04-04T00:27:13.063+0000] {processor.py:830} INFO - Processing file /home/datatalks_jan/anaconda3/lib/python3.11/site-packages/airflow/example_dags/example_trigger_target_dag.py for tasks to queue
[2024-04-04T00:27:13.065+0000] {logging_mixin.py:188} INFO - [2024-04-04T00:27:13.064+0000] {dagbag.py:540} INFO - Filling up the DagBag from /home/datatalks_jan/anaconda3/lib/python3.11/site-packages/airflow/example_dags/example_trigger_target_dag.py
[2024-04-04T00:27:13.079+0000] {processor.py:840} INFO - DAG(s) 'example_trigger_target_dag' retrieved from /home/datatalks_jan/anaconda3/lib/python3.11/site-packages/airflow/example_dags/example_trigger_target_dag.py
[2024-04-04T00:27:13.105+0000] {logging_mixin.py:188} INFO - [2024-04-04T00:27:13.105+0000] {dag.py:3047} INFO - Sync 1 DAGs
[2024-04-04T00:27:13.121+0000] {logging_mixin.py:188} INFO - [2024-04-04T00:27:13.121+0000] {dag.py:3834} INFO - Setting next_dagrun for example_trigger_target_dag to None, run_after=None
[2024-04-04T00:27:13.152+0000] {processor.py:183} INFO - Processing /home/datatalks_jan/anaconda3/lib/python3.11/site-packages/airflow/example_dags/example_trigger_target_dag.py took 0.097 seconds
[2024-04-04T00:28:01.067+0000] {processor.py:161} INFO - Started process (PID=105241) to work on /home/datatalks_jan/anaconda3/lib/python3.11/site-packages/airflow/example_dags/example_trigger_target_dag.py
[2024-04-04T00:28:01.072+0000] {processor.py:830} INFO - Processing file /home/datatalks_jan/anaconda3/lib/python3.11/site-packages/airflow/example_dags/example_trigger_target_dag.py for tasks to queue
[2024-04-04T00:28:01.074+0000] {logging_mixin.py:188} INFO - [2024-04-04T00:28:01.073+0000] {dagbag.py:540} INFO - Filling up the DagBag from /home/datatalks_jan/anaconda3/lib/python3.11/site-packages/airflow/example_dags/example_trigger_target_dag.py
[2024-04-04T00:28:01.085+0000] {processor.py:840} INFO - DAG(s) 'example_trigger_target_dag' retrieved from /home/datatalks_jan/anaconda3/lib/python3.11/site-packages/airflow/example_dags/example_trigger_target_dag.py
[2024-04-04T00:28:01.108+0000] {logging_mixin.py:188} INFO - [2024-04-04T00:28:01.108+0000] {dag.py:3047} INFO - Sync 1 DAGs
[2024-04-04T00:28:01.122+0000] {logging_mixin.py:188} INFO - [2024-04-04T00:28:01.122+0000] {dag.py:3834} INFO - Setting next_dagrun for example_trigger_target_dag to None, run_after=None
[2024-04-04T00:28:01.149+0000] {processor.py:183} INFO - Processing /home/datatalks_jan/anaconda3/lib/python3.11/site-packages/airflow/example_dags/example_trigger_target_dag.py took 0.087 seconds
[2024-04-04T00:28:52.081+0000] {processor.py:161} INFO - Started process (PID=105476) to work on /home/datatalks_jan/anaconda3/lib/python3.11/site-packages/airflow/example_dags/example_trigger_target_dag.py
[2024-04-04T00:28:52.084+0000] {processor.py:830} INFO - Processing file /home/datatalks_jan/anaconda3/lib/python3.11/site-packages/airflow/example_dags/example_trigger_target_dag.py for tasks to queue
[2024-04-04T00:28:52.086+0000] {logging_mixin.py:188} INFO - [2024-04-04T00:28:52.085+0000] {dagbag.py:540} INFO - Filling up the DagBag from /home/datatalks_jan/anaconda3/lib/python3.11/site-packages/airflow/example_dags/example_trigger_target_dag.py
[2024-04-04T00:28:52.105+0000] {processor.py:840} INFO - DAG(s) 'example_trigger_target_dag' retrieved from /home/datatalks_jan/anaconda3/lib/python3.11/site-packages/airflow/example_dags/example_trigger_target_dag.py
[2024-04-04T00:28:52.138+0000] {logging_mixin.py:188} INFO - [2024-04-04T00:28:52.137+0000] {dag.py:3047} INFO - Sync 1 DAGs
[2024-04-04T00:28:52.155+0000] {logging_mixin.py:188} INFO - [2024-04-04T00:28:52.154+0000] {dag.py:3834} INFO - Setting next_dagrun for example_trigger_target_dag to None, run_after=None
[2024-04-04T00:28:52.187+0000] {processor.py:183} INFO - Processing /home/datatalks_jan/anaconda3/lib/python3.11/site-packages/airflow/example_dags/example_trigger_target_dag.py took 0.114 seconds
[2024-04-04T00:29:43.014+0000] {processor.py:161} INFO - Started process (PID=105747) to work on /home/datatalks_jan/anaconda3/lib/python3.11/site-packages/airflow/example_dags/example_trigger_target_dag.py
[2024-04-04T00:29:43.017+0000] {processor.py:830} INFO - Processing file /home/datatalks_jan/anaconda3/lib/python3.11/site-packages/airflow/example_dags/example_trigger_target_dag.py for tasks to queue
[2024-04-04T00:29:43.019+0000] {logging_mixin.py:188} INFO - [2024-04-04T00:29:43.018+0000] {dagbag.py:540} INFO - Filling up the DagBag from /home/datatalks_jan/anaconda3/lib/python3.11/site-packages/airflow/example_dags/example_trigger_target_dag.py
[2024-04-04T00:29:43.032+0000] {processor.py:840} INFO - DAG(s) 'example_trigger_target_dag' retrieved from /home/datatalks_jan/anaconda3/lib/python3.11/site-packages/airflow/example_dags/example_trigger_target_dag.py
[2024-04-04T00:29:43.058+0000] {logging_mixin.py:188} INFO - [2024-04-04T00:29:43.058+0000] {dag.py:3047} INFO - Sync 1 DAGs
[2024-04-04T00:29:43.074+0000] {logging_mixin.py:188} INFO - [2024-04-04T00:29:43.074+0000] {dag.py:3834} INFO - Setting next_dagrun for example_trigger_target_dag to None, run_after=None
[2024-04-04T00:29:43.103+0000] {processor.py:183} INFO - Processing /home/datatalks_jan/anaconda3/lib/python3.11/site-packages/airflow/example_dags/example_trigger_target_dag.py took 0.094 seconds
[2024-04-04T00:30:24.280+0000] {processor.py:161} INFO - Started process (PID=105837) to work on /home/datatalks_jan/anaconda3/lib/python3.11/site-packages/airflow/example_dags/example_trigger_target_dag.py
[2024-04-04T00:30:24.283+0000] {processor.py:830} INFO - Processing file /home/datatalks_jan/anaconda3/lib/python3.11/site-packages/airflow/example_dags/example_trigger_target_dag.py for tasks to queue
[2024-04-04T00:30:24.284+0000] {logging_mixin.py:188} INFO - [2024-04-04T00:30:24.284+0000] {dagbag.py:540} INFO - Filling up the DagBag from /home/datatalks_jan/anaconda3/lib/python3.11/site-packages/airflow/example_dags/example_trigger_target_dag.py
[2024-04-04T00:30:24.298+0000] {processor.py:840} INFO - DAG(s) 'example_trigger_target_dag' retrieved from /home/datatalks_jan/anaconda3/lib/python3.11/site-packages/airflow/example_dags/example_trigger_target_dag.py
[2024-04-04T00:30:24.324+0000] {logging_mixin.py:188} INFO - [2024-04-04T00:30:24.324+0000] {dag.py:3047} INFO - Sync 1 DAGs
[2024-04-04T00:30:24.340+0000] {logging_mixin.py:188} INFO - [2024-04-04T00:30:24.339+0000] {dag.py:3834} INFO - Setting next_dagrun for example_trigger_target_dag to None, run_after=None
[2024-04-04T00:30:24.369+0000] {processor.py:183} INFO - Processing /home/datatalks_jan/anaconda3/lib/python3.11/site-packages/airflow/example_dags/example_trigger_target_dag.py took 0.095 seconds
[2024-04-04T00:31:16.817+0000] {processor.py:161} INFO - Started process (PID=105948) to work on /home/datatalks_jan/anaconda3/lib/python3.11/site-packages/airflow/example_dags/example_trigger_target_dag.py
[2024-04-04T00:31:16.819+0000] {processor.py:830} INFO - Processing file /home/datatalks_jan/anaconda3/lib/python3.11/site-packages/airflow/example_dags/example_trigger_target_dag.py for tasks to queue
[2024-04-04T00:31:16.821+0000] {logging_mixin.py:188} INFO - [2024-04-04T00:31:16.820+0000] {dagbag.py:540} INFO - Filling up the DagBag from /home/datatalks_jan/anaconda3/lib/python3.11/site-packages/airflow/example_dags/example_trigger_target_dag.py
[2024-04-04T00:31:16.835+0000] {processor.py:840} INFO - DAG(s) 'example_trigger_target_dag' retrieved from /home/datatalks_jan/anaconda3/lib/python3.11/site-packages/airflow/example_dags/example_trigger_target_dag.py
[2024-04-04T00:31:16.861+0000] {logging_mixin.py:188} INFO - [2024-04-04T00:31:16.860+0000] {dag.py:3047} INFO - Sync 1 DAGs
[2024-04-04T00:31:16.876+0000] {logging_mixin.py:188} INFO - [2024-04-04T00:31:16.876+0000] {dag.py:3834} INFO - Setting next_dagrun for example_trigger_target_dag to None, run_after=None
[2024-04-04T00:31:16.906+0000] {processor.py:183} INFO - Processing /home/datatalks_jan/anaconda3/lib/python3.11/site-packages/airflow/example_dags/example_trigger_target_dag.py took 0.095 seconds
