[2024-04-04T00:06:03.418+0000] {processor.py:161} INFO - Started process (PID=99531) to work on /home/datatalks_jan/anaconda3/lib/python3.11/site-packages/airflow/example_dags/example_short_circuit_decorator.py
[2024-04-04T00:06:03.420+0000] {processor.py:830} INFO - Processing file /home/datatalks_jan/anaconda3/lib/python3.11/site-packages/airflow/example_dags/example_short_circuit_decorator.py for tasks to queue
[2024-04-04T00:06:03.422+0000] {logging_mixin.py:188} INFO - [2024-04-04T00:06:03.421+0000] {dagbag.py:540} INFO - Filling up the DagBag from /home/datatalks_jan/anaconda3/lib/python3.11/site-packages/airflow/example_dags/example_short_circuit_decorator.py
[2024-04-04T00:06:03.441+0000] {processor.py:840} INFO - DAG(s) 'example_short_circuit_decorator' retrieved from /home/datatalks_jan/anaconda3/lib/python3.11/site-packages/airflow/example_dags/example_short_circuit_decorator.py
[2024-04-04T00:06:03.476+0000] {logging_mixin.py:188} INFO - [2024-04-04T00:06:03.476+0000] {dag.py:3047} INFO - Sync 1 DAGs
[2024-04-04T00:06:03.505+0000] {logging_mixin.py:188} INFO - [2024-04-04T00:06:03.505+0000] {dag.py:3834} INFO - Setting next_dagrun for example_short_circuit_decorator to 2024-04-03 00:00:00+00:00, run_after=2024-04-04 00:00:00+00:00
[2024-04-04T00:06:03.542+0000] {processor.py:183} INFO - Processing /home/datatalks_jan/anaconda3/lib/python3.11/site-packages/airflow/example_dags/example_short_circuit_decorator.py took 0.129 seconds
[2024-04-04T00:07:04.258+0000] {processor.py:161} INFO - Started process (PID=99796) to work on /home/datatalks_jan/anaconda3/lib/python3.11/site-packages/airflow/example_dags/example_short_circuit_decorator.py
[2024-04-04T00:07:04.261+0000] {processor.py:830} INFO - Processing file /home/datatalks_jan/anaconda3/lib/python3.11/site-packages/airflow/example_dags/example_short_circuit_decorator.py for tasks to queue
[2024-04-04T00:07:04.263+0000] {logging_mixin.py:188} INFO - [2024-04-04T00:07:04.262+0000] {dagbag.py:540} INFO - Filling up the DagBag from /home/datatalks_jan/anaconda3/lib/python3.11/site-packages/airflow/example_dags/example_short_circuit_decorator.py
[2024-04-04T00:07:04.282+0000] {processor.py:840} INFO - DAG(s) 'example_short_circuit_decorator' retrieved from /home/datatalks_jan/anaconda3/lib/python3.11/site-packages/airflow/example_dags/example_short_circuit_decorator.py
[2024-04-04T00:07:04.315+0000] {logging_mixin.py:188} INFO - [2024-04-04T00:07:04.314+0000] {dag.py:3047} INFO - Sync 1 DAGs
[2024-04-04T00:07:04.347+0000] {logging_mixin.py:188} INFO - [2024-04-04T00:07:04.347+0000] {dag.py:3834} INFO - Setting next_dagrun for example_short_circuit_decorator to 2024-04-03 00:00:00+00:00, run_after=2024-04-04 00:00:00+00:00
[2024-04-04T00:07:04.381+0000] {processor.py:183} INFO - Processing /home/datatalks_jan/anaconda3/lib/python3.11/site-packages/airflow/example_dags/example_short_circuit_decorator.py took 0.129 seconds
[2024-04-04T00:08:12.438+0000] {processor.py:161} INFO - Started process (PID=100240) to work on /home/datatalks_jan/anaconda3/lib/python3.11/site-packages/airflow/example_dags/example_short_circuit_decorator.py
[2024-04-04T00:08:12.440+0000] {processor.py:830} INFO - Processing file /home/datatalks_jan/anaconda3/lib/python3.11/site-packages/airflow/example_dags/example_short_circuit_decorator.py for tasks to queue
[2024-04-04T00:08:12.441+0000] {logging_mixin.py:188} INFO - [2024-04-04T00:08:12.440+0000] {dagbag.py:540} INFO - Filling up the DagBag from /home/datatalks_jan/anaconda3/lib/python3.11/site-packages/airflow/example_dags/example_short_circuit_decorator.py
[2024-04-04T00:08:12.456+0000] {processor.py:840} INFO - DAG(s) 'example_short_circuit_decorator' retrieved from /home/datatalks_jan/anaconda3/lib/python3.11/site-packages/airflow/example_dags/example_short_circuit_decorator.py
[2024-04-04T00:08:12.481+0000] {logging_mixin.py:188} INFO - [2024-04-04T00:08:12.481+0000] {dag.py:3047} INFO - Sync 1 DAGs
[2024-04-04T00:08:12.506+0000] {logging_mixin.py:188} INFO - [2024-04-04T00:08:12.506+0000] {dag.py:3834} INFO - Setting next_dagrun for example_short_circuit_decorator to 2024-04-03 00:00:00+00:00, run_after=2024-04-04 00:00:00+00:00
[2024-04-04T00:08:12.533+0000] {processor.py:183} INFO - Processing /home/datatalks_jan/anaconda3/lib/python3.11/site-packages/airflow/example_dags/example_short_circuit_decorator.py took 0.100 seconds
[2024-04-04T00:09:19.908+0000] {processor.py:161} INFO - Started process (PID=100549) to work on /home/datatalks_jan/anaconda3/lib/python3.11/site-packages/airflow/example_dags/example_short_circuit_decorator.py
[2024-04-04T00:09:19.912+0000] {processor.py:830} INFO - Processing file /home/datatalks_jan/anaconda3/lib/python3.11/site-packages/airflow/example_dags/example_short_circuit_decorator.py for tasks to queue
[2024-04-04T00:09:19.914+0000] {logging_mixin.py:188} INFO - [2024-04-04T00:09:19.913+0000] {dagbag.py:540} INFO - Filling up the DagBag from /home/datatalks_jan/anaconda3/lib/python3.11/site-packages/airflow/example_dags/example_short_circuit_decorator.py
[2024-04-04T00:09:19.933+0000] {processor.py:840} INFO - DAG(s) 'example_short_circuit_decorator' retrieved from /home/datatalks_jan/anaconda3/lib/python3.11/site-packages/airflow/example_dags/example_short_circuit_decorator.py
[2024-04-04T00:09:19.967+0000] {logging_mixin.py:188} INFO - [2024-04-04T00:09:19.967+0000] {dag.py:3047} INFO - Sync 1 DAGs
[2024-04-04T00:09:19.998+0000] {logging_mixin.py:188} INFO - [2024-04-04T00:09:19.998+0000] {dag.py:3834} INFO - Setting next_dagrun for example_short_circuit_decorator to 2024-04-03 00:00:00+00:00, run_after=2024-04-04 00:00:00+00:00
[2024-04-04T00:09:20.033+0000] {processor.py:183} INFO - Processing /home/datatalks_jan/anaconda3/lib/python3.11/site-packages/airflow/example_dags/example_short_circuit_decorator.py took 0.131 seconds
[2024-04-04T00:10:13.461+0000] {processor.py:161} INFO - Started process (PID=100967) to work on /home/datatalks_jan/anaconda3/lib/python3.11/site-packages/airflow/example_dags/example_short_circuit_decorator.py
[2024-04-04T00:10:13.464+0000] {processor.py:830} INFO - Processing file /home/datatalks_jan/anaconda3/lib/python3.11/site-packages/airflow/example_dags/example_short_circuit_decorator.py for tasks to queue
[2024-04-04T00:10:13.465+0000] {logging_mixin.py:188} INFO - [2024-04-04T00:10:13.465+0000] {dagbag.py:540} INFO - Filling up the DagBag from /home/datatalks_jan/anaconda3/lib/python3.11/site-packages/airflow/example_dags/example_short_circuit_decorator.py
[2024-04-04T00:10:13.485+0000] {processor.py:840} INFO - DAG(s) 'example_short_circuit_decorator' retrieved from /home/datatalks_jan/anaconda3/lib/python3.11/site-packages/airflow/example_dags/example_short_circuit_decorator.py
[2024-04-04T00:10:13.524+0000] {logging_mixin.py:188} INFO - [2024-04-04T00:10:13.523+0000] {dag.py:3047} INFO - Sync 1 DAGs
[2024-04-04T00:10:13.559+0000] {logging_mixin.py:188} INFO - [2024-04-04T00:10:13.559+0000] {dag.py:3834} INFO - Setting next_dagrun for example_short_circuit_decorator to 2024-04-03 00:00:00+00:00, run_after=2024-04-04 00:00:00+00:00
[2024-04-04T00:10:13.591+0000] {processor.py:183} INFO - Processing /home/datatalks_jan/anaconda3/lib/python3.11/site-packages/airflow/example_dags/example_short_circuit_decorator.py took 0.135 seconds
[2024-04-04T00:11:09.634+0000] {processor.py:161} INFO - Started process (PID=101464) to work on /home/datatalks_jan/anaconda3/lib/python3.11/site-packages/airflow/example_dags/example_short_circuit_decorator.py
[2024-04-04T00:11:09.639+0000] {processor.py:830} INFO - Processing file /home/datatalks_jan/anaconda3/lib/python3.11/site-packages/airflow/example_dags/example_short_circuit_decorator.py for tasks to queue
[2024-04-04T00:11:09.640+0000] {logging_mixin.py:188} INFO - [2024-04-04T00:11:09.639+0000] {dagbag.py:540} INFO - Filling up the DagBag from /home/datatalks_jan/anaconda3/lib/python3.11/site-packages/airflow/example_dags/example_short_circuit_decorator.py
[2024-04-04T00:11:09.656+0000] {processor.py:840} INFO - DAG(s) 'example_short_circuit_decorator' retrieved from /home/datatalks_jan/anaconda3/lib/python3.11/site-packages/airflow/example_dags/example_short_circuit_decorator.py
[2024-04-04T00:11:09.683+0000] {logging_mixin.py:188} INFO - [2024-04-04T00:11:09.683+0000] {dag.py:3047} INFO - Sync 1 DAGs
[2024-04-04T00:11:09.708+0000] {logging_mixin.py:188} INFO - [2024-04-04T00:11:09.708+0000] {dag.py:3834} INFO - Setting next_dagrun for example_short_circuit_decorator to 2024-04-03 00:00:00+00:00, run_after=2024-04-04 00:00:00+00:00
[2024-04-04T00:11:09.736+0000] {processor.py:183} INFO - Processing /home/datatalks_jan/anaconda3/lib/python3.11/site-packages/airflow/example_dags/example_short_circuit_decorator.py took 0.108 seconds
[2024-04-04T00:11:58.363+0000] {processor.py:161} INFO - Started process (PID=101824) to work on /home/datatalks_jan/anaconda3/lib/python3.11/site-packages/airflow/example_dags/example_short_circuit_decorator.py
[2024-04-04T00:11:58.366+0000] {processor.py:830} INFO - Processing file /home/datatalks_jan/anaconda3/lib/python3.11/site-packages/airflow/example_dags/example_short_circuit_decorator.py for tasks to queue
[2024-04-04T00:11:58.367+0000] {logging_mixin.py:188} INFO - [2024-04-04T00:11:58.367+0000] {dagbag.py:540} INFO - Filling up the DagBag from /home/datatalks_jan/anaconda3/lib/python3.11/site-packages/airflow/example_dags/example_short_circuit_decorator.py
[2024-04-04T00:11:58.384+0000] {processor.py:840} INFO - DAG(s) 'example_short_circuit_decorator' retrieved from /home/datatalks_jan/anaconda3/lib/python3.11/site-packages/airflow/example_dags/example_short_circuit_decorator.py
[2024-04-04T00:11:58.414+0000] {logging_mixin.py:188} INFO - [2024-04-04T00:11:58.413+0000] {dag.py:3047} INFO - Sync 1 DAGs
[2024-04-04T00:11:58.442+0000] {logging_mixin.py:188} INFO - [2024-04-04T00:11:58.441+0000] {dag.py:3834} INFO - Setting next_dagrun for example_short_circuit_decorator to 2024-04-03 00:00:00+00:00, run_after=2024-04-04 00:00:00+00:00
[2024-04-04T00:11:58.478+0000] {processor.py:183} INFO - Processing /home/datatalks_jan/anaconda3/lib/python3.11/site-packages/airflow/example_dags/example_short_circuit_decorator.py took 0.120 seconds
[2024-04-04T00:12:45.171+0000] {processor.py:161} INFO - Started process (PID=102082) to work on /home/datatalks_jan/anaconda3/lib/python3.11/site-packages/airflow/example_dags/example_short_circuit_decorator.py
[2024-04-04T00:12:45.174+0000] {processor.py:830} INFO - Processing file /home/datatalks_jan/anaconda3/lib/python3.11/site-packages/airflow/example_dags/example_short_circuit_decorator.py for tasks to queue
[2024-04-04T00:12:45.175+0000] {logging_mixin.py:188} INFO - [2024-04-04T00:12:45.174+0000] {dagbag.py:540} INFO - Filling up the DagBag from /home/datatalks_jan/anaconda3/lib/python3.11/site-packages/airflow/example_dags/example_short_circuit_decorator.py
[2024-04-04T00:12:45.191+0000] {processor.py:840} INFO - DAG(s) 'example_short_circuit_decorator' retrieved from /home/datatalks_jan/anaconda3/lib/python3.11/site-packages/airflow/example_dags/example_short_circuit_decorator.py
[2024-04-04T00:12:45.217+0000] {logging_mixin.py:188} INFO - [2024-04-04T00:12:45.216+0000] {dag.py:3047} INFO - Sync 1 DAGs
[2024-04-04T00:12:45.241+0000] {logging_mixin.py:188} INFO - [2024-04-04T00:12:45.241+0000] {dag.py:3834} INFO - Setting next_dagrun for example_short_circuit_decorator to 2024-04-03 00:00:00+00:00, run_after=2024-04-04 00:00:00+00:00
[2024-04-04T00:12:45.268+0000] {processor.py:183} INFO - Processing /home/datatalks_jan/anaconda3/lib/python3.11/site-packages/airflow/example_dags/example_short_circuit_decorator.py took 0.102 seconds
[2024-04-04T00:13:31.143+0000] {processor.py:161} INFO - Started process (PID=102472) to work on /home/datatalks_jan/anaconda3/lib/python3.11/site-packages/airflow/example_dags/example_short_circuit_decorator.py
[2024-04-04T00:13:31.146+0000] {processor.py:830} INFO - Processing file /home/datatalks_jan/anaconda3/lib/python3.11/site-packages/airflow/example_dags/example_short_circuit_decorator.py for tasks to queue
[2024-04-04T00:13:31.147+0000] {logging_mixin.py:188} INFO - [2024-04-04T00:13:31.147+0000] {dagbag.py:540} INFO - Filling up the DagBag from /home/datatalks_jan/anaconda3/lib/python3.11/site-packages/airflow/example_dags/example_short_circuit_decorator.py
[2024-04-04T00:13:31.166+0000] {processor.py:840} INFO - DAG(s) 'example_short_circuit_decorator' retrieved from /home/datatalks_jan/anaconda3/lib/python3.11/site-packages/airflow/example_dags/example_short_circuit_decorator.py
[2024-04-04T00:13:31.196+0000] {logging_mixin.py:188} INFO - [2024-04-04T00:13:31.195+0000] {dag.py:3047} INFO - Sync 1 DAGs
[2024-04-04T00:13:31.223+0000] {logging_mixin.py:188} INFO - [2024-04-04T00:13:31.223+0000] {dag.py:3834} INFO - Setting next_dagrun for example_short_circuit_decorator to 2024-04-03 00:00:00+00:00, run_after=2024-04-04 00:00:00+00:00
[2024-04-04T00:13:31.252+0000] {processor.py:183} INFO - Processing /home/datatalks_jan/anaconda3/lib/python3.11/site-packages/airflow/example_dags/example_short_circuit_decorator.py took 0.116 seconds
[2024-04-04T00:14:29.321+0000] {processor.py:161} INFO - Started process (PID=102978) to work on /home/datatalks_jan/anaconda3/lib/python3.11/site-packages/airflow/example_dags/example_short_circuit_decorator.py
[2024-04-04T00:14:29.323+0000] {processor.py:830} INFO - Processing file /home/datatalks_jan/anaconda3/lib/python3.11/site-packages/airflow/example_dags/example_short_circuit_decorator.py for tasks to queue
[2024-04-04T00:14:29.325+0000] {logging_mixin.py:188} INFO - [2024-04-04T00:14:29.324+0000] {dagbag.py:540} INFO - Filling up the DagBag from /home/datatalks_jan/anaconda3/lib/python3.11/site-packages/airflow/example_dags/example_short_circuit_decorator.py
[2024-04-04T00:14:29.339+0000] {processor.py:840} INFO - DAG(s) 'example_short_circuit_decorator' retrieved from /home/datatalks_jan/anaconda3/lib/python3.11/site-packages/airflow/example_dags/example_short_circuit_decorator.py
[2024-04-04T00:14:29.365+0000] {logging_mixin.py:188} INFO - [2024-04-04T00:14:29.365+0000] {dag.py:3047} INFO - Sync 1 DAGs
[2024-04-04T00:14:29.389+0000] {logging_mixin.py:188} INFO - [2024-04-04T00:14:29.389+0000] {dag.py:3834} INFO - Setting next_dagrun for example_short_circuit_decorator to 2024-04-03 00:00:00+00:00, run_after=2024-04-04 00:00:00+00:00
[2024-04-04T00:14:29.417+0000] {processor.py:183} INFO - Processing /home/datatalks_jan/anaconda3/lib/python3.11/site-packages/airflow/example_dags/example_short_circuit_decorator.py took 0.100 seconds
[2024-04-04T00:15:16.157+0000] {processor.py:161} INFO - Started process (PID=103294) to work on /home/datatalks_jan/anaconda3/lib/python3.11/site-packages/airflow/example_dags/example_short_circuit_decorator.py
[2024-04-04T00:15:16.160+0000] {processor.py:830} INFO - Processing file /home/datatalks_jan/anaconda3/lib/python3.11/site-packages/airflow/example_dags/example_short_circuit_decorator.py for tasks to queue
[2024-04-04T00:15:16.161+0000] {logging_mixin.py:188} INFO - [2024-04-04T00:15:16.161+0000] {dagbag.py:540} INFO - Filling up the DagBag from /home/datatalks_jan/anaconda3/lib/python3.11/site-packages/airflow/example_dags/example_short_circuit_decorator.py
[2024-04-04T00:15:16.177+0000] {processor.py:840} INFO - DAG(s) 'example_short_circuit_decorator' retrieved from /home/datatalks_jan/anaconda3/lib/python3.11/site-packages/airflow/example_dags/example_short_circuit_decorator.py
[2024-04-04T00:15:16.202+0000] {logging_mixin.py:188} INFO - [2024-04-04T00:15:16.202+0000] {dag.py:3047} INFO - Sync 1 DAGs
[2024-04-04T00:15:16.225+0000] {logging_mixin.py:188} INFO - [2024-04-04T00:15:16.225+0000] {dag.py:3834} INFO - Setting next_dagrun for example_short_circuit_decorator to 2024-04-03 00:00:00+00:00, run_after=2024-04-04 00:00:00+00:00
[2024-04-04T00:15:16.252+0000] {processor.py:183} INFO - Processing /home/datatalks_jan/anaconda3/lib/python3.11/site-packages/airflow/example_dags/example_short_circuit_decorator.py took 0.100 seconds
[2024-04-04T00:16:12.040+0000] {processor.py:161} INFO - Started process (PID=103723) to work on /home/datatalks_jan/anaconda3/lib/python3.11/site-packages/airflow/example_dags/example_short_circuit_decorator.py
[2024-04-04T00:16:12.042+0000] {processor.py:830} INFO - Processing file /home/datatalks_jan/anaconda3/lib/python3.11/site-packages/airflow/example_dags/example_short_circuit_decorator.py for tasks to queue
[2024-04-04T00:16:12.044+0000] {logging_mixin.py:188} INFO - [2024-04-04T00:16:12.043+0000] {dagbag.py:540} INFO - Filling up the DagBag from /home/datatalks_jan/anaconda3/lib/python3.11/site-packages/airflow/example_dags/example_short_circuit_decorator.py
[2024-04-04T00:16:12.060+0000] {processor.py:840} INFO - DAG(s) 'example_short_circuit_decorator' retrieved from /home/datatalks_jan/anaconda3/lib/python3.11/site-packages/airflow/example_dags/example_short_circuit_decorator.py
[2024-04-04T00:16:12.087+0000] {logging_mixin.py:188} INFO - [2024-04-04T00:16:12.086+0000] {dag.py:3047} INFO - Sync 1 DAGs
[2024-04-04T00:16:12.110+0000] {logging_mixin.py:188} INFO - [2024-04-04T00:16:12.110+0000] {dag.py:3834} INFO - Setting next_dagrun for example_short_circuit_decorator to 2024-04-03 00:00:00+00:00, run_after=2024-04-04 00:00:00+00:00
[2024-04-04T00:16:12.144+0000] {processor.py:183} INFO - Processing /home/datatalks_jan/anaconda3/lib/python3.11/site-packages/airflow/example_dags/example_short_circuit_decorator.py took 0.109 seconds
[2024-04-04T00:16:57.307+0000] {processor.py:161} INFO - Started process (PID=103945) to work on /home/datatalks_jan/anaconda3/lib/python3.11/site-packages/airflow/example_dags/example_short_circuit_decorator.py
[2024-04-04T00:16:57.309+0000] {processor.py:830} INFO - Processing file /home/datatalks_jan/anaconda3/lib/python3.11/site-packages/airflow/example_dags/example_short_circuit_decorator.py for tasks to queue
[2024-04-04T00:16:57.310+0000] {logging_mixin.py:188} INFO - [2024-04-04T00:16:57.310+0000] {dagbag.py:540} INFO - Filling up the DagBag from /home/datatalks_jan/anaconda3/lib/python3.11/site-packages/airflow/example_dags/example_short_circuit_decorator.py
[2024-04-04T00:16:57.327+0000] {processor.py:840} INFO - DAG(s) 'example_short_circuit_decorator' retrieved from /home/datatalks_jan/anaconda3/lib/python3.11/site-packages/airflow/example_dags/example_short_circuit_decorator.py
[2024-04-04T00:16:57.352+0000] {logging_mixin.py:188} INFO - [2024-04-04T00:16:57.352+0000] {dag.py:3047} INFO - Sync 1 DAGs
[2024-04-04T00:16:57.376+0000] {logging_mixin.py:188} INFO - [2024-04-04T00:16:57.375+0000] {dag.py:3834} INFO - Setting next_dagrun for example_short_circuit_decorator to 2024-04-03 00:00:00+00:00, run_after=2024-04-04 00:00:00+00:00
[2024-04-04T00:16:57.401+0000] {processor.py:183} INFO - Processing /home/datatalks_jan/anaconda3/lib/python3.11/site-packages/airflow/example_dags/example_short_circuit_decorator.py took 0.100 seconds
[2024-04-04T00:17:42.653+0000] {processor.py:161} INFO - Started process (PID=104115) to work on /home/datatalks_jan/anaconda3/lib/python3.11/site-packages/airflow/example_dags/example_short_circuit_decorator.py
[2024-04-04T00:17:42.655+0000] {processor.py:830} INFO - Processing file /home/datatalks_jan/anaconda3/lib/python3.11/site-packages/airflow/example_dags/example_short_circuit_decorator.py for tasks to queue
[2024-04-04T00:17:42.657+0000] {logging_mixin.py:188} INFO - [2024-04-04T00:17:42.656+0000] {dagbag.py:540} INFO - Filling up the DagBag from /home/datatalks_jan/anaconda3/lib/python3.11/site-packages/airflow/example_dags/example_short_circuit_decorator.py
[2024-04-04T00:17:42.672+0000] {processor.py:840} INFO - DAG(s) 'example_short_circuit_decorator' retrieved from /home/datatalks_jan/anaconda3/lib/python3.11/site-packages/airflow/example_dags/example_short_circuit_decorator.py
[2024-04-04T00:17:42.698+0000] {logging_mixin.py:188} INFO - [2024-04-04T00:17:42.698+0000] {dag.py:3047} INFO - Sync 1 DAGs
[2024-04-04T00:17:42.732+0000] {logging_mixin.py:188} INFO - [2024-04-04T00:17:42.731+0000] {dag.py:3834} INFO - Setting next_dagrun for example_short_circuit_decorator to 2024-04-03 00:00:00+00:00, run_after=2024-04-04 00:00:00+00:00
[2024-04-04T00:17:42.770+0000] {processor.py:183} INFO - Processing /home/datatalks_jan/anaconda3/lib/python3.11/site-packages/airflow/example_dags/example_short_circuit_decorator.py took 0.122 seconds
[2024-04-04T00:18:30.234+0000] {processor.py:161} INFO - Started process (PID=104370) to work on /home/datatalks_jan/anaconda3/lib/python3.11/site-packages/airflow/example_dags/example_short_circuit_decorator.py
[2024-04-04T00:18:30.237+0000] {processor.py:830} INFO - Processing file /home/datatalks_jan/anaconda3/lib/python3.11/site-packages/airflow/example_dags/example_short_circuit_decorator.py for tasks to queue
[2024-04-04T00:18:30.238+0000] {logging_mixin.py:188} INFO - [2024-04-04T00:18:30.237+0000] {dagbag.py:540} INFO - Filling up the DagBag from /home/datatalks_jan/anaconda3/lib/python3.11/site-packages/airflow/example_dags/example_short_circuit_decorator.py
[2024-04-04T00:18:30.255+0000] {processor.py:840} INFO - DAG(s) 'example_short_circuit_decorator' retrieved from /home/datatalks_jan/anaconda3/lib/python3.11/site-packages/airflow/example_dags/example_short_circuit_decorator.py
[2024-04-04T00:18:30.286+0000] {logging_mixin.py:188} INFO - [2024-04-04T00:18:30.286+0000] {dag.py:3047} INFO - Sync 1 DAGs
[2024-04-04T00:18:30.315+0000] {logging_mixin.py:188} INFO - [2024-04-04T00:18:30.315+0000] {dag.py:3834} INFO - Setting next_dagrun for example_short_circuit_decorator to 2024-04-03 00:00:00+00:00, run_after=2024-04-04 00:00:00+00:00
[2024-04-04T00:18:30.349+0000] {processor.py:183} INFO - Processing /home/datatalks_jan/anaconda3/lib/python3.11/site-packages/airflow/example_dags/example_short_circuit_decorator.py took 0.121 seconds
[2024-04-04T00:19:29.903+0000] {processor.py:161} INFO - Started process (PID=104484) to work on /home/datatalks_jan/anaconda3/lib/python3.11/site-packages/airflow/example_dags/example_short_circuit_decorator.py
[2024-04-04T00:19:29.905+0000] {processor.py:830} INFO - Processing file /home/datatalks_jan/anaconda3/lib/python3.11/site-packages/airflow/example_dags/example_short_circuit_decorator.py for tasks to queue
[2024-04-04T00:19:29.907+0000] {logging_mixin.py:188} INFO - [2024-04-04T00:19:29.906+0000] {dagbag.py:540} INFO - Filling up the DagBag from /home/datatalks_jan/anaconda3/lib/python3.11/site-packages/airflow/example_dags/example_short_circuit_decorator.py
[2024-04-04T00:19:29.922+0000] {processor.py:840} INFO - DAG(s) 'example_short_circuit_decorator' retrieved from /home/datatalks_jan/anaconda3/lib/python3.11/site-packages/airflow/example_dags/example_short_circuit_decorator.py
[2024-04-04T00:19:29.950+0000] {logging_mixin.py:188} INFO - [2024-04-04T00:19:29.949+0000] {dag.py:3047} INFO - Sync 1 DAGs
[2024-04-04T00:19:29.974+0000] {logging_mixin.py:188} INFO - [2024-04-04T00:19:29.974+0000] {dag.py:3834} INFO - Setting next_dagrun for example_short_circuit_decorator to 2024-04-03 00:00:00+00:00, run_after=2024-04-04 00:00:00+00:00
[2024-04-04T00:19:30.001+0000] {processor.py:183} INFO - Processing /home/datatalks_jan/anaconda3/lib/python3.11/site-packages/airflow/example_dags/example_short_circuit_decorator.py took 0.103 seconds
[2024-04-04T00:20:13.172+0000] {processor.py:161} INFO - Started process (PID=104530) to work on /home/datatalks_jan/anaconda3/lib/python3.11/site-packages/airflow/example_dags/example_short_circuit_decorator.py
[2024-04-04T00:20:13.174+0000] {processor.py:830} INFO - Processing file /home/datatalks_jan/anaconda3/lib/python3.11/site-packages/airflow/example_dags/example_short_circuit_decorator.py for tasks to queue
[2024-04-04T00:20:13.175+0000] {logging_mixin.py:188} INFO - [2024-04-04T00:20:13.175+0000] {dagbag.py:540} INFO - Filling up the DagBag from /home/datatalks_jan/anaconda3/lib/python3.11/site-packages/airflow/example_dags/example_short_circuit_decorator.py
[2024-04-04T00:20:13.191+0000] {processor.py:840} INFO - DAG(s) 'example_short_circuit_decorator' retrieved from /home/datatalks_jan/anaconda3/lib/python3.11/site-packages/airflow/example_dags/example_short_circuit_decorator.py
[2024-04-04T00:20:13.218+0000] {logging_mixin.py:188} INFO - [2024-04-04T00:20:13.217+0000] {dag.py:3047} INFO - Sync 1 DAGs
[2024-04-04T00:20:13.241+0000] {logging_mixin.py:188} INFO - [2024-04-04T00:20:13.241+0000] {dag.py:3834} INFO - Setting next_dagrun for example_short_circuit_decorator to 2024-04-03 00:00:00+00:00, run_after=2024-04-04 00:00:00+00:00
[2024-04-04T00:20:13.270+0000] {processor.py:183} INFO - Processing /home/datatalks_jan/anaconda3/lib/python3.11/site-packages/airflow/example_dags/example_short_circuit_decorator.py took 0.103 seconds
[2024-04-04T00:20:56.238+0000] {processor.py:161} INFO - Started process (PID=104687) to work on /home/datatalks_jan/anaconda3/lib/python3.11/site-packages/airflow/example_dags/example_short_circuit_decorator.py
[2024-04-04T00:20:56.241+0000] {processor.py:830} INFO - Processing file /home/datatalks_jan/anaconda3/lib/python3.11/site-packages/airflow/example_dags/example_short_circuit_decorator.py for tasks to queue
[2024-04-04T00:20:56.242+0000] {logging_mixin.py:188} INFO - [2024-04-04T00:20:56.241+0000] {dagbag.py:540} INFO - Filling up the DagBag from /home/datatalks_jan/anaconda3/lib/python3.11/site-packages/airflow/example_dags/example_short_circuit_decorator.py
[2024-04-04T00:20:56.259+0000] {processor.py:840} INFO - DAG(s) 'example_short_circuit_decorator' retrieved from /home/datatalks_jan/anaconda3/lib/python3.11/site-packages/airflow/example_dags/example_short_circuit_decorator.py
[2024-04-04T00:20:56.288+0000] {logging_mixin.py:188} INFO - [2024-04-04T00:20:56.288+0000] {dag.py:3047} INFO - Sync 1 DAGs
[2024-04-04T00:20:56.321+0000] {logging_mixin.py:188} INFO - [2024-04-04T00:20:56.321+0000] {dag.py:3834} INFO - Setting next_dagrun for example_short_circuit_decorator to 2024-04-03 00:00:00+00:00, run_after=2024-04-04 00:00:00+00:00
[2024-04-04T00:20:56.355+0000] {processor.py:183} INFO - Processing /home/datatalks_jan/anaconda3/lib/python3.11/site-packages/airflow/example_dags/example_short_circuit_decorator.py took 0.122 seconds
[2024-04-04T00:21:42.637+0000] {processor.py:161} INFO - Started process (PID=104735) to work on /home/datatalks_jan/anaconda3/lib/python3.11/site-packages/airflow/example_dags/example_short_circuit_decorator.py
[2024-04-04T00:21:42.640+0000] {processor.py:830} INFO - Processing file /home/datatalks_jan/anaconda3/lib/python3.11/site-packages/airflow/example_dags/example_short_circuit_decorator.py for tasks to queue
[2024-04-04T00:21:42.641+0000] {logging_mixin.py:188} INFO - [2024-04-04T00:21:42.640+0000] {dagbag.py:540} INFO - Filling up the DagBag from /home/datatalks_jan/anaconda3/lib/python3.11/site-packages/airflow/example_dags/example_short_circuit_decorator.py
[2024-04-04T00:21:42.660+0000] {processor.py:840} INFO - DAG(s) 'example_short_circuit_decorator' retrieved from /home/datatalks_jan/anaconda3/lib/python3.11/site-packages/airflow/example_dags/example_short_circuit_decorator.py
[2024-04-04T00:21:42.691+0000] {logging_mixin.py:188} INFO - [2024-04-04T00:21:42.691+0000] {dag.py:3047} INFO - Sync 1 DAGs
[2024-04-04T00:21:42.718+0000] {logging_mixin.py:188} INFO - [2024-04-04T00:21:42.718+0000] {dag.py:3834} INFO - Setting next_dagrun for example_short_circuit_decorator to 2024-04-03 00:00:00+00:00, run_after=2024-04-04 00:00:00+00:00
[2024-04-04T00:21:42.752+0000] {processor.py:183} INFO - Processing /home/datatalks_jan/anaconda3/lib/python3.11/site-packages/airflow/example_dags/example_short_circuit_decorator.py took 0.121 seconds
[2024-04-04T00:22:28.490+0000] {processor.py:161} INFO - Started process (PID=104781) to work on /home/datatalks_jan/anaconda3/lib/python3.11/site-packages/airflow/example_dags/example_short_circuit_decorator.py
[2024-04-04T00:22:28.492+0000] {processor.py:830} INFO - Processing file /home/datatalks_jan/anaconda3/lib/python3.11/site-packages/airflow/example_dags/example_short_circuit_decorator.py for tasks to queue
[2024-04-04T00:22:28.493+0000] {logging_mixin.py:188} INFO - [2024-04-04T00:22:28.493+0000] {dagbag.py:540} INFO - Filling up the DagBag from /home/datatalks_jan/anaconda3/lib/python3.11/site-packages/airflow/example_dags/example_short_circuit_decorator.py
[2024-04-04T00:22:28.508+0000] {processor.py:840} INFO - DAG(s) 'example_short_circuit_decorator' retrieved from /home/datatalks_jan/anaconda3/lib/python3.11/site-packages/airflow/example_dags/example_short_circuit_decorator.py
[2024-04-04T00:22:28.533+0000] {logging_mixin.py:188} INFO - [2024-04-04T00:22:28.533+0000] {dag.py:3047} INFO - Sync 1 DAGs
[2024-04-04T00:22:28.557+0000] {logging_mixin.py:188} INFO - [2024-04-04T00:22:28.557+0000] {dag.py:3834} INFO - Setting next_dagrun for example_short_circuit_decorator to 2024-04-03 00:00:00+00:00, run_after=2024-04-04 00:00:00+00:00
[2024-04-04T00:22:28.584+0000] {processor.py:183} INFO - Processing /home/datatalks_jan/anaconda3/lib/python3.11/site-packages/airflow/example_dags/example_short_circuit_decorator.py took 0.100 seconds
[2024-04-04T00:23:15.638+0000] {processor.py:161} INFO - Started process (PID=104827) to work on /home/datatalks_jan/anaconda3/lib/python3.11/site-packages/airflow/example_dags/example_short_circuit_decorator.py
[2024-04-04T00:23:15.640+0000] {processor.py:830} INFO - Processing file /home/datatalks_jan/anaconda3/lib/python3.11/site-packages/airflow/example_dags/example_short_circuit_decorator.py for tasks to queue
[2024-04-04T00:23:15.642+0000] {logging_mixin.py:188} INFO - [2024-04-04T00:23:15.641+0000] {dagbag.py:540} INFO - Filling up the DagBag from /home/datatalks_jan/anaconda3/lib/python3.11/site-packages/airflow/example_dags/example_short_circuit_decorator.py
[2024-04-04T00:23:15.660+0000] {processor.py:840} INFO - DAG(s) 'example_short_circuit_decorator' retrieved from /home/datatalks_jan/anaconda3/lib/python3.11/site-packages/airflow/example_dags/example_short_circuit_decorator.py
[2024-04-04T00:23:15.694+0000] {logging_mixin.py:188} INFO - [2024-04-04T00:23:15.693+0000] {dag.py:3047} INFO - Sync 1 DAGs
[2024-04-04T00:23:15.722+0000] {logging_mixin.py:188} INFO - [2024-04-04T00:23:15.722+0000] {dag.py:3834} INFO - Setting next_dagrun for example_short_circuit_decorator to 2024-04-03 00:00:00+00:00, run_after=2024-04-04 00:00:00+00:00
[2024-04-04T00:23:15.751+0000] {processor.py:183} INFO - Processing /home/datatalks_jan/anaconda3/lib/python3.11/site-packages/airflow/example_dags/example_short_circuit_decorator.py took 0.119 seconds
[2024-04-04T00:24:03.865+0000] {processor.py:161} INFO - Started process (PID=104942) to work on /home/datatalks_jan/anaconda3/lib/python3.11/site-packages/airflow/example_dags/example_short_circuit_decorator.py
[2024-04-04T00:24:03.867+0000] {processor.py:830} INFO - Processing file /home/datatalks_jan/anaconda3/lib/python3.11/site-packages/airflow/example_dags/example_short_circuit_decorator.py for tasks to queue
[2024-04-04T00:24:03.869+0000] {logging_mixin.py:188} INFO - [2024-04-04T00:24:03.868+0000] {dagbag.py:540} INFO - Filling up the DagBag from /home/datatalks_jan/anaconda3/lib/python3.11/site-packages/airflow/example_dags/example_short_circuit_decorator.py
[2024-04-04T00:24:03.886+0000] {processor.py:840} INFO - DAG(s) 'example_short_circuit_decorator' retrieved from /home/datatalks_jan/anaconda3/lib/python3.11/site-packages/airflow/example_dags/example_short_circuit_decorator.py
[2024-04-04T00:24:03.915+0000] {logging_mixin.py:188} INFO - [2024-04-04T00:24:03.915+0000] {dag.py:3047} INFO - Sync 1 DAGs
[2024-04-04T00:24:03.947+0000] {logging_mixin.py:188} INFO - [2024-04-04T00:24:03.947+0000] {dag.py:3834} INFO - Setting next_dagrun for example_short_circuit_decorator to 2024-04-03 00:00:00+00:00, run_after=2024-04-04 00:00:00+00:00
[2024-04-04T00:24:03.985+0000] {processor.py:183} INFO - Processing /home/datatalks_jan/anaconda3/lib/python3.11/site-packages/airflow/example_dags/example_short_circuit_decorator.py took 0.126 seconds
[2024-04-04T00:24:54.510+0000] {processor.py:161} INFO - Started process (PID=104994) to work on /home/datatalks_jan/anaconda3/lib/python3.11/site-packages/airflow/example_dags/example_short_circuit_decorator.py
[2024-04-04T00:24:54.513+0000] {processor.py:830} INFO - Processing file /home/datatalks_jan/anaconda3/lib/python3.11/site-packages/airflow/example_dags/example_short_circuit_decorator.py for tasks to queue
[2024-04-04T00:24:54.515+0000] {logging_mixin.py:188} INFO - [2024-04-04T00:24:54.514+0000] {dagbag.py:540} INFO - Filling up the DagBag from /home/datatalks_jan/anaconda3/lib/python3.11/site-packages/airflow/example_dags/example_short_circuit_decorator.py
[2024-04-04T00:24:54.542+0000] {processor.py:840} INFO - DAG(s) 'example_short_circuit_decorator' retrieved from /home/datatalks_jan/anaconda3/lib/python3.11/site-packages/airflow/example_dags/example_short_circuit_decorator.py
[2024-04-04T00:24:54.577+0000] {logging_mixin.py:188} INFO - [2024-04-04T00:24:54.577+0000] {dag.py:3047} INFO - Sync 1 DAGs
[2024-04-04T00:24:54.608+0000] {logging_mixin.py:188} INFO - [2024-04-04T00:24:54.608+0000] {dag.py:3834} INFO - Setting next_dagrun for example_short_circuit_decorator to 2024-04-03 00:00:00+00:00, run_after=2024-04-04 00:00:00+00:00
[2024-04-04T00:24:54.645+0000] {processor.py:183} INFO - Processing /home/datatalks_jan/anaconda3/lib/python3.11/site-packages/airflow/example_dags/example_short_circuit_decorator.py took 0.143 seconds
[2024-04-04T00:25:42.601+0000] {processor.py:161} INFO - Started process (PID=105082) to work on /home/datatalks_jan/anaconda3/lib/python3.11/site-packages/airflow/example_dags/example_short_circuit_decorator.py
[2024-04-04T00:25:42.604+0000] {processor.py:830} INFO - Processing file /home/datatalks_jan/anaconda3/lib/python3.11/site-packages/airflow/example_dags/example_short_circuit_decorator.py for tasks to queue
[2024-04-04T00:25:42.605+0000] {logging_mixin.py:188} INFO - [2024-04-04T00:25:42.604+0000] {dagbag.py:540} INFO - Filling up the DagBag from /home/datatalks_jan/anaconda3/lib/python3.11/site-packages/airflow/example_dags/example_short_circuit_decorator.py
[2024-04-04T00:25:42.620+0000] {processor.py:840} INFO - DAG(s) 'example_short_circuit_decorator' retrieved from /home/datatalks_jan/anaconda3/lib/python3.11/site-packages/airflow/example_dags/example_short_circuit_decorator.py
[2024-04-04T00:25:42.646+0000] {logging_mixin.py:188} INFO - [2024-04-04T00:25:42.646+0000] {dag.py:3047} INFO - Sync 1 DAGs
[2024-04-04T00:25:42.670+0000] {logging_mixin.py:188} INFO - [2024-04-04T00:25:42.669+0000] {dag.py:3834} INFO - Setting next_dagrun for example_short_circuit_decorator to 2024-04-03 00:00:00+00:00, run_after=2024-04-04 00:00:00+00:00
[2024-04-04T00:25:42.695+0000] {processor.py:183} INFO - Processing /home/datatalks_jan/anaconda3/lib/python3.11/site-packages/airflow/example_dags/example_short_circuit_decorator.py took 0.099 seconds
[2024-04-04T00:26:28.278+0000] {processor.py:161} INFO - Started process (PID=105141) to work on /home/datatalks_jan/anaconda3/lib/python3.11/site-packages/airflow/example_dags/example_short_circuit_decorator.py
[2024-04-04T00:26:28.280+0000] {processor.py:830} INFO - Processing file /home/datatalks_jan/anaconda3/lib/python3.11/site-packages/airflow/example_dags/example_short_circuit_decorator.py for tasks to queue
[2024-04-04T00:26:28.281+0000] {logging_mixin.py:188} INFO - [2024-04-04T00:26:28.281+0000] {dagbag.py:540} INFO - Filling up the DagBag from /home/datatalks_jan/anaconda3/lib/python3.11/site-packages/airflow/example_dags/example_short_circuit_decorator.py
[2024-04-04T00:26:28.297+0000] {processor.py:840} INFO - DAG(s) 'example_short_circuit_decorator' retrieved from /home/datatalks_jan/anaconda3/lib/python3.11/site-packages/airflow/example_dags/example_short_circuit_decorator.py
[2024-04-04T00:26:28.327+0000] {logging_mixin.py:188} INFO - [2024-04-04T00:26:28.326+0000] {dag.py:3047} INFO - Sync 1 DAGs
[2024-04-04T00:26:28.353+0000] {logging_mixin.py:188} INFO - [2024-04-04T00:26:28.353+0000] {dag.py:3834} INFO - Setting next_dagrun for example_short_circuit_decorator to 2024-04-03 00:00:00+00:00, run_after=2024-04-04 00:00:00+00:00
[2024-04-04T00:26:28.381+0000] {processor.py:183} INFO - Processing /home/datatalks_jan/anaconda3/lib/python3.11/site-packages/airflow/example_dags/example_short_circuit_decorator.py took 0.108 seconds
[2024-04-04T00:27:11.811+0000] {processor.py:161} INFO - Started process (PID=105193) to work on /home/datatalks_jan/anaconda3/lib/python3.11/site-packages/airflow/example_dags/example_short_circuit_decorator.py
[2024-04-04T00:27:11.814+0000] {processor.py:830} INFO - Processing file /home/datatalks_jan/anaconda3/lib/python3.11/site-packages/airflow/example_dags/example_short_circuit_decorator.py for tasks to queue
[2024-04-04T00:27:11.816+0000] {logging_mixin.py:188} INFO - [2024-04-04T00:27:11.815+0000] {dagbag.py:540} INFO - Filling up the DagBag from /home/datatalks_jan/anaconda3/lib/python3.11/site-packages/airflow/example_dags/example_short_circuit_decorator.py
[2024-04-04T00:27:11.837+0000] {processor.py:840} INFO - DAG(s) 'example_short_circuit_decorator' retrieved from /home/datatalks_jan/anaconda3/lib/python3.11/site-packages/airflow/example_dags/example_short_circuit_decorator.py
[2024-04-04T00:27:11.866+0000] {logging_mixin.py:188} INFO - [2024-04-04T00:27:11.866+0000] {dag.py:3047} INFO - Sync 1 DAGs
[2024-04-04T00:27:11.892+0000] {logging_mixin.py:188} INFO - [2024-04-04T00:27:11.892+0000] {dag.py:3834} INFO - Setting next_dagrun for example_short_circuit_decorator to 2024-04-03 00:00:00+00:00, run_after=2024-04-04 00:00:00+00:00
[2024-04-04T00:27:11.924+0000] {processor.py:183} INFO - Processing /home/datatalks_jan/anaconda3/lib/python3.11/site-packages/airflow/example_dags/example_short_circuit_decorator.py took 0.120 seconds
[2024-04-04T00:27:59.826+0000] {processor.py:161} INFO - Started process (PID=105240) to work on /home/datatalks_jan/anaconda3/lib/python3.11/site-packages/airflow/example_dags/example_short_circuit_decorator.py
[2024-04-04T00:27:59.828+0000] {processor.py:830} INFO - Processing file /home/datatalks_jan/anaconda3/lib/python3.11/site-packages/airflow/example_dags/example_short_circuit_decorator.py for tasks to queue
[2024-04-04T00:27:59.830+0000] {logging_mixin.py:188} INFO - [2024-04-04T00:27:59.829+0000] {dagbag.py:540} INFO - Filling up the DagBag from /home/datatalks_jan/anaconda3/lib/python3.11/site-packages/airflow/example_dags/example_short_circuit_decorator.py
[2024-04-04T00:27:59.845+0000] {processor.py:840} INFO - DAG(s) 'example_short_circuit_decorator' retrieved from /home/datatalks_jan/anaconda3/lib/python3.11/site-packages/airflow/example_dags/example_short_circuit_decorator.py
[2024-04-04T00:27:59.871+0000] {logging_mixin.py:188} INFO - [2024-04-04T00:27:59.871+0000] {dag.py:3047} INFO - Sync 1 DAGs
[2024-04-04T00:27:59.896+0000] {logging_mixin.py:188} INFO - [2024-04-04T00:27:59.896+0000] {dag.py:3834} INFO - Setting next_dagrun for example_short_circuit_decorator to 2024-04-03 00:00:00+00:00, run_after=2024-04-04 00:00:00+00:00
[2024-04-04T00:27:59.922+0000] {processor.py:183} INFO - Processing /home/datatalks_jan/anaconda3/lib/python3.11/site-packages/airflow/example_dags/example_short_circuit_decorator.py took 0.101 seconds
[2024-04-04T00:28:51.022+0000] {processor.py:161} INFO - Started process (PID=105471) to work on /home/datatalks_jan/anaconda3/lib/python3.11/site-packages/airflow/example_dags/example_short_circuit_decorator.py
[2024-04-04T00:28:51.025+0000] {processor.py:830} INFO - Processing file /home/datatalks_jan/anaconda3/lib/python3.11/site-packages/airflow/example_dags/example_short_circuit_decorator.py for tasks to queue
[2024-04-04T00:28:51.026+0000] {logging_mixin.py:188} INFO - [2024-04-04T00:28:51.025+0000] {dagbag.py:540} INFO - Filling up the DagBag from /home/datatalks_jan/anaconda3/lib/python3.11/site-packages/airflow/example_dags/example_short_circuit_decorator.py
[2024-04-04T00:28:51.047+0000] {processor.py:840} INFO - DAG(s) 'example_short_circuit_decorator' retrieved from /home/datatalks_jan/anaconda3/lib/python3.11/site-packages/airflow/example_dags/example_short_circuit_decorator.py
[2024-04-04T00:28:51.076+0000] {logging_mixin.py:188} INFO - [2024-04-04T00:28:51.076+0000] {dag.py:3047} INFO - Sync 1 DAGs
[2024-04-04T00:28:51.103+0000] {logging_mixin.py:188} INFO - [2024-04-04T00:28:51.103+0000] {dag.py:3834} INFO - Setting next_dagrun for example_short_circuit_decorator to 2024-04-03 00:00:00+00:00, run_after=2024-04-04 00:00:00+00:00
[2024-04-04T00:28:51.132+0000] {processor.py:183} INFO - Processing /home/datatalks_jan/anaconda3/lib/python3.11/site-packages/airflow/example_dags/example_short_circuit_decorator.py took 0.118 seconds
[2024-04-04T00:29:41.762+0000] {processor.py:161} INFO - Started process (PID=105731) to work on /home/datatalks_jan/anaconda3/lib/python3.11/site-packages/airflow/example_dags/example_short_circuit_decorator.py
[2024-04-04T00:29:41.765+0000] {processor.py:830} INFO - Processing file /home/datatalks_jan/anaconda3/lib/python3.11/site-packages/airflow/example_dags/example_short_circuit_decorator.py for tasks to queue
[2024-04-04T00:29:41.766+0000] {logging_mixin.py:188} INFO - [2024-04-04T00:29:41.766+0000] {dagbag.py:540} INFO - Filling up the DagBag from /home/datatalks_jan/anaconda3/lib/python3.11/site-packages/airflow/example_dags/example_short_circuit_decorator.py
[2024-04-04T00:29:41.782+0000] {processor.py:840} INFO - DAG(s) 'example_short_circuit_decorator' retrieved from /home/datatalks_jan/anaconda3/lib/python3.11/site-packages/airflow/example_dags/example_short_circuit_decorator.py
[2024-04-04T00:29:41.808+0000] {logging_mixin.py:188} INFO - [2024-04-04T00:29:41.808+0000] {dag.py:3047} INFO - Sync 1 DAGs
[2024-04-04T00:29:41.831+0000] {logging_mixin.py:188} INFO - [2024-04-04T00:29:41.831+0000] {dag.py:3834} INFO - Setting next_dagrun for example_short_circuit_decorator to 2024-04-03 00:00:00+00:00, run_after=2024-04-04 00:00:00+00:00
[2024-04-04T00:29:41.858+0000] {processor.py:183} INFO - Processing /home/datatalks_jan/anaconda3/lib/python3.11/site-packages/airflow/example_dags/example_short_circuit_decorator.py took 0.101 seconds
[2024-04-04T00:30:23.832+0000] {processor.py:161} INFO - Started process (PID=105836) to work on /home/datatalks_jan/anaconda3/lib/python3.11/site-packages/airflow/example_dags/example_short_circuit_decorator.py
[2024-04-04T00:30:23.834+0000] {processor.py:830} INFO - Processing file /home/datatalks_jan/anaconda3/lib/python3.11/site-packages/airflow/example_dags/example_short_circuit_decorator.py for tasks to queue
[2024-04-04T00:30:23.835+0000] {logging_mixin.py:188} INFO - [2024-04-04T00:30:23.834+0000] {dagbag.py:540} INFO - Filling up the DagBag from /home/datatalks_jan/anaconda3/lib/python3.11/site-packages/airflow/example_dags/example_short_circuit_decorator.py
[2024-04-04T00:30:23.850+0000] {processor.py:840} INFO - DAG(s) 'example_short_circuit_decorator' retrieved from /home/datatalks_jan/anaconda3/lib/python3.11/site-packages/airflow/example_dags/example_short_circuit_decorator.py
[2024-04-04T00:30:23.874+0000] {logging_mixin.py:188} INFO - [2024-04-04T00:30:23.874+0000] {dag.py:3047} INFO - Sync 1 DAGs
[2024-04-04T00:30:23.898+0000] {logging_mixin.py:188} INFO - [2024-04-04T00:30:23.897+0000] {dag.py:3834} INFO - Setting next_dagrun for example_short_circuit_decorator to 2024-04-03 00:00:00+00:00, run_after=2024-04-04 00:00:00+00:00
[2024-04-04T00:30:23.924+0000] {processor.py:183} INFO - Processing /home/datatalks_jan/anaconda3/lib/python3.11/site-packages/airflow/example_dags/example_short_circuit_decorator.py took 0.097 seconds
[2024-04-04T00:31:15.660+0000] {processor.py:161} INFO - Started process (PID=105947) to work on /home/datatalks_jan/anaconda3/lib/python3.11/site-packages/airflow/example_dags/example_short_circuit_decorator.py
[2024-04-04T00:31:15.662+0000] {processor.py:830} INFO - Processing file /home/datatalks_jan/anaconda3/lib/python3.11/site-packages/airflow/example_dags/example_short_circuit_decorator.py for tasks to queue
[2024-04-04T00:31:15.664+0000] {logging_mixin.py:188} INFO - [2024-04-04T00:31:15.663+0000] {dagbag.py:540} INFO - Filling up the DagBag from /home/datatalks_jan/anaconda3/lib/python3.11/site-packages/airflow/example_dags/example_short_circuit_decorator.py
[2024-04-04T00:31:15.678+0000] {processor.py:840} INFO - DAG(s) 'example_short_circuit_decorator' retrieved from /home/datatalks_jan/anaconda3/lib/python3.11/site-packages/airflow/example_dags/example_short_circuit_decorator.py
[2024-04-04T00:31:15.703+0000] {logging_mixin.py:188} INFO - [2024-04-04T00:31:15.702+0000] {dag.py:3047} INFO - Sync 1 DAGs
[2024-04-04T00:31:15.725+0000] {logging_mixin.py:188} INFO - [2024-04-04T00:31:15.724+0000] {dag.py:3834} INFO - Setting next_dagrun for example_short_circuit_decorator to 2024-04-03 00:00:00+00:00, run_after=2024-04-04 00:00:00+00:00
[2024-04-04T00:31:15.750+0000] {processor.py:183} INFO - Processing /home/datatalks_jan/anaconda3/lib/python3.11/site-packages/airflow/example_dags/example_short_circuit_decorator.py took 0.095 seconds
