[2024-04-04T00:06:31.089+0000] {processor.py:161} INFO - Started process (PID=99567) to work on /home/datatalks_jan/anaconda3/lib/python3.11/site-packages/airflow/example_dags/example_branch_python_dop_operator_3.py
[2024-04-04T00:06:31.090+0000] {processor.py:830} INFO - Processing file /home/datatalks_jan/anaconda3/lib/python3.11/site-packages/airflow/example_dags/example_branch_python_dop_operator_3.py for tasks to queue
[2024-04-04T00:06:31.092+0000] {logging_mixin.py:188} INFO - [2024-04-04T00:06:31.091+0000] {dagbag.py:540} INFO - Filling up the DagBag from /home/datatalks_jan/anaconda3/lib/python3.11/site-packages/airflow/example_dags/example_branch_python_dop_operator_3.py
[2024-04-04T00:06:31.104+0000] {processor.py:840} INFO - DAG(s) 'example_branch_dop_operator_v3' retrieved from /home/datatalks_jan/anaconda3/lib/python3.11/site-packages/airflow/example_dags/example_branch_python_dop_operator_3.py
[2024-04-04T00:06:31.128+0000] {logging_mixin.py:188} INFO - [2024-04-04T00:06:31.128+0000] {dag.py:3047} INFO - Sync 1 DAGs
[2024-04-04T00:06:31.154+0000] {logging_mixin.py:188} INFO - [2024-04-04T00:06:31.154+0000] {dag.py:3834} INFO - Setting next_dagrun for example_branch_dop_operator_v3 to 2024-04-04 00:05:00+00:00, run_after=2024-04-04 00:06:00+00:00
[2024-04-04T00:06:31.180+0000] {processor.py:183} INFO - Processing /home/datatalks_jan/anaconda3/lib/python3.11/site-packages/airflow/example_dags/example_branch_python_dop_operator_3.py took 0.096 seconds
[2024-04-04T00:07:37.803+0000] {processor.py:161} INFO - Started process (PID=99958) to work on /home/datatalks_jan/anaconda3/lib/python3.11/site-packages/airflow/example_dags/example_branch_python_dop_operator_3.py
[2024-04-04T00:07:37.805+0000] {processor.py:830} INFO - Processing file /home/datatalks_jan/anaconda3/lib/python3.11/site-packages/airflow/example_dags/example_branch_python_dop_operator_3.py for tasks to queue
[2024-04-04T00:07:37.807+0000] {logging_mixin.py:188} INFO - [2024-04-04T00:07:37.806+0000] {dagbag.py:540} INFO - Filling up the DagBag from /home/datatalks_jan/anaconda3/lib/python3.11/site-packages/airflow/example_dags/example_branch_python_dop_operator_3.py
[2024-04-04T00:07:37.820+0000] {processor.py:840} INFO - DAG(s) 'example_branch_dop_operator_v3' retrieved from /home/datatalks_jan/anaconda3/lib/python3.11/site-packages/airflow/example_dags/example_branch_python_dop_operator_3.py
[2024-04-04T00:07:37.847+0000] {logging_mixin.py:188} INFO - [2024-04-04T00:07:37.847+0000] {dag.py:3047} INFO - Sync 1 DAGs
[2024-04-04T00:07:37.875+0000] {logging_mixin.py:188} INFO - [2024-04-04T00:07:37.875+0000] {dag.py:3834} INFO - Setting next_dagrun for example_branch_dop_operator_v3 to 2024-04-04 00:06:00+00:00, run_after=2024-04-04 00:07:00+00:00
[2024-04-04T00:07:37.902+0000] {processor.py:183} INFO - Processing /home/datatalks_jan/anaconda3/lib/python3.11/site-packages/airflow/example_dags/example_branch_python_dop_operator_3.py took 0.104 seconds
[2024-04-04T00:08:45.169+0000] {processor.py:161} INFO - Started process (PID=100361) to work on /home/datatalks_jan/anaconda3/lib/python3.11/site-packages/airflow/example_dags/example_branch_python_dop_operator_3.py
[2024-04-04T00:08:45.171+0000] {processor.py:830} INFO - Processing file /home/datatalks_jan/anaconda3/lib/python3.11/site-packages/airflow/example_dags/example_branch_python_dop_operator_3.py for tasks to queue
[2024-04-04T00:08:45.173+0000] {logging_mixin.py:188} INFO - [2024-04-04T00:08:45.172+0000] {dagbag.py:540} INFO - Filling up the DagBag from /home/datatalks_jan/anaconda3/lib/python3.11/site-packages/airflow/example_dags/example_branch_python_dop_operator_3.py
[2024-04-04T00:08:45.185+0000] {processor.py:840} INFO - DAG(s) 'example_branch_dop_operator_v3' retrieved from /home/datatalks_jan/anaconda3/lib/python3.11/site-packages/airflow/example_dags/example_branch_python_dop_operator_3.py
[2024-04-04T00:08:45.210+0000] {logging_mixin.py:188} INFO - [2024-04-04T00:08:45.209+0000] {dag.py:3047} INFO - Sync 1 DAGs
[2024-04-04T00:08:45.471+0000] {logging_mixin.py:188} INFO - [2024-04-04T00:08:45.471+0000] {dag.py:3834} INFO - Setting next_dagrun for example_branch_dop_operator_v3 to 2024-04-04 00:07:00+00:00, run_after=2024-04-04 00:08:00+00:00
[2024-04-04T00:08:45.498+0000] {processor.py:183} INFO - Processing /home/datatalks_jan/anaconda3/lib/python3.11/site-packages/airflow/example_dags/example_branch_python_dop_operator_3.py took 0.334 seconds
