[2024-04-04T00:06:29.583+0000] {processor.py:161} INFO - Started process (PID=99565) to work on /home/datatalks_jan/anaconda3/lib/python3.11/site-packages/airflow/example_dags/example_external_task_marker_dag.py
[2024-04-04T00:06:29.584+0000] {processor.py:830} INFO - Processing file /home/datatalks_jan/anaconda3/lib/python3.11/site-packages/airflow/example_dags/example_external_task_marker_dag.py for tasks to queue
[2024-04-04T00:06:29.585+0000] {logging_mixin.py:188} INFO - [2024-04-04T00:06:29.585+0000] {dagbag.py:540} INFO - Filling up the DagBag from /home/datatalks_jan/anaconda3/lib/python3.11/site-packages/airflow/example_dags/example_external_task_marker_dag.py
[2024-04-04T00:06:29.598+0000] {processor.py:840} INFO - DAG(s) 'example_external_task_marker_child', 'example_external_task_marker_parent' retrieved from /home/datatalks_jan/anaconda3/lib/python3.11/site-packages/airflow/example_dags/example_external_task_marker_dag.py
[2024-04-04T00:06:29.623+0000] {logging_mixin.py:188} INFO - [2024-04-04T00:06:29.623+0000] {dag.py:3047} INFO - Sync 2 DAGs
[2024-04-04T00:06:29.636+0000] {logging_mixin.py:188} INFO - [2024-04-04T00:06:29.636+0000] {dag.py:3834} INFO - Setting next_dagrun for example_external_task_marker_child to None, run_after=None
[2024-04-04T00:06:29.639+0000] {logging_mixin.py:188} INFO - [2024-04-04T00:06:29.639+0000] {dag.py:3834} INFO - Setting next_dagrun for example_external_task_marker_parent to None, run_after=None
[2024-04-04T00:06:29.664+0000] {processor.py:183} INFO - Processing /home/datatalks_jan/anaconda3/lib/python3.11/site-packages/airflow/example_dags/example_external_task_marker_dag.py took 0.086 seconds
[2024-04-04T00:07:36.228+0000] {processor.py:161} INFO - Started process (PID=99956) to work on /home/datatalks_jan/anaconda3/lib/python3.11/site-packages/airflow/example_dags/example_external_task_marker_dag.py
[2024-04-04T00:07:36.231+0000] {processor.py:830} INFO - Processing file /home/datatalks_jan/anaconda3/lib/python3.11/site-packages/airflow/example_dags/example_external_task_marker_dag.py for tasks to queue
[2024-04-04T00:07:36.232+0000] {logging_mixin.py:188} INFO - [2024-04-04T00:07:36.231+0000] {dagbag.py:540} INFO - Filling up the DagBag from /home/datatalks_jan/anaconda3/lib/python3.11/site-packages/airflow/example_dags/example_external_task_marker_dag.py
[2024-04-04T00:07:36.244+0000] {processor.py:840} INFO - DAG(s) 'example_external_task_marker_parent', 'example_external_task_marker_child' retrieved from /home/datatalks_jan/anaconda3/lib/python3.11/site-packages/airflow/example_dags/example_external_task_marker_dag.py
[2024-04-04T00:07:36.268+0000] {logging_mixin.py:188} INFO - [2024-04-04T00:07:36.268+0000] {dag.py:3047} INFO - Sync 2 DAGs
[2024-04-04T00:07:36.281+0000] {logging_mixin.py:188} INFO - [2024-04-04T00:07:36.281+0000] {dag.py:3834} INFO - Setting next_dagrun for example_external_task_marker_child to None, run_after=None
[2024-04-04T00:07:36.285+0000] {logging_mixin.py:188} INFO - [2024-04-04T00:07:36.284+0000] {dag.py:3834} INFO - Setting next_dagrun for example_external_task_marker_parent to None, run_after=None
[2024-04-04T00:07:36.307+0000] {processor.py:183} INFO - Processing /home/datatalks_jan/anaconda3/lib/python3.11/site-packages/airflow/example_dags/example_external_task_marker_dag.py took 0.084 seconds
[2024-04-04T00:08:42.653+0000] {processor.py:161} INFO - Started process (PID=100344) to work on /home/datatalks_jan/anaconda3/lib/python3.11/site-packages/airflow/example_dags/example_external_task_marker_dag.py
[2024-04-04T00:08:42.656+0000] {processor.py:830} INFO - Processing file /home/datatalks_jan/anaconda3/lib/python3.11/site-packages/airflow/example_dags/example_external_task_marker_dag.py for tasks to queue
[2024-04-04T00:08:42.657+0000] {logging_mixin.py:188} INFO - [2024-04-04T00:08:42.656+0000] {dagbag.py:540} INFO - Filling up the DagBag from /home/datatalks_jan/anaconda3/lib/python3.11/site-packages/airflow/example_dags/example_external_task_marker_dag.py
[2024-04-04T00:08:42.669+0000] {processor.py:840} INFO - DAG(s) 'example_external_task_marker_child', 'example_external_task_marker_parent' retrieved from /home/datatalks_jan/anaconda3/lib/python3.11/site-packages/airflow/example_dags/example_external_task_marker_dag.py
[2024-04-04T00:08:42.695+0000] {logging_mixin.py:188} INFO - [2024-04-04T00:08:42.695+0000] {dag.py:3047} INFO - Sync 2 DAGs
[2024-04-04T00:08:42.922+0000] {logging_mixin.py:188} INFO - [2024-04-04T00:08:42.922+0000] {dag.py:3834} INFO - Setting next_dagrun for example_external_task_marker_child to None, run_after=None
[2024-04-04T00:08:42.926+0000] {logging_mixin.py:188} INFO - [2024-04-04T00:08:42.926+0000] {dag.py:3834} INFO - Setting next_dagrun for example_external_task_marker_parent to None, run_after=None
[2024-04-04T00:08:42.948+0000] {processor.py:183} INFO - Processing /home/datatalks_jan/anaconda3/lib/python3.11/site-packages/airflow/example_dags/example_external_task_marker_dag.py took 0.300 seconds
