[2024-04-04T00:06:33.598+0000] {processor.py:161} INFO - Started process (PID=99570) to work on /home/datatalks_jan/anaconda3/lib/python3.11/site-packages/airflow/example_dags/example_branch_datetime_operator.py
[2024-04-04T00:06:33.599+0000] {processor.py:830} INFO - Processing file /home/datatalks_jan/anaconda3/lib/python3.11/site-packages/airflow/example_dags/example_branch_datetime_operator.py for tasks to queue
[2024-04-04T00:06:33.601+0000] {logging_mixin.py:188} INFO - [2024-04-04T00:06:33.600+0000] {dagbag.py:540} INFO - Filling up the DagBag from /home/datatalks_jan/anaconda3/lib/python3.11/site-packages/airflow/example_dags/example_branch_datetime_operator.py
[2024-04-04T00:06:33.615+0000] {processor.py:840} INFO - DAG(s) 'example_branch_datetime_operator', 'example_branch_datetime_operator_3', 'example_branch_datetime_operator_2' retrieved from /home/datatalks_jan/anaconda3/lib/python3.11/site-packages/airflow/example_dags/example_branch_datetime_operator.py
[2024-04-04T00:06:33.646+0000] {logging_mixin.py:188} INFO - [2024-04-04T00:06:33.646+0000] {dag.py:3047} INFO - Sync 3 DAGs
[2024-04-04T00:06:33.672+0000] {logging_mixin.py:188} INFO - [2024-04-04T00:06:33.672+0000] {dag.py:3834} INFO - Setting next_dagrun for example_branch_datetime_operator to 2024-04-03 00:00:00+00:00, run_after=2024-04-04 00:00:00+00:00
[2024-04-04T00:06:33.677+0000] {logging_mixin.py:188} INFO - [2024-04-04T00:06:33.677+0000] {dag.py:3834} INFO - Setting next_dagrun for example_branch_datetime_operator_2 to 2024-04-03 00:00:00+00:00, run_after=2024-04-04 00:00:00+00:00
[2024-04-04T00:06:33.679+0000] {logging_mixin.py:188} INFO - [2024-04-04T00:06:33.679+0000] {dag.py:3834} INFO - Setting next_dagrun for example_branch_datetime_operator_3 to 2024-04-03 00:00:00+00:00, run_after=2024-04-04 00:00:00+00:00
[2024-04-04T00:06:33.705+0000] {processor.py:183} INFO - Processing /home/datatalks_jan/anaconda3/lib/python3.11/site-packages/airflow/example_dags/example_branch_datetime_operator.py took 0.112 seconds
[2024-04-04T00:07:40.300+0000] {processor.py:161} INFO - Started process (PID=99960) to work on /home/datatalks_jan/anaconda3/lib/python3.11/site-packages/airflow/example_dags/example_branch_datetime_operator.py
[2024-04-04T00:07:40.303+0000] {processor.py:830} INFO - Processing file /home/datatalks_jan/anaconda3/lib/python3.11/site-packages/airflow/example_dags/example_branch_datetime_operator.py for tasks to queue
[2024-04-04T00:07:40.305+0000] {logging_mixin.py:188} INFO - [2024-04-04T00:07:40.304+0000] {dagbag.py:540} INFO - Filling up the DagBag from /home/datatalks_jan/anaconda3/lib/python3.11/site-packages/airflow/example_dags/example_branch_datetime_operator.py
[2024-04-04T00:07:40.322+0000] {processor.py:840} INFO - DAG(s) 'example_branch_datetime_operator', 'example_branch_datetime_operator_2', 'example_branch_datetime_operator_3' retrieved from /home/datatalks_jan/anaconda3/lib/python3.11/site-packages/airflow/example_dags/example_branch_datetime_operator.py
[2024-04-04T00:07:40.359+0000] {logging_mixin.py:188} INFO - [2024-04-04T00:07:40.359+0000] {dag.py:3047} INFO - Sync 3 DAGs
[2024-04-04T00:07:40.387+0000] {logging_mixin.py:188} INFO - [2024-04-04T00:07:40.387+0000] {dag.py:3834} INFO - Setting next_dagrun for example_branch_datetime_operator to 2024-04-03 00:00:00+00:00, run_after=2024-04-04 00:00:00+00:00
[2024-04-04T00:07:40.393+0000] {logging_mixin.py:188} INFO - [2024-04-04T00:07:40.392+0000] {dag.py:3834} INFO - Setting next_dagrun for example_branch_datetime_operator_2 to 2024-04-03 00:00:00+00:00, run_after=2024-04-04 00:00:00+00:00
[2024-04-04T00:07:40.395+0000] {logging_mixin.py:188} INFO - [2024-04-04T00:07:40.395+0000] {dag.py:3834} INFO - Setting next_dagrun for example_branch_datetime_operator_3 to 2024-04-03 00:00:00+00:00, run_after=2024-04-04 00:00:00+00:00
[2024-04-04T00:07:40.420+0000] {processor.py:183} INFO - Processing /home/datatalks_jan/anaconda3/lib/python3.11/site-packages/airflow/example_dags/example_branch_datetime_operator.py took 0.127 seconds
[2024-04-04T00:08:48.183+0000] {processor.py:161} INFO - Started process (PID=100365) to work on /home/datatalks_jan/anaconda3/lib/python3.11/site-packages/airflow/example_dags/example_branch_datetime_operator.py
[2024-04-04T00:08:48.186+0000] {processor.py:830} INFO - Processing file /home/datatalks_jan/anaconda3/lib/python3.11/site-packages/airflow/example_dags/example_branch_datetime_operator.py for tasks to queue
[2024-04-04T00:08:48.187+0000] {logging_mixin.py:188} INFO - [2024-04-04T00:08:48.186+0000] {dagbag.py:540} INFO - Filling up the DagBag from /home/datatalks_jan/anaconda3/lib/python3.11/site-packages/airflow/example_dags/example_branch_datetime_operator.py
[2024-04-04T00:08:48.202+0000] {processor.py:840} INFO - DAG(s) 'example_branch_datetime_operator_2', 'example_branch_datetime_operator_3', 'example_branch_datetime_operator' retrieved from /home/datatalks_jan/anaconda3/lib/python3.11/site-packages/airflow/example_dags/example_branch_datetime_operator.py
[2024-04-04T00:08:48.235+0000] {logging_mixin.py:188} INFO - [2024-04-04T00:08:48.235+0000] {dag.py:3047} INFO - Sync 3 DAGs
[2024-04-04T00:08:48.512+0000] {logging_mixin.py:188} INFO - [2024-04-04T00:08:48.512+0000] {dag.py:3834} INFO - Setting next_dagrun for example_branch_datetime_operator to 2024-04-03 00:00:00+00:00, run_after=2024-04-04 00:00:00+00:00
[2024-04-04T00:08:48.517+0000] {logging_mixin.py:188} INFO - [2024-04-04T00:08:48.517+0000] {dag.py:3834} INFO - Setting next_dagrun for example_branch_datetime_operator_2 to 2024-04-03 00:00:00+00:00, run_after=2024-04-04 00:00:00+00:00
[2024-04-04T00:08:48.519+0000] {logging_mixin.py:188} INFO - [2024-04-04T00:08:48.519+0000] {dag.py:3834} INFO - Setting next_dagrun for example_branch_datetime_operator_3 to 2024-04-03 00:00:00+00:00, run_after=2024-04-04 00:00:00+00:00
[2024-04-04T00:08:48.541+0000] {processor.py:183} INFO - Processing /home/datatalks_jan/anaconda3/lib/python3.11/site-packages/airflow/example_dags/example_branch_datetime_operator.py took 0.365 seconds
