[2024-04-04T00:06:25.583+0000] {processor.py:161} INFO - Started process (PID=99558) to work on /home/datatalks_jan/anaconda3/lib/python3.11/site-packages/airflow/example_dags/example_dynamic_task_mapping.py
[2024-04-04T00:06:25.585+0000] {processor.py:830} INFO - Processing file /home/datatalks_jan/anaconda3/lib/python3.11/site-packages/airflow/example_dags/example_dynamic_task_mapping.py for tasks to queue
[2024-04-04T00:06:25.587+0000] {logging_mixin.py:188} INFO - [2024-04-04T00:06:25.586+0000] {dagbag.py:540} INFO - Filling up the DagBag from /home/datatalks_jan/anaconda3/lib/python3.11/site-packages/airflow/example_dags/example_dynamic_task_mapping.py
[2024-04-04T00:06:25.601+0000] {processor.py:840} INFO - DAG(s) 'example_dynamic_task_mapping' retrieved from /home/datatalks_jan/anaconda3/lib/python3.11/site-packages/airflow/example_dags/example_dynamic_task_mapping.py
[2024-04-04T00:06:25.633+0000] {logging_mixin.py:188} INFO - [2024-04-04T00:06:25.633+0000] {dag.py:3047} INFO - Sync 1 DAGs
[2024-04-04T00:06:25.659+0000] {logging_mixin.py:188} INFO - [2024-04-04T00:06:25.658+0000] {dag.py:3834} INFO - Setting next_dagrun for example_dynamic_task_mapping to 2022-03-04 00:00:00+00:00, run_after=2022-03-05 00:00:00+00:00
[2024-04-04T00:06:25.689+0000] {processor.py:183} INFO - Processing /home/datatalks_jan/anaconda3/lib/python3.11/site-packages/airflow/example_dags/example_dynamic_task_mapping.py took 0.112 seconds
[2024-04-04T00:07:32.288+0000] {processor.py:161} INFO - Started process (PID=99937) to work on /home/datatalks_jan/anaconda3/lib/python3.11/site-packages/airflow/example_dags/example_dynamic_task_mapping.py
[2024-04-04T00:07:32.290+0000] {processor.py:830} INFO - Processing file /home/datatalks_jan/anaconda3/lib/python3.11/site-packages/airflow/example_dags/example_dynamic_task_mapping.py for tasks to queue
[2024-04-04T00:07:32.292+0000] {logging_mixin.py:188} INFO - [2024-04-04T00:07:32.291+0000] {dagbag.py:540} INFO - Filling up the DagBag from /home/datatalks_jan/anaconda3/lib/python3.11/site-packages/airflow/example_dags/example_dynamic_task_mapping.py
[2024-04-04T00:07:32.303+0000] {processor.py:840} INFO - DAG(s) 'example_dynamic_task_mapping' retrieved from /home/datatalks_jan/anaconda3/lib/python3.11/site-packages/airflow/example_dags/example_dynamic_task_mapping.py
[2024-04-04T00:07:32.325+0000] {logging_mixin.py:188} INFO - [2024-04-04T00:07:32.325+0000] {dag.py:3047} INFO - Sync 1 DAGs
[2024-04-04T00:07:32.347+0000] {logging_mixin.py:188} INFO - [2024-04-04T00:07:32.347+0000] {dag.py:3834} INFO - Setting next_dagrun for example_dynamic_task_mapping to 2022-03-04 00:00:00+00:00, run_after=2022-03-05 00:00:00+00:00
[2024-04-04T00:07:32.370+0000] {processor.py:183} INFO - Processing /home/datatalks_jan/anaconda3/lib/python3.11/site-packages/airflow/example_dags/example_dynamic_task_mapping.py took 0.088 seconds
[2024-04-04T00:08:37.230+0000] {processor.py:161} INFO - Started process (PID=100295) to work on /home/datatalks_jan/anaconda3/lib/python3.11/site-packages/airflow/example_dags/example_dynamic_task_mapping.py
[2024-04-04T00:08:37.232+0000] {processor.py:830} INFO - Processing file /home/datatalks_jan/anaconda3/lib/python3.11/site-packages/airflow/example_dags/example_dynamic_task_mapping.py for tasks to queue
[2024-04-04T00:08:37.234+0000] {logging_mixin.py:188} INFO - [2024-04-04T00:08:37.233+0000] {dagbag.py:540} INFO - Filling up the DagBag from /home/datatalks_jan/anaconda3/lib/python3.11/site-packages/airflow/example_dags/example_dynamic_task_mapping.py
[2024-04-04T00:08:37.247+0000] {processor.py:840} INFO - DAG(s) 'example_dynamic_task_mapping' retrieved from /home/datatalks_jan/anaconda3/lib/python3.11/site-packages/airflow/example_dags/example_dynamic_task_mapping.py
[2024-04-04T00:08:37.273+0000] {logging_mixin.py:188} INFO - [2024-04-04T00:08:37.273+0000] {dag.py:3047} INFO - Sync 1 DAGs
[2024-04-04T00:08:37.578+0000] {logging_mixin.py:188} INFO - [2024-04-04T00:08:37.578+0000] {dag.py:3834} INFO - Setting next_dagrun for example_dynamic_task_mapping to 2022-03-04 00:00:00+00:00, run_after=2022-03-05 00:00:00+00:00
[2024-04-04T00:08:37.603+0000] {processor.py:183} INFO - Processing /home/datatalks_jan/anaconda3/lib/python3.11/site-packages/airflow/example_dags/example_dynamic_task_mapping.py took 0.379 seconds
[2024-04-04T00:09:43.974+0000] {processor.py:161} INFO - Started process (PID=100757) to work on /home/datatalks_jan/anaconda3/lib/python3.11/site-packages/airflow/example_dags/example_dynamic_task_mapping.py
[2024-04-04T00:09:43.977+0000] {processor.py:830} INFO - Processing file /home/datatalks_jan/anaconda3/lib/python3.11/site-packages/airflow/example_dags/example_dynamic_task_mapping.py for tasks to queue
[2024-04-04T00:09:43.978+0000] {logging_mixin.py:188} INFO - [2024-04-04T00:09:43.978+0000] {dagbag.py:540} INFO - Filling up the DagBag from /home/datatalks_jan/anaconda3/lib/python3.11/site-packages/airflow/example_dags/example_dynamic_task_mapping.py
[2024-04-04T00:09:43.993+0000] {processor.py:840} INFO - DAG(s) 'example_dynamic_task_mapping' retrieved from /home/datatalks_jan/anaconda3/lib/python3.11/site-packages/airflow/example_dags/example_dynamic_task_mapping.py
[2024-04-04T00:09:44.025+0000] {logging_mixin.py:188} INFO - [2024-04-04T00:09:44.024+0000] {dag.py:3047} INFO - Sync 1 DAGs
[2024-04-04T00:09:44.058+0000] {logging_mixin.py:188} INFO - [2024-04-04T00:09:44.058+0000] {dag.py:3834} INFO - Setting next_dagrun for example_dynamic_task_mapping to 2022-03-04 00:00:00+00:00, run_after=2022-03-05 00:00:00+00:00
[2024-04-04T00:09:44.092+0000] {processor.py:183} INFO - Processing /home/datatalks_jan/anaconda3/lib/python3.11/site-packages/airflow/example_dags/example_dynamic_task_mapping.py took 0.123 seconds
[2024-04-04T00:10:42.009+0000] {processor.py:161} INFO - Started process (PID=101285) to work on /home/datatalks_jan/anaconda3/lib/python3.11/site-packages/airflow/example_dags/example_dynamic_task_mapping.py
[2024-04-04T00:10:42.012+0000] {processor.py:830} INFO - Processing file /home/datatalks_jan/anaconda3/lib/python3.11/site-packages/airflow/example_dags/example_dynamic_task_mapping.py for tasks to queue
[2024-04-04T00:10:42.014+0000] {logging_mixin.py:188} INFO - [2024-04-04T00:10:42.013+0000] {dagbag.py:540} INFO - Filling up the DagBag from /home/datatalks_jan/anaconda3/lib/python3.11/site-packages/airflow/example_dags/example_dynamic_task_mapping.py
[2024-04-04T00:10:42.028+0000] {processor.py:840} INFO - DAG(s) 'example_dynamic_task_mapping' retrieved from /home/datatalks_jan/anaconda3/lib/python3.11/site-packages/airflow/example_dags/example_dynamic_task_mapping.py
[2024-04-04T00:10:42.054+0000] {logging_mixin.py:188} INFO - [2024-04-04T00:10:42.054+0000] {dag.py:3047} INFO - Sync 1 DAGs
[2024-04-04T00:10:42.082+0000] {logging_mixin.py:188} INFO - [2024-04-04T00:10:42.082+0000] {dag.py:3834} INFO - Setting next_dagrun for example_dynamic_task_mapping to 2022-03-04 00:00:00+00:00, run_after=2022-03-05 00:00:00+00:00
[2024-04-04T00:10:42.113+0000] {processor.py:183} INFO - Processing /home/datatalks_jan/anaconda3/lib/python3.11/site-packages/airflow/example_dags/example_dynamic_task_mapping.py took 0.110 seconds
[2024-04-04T00:11:35.347+0000] {processor.py:161} INFO - Started process (PID=101637) to work on /home/datatalks_jan/anaconda3/lib/python3.11/site-packages/airflow/example_dags/example_dynamic_task_mapping.py
[2024-04-04T00:11:35.351+0000] {processor.py:830} INFO - Processing file /home/datatalks_jan/anaconda3/lib/python3.11/site-packages/airflow/example_dags/example_dynamic_task_mapping.py for tasks to queue
[2024-04-04T00:11:35.354+0000] {logging_mixin.py:188} INFO - [2024-04-04T00:11:35.353+0000] {dagbag.py:540} INFO - Filling up the DagBag from /home/datatalks_jan/anaconda3/lib/python3.11/site-packages/airflow/example_dags/example_dynamic_task_mapping.py
[2024-04-04T00:11:35.371+0000] {processor.py:840} INFO - DAG(s) 'example_dynamic_task_mapping' retrieved from /home/datatalks_jan/anaconda3/lib/python3.11/site-packages/airflow/example_dags/example_dynamic_task_mapping.py
[2024-04-04T00:11:35.401+0000] {logging_mixin.py:188} INFO - [2024-04-04T00:11:35.401+0000] {dag.py:3047} INFO - Sync 1 DAGs
[2024-04-04T00:11:35.435+0000] {logging_mixin.py:188} INFO - [2024-04-04T00:11:35.435+0000] {dag.py:3834} INFO - Setting next_dagrun for example_dynamic_task_mapping to 2022-03-04 00:00:00+00:00, run_after=2022-03-05 00:00:00+00:00
[2024-04-04T00:11:35.474+0000] {processor.py:183} INFO - Processing /home/datatalks_jan/anaconda3/lib/python3.11/site-packages/airflow/example_dags/example_dynamic_task_mapping.py took 0.134 seconds
[2024-04-04T00:12:28.642+0000] {processor.py:161} INFO - Started process (PID=102032) to work on /home/datatalks_jan/anaconda3/lib/python3.11/site-packages/airflow/example_dags/example_dynamic_task_mapping.py
[2024-04-04T00:12:28.644+0000] {processor.py:830} INFO - Processing file /home/datatalks_jan/anaconda3/lib/python3.11/site-packages/airflow/example_dags/example_dynamic_task_mapping.py for tasks to queue
[2024-04-04T00:12:28.646+0000] {logging_mixin.py:188} INFO - [2024-04-04T00:12:28.645+0000] {dagbag.py:540} INFO - Filling up the DagBag from /home/datatalks_jan/anaconda3/lib/python3.11/site-packages/airflow/example_dags/example_dynamic_task_mapping.py
[2024-04-04T00:12:28.658+0000] {processor.py:840} INFO - DAG(s) 'example_dynamic_task_mapping' retrieved from /home/datatalks_jan/anaconda3/lib/python3.11/site-packages/airflow/example_dags/example_dynamic_task_mapping.py
[2024-04-04T00:12:28.683+0000] {logging_mixin.py:188} INFO - [2024-04-04T00:12:28.683+0000] {dag.py:3047} INFO - Sync 1 DAGs
[2024-04-04T00:12:28.708+0000] {logging_mixin.py:188} INFO - [2024-04-04T00:12:28.708+0000] {dag.py:3834} INFO - Setting next_dagrun for example_dynamic_task_mapping to 2022-03-04 00:00:00+00:00, run_after=2022-03-05 00:00:00+00:00
[2024-04-04T00:12:28.734+0000] {processor.py:183} INFO - Processing /home/datatalks_jan/anaconda3/lib/python3.11/site-packages/airflow/example_dags/example_dynamic_task_mapping.py took 0.097 seconds
