[2024-04-04T00:06:15.264+0000] {processor.py:161} INFO - Started process (PID=99547) to work on /home/datatalks_jan/anaconda3/lib/python3.11/site-packages/airflow/example_dags/example_skip_dag.py
[2024-04-04T00:06:15.266+0000] {processor.py:830} INFO - Processing file /home/datatalks_jan/anaconda3/lib/python3.11/site-packages/airflow/example_dags/example_skip_dag.py for tasks to queue
[2024-04-04T00:06:15.267+0000] {logging_mixin.py:188} INFO - [2024-04-04T00:06:15.267+0000] {dagbag.py:540} INFO - Filling up the DagBag from /home/datatalks_jan/anaconda3/lib/python3.11/site-packages/airflow/example_dags/example_skip_dag.py
[2024-04-04T00:06:15.278+0000] {processor.py:840} INFO - DAG(s) 'example_skip_dag' retrieved from /home/datatalks_jan/anaconda3/lib/python3.11/site-packages/airflow/example_dags/example_skip_dag.py
[2024-04-04T00:06:15.307+0000] {logging_mixin.py:188} INFO - [2024-04-04T00:06:15.306+0000] {dag.py:3047} INFO - Sync 1 DAGs
[2024-04-04T00:06:15.332+0000] {logging_mixin.py:188} INFO - [2024-04-04T00:06:15.331+0000] {dag.py:3834} INFO - Setting next_dagrun for example_skip_dag to 2024-04-03 00:00:00+00:00, run_after=2024-04-04 00:00:00+00:00
[2024-04-04T00:06:15.359+0000] {processor.py:183} INFO - Processing /home/datatalks_jan/anaconda3/lib/python3.11/site-packages/airflow/example_dags/example_skip_dag.py took 0.100 seconds
[2024-04-04T00:07:19.624+0000] {processor.py:161} INFO - Started process (PID=99851) to work on /home/datatalks_jan/anaconda3/lib/python3.11/site-packages/airflow/example_dags/example_skip_dag.py
[2024-04-04T00:07:19.627+0000] {processor.py:830} INFO - Processing file /home/datatalks_jan/anaconda3/lib/python3.11/site-packages/airflow/example_dags/example_skip_dag.py for tasks to queue
[2024-04-04T00:07:19.628+0000] {logging_mixin.py:188} INFO - [2024-04-04T00:07:19.628+0000] {dagbag.py:540} INFO - Filling up the DagBag from /home/datatalks_jan/anaconda3/lib/python3.11/site-packages/airflow/example_dags/example_skip_dag.py
[2024-04-04T00:07:19.639+0000] {processor.py:840} INFO - DAG(s) 'example_skip_dag' retrieved from /home/datatalks_jan/anaconda3/lib/python3.11/site-packages/airflow/example_dags/example_skip_dag.py
[2024-04-04T00:07:19.664+0000] {logging_mixin.py:188} INFO - [2024-04-04T00:07:19.664+0000] {dag.py:3047} INFO - Sync 1 DAGs
[2024-04-04T00:07:19.688+0000] {logging_mixin.py:188} INFO - [2024-04-04T00:07:19.688+0000] {dag.py:3834} INFO - Setting next_dagrun for example_skip_dag to 2024-04-03 00:00:00+00:00, run_after=2024-04-04 00:00:00+00:00
[2024-04-04T00:07:19.715+0000] {processor.py:183} INFO - Processing /home/datatalks_jan/anaconda3/lib/python3.11/site-packages/airflow/example_dags/example_skip_dag.py took 0.096 seconds
[2024-04-04T00:08:25.608+0000] {processor.py:161} INFO - Started process (PID=100253) to work on /home/datatalks_jan/anaconda3/lib/python3.11/site-packages/airflow/example_dags/example_skip_dag.py
[2024-04-04T00:08:25.610+0000] {processor.py:830} INFO - Processing file /home/datatalks_jan/anaconda3/lib/python3.11/site-packages/airflow/example_dags/example_skip_dag.py for tasks to queue
[2024-04-04T00:08:25.611+0000] {logging_mixin.py:188} INFO - [2024-04-04T00:08:25.611+0000] {dagbag.py:540} INFO - Filling up the DagBag from /home/datatalks_jan/anaconda3/lib/python3.11/site-packages/airflow/example_dags/example_skip_dag.py
[2024-04-04T00:08:25.623+0000] {processor.py:840} INFO - DAG(s) 'example_skip_dag' retrieved from /home/datatalks_jan/anaconda3/lib/python3.11/site-packages/airflow/example_dags/example_skip_dag.py
[2024-04-04T00:08:25.647+0000] {logging_mixin.py:188} INFO - [2024-04-04T00:08:25.647+0000] {dag.py:3047} INFO - Sync 1 DAGs
[2024-04-04T00:08:25.670+0000] {logging_mixin.py:188} INFO - [2024-04-04T00:08:25.670+0000] {dag.py:3834} INFO - Setting next_dagrun for example_skip_dag to 2024-04-03 00:00:00+00:00, run_after=2024-04-04 00:00:00+00:00
[2024-04-04T00:08:25.697+0000] {processor.py:183} INFO - Processing /home/datatalks_jan/anaconda3/lib/python3.11/site-packages/airflow/example_dags/example_skip_dag.py took 0.094 seconds
[2024-04-04T00:09:31.889+0000] {processor.py:161} INFO - Started process (PID=100620) to work on /home/datatalks_jan/anaconda3/lib/python3.11/site-packages/airflow/example_dags/example_skip_dag.py
[2024-04-04T00:09:31.892+0000] {processor.py:830} INFO - Processing file /home/datatalks_jan/anaconda3/lib/python3.11/site-packages/airflow/example_dags/example_skip_dag.py for tasks to queue
[2024-04-04T00:09:31.893+0000] {logging_mixin.py:188} INFO - [2024-04-04T00:09:31.893+0000] {dagbag.py:540} INFO - Filling up the DagBag from /home/datatalks_jan/anaconda3/lib/python3.11/site-packages/airflow/example_dags/example_skip_dag.py
[2024-04-04T00:09:31.906+0000] {processor.py:840} INFO - DAG(s) 'example_skip_dag' retrieved from /home/datatalks_jan/anaconda3/lib/python3.11/site-packages/airflow/example_dags/example_skip_dag.py
[2024-04-04T00:09:31.934+0000] {logging_mixin.py:188} INFO - [2024-04-04T00:09:31.933+0000] {dag.py:3047} INFO - Sync 1 DAGs
[2024-04-04T00:09:31.961+0000] {logging_mixin.py:188} INFO - [2024-04-04T00:09:31.961+0000] {dag.py:3834} INFO - Setting next_dagrun for example_skip_dag to 2024-04-03 00:00:00+00:00, run_after=2024-04-04 00:00:00+00:00
[2024-04-04T00:09:31.993+0000] {processor.py:183} INFO - Processing /home/datatalks_jan/anaconda3/lib/python3.11/site-packages/airflow/example_dags/example_skip_dag.py took 0.110 seconds
[2024-04-04T00:10:29.447+0000] {processor.py:161} INFO - Started process (PID=101130) to work on /home/datatalks_jan/anaconda3/lib/python3.11/site-packages/airflow/example_dags/example_skip_dag.py
[2024-04-04T00:10:29.450+0000] {processor.py:830} INFO - Processing file /home/datatalks_jan/anaconda3/lib/python3.11/site-packages/airflow/example_dags/example_skip_dag.py for tasks to queue
[2024-04-04T00:10:29.451+0000] {logging_mixin.py:188} INFO - [2024-04-04T00:10:29.450+0000] {dagbag.py:540} INFO - Filling up the DagBag from /home/datatalks_jan/anaconda3/lib/python3.11/site-packages/airflow/example_dags/example_skip_dag.py
[2024-04-04T00:10:29.462+0000] {processor.py:840} INFO - DAG(s) 'example_skip_dag' retrieved from /home/datatalks_jan/anaconda3/lib/python3.11/site-packages/airflow/example_dags/example_skip_dag.py
[2024-04-04T00:10:29.487+0000] {logging_mixin.py:188} INFO - [2024-04-04T00:10:29.487+0000] {dag.py:3047} INFO - Sync 1 DAGs
[2024-04-04T00:10:29.511+0000] {logging_mixin.py:188} INFO - [2024-04-04T00:10:29.511+0000] {dag.py:3834} INFO - Setting next_dagrun for example_skip_dag to 2024-04-03 00:00:00+00:00, run_after=2024-04-04 00:00:00+00:00
[2024-04-04T00:10:29.536+0000] {processor.py:183} INFO - Processing /home/datatalks_jan/anaconda3/lib/python3.11/site-packages/airflow/example_dags/example_skip_dag.py took 0.094 seconds
[2024-04-04T00:11:22.722+0000] {processor.py:161} INFO - Started process (PID=101566) to work on /home/datatalks_jan/anaconda3/lib/python3.11/site-packages/airflow/example_dags/example_skip_dag.py
[2024-04-04T00:11:22.724+0000] {processor.py:830} INFO - Processing file /home/datatalks_jan/anaconda3/lib/python3.11/site-packages/airflow/example_dags/example_skip_dag.py for tasks to queue
[2024-04-04T00:11:22.727+0000] {logging_mixin.py:188} INFO - [2024-04-04T00:11:22.726+0000] {dagbag.py:540} INFO - Filling up the DagBag from /home/datatalks_jan/anaconda3/lib/python3.11/site-packages/airflow/example_dags/example_skip_dag.py
[2024-04-04T00:11:22.742+0000] {processor.py:840} INFO - DAG(s) 'example_skip_dag' retrieved from /home/datatalks_jan/anaconda3/lib/python3.11/site-packages/airflow/example_dags/example_skip_dag.py
[2024-04-04T00:11:22.781+0000] {logging_mixin.py:188} INFO - [2024-04-04T00:11:22.781+0000] {dag.py:3047} INFO - Sync 1 DAGs
[2024-04-04T00:11:22.816+0000] {logging_mixin.py:188} INFO - [2024-04-04T00:11:22.816+0000] {dag.py:3834} INFO - Setting next_dagrun for example_skip_dag to 2024-04-03 00:00:00+00:00, run_after=2024-04-04 00:00:00+00:00
[2024-04-04T00:11:22.854+0000] {processor.py:183} INFO - Processing /home/datatalks_jan/anaconda3/lib/python3.11/site-packages/airflow/example_dags/example_skip_dag.py took 0.139 seconds
[2024-04-04T00:12:17.175+0000] {processor.py:161} INFO - Started process (PID=101961) to work on /home/datatalks_jan/anaconda3/lib/python3.11/site-packages/airflow/example_dags/example_skip_dag.py
[2024-04-04T00:12:17.177+0000] {processor.py:830} INFO - Processing file /home/datatalks_jan/anaconda3/lib/python3.11/site-packages/airflow/example_dags/example_skip_dag.py for tasks to queue
[2024-04-04T00:12:17.178+0000] {logging_mixin.py:188} INFO - [2024-04-04T00:12:17.178+0000] {dagbag.py:540} INFO - Filling up the DagBag from /home/datatalks_jan/anaconda3/lib/python3.11/site-packages/airflow/example_dags/example_skip_dag.py
[2024-04-04T00:12:17.190+0000] {processor.py:840} INFO - DAG(s) 'example_skip_dag' retrieved from /home/datatalks_jan/anaconda3/lib/python3.11/site-packages/airflow/example_dags/example_skip_dag.py
[2024-04-04T00:12:17.216+0000] {logging_mixin.py:188} INFO - [2024-04-04T00:12:17.215+0000] {dag.py:3047} INFO - Sync 1 DAGs
[2024-04-04T00:12:17.265+0000] {logging_mixin.py:188} INFO - [2024-04-04T00:12:17.265+0000] {dag.py:3834} INFO - Setting next_dagrun for example_skip_dag to 2024-04-03 00:00:00+00:00, run_after=2024-04-04 00:00:00+00:00
[2024-04-04T00:12:17.291+0000] {processor.py:183} INFO - Processing /home/datatalks_jan/anaconda3/lib/python3.11/site-packages/airflow/example_dags/example_skip_dag.py took 0.121 seconds
[2024-04-04T00:13:06.791+0000] {processor.py:161} INFO - Started process (PID=102280) to work on /home/datatalks_jan/anaconda3/lib/python3.11/site-packages/airflow/example_dags/example_skip_dag.py
[2024-04-04T00:13:06.794+0000] {processor.py:830} INFO - Processing file /home/datatalks_jan/anaconda3/lib/python3.11/site-packages/airflow/example_dags/example_skip_dag.py for tasks to queue
[2024-04-04T00:13:06.796+0000] {logging_mixin.py:188} INFO - [2024-04-04T00:13:06.795+0000] {dagbag.py:540} INFO - Filling up the DagBag from /home/datatalks_jan/anaconda3/lib/python3.11/site-packages/airflow/example_dags/example_skip_dag.py
[2024-04-04T00:13:06.814+0000] {processor.py:840} INFO - DAG(s) 'example_skip_dag' retrieved from /home/datatalks_jan/anaconda3/lib/python3.11/site-packages/airflow/example_dags/example_skip_dag.py
[2024-04-04T00:13:06.860+0000] {logging_mixin.py:188} INFO - [2024-04-04T00:13:06.859+0000] {dag.py:3047} INFO - Sync 1 DAGs
[2024-04-04T00:13:06.911+0000] {logging_mixin.py:188} INFO - [2024-04-04T00:13:06.910+0000] {dag.py:3834} INFO - Setting next_dagrun for example_skip_dag to 2024-04-03 00:00:00+00:00, run_after=2024-04-04 00:00:00+00:00
[2024-04-04T00:13:06.960+0000] {processor.py:183} INFO - Processing /home/datatalks_jan/anaconda3/lib/python3.11/site-packages/airflow/example_dags/example_skip_dag.py took 0.178 seconds
[2024-04-04T00:13:57.175+0000] {processor.py:161} INFO - Started process (PID=102735) to work on /home/datatalks_jan/anaconda3/lib/python3.11/site-packages/airflow/example_dags/example_skip_dag.py
[2024-04-04T00:13:57.190+0000] {processor.py:830} INFO - Processing file /home/datatalks_jan/anaconda3/lib/python3.11/site-packages/airflow/example_dags/example_skip_dag.py for tasks to queue
[2024-04-04T00:13:57.204+0000] {logging_mixin.py:188} INFO - [2024-04-04T00:13:57.197+0000] {dagbag.py:540} INFO - Filling up the DagBag from /home/datatalks_jan/anaconda3/lib/python3.11/site-packages/airflow/example_dags/example_skip_dag.py
[2024-04-04T00:13:57.262+0000] {processor.py:840} INFO - DAG(s) 'example_skip_dag' retrieved from /home/datatalks_jan/anaconda3/lib/python3.11/site-packages/airflow/example_dags/example_skip_dag.py
[2024-04-04T00:13:57.341+0000] {logging_mixin.py:188} INFO - [2024-04-04T00:13:57.340+0000] {dag.py:3047} INFO - Sync 1 DAGs
[2024-04-04T00:13:57.407+0000] {logging_mixin.py:188} INFO - [2024-04-04T00:13:57.406+0000] {dag.py:3834} INFO - Setting next_dagrun for example_skip_dag to 2024-04-03 00:00:00+00:00, run_after=2024-04-04 00:00:00+00:00
[2024-04-04T00:13:57.504+0000] {processor.py:183} INFO - Processing /home/datatalks_jan/anaconda3/lib/python3.11/site-packages/airflow/example_dags/example_skip_dag.py took 0.343 seconds
[2024-04-04T00:14:49.560+0000] {processor.py:161} INFO - Started process (PID=103117) to work on /home/datatalks_jan/anaconda3/lib/python3.11/site-packages/airflow/example_dags/example_skip_dag.py
[2024-04-04T00:14:49.562+0000] {processor.py:830} INFO - Processing file /home/datatalks_jan/anaconda3/lib/python3.11/site-packages/airflow/example_dags/example_skip_dag.py for tasks to queue
[2024-04-04T00:14:49.563+0000] {logging_mixin.py:188} INFO - [2024-04-04T00:14:49.563+0000] {dagbag.py:540} INFO - Filling up the DagBag from /home/datatalks_jan/anaconda3/lib/python3.11/site-packages/airflow/example_dags/example_skip_dag.py
[2024-04-04T00:14:49.577+0000] {processor.py:840} INFO - DAG(s) 'example_skip_dag' retrieved from /home/datatalks_jan/anaconda3/lib/python3.11/site-packages/airflow/example_dags/example_skip_dag.py
[2024-04-04T00:14:49.602+0000] {logging_mixin.py:188} INFO - [2024-04-04T00:14:49.602+0000] {dag.py:3047} INFO - Sync 1 DAGs
[2024-04-04T00:14:49.629+0000] {logging_mixin.py:188} INFO - [2024-04-04T00:14:49.629+0000] {dag.py:3834} INFO - Setting next_dagrun for example_skip_dag to 2024-04-03 00:00:00+00:00, run_after=2024-04-04 00:00:00+00:00
[2024-04-04T00:14:49.655+0000] {processor.py:183} INFO - Processing /home/datatalks_jan/anaconda3/lib/python3.11/site-packages/airflow/example_dags/example_skip_dag.py took 0.101 seconds
[2024-04-04T00:15:40.849+0000] {processor.py:161} INFO - Started process (PID=103552) to work on /home/datatalks_jan/anaconda3/lib/python3.11/site-packages/airflow/example_dags/example_skip_dag.py
[2024-04-04T00:15:40.851+0000] {processor.py:830} INFO - Processing file /home/datatalks_jan/anaconda3/lib/python3.11/site-packages/airflow/example_dags/example_skip_dag.py for tasks to queue
[2024-04-04T00:15:40.853+0000] {logging_mixin.py:188} INFO - [2024-04-04T00:15:40.852+0000] {dagbag.py:540} INFO - Filling up the DagBag from /home/datatalks_jan/anaconda3/lib/python3.11/site-packages/airflow/example_dags/example_skip_dag.py
[2024-04-04T00:15:40.865+0000] {processor.py:840} INFO - DAG(s) 'example_skip_dag' retrieved from /home/datatalks_jan/anaconda3/lib/python3.11/site-packages/airflow/example_dags/example_skip_dag.py
[2024-04-04T00:15:40.898+0000] {logging_mixin.py:188} INFO - [2024-04-04T00:15:40.897+0000] {dag.py:3047} INFO - Sync 1 DAGs
[2024-04-04T00:15:40.925+0000] {logging_mixin.py:188} INFO - [2024-04-04T00:15:40.925+0000] {dag.py:3834} INFO - Setting next_dagrun for example_skip_dag to 2024-04-03 00:00:00+00:00, run_after=2024-04-04 00:00:00+00:00
[2024-04-04T00:15:40.952+0000] {processor.py:183} INFO - Processing /home/datatalks_jan/anaconda3/lib/python3.11/site-packages/airflow/example_dags/example_skip_dag.py took 0.108 seconds
[2024-04-04T00:16:32.608+0000] {processor.py:161} INFO - Started process (PID=103880) to work on /home/datatalks_jan/anaconda3/lib/python3.11/site-packages/airflow/example_dags/example_skip_dag.py
[2024-04-04T00:16:32.610+0000] {processor.py:830} INFO - Processing file /home/datatalks_jan/anaconda3/lib/python3.11/site-packages/airflow/example_dags/example_skip_dag.py for tasks to queue
[2024-04-04T00:16:32.612+0000] {logging_mixin.py:188} INFO - [2024-04-04T00:16:32.611+0000] {dagbag.py:540} INFO - Filling up the DagBag from /home/datatalks_jan/anaconda3/lib/python3.11/site-packages/airflow/example_dags/example_skip_dag.py
[2024-04-04T00:16:32.626+0000] {processor.py:840} INFO - DAG(s) 'example_skip_dag' retrieved from /home/datatalks_jan/anaconda3/lib/python3.11/site-packages/airflow/example_dags/example_skip_dag.py
[2024-04-04T00:16:32.656+0000] {logging_mixin.py:188} INFO - [2024-04-04T00:16:32.655+0000] {dag.py:3047} INFO - Sync 1 DAGs
[2024-04-04T00:16:32.684+0000] {logging_mixin.py:188} INFO - [2024-04-04T00:16:32.684+0000] {dag.py:3834} INFO - Setting next_dagrun for example_skip_dag to 2024-04-03 00:00:00+00:00, run_after=2024-04-04 00:00:00+00:00
[2024-04-04T00:16:32.717+0000] {processor.py:183} INFO - Processing /home/datatalks_jan/anaconda3/lib/python3.11/site-packages/airflow/example_dags/example_skip_dag.py took 0.115 seconds
[2024-04-04T00:17:18.155+0000] {processor.py:161} INFO - Started process (PID=103968) to work on /home/datatalks_jan/anaconda3/lib/python3.11/site-packages/airflow/example_dags/example_skip_dag.py
[2024-04-04T00:17:18.157+0000] {processor.py:830} INFO - Processing file /home/datatalks_jan/anaconda3/lib/python3.11/site-packages/airflow/example_dags/example_skip_dag.py for tasks to queue
[2024-04-04T00:17:18.159+0000] {logging_mixin.py:188} INFO - [2024-04-04T00:17:18.158+0000] {dagbag.py:540} INFO - Filling up the DagBag from /home/datatalks_jan/anaconda3/lib/python3.11/site-packages/airflow/example_dags/example_skip_dag.py
[2024-04-04T00:17:18.173+0000] {processor.py:840} INFO - DAG(s) 'example_skip_dag' retrieved from /home/datatalks_jan/anaconda3/lib/python3.11/site-packages/airflow/example_dags/example_skip_dag.py
[2024-04-04T00:17:18.204+0000] {logging_mixin.py:188} INFO - [2024-04-04T00:17:18.204+0000] {dag.py:3047} INFO - Sync 1 DAGs
[2024-04-04T00:17:18.236+0000] {logging_mixin.py:188} INFO - [2024-04-04T00:17:18.235+0000] {dag.py:3834} INFO - Setting next_dagrun for example_skip_dag to 2024-04-03 00:00:00+00:00, run_after=2024-04-04 00:00:00+00:00
[2024-04-04T00:17:18.270+0000] {processor.py:183} INFO - Processing /home/datatalks_jan/anaconda3/lib/python3.11/site-packages/airflow/example_dags/example_skip_dag.py took 0.121 seconds
[2024-04-04T00:18:03.867+0000] {processor.py:161} INFO - Started process (PID=104224) to work on /home/datatalks_jan/anaconda3/lib/python3.11/site-packages/airflow/example_dags/example_skip_dag.py
[2024-04-04T00:18:03.870+0000] {processor.py:830} INFO - Processing file /home/datatalks_jan/anaconda3/lib/python3.11/site-packages/airflow/example_dags/example_skip_dag.py for tasks to queue
[2024-04-04T00:18:03.871+0000] {logging_mixin.py:188} INFO - [2024-04-04T00:18:03.871+0000] {dagbag.py:540} INFO - Filling up the DagBag from /home/datatalks_jan/anaconda3/lib/python3.11/site-packages/airflow/example_dags/example_skip_dag.py
[2024-04-04T00:18:03.886+0000] {processor.py:840} INFO - DAG(s) 'example_skip_dag' retrieved from /home/datatalks_jan/anaconda3/lib/python3.11/site-packages/airflow/example_dags/example_skip_dag.py
[2024-04-04T00:18:03.914+0000] {logging_mixin.py:188} INFO - [2024-04-04T00:18:03.914+0000] {dag.py:3047} INFO - Sync 1 DAGs
[2024-04-04T00:18:03.943+0000] {logging_mixin.py:188} INFO - [2024-04-04T00:18:03.943+0000] {dag.py:3834} INFO - Setting next_dagrun for example_skip_dag to 2024-04-03 00:00:00+00:00, run_after=2024-04-04 00:00:00+00:00
[2024-04-04T00:18:03.974+0000] {processor.py:183} INFO - Processing /home/datatalks_jan/anaconda3/lib/python3.11/site-packages/airflow/example_dags/example_skip_dag.py took 0.114 seconds
[2024-04-04T00:19:00.640+0000] {processor.py:161} INFO - Started process (PID=104455) to work on /home/datatalks_jan/anaconda3/lib/python3.11/site-packages/airflow/example_dags/example_skip_dag.py
[2024-04-04T00:19:00.642+0000] {processor.py:830} INFO - Processing file /home/datatalks_jan/anaconda3/lib/python3.11/site-packages/airflow/example_dags/example_skip_dag.py for tasks to queue
[2024-04-04T00:19:00.644+0000] {logging_mixin.py:188} INFO - [2024-04-04T00:19:00.643+0000] {dagbag.py:540} INFO - Filling up the DagBag from /home/datatalks_jan/anaconda3/lib/python3.11/site-packages/airflow/example_dags/example_skip_dag.py
[2024-04-04T00:19:00.654+0000] {processor.py:840} INFO - DAG(s) 'example_skip_dag' retrieved from /home/datatalks_jan/anaconda3/lib/python3.11/site-packages/airflow/example_dags/example_skip_dag.py
[2024-04-04T00:19:00.680+0000] {logging_mixin.py:188} INFO - [2024-04-04T00:19:00.680+0000] {dag.py:3047} INFO - Sync 1 DAGs
[2024-04-04T00:19:00.705+0000] {logging_mixin.py:188} INFO - [2024-04-04T00:19:00.705+0000] {dag.py:3834} INFO - Setting next_dagrun for example_skip_dag to 2024-04-03 00:00:00+00:00, run_after=2024-04-04 00:00:00+00:00
[2024-04-04T00:19:00.730+0000] {processor.py:183} INFO - Processing /home/datatalks_jan/anaconda3/lib/python3.11/site-packages/airflow/example_dags/example_skip_dag.py took 0.095 seconds
[2024-04-04T00:19:51.878+0000] {processor.py:161} INFO - Started process (PID=104507) to work on /home/datatalks_jan/anaconda3/lib/python3.11/site-packages/airflow/example_dags/example_skip_dag.py
[2024-04-04T00:19:51.881+0000] {processor.py:830} INFO - Processing file /home/datatalks_jan/anaconda3/lib/python3.11/site-packages/airflow/example_dags/example_skip_dag.py for tasks to queue
[2024-04-04T00:19:51.883+0000] {logging_mixin.py:188} INFO - [2024-04-04T00:19:51.882+0000] {dagbag.py:540} INFO - Filling up the DagBag from /home/datatalks_jan/anaconda3/lib/python3.11/site-packages/airflow/example_dags/example_skip_dag.py
[2024-04-04T00:19:51.898+0000] {processor.py:840} INFO - DAG(s) 'example_skip_dag' retrieved from /home/datatalks_jan/anaconda3/lib/python3.11/site-packages/airflow/example_dags/example_skip_dag.py
[2024-04-04T00:19:51.931+0000] {logging_mixin.py:188} INFO - [2024-04-04T00:19:51.930+0000] {dag.py:3047} INFO - Sync 1 DAGs
[2024-04-04T00:19:51.965+0000] {logging_mixin.py:188} INFO - [2024-04-04T00:19:51.965+0000] {dag.py:3834} INFO - Setting next_dagrun for example_skip_dag to 2024-04-03 00:00:00+00:00, run_after=2024-04-04 00:00:00+00:00
[2024-04-04T00:19:52.001+0000] {processor.py:183} INFO - Processing /home/datatalks_jan/anaconda3/lib/python3.11/site-packages/airflow/example_dags/example_skip_dag.py took 0.130 seconds
[2024-04-04T00:20:32.863+0000] {processor.py:161} INFO - Started process (PID=104608) to work on /home/datatalks_jan/anaconda3/lib/python3.11/site-packages/airflow/example_dags/example_skip_dag.py
[2024-04-04T00:20:32.865+0000] {processor.py:830} INFO - Processing file /home/datatalks_jan/anaconda3/lib/python3.11/site-packages/airflow/example_dags/example_skip_dag.py for tasks to queue
[2024-04-04T00:20:32.867+0000] {logging_mixin.py:188} INFO - [2024-04-04T00:20:32.866+0000] {dagbag.py:540} INFO - Filling up the DagBag from /home/datatalks_jan/anaconda3/lib/python3.11/site-packages/airflow/example_dags/example_skip_dag.py
[2024-04-04T00:20:32.878+0000] {processor.py:840} INFO - DAG(s) 'example_skip_dag' retrieved from /home/datatalks_jan/anaconda3/lib/python3.11/site-packages/airflow/example_dags/example_skip_dag.py
[2024-04-04T00:20:32.903+0000] {logging_mixin.py:188} INFO - [2024-04-04T00:20:32.902+0000] {dag.py:3047} INFO - Sync 1 DAGs
[2024-04-04T00:20:32.926+0000] {logging_mixin.py:188} INFO - [2024-04-04T00:20:32.926+0000] {dag.py:3834} INFO - Setting next_dagrun for example_skip_dag to 2024-04-03 00:00:00+00:00, run_after=2024-04-04 00:00:00+00:00
[2024-04-04T00:20:32.952+0000] {processor.py:183} INFO - Processing /home/datatalks_jan/anaconda3/lib/python3.11/site-packages/airflow/example_dags/example_skip_dag.py took 0.094 seconds
[2024-04-04T00:21:20.583+0000] {processor.py:161} INFO - Started process (PID=104708) to work on /home/datatalks_jan/anaconda3/lib/python3.11/site-packages/airflow/example_dags/example_skip_dag.py
[2024-04-04T00:21:20.585+0000] {processor.py:830} INFO - Processing file /home/datatalks_jan/anaconda3/lib/python3.11/site-packages/airflow/example_dags/example_skip_dag.py for tasks to queue
[2024-04-04T00:21:20.586+0000] {logging_mixin.py:188} INFO - [2024-04-04T00:21:20.586+0000] {dagbag.py:540} INFO - Filling up the DagBag from /home/datatalks_jan/anaconda3/lib/python3.11/site-packages/airflow/example_dags/example_skip_dag.py
[2024-04-04T00:21:20.597+0000] {processor.py:840} INFO - DAG(s) 'example_skip_dag' retrieved from /home/datatalks_jan/anaconda3/lib/python3.11/site-packages/airflow/example_dags/example_skip_dag.py
[2024-04-04T00:21:20.621+0000] {logging_mixin.py:188} INFO - [2024-04-04T00:21:20.620+0000] {dag.py:3047} INFO - Sync 1 DAGs
[2024-04-04T00:21:20.645+0000] {logging_mixin.py:188} INFO - [2024-04-04T00:21:20.645+0000] {dag.py:3834} INFO - Setting next_dagrun for example_skip_dag to 2024-04-03 00:00:00+00:00, run_after=2024-04-04 00:00:00+00:00
[2024-04-04T00:21:20.670+0000] {processor.py:183} INFO - Processing /home/datatalks_jan/anaconda3/lib/python3.11/site-packages/airflow/example_dags/example_skip_dag.py took 0.093 seconds
[2024-04-04T00:22:07.357+0000] {processor.py:161} INFO - Started process (PID=104758) to work on /home/datatalks_jan/anaconda3/lib/python3.11/site-packages/airflow/example_dags/example_skip_dag.py
[2024-04-04T00:22:07.359+0000] {processor.py:830} INFO - Processing file /home/datatalks_jan/anaconda3/lib/python3.11/site-packages/airflow/example_dags/example_skip_dag.py for tasks to queue
[2024-04-04T00:22:07.361+0000] {logging_mixin.py:188} INFO - [2024-04-04T00:22:07.360+0000] {dagbag.py:540} INFO - Filling up the DagBag from /home/datatalks_jan/anaconda3/lib/python3.11/site-packages/airflow/example_dags/example_skip_dag.py
[2024-04-04T00:22:07.373+0000] {processor.py:840} INFO - DAG(s) 'example_skip_dag' retrieved from /home/datatalks_jan/anaconda3/lib/python3.11/site-packages/airflow/example_dags/example_skip_dag.py
[2024-04-04T00:22:07.397+0000] {logging_mixin.py:188} INFO - [2024-04-04T00:22:07.397+0000] {dag.py:3047} INFO - Sync 1 DAGs
[2024-04-04T00:22:07.420+0000] {logging_mixin.py:188} INFO - [2024-04-04T00:22:07.420+0000] {dag.py:3834} INFO - Setting next_dagrun for example_skip_dag to 2024-04-03 00:00:00+00:00, run_after=2024-04-04 00:00:00+00:00
[2024-04-04T00:22:07.448+0000] {processor.py:183} INFO - Processing /home/datatalks_jan/anaconda3/lib/python3.11/site-packages/airflow/example_dags/example_skip_dag.py took 0.096 seconds
[2024-04-04T00:22:54.235+0000] {processor.py:161} INFO - Started process (PID=104804) to work on /home/datatalks_jan/anaconda3/lib/python3.11/site-packages/airflow/example_dags/example_skip_dag.py
[2024-04-04T00:22:54.239+0000] {processor.py:830} INFO - Processing file /home/datatalks_jan/anaconda3/lib/python3.11/site-packages/airflow/example_dags/example_skip_dag.py for tasks to queue
[2024-04-04T00:22:54.240+0000] {logging_mixin.py:188} INFO - [2024-04-04T00:22:54.239+0000] {dagbag.py:540} INFO - Filling up the DagBag from /home/datatalks_jan/anaconda3/lib/python3.11/site-packages/airflow/example_dags/example_skip_dag.py
[2024-04-04T00:22:54.252+0000] {processor.py:840} INFO - DAG(s) 'example_skip_dag' retrieved from /home/datatalks_jan/anaconda3/lib/python3.11/site-packages/airflow/example_dags/example_skip_dag.py
[2024-04-04T00:22:54.276+0000] {logging_mixin.py:188} INFO - [2024-04-04T00:22:54.276+0000] {dag.py:3047} INFO - Sync 1 DAGs
[2024-04-04T00:22:54.306+0000] {logging_mixin.py:188} INFO - [2024-04-04T00:22:54.306+0000] {dag.py:3834} INFO - Setting next_dagrun for example_skip_dag to 2024-04-03 00:00:00+00:00, run_after=2024-04-04 00:00:00+00:00
[2024-04-04T00:22:54.338+0000] {processor.py:183} INFO - Processing /home/datatalks_jan/anaconda3/lib/python3.11/site-packages/airflow/example_dags/example_skip_dag.py took 0.108 seconds
[2024-04-04T00:23:41.680+0000] {processor.py:161} INFO - Started process (PID=104887) to work on /home/datatalks_jan/anaconda3/lib/python3.11/site-packages/airflow/example_dags/example_skip_dag.py
[2024-04-04T00:23:41.682+0000] {processor.py:830} INFO - Processing file /home/datatalks_jan/anaconda3/lib/python3.11/site-packages/airflow/example_dags/example_skip_dag.py for tasks to queue
[2024-04-04T00:23:41.684+0000] {logging_mixin.py:188} INFO - [2024-04-04T00:23:41.683+0000] {dagbag.py:540} INFO - Filling up the DagBag from /home/datatalks_jan/anaconda3/lib/python3.11/site-packages/airflow/example_dags/example_skip_dag.py
[2024-04-04T00:23:41.698+0000] {processor.py:840} INFO - DAG(s) 'example_skip_dag' retrieved from /home/datatalks_jan/anaconda3/lib/python3.11/site-packages/airflow/example_dags/example_skip_dag.py
[2024-04-04T00:23:41.729+0000] {logging_mixin.py:188} INFO - [2024-04-04T00:23:41.729+0000] {dag.py:3047} INFO - Sync 1 DAGs
[2024-04-04T00:23:41.770+0000] {logging_mixin.py:188} INFO - [2024-04-04T00:23:41.770+0000] {dag.py:3834} INFO - Setting next_dagrun for example_skip_dag to 2024-04-03 00:00:00+00:00, run_after=2024-04-04 00:00:00+00:00
[2024-04-04T00:23:41.803+0000] {processor.py:183} INFO - Processing /home/datatalks_jan/anaconda3/lib/python3.11/site-packages/airflow/example_dags/example_skip_dag.py took 0.130 seconds
[2024-04-04T00:24:31.747+0000] {processor.py:161} INFO - Started process (PID=104965) to work on /home/datatalks_jan/anaconda3/lib/python3.11/site-packages/airflow/example_dags/example_skip_dag.py
[2024-04-04T00:24:31.750+0000] {processor.py:830} INFO - Processing file /home/datatalks_jan/anaconda3/lib/python3.11/site-packages/airflow/example_dags/example_skip_dag.py for tasks to queue
[2024-04-04T00:24:31.752+0000] {logging_mixin.py:188} INFO - [2024-04-04T00:24:31.751+0000] {dagbag.py:540} INFO - Filling up the DagBag from /home/datatalks_jan/anaconda3/lib/python3.11/site-packages/airflow/example_dags/example_skip_dag.py
[2024-04-04T00:24:31.765+0000] {processor.py:840} INFO - DAG(s) 'example_skip_dag' retrieved from /home/datatalks_jan/anaconda3/lib/python3.11/site-packages/airflow/example_dags/example_skip_dag.py
[2024-04-04T00:24:31.795+0000] {logging_mixin.py:188} INFO - [2024-04-04T00:24:31.794+0000] {dag.py:3047} INFO - Sync 1 DAGs
[2024-04-04T00:24:31.822+0000] {logging_mixin.py:188} INFO - [2024-04-04T00:24:31.822+0000] {dag.py:3834} INFO - Setting next_dagrun for example_skip_dag to 2024-04-03 00:00:00+00:00, run_after=2024-04-04 00:00:00+00:00
[2024-04-04T00:24:31.858+0000] {processor.py:183} INFO - Processing /home/datatalks_jan/anaconda3/lib/python3.11/site-packages/airflow/example_dags/example_skip_dag.py took 0.116 seconds
[2024-04-04T00:25:21.581+0000] {processor.py:161} INFO - Started process (PID=105018) to work on /home/datatalks_jan/anaconda3/lib/python3.11/site-packages/airflow/example_dags/example_skip_dag.py
[2024-04-04T00:25:21.583+0000] {processor.py:830} INFO - Processing file /home/datatalks_jan/anaconda3/lib/python3.11/site-packages/airflow/example_dags/example_skip_dag.py for tasks to queue
[2024-04-04T00:25:21.585+0000] {logging_mixin.py:188} INFO - [2024-04-04T00:25:21.584+0000] {dagbag.py:540} INFO - Filling up the DagBag from /home/datatalks_jan/anaconda3/lib/python3.11/site-packages/airflow/example_dags/example_skip_dag.py
[2024-04-04T00:25:21.599+0000] {processor.py:840} INFO - DAG(s) 'example_skip_dag' retrieved from /home/datatalks_jan/anaconda3/lib/python3.11/site-packages/airflow/example_dags/example_skip_dag.py
[2024-04-04T00:25:21.630+0000] {logging_mixin.py:188} INFO - [2024-04-04T00:25:21.629+0000] {dag.py:3047} INFO - Sync 1 DAGs
[2024-04-04T00:25:21.658+0000] {logging_mixin.py:188} INFO - [2024-04-04T00:25:21.658+0000] {dag.py:3834} INFO - Setting next_dagrun for example_skip_dag to 2024-04-03 00:00:00+00:00, run_after=2024-04-04 00:00:00+00:00
[2024-04-04T00:25:21.693+0000] {processor.py:183} INFO - Processing /home/datatalks_jan/anaconda3/lib/python3.11/site-packages/airflow/example_dags/example_skip_dag.py took 0.118 seconds
[2024-04-04T00:26:07.401+0000] {processor.py:161} INFO - Started process (PID=105118) to work on /home/datatalks_jan/anaconda3/lib/python3.11/site-packages/airflow/example_dags/example_skip_dag.py
[2024-04-04T00:26:07.403+0000] {processor.py:830} INFO - Processing file /home/datatalks_jan/anaconda3/lib/python3.11/site-packages/airflow/example_dags/example_skip_dag.py for tasks to queue
[2024-04-04T00:26:07.404+0000] {logging_mixin.py:188} INFO - [2024-04-04T00:26:07.403+0000] {dagbag.py:540} INFO - Filling up the DagBag from /home/datatalks_jan/anaconda3/lib/python3.11/site-packages/airflow/example_dags/example_skip_dag.py
[2024-04-04T00:26:07.415+0000] {processor.py:840} INFO - DAG(s) 'example_skip_dag' retrieved from /home/datatalks_jan/anaconda3/lib/python3.11/site-packages/airflow/example_dags/example_skip_dag.py
[2024-04-04T00:26:07.439+0000] {logging_mixin.py:188} INFO - [2024-04-04T00:26:07.439+0000] {dag.py:3047} INFO - Sync 1 DAGs
[2024-04-04T00:26:07.463+0000] {logging_mixin.py:188} INFO - [2024-04-04T00:26:07.463+0000] {dag.py:3834} INFO - Setting next_dagrun for example_skip_dag to 2024-04-03 00:00:00+00:00, run_after=2024-04-04 00:00:00+00:00
[2024-04-04T00:26:07.488+0000] {processor.py:183} INFO - Processing /home/datatalks_jan/anaconda3/lib/python3.11/site-packages/airflow/example_dags/example_skip_dag.py took 0.093 seconds
[2024-04-04T00:26:49.836+0000] {processor.py:161} INFO - Started process (PID=105168) to work on /home/datatalks_jan/anaconda3/lib/python3.11/site-packages/airflow/example_dags/example_skip_dag.py
[2024-04-04T00:26:49.838+0000] {processor.py:830} INFO - Processing file /home/datatalks_jan/anaconda3/lib/python3.11/site-packages/airflow/example_dags/example_skip_dag.py for tasks to queue
[2024-04-04T00:26:49.840+0000] {logging_mixin.py:188} INFO - [2024-04-04T00:26:49.839+0000] {dagbag.py:540} INFO - Filling up the DagBag from /home/datatalks_jan/anaconda3/lib/python3.11/site-packages/airflow/example_dags/example_skip_dag.py
[2024-04-04T00:26:49.853+0000] {processor.py:840} INFO - DAG(s) 'example_skip_dag' retrieved from /home/datatalks_jan/anaconda3/lib/python3.11/site-packages/airflow/example_dags/example_skip_dag.py
[2024-04-04T00:26:49.883+0000] {logging_mixin.py:188} INFO - [2024-04-04T00:26:49.882+0000] {dag.py:3047} INFO - Sync 1 DAGs
[2024-04-04T00:26:49.910+0000] {logging_mixin.py:188} INFO - [2024-04-04T00:26:49.910+0000] {dag.py:3834} INFO - Setting next_dagrun for example_skip_dag to 2024-04-03 00:00:00+00:00, run_after=2024-04-04 00:00:00+00:00
[2024-04-04T00:26:49.938+0000] {processor.py:183} INFO - Processing /home/datatalks_jan/anaconda3/lib/python3.11/site-packages/airflow/example_dags/example_skip_dag.py took 0.108 seconds
[2024-04-04T00:27:36.154+0000] {processor.py:161} INFO - Started process (PID=105215) to work on /home/datatalks_jan/anaconda3/lib/python3.11/site-packages/airflow/example_dags/example_skip_dag.py
[2024-04-04T00:27:36.157+0000] {processor.py:830} INFO - Processing file /home/datatalks_jan/anaconda3/lib/python3.11/site-packages/airflow/example_dags/example_skip_dag.py for tasks to queue
[2024-04-04T00:27:36.158+0000] {logging_mixin.py:188} INFO - [2024-04-04T00:27:36.158+0000] {dagbag.py:540} INFO - Filling up the DagBag from /home/datatalks_jan/anaconda3/lib/python3.11/site-packages/airflow/example_dags/example_skip_dag.py
[2024-04-04T00:27:36.171+0000] {processor.py:840} INFO - DAG(s) 'example_skip_dag' retrieved from /home/datatalks_jan/anaconda3/lib/python3.11/site-packages/airflow/example_dags/example_skip_dag.py
[2024-04-04T00:27:36.206+0000] {logging_mixin.py:188} INFO - [2024-04-04T00:27:36.206+0000] {dag.py:3047} INFO - Sync 1 DAGs
[2024-04-04T00:27:36.234+0000] {logging_mixin.py:188} INFO - [2024-04-04T00:27:36.234+0000] {dag.py:3834} INFO - Setting next_dagrun for example_skip_dag to 2024-04-03 00:00:00+00:00, run_after=2024-04-04 00:00:00+00:00
[2024-04-04T00:27:36.263+0000] {processor.py:183} INFO - Processing /home/datatalks_jan/anaconda3/lib/python3.11/site-packages/airflow/example_dags/example_skip_dag.py took 0.114 seconds
[2024-04-04T00:28:24.111+0000] {processor.py:161} INFO - Started process (PID=105294) to work on /home/datatalks_jan/anaconda3/lib/python3.11/site-packages/airflow/example_dags/example_skip_dag.py
[2024-04-04T00:28:24.113+0000] {processor.py:830} INFO - Processing file /home/datatalks_jan/anaconda3/lib/python3.11/site-packages/airflow/example_dags/example_skip_dag.py for tasks to queue
[2024-04-04T00:28:24.115+0000] {logging_mixin.py:188} INFO - [2024-04-04T00:28:24.114+0000] {dagbag.py:540} INFO - Filling up the DagBag from /home/datatalks_jan/anaconda3/lib/python3.11/site-packages/airflow/example_dags/example_skip_dag.py
[2024-04-04T00:28:24.128+0000] {processor.py:840} INFO - DAG(s) 'example_skip_dag' retrieved from /home/datatalks_jan/anaconda3/lib/python3.11/site-packages/airflow/example_dags/example_skip_dag.py
[2024-04-04T00:28:24.156+0000] {logging_mixin.py:188} INFO - [2024-04-04T00:28:24.156+0000] {dag.py:3047} INFO - Sync 1 DAGs
[2024-04-04T00:28:24.183+0000] {logging_mixin.py:188} INFO - [2024-04-04T00:28:24.183+0000] {dag.py:3834} INFO - Setting next_dagrun for example_skip_dag to 2024-04-03 00:00:00+00:00, run_after=2024-04-04 00:00:00+00:00
[2024-04-04T00:28:24.215+0000] {processor.py:183} INFO - Processing /home/datatalks_jan/anaconda3/lib/python3.11/site-packages/airflow/example_dags/example_skip_dag.py took 0.110 seconds
[2024-04-04T00:29:18.121+0000] {processor.py:161} INFO - Started process (PID=105646) to work on /home/datatalks_jan/anaconda3/lib/python3.11/site-packages/airflow/example_dags/example_skip_dag.py
[2024-04-04T00:29:18.124+0000] {processor.py:830} INFO - Processing file /home/datatalks_jan/anaconda3/lib/python3.11/site-packages/airflow/example_dags/example_skip_dag.py for tasks to queue
[2024-04-04T00:29:18.125+0000] {logging_mixin.py:188} INFO - [2024-04-04T00:29:18.125+0000] {dagbag.py:540} INFO - Filling up the DagBag from /home/datatalks_jan/anaconda3/lib/python3.11/site-packages/airflow/example_dags/example_skip_dag.py
[2024-04-04T00:29:18.138+0000] {processor.py:840} INFO - DAG(s) 'example_skip_dag' retrieved from /home/datatalks_jan/anaconda3/lib/python3.11/site-packages/airflow/example_dags/example_skip_dag.py
[2024-04-04T00:29:18.166+0000] {logging_mixin.py:188} INFO - [2024-04-04T00:29:18.165+0000] {dag.py:3047} INFO - Sync 1 DAGs
[2024-04-04T00:29:18.194+0000] {logging_mixin.py:188} INFO - [2024-04-04T00:29:18.194+0000] {dag.py:3834} INFO - Setting next_dagrun for example_skip_dag to 2024-04-03 00:00:00+00:00, run_after=2024-04-04 00:00:00+00:00
[2024-04-04T00:29:18.223+0000] {processor.py:183} INFO - Processing /home/datatalks_jan/anaconda3/lib/python3.11/site-packages/airflow/example_dags/example_skip_dag.py took 0.108 seconds
[2024-04-04T00:30:02.905+0000] {processor.py:161} INFO - Started process (PID=105812) to work on /home/datatalks_jan/anaconda3/lib/python3.11/site-packages/airflow/example_dags/example_skip_dag.py
[2024-04-04T00:30:02.907+0000] {processor.py:830} INFO - Processing file /home/datatalks_jan/anaconda3/lib/python3.11/site-packages/airflow/example_dags/example_skip_dag.py for tasks to queue
[2024-04-04T00:30:02.909+0000] {logging_mixin.py:188} INFO - [2024-04-04T00:30:02.908+0000] {dagbag.py:540} INFO - Filling up the DagBag from /home/datatalks_jan/anaconda3/lib/python3.11/site-packages/airflow/example_dags/example_skip_dag.py
[2024-04-04T00:30:02.922+0000] {processor.py:840} INFO - DAG(s) 'example_skip_dag' retrieved from /home/datatalks_jan/anaconda3/lib/python3.11/site-packages/airflow/example_dags/example_skip_dag.py
[2024-04-04T00:30:02.951+0000] {logging_mixin.py:188} INFO - [2024-04-04T00:30:02.950+0000] {dag.py:3047} INFO - Sync 1 DAGs
[2024-04-04T00:30:02.978+0000] {logging_mixin.py:188} INFO - [2024-04-04T00:30:02.977+0000] {dag.py:3834} INFO - Setting next_dagrun for example_skip_dag to 2024-04-03 00:00:00+00:00, run_after=2024-04-04 00:00:00+00:00
[2024-04-04T00:30:03.006+0000] {processor.py:183} INFO - Processing /home/datatalks_jan/anaconda3/lib/python3.11/site-packages/airflow/example_dags/example_skip_dag.py took 0.107 seconds
[2024-04-04T00:31:05.107+0000] {processor.py:161} INFO - Started process (PID=105935) to work on /home/datatalks_jan/anaconda3/lib/python3.11/site-packages/airflow/example_dags/example_skip_dag.py
[2024-04-04T00:31:05.109+0000] {processor.py:830} INFO - Processing file /home/datatalks_jan/anaconda3/lib/python3.11/site-packages/airflow/example_dags/example_skip_dag.py for tasks to queue
[2024-04-04T00:31:05.110+0000] {logging_mixin.py:188} INFO - [2024-04-04T00:31:05.110+0000] {dagbag.py:540} INFO - Filling up the DagBag from /home/datatalks_jan/anaconda3/lib/python3.11/site-packages/airflow/example_dags/example_skip_dag.py
[2024-04-04T00:31:05.121+0000] {processor.py:840} INFO - DAG(s) 'example_skip_dag' retrieved from /home/datatalks_jan/anaconda3/lib/python3.11/site-packages/airflow/example_dags/example_skip_dag.py
[2024-04-04T00:31:05.146+0000] {logging_mixin.py:188} INFO - [2024-04-04T00:31:05.146+0000] {dag.py:3047} INFO - Sync 1 DAGs
[2024-04-04T00:31:05.169+0000] {logging_mixin.py:188} INFO - [2024-04-04T00:31:05.169+0000] {dag.py:3834} INFO - Setting next_dagrun for example_skip_dag to 2024-04-03 00:00:00+00:00, run_after=2024-04-04 00:00:00+00:00
[2024-04-04T00:31:05.194+0000] {processor.py:183} INFO - Processing /home/datatalks_jan/anaconda3/lib/python3.11/site-packages/airflow/example_dags/example_skip_dag.py took 0.092 seconds
