[2024-04-04T00:05:55.979+0000] {processor.py:161} INFO - Started process (PID=99509) to work on /home/datatalks_jan/anaconda3/lib/python3.11/site-packages/airflow/example_dags/tutorial_objectstorage.py
[2024-04-04T00:05:55.980+0000] {processor.py:830} INFO - Processing file /home/datatalks_jan/anaconda3/lib/python3.11/site-packages/airflow/example_dags/tutorial_objectstorage.py for tasks to queue
[2024-04-04T00:05:55.981+0000] {logging_mixin.py:188} INFO - [2024-04-04T00:05:55.981+0000] {dagbag.py:540} INFO - Filling up the DagBag from /home/datatalks_jan/anaconda3/lib/python3.11/site-packages/airflow/example_dags/tutorial_objectstorage.py
[2024-04-04T00:05:55.997+0000] {processor.py:840} INFO - DAG(s) 'tutorial_objectstorage' retrieved from /home/datatalks_jan/anaconda3/lib/python3.11/site-packages/airflow/example_dags/tutorial_objectstorage.py
[2024-04-04T00:05:56.027+0000] {logging_mixin.py:188} INFO - [2024-04-04T00:05:56.027+0000] {dag.py:3047} INFO - Sync 1 DAGs
[2024-04-04T00:05:56.041+0000] {logging_mixin.py:188} INFO - [2024-04-04T00:05:56.040+0000] {dag.py:3834} INFO - Setting next_dagrun for tutorial_objectstorage to None, run_after=None
[2024-04-04T00:05:56.068+0000] {processor.py:183} INFO - Processing /home/datatalks_jan/anaconda3/lib/python3.11/site-packages/airflow/example_dags/tutorial_objectstorage.py took 0.094 seconds
[2024-04-04T00:06:57.841+0000] {processor.py:161} INFO - Started process (PID=99743) to work on /home/datatalks_jan/anaconda3/lib/python3.11/site-packages/airflow/example_dags/tutorial_objectstorage.py
[2024-04-04T00:06:57.844+0000] {processor.py:830} INFO - Processing file /home/datatalks_jan/anaconda3/lib/python3.11/site-packages/airflow/example_dags/tutorial_objectstorage.py for tasks to queue
[2024-04-04T00:06:57.845+0000] {logging_mixin.py:188} INFO - [2024-04-04T00:06:57.844+0000] {dagbag.py:540} INFO - Filling up the DagBag from /home/datatalks_jan/anaconda3/lib/python3.11/site-packages/airflow/example_dags/tutorial_objectstorage.py
[2024-04-04T00:06:57.858+0000] {processor.py:840} INFO - DAG(s) 'tutorial_objectstorage' retrieved from /home/datatalks_jan/anaconda3/lib/python3.11/site-packages/airflow/example_dags/tutorial_objectstorage.py
[2024-04-04T00:06:57.881+0000] {logging_mixin.py:188} INFO - [2024-04-04T00:06:57.880+0000] {dag.py:3047} INFO - Sync 1 DAGs
[2024-04-04T00:06:57.895+0000] {logging_mixin.py:188} INFO - [2024-04-04T00:06:57.894+0000] {dag.py:3834} INFO - Setting next_dagrun for tutorial_objectstorage to None, run_after=None
[2024-04-04T00:06:57.924+0000] {processor.py:183} INFO - Processing /home/datatalks_jan/anaconda3/lib/python3.11/site-packages/airflow/example_dags/tutorial_objectstorage.py took 0.087 seconds
[2024-04-04T00:08:05.945+0000] {processor.py:161} INFO - Started process (PID=100216) to work on /home/datatalks_jan/anaconda3/lib/python3.11/site-packages/airflow/example_dags/tutorial_objectstorage.py
[2024-04-04T00:08:05.948+0000] {processor.py:830} INFO - Processing file /home/datatalks_jan/anaconda3/lib/python3.11/site-packages/airflow/example_dags/tutorial_objectstorage.py for tasks to queue
[2024-04-04T00:08:05.949+0000] {logging_mixin.py:188} INFO - [2024-04-04T00:08:05.948+0000] {dagbag.py:540} INFO - Filling up the DagBag from /home/datatalks_jan/anaconda3/lib/python3.11/site-packages/airflow/example_dags/tutorial_objectstorage.py
[2024-04-04T00:08:05.964+0000] {processor.py:840} INFO - DAG(s) 'tutorial_objectstorage' retrieved from /home/datatalks_jan/anaconda3/lib/python3.11/site-packages/airflow/example_dags/tutorial_objectstorage.py
[2024-04-04T00:08:05.989+0000] {logging_mixin.py:188} INFO - [2024-04-04T00:08:05.988+0000] {dag.py:3047} INFO - Sync 1 DAGs
[2024-04-04T00:08:06.003+0000] {logging_mixin.py:188} INFO - [2024-04-04T00:08:06.003+0000] {dag.py:3834} INFO - Setting next_dagrun for tutorial_objectstorage to None, run_after=None
[2024-04-04T00:08:06.030+0000] {processor.py:183} INFO - Processing /home/datatalks_jan/anaconda3/lib/python3.11/site-packages/airflow/example_dags/tutorial_objectstorage.py took 0.091 seconds
[2024-04-04T00:09:13.897+0000] {processor.py:161} INFO - Started process (PID=100540) to work on /home/datatalks_jan/anaconda3/lib/python3.11/site-packages/airflow/example_dags/tutorial_objectstorage.py
[2024-04-04T00:09:13.899+0000] {processor.py:830} INFO - Processing file /home/datatalks_jan/anaconda3/lib/python3.11/site-packages/airflow/example_dags/tutorial_objectstorage.py for tasks to queue
[2024-04-04T00:09:13.900+0000] {logging_mixin.py:188} INFO - [2024-04-04T00:09:13.900+0000] {dagbag.py:540} INFO - Filling up the DagBag from /home/datatalks_jan/anaconda3/lib/python3.11/site-packages/airflow/example_dags/tutorial_objectstorage.py
[2024-04-04T00:09:14.115+0000] {processor.py:840} INFO - DAG(s) 'tutorial_objectstorage' retrieved from /home/datatalks_jan/anaconda3/lib/python3.11/site-packages/airflow/example_dags/tutorial_objectstorage.py
[2024-04-04T00:09:14.128+0000] {logging_mixin.py:188} INFO - [2024-04-04T00:09:14.128+0000] {dag.py:3047} INFO - Sync 1 DAGs
[2024-04-04T00:09:14.137+0000] {logging_mixin.py:188} INFO - [2024-04-04T00:09:14.137+0000] {dag.py:3834} INFO - Setting next_dagrun for tutorial_objectstorage to None, run_after=None
[2024-04-04T00:09:14.158+0000] {processor.py:183} INFO - Processing /home/datatalks_jan/anaconda3/lib/python3.11/site-packages/airflow/example_dags/tutorial_objectstorage.py took 0.266 seconds
[2024-04-04T00:10:06.794+0000] {processor.py:161} INFO - Started process (PID=100928) to work on /home/datatalks_jan/anaconda3/lib/python3.11/site-packages/airflow/example_dags/tutorial_objectstorage.py
[2024-04-04T00:10:06.797+0000] {processor.py:830} INFO - Processing file /home/datatalks_jan/anaconda3/lib/python3.11/site-packages/airflow/example_dags/tutorial_objectstorage.py for tasks to queue
[2024-04-04T00:10:06.798+0000] {logging_mixin.py:188} INFO - [2024-04-04T00:10:06.798+0000] {dagbag.py:540} INFO - Filling up the DagBag from /home/datatalks_jan/anaconda3/lib/python3.11/site-packages/airflow/example_dags/tutorial_objectstorage.py
[2024-04-04T00:10:06.813+0000] {processor.py:840} INFO - DAG(s) 'tutorial_objectstorage' retrieved from /home/datatalks_jan/anaconda3/lib/python3.11/site-packages/airflow/example_dags/tutorial_objectstorage.py
[2024-04-04T00:10:06.836+0000] {logging_mixin.py:188} INFO - [2024-04-04T00:10:06.836+0000] {dag.py:3047} INFO - Sync 1 DAGs
[2024-04-04T00:10:06.851+0000] {logging_mixin.py:188} INFO - [2024-04-04T00:10:06.850+0000] {dag.py:3834} INFO - Setting next_dagrun for tutorial_objectstorage to None, run_after=None
[2024-04-04T00:10:06.883+0000] {processor.py:183} INFO - Processing /home/datatalks_jan/anaconda3/lib/python3.11/site-packages/airflow/example_dags/tutorial_objectstorage.py took 0.093 seconds
[2024-04-04T00:11:03.192+0000] {processor.py:161} INFO - Started process (PID=101425) to work on /home/datatalks_jan/anaconda3/lib/python3.11/site-packages/airflow/example_dags/tutorial_objectstorage.py
[2024-04-04T00:11:03.194+0000] {processor.py:830} INFO - Processing file /home/datatalks_jan/anaconda3/lib/python3.11/site-packages/airflow/example_dags/tutorial_objectstorage.py for tasks to queue
[2024-04-04T00:11:03.196+0000] {logging_mixin.py:188} INFO - [2024-04-04T00:11:03.195+0000] {dagbag.py:540} INFO - Filling up the DagBag from /home/datatalks_jan/anaconda3/lib/python3.11/site-packages/airflow/example_dags/tutorial_objectstorage.py
[2024-04-04T00:11:03.209+0000] {processor.py:840} INFO - DAG(s) 'tutorial_objectstorage' retrieved from /home/datatalks_jan/anaconda3/lib/python3.11/site-packages/airflow/example_dags/tutorial_objectstorage.py
[2024-04-04T00:11:03.231+0000] {logging_mixin.py:188} INFO - [2024-04-04T00:11:03.231+0000] {dag.py:3047} INFO - Sync 1 DAGs
[2024-04-04T00:11:03.245+0000] {logging_mixin.py:188} INFO - [2024-04-04T00:11:03.245+0000] {dag.py:3834} INFO - Setting next_dagrun for tutorial_objectstorage to None, run_after=None
[2024-04-04T00:11:03.272+0000] {processor.py:183} INFO - Processing /home/datatalks_jan/anaconda3/lib/python3.11/site-packages/airflow/example_dags/tutorial_objectstorage.py took 0.085 seconds
[2024-04-04T00:11:51.479+0000] {processor.py:161} INFO - Started process (PID=101757) to work on /home/datatalks_jan/anaconda3/lib/python3.11/site-packages/airflow/example_dags/tutorial_objectstorage.py
[2024-04-04T00:11:51.481+0000] {processor.py:830} INFO - Processing file /home/datatalks_jan/anaconda3/lib/python3.11/site-packages/airflow/example_dags/tutorial_objectstorage.py for tasks to queue
[2024-04-04T00:11:51.483+0000] {logging_mixin.py:188} INFO - [2024-04-04T00:11:51.482+0000] {dagbag.py:540} INFO - Filling up the DagBag from /home/datatalks_jan/anaconda3/lib/python3.11/site-packages/airflow/example_dags/tutorial_objectstorage.py
[2024-04-04T00:11:51.496+0000] {processor.py:840} INFO - DAG(s) 'tutorial_objectstorage' retrieved from /home/datatalks_jan/anaconda3/lib/python3.11/site-packages/airflow/example_dags/tutorial_objectstorage.py
[2024-04-04T00:11:51.519+0000] {logging_mixin.py:188} INFO - [2024-04-04T00:11:51.518+0000] {dag.py:3047} INFO - Sync 1 DAGs
[2024-04-04T00:11:51.532+0000] {logging_mixin.py:188} INFO - [2024-04-04T00:11:51.532+0000] {dag.py:3834} INFO - Setting next_dagrun for tutorial_objectstorage to None, run_after=None
[2024-04-04T00:11:51.559+0000] {processor.py:183} INFO - Processing /home/datatalks_jan/anaconda3/lib/python3.11/site-packages/airflow/example_dags/tutorial_objectstorage.py took 0.086 seconds
[2024-04-04T00:12:39.536+0000] {processor.py:161} INFO - Started process (PID=102073) to work on /home/datatalks_jan/anaconda3/lib/python3.11/site-packages/airflow/example_dags/tutorial_objectstorage.py
[2024-04-04T00:12:39.538+0000] {processor.py:830} INFO - Processing file /home/datatalks_jan/anaconda3/lib/python3.11/site-packages/airflow/example_dags/tutorial_objectstorage.py for tasks to queue
[2024-04-04T00:12:39.539+0000] {logging_mixin.py:188} INFO - [2024-04-04T00:12:39.539+0000] {dagbag.py:540} INFO - Filling up the DagBag from /home/datatalks_jan/anaconda3/lib/python3.11/site-packages/airflow/example_dags/tutorial_objectstorage.py
[2024-04-04T00:12:39.557+0000] {processor.py:840} INFO - DAG(s) 'tutorial_objectstorage' retrieved from /home/datatalks_jan/anaconda3/lib/python3.11/site-packages/airflow/example_dags/tutorial_objectstorage.py
[2024-04-04T00:12:39.582+0000] {logging_mixin.py:188} INFO - [2024-04-04T00:12:39.581+0000] {dag.py:3047} INFO - Sync 1 DAGs
[2024-04-04T00:12:39.596+0000] {logging_mixin.py:188} INFO - [2024-04-04T00:12:39.595+0000] {dag.py:3834} INFO - Setting next_dagrun for tutorial_objectstorage to None, run_after=None
[2024-04-04T00:12:39.623+0000] {processor.py:183} INFO - Processing /home/datatalks_jan/anaconda3/lib/python3.11/site-packages/airflow/example_dags/tutorial_objectstorage.py took 0.092 seconds
[2024-04-04T00:13:26.514+0000] {processor.py:161} INFO - Started process (PID=102433) to work on /home/datatalks_jan/anaconda3/lib/python3.11/site-packages/airflow/example_dags/tutorial_objectstorage.py
[2024-04-04T00:13:26.517+0000] {processor.py:830} INFO - Processing file /home/datatalks_jan/anaconda3/lib/python3.11/site-packages/airflow/example_dags/tutorial_objectstorage.py for tasks to queue
[2024-04-04T00:13:26.518+0000] {logging_mixin.py:188} INFO - [2024-04-04T00:13:26.517+0000] {dagbag.py:540} INFO - Filling up the DagBag from /home/datatalks_jan/anaconda3/lib/python3.11/site-packages/airflow/example_dags/tutorial_objectstorage.py
[2024-04-04T00:13:26.531+0000] {processor.py:840} INFO - DAG(s) 'tutorial_objectstorage' retrieved from /home/datatalks_jan/anaconda3/lib/python3.11/site-packages/airflow/example_dags/tutorial_objectstorage.py
[2024-04-04T00:13:26.553+0000] {logging_mixin.py:188} INFO - [2024-04-04T00:13:26.553+0000] {dag.py:3047} INFO - Sync 1 DAGs
[2024-04-04T00:13:26.567+0000] {logging_mixin.py:188} INFO - [2024-04-04T00:13:26.567+0000] {dag.py:3834} INFO - Setting next_dagrun for tutorial_objectstorage to None, run_after=None
[2024-04-04T00:13:26.595+0000] {processor.py:183} INFO - Processing /home/datatalks_jan/anaconda3/lib/python3.11/site-packages/airflow/example_dags/tutorial_objectstorage.py took 0.085 seconds
[2024-04-04T00:14:22.582+0000] {processor.py:161} INFO - Started process (PID=102909) to work on /home/datatalks_jan/anaconda3/lib/python3.11/site-packages/airflow/example_dags/tutorial_objectstorage.py
[2024-04-04T00:14:22.585+0000] {processor.py:830} INFO - Processing file /home/datatalks_jan/anaconda3/lib/python3.11/site-packages/airflow/example_dags/tutorial_objectstorage.py for tasks to queue
[2024-04-04T00:14:22.587+0000] {logging_mixin.py:188} INFO - [2024-04-04T00:14:22.586+0000] {dagbag.py:540} INFO - Filling up the DagBag from /home/datatalks_jan/anaconda3/lib/python3.11/site-packages/airflow/example_dags/tutorial_objectstorage.py
[2024-04-04T00:14:22.606+0000] {processor.py:840} INFO - DAG(s) 'tutorial_objectstorage' retrieved from /home/datatalks_jan/anaconda3/lib/python3.11/site-packages/airflow/example_dags/tutorial_objectstorage.py
[2024-04-04T00:14:22.633+0000] {logging_mixin.py:188} INFO - [2024-04-04T00:14:22.633+0000] {dag.py:3047} INFO - Sync 1 DAGs
[2024-04-04T00:14:22.650+0000] {logging_mixin.py:188} INFO - [2024-04-04T00:14:22.649+0000] {dag.py:3834} INFO - Setting next_dagrun for tutorial_objectstorage to None, run_after=None
[2024-04-04T00:14:22.691+0000] {processor.py:183} INFO - Processing /home/datatalks_jan/anaconda3/lib/python3.11/site-packages/airflow/example_dags/tutorial_objectstorage.py took 0.115 seconds
[2024-04-04T00:15:09.679+0000] {processor.py:161} INFO - Started process (PID=103255) to work on /home/datatalks_jan/anaconda3/lib/python3.11/site-packages/airflow/example_dags/tutorial_objectstorage.py
[2024-04-04T00:15:09.681+0000] {processor.py:830} INFO - Processing file /home/datatalks_jan/anaconda3/lib/python3.11/site-packages/airflow/example_dags/tutorial_objectstorage.py for tasks to queue
[2024-04-04T00:15:09.683+0000] {logging_mixin.py:188} INFO - [2024-04-04T00:15:09.682+0000] {dagbag.py:540} INFO - Filling up the DagBag from /home/datatalks_jan/anaconda3/lib/python3.11/site-packages/airflow/example_dags/tutorial_objectstorage.py
[2024-04-04T00:15:09.696+0000] {processor.py:840} INFO - DAG(s) 'tutorial_objectstorage' retrieved from /home/datatalks_jan/anaconda3/lib/python3.11/site-packages/airflow/example_dags/tutorial_objectstorage.py
[2024-04-04T00:15:09.719+0000] {logging_mixin.py:188} INFO - [2024-04-04T00:15:09.718+0000] {dag.py:3047} INFO - Sync 1 DAGs
[2024-04-04T00:15:09.733+0000] {logging_mixin.py:188} INFO - [2024-04-04T00:15:09.733+0000] {dag.py:3834} INFO - Setting next_dagrun for tutorial_objectstorage to None, run_after=None
[2024-04-04T00:15:09.759+0000] {processor.py:183} INFO - Processing /home/datatalks_jan/anaconda3/lib/python3.11/site-packages/airflow/example_dags/tutorial_objectstorage.py took 0.086 seconds
[2024-04-04T00:16:05.044+0000] {processor.py:161} INFO - Started process (PID=103666) to work on /home/datatalks_jan/anaconda3/lib/python3.11/site-packages/airflow/example_dags/tutorial_objectstorage.py
[2024-04-04T00:16:05.046+0000] {processor.py:830} INFO - Processing file /home/datatalks_jan/anaconda3/lib/python3.11/site-packages/airflow/example_dags/tutorial_objectstorage.py for tasks to queue
[2024-04-04T00:16:05.047+0000] {logging_mixin.py:188} INFO - [2024-04-04T00:16:05.047+0000] {dagbag.py:540} INFO - Filling up the DagBag from /home/datatalks_jan/anaconda3/lib/python3.11/site-packages/airflow/example_dags/tutorial_objectstorage.py
[2024-04-04T00:16:05.060+0000] {processor.py:840} INFO - DAG(s) 'tutorial_objectstorage' retrieved from /home/datatalks_jan/anaconda3/lib/python3.11/site-packages/airflow/example_dags/tutorial_objectstorage.py
[2024-04-04T00:16:05.083+0000] {logging_mixin.py:188} INFO - [2024-04-04T00:16:05.082+0000] {dag.py:3047} INFO - Sync 1 DAGs
[2024-04-04T00:16:05.097+0000] {logging_mixin.py:188} INFO - [2024-04-04T00:16:05.097+0000] {dag.py:3834} INFO - Setting next_dagrun for tutorial_objectstorage to None, run_after=None
[2024-04-04T00:16:05.124+0000] {processor.py:183} INFO - Processing /home/datatalks_jan/anaconda3/lib/python3.11/site-packages/airflow/example_dags/tutorial_objectstorage.py took 0.085 seconds
[2024-04-04T00:16:50.236+0000] {processor.py:161} INFO - Started process (PID=103906) to work on /home/datatalks_jan/anaconda3/lib/python3.11/site-packages/airflow/example_dags/tutorial_objectstorage.py
[2024-04-04T00:16:50.241+0000] {processor.py:830} INFO - Processing file /home/datatalks_jan/anaconda3/lib/python3.11/site-packages/airflow/example_dags/tutorial_objectstorage.py for tasks to queue
[2024-04-04T00:16:50.242+0000] {logging_mixin.py:188} INFO - [2024-04-04T00:16:50.241+0000] {dagbag.py:540} INFO - Filling up the DagBag from /home/datatalks_jan/anaconda3/lib/python3.11/site-packages/airflow/example_dags/tutorial_objectstorage.py
[2024-04-04T00:16:50.256+0000] {processor.py:840} INFO - DAG(s) 'tutorial_objectstorage' retrieved from /home/datatalks_jan/anaconda3/lib/python3.11/site-packages/airflow/example_dags/tutorial_objectstorage.py
[2024-04-04T00:16:50.278+0000] {logging_mixin.py:188} INFO - [2024-04-04T00:16:50.277+0000] {dag.py:3047} INFO - Sync 1 DAGs
[2024-04-04T00:16:50.291+0000] {logging_mixin.py:188} INFO - [2024-04-04T00:16:50.291+0000] {dag.py:3834} INFO - Setting next_dagrun for tutorial_objectstorage to None, run_after=None
[2024-04-04T00:16:50.320+0000] {processor.py:183} INFO - Processing /home/datatalks_jan/anaconda3/lib/python3.11/site-packages/airflow/example_dags/tutorial_objectstorage.py took 0.089 seconds
[2024-04-04T00:17:36.733+0000] {processor.py:161} INFO - Started process (PID=104076) to work on /home/datatalks_jan/anaconda3/lib/python3.11/site-packages/airflow/example_dags/tutorial_objectstorage.py
[2024-04-04T00:17:36.737+0000] {processor.py:830} INFO - Processing file /home/datatalks_jan/anaconda3/lib/python3.11/site-packages/airflow/example_dags/tutorial_objectstorage.py for tasks to queue
[2024-04-04T00:17:36.739+0000] {logging_mixin.py:188} INFO - [2024-04-04T00:17:36.738+0000] {dagbag.py:540} INFO - Filling up the DagBag from /home/datatalks_jan/anaconda3/lib/python3.11/site-packages/airflow/example_dags/tutorial_objectstorage.py
[2024-04-04T00:17:36.759+0000] {processor.py:840} INFO - DAG(s) 'tutorial_objectstorage' retrieved from /home/datatalks_jan/anaconda3/lib/python3.11/site-packages/airflow/example_dags/tutorial_objectstorage.py
[2024-04-04T00:17:36.799+0000] {logging_mixin.py:188} INFO - [2024-04-04T00:17:36.798+0000] {dag.py:3047} INFO - Sync 1 DAGs
[2024-04-04T00:17:36.815+0000] {logging_mixin.py:188} INFO - [2024-04-04T00:17:36.814+0000] {dag.py:3834} INFO - Setting next_dagrun for tutorial_objectstorage to None, run_after=None
[2024-04-04T00:17:36.852+0000] {processor.py:183} INFO - Processing /home/datatalks_jan/anaconda3/lib/python3.11/site-packages/airflow/example_dags/tutorial_objectstorage.py took 0.125 seconds
[2024-04-04T00:18:23.687+0000] {processor.py:161} INFO - Started process (PID=104331) to work on /home/datatalks_jan/anaconda3/lib/python3.11/site-packages/airflow/example_dags/tutorial_objectstorage.py
[2024-04-04T00:18:23.690+0000] {processor.py:830} INFO - Processing file /home/datatalks_jan/anaconda3/lib/python3.11/site-packages/airflow/example_dags/tutorial_objectstorage.py for tasks to queue
[2024-04-04T00:18:23.692+0000] {logging_mixin.py:188} INFO - [2024-04-04T00:18:23.691+0000] {dagbag.py:540} INFO - Filling up the DagBag from /home/datatalks_jan/anaconda3/lib/python3.11/site-packages/airflow/example_dags/tutorial_objectstorage.py
[2024-04-04T00:18:23.710+0000] {processor.py:840} INFO - DAG(s) 'tutorial_objectstorage' retrieved from /home/datatalks_jan/anaconda3/lib/python3.11/site-packages/airflow/example_dags/tutorial_objectstorage.py
[2024-04-04T00:18:23.737+0000] {logging_mixin.py:188} INFO - [2024-04-04T00:18:23.737+0000] {dag.py:3047} INFO - Sync 1 DAGs
[2024-04-04T00:18:23.756+0000] {logging_mixin.py:188} INFO - [2024-04-04T00:18:23.756+0000] {dag.py:3834} INFO - Setting next_dagrun for tutorial_objectstorage to None, run_after=None
[2024-04-04T00:18:23.795+0000] {processor.py:183} INFO - Processing /home/datatalks_jan/anaconda3/lib/python3.11/site-packages/airflow/example_dags/tutorial_objectstorage.py took 0.115 seconds
[2024-04-04T00:19:22.388+0000] {processor.py:161} INFO - Started process (PID=104475) to work on /home/datatalks_jan/anaconda3/lib/python3.11/site-packages/airflow/example_dags/tutorial_objectstorage.py
[2024-04-04T00:19:22.391+0000] {processor.py:830} INFO - Processing file /home/datatalks_jan/anaconda3/lib/python3.11/site-packages/airflow/example_dags/tutorial_objectstorage.py for tasks to queue
[2024-04-04T00:19:22.393+0000] {logging_mixin.py:188} INFO - [2024-04-04T00:19:22.392+0000] {dagbag.py:540} INFO - Filling up the DagBag from /home/datatalks_jan/anaconda3/lib/python3.11/site-packages/airflow/example_dags/tutorial_objectstorage.py
[2024-04-04T00:19:22.409+0000] {processor.py:840} INFO - DAG(s) 'tutorial_objectstorage' retrieved from /home/datatalks_jan/anaconda3/lib/python3.11/site-packages/airflow/example_dags/tutorial_objectstorage.py
[2024-04-04T00:19:22.437+0000] {logging_mixin.py:188} INFO - [2024-04-04T00:19:22.436+0000] {dag.py:3047} INFO - Sync 1 DAGs
[2024-04-04T00:19:22.456+0000] {logging_mixin.py:188} INFO - [2024-04-04T00:19:22.455+0000] {dag.py:3834} INFO - Setting next_dagrun for tutorial_objectstorage to None, run_after=None
[2024-04-04T00:19:22.494+0000] {processor.py:183} INFO - Processing /home/datatalks_jan/anaconda3/lib/python3.11/site-packages/airflow/example_dags/tutorial_objectstorage.py took 0.112 seconds
[2024-04-04T00:20:06.458+0000] {processor.py:161} INFO - Started process (PID=104521) to work on /home/datatalks_jan/anaconda3/lib/python3.11/site-packages/airflow/example_dags/tutorial_objectstorage.py
[2024-04-04T00:20:06.460+0000] {processor.py:830} INFO - Processing file /home/datatalks_jan/anaconda3/lib/python3.11/site-packages/airflow/example_dags/tutorial_objectstorage.py for tasks to queue
[2024-04-04T00:20:06.461+0000] {logging_mixin.py:188} INFO - [2024-04-04T00:20:06.461+0000] {dagbag.py:540} INFO - Filling up the DagBag from /home/datatalks_jan/anaconda3/lib/python3.11/site-packages/airflow/example_dags/tutorial_objectstorage.py
[2024-04-04T00:20:06.477+0000] {processor.py:840} INFO - DAG(s) 'tutorial_objectstorage' retrieved from /home/datatalks_jan/anaconda3/lib/python3.11/site-packages/airflow/example_dags/tutorial_objectstorage.py
[2024-04-04T00:20:06.502+0000] {logging_mixin.py:188} INFO - [2024-04-04T00:20:06.502+0000] {dag.py:3047} INFO - Sync 1 DAGs
[2024-04-04T00:20:06.516+0000] {logging_mixin.py:188} INFO - [2024-04-04T00:20:06.516+0000] {dag.py:3834} INFO - Setting next_dagrun for tutorial_objectstorage to None, run_after=None
[2024-04-04T00:20:06.543+0000] {processor.py:183} INFO - Processing /home/datatalks_jan/anaconda3/lib/python3.11/site-packages/airflow/example_dags/tutorial_objectstorage.py took 0.090 seconds
[2024-04-04T00:20:49.810+0000] {processor.py:161} INFO - Started process (PID=104678) to work on /home/datatalks_jan/anaconda3/lib/python3.11/site-packages/airflow/example_dags/tutorial_objectstorage.py
[2024-04-04T00:20:49.813+0000] {processor.py:830} INFO - Processing file /home/datatalks_jan/anaconda3/lib/python3.11/site-packages/airflow/example_dags/tutorial_objectstorage.py for tasks to queue
[2024-04-04T00:20:49.814+0000] {logging_mixin.py:188} INFO - [2024-04-04T00:20:49.813+0000] {dagbag.py:540} INFO - Filling up the DagBag from /home/datatalks_jan/anaconda3/lib/python3.11/site-packages/airflow/example_dags/tutorial_objectstorage.py
[2024-04-04T00:20:49.830+0000] {processor.py:840} INFO - DAG(s) 'tutorial_objectstorage' retrieved from /home/datatalks_jan/anaconda3/lib/python3.11/site-packages/airflow/example_dags/tutorial_objectstorage.py
[2024-04-04T00:20:49.857+0000] {logging_mixin.py:188} INFO - [2024-04-04T00:20:49.857+0000] {dag.py:3047} INFO - Sync 1 DAGs
[2024-04-04T00:20:49.874+0000] {logging_mixin.py:188} INFO - [2024-04-04T00:20:49.874+0000] {dag.py:3834} INFO - Setting next_dagrun for tutorial_objectstorage to None, run_after=None
[2024-04-04T00:20:49.906+0000] {processor.py:183} INFO - Processing /home/datatalks_jan/anaconda3/lib/python3.11/site-packages/airflow/example_dags/tutorial_objectstorage.py took 0.102 seconds
[2024-04-04T00:21:36.355+0000] {processor.py:161} INFO - Started process (PID=104726) to work on /home/datatalks_jan/anaconda3/lib/python3.11/site-packages/airflow/example_dags/tutorial_objectstorage.py
[2024-04-04T00:21:36.357+0000] {processor.py:830} INFO - Processing file /home/datatalks_jan/anaconda3/lib/python3.11/site-packages/airflow/example_dags/tutorial_objectstorage.py for tasks to queue
[2024-04-04T00:21:36.358+0000] {logging_mixin.py:188} INFO - [2024-04-04T00:21:36.358+0000] {dagbag.py:540} INFO - Filling up the DagBag from /home/datatalks_jan/anaconda3/lib/python3.11/site-packages/airflow/example_dags/tutorial_objectstorage.py
[2024-04-04T00:21:36.372+0000] {processor.py:840} INFO - DAG(s) 'tutorial_objectstorage' retrieved from /home/datatalks_jan/anaconda3/lib/python3.11/site-packages/airflow/example_dags/tutorial_objectstorage.py
[2024-04-04T00:21:36.395+0000] {logging_mixin.py:188} INFO - [2024-04-04T00:21:36.394+0000] {dag.py:3047} INFO - Sync 1 DAGs
[2024-04-04T00:21:36.409+0000] {logging_mixin.py:188} INFO - [2024-04-04T00:21:36.408+0000] {dag.py:3834} INFO - Setting next_dagrun for tutorial_objectstorage to None, run_after=None
[2024-04-04T00:21:36.440+0000] {processor.py:183} INFO - Processing /home/datatalks_jan/anaconda3/lib/python3.11/site-packages/airflow/example_dags/tutorial_objectstorage.py took 0.090 seconds
[2024-04-04T00:22:22.577+0000] {processor.py:161} INFO - Started process (PID=104772) to work on /home/datatalks_jan/anaconda3/lib/python3.11/site-packages/airflow/example_dags/tutorial_objectstorage.py
[2024-04-04T00:22:22.579+0000] {processor.py:830} INFO - Processing file /home/datatalks_jan/anaconda3/lib/python3.11/site-packages/airflow/example_dags/tutorial_objectstorage.py for tasks to queue
[2024-04-04T00:22:22.581+0000] {logging_mixin.py:188} INFO - [2024-04-04T00:22:22.580+0000] {dagbag.py:540} INFO - Filling up the DagBag from /home/datatalks_jan/anaconda3/lib/python3.11/site-packages/airflow/example_dags/tutorial_objectstorage.py
[2024-04-04T00:22:22.599+0000] {processor.py:840} INFO - DAG(s) 'tutorial_objectstorage' retrieved from /home/datatalks_jan/anaconda3/lib/python3.11/site-packages/airflow/example_dags/tutorial_objectstorage.py
[2024-04-04T00:22:22.624+0000] {logging_mixin.py:188} INFO - [2024-04-04T00:22:22.624+0000] {dag.py:3047} INFO - Sync 1 DAGs
[2024-04-04T00:22:22.639+0000] {logging_mixin.py:188} INFO - [2024-04-04T00:22:22.639+0000] {dag.py:3834} INFO - Setting next_dagrun for tutorial_objectstorage to None, run_after=None
[2024-04-04T00:22:22.668+0000] {processor.py:183} INFO - Processing /home/datatalks_jan/anaconda3/lib/python3.11/site-packages/airflow/example_dags/tutorial_objectstorage.py took 0.097 seconds
[2024-04-04T00:23:09.485+0000] {processor.py:161} INFO - Started process (PID=104818) to work on /home/datatalks_jan/anaconda3/lib/python3.11/site-packages/airflow/example_dags/tutorial_objectstorage.py
[2024-04-04T00:23:09.487+0000] {processor.py:830} INFO - Processing file /home/datatalks_jan/anaconda3/lib/python3.11/site-packages/airflow/example_dags/tutorial_objectstorage.py for tasks to queue
[2024-04-04T00:23:09.488+0000] {logging_mixin.py:188} INFO - [2024-04-04T00:23:09.488+0000] {dagbag.py:540} INFO - Filling up the DagBag from /home/datatalks_jan/anaconda3/lib/python3.11/site-packages/airflow/example_dags/tutorial_objectstorage.py
[2024-04-04T00:23:09.502+0000] {processor.py:840} INFO - DAG(s) 'tutorial_objectstorage' retrieved from /home/datatalks_jan/anaconda3/lib/python3.11/site-packages/airflow/example_dags/tutorial_objectstorage.py
[2024-04-04T00:23:09.525+0000] {logging_mixin.py:188} INFO - [2024-04-04T00:23:09.524+0000] {dag.py:3047} INFO - Sync 1 DAGs
[2024-04-04T00:23:09.539+0000] {logging_mixin.py:188} INFO - [2024-04-04T00:23:09.538+0000] {dag.py:3834} INFO - Setting next_dagrun for tutorial_objectstorage to None, run_after=None
[2024-04-04T00:23:09.565+0000] {processor.py:183} INFO - Processing /home/datatalks_jan/anaconda3/lib/python3.11/site-packages/airflow/example_dags/tutorial_objectstorage.py took 0.085 seconds
[2024-04-04T00:23:57.340+0000] {processor.py:161} INFO - Started process (PID=104933) to work on /home/datatalks_jan/anaconda3/lib/python3.11/site-packages/airflow/example_dags/tutorial_objectstorage.py
[2024-04-04T00:23:57.342+0000] {processor.py:830} INFO - Processing file /home/datatalks_jan/anaconda3/lib/python3.11/site-packages/airflow/example_dags/tutorial_objectstorage.py for tasks to queue
[2024-04-04T00:23:57.344+0000] {logging_mixin.py:188} INFO - [2024-04-04T00:23:57.343+0000] {dagbag.py:540} INFO - Filling up the DagBag from /home/datatalks_jan/anaconda3/lib/python3.11/site-packages/airflow/example_dags/tutorial_objectstorage.py
[2024-04-04T00:23:57.360+0000] {processor.py:840} INFO - DAG(s) 'tutorial_objectstorage' retrieved from /home/datatalks_jan/anaconda3/lib/python3.11/site-packages/airflow/example_dags/tutorial_objectstorage.py
[2024-04-04T00:23:57.385+0000] {logging_mixin.py:188} INFO - [2024-04-04T00:23:57.385+0000] {dag.py:3047} INFO - Sync 1 DAGs
[2024-04-04T00:23:57.402+0000] {logging_mixin.py:188} INFO - [2024-04-04T00:23:57.401+0000] {dag.py:3834} INFO - Setting next_dagrun for tutorial_objectstorage to None, run_after=None
[2024-04-04T00:23:57.433+0000] {processor.py:183} INFO - Processing /home/datatalks_jan/anaconda3/lib/python3.11/site-packages/airflow/example_dags/tutorial_objectstorage.py took 0.099 seconds
[2024-04-04T00:24:48.393+0000] {processor.py:161} INFO - Started process (PID=104985) to work on /home/datatalks_jan/anaconda3/lib/python3.11/site-packages/airflow/example_dags/tutorial_objectstorage.py
[2024-04-04T00:24:48.396+0000] {processor.py:830} INFO - Processing file /home/datatalks_jan/anaconda3/lib/python3.11/site-packages/airflow/example_dags/tutorial_objectstorage.py for tasks to queue
[2024-04-04T00:24:48.398+0000] {logging_mixin.py:188} INFO - [2024-04-04T00:24:48.397+0000] {dagbag.py:540} INFO - Filling up the DagBag from /home/datatalks_jan/anaconda3/lib/python3.11/site-packages/airflow/example_dags/tutorial_objectstorage.py
[2024-04-04T00:24:48.416+0000] {processor.py:840} INFO - DAG(s) 'tutorial_objectstorage' retrieved from /home/datatalks_jan/anaconda3/lib/python3.11/site-packages/airflow/example_dags/tutorial_objectstorage.py
[2024-04-04T00:24:48.445+0000] {logging_mixin.py:188} INFO - [2024-04-04T00:24:48.444+0000] {dag.py:3047} INFO - Sync 1 DAGs
[2024-04-04T00:24:48.468+0000] {logging_mixin.py:188} INFO - [2024-04-04T00:24:48.467+0000] {dag.py:3834} INFO - Setting next_dagrun for tutorial_objectstorage to None, run_after=None
[2024-04-04T00:24:48.507+0000] {processor.py:183} INFO - Processing /home/datatalks_jan/anaconda3/lib/python3.11/site-packages/airflow/example_dags/tutorial_objectstorage.py took 0.120 seconds
[2024-04-04T00:25:36.088+0000] {processor.py:161} INFO - Started process (PID=105032) to work on /home/datatalks_jan/anaconda3/lib/python3.11/site-packages/airflow/example_dags/tutorial_objectstorage.py
[2024-04-04T00:25:36.090+0000] {processor.py:830} INFO - Processing file /home/datatalks_jan/anaconda3/lib/python3.11/site-packages/airflow/example_dags/tutorial_objectstorage.py for tasks to queue
[2024-04-04T00:25:36.092+0000] {logging_mixin.py:188} INFO - [2024-04-04T00:25:36.091+0000] {dagbag.py:540} INFO - Filling up the DagBag from /home/datatalks_jan/anaconda3/lib/python3.11/site-packages/airflow/example_dags/tutorial_objectstorage.py
[2024-04-04T00:25:36.108+0000] {processor.py:840} INFO - DAG(s) 'tutorial_objectstorage' retrieved from /home/datatalks_jan/anaconda3/lib/python3.11/site-packages/airflow/example_dags/tutorial_objectstorage.py
[2024-04-04T00:25:36.134+0000] {logging_mixin.py:188} INFO - [2024-04-04T00:25:36.134+0000] {dag.py:3047} INFO - Sync 1 DAGs
[2024-04-04T00:25:36.150+0000] {logging_mixin.py:188} INFO - [2024-04-04T00:25:36.149+0000] {dag.py:3834} INFO - Setting next_dagrun for tutorial_objectstorage to None, run_after=None
[2024-04-04T00:25:36.179+0000] {processor.py:183} INFO - Processing /home/datatalks_jan/anaconda3/lib/python3.11/site-packages/airflow/example_dags/tutorial_objectstorage.py took 0.097 seconds
[2024-04-04T00:26:21.474+0000] {processor.py:161} INFO - Started process (PID=105132) to work on /home/datatalks_jan/anaconda3/lib/python3.11/site-packages/airflow/example_dags/tutorial_objectstorage.py
[2024-04-04T00:26:21.476+0000] {processor.py:830} INFO - Processing file /home/datatalks_jan/anaconda3/lib/python3.11/site-packages/airflow/example_dags/tutorial_objectstorage.py for tasks to queue
[2024-04-04T00:26:21.478+0000] {logging_mixin.py:188} INFO - [2024-04-04T00:26:21.477+0000] {dagbag.py:540} INFO - Filling up the DagBag from /home/datatalks_jan/anaconda3/lib/python3.11/site-packages/airflow/example_dags/tutorial_objectstorage.py
[2024-04-04T00:26:21.494+0000] {processor.py:840} INFO - DAG(s) 'tutorial_objectstorage' retrieved from /home/datatalks_jan/anaconda3/lib/python3.11/site-packages/airflow/example_dags/tutorial_objectstorage.py
[2024-04-04T00:26:21.522+0000] {logging_mixin.py:188} INFO - [2024-04-04T00:26:21.521+0000] {dag.py:3047} INFO - Sync 1 DAGs
[2024-04-04T00:26:21.538+0000] {logging_mixin.py:188} INFO - [2024-04-04T00:26:21.537+0000] {dag.py:3834} INFO - Setting next_dagrun for tutorial_objectstorage to None, run_after=None
[2024-04-04T00:26:21.569+0000] {processor.py:183} INFO - Processing /home/datatalks_jan/anaconda3/lib/python3.11/site-packages/airflow/example_dags/tutorial_objectstorage.py took 0.101 seconds
[2024-04-04T00:27:06.367+0000] {processor.py:161} INFO - Started process (PID=105183) to work on /home/datatalks_jan/anaconda3/lib/python3.11/site-packages/airflow/example_dags/tutorial_objectstorage.py
[2024-04-04T00:27:06.370+0000] {processor.py:830} INFO - Processing file /home/datatalks_jan/anaconda3/lib/python3.11/site-packages/airflow/example_dags/tutorial_objectstorage.py for tasks to queue
[2024-04-04T00:27:06.371+0000] {logging_mixin.py:188} INFO - [2024-04-04T00:27:06.370+0000] {dagbag.py:540} INFO - Filling up the DagBag from /home/datatalks_jan/anaconda3/lib/python3.11/site-packages/airflow/example_dags/tutorial_objectstorage.py
[2024-04-04T00:27:06.386+0000] {processor.py:840} INFO - DAG(s) 'tutorial_objectstorage' retrieved from /home/datatalks_jan/anaconda3/lib/python3.11/site-packages/airflow/example_dags/tutorial_objectstorage.py
[2024-04-04T00:27:06.414+0000] {logging_mixin.py:188} INFO - [2024-04-04T00:27:06.413+0000] {dag.py:3047} INFO - Sync 1 DAGs
[2024-04-04T00:27:06.431+0000] {logging_mixin.py:188} INFO - [2024-04-04T00:27:06.431+0000] {dag.py:3834} INFO - Setting next_dagrun for tutorial_objectstorage to None, run_after=None
[2024-04-04T00:27:06.465+0000] {processor.py:183} INFO - Processing /home/datatalks_jan/anaconda3/lib/python3.11/site-packages/airflow/example_dags/tutorial_objectstorage.py took 0.103 seconds
[2024-04-04T00:27:52.304+0000] {processor.py:161} INFO - Started process (PID=105231) to work on /home/datatalks_jan/anaconda3/lib/python3.11/site-packages/airflow/example_dags/tutorial_objectstorage.py
[2024-04-04T00:27:52.307+0000] {processor.py:830} INFO - Processing file /home/datatalks_jan/anaconda3/lib/python3.11/site-packages/airflow/example_dags/tutorial_objectstorage.py for tasks to queue
[2024-04-04T00:27:52.309+0000] {logging_mixin.py:188} INFO - [2024-04-04T00:27:52.308+0000] {dagbag.py:540} INFO - Filling up the DagBag from /home/datatalks_jan/anaconda3/lib/python3.11/site-packages/airflow/example_dags/tutorial_objectstorage.py
[2024-04-04T00:27:52.324+0000] {processor.py:840} INFO - DAG(s) 'tutorial_objectstorage' retrieved from /home/datatalks_jan/anaconda3/lib/python3.11/site-packages/airflow/example_dags/tutorial_objectstorage.py
[2024-04-04T00:27:52.350+0000] {logging_mixin.py:188} INFO - [2024-04-04T00:27:52.349+0000] {dag.py:3047} INFO - Sync 1 DAGs
[2024-04-04T00:27:52.371+0000] {logging_mixin.py:188} INFO - [2024-04-04T00:27:52.370+0000] {dag.py:3834} INFO - Setting next_dagrun for tutorial_objectstorage to None, run_after=None
[2024-04-04T00:27:52.407+0000] {processor.py:183} INFO - Processing /home/datatalks_jan/anaconda3/lib/python3.11/site-packages/airflow/example_dags/tutorial_objectstorage.py took 0.108 seconds
[2024-04-04T00:28:44.615+0000] {processor.py:161} INFO - Started process (PID=105432) to work on /home/datatalks_jan/anaconda3/lib/python3.11/site-packages/airflow/example_dags/tutorial_objectstorage.py
[2024-04-04T00:28:44.618+0000] {processor.py:830} INFO - Processing file /home/datatalks_jan/anaconda3/lib/python3.11/site-packages/airflow/example_dags/tutorial_objectstorage.py for tasks to queue
[2024-04-04T00:28:44.620+0000] {logging_mixin.py:188} INFO - [2024-04-04T00:28:44.619+0000] {dagbag.py:540} INFO - Filling up the DagBag from /home/datatalks_jan/anaconda3/lib/python3.11/site-packages/airflow/example_dags/tutorial_objectstorage.py
[2024-04-04T00:28:44.636+0000] {processor.py:840} INFO - DAG(s) 'tutorial_objectstorage' retrieved from /home/datatalks_jan/anaconda3/lib/python3.11/site-packages/airflow/example_dags/tutorial_objectstorage.py
[2024-04-04T00:28:44.662+0000] {logging_mixin.py:188} INFO - [2024-04-04T00:28:44.662+0000] {dag.py:3047} INFO - Sync 1 DAGs
[2024-04-04T00:28:44.679+0000] {logging_mixin.py:188} INFO - [2024-04-04T00:28:44.678+0000] {dag.py:3834} INFO - Setting next_dagrun for tutorial_objectstorage to None, run_after=None
[2024-04-04T00:28:44.710+0000] {processor.py:183} INFO - Processing /home/datatalks_jan/anaconda3/lib/python3.11/site-packages/airflow/example_dags/tutorial_objectstorage.py took 0.100 seconds
[2024-04-04T00:29:35.249+0000] {processor.py:161} INFO - Started process (PID=105722) to work on /home/datatalks_jan/anaconda3/lib/python3.11/site-packages/airflow/example_dags/tutorial_objectstorage.py
[2024-04-04T00:29:35.252+0000] {processor.py:830} INFO - Processing file /home/datatalks_jan/anaconda3/lib/python3.11/site-packages/airflow/example_dags/tutorial_objectstorage.py for tasks to queue
[2024-04-04T00:29:35.253+0000] {logging_mixin.py:188} INFO - [2024-04-04T00:29:35.253+0000] {dagbag.py:540} INFO - Filling up the DagBag from /home/datatalks_jan/anaconda3/lib/python3.11/site-packages/airflow/example_dags/tutorial_objectstorage.py
[2024-04-04T00:29:35.268+0000] {processor.py:840} INFO - DAG(s) 'tutorial_objectstorage' retrieved from /home/datatalks_jan/anaconda3/lib/python3.11/site-packages/airflow/example_dags/tutorial_objectstorage.py
[2024-04-04T00:29:35.295+0000] {logging_mixin.py:188} INFO - [2024-04-04T00:29:35.294+0000] {dag.py:3047} INFO - Sync 1 DAGs
[2024-04-04T00:29:35.311+0000] {logging_mixin.py:188} INFO - [2024-04-04T00:29:35.310+0000] {dag.py:3834} INFO - Setting next_dagrun for tutorial_objectstorage to None, run_after=None
[2024-04-04T00:29:35.340+0000] {processor.py:183} INFO - Processing /home/datatalks_jan/anaconda3/lib/python3.11/site-packages/airflow/example_dags/tutorial_objectstorage.py took 0.097 seconds
[2024-04-04T00:30:17.422+0000] {processor.py:161} INFO - Started process (PID=105827) to work on /home/datatalks_jan/anaconda3/lib/python3.11/site-packages/airflow/example_dags/tutorial_objectstorage.py
[2024-04-04T00:30:17.424+0000] {processor.py:830} INFO - Processing file /home/datatalks_jan/anaconda3/lib/python3.11/site-packages/airflow/example_dags/tutorial_objectstorage.py for tasks to queue
[2024-04-04T00:30:17.426+0000] {logging_mixin.py:188} INFO - [2024-04-04T00:30:17.425+0000] {dagbag.py:540} INFO - Filling up the DagBag from /home/datatalks_jan/anaconda3/lib/python3.11/site-packages/airflow/example_dags/tutorial_objectstorage.py
[2024-04-04T00:30:17.442+0000] {processor.py:840} INFO - DAG(s) 'tutorial_objectstorage' retrieved from /home/datatalks_jan/anaconda3/lib/python3.11/site-packages/airflow/example_dags/tutorial_objectstorage.py
[2024-04-04T00:30:17.468+0000] {logging_mixin.py:188} INFO - [2024-04-04T00:30:17.467+0000] {dag.py:3047} INFO - Sync 1 DAGs
[2024-04-04T00:30:17.484+0000] {logging_mixin.py:188} INFO - [2024-04-04T00:30:17.483+0000] {dag.py:3834} INFO - Setting next_dagrun for tutorial_objectstorage to None, run_after=None
[2024-04-04T00:30:17.514+0000] {processor.py:183} INFO - Processing /home/datatalks_jan/anaconda3/lib/python3.11/site-packages/airflow/example_dags/tutorial_objectstorage.py took 0.098 seconds
[2024-04-04T00:30:59.129+0000] {processor.py:161} INFO - Started process (PID=105925) to work on /home/datatalks_jan/anaconda3/lib/python3.11/site-packages/airflow/example_dags/tutorial_objectstorage.py
[2024-04-04T00:30:59.132+0000] {processor.py:830} INFO - Processing file /home/datatalks_jan/anaconda3/lib/python3.11/site-packages/airflow/example_dags/tutorial_objectstorage.py for tasks to queue
[2024-04-04T00:30:59.133+0000] {logging_mixin.py:188} INFO - [2024-04-04T00:30:59.132+0000] {dagbag.py:540} INFO - Filling up the DagBag from /home/datatalks_jan/anaconda3/lib/python3.11/site-packages/airflow/example_dags/tutorial_objectstorage.py
[2024-04-04T00:30:59.148+0000] {processor.py:840} INFO - DAG(s) 'tutorial_objectstorage' retrieved from /home/datatalks_jan/anaconda3/lib/python3.11/site-packages/airflow/example_dags/tutorial_objectstorage.py
[2024-04-04T00:30:59.174+0000] {logging_mixin.py:188} INFO - [2024-04-04T00:30:59.174+0000] {dag.py:3047} INFO - Sync 1 DAGs
[2024-04-04T00:30:59.190+0000] {logging_mixin.py:188} INFO - [2024-04-04T00:30:59.190+0000] {dag.py:3834} INFO - Setting next_dagrun for tutorial_objectstorage to None, run_after=None
[2024-04-04T00:30:59.220+0000] {processor.py:183} INFO - Processing /home/datatalks_jan/anaconda3/lib/python3.11/site-packages/airflow/example_dags/tutorial_objectstorage.py took 0.096 seconds
