[2024-04-04T00:05:54.595+0000] {processor.py:161} INFO - Started process (PID=99494) to work on /home/datatalks_jan/anaconda3/lib/python3.11/site-packages/airflow/example_dags/tutorial.py
[2024-04-04T00:05:54.596+0000] {processor.py:830} INFO - Processing file /home/datatalks_jan/anaconda3/lib/python3.11/site-packages/airflow/example_dags/tutorial.py for tasks to queue
[2024-04-04T00:05:54.598+0000] {logging_mixin.py:188} INFO - [2024-04-04T00:05:54.597+0000] {dagbag.py:540} INFO - Filling up the DagBag from /home/datatalks_jan/anaconda3/lib/python3.11/site-packages/airflow/example_dags/tutorial.py
[2024-04-04T00:05:54.612+0000] {processor.py:840} INFO - DAG(s) 'tutorial' retrieved from /home/datatalks_jan/anaconda3/lib/python3.11/site-packages/airflow/example_dags/tutorial.py
[2024-04-04T00:05:54.644+0000] {logging_mixin.py:188} INFO - [2024-04-04T00:05:54.644+0000] {dag.py:3047} INFO - Sync 1 DAGs
[2024-04-04T00:05:54.670+0000] {logging_mixin.py:188} INFO - [2024-04-04T00:05:54.670+0000] {dag.py:3834} INFO - Setting next_dagrun for tutorial to 2024-04-03 00:00:00+00:00, run_after=2024-04-04 00:00:00+00:00
[2024-04-04T00:05:54.699+0000] {processor.py:183} INFO - Processing /home/datatalks_jan/anaconda3/lib/python3.11/site-packages/airflow/example_dags/tutorial.py took 0.110 seconds
[2024-04-04T00:06:56.678+0000] {processor.py:161} INFO - Started process (PID=99742) to work on /home/datatalks_jan/anaconda3/lib/python3.11/site-packages/airflow/example_dags/tutorial.py
[2024-04-04T00:06:56.682+0000] {processor.py:830} INFO - Processing file /home/datatalks_jan/anaconda3/lib/python3.11/site-packages/airflow/example_dags/tutorial.py for tasks to queue
[2024-04-04T00:06:56.683+0000] {logging_mixin.py:188} INFO - [2024-04-04T00:06:56.683+0000] {dagbag.py:540} INFO - Filling up the DagBag from /home/datatalks_jan/anaconda3/lib/python3.11/site-packages/airflow/example_dags/tutorial.py
[2024-04-04T00:06:56.694+0000] {processor.py:840} INFO - DAG(s) 'tutorial' retrieved from /home/datatalks_jan/anaconda3/lib/python3.11/site-packages/airflow/example_dags/tutorial.py
[2024-04-04T00:06:56.717+0000] {logging_mixin.py:188} INFO - [2024-04-04T00:06:56.716+0000] {dag.py:3047} INFO - Sync 1 DAGs
[2024-04-04T00:06:56.739+0000] {logging_mixin.py:188} INFO - [2024-04-04T00:06:56.739+0000] {dag.py:3834} INFO - Setting next_dagrun for tutorial to 2024-04-03 00:00:00+00:00, run_after=2024-04-04 00:00:00+00:00
[2024-04-04T00:06:56.767+0000] {processor.py:183} INFO - Processing /home/datatalks_jan/anaconda3/lib/python3.11/site-packages/airflow/example_dags/tutorial.py took 0.094 seconds
[2024-04-04T00:08:04.688+0000] {processor.py:161} INFO - Started process (PID=100200) to work on /home/datatalks_jan/anaconda3/lib/python3.11/site-packages/airflow/example_dags/tutorial.py
[2024-04-04T00:08:04.690+0000] {processor.py:830} INFO - Processing file /home/datatalks_jan/anaconda3/lib/python3.11/site-packages/airflow/example_dags/tutorial.py for tasks to queue
[2024-04-04T00:08:04.692+0000] {logging_mixin.py:188} INFO - [2024-04-04T00:08:04.691+0000] {dagbag.py:540} INFO - Filling up the DagBag from /home/datatalks_jan/anaconda3/lib/python3.11/site-packages/airflow/example_dags/tutorial.py
[2024-04-04T00:08:04.704+0000] {processor.py:840} INFO - DAG(s) 'tutorial' retrieved from /home/datatalks_jan/anaconda3/lib/python3.11/site-packages/airflow/example_dags/tutorial.py
[2024-04-04T00:08:04.730+0000] {logging_mixin.py:188} INFO - [2024-04-04T00:08:04.730+0000] {dag.py:3047} INFO - Sync 1 DAGs
[2024-04-04T00:08:04.756+0000] {logging_mixin.py:188} INFO - [2024-04-04T00:08:04.756+0000] {dag.py:3834} INFO - Setting next_dagrun for tutorial to 2024-04-03 00:00:00+00:00, run_after=2024-04-04 00:00:00+00:00
[2024-04-04T00:08:04.786+0000] {processor.py:183} INFO - Processing /home/datatalks_jan/anaconda3/lib/python3.11/site-packages/airflow/example_dags/tutorial.py took 0.104 seconds
[2024-04-04T00:09:12.455+0000] {processor.py:161} INFO - Started process (PID=100539) to work on /home/datatalks_jan/anaconda3/lib/python3.11/site-packages/airflow/example_dags/tutorial.py
[2024-04-04T00:09:12.458+0000] {processor.py:830} INFO - Processing file /home/datatalks_jan/anaconda3/lib/python3.11/site-packages/airflow/example_dags/tutorial.py for tasks to queue
[2024-04-04T00:09:12.459+0000] {logging_mixin.py:188} INFO - [2024-04-04T00:09:12.458+0000] {dagbag.py:540} INFO - Filling up the DagBag from /home/datatalks_jan/anaconda3/lib/python3.11/site-packages/airflow/example_dags/tutorial.py
[2024-04-04T00:09:12.692+0000] {processor.py:840} INFO - DAG(s) 'tutorial' retrieved from /home/datatalks_jan/anaconda3/lib/python3.11/site-packages/airflow/example_dags/tutorial.py
[2024-04-04T00:09:12.707+0000] {logging_mixin.py:188} INFO - [2024-04-04T00:09:12.706+0000] {dag.py:3047} INFO - Sync 1 DAGs
[2024-04-04T00:09:12.727+0000] {logging_mixin.py:188} INFO - [2024-04-04T00:09:12.727+0000] {dag.py:3834} INFO - Setting next_dagrun for tutorial to 2024-04-03 00:00:00+00:00, run_after=2024-04-04 00:00:00+00:00
[2024-04-04T00:09:12.750+0000] {processor.py:183} INFO - Processing /home/datatalks_jan/anaconda3/lib/python3.11/site-packages/airflow/example_dags/tutorial.py took 0.300 seconds
[2024-04-04T00:10:06.000+0000] {processor.py:161} INFO - Started process (PID=100912) to work on /home/datatalks_jan/anaconda3/lib/python3.11/site-packages/airflow/example_dags/tutorial.py
[2024-04-04T00:10:06.003+0000] {processor.py:830} INFO - Processing file /home/datatalks_jan/anaconda3/lib/python3.11/site-packages/airflow/example_dags/tutorial.py for tasks to queue
[2024-04-04T00:10:06.004+0000] {logging_mixin.py:188} INFO - [2024-04-04T00:10:06.003+0000] {dagbag.py:540} INFO - Filling up the DagBag from /home/datatalks_jan/anaconda3/lib/python3.11/site-packages/airflow/example_dags/tutorial.py
[2024-04-04T00:10:06.017+0000] {processor.py:840} INFO - DAG(s) 'tutorial' retrieved from /home/datatalks_jan/anaconda3/lib/python3.11/site-packages/airflow/example_dags/tutorial.py
[2024-04-04T00:10:06.045+0000] {logging_mixin.py:188} INFO - [2024-04-04T00:10:06.044+0000] {dag.py:3047} INFO - Sync 1 DAGs
[2024-04-04T00:10:06.072+0000] {logging_mixin.py:188} INFO - [2024-04-04T00:10:06.072+0000] {dag.py:3834} INFO - Setting next_dagrun for tutorial to 2024-04-03 00:00:00+00:00, run_after=2024-04-04 00:00:00+00:00
[2024-04-04T00:10:06.101+0000] {processor.py:183} INFO - Processing /home/datatalks_jan/anaconda3/lib/python3.11/site-packages/airflow/example_dags/tutorial.py took 0.107 seconds
[2024-04-04T00:11:02.773+0000] {processor.py:161} INFO - Started process (PID=101424) to work on /home/datatalks_jan/anaconda3/lib/python3.11/site-packages/airflow/example_dags/tutorial.py
[2024-04-04T00:11:02.776+0000] {processor.py:830} INFO - Processing file /home/datatalks_jan/anaconda3/lib/python3.11/site-packages/airflow/example_dags/tutorial.py for tasks to queue
[2024-04-04T00:11:02.777+0000] {logging_mixin.py:188} INFO - [2024-04-04T00:11:02.776+0000] {dagbag.py:540} INFO - Filling up the DagBag from /home/datatalks_jan/anaconda3/lib/python3.11/site-packages/airflow/example_dags/tutorial.py
[2024-04-04T00:11:02.788+0000] {processor.py:840} INFO - DAG(s) 'tutorial' retrieved from /home/datatalks_jan/anaconda3/lib/python3.11/site-packages/airflow/example_dags/tutorial.py
[2024-04-04T00:11:02.811+0000] {logging_mixin.py:188} INFO - [2024-04-04T00:11:02.810+0000] {dag.py:3047} INFO - Sync 1 DAGs
[2024-04-04T00:11:02.834+0000] {logging_mixin.py:188} INFO - [2024-04-04T00:11:02.834+0000] {dag.py:3834} INFO - Setting next_dagrun for tutorial to 2024-04-03 00:00:00+00:00, run_after=2024-04-04 00:00:00+00:00
[2024-04-04T00:11:02.861+0000] {processor.py:183} INFO - Processing /home/datatalks_jan/anaconda3/lib/python3.11/site-packages/airflow/example_dags/tutorial.py took 0.092 seconds
[2024-04-04T00:11:50.304+0000] {processor.py:161} INFO - Started process (PID=101741) to work on /home/datatalks_jan/anaconda3/lib/python3.11/site-packages/airflow/example_dags/tutorial.py
[2024-04-04T00:11:50.306+0000] {processor.py:830} INFO - Processing file /home/datatalks_jan/anaconda3/lib/python3.11/site-packages/airflow/example_dags/tutorial.py for tasks to queue
[2024-04-04T00:11:50.308+0000] {logging_mixin.py:188} INFO - [2024-04-04T00:11:50.307+0000] {dagbag.py:540} INFO - Filling up the DagBag from /home/datatalks_jan/anaconda3/lib/python3.11/site-packages/airflow/example_dags/tutorial.py
[2024-04-04T00:11:50.319+0000] {processor.py:840} INFO - DAG(s) 'tutorial' retrieved from /home/datatalks_jan/anaconda3/lib/python3.11/site-packages/airflow/example_dags/tutorial.py
[2024-04-04T00:11:50.342+0000] {logging_mixin.py:188} INFO - [2024-04-04T00:11:50.341+0000] {dag.py:3047} INFO - Sync 1 DAGs
[2024-04-04T00:11:50.365+0000] {logging_mixin.py:188} INFO - [2024-04-04T00:11:50.365+0000] {dag.py:3834} INFO - Setting next_dagrun for tutorial to 2024-04-03 00:00:00+00:00, run_after=2024-04-04 00:00:00+00:00
[2024-04-04T00:11:50.390+0000] {processor.py:183} INFO - Processing /home/datatalks_jan/anaconda3/lib/python3.11/site-packages/airflow/example_dags/tutorial.py took 0.090 seconds
[2024-04-04T00:12:38.250+0000] {processor.py:161} INFO - Started process (PID=102072) to work on /home/datatalks_jan/anaconda3/lib/python3.11/site-packages/airflow/example_dags/tutorial.py
[2024-04-04T00:12:38.252+0000] {processor.py:830} INFO - Processing file /home/datatalks_jan/anaconda3/lib/python3.11/site-packages/airflow/example_dags/tutorial.py for tasks to queue
[2024-04-04T00:12:38.254+0000] {logging_mixin.py:188} INFO - [2024-04-04T00:12:38.253+0000] {dagbag.py:540} INFO - Filling up the DagBag from /home/datatalks_jan/anaconda3/lib/python3.11/site-packages/airflow/example_dags/tutorial.py
[2024-04-04T00:12:38.266+0000] {processor.py:840} INFO - DAG(s) 'tutorial' retrieved from /home/datatalks_jan/anaconda3/lib/python3.11/site-packages/airflow/example_dags/tutorial.py
[2024-04-04T00:12:38.290+0000] {logging_mixin.py:188} INFO - [2024-04-04T00:12:38.290+0000] {dag.py:3047} INFO - Sync 1 DAGs
[2024-04-04T00:12:38.315+0000] {logging_mixin.py:188} INFO - [2024-04-04T00:12:38.314+0000] {dag.py:3834} INFO - Setting next_dagrun for tutorial to 2024-04-03 00:00:00+00:00, run_after=2024-04-04 00:00:00+00:00
[2024-04-04T00:12:38.342+0000] {processor.py:183} INFO - Processing /home/datatalks_jan/anaconda3/lib/python3.11/site-packages/airflow/example_dags/tutorial.py took 0.097 seconds
[2024-04-04T00:13:25.355+0000] {processor.py:161} INFO - Started process (PID=102432) to work on /home/datatalks_jan/anaconda3/lib/python3.11/site-packages/airflow/example_dags/tutorial.py
[2024-04-04T00:13:25.357+0000] {processor.py:830} INFO - Processing file /home/datatalks_jan/anaconda3/lib/python3.11/site-packages/airflow/example_dags/tutorial.py for tasks to queue
[2024-04-04T00:13:25.358+0000] {logging_mixin.py:188} INFO - [2024-04-04T00:13:25.358+0000] {dagbag.py:540} INFO - Filling up the DagBag from /home/datatalks_jan/anaconda3/lib/python3.11/site-packages/airflow/example_dags/tutorial.py
[2024-04-04T00:13:25.369+0000] {processor.py:840} INFO - DAG(s) 'tutorial' retrieved from /home/datatalks_jan/anaconda3/lib/python3.11/site-packages/airflow/example_dags/tutorial.py
[2024-04-04T00:13:25.392+0000] {logging_mixin.py:188} INFO - [2024-04-04T00:13:25.392+0000] {dag.py:3047} INFO - Sync 1 DAGs
[2024-04-04T00:13:25.416+0000] {logging_mixin.py:188} INFO - [2024-04-04T00:13:25.415+0000] {dag.py:3834} INFO - Setting next_dagrun for tutorial to 2024-04-03 00:00:00+00:00, run_after=2024-04-04 00:00:00+00:00
[2024-04-04T00:13:25.441+0000] {processor.py:183} INFO - Processing /home/datatalks_jan/anaconda3/lib/python3.11/site-packages/airflow/example_dags/tutorial.py took 0.091 seconds
[2024-04-04T00:14:21.975+0000] {processor.py:161} INFO - Started process (PID=102908) to work on /home/datatalks_jan/anaconda3/lib/python3.11/site-packages/airflow/example_dags/tutorial.py
[2024-04-04T00:14:21.978+0000] {processor.py:830} INFO - Processing file /home/datatalks_jan/anaconda3/lib/python3.11/site-packages/airflow/example_dags/tutorial.py for tasks to queue
[2024-04-04T00:14:21.980+0000] {logging_mixin.py:188} INFO - [2024-04-04T00:14:21.979+0000] {dagbag.py:540} INFO - Filling up the DagBag from /home/datatalks_jan/anaconda3/lib/python3.11/site-packages/airflow/example_dags/tutorial.py
[2024-04-04T00:14:21.997+0000] {processor.py:840} INFO - DAG(s) 'tutorial' retrieved from /home/datatalks_jan/anaconda3/lib/python3.11/site-packages/airflow/example_dags/tutorial.py
[2024-04-04T00:14:22.028+0000] {logging_mixin.py:188} INFO - [2024-04-04T00:14:22.027+0000] {dag.py:3047} INFO - Sync 1 DAGs
[2024-04-04T00:14:22.061+0000] {logging_mixin.py:188} INFO - [2024-04-04T00:14:22.061+0000] {dag.py:3834} INFO - Setting next_dagrun for tutorial to 2024-04-03 00:00:00+00:00, run_after=2024-04-04 00:00:00+00:00
[2024-04-04T00:14:22.099+0000] {processor.py:183} INFO - Processing /home/datatalks_jan/anaconda3/lib/python3.11/site-packages/airflow/example_dags/tutorial.py took 0.130 seconds
[2024-04-04T00:15:08.418+0000] {processor.py:161} INFO - Started process (PID=103239) to work on /home/datatalks_jan/anaconda3/lib/python3.11/site-packages/airflow/example_dags/tutorial.py
[2024-04-04T00:15:08.420+0000] {processor.py:830} INFO - Processing file /home/datatalks_jan/anaconda3/lib/python3.11/site-packages/airflow/example_dags/tutorial.py for tasks to queue
[2024-04-04T00:15:08.422+0000] {logging_mixin.py:188} INFO - [2024-04-04T00:15:08.421+0000] {dagbag.py:540} INFO - Filling up the DagBag from /home/datatalks_jan/anaconda3/lib/python3.11/site-packages/airflow/example_dags/tutorial.py
[2024-04-04T00:15:08.434+0000] {processor.py:840} INFO - DAG(s) 'tutorial' retrieved from /home/datatalks_jan/anaconda3/lib/python3.11/site-packages/airflow/example_dags/tutorial.py
[2024-04-04T00:15:08.460+0000] {logging_mixin.py:188} INFO - [2024-04-04T00:15:08.460+0000] {dag.py:3047} INFO - Sync 1 DAGs
[2024-04-04T00:15:08.484+0000] {logging_mixin.py:188} INFO - [2024-04-04T00:15:08.484+0000] {dag.py:3834} INFO - Setting next_dagrun for tutorial to 2024-04-03 00:00:00+00:00, run_after=2024-04-04 00:00:00+00:00
[2024-04-04T00:15:08.513+0000] {processor.py:183} INFO - Processing /home/datatalks_jan/anaconda3/lib/python3.11/site-packages/airflow/example_dags/tutorial.py took 0.100 seconds
[2024-04-04T00:16:04.456+0000] {processor.py:161} INFO - Started process (PID=103665) to work on /home/datatalks_jan/anaconda3/lib/python3.11/site-packages/airflow/example_dags/tutorial.py
[2024-04-04T00:16:04.459+0000] {processor.py:830} INFO - Processing file /home/datatalks_jan/anaconda3/lib/python3.11/site-packages/airflow/example_dags/tutorial.py for tasks to queue
[2024-04-04T00:16:04.461+0000] {logging_mixin.py:188} INFO - [2024-04-04T00:16:04.460+0000] {dagbag.py:540} INFO - Filling up the DagBag from /home/datatalks_jan/anaconda3/lib/python3.11/site-packages/airflow/example_dags/tutorial.py
[2024-04-04T00:16:04.472+0000] {processor.py:840} INFO - DAG(s) 'tutorial' retrieved from /home/datatalks_jan/anaconda3/lib/python3.11/site-packages/airflow/example_dags/tutorial.py
[2024-04-04T00:16:04.496+0000] {logging_mixin.py:188} INFO - [2024-04-04T00:16:04.496+0000] {dag.py:3047} INFO - Sync 1 DAGs
[2024-04-04T00:16:04.520+0000] {logging_mixin.py:188} INFO - [2024-04-04T00:16:04.520+0000] {dag.py:3834} INFO - Setting next_dagrun for tutorial to 2024-04-03 00:00:00+00:00, run_after=2024-04-04 00:00:00+00:00
[2024-04-04T00:16:04.546+0000] {processor.py:183} INFO - Processing /home/datatalks_jan/anaconda3/lib/python3.11/site-packages/airflow/example_dags/tutorial.py took 0.095 seconds
[2024-04-04T00:16:49.140+0000] {processor.py:161} INFO - Started process (PID=103905) to work on /home/datatalks_jan/anaconda3/lib/python3.11/site-packages/airflow/example_dags/tutorial.py
[2024-04-04T00:16:49.142+0000] {processor.py:830} INFO - Processing file /home/datatalks_jan/anaconda3/lib/python3.11/site-packages/airflow/example_dags/tutorial.py for tasks to queue
[2024-04-04T00:16:49.143+0000] {logging_mixin.py:188} INFO - [2024-04-04T00:16:49.143+0000] {dagbag.py:540} INFO - Filling up the DagBag from /home/datatalks_jan/anaconda3/lib/python3.11/site-packages/airflow/example_dags/tutorial.py
[2024-04-04T00:16:49.155+0000] {processor.py:840} INFO - DAG(s) 'tutorial' retrieved from /home/datatalks_jan/anaconda3/lib/python3.11/site-packages/airflow/example_dags/tutorial.py
[2024-04-04T00:16:49.178+0000] {logging_mixin.py:188} INFO - [2024-04-04T00:16:49.178+0000] {dag.py:3047} INFO - Sync 1 DAGs
[2024-04-04T00:16:49.202+0000] {logging_mixin.py:188} INFO - [2024-04-04T00:16:49.202+0000] {dag.py:3834} INFO - Setting next_dagrun for tutorial to 2024-04-03 00:00:00+00:00, run_after=2024-04-04 00:00:00+00:00
[2024-04-04T00:16:49.230+0000] {processor.py:183} INFO - Processing /home/datatalks_jan/anaconda3/lib/python3.11/site-packages/airflow/example_dags/tutorial.py took 0.095 seconds
[2024-04-04T00:17:35.740+0000] {processor.py:161} INFO - Started process (PID=104075) to work on /home/datatalks_jan/anaconda3/lib/python3.11/site-packages/airflow/example_dags/tutorial.py
[2024-04-04T00:17:35.742+0000] {processor.py:830} INFO - Processing file /home/datatalks_jan/anaconda3/lib/python3.11/site-packages/airflow/example_dags/tutorial.py for tasks to queue
[2024-04-04T00:17:35.743+0000] {logging_mixin.py:188} INFO - [2024-04-04T00:17:35.743+0000] {dagbag.py:540} INFO - Filling up the DagBag from /home/datatalks_jan/anaconda3/lib/python3.11/site-packages/airflow/example_dags/tutorial.py
[2024-04-04T00:17:35.754+0000] {processor.py:840} INFO - DAG(s) 'tutorial' retrieved from /home/datatalks_jan/anaconda3/lib/python3.11/site-packages/airflow/example_dags/tutorial.py
[2024-04-04T00:17:35.777+0000] {logging_mixin.py:188} INFO - [2024-04-04T00:17:35.777+0000] {dag.py:3047} INFO - Sync 1 DAGs
[2024-04-04T00:17:35.803+0000] {logging_mixin.py:188} INFO - [2024-04-04T00:17:35.803+0000] {dag.py:3834} INFO - Setting next_dagrun for tutorial to 2024-04-03 00:00:00+00:00, run_after=2024-04-04 00:00:00+00:00
[2024-04-04T00:17:35.835+0000] {processor.py:183} INFO - Processing /home/datatalks_jan/anaconda3/lib/python3.11/site-packages/airflow/example_dags/tutorial.py took 0.100 seconds
[2024-04-04T00:18:22.757+0000] {processor.py:161} INFO - Started process (PID=104315) to work on /home/datatalks_jan/anaconda3/lib/python3.11/site-packages/airflow/example_dags/tutorial.py
[2024-04-04T00:18:22.760+0000] {processor.py:830} INFO - Processing file /home/datatalks_jan/anaconda3/lib/python3.11/site-packages/airflow/example_dags/tutorial.py for tasks to queue
[2024-04-04T00:18:22.761+0000] {logging_mixin.py:188} INFO - [2024-04-04T00:18:22.760+0000] {dagbag.py:540} INFO - Filling up the DagBag from /home/datatalks_jan/anaconda3/lib/python3.11/site-packages/airflow/example_dags/tutorial.py
[2024-04-04T00:18:22.779+0000] {processor.py:840} INFO - DAG(s) 'tutorial' retrieved from /home/datatalks_jan/anaconda3/lib/python3.11/site-packages/airflow/example_dags/tutorial.py
[2024-04-04T00:18:22.817+0000] {logging_mixin.py:188} INFO - [2024-04-04T00:18:22.816+0000] {dag.py:3047} INFO - Sync 1 DAGs
[2024-04-04T00:18:22.857+0000] {logging_mixin.py:188} INFO - [2024-04-04T00:18:22.857+0000] {dag.py:3834} INFO - Setting next_dagrun for tutorial to 2024-04-03 00:00:00+00:00, run_after=2024-04-04 00:00:00+00:00
[2024-04-04T00:18:22.906+0000] {processor.py:183} INFO - Processing /home/datatalks_jan/anaconda3/lib/python3.11/site-packages/airflow/example_dags/tutorial.py took 0.155 seconds
[2024-04-04T00:19:21.221+0000] {processor.py:161} INFO - Started process (PID=104474) to work on /home/datatalks_jan/anaconda3/lib/python3.11/site-packages/airflow/example_dags/tutorial.py
[2024-04-04T00:19:21.223+0000] {processor.py:830} INFO - Processing file /home/datatalks_jan/anaconda3/lib/python3.11/site-packages/airflow/example_dags/tutorial.py for tasks to queue
[2024-04-04T00:19:21.225+0000] {logging_mixin.py:188} INFO - [2024-04-04T00:19:21.224+0000] {dagbag.py:540} INFO - Filling up the DagBag from /home/datatalks_jan/anaconda3/lib/python3.11/site-packages/airflow/example_dags/tutorial.py
[2024-04-04T00:19:21.236+0000] {processor.py:840} INFO - DAG(s) 'tutorial' retrieved from /home/datatalks_jan/anaconda3/lib/python3.11/site-packages/airflow/example_dags/tutorial.py
[2024-04-04T00:19:21.259+0000] {logging_mixin.py:188} INFO - [2024-04-04T00:19:21.258+0000] {dag.py:3047} INFO - Sync 1 DAGs
[2024-04-04T00:19:21.282+0000] {logging_mixin.py:188} INFO - [2024-04-04T00:19:21.282+0000] {dag.py:3834} INFO - Setting next_dagrun for tutorial to 2024-04-03 00:00:00+00:00, run_after=2024-04-04 00:00:00+00:00
[2024-04-04T00:19:21.309+0000] {processor.py:183} INFO - Processing /home/datatalks_jan/anaconda3/lib/python3.11/site-packages/airflow/example_dags/tutorial.py took 0.093 seconds
[2024-04-04T00:20:05.204+0000] {processor.py:161} INFO - Started process (PID=104520) to work on /home/datatalks_jan/anaconda3/lib/python3.11/site-packages/airflow/example_dags/tutorial.py
[2024-04-04T00:20:05.207+0000] {processor.py:830} INFO - Processing file /home/datatalks_jan/anaconda3/lib/python3.11/site-packages/airflow/example_dags/tutorial.py for tasks to queue
[2024-04-04T00:20:05.208+0000] {logging_mixin.py:188} INFO - [2024-04-04T00:20:05.207+0000] {dagbag.py:540} INFO - Filling up the DagBag from /home/datatalks_jan/anaconda3/lib/python3.11/site-packages/airflow/example_dags/tutorial.py
[2024-04-04T00:20:05.220+0000] {processor.py:840} INFO - DAG(s) 'tutorial' retrieved from /home/datatalks_jan/anaconda3/lib/python3.11/site-packages/airflow/example_dags/tutorial.py
[2024-04-04T00:20:05.244+0000] {logging_mixin.py:188} INFO - [2024-04-04T00:20:05.244+0000] {dag.py:3047} INFO - Sync 1 DAGs
[2024-04-04T00:20:05.269+0000] {logging_mixin.py:188} INFO - [2024-04-04T00:20:05.269+0000] {dag.py:3834} INFO - Setting next_dagrun for tutorial to 2024-04-03 00:00:00+00:00, run_after=2024-04-04 00:00:00+00:00
[2024-04-04T00:20:05.296+0000] {processor.py:183} INFO - Processing /home/datatalks_jan/anaconda3/lib/python3.11/site-packages/airflow/example_dags/tutorial.py took 0.097 seconds
[2024-04-04T00:20:49.359+0000] {processor.py:161} INFO - Started process (PID=104677) to work on /home/datatalks_jan/anaconda3/lib/python3.11/site-packages/airflow/example_dags/tutorial.py
[2024-04-04T00:20:49.361+0000] {processor.py:830} INFO - Processing file /home/datatalks_jan/anaconda3/lib/python3.11/site-packages/airflow/example_dags/tutorial.py for tasks to queue
[2024-04-04T00:20:49.363+0000] {logging_mixin.py:188} INFO - [2024-04-04T00:20:49.362+0000] {dagbag.py:540} INFO - Filling up the DagBag from /home/datatalks_jan/anaconda3/lib/python3.11/site-packages/airflow/example_dags/tutorial.py
[2024-04-04T00:20:49.376+0000] {processor.py:840} INFO - DAG(s) 'tutorial' retrieved from /home/datatalks_jan/anaconda3/lib/python3.11/site-packages/airflow/example_dags/tutorial.py
[2024-04-04T00:20:49.403+0000] {logging_mixin.py:188} INFO - [2024-04-04T00:20:49.403+0000] {dag.py:3047} INFO - Sync 1 DAGs
[2024-04-04T00:20:49.433+0000] {logging_mixin.py:188} INFO - [2024-04-04T00:20:49.432+0000] {dag.py:3834} INFO - Setting next_dagrun for tutorial to 2024-04-03 00:00:00+00:00, run_after=2024-04-04 00:00:00+00:00
[2024-04-04T00:20:49.471+0000] {processor.py:183} INFO - Processing /home/datatalks_jan/anaconda3/lib/python3.11/site-packages/airflow/example_dags/tutorial.py took 0.118 seconds
[2024-04-04T00:21:35.362+0000] {processor.py:161} INFO - Started process (PID=104724) to work on /home/datatalks_jan/anaconda3/lib/python3.11/site-packages/airflow/example_dags/tutorial.py
[2024-04-04T00:21:35.365+0000] {processor.py:830} INFO - Processing file /home/datatalks_jan/anaconda3/lib/python3.11/site-packages/airflow/example_dags/tutorial.py for tasks to queue
[2024-04-04T00:21:35.366+0000] {logging_mixin.py:188} INFO - [2024-04-04T00:21:35.366+0000] {dagbag.py:540} INFO - Filling up the DagBag from /home/datatalks_jan/anaconda3/lib/python3.11/site-packages/airflow/example_dags/tutorial.py
[2024-04-04T00:21:35.380+0000] {processor.py:840} INFO - DAG(s) 'tutorial' retrieved from /home/datatalks_jan/anaconda3/lib/python3.11/site-packages/airflow/example_dags/tutorial.py
[2024-04-04T00:21:35.413+0000] {logging_mixin.py:188} INFO - [2024-04-04T00:21:35.413+0000] {dag.py:3047} INFO - Sync 1 DAGs
[2024-04-04T00:21:35.441+0000] {logging_mixin.py:188} INFO - [2024-04-04T00:21:35.441+0000] {dag.py:3834} INFO - Setting next_dagrun for tutorial to 2024-04-03 00:00:00+00:00, run_after=2024-04-04 00:00:00+00:00
[2024-04-04T00:21:35.469+0000] {processor.py:183} INFO - Processing /home/datatalks_jan/anaconda3/lib/python3.11/site-packages/airflow/example_dags/tutorial.py took 0.113 seconds
[2024-04-04T00:22:21.319+0000] {processor.py:161} INFO - Started process (PID=104771) to work on /home/datatalks_jan/anaconda3/lib/python3.11/site-packages/airflow/example_dags/tutorial.py
[2024-04-04T00:22:21.322+0000] {processor.py:830} INFO - Processing file /home/datatalks_jan/anaconda3/lib/python3.11/site-packages/airflow/example_dags/tutorial.py for tasks to queue
[2024-04-04T00:22:21.323+0000] {logging_mixin.py:188} INFO - [2024-04-04T00:22:21.323+0000] {dagbag.py:540} INFO - Filling up the DagBag from /home/datatalks_jan/anaconda3/lib/python3.11/site-packages/airflow/example_dags/tutorial.py
[2024-04-04T00:22:21.336+0000] {processor.py:840} INFO - DAG(s) 'tutorial' retrieved from /home/datatalks_jan/anaconda3/lib/python3.11/site-packages/airflow/example_dags/tutorial.py
[2024-04-04T00:22:21.361+0000] {logging_mixin.py:188} INFO - [2024-04-04T00:22:21.361+0000] {dag.py:3047} INFO - Sync 1 DAGs
[2024-04-04T00:22:21.386+0000] {logging_mixin.py:188} INFO - [2024-04-04T00:22:21.385+0000] {dag.py:3834} INFO - Setting next_dagrun for tutorial to 2024-04-03 00:00:00+00:00, run_after=2024-04-04 00:00:00+00:00
[2024-04-04T00:22:21.416+0000] {processor.py:183} INFO - Processing /home/datatalks_jan/anaconda3/lib/python3.11/site-packages/airflow/example_dags/tutorial.py took 0.102 seconds
[2024-04-04T00:23:08.237+0000] {processor.py:161} INFO - Started process (PID=104817) to work on /home/datatalks_jan/anaconda3/lib/python3.11/site-packages/airflow/example_dags/tutorial.py
[2024-04-04T00:23:08.240+0000] {processor.py:830} INFO - Processing file /home/datatalks_jan/anaconda3/lib/python3.11/site-packages/airflow/example_dags/tutorial.py for tasks to queue
[2024-04-04T00:23:08.241+0000] {logging_mixin.py:188} INFO - [2024-04-04T00:23:08.241+0000] {dagbag.py:540} INFO - Filling up the DagBag from /home/datatalks_jan/anaconda3/lib/python3.11/site-packages/airflow/example_dags/tutorial.py
[2024-04-04T00:23:08.254+0000] {processor.py:840} INFO - DAG(s) 'tutorial' retrieved from /home/datatalks_jan/anaconda3/lib/python3.11/site-packages/airflow/example_dags/tutorial.py
[2024-04-04T00:23:08.282+0000] {logging_mixin.py:188} INFO - [2024-04-04T00:23:08.282+0000] {dag.py:3047} INFO - Sync 1 DAGs
[2024-04-04T00:23:08.309+0000] {logging_mixin.py:188} INFO - [2024-04-04T00:23:08.309+0000] {dag.py:3834} INFO - Setting next_dagrun for tutorial to 2024-04-03 00:00:00+00:00, run_after=2024-04-04 00:00:00+00:00
[2024-04-04T00:23:08.338+0000] {processor.py:183} INFO - Processing /home/datatalks_jan/anaconda3/lib/python3.11/site-packages/airflow/example_dags/tutorial.py took 0.108 seconds
[2024-04-04T00:23:56.087+0000] {processor.py:161} INFO - Started process (PID=104932) to work on /home/datatalks_jan/anaconda3/lib/python3.11/site-packages/airflow/example_dags/tutorial.py
[2024-04-04T00:23:56.089+0000] {processor.py:830} INFO - Processing file /home/datatalks_jan/anaconda3/lib/python3.11/site-packages/airflow/example_dags/tutorial.py for tasks to queue
[2024-04-04T00:23:56.091+0000] {logging_mixin.py:188} INFO - [2024-04-04T00:23:56.090+0000] {dagbag.py:540} INFO - Filling up the DagBag from /home/datatalks_jan/anaconda3/lib/python3.11/site-packages/airflow/example_dags/tutorial.py
[2024-04-04T00:23:56.106+0000] {processor.py:840} INFO - DAG(s) 'tutorial' retrieved from /home/datatalks_jan/anaconda3/lib/python3.11/site-packages/airflow/example_dags/tutorial.py
[2024-04-04T00:23:56.135+0000] {logging_mixin.py:188} INFO - [2024-04-04T00:23:56.134+0000] {dag.py:3047} INFO - Sync 1 DAGs
[2024-04-04T00:23:56.164+0000] {logging_mixin.py:188} INFO - [2024-04-04T00:23:56.164+0000] {dag.py:3834} INFO - Setting next_dagrun for tutorial to 2024-04-03 00:00:00+00:00, run_after=2024-04-04 00:00:00+00:00
[2024-04-04T00:23:56.198+0000] {processor.py:183} INFO - Processing /home/datatalks_jan/anaconda3/lib/python3.11/site-packages/airflow/example_dags/tutorial.py took 0.117 seconds
[2024-04-04T00:24:47.138+0000] {processor.py:161} INFO - Started process (PID=104984) to work on /home/datatalks_jan/anaconda3/lib/python3.11/site-packages/airflow/example_dags/tutorial.py
[2024-04-04T00:24:47.140+0000] {processor.py:830} INFO - Processing file /home/datatalks_jan/anaconda3/lib/python3.11/site-packages/airflow/example_dags/tutorial.py for tasks to queue
[2024-04-04T00:24:47.142+0000] {logging_mixin.py:188} INFO - [2024-04-04T00:24:47.141+0000] {dagbag.py:540} INFO - Filling up the DagBag from /home/datatalks_jan/anaconda3/lib/python3.11/site-packages/airflow/example_dags/tutorial.py
[2024-04-04T00:24:47.156+0000] {processor.py:840} INFO - DAG(s) 'tutorial' retrieved from /home/datatalks_jan/anaconda3/lib/python3.11/site-packages/airflow/example_dags/tutorial.py
[2024-04-04T00:24:47.184+0000] {logging_mixin.py:188} INFO - [2024-04-04T00:24:47.184+0000] {dag.py:3047} INFO - Sync 1 DAGs
[2024-04-04T00:24:47.210+0000] {logging_mixin.py:188} INFO - [2024-04-04T00:24:47.210+0000] {dag.py:3834} INFO - Setting next_dagrun for tutorial to 2024-04-03 00:00:00+00:00, run_after=2024-04-04 00:00:00+00:00
[2024-04-04T00:24:47.239+0000] {processor.py:183} INFO - Processing /home/datatalks_jan/anaconda3/lib/python3.11/site-packages/airflow/example_dags/tutorial.py took 0.107 seconds
[2024-04-04T00:25:35.539+0000] {processor.py:161} INFO - Started process (PID=105031) to work on /home/datatalks_jan/anaconda3/lib/python3.11/site-packages/airflow/example_dags/tutorial.py
[2024-04-04T00:25:35.541+0000] {processor.py:830} INFO - Processing file /home/datatalks_jan/anaconda3/lib/python3.11/site-packages/airflow/example_dags/tutorial.py for tasks to queue
[2024-04-04T00:25:35.543+0000] {logging_mixin.py:188} INFO - [2024-04-04T00:25:35.542+0000] {dagbag.py:540} INFO - Filling up the DagBag from /home/datatalks_jan/anaconda3/lib/python3.11/site-packages/airflow/example_dags/tutorial.py
[2024-04-04T00:25:35.555+0000] {processor.py:840} INFO - DAG(s) 'tutorial' retrieved from /home/datatalks_jan/anaconda3/lib/python3.11/site-packages/airflow/example_dags/tutorial.py
[2024-04-04T00:25:35.583+0000] {logging_mixin.py:188} INFO - [2024-04-04T00:25:35.582+0000] {dag.py:3047} INFO - Sync 1 DAGs
[2024-04-04T00:25:35.609+0000] {logging_mixin.py:188} INFO - [2024-04-04T00:25:35.609+0000] {dag.py:3834} INFO - Setting next_dagrun for tutorial to 2024-04-03 00:00:00+00:00, run_after=2024-04-04 00:00:00+00:00
[2024-04-04T00:25:35.638+0000] {processor.py:183} INFO - Processing /home/datatalks_jan/anaconda3/lib/python3.11/site-packages/airflow/example_dags/tutorial.py took 0.105 seconds
[2024-04-04T00:26:20.226+0000] {processor.py:161} INFO - Started process (PID=105131) to work on /home/datatalks_jan/anaconda3/lib/python3.11/site-packages/airflow/example_dags/tutorial.py
[2024-04-04T00:26:20.228+0000] {processor.py:830} INFO - Processing file /home/datatalks_jan/anaconda3/lib/python3.11/site-packages/airflow/example_dags/tutorial.py for tasks to queue
[2024-04-04T00:26:20.230+0000] {logging_mixin.py:188} INFO - [2024-04-04T00:26:20.229+0000] {dagbag.py:540} INFO - Filling up the DagBag from /home/datatalks_jan/anaconda3/lib/python3.11/site-packages/airflow/example_dags/tutorial.py
[2024-04-04T00:26:20.245+0000] {processor.py:840} INFO - DAG(s) 'tutorial' retrieved from /home/datatalks_jan/anaconda3/lib/python3.11/site-packages/airflow/example_dags/tutorial.py
[2024-04-04T00:26:20.277+0000] {logging_mixin.py:188} INFO - [2024-04-04T00:26:20.276+0000] {dag.py:3047} INFO - Sync 1 DAGs
[2024-04-04T00:26:20.304+0000] {logging_mixin.py:188} INFO - [2024-04-04T00:26:20.304+0000] {dag.py:3834} INFO - Setting next_dagrun for tutorial to 2024-04-03 00:00:00+00:00, run_after=2024-04-04 00:00:00+00:00
[2024-04-04T00:26:20.337+0000] {processor.py:183} INFO - Processing /home/datatalks_jan/anaconda3/lib/python3.11/site-packages/airflow/example_dags/tutorial.py took 0.117 seconds
[2024-04-04T00:27:05.107+0000] {processor.py:161} INFO - Started process (PID=105182) to work on /home/datatalks_jan/anaconda3/lib/python3.11/site-packages/airflow/example_dags/tutorial.py
[2024-04-04T00:27:05.110+0000] {processor.py:830} INFO - Processing file /home/datatalks_jan/anaconda3/lib/python3.11/site-packages/airflow/example_dags/tutorial.py for tasks to queue
[2024-04-04T00:27:05.112+0000] {logging_mixin.py:188} INFO - [2024-04-04T00:27:05.111+0000] {dagbag.py:540} INFO - Filling up the DagBag from /home/datatalks_jan/anaconda3/lib/python3.11/site-packages/airflow/example_dags/tutorial.py
[2024-04-04T00:27:05.126+0000] {processor.py:840} INFO - DAG(s) 'tutorial' retrieved from /home/datatalks_jan/anaconda3/lib/python3.11/site-packages/airflow/example_dags/tutorial.py
[2024-04-04T00:27:05.152+0000] {logging_mixin.py:188} INFO - [2024-04-04T00:27:05.152+0000] {dag.py:3047} INFO - Sync 1 DAGs
[2024-04-04T00:27:05.178+0000] {logging_mixin.py:188} INFO - [2024-04-04T00:27:05.178+0000] {dag.py:3834} INFO - Setting next_dagrun for tutorial to 2024-04-03 00:00:00+00:00, run_after=2024-04-04 00:00:00+00:00
[2024-04-04T00:27:05.208+0000] {processor.py:183} INFO - Processing /home/datatalks_jan/anaconda3/lib/python3.11/site-packages/airflow/example_dags/tutorial.py took 0.107 seconds
[2024-04-04T00:27:51.017+0000] {processor.py:161} INFO - Started process (PID=105230) to work on /home/datatalks_jan/anaconda3/lib/python3.11/site-packages/airflow/example_dags/tutorial.py
[2024-04-04T00:27:51.020+0000] {processor.py:830} INFO - Processing file /home/datatalks_jan/anaconda3/lib/python3.11/site-packages/airflow/example_dags/tutorial.py for tasks to queue
[2024-04-04T00:27:51.021+0000] {logging_mixin.py:188} INFO - [2024-04-04T00:27:51.020+0000] {dagbag.py:540} INFO - Filling up the DagBag from /home/datatalks_jan/anaconda3/lib/python3.11/site-packages/airflow/example_dags/tutorial.py
[2024-04-04T00:27:51.034+0000] {processor.py:840} INFO - DAG(s) 'tutorial' retrieved from /home/datatalks_jan/anaconda3/lib/python3.11/site-packages/airflow/example_dags/tutorial.py
[2024-04-04T00:27:51.060+0000] {logging_mixin.py:188} INFO - [2024-04-04T00:27:51.060+0000] {dag.py:3047} INFO - Sync 1 DAGs
[2024-04-04T00:27:51.088+0000] {logging_mixin.py:188} INFO - [2024-04-04T00:27:51.087+0000] {dag.py:3834} INFO - Setting next_dagrun for tutorial to 2024-04-03 00:00:00+00:00, run_after=2024-04-04 00:00:00+00:00
[2024-04-04T00:27:51.130+0000] {processor.py:183} INFO - Processing /home/datatalks_jan/anaconda3/lib/python3.11/site-packages/airflow/example_dags/tutorial.py took 0.119 seconds
[2024-04-04T00:28:43.363+0000] {processor.py:161} INFO - Started process (PID=105431) to work on /home/datatalks_jan/anaconda3/lib/python3.11/site-packages/airflow/example_dags/tutorial.py
[2024-04-04T00:28:43.366+0000] {processor.py:830} INFO - Processing file /home/datatalks_jan/anaconda3/lib/python3.11/site-packages/airflow/example_dags/tutorial.py for tasks to queue
[2024-04-04T00:28:43.367+0000] {logging_mixin.py:188} INFO - [2024-04-04T00:28:43.366+0000] {dagbag.py:540} INFO - Filling up the DagBag from /home/datatalks_jan/anaconda3/lib/python3.11/site-packages/airflow/example_dags/tutorial.py
[2024-04-04T00:28:43.380+0000] {processor.py:840} INFO - DAG(s) 'tutorial' retrieved from /home/datatalks_jan/anaconda3/lib/python3.11/site-packages/airflow/example_dags/tutorial.py
[2024-04-04T00:28:43.407+0000] {logging_mixin.py:188} INFO - [2024-04-04T00:28:43.406+0000] {dag.py:3047} INFO - Sync 1 DAGs
[2024-04-04T00:28:43.434+0000] {logging_mixin.py:188} INFO - [2024-04-04T00:28:43.434+0000] {dag.py:3834} INFO - Setting next_dagrun for tutorial to 2024-04-03 00:00:00+00:00, run_after=2024-04-04 00:00:00+00:00
[2024-04-04T00:28:43.464+0000] {processor.py:183} INFO - Processing /home/datatalks_jan/anaconda3/lib/python3.11/site-packages/airflow/example_dags/tutorial.py took 0.106 seconds
[2024-04-04T00:29:34.237+0000] {processor.py:161} INFO - Started process (PID=105721) to work on /home/datatalks_jan/anaconda3/lib/python3.11/site-packages/airflow/example_dags/tutorial.py
[2024-04-04T00:29:34.239+0000] {processor.py:830} INFO - Processing file /home/datatalks_jan/anaconda3/lib/python3.11/site-packages/airflow/example_dags/tutorial.py for tasks to queue
[2024-04-04T00:29:34.240+0000] {logging_mixin.py:188} INFO - [2024-04-04T00:29:34.239+0000] {dagbag.py:540} INFO - Filling up the DagBag from /home/datatalks_jan/anaconda3/lib/python3.11/site-packages/airflow/example_dags/tutorial.py
[2024-04-04T00:29:34.251+0000] {processor.py:840} INFO - DAG(s) 'tutorial' retrieved from /home/datatalks_jan/anaconda3/lib/python3.11/site-packages/airflow/example_dags/tutorial.py
[2024-04-04T00:29:34.275+0000] {logging_mixin.py:188} INFO - [2024-04-04T00:29:34.274+0000] {dag.py:3047} INFO - Sync 1 DAGs
[2024-04-04T00:29:34.297+0000] {logging_mixin.py:188} INFO - [2024-04-04T00:29:34.297+0000] {dag.py:3834} INFO - Setting next_dagrun for tutorial to 2024-04-03 00:00:00+00:00, run_after=2024-04-04 00:00:00+00:00
[2024-04-04T00:29:34.323+0000] {processor.py:183} INFO - Processing /home/datatalks_jan/anaconda3/lib/python3.11/site-packages/airflow/example_dags/tutorial.py took 0.092 seconds
[2024-04-04T00:30:16.969+0000] {processor.py:161} INFO - Started process (PID=105826) to work on /home/datatalks_jan/anaconda3/lib/python3.11/site-packages/airflow/example_dags/tutorial.py
[2024-04-04T00:30:16.971+0000] {processor.py:830} INFO - Processing file /home/datatalks_jan/anaconda3/lib/python3.11/site-packages/airflow/example_dags/tutorial.py for tasks to queue
[2024-04-04T00:30:16.973+0000] {logging_mixin.py:188} INFO - [2024-04-04T00:30:16.972+0000] {dagbag.py:540} INFO - Filling up the DagBag from /home/datatalks_jan/anaconda3/lib/python3.11/site-packages/airflow/example_dags/tutorial.py
[2024-04-04T00:30:16.985+0000] {processor.py:840} INFO - DAG(s) 'tutorial' retrieved from /home/datatalks_jan/anaconda3/lib/python3.11/site-packages/airflow/example_dags/tutorial.py
[2024-04-04T00:30:17.012+0000] {logging_mixin.py:188} INFO - [2024-04-04T00:30:17.012+0000] {dag.py:3047} INFO - Sync 1 DAGs
[2024-04-04T00:30:17.038+0000] {logging_mixin.py:188} INFO - [2024-04-04T00:30:17.037+0000] {dag.py:3834} INFO - Setting next_dagrun for tutorial to 2024-04-03 00:00:00+00:00, run_after=2024-04-04 00:00:00+00:00
[2024-04-04T00:30:17.068+0000] {processor.py:183} INFO - Processing /home/datatalks_jan/anaconda3/lib/python3.11/site-packages/airflow/example_dags/tutorial.py took 0.105 seconds
[2024-04-04T00:30:58.499+0000] {processor.py:161} INFO - Started process (PID=105924) to work on /home/datatalks_jan/anaconda3/lib/python3.11/site-packages/airflow/example_dags/tutorial.py
[2024-04-04T00:30:58.501+0000] {processor.py:830} INFO - Processing file /home/datatalks_jan/anaconda3/lib/python3.11/site-packages/airflow/example_dags/tutorial.py for tasks to queue
[2024-04-04T00:30:58.502+0000] {logging_mixin.py:188} INFO - [2024-04-04T00:30:58.502+0000] {dagbag.py:540} INFO - Filling up the DagBag from /home/datatalks_jan/anaconda3/lib/python3.11/site-packages/airflow/example_dags/tutorial.py
[2024-04-04T00:30:58.513+0000] {processor.py:840} INFO - DAG(s) 'tutorial' retrieved from /home/datatalks_jan/anaconda3/lib/python3.11/site-packages/airflow/example_dags/tutorial.py
[2024-04-04T00:30:58.536+0000] {logging_mixin.py:188} INFO - [2024-04-04T00:30:58.536+0000] {dag.py:3047} INFO - Sync 1 DAGs
[2024-04-04T00:30:58.558+0000] {logging_mixin.py:188} INFO - [2024-04-04T00:30:58.558+0000] {dag.py:3834} INFO - Setting next_dagrun for tutorial to 2024-04-03 00:00:00+00:00, run_after=2024-04-04 00:00:00+00:00
[2024-04-04T00:30:58.584+0000] {processor.py:183} INFO - Processing /home/datatalks_jan/anaconda3/lib/python3.11/site-packages/airflow/example_dags/tutorial.py took 0.090 seconds
