[2024-04-04T00:05:51.225+0000] {processor.py:161} INFO - Started process (PID=99476) to work on /home/datatalks_jan/anaconda3/lib/python3.11/site-packages/airflow/example_dags/tutorial_dag.py
[2024-04-04T00:05:51.226+0000] {processor.py:830} INFO - Processing file /home/datatalks_jan/anaconda3/lib/python3.11/site-packages/airflow/example_dags/tutorial_dag.py for tasks to queue
[2024-04-04T00:05:51.227+0000] {logging_mixin.py:188} INFO - [2024-04-04T00:05:51.227+0000] {dagbag.py:540} INFO - Filling up the DagBag from /home/datatalks_jan/anaconda3/lib/python3.11/site-packages/airflow/example_dags/tutorial_dag.py
[2024-04-04T00:05:51.240+0000] {processor.py:840} INFO - DAG(s) 'tutorial_dag' retrieved from /home/datatalks_jan/anaconda3/lib/python3.11/site-packages/airflow/example_dags/tutorial_dag.py
[2024-04-04T00:05:51.270+0000] {logging_mixin.py:188} INFO - [2024-04-04T00:05:51.270+0000] {dag.py:3047} INFO - Sync 1 DAGs
[2024-04-04T00:05:51.284+0000] {logging_mixin.py:188} INFO - [2024-04-04T00:05:51.283+0000] {dag.py:3834} INFO - Setting next_dagrun for tutorial_dag to None, run_after=None
[2024-04-04T00:05:51.315+0000] {processor.py:183} INFO - Processing /home/datatalks_jan/anaconda3/lib/python3.11/site-packages/airflow/example_dags/tutorial_dag.py took 0.095 seconds
[2024-04-04T00:06:53.856+0000] {processor.py:161} INFO - Started process (PID=99726) to work on /home/datatalks_jan/anaconda3/lib/python3.11/site-packages/airflow/example_dags/tutorial_dag.py
[2024-04-04T00:06:53.858+0000] {processor.py:830} INFO - Processing file /home/datatalks_jan/anaconda3/lib/python3.11/site-packages/airflow/example_dags/tutorial_dag.py for tasks to queue
[2024-04-04T00:06:53.860+0000] {logging_mixin.py:188} INFO - [2024-04-04T00:06:53.859+0000] {dagbag.py:540} INFO - Filling up the DagBag from /home/datatalks_jan/anaconda3/lib/python3.11/site-packages/airflow/example_dags/tutorial_dag.py
[2024-04-04T00:06:53.872+0000] {processor.py:840} INFO - DAG(s) 'tutorial_dag' retrieved from /home/datatalks_jan/anaconda3/lib/python3.11/site-packages/airflow/example_dags/tutorial_dag.py
[2024-04-04T00:06:53.899+0000] {logging_mixin.py:188} INFO - [2024-04-04T00:06:53.899+0000] {dag.py:3047} INFO - Sync 1 DAGs
[2024-04-04T00:06:53.915+0000] {logging_mixin.py:188} INFO - [2024-04-04T00:06:53.914+0000] {dag.py:3834} INFO - Setting next_dagrun for tutorial_dag to None, run_after=None
[2024-04-04T00:06:53.947+0000] {processor.py:183} INFO - Processing /home/datatalks_jan/anaconda3/lib/python3.11/site-packages/airflow/example_dags/tutorial_dag.py took 0.097 seconds
[2024-04-04T00:08:01.833+0000] {processor.py:161} INFO - Started process (PID=100184) to work on /home/datatalks_jan/anaconda3/lib/python3.11/site-packages/airflow/example_dags/tutorial_dag.py
[2024-04-04T00:08:01.835+0000] {processor.py:830} INFO - Processing file /home/datatalks_jan/anaconda3/lib/python3.11/site-packages/airflow/example_dags/tutorial_dag.py for tasks to queue
[2024-04-04T00:08:01.837+0000] {logging_mixin.py:188} INFO - [2024-04-04T00:08:01.836+0000] {dagbag.py:540} INFO - Filling up the DagBag from /home/datatalks_jan/anaconda3/lib/python3.11/site-packages/airflow/example_dags/tutorial_dag.py
[2024-04-04T00:08:01.849+0000] {processor.py:840} INFO - DAG(s) 'tutorial_dag' retrieved from /home/datatalks_jan/anaconda3/lib/python3.11/site-packages/airflow/example_dags/tutorial_dag.py
[2024-04-04T00:08:01.876+0000] {logging_mixin.py:188} INFO - [2024-04-04T00:08:01.875+0000] {dag.py:3047} INFO - Sync 1 DAGs
[2024-04-04T00:08:01.891+0000] {logging_mixin.py:188} INFO - [2024-04-04T00:08:01.891+0000] {dag.py:3834} INFO - Setting next_dagrun for tutorial_dag to None, run_after=None
[2024-04-04T00:08:01.920+0000] {processor.py:183} INFO - Processing /home/datatalks_jan/anaconda3/lib/python3.11/site-packages/airflow/example_dags/tutorial_dag.py took 0.093 seconds
[2024-04-04T00:09:08.395+0000] {processor.py:161} INFO - Started process (PID=100523) to work on /home/datatalks_jan/anaconda3/lib/python3.11/site-packages/airflow/example_dags/tutorial_dag.py
[2024-04-04T00:09:08.398+0000] {processor.py:830} INFO - Processing file /home/datatalks_jan/anaconda3/lib/python3.11/site-packages/airflow/example_dags/tutorial_dag.py for tasks to queue
[2024-04-04T00:09:08.399+0000] {logging_mixin.py:188} INFO - [2024-04-04T00:09:08.398+0000] {dagbag.py:540} INFO - Filling up the DagBag from /home/datatalks_jan/anaconda3/lib/python3.11/site-packages/airflow/example_dags/tutorial_dag.py
[2024-04-04T00:09:08.411+0000] {processor.py:840} INFO - DAG(s) 'tutorial_dag' retrieved from /home/datatalks_jan/anaconda3/lib/python3.11/site-packages/airflow/example_dags/tutorial_dag.py
[2024-04-04T00:09:08.701+0000] {logging_mixin.py:188} INFO - [2024-04-04T00:09:08.701+0000] {dag.py:3047} INFO - Sync 1 DAGs
[2024-04-04T00:09:08.713+0000] {logging_mixin.py:188} INFO - [2024-04-04T00:09:08.713+0000] {dag.py:3834} INFO - Setting next_dagrun for tutorial_dag to None, run_after=None
[2024-04-04T00:09:08.741+0000] {processor.py:183} INFO - Processing /home/datatalks_jan/anaconda3/lib/python3.11/site-packages/airflow/example_dags/tutorial_dag.py took 0.352 seconds
