[2024-04-04T00:05:49.981+0000] {processor.py:161} INFO - Started process (PID=99446) to work on /home/datatalks_jan/anaconda3/lib/python3.11/site-packages/airflow/example_dags/tutorial_taskflow_api.py
[2024-04-04T00:05:49.983+0000] {processor.py:830} INFO - Processing file /home/datatalks_jan/anaconda3/lib/python3.11/site-packages/airflow/example_dags/tutorial_taskflow_api.py for tasks to queue
[2024-04-04T00:05:49.985+0000] {logging_mixin.py:188} INFO - [2024-04-04T00:05:49.984+0000] {dagbag.py:540} INFO - Filling up the DagBag from /home/datatalks_jan/anaconda3/lib/python3.11/site-packages/airflow/example_dags/tutorial_taskflow_api.py
[2024-04-04T00:05:50.000+0000] {processor.py:840} INFO - DAG(s) 'tutorial_taskflow_api' retrieved from /home/datatalks_jan/anaconda3/lib/python3.11/site-packages/airflow/example_dags/tutorial_taskflow_api.py
[2024-04-04T00:05:50.038+0000] {logging_mixin.py:188} INFO - [2024-04-04T00:05:50.038+0000] {dag.py:3047} INFO - Sync 1 DAGs
[2024-04-04T00:05:50.052+0000] {logging_mixin.py:188} INFO - [2024-04-04T00:05:50.051+0000] {dag.py:3834} INFO - Setting next_dagrun for tutorial_taskflow_api to None, run_after=None
[2024-04-04T00:05:50.082+0000] {processor.py:183} INFO - Processing /home/datatalks_jan/anaconda3/lib/python3.11/site-packages/airflow/example_dags/tutorial_taskflow_api.py took 0.107 seconds
[2024-04-04T00:06:52.701+0000] {processor.py:161} INFO - Started process (PID=99711) to work on /home/datatalks_jan/anaconda3/lib/python3.11/site-packages/airflow/example_dags/tutorial_taskflow_api.py
[2024-04-04T00:06:52.705+0000] {processor.py:830} INFO - Processing file /home/datatalks_jan/anaconda3/lib/python3.11/site-packages/airflow/example_dags/tutorial_taskflow_api.py for tasks to queue
[2024-04-04T00:06:52.706+0000] {logging_mixin.py:188} INFO - [2024-04-04T00:06:52.705+0000] {dagbag.py:540} INFO - Filling up the DagBag from /home/datatalks_jan/anaconda3/lib/python3.11/site-packages/airflow/example_dags/tutorial_taskflow_api.py
[2024-04-04T00:06:52.718+0000] {processor.py:840} INFO - DAG(s) 'tutorial_taskflow_api' retrieved from /home/datatalks_jan/anaconda3/lib/python3.11/site-packages/airflow/example_dags/tutorial_taskflow_api.py
[2024-04-04T00:06:52.741+0000] {logging_mixin.py:188} INFO - [2024-04-04T00:06:52.740+0000] {dag.py:3047} INFO - Sync 1 DAGs
[2024-04-04T00:06:52.757+0000] {logging_mixin.py:188} INFO - [2024-04-04T00:06:52.757+0000] {dag.py:3834} INFO - Setting next_dagrun for tutorial_taskflow_api to None, run_after=None
[2024-04-04T00:06:52.787+0000] {processor.py:183} INFO - Processing /home/datatalks_jan/anaconda3/lib/python3.11/site-packages/airflow/example_dags/tutorial_taskflow_api.py took 0.091 seconds
[2024-04-04T00:08:00.688+0000] {processor.py:161} INFO - Started process (PID=100154) to work on /home/datatalks_jan/anaconda3/lib/python3.11/site-packages/airflow/example_dags/tutorial_taskflow_api.py
[2024-04-04T00:08:00.690+0000] {processor.py:830} INFO - Processing file /home/datatalks_jan/anaconda3/lib/python3.11/site-packages/airflow/example_dags/tutorial_taskflow_api.py for tasks to queue
[2024-04-04T00:08:00.691+0000] {logging_mixin.py:188} INFO - [2024-04-04T00:08:00.691+0000] {dagbag.py:540} INFO - Filling up the DagBag from /home/datatalks_jan/anaconda3/lib/python3.11/site-packages/airflow/example_dags/tutorial_taskflow_api.py
[2024-04-04T00:08:00.704+0000] {processor.py:840} INFO - DAG(s) 'tutorial_taskflow_api' retrieved from /home/datatalks_jan/anaconda3/lib/python3.11/site-packages/airflow/example_dags/tutorial_taskflow_api.py
[2024-04-04T00:08:00.728+0000] {logging_mixin.py:188} INFO - [2024-04-04T00:08:00.728+0000] {dag.py:3047} INFO - Sync 1 DAGs
[2024-04-04T00:08:00.742+0000] {logging_mixin.py:188} INFO - [2024-04-04T00:08:00.742+0000] {dag.py:3834} INFO - Setting next_dagrun for tutorial_taskflow_api to None, run_after=None
[2024-04-04T00:08:00.769+0000] {processor.py:183} INFO - Processing /home/datatalks_jan/anaconda3/lib/python3.11/site-packages/airflow/example_dags/tutorial_taskflow_api.py took 0.086 seconds
[2024-04-04T00:09:07.050+0000] {processor.py:161} INFO - Started process (PID=100508) to work on /home/datatalks_jan/anaconda3/lib/python3.11/site-packages/airflow/example_dags/tutorial_taskflow_api.py
[2024-04-04T00:09:07.053+0000] {processor.py:830} INFO - Processing file /home/datatalks_jan/anaconda3/lib/python3.11/site-packages/airflow/example_dags/tutorial_taskflow_api.py for tasks to queue
[2024-04-04T00:09:07.054+0000] {logging_mixin.py:188} INFO - [2024-04-04T00:09:07.054+0000] {dagbag.py:540} INFO - Filling up the DagBag from /home/datatalks_jan/anaconda3/lib/python3.11/site-packages/airflow/example_dags/tutorial_taskflow_api.py
[2024-04-04T00:09:07.282+0000] {processor.py:840} INFO - DAG(s) 'tutorial_taskflow_api' retrieved from /home/datatalks_jan/anaconda3/lib/python3.11/site-packages/airflow/example_dags/tutorial_taskflow_api.py
[2024-04-04T00:09:07.296+0000] {logging_mixin.py:188} INFO - [2024-04-04T00:09:07.296+0000] {dag.py:3047} INFO - Sync 1 DAGs
[2024-04-04T00:09:07.307+0000] {logging_mixin.py:188} INFO - [2024-04-04T00:09:07.307+0000] {dag.py:3834} INFO - Setting next_dagrun for tutorial_taskflow_api to None, run_after=None
[2024-04-04T00:09:07.329+0000] {processor.py:183} INFO - Processing /home/datatalks_jan/anaconda3/lib/python3.11/site-packages/airflow/example_dags/tutorial_taskflow_api.py took 0.284 seconds
[2024-04-04T00:10:01.194+0000] {processor.py:161} INFO - Started process (PID=100878) to work on /home/datatalks_jan/anaconda3/lib/python3.11/site-packages/airflow/example_dags/tutorial_taskflow_api.py
[2024-04-04T00:10:01.196+0000] {processor.py:830} INFO - Processing file /home/datatalks_jan/anaconda3/lib/python3.11/site-packages/airflow/example_dags/tutorial_taskflow_api.py for tasks to queue
[2024-04-04T00:10:01.198+0000] {logging_mixin.py:188} INFO - [2024-04-04T00:10:01.197+0000] {dagbag.py:540} INFO - Filling up the DagBag from /home/datatalks_jan/anaconda3/lib/python3.11/site-packages/airflow/example_dags/tutorial_taskflow_api.py
[2024-04-04T00:10:01.213+0000] {processor.py:840} INFO - DAG(s) 'tutorial_taskflow_api' retrieved from /home/datatalks_jan/anaconda3/lib/python3.11/site-packages/airflow/example_dags/tutorial_taskflow_api.py
[2024-04-04T00:10:01.240+0000] {logging_mixin.py:188} INFO - [2024-04-04T00:10:01.240+0000] {dag.py:3047} INFO - Sync 1 DAGs
[2024-04-04T00:10:01.262+0000] {logging_mixin.py:188} INFO - [2024-04-04T00:10:01.262+0000] {dag.py:3834} INFO - Setting next_dagrun for tutorial_taskflow_api to None, run_after=None
[2024-04-04T00:10:01.372+0000] {processor.py:183} INFO - Processing /home/datatalks_jan/anaconda3/lib/python3.11/site-packages/airflow/example_dags/tutorial_taskflow_api.py took 0.184 seconds
[2024-04-04T00:10:58.026+0000] {processor.py:161} INFO - Started process (PID=101390) to work on /home/datatalks_jan/anaconda3/lib/python3.11/site-packages/airflow/example_dags/tutorial_taskflow_api.py
[2024-04-04T00:10:58.029+0000] {processor.py:830} INFO - Processing file /home/datatalks_jan/anaconda3/lib/python3.11/site-packages/airflow/example_dags/tutorial_taskflow_api.py for tasks to queue
[2024-04-04T00:10:58.030+0000] {logging_mixin.py:188} INFO - [2024-04-04T00:10:58.029+0000] {dagbag.py:540} INFO - Filling up the DagBag from /home/datatalks_jan/anaconda3/lib/python3.11/site-packages/airflow/example_dags/tutorial_taskflow_api.py
[2024-04-04T00:10:58.043+0000] {processor.py:840} INFO - DAG(s) 'tutorial_taskflow_api' retrieved from /home/datatalks_jan/anaconda3/lib/python3.11/site-packages/airflow/example_dags/tutorial_taskflow_api.py
[2024-04-04T00:10:58.065+0000] {logging_mixin.py:188} INFO - [2024-04-04T00:10:58.065+0000] {dag.py:3047} INFO - Sync 1 DAGs
[2024-04-04T00:10:58.080+0000] {logging_mixin.py:188} INFO - [2024-04-04T00:10:58.080+0000] {dag.py:3834} INFO - Setting next_dagrun for tutorial_taskflow_api to None, run_after=None
[2024-04-04T00:10:58.108+0000] {processor.py:183} INFO - Processing /home/datatalks_jan/anaconda3/lib/python3.11/site-packages/airflow/example_dags/tutorial_taskflow_api.py took 0.087 seconds
[2024-04-04T00:11:46.308+0000] {processor.py:161} INFO - Started process (PID=101722) to work on /home/datatalks_jan/anaconda3/lib/python3.11/site-packages/airflow/example_dags/tutorial_taskflow_api.py
[2024-04-04T00:11:46.310+0000] {processor.py:830} INFO - Processing file /home/datatalks_jan/anaconda3/lib/python3.11/site-packages/airflow/example_dags/tutorial_taskflow_api.py for tasks to queue
[2024-04-04T00:11:46.311+0000] {logging_mixin.py:188} INFO - [2024-04-04T00:11:46.311+0000] {dagbag.py:540} INFO - Filling up the DagBag from /home/datatalks_jan/anaconda3/lib/python3.11/site-packages/airflow/example_dags/tutorial_taskflow_api.py
[2024-04-04T00:11:46.325+0000] {processor.py:840} INFO - DAG(s) 'tutorial_taskflow_api' retrieved from /home/datatalks_jan/anaconda3/lib/python3.11/site-packages/airflow/example_dags/tutorial_taskflow_api.py
[2024-04-04T00:11:46.348+0000] {logging_mixin.py:188} INFO - [2024-04-04T00:11:46.348+0000] {dag.py:3047} INFO - Sync 1 DAGs
[2024-04-04T00:11:46.362+0000] {logging_mixin.py:188} INFO - [2024-04-04T00:11:46.362+0000] {dag.py:3834} INFO - Setting next_dagrun for tutorial_taskflow_api to None, run_after=None
[2024-04-04T00:11:46.389+0000] {processor.py:183} INFO - Processing /home/datatalks_jan/anaconda3/lib/python3.11/site-packages/airflow/example_dags/tutorial_taskflow_api.py took 0.086 seconds
[2024-04-04T00:12:34.233+0000] {processor.py:161} INFO - Started process (PID=102068) to work on /home/datatalks_jan/anaconda3/lib/python3.11/site-packages/airflow/example_dags/tutorial_taskflow_api.py
[2024-04-04T00:12:34.236+0000] {processor.py:830} INFO - Processing file /home/datatalks_jan/anaconda3/lib/python3.11/site-packages/airflow/example_dags/tutorial_taskflow_api.py for tasks to queue
[2024-04-04T00:12:34.237+0000] {logging_mixin.py:188} INFO - [2024-04-04T00:12:34.237+0000] {dagbag.py:540} INFO - Filling up the DagBag from /home/datatalks_jan/anaconda3/lib/python3.11/site-packages/airflow/example_dags/tutorial_taskflow_api.py
[2024-04-04T00:12:34.250+0000] {processor.py:840} INFO - DAG(s) 'tutorial_taskflow_api' retrieved from /home/datatalks_jan/anaconda3/lib/python3.11/site-packages/airflow/example_dags/tutorial_taskflow_api.py
[2024-04-04T00:12:34.273+0000] {logging_mixin.py:188} INFO - [2024-04-04T00:12:34.273+0000] {dag.py:3047} INFO - Sync 1 DAGs
[2024-04-04T00:12:34.287+0000] {logging_mixin.py:188} INFO - [2024-04-04T00:12:34.286+0000] {dag.py:3834} INFO - Setting next_dagrun for tutorial_taskflow_api to None, run_after=None
[2024-04-04T00:12:34.314+0000] {processor.py:183} INFO - Processing /home/datatalks_jan/anaconda3/lib/python3.11/site-packages/airflow/example_dags/tutorial_taskflow_api.py took 0.086 seconds
