[2024-04-03T20:46:07.379+0000] {processor.py:161} INFO - Started process (PID=82521) to work on /home/datatalks_jan/anaconda3/lib/python3.11/site-packages/airflow/example_dags/plugins/event_listener.py
[2024-04-03T20:46:07.380+0000] {processor.py:830} INFO - Processing file /home/datatalks_jan/anaconda3/lib/python3.11/site-packages/airflow/example_dags/plugins/event_listener.py for tasks to queue
[2024-04-03T20:46:07.382+0000] {logging_mixin.py:188} INFO - [2024-04-03T20:46:07.381+0000] {dagbag.py:540} INFO - Filling up the DagBag from /home/datatalks_jan/anaconda3/lib/python3.11/site-packages/airflow/example_dags/plugins/event_listener.py
[2024-04-03T20:46:07.386+0000] {processor.py:842} WARNING - No viable dags retrieved from /home/datatalks_jan/anaconda3/lib/python3.11/site-packages/airflow/example_dags/plugins/event_listener.py
[2024-04-03T20:46:07.406+0000] {processor.py:183} INFO - Processing /home/datatalks_jan/anaconda3/lib/python3.11/site-packages/airflow/example_dags/plugins/event_listener.py took 0.033 seconds
[2024-04-03T20:47:23.507+0000] {processor.py:161} INFO - Started process (PID=83084) to work on /home/datatalks_jan/anaconda3/lib/python3.11/site-packages/airflow/example_dags/plugins/event_listener.py
[2024-04-03T20:47:23.510+0000] {processor.py:830} INFO - Processing file /home/datatalks_jan/anaconda3/lib/python3.11/site-packages/airflow/example_dags/plugins/event_listener.py for tasks to queue
[2024-04-03T20:47:23.512+0000] {logging_mixin.py:188} INFO - [2024-04-03T20:47:23.511+0000] {dagbag.py:540} INFO - Filling up the DagBag from /home/datatalks_jan/anaconda3/lib/python3.11/site-packages/airflow/example_dags/plugins/event_listener.py
[2024-04-03T20:47:23.516+0000] {processor.py:842} WARNING - No viable dags retrieved from /home/datatalks_jan/anaconda3/lib/python3.11/site-packages/airflow/example_dags/plugins/event_listener.py
[2024-04-03T20:47:23.535+0000] {processor.py:183} INFO - Processing /home/datatalks_jan/anaconda3/lib/python3.11/site-packages/airflow/example_dags/plugins/event_listener.py took 0.034 seconds
[2024-04-03T20:48:24.353+0000] {processor.py:161} INFO - Started process (PID=83300) to work on /home/datatalks_jan/anaconda3/lib/python3.11/site-packages/airflow/example_dags/plugins/event_listener.py
[2024-04-03T20:48:24.357+0000] {processor.py:830} INFO - Processing file /home/datatalks_jan/anaconda3/lib/python3.11/site-packages/airflow/example_dags/plugins/event_listener.py for tasks to queue
[2024-04-03T20:48:24.358+0000] {logging_mixin.py:188} INFO - [2024-04-03T20:48:24.358+0000] {dagbag.py:540} INFO - Filling up the DagBag from /home/datatalks_jan/anaconda3/lib/python3.11/site-packages/airflow/example_dags/plugins/event_listener.py
[2024-04-03T20:48:24.363+0000] {processor.py:842} WARNING - No viable dags retrieved from /home/datatalks_jan/anaconda3/lib/python3.11/site-packages/airflow/example_dags/plugins/event_listener.py
[2024-04-03T20:48:24.383+0000] {processor.py:183} INFO - Processing /home/datatalks_jan/anaconda3/lib/python3.11/site-packages/airflow/example_dags/plugins/event_listener.py took 0.036 seconds
[2024-04-03T20:49:27.061+0000] {processor.py:161} INFO - Started process (PID=83640) to work on /home/datatalks_jan/anaconda3/lib/python3.11/site-packages/airflow/example_dags/plugins/event_listener.py
[2024-04-03T20:49:27.064+0000] {processor.py:830} INFO - Processing file /home/datatalks_jan/anaconda3/lib/python3.11/site-packages/airflow/example_dags/plugins/event_listener.py for tasks to queue
[2024-04-03T20:49:27.065+0000] {logging_mixin.py:188} INFO - [2024-04-03T20:49:27.064+0000] {dagbag.py:540} INFO - Filling up the DagBag from /home/datatalks_jan/anaconda3/lib/python3.11/site-packages/airflow/example_dags/plugins/event_listener.py
[2024-04-03T20:49:27.069+0000] {processor.py:842} WARNING - No viable dags retrieved from /home/datatalks_jan/anaconda3/lib/python3.11/site-packages/airflow/example_dags/plugins/event_listener.py
[2024-04-03T20:49:27.089+0000] {processor.py:183} INFO - Processing /home/datatalks_jan/anaconda3/lib/python3.11/site-packages/airflow/example_dags/plugins/event_listener.py took 0.034 seconds
[2024-04-03T20:50:30.791+0000] {processor.py:161} INFO - Started process (PID=83850) to work on /home/datatalks_jan/anaconda3/lib/python3.11/site-packages/airflow/example_dags/plugins/event_listener.py
[2024-04-03T20:50:30.793+0000] {processor.py:830} INFO - Processing file /home/datatalks_jan/anaconda3/lib/python3.11/site-packages/airflow/example_dags/plugins/event_listener.py for tasks to queue
[2024-04-03T20:50:30.794+0000] {logging_mixin.py:188} INFO - [2024-04-03T20:50:30.794+0000] {dagbag.py:540} INFO - Filling up the DagBag from /home/datatalks_jan/anaconda3/lib/python3.11/site-packages/airflow/example_dags/plugins/event_listener.py
[2024-04-03T20:50:30.798+0000] {processor.py:842} WARNING - No viable dags retrieved from /home/datatalks_jan/anaconda3/lib/python3.11/site-packages/airflow/example_dags/plugins/event_listener.py
[2024-04-03T20:50:30.815+0000] {processor.py:183} INFO - Processing /home/datatalks_jan/anaconda3/lib/python3.11/site-packages/airflow/example_dags/plugins/event_listener.py took 0.030 seconds
