[2024-04-03T20:46:07.133+0000] {processor.py:161} INFO - Started process (PID=82520) to work on /home/datatalks_jan/anaconda3/lib/python3.11/site-packages/airflow/example_dags/plugins/listener_plugin.py
[2024-04-03T20:46:07.134+0000] {processor.py:830} INFO - Processing file /home/datatalks_jan/anaconda3/lib/python3.11/site-packages/airflow/example_dags/plugins/listener_plugin.py for tasks to queue
[2024-04-03T20:46:07.136+0000] {logging_mixin.py:188} INFO - [2024-04-03T20:46:07.135+0000] {dagbag.py:540} INFO - Filling up the DagBag from /home/datatalks_jan/anaconda3/lib/python3.11/site-packages/airflow/example_dags/plugins/listener_plugin.py
[2024-04-03T20:46:07.140+0000] {processor.py:842} WARNING - No viable dags retrieved from /home/datatalks_jan/anaconda3/lib/python3.11/site-packages/airflow/example_dags/plugins/listener_plugin.py
[2024-04-03T20:46:07.160+0000] {processor.py:183} INFO - Processing /home/datatalks_jan/anaconda3/lib/python3.11/site-packages/airflow/example_dags/plugins/listener_plugin.py took 0.032 seconds
[2024-04-03T20:47:22.359+0000] {processor.py:161} INFO - Started process (PID=83083) to work on /home/datatalks_jan/anaconda3/lib/python3.11/site-packages/airflow/example_dags/plugins/listener_plugin.py
[2024-04-03T20:47:22.364+0000] {processor.py:830} INFO - Processing file /home/datatalks_jan/anaconda3/lib/python3.11/site-packages/airflow/example_dags/plugins/listener_plugin.py for tasks to queue
[2024-04-03T20:47:22.365+0000] {logging_mixin.py:188} INFO - [2024-04-03T20:47:22.364+0000] {dagbag.py:540} INFO - Filling up the DagBag from /home/datatalks_jan/anaconda3/lib/python3.11/site-packages/airflow/example_dags/plugins/listener_plugin.py
[2024-04-03T20:47:22.369+0000] {processor.py:842} WARNING - No viable dags retrieved from /home/datatalks_jan/anaconda3/lib/python3.11/site-packages/airflow/example_dags/plugins/listener_plugin.py
[2024-04-03T20:47:22.388+0000] {processor.py:183} INFO - Processing /home/datatalks_jan/anaconda3/lib/python3.11/site-packages/airflow/example_dags/plugins/listener_plugin.py took 0.034 seconds
[2024-04-03T20:48:23.191+0000] {processor.py:161} INFO - Started process (PID=83299) to work on /home/datatalks_jan/anaconda3/lib/python3.11/site-packages/airflow/example_dags/plugins/listener_plugin.py
[2024-04-03T20:48:23.194+0000] {processor.py:830} INFO - Processing file /home/datatalks_jan/anaconda3/lib/python3.11/site-packages/airflow/example_dags/plugins/listener_plugin.py for tasks to queue
[2024-04-03T20:48:23.195+0000] {logging_mixin.py:188} INFO - [2024-04-03T20:48:23.194+0000] {dagbag.py:540} INFO - Filling up the DagBag from /home/datatalks_jan/anaconda3/lib/python3.11/site-packages/airflow/example_dags/plugins/listener_plugin.py
[2024-04-03T20:48:23.200+0000] {processor.py:842} WARNING - No viable dags retrieved from /home/datatalks_jan/anaconda3/lib/python3.11/site-packages/airflow/example_dags/plugins/listener_plugin.py
[2024-04-03T20:48:23.219+0000] {processor.py:183} INFO - Processing /home/datatalks_jan/anaconda3/lib/python3.11/site-packages/airflow/example_dags/plugins/listener_plugin.py took 0.034 seconds
[2024-04-03T20:49:25.902+0000] {processor.py:161} INFO - Started process (PID=83639) to work on /home/datatalks_jan/anaconda3/lib/python3.11/site-packages/airflow/example_dags/plugins/listener_plugin.py
[2024-04-03T20:49:25.904+0000] {processor.py:830} INFO - Processing file /home/datatalks_jan/anaconda3/lib/python3.11/site-packages/airflow/example_dags/plugins/listener_plugin.py for tasks to queue
[2024-04-03T20:49:25.906+0000] {logging_mixin.py:188} INFO - [2024-04-03T20:49:25.905+0000] {dagbag.py:540} INFO - Filling up the DagBag from /home/datatalks_jan/anaconda3/lib/python3.11/site-packages/airflow/example_dags/plugins/listener_plugin.py
[2024-04-03T20:49:25.910+0000] {processor.py:842} WARNING - No viable dags retrieved from /home/datatalks_jan/anaconda3/lib/python3.11/site-packages/airflow/example_dags/plugins/listener_plugin.py
[2024-04-03T20:49:25.930+0000] {processor.py:183} INFO - Processing /home/datatalks_jan/anaconda3/lib/python3.11/site-packages/airflow/example_dags/plugins/listener_plugin.py took 0.034 seconds
[2024-04-03T20:50:29.635+0000] {processor.py:161} INFO - Started process (PID=83849) to work on /home/datatalks_jan/anaconda3/lib/python3.11/site-packages/airflow/example_dags/plugins/listener_plugin.py
[2024-04-03T20:50:29.637+0000] {processor.py:830} INFO - Processing file /home/datatalks_jan/anaconda3/lib/python3.11/site-packages/airflow/example_dags/plugins/listener_plugin.py for tasks to queue
[2024-04-03T20:50:29.638+0000] {logging_mixin.py:188} INFO - [2024-04-03T20:50:29.638+0000] {dagbag.py:540} INFO - Filling up the DagBag from /home/datatalks_jan/anaconda3/lib/python3.11/site-packages/airflow/example_dags/plugins/listener_plugin.py
[2024-04-03T20:50:29.643+0000] {processor.py:842} WARNING - No viable dags retrieved from /home/datatalks_jan/anaconda3/lib/python3.11/site-packages/airflow/example_dags/plugins/listener_plugin.py
[2024-04-03T20:50:29.662+0000] {processor.py:183} INFO - Processing /home/datatalks_jan/anaconda3/lib/python3.11/site-packages/airflow/example_dags/plugins/listener_plugin.py took 0.032 seconds
