[2024-04-03T20:46:06.044+0000] {processor.py:161} INFO - Started process (PID=82516) to work on /home/datatalks_jan/anaconda3/lib/python3.11/site-packages/airflow/example_dags/plugins/workday.py
[2024-04-03T20:46:06.046+0000] {processor.py:830} INFO - Processing file /home/datatalks_jan/anaconda3/lib/python3.11/site-packages/airflow/example_dags/plugins/workday.py for tasks to queue
[2024-04-03T20:46:06.047+0000] {logging_mixin.py:188} INFO - [2024-04-03T20:46:06.046+0000] {dagbag.py:540} INFO - Filling up the DagBag from /home/datatalks_jan/anaconda3/lib/python3.11/site-packages/airflow/example_dags/plugins/workday.py
[2024-04-03T20:46:06.180+0000] {logging_mixin.py:188} INFO - [2024-04-03T20:46:06.179+0000] {utils.py:160} INFO - NumExpr defaulting to 2 threads.
[2024-04-03T20:46:06.671+0000] {processor.py:842} WARNING - No viable dags retrieved from /home/datatalks_jan/anaconda3/lib/python3.11/site-packages/airflow/example_dags/plugins/workday.py
[2024-04-03T20:46:06.680+0000] {processor.py:183} INFO - Processing /home/datatalks_jan/anaconda3/lib/python3.11/site-packages/airflow/example_dags/plugins/workday.py took 0.641 seconds
[2024-04-03T20:47:20.612+0000] {processor.py:161} INFO - Started process (PID=83079) to work on /home/datatalks_jan/anaconda3/lib/python3.11/site-packages/airflow/example_dags/plugins/workday.py
[2024-04-03T20:47:20.614+0000] {processor.py:830} INFO - Processing file /home/datatalks_jan/anaconda3/lib/python3.11/site-packages/airflow/example_dags/plugins/workday.py for tasks to queue
[2024-04-03T20:47:20.616+0000] {logging_mixin.py:188} INFO - [2024-04-03T20:47:20.615+0000] {dagbag.py:540} INFO - Filling up the DagBag from /home/datatalks_jan/anaconda3/lib/python3.11/site-packages/airflow/example_dags/plugins/workday.py
[2024-04-03T20:47:21.032+0000] {logging_mixin.py:188} INFO - [2024-04-03T20:47:21.032+0000] {utils.py:160} INFO - NumExpr defaulting to 2 threads.
[2024-04-03T20:47:21.266+0000] {processor.py:842} WARNING - No viable dags retrieved from /home/datatalks_jan/anaconda3/lib/python3.11/site-packages/airflow/example_dags/plugins/workday.py
[2024-04-03T20:47:21.275+0000] {processor.py:183} INFO - Processing /home/datatalks_jan/anaconda3/lib/python3.11/site-packages/airflow/example_dags/plugins/workday.py took 0.669 seconds
[2024-04-03T20:48:21.439+0000] {processor.py:161} INFO - Started process (PID=83295) to work on /home/datatalks_jan/anaconda3/lib/python3.11/site-packages/airflow/example_dags/plugins/workday.py
[2024-04-03T20:48:21.442+0000] {processor.py:830} INFO - Processing file /home/datatalks_jan/anaconda3/lib/python3.11/site-packages/airflow/example_dags/plugins/workday.py for tasks to queue
[2024-04-03T20:48:21.443+0000] {logging_mixin.py:188} INFO - [2024-04-03T20:48:21.442+0000] {dagbag.py:540} INFO - Filling up the DagBag from /home/datatalks_jan/anaconda3/lib/python3.11/site-packages/airflow/example_dags/plugins/workday.py
[2024-04-03T20:48:21.861+0000] {logging_mixin.py:188} INFO - [2024-04-03T20:48:21.861+0000] {utils.py:160} INFO - NumExpr defaulting to 2 threads.
[2024-04-03T20:48:22.096+0000] {processor.py:842} WARNING - No viable dags retrieved from /home/datatalks_jan/anaconda3/lib/python3.11/site-packages/airflow/example_dags/plugins/workday.py
[2024-04-03T20:48:22.105+0000] {processor.py:183} INFO - Processing /home/datatalks_jan/anaconda3/lib/python3.11/site-packages/airflow/example_dags/plugins/workday.py took 0.671 seconds
[2024-04-03T20:49:24.390+0000] {processor.py:161} INFO - Started process (PID=83635) to work on /home/datatalks_jan/anaconda3/lib/python3.11/site-packages/airflow/example_dags/plugins/workday.py
[2024-04-03T20:49:24.393+0000] {processor.py:830} INFO - Processing file /home/datatalks_jan/anaconda3/lib/python3.11/site-packages/airflow/example_dags/plugins/workday.py for tasks to queue
[2024-04-03T20:49:24.395+0000] {logging_mixin.py:188} INFO - [2024-04-03T20:49:24.394+0000] {dagbag.py:540} INFO - Filling up the DagBag from /home/datatalks_jan/anaconda3/lib/python3.11/site-packages/airflow/example_dags/plugins/workday.py
[2024-04-03T20:49:24.804+0000] {logging_mixin.py:188} INFO - [2024-04-03T20:49:24.803+0000] {utils.py:160} INFO - NumExpr defaulting to 2 threads.
[2024-04-03T20:49:25.032+0000] {processor.py:842} WARNING - No viable dags retrieved from /home/datatalks_jan/anaconda3/lib/python3.11/site-packages/airflow/example_dags/plugins/workday.py
[2024-04-03T20:49:25.041+0000] {processor.py:183} INFO - Processing /home/datatalks_jan/anaconda3/lib/python3.11/site-packages/airflow/example_dags/plugins/workday.py took 0.656 seconds
[2024-04-03T20:50:28.734+0000] {processor.py:161} INFO - Started process (PID=83845) to work on /home/datatalks_jan/anaconda3/lib/python3.11/site-packages/airflow/example_dags/plugins/workday.py
[2024-04-03T20:50:28.737+0000] {processor.py:830} INFO - Processing file /home/datatalks_jan/anaconda3/lib/python3.11/site-packages/airflow/example_dags/plugins/workday.py for tasks to queue
[2024-04-03T20:50:28.738+0000] {logging_mixin.py:188} INFO - [2024-04-03T20:50:28.737+0000] {dagbag.py:540} INFO - Filling up the DagBag from /home/datatalks_jan/anaconda3/lib/python3.11/site-packages/airflow/example_dags/plugins/workday.py
[2024-04-03T20:50:28.885+0000] {logging_mixin.py:188} INFO - [2024-04-03T20:50:28.885+0000] {utils.py:160} INFO - NumExpr defaulting to 2 threads.
[2024-04-03T20:50:29.116+0000] {processor.py:842} WARNING - No viable dags retrieved from /home/datatalks_jan/anaconda3/lib/python3.11/site-packages/airflow/example_dags/plugins/workday.py
[2024-04-03T20:50:29.129+0000] {processor.py:183} INFO - Processing /home/datatalks_jan/anaconda3/lib/python3.11/site-packages/airflow/example_dags/plugins/workday.py took 0.401 seconds
